[2024-02-27T17:40:48.573+0000] {taskinstance.py:1956} INFO - Dependencies all met for dep_context=non-requeueable deps ti=<TaskInstance: run_main.run_main_script manual__2024-02-27T17:40:47.715397+00:00 [queued]>
[2024-02-27T17:40:48.604+0000] {taskinstance.py:1956} INFO - Dependencies all met for dep_context=requeueable deps ti=<TaskInstance: run_main.run_main_script manual__2024-02-27T17:40:47.715397+00:00 [queued]>
[2024-02-27T17:40:48.605+0000] {taskinstance.py:2170} INFO - Starting attempt 1 of 2
[2024-02-27T17:40:48.659+0000] {taskinstance.py:2191} INFO - Executing <Task(PythonOperator): run_main_script> on 2024-02-27 17:40:47.715397+00:00
[2024-02-27T17:40:48.668+0000] {standard_task_runner.py:60} INFO - Started process 480 to run task
[2024-02-27T17:40:48.680+0000] {standard_task_runner.py:87} INFO - Running: ['***', 'tasks', 'run', 'run_main', 'run_main_script', 'manual__2024-02-27T17:40:47.715397+00:00', '--job-id', '16', '--raw', '--subdir', 'DAGS_FOLDER/run_main.py', '--cfg-path', '/tmp/tmp6ufbmqqw']
[2024-02-27T17:40:48.685+0000] {standard_task_runner.py:88} INFO - Job 16: Subtask run_main_script
[2024-02-27T17:40:48.746+0000] {logging_mixin.py:188} WARNING - /home/***/.local/lib/python3.9/site-packages/***/settings.py:194 DeprecationWarning: The sql_alchemy_conn option in [core] has been moved to the sql_alchemy_conn option in [database] - the old setting has been used, but please update your config.
[2024-02-27T17:40:48.854+0000] {task_command.py:423} INFO - Running <TaskInstance: run_main.run_main_script manual__2024-02-27T17:40:47.715397+00:00 [running]> on host dc4ac1cc2c54
[2024-02-27T17:40:49.176+0000] {taskinstance.py:2480} INFO - Exporting env vars: AIRFLOW_CTX_DAG_OWNER='Patricia' AIRFLOW_CTX_DAG_ID='run_main' AIRFLOW_CTX_TASK_ID='run_main_script' AIRFLOW_CTX_EXECUTION_DATE='2024-02-27T17:40:47.715397+00:00' AIRFLOW_CTX_TRY_NUMBER='1' AIRFLOW_CTX_DAG_RUN_ID='manual__2024-02-27T17:40:47.715397+00:00'
[2024-02-27T17:40:49.187+0000] {taskinstance.py:2698} ERROR - Task failed with exception
Traceback (most recent call last):
  File "/home/airflow/.local/lib/python3.9/site-packages/airflow/models/taskinstance.py", line 433, in _execute_task
    result = execute_callable(context=context, **execute_callable_kwargs)
  File "/home/airflow/.local/lib/python3.9/site-packages/airflow/operators/python.py", line 199, in execute
    return_value = self.execute_callable()
  File "/home/airflow/.local/lib/python3.9/site-packages/airflow/operators/python.py", line 216, in execute_callable
    return self.python_callable(*self.op_args, **self.op_kwargs)
  File "/opt/airflow/dags/run_main.py", line 35, in run_main_py
    sys.path.insert(0, '/opt/airflow/Chicago_Crime')  # Ajoutez le chemin du projet
NameError: name 'sys' is not defined
[2024-02-27T17:40:49.220+0000] {taskinstance.py:1138} INFO - Marking task as UP_FOR_RETRY. dag_id=run_main, task_id=run_main_script, execution_date=20240227T174047, start_date=20240227T174048, end_date=20240227T174049
[2024-02-27T17:40:49.262+0000] {standard_task_runner.py:107} ERROR - Failed to execute job 16 for task run_main_script (name 'sys' is not defined; 480)
[2024-02-27T17:40:49.280+0000] {local_task_job_runner.py:234} INFO - Task exited with return code 1
[2024-02-27T17:40:49.397+0000] {taskinstance.py:3280} INFO - 0 downstream tasks scheduled from follow-on schedule check
