[2024-02-22T14:20:37.813+0000] {taskinstance.py:1956} INFO - Dependencies all met for dep_context=non-requeueable deps ti=<TaskInstance: update_chicago_crime_data.update_crime_data_task manual__2024-02-22T14:20:34.134242+00:00 [queued]>
[2024-02-22T14:20:37.831+0000] {taskinstance.py:1956} INFO - Dependencies all met for dep_context=requeueable deps ti=<TaskInstance: update_chicago_crime_data.update_crime_data_task manual__2024-02-22T14:20:34.134242+00:00 [queued]>
[2024-02-22T14:20:37.831+0000] {taskinstance.py:2170} INFO - Starting attempt 1 of 2
[2024-02-22T14:20:37.862+0000] {taskinstance.py:2191} INFO - Executing <Task(PythonOperator): update_crime_data_task> on 2024-02-22 14:20:34.134242+00:00
[2024-02-22T14:20:37.867+0000] {standard_task_runner.py:60} INFO - Started process 409 to run task
[2024-02-22T14:20:37.871+0000] {standard_task_runner.py:87} INFO - Running: ['***', 'tasks', 'run', 'update_chicago_crime_data', 'update_crime_data_task', 'manual__2024-02-22T14:20:34.134242+00:00', '--job-id', '74', '--raw', '--subdir', 'DAGS_FOLDER/update_data.py', '--cfg-path', '/tmp/tmp0uvn3bqu']
[2024-02-22T14:20:37.876+0000] {standard_task_runner.py:88} INFO - Job 74: Subtask update_crime_data_task
[2024-02-22T14:20:37.943+0000] {task_command.py:423} INFO - Running <TaskInstance: update_chicago_crime_data.update_crime_data_task manual__2024-02-22T14:20:34.134242+00:00 [running]> on host d31de7708c42
[2024-02-22T14:20:38.066+0000] {taskinstance.py:2480} INFO - Exporting env vars: AIRFLOW_CTX_DAG_OWNER='Patricia' AIRFLOW_CTX_DAG_ID='update_chicago_crime_data' AIRFLOW_CTX_TASK_ID='update_crime_data_task' AIRFLOW_CTX_EXECUTION_DATE='2024-02-22T14:20:34.134242+00:00' AIRFLOW_CTX_TRY_NUMBER='1' AIRFLOW_CTX_DAG_RUN_ID='manual__2024-02-22T14:20:34.134242+00:00'
[2024-02-22T14:20:38.482+0000] {__init__.py:531} WARNING - Matplotlib created a temporary cache directory at /tmp/matplotlib-6pw8p0c7 because the default path (/home/airflow/.cache/matplotlib) is not a writable directory; it is highly recommended to set the MPLCONFIGDIR environment variable to a writable directory, in particular to speed up the import of Matplotlib and to better support multiprocessing.
[2024-02-22T14:20:39.194+0000] {font_manager.py:1547} INFO - generated new fontManager
[2024-02-22T14:20:40.795+0000] {taskinstance.py:2698} ERROR - Task failed with exception
Traceback (most recent call last):
  File "/home/airflow/.local/lib/python3.8/site-packages/airflow/models/taskinstance.py", line 433, in _execute_task
    result = execute_callable(context=context, **execute_callable_kwargs)
  File "/home/airflow/.local/lib/python3.8/site-packages/airflow/operators/python.py", line 199, in execute
    return_value = self.execute_callable()
  File "/home/airflow/.local/lib/python3.8/site-packages/airflow/operators/python.py", line 216, in execute_callable
    return self.python_callable(*self.op_args, **self.op_kwargs)
  File "/opt/airflow/dags/update_data.py", line 36, in task_update_crime_data
    from chicago_crime_predictor import update_crime_data
ImportError: cannot import name 'update_crime_data' from 'chicago_crime_predictor' (/opt/airflow/src/chicago_crime_predictor.py)
[2024-02-22T14:20:40.807+0000] {taskinstance.py:1138} INFO - Marking task as UP_FOR_RETRY. dag_id=update_chicago_crime_data, task_id=update_crime_data_task, execution_date=20240222T142034, start_date=20240222T142037, end_date=20240222T142040
[2024-02-22T14:20:40.826+0000] {standard_task_runner.py:107} ERROR - Failed to execute job 74 for task update_crime_data_task (cannot import name 'update_crime_data' from 'chicago_crime_predictor' (/opt/airflow/src/chicago_crime_predictor.py); 409)
[2024-02-22T14:20:40.853+0000] {local_task_job_runner.py:234} INFO - Task exited with return code 1
[2024-02-22T14:20:40.879+0000] {taskinstance.py:3280} INFO - 0 downstream tasks scheduled from follow-on schedule check
