[2024-02-23T16:33:15.274+0000] {processor.py:161} INFO - Started process (PID=53) to work on /home/airflow/.local/lib/python3.8/site-packages/airflow/example_dags/example_branch_labels.py
[2024-02-23T16:33:15.275+0000] {processor.py:830} INFO - Processing file /home/airflow/.local/lib/python3.8/site-packages/airflow/example_dags/example_branch_labels.py for tasks to queue
[2024-02-23T16:33:15.278+0000] {logging_mixin.py:188} INFO - [2024-02-23T16:33:15.278+0000] {dagbag.py:538} INFO - Filling up the DagBag from /home/airflow/.local/lib/python3.8/site-packages/airflow/example_dags/example_branch_labels.py
[2024-02-23T16:33:15.315+0000] {processor.py:840} INFO - DAG(s) 'example_branch_labels' retrieved from /home/airflow/.local/lib/python3.8/site-packages/airflow/example_dags/example_branch_labels.py
[2024-02-23T16:33:15.709+0000] {logging_mixin.py:188} INFO - [2024-02-23T16:33:15.708+0000] {dag.py:3036} INFO - Sync 1 DAGs
[2024-02-23T16:33:15.796+0000] {logging_mixin.py:188} INFO - [2024-02-23T16:33:15.796+0000] {dag.py:3823} INFO - Setting next_dagrun for example_branch_labels to 2024-02-22 00:00:00+00:00, run_after=2024-02-23 00:00:00+00:00
[2024-02-23T16:33:15.876+0000] {processor.py:183} INFO - Processing /home/airflow/.local/lib/python3.8/site-packages/airflow/example_dags/example_branch_labels.py took 0.611 seconds
[2024-02-23T16:33:46.090+0000] {processor.py:161} INFO - Started process (PID=110) to work on /home/airflow/.local/lib/python3.8/site-packages/airflow/example_dags/example_branch_labels.py
[2024-02-23T16:33:46.092+0000] {processor.py:830} INFO - Processing file /home/airflow/.local/lib/python3.8/site-packages/airflow/example_dags/example_branch_labels.py for tasks to queue
[2024-02-23T16:33:46.095+0000] {logging_mixin.py:188} INFO - [2024-02-23T16:33:46.094+0000] {dagbag.py:538} INFO - Filling up the DagBag from /home/airflow/.local/lib/python3.8/site-packages/airflow/example_dags/example_branch_labels.py
[2024-02-23T16:33:46.109+0000] {processor.py:840} INFO - DAG(s) 'example_branch_labels' retrieved from /home/airflow/.local/lib/python3.8/site-packages/airflow/example_dags/example_branch_labels.py
[2024-02-23T16:33:46.145+0000] {logging_mixin.py:188} INFO - [2024-02-23T16:33:46.144+0000] {dag.py:3036} INFO - Sync 1 DAGs
[2024-02-23T16:33:46.189+0000] {logging_mixin.py:188} INFO - [2024-02-23T16:33:46.188+0000] {dag.py:3823} INFO - Setting next_dagrun for example_branch_labels to 2024-02-22 00:00:00+00:00, run_after=2024-02-23 00:00:00+00:00
[2024-02-23T16:33:46.242+0000] {processor.py:183} INFO - Processing /home/airflow/.local/lib/python3.8/site-packages/airflow/example_dags/example_branch_labels.py took 0.157 seconds
[2024-02-23T16:34:16.406+0000] {processor.py:161} INFO - Started process (PID=167) to work on /home/airflow/.local/lib/python3.8/site-packages/airflow/example_dags/example_branch_labels.py
[2024-02-23T16:34:16.407+0000] {processor.py:830} INFO - Processing file /home/airflow/.local/lib/python3.8/site-packages/airflow/example_dags/example_branch_labels.py for tasks to queue
[2024-02-23T16:34:16.409+0000] {logging_mixin.py:188} INFO - [2024-02-23T16:34:16.409+0000] {dagbag.py:538} INFO - Filling up the DagBag from /home/airflow/.local/lib/python3.8/site-packages/airflow/example_dags/example_branch_labels.py
[2024-02-23T16:34:16.425+0000] {processor.py:840} INFO - DAG(s) 'example_branch_labels' retrieved from /home/airflow/.local/lib/python3.8/site-packages/airflow/example_dags/example_branch_labels.py
[2024-02-23T16:34:16.463+0000] {logging_mixin.py:188} INFO - [2024-02-23T16:34:16.463+0000] {dag.py:3036} INFO - Sync 1 DAGs
[2024-02-23T16:34:16.510+0000] {logging_mixin.py:188} INFO - [2024-02-23T16:34:16.509+0000] {dag.py:3823} INFO - Setting next_dagrun for example_branch_labels to 2024-02-22 00:00:00+00:00, run_after=2024-02-23 00:00:00+00:00
[2024-02-23T16:34:16.538+0000] {processor.py:183} INFO - Processing /home/airflow/.local/lib/python3.8/site-packages/airflow/example_dags/example_branch_labels.py took 0.137 seconds
[2024-02-23T16:34:46.723+0000] {processor.py:161} INFO - Started process (PID=224) to work on /home/airflow/.local/lib/python3.8/site-packages/airflow/example_dags/example_branch_labels.py
[2024-02-23T16:34:46.725+0000] {processor.py:830} INFO - Processing file /home/airflow/.local/lib/python3.8/site-packages/airflow/example_dags/example_branch_labels.py for tasks to queue
[2024-02-23T16:34:46.728+0000] {logging_mixin.py:188} INFO - [2024-02-23T16:34:46.728+0000] {dagbag.py:538} INFO - Filling up the DagBag from /home/airflow/.local/lib/python3.8/site-packages/airflow/example_dags/example_branch_labels.py
[2024-02-23T16:34:46.744+0000] {processor.py:840} INFO - DAG(s) 'example_branch_labels' retrieved from /home/airflow/.local/lib/python3.8/site-packages/airflow/example_dags/example_branch_labels.py
[2024-02-23T16:34:46.787+0000] {logging_mixin.py:188} INFO - [2024-02-23T16:34:46.787+0000] {dag.py:3036} INFO - Sync 1 DAGs
[2024-02-23T16:34:46.852+0000] {logging_mixin.py:188} INFO - [2024-02-23T16:34:46.850+0000] {dag.py:3823} INFO - Setting next_dagrun for example_branch_labels to 2024-02-22 00:00:00+00:00, run_after=2024-02-23 00:00:00+00:00
[2024-02-23T16:34:46.890+0000] {processor.py:183} INFO - Processing /home/airflow/.local/lib/python3.8/site-packages/airflow/example_dags/example_branch_labels.py took 0.173 seconds
[2024-02-23T16:35:17.490+0000] {processor.py:161} INFO - Started process (PID=281) to work on /home/airflow/.local/lib/python3.8/site-packages/airflow/example_dags/example_branch_labels.py
[2024-02-23T16:35:17.491+0000] {processor.py:830} INFO - Processing file /home/airflow/.local/lib/python3.8/site-packages/airflow/example_dags/example_branch_labels.py for tasks to queue
[2024-02-23T16:35:17.494+0000] {logging_mixin.py:188} INFO - [2024-02-23T16:35:17.493+0000] {dagbag.py:538} INFO - Filling up the DagBag from /home/airflow/.local/lib/python3.8/site-packages/airflow/example_dags/example_branch_labels.py
[2024-02-23T16:35:17.509+0000] {processor.py:840} INFO - DAG(s) 'example_branch_labels' retrieved from /home/airflow/.local/lib/python3.8/site-packages/airflow/example_dags/example_branch_labels.py
[2024-02-23T16:35:17.559+0000] {logging_mixin.py:188} INFO - [2024-02-23T16:35:17.559+0000] {dag.py:3036} INFO - Sync 1 DAGs
[2024-02-23T16:35:17.607+0000] {logging_mixin.py:188} INFO - [2024-02-23T16:35:17.607+0000] {dag.py:3823} INFO - Setting next_dagrun for example_branch_labels to 2024-02-22 00:00:00+00:00, run_after=2024-02-23 00:00:00+00:00
[2024-02-23T16:35:17.642+0000] {processor.py:183} INFO - Processing /home/airflow/.local/lib/python3.8/site-packages/airflow/example_dags/example_branch_labels.py took 0.158 seconds
[2024-02-23T16:35:47.746+0000] {processor.py:161} INFO - Started process (PID=339) to work on /home/airflow/.local/lib/python3.8/site-packages/airflow/example_dags/example_branch_labels.py
[2024-02-23T16:35:47.748+0000] {processor.py:830} INFO - Processing file /home/airflow/.local/lib/python3.8/site-packages/airflow/example_dags/example_branch_labels.py for tasks to queue
[2024-02-23T16:35:47.752+0000] {logging_mixin.py:188} INFO - [2024-02-23T16:35:47.751+0000] {dagbag.py:538} INFO - Filling up the DagBag from /home/airflow/.local/lib/python3.8/site-packages/airflow/example_dags/example_branch_labels.py
[2024-02-23T16:35:47.771+0000] {processor.py:840} INFO - DAG(s) 'example_branch_labels' retrieved from /home/airflow/.local/lib/python3.8/site-packages/airflow/example_dags/example_branch_labels.py
[2024-02-23T16:35:47.821+0000] {logging_mixin.py:188} INFO - [2024-02-23T16:35:47.821+0000] {dag.py:3036} INFO - Sync 1 DAGs
[2024-02-23T16:35:47.866+0000] {logging_mixin.py:188} INFO - [2024-02-23T16:35:47.866+0000] {dag.py:3823} INFO - Setting next_dagrun for example_branch_labels to 2024-02-22 00:00:00+00:00, run_after=2024-02-23 00:00:00+00:00
[2024-02-23T16:35:47.894+0000] {processor.py:183} INFO - Processing /home/airflow/.local/lib/python3.8/site-packages/airflow/example_dags/example_branch_labels.py took 0.155 seconds
[2024-02-23T16:36:18.122+0000] {processor.py:161} INFO - Started process (PID=396) to work on /home/airflow/.local/lib/python3.8/site-packages/airflow/example_dags/example_branch_labels.py
[2024-02-23T16:36:18.123+0000] {processor.py:830} INFO - Processing file /home/airflow/.local/lib/python3.8/site-packages/airflow/example_dags/example_branch_labels.py for tasks to queue
[2024-02-23T16:36:18.125+0000] {logging_mixin.py:188} INFO - [2024-02-23T16:36:18.125+0000] {dagbag.py:538} INFO - Filling up the DagBag from /home/airflow/.local/lib/python3.8/site-packages/airflow/example_dags/example_branch_labels.py
[2024-02-23T16:36:18.141+0000] {processor.py:840} INFO - DAG(s) 'example_branch_labels' retrieved from /home/airflow/.local/lib/python3.8/site-packages/airflow/example_dags/example_branch_labels.py
[2024-02-23T16:36:18.178+0000] {logging_mixin.py:188} INFO - [2024-02-23T16:36:18.177+0000] {dag.py:3036} INFO - Sync 1 DAGs
[2024-02-23T16:36:18.224+0000] {logging_mixin.py:188} INFO - [2024-02-23T16:36:18.223+0000] {dag.py:3823} INFO - Setting next_dagrun for example_branch_labels to 2024-02-22 00:00:00+00:00, run_after=2024-02-23 00:00:00+00:00
[2024-02-23T16:36:18.256+0000] {processor.py:183} INFO - Processing /home/airflow/.local/lib/python3.8/site-packages/airflow/example_dags/example_branch_labels.py took 0.140 seconds
[2024-02-23T16:36:48.955+0000] {processor.py:161} INFO - Started process (PID=453) to work on /home/airflow/.local/lib/python3.8/site-packages/airflow/example_dags/example_branch_labels.py
[2024-02-23T16:36:48.956+0000] {processor.py:830} INFO - Processing file /home/airflow/.local/lib/python3.8/site-packages/airflow/example_dags/example_branch_labels.py for tasks to queue
[2024-02-23T16:36:48.959+0000] {logging_mixin.py:188} INFO - [2024-02-23T16:36:48.958+0000] {dagbag.py:538} INFO - Filling up the DagBag from /home/airflow/.local/lib/python3.8/site-packages/airflow/example_dags/example_branch_labels.py
[2024-02-23T16:36:48.974+0000] {processor.py:840} INFO - DAG(s) 'example_branch_labels' retrieved from /home/airflow/.local/lib/python3.8/site-packages/airflow/example_dags/example_branch_labels.py
[2024-02-23T16:36:49.018+0000] {logging_mixin.py:188} INFO - [2024-02-23T16:36:49.018+0000] {dag.py:3036} INFO - Sync 1 DAGs
[2024-02-23T16:36:49.066+0000] {logging_mixin.py:188} INFO - [2024-02-23T16:36:49.066+0000] {dag.py:3823} INFO - Setting next_dagrun for example_branch_labels to 2024-02-22 00:00:00+00:00, run_after=2024-02-23 00:00:00+00:00
[2024-02-23T16:36:49.097+0000] {processor.py:183} INFO - Processing /home/airflow/.local/lib/python3.8/site-packages/airflow/example_dags/example_branch_labels.py took 0.148 seconds
[2024-02-23T16:37:20.285+0000] {processor.py:161} INFO - Started process (PID=510) to work on /home/airflow/.local/lib/python3.8/site-packages/airflow/example_dags/example_branch_labels.py
[2024-02-23T16:37:20.286+0000] {processor.py:830} INFO - Processing file /home/airflow/.local/lib/python3.8/site-packages/airflow/example_dags/example_branch_labels.py for tasks to queue
[2024-02-23T16:37:20.289+0000] {logging_mixin.py:188} INFO - [2024-02-23T16:37:20.289+0000] {dagbag.py:538} INFO - Filling up the DagBag from /home/airflow/.local/lib/python3.8/site-packages/airflow/example_dags/example_branch_labels.py
[2024-02-23T16:37:20.307+0000] {processor.py:840} INFO - DAG(s) 'example_branch_labels' retrieved from /home/airflow/.local/lib/python3.8/site-packages/airflow/example_dags/example_branch_labels.py
[2024-02-23T16:37:20.359+0000] {logging_mixin.py:188} INFO - [2024-02-23T16:37:20.358+0000] {dag.py:3036} INFO - Sync 1 DAGs
[2024-02-23T16:37:20.404+0000] {logging_mixin.py:188} INFO - [2024-02-23T16:37:20.404+0000] {dag.py:3823} INFO - Setting next_dagrun for example_branch_labels to 2024-02-22 00:00:00+00:00, run_after=2024-02-23 00:00:00+00:00
[2024-02-23T16:37:20.438+0000] {processor.py:183} INFO - Processing /home/airflow/.local/lib/python3.8/site-packages/airflow/example_dags/example_branch_labels.py took 0.159 seconds
[2024-02-23T16:37:51.078+0000] {processor.py:161} INFO - Started process (PID=567) to work on /home/airflow/.local/lib/python3.8/site-packages/airflow/example_dags/example_branch_labels.py
[2024-02-23T16:37:51.080+0000] {processor.py:830} INFO - Processing file /home/airflow/.local/lib/python3.8/site-packages/airflow/example_dags/example_branch_labels.py for tasks to queue
[2024-02-23T16:37:51.082+0000] {logging_mixin.py:188} INFO - [2024-02-23T16:37:51.082+0000] {dagbag.py:538} INFO - Filling up the DagBag from /home/airflow/.local/lib/python3.8/site-packages/airflow/example_dags/example_branch_labels.py
[2024-02-23T16:37:51.098+0000] {processor.py:840} INFO - DAG(s) 'example_branch_labels' retrieved from /home/airflow/.local/lib/python3.8/site-packages/airflow/example_dags/example_branch_labels.py
[2024-02-23T16:37:51.136+0000] {logging_mixin.py:188} INFO - [2024-02-23T16:37:51.135+0000] {dag.py:3036} INFO - Sync 1 DAGs
[2024-02-23T16:37:51.187+0000] {logging_mixin.py:188} INFO - [2024-02-23T16:37:51.186+0000] {dag.py:3823} INFO - Setting next_dagrun for example_branch_labels to 2024-02-22 00:00:00+00:00, run_after=2024-02-23 00:00:00+00:00
[2024-02-23T16:37:51.217+0000] {processor.py:183} INFO - Processing /home/airflow/.local/lib/python3.8/site-packages/airflow/example_dags/example_branch_labels.py took 0.145 seconds
[2024-02-23T16:38:22.045+0000] {processor.py:161} INFO - Started process (PID=624) to work on /home/airflow/.local/lib/python3.8/site-packages/airflow/example_dags/example_branch_labels.py
[2024-02-23T16:38:22.048+0000] {processor.py:830} INFO - Processing file /home/airflow/.local/lib/python3.8/site-packages/airflow/example_dags/example_branch_labels.py for tasks to queue
[2024-02-23T16:38:22.052+0000] {logging_mixin.py:188} INFO - [2024-02-23T16:38:22.051+0000] {dagbag.py:538} INFO - Filling up the DagBag from /home/airflow/.local/lib/python3.8/site-packages/airflow/example_dags/example_branch_labels.py
[2024-02-23T16:38:22.080+0000] {processor.py:840} INFO - DAG(s) 'example_branch_labels' retrieved from /home/airflow/.local/lib/python3.8/site-packages/airflow/example_dags/example_branch_labels.py
[2024-02-23T16:38:22.136+0000] {logging_mixin.py:188} INFO - [2024-02-23T16:38:22.135+0000] {dag.py:3036} INFO - Sync 1 DAGs
[2024-02-23T16:38:22.183+0000] {logging_mixin.py:188} INFO - [2024-02-23T16:38:22.183+0000] {dag.py:3823} INFO - Setting next_dagrun for example_branch_labels to 2024-02-22 00:00:00+00:00, run_after=2024-02-23 00:00:00+00:00
[2024-02-23T16:38:22.213+0000] {processor.py:183} INFO - Processing /home/airflow/.local/lib/python3.8/site-packages/airflow/example_dags/example_branch_labels.py took 0.175 seconds
[2024-02-23T16:38:52.268+0000] {processor.py:161} INFO - Started process (PID=680) to work on /home/airflow/.local/lib/python3.8/site-packages/airflow/example_dags/example_branch_labels.py
[2024-02-23T16:38:52.270+0000] {processor.py:830} INFO - Processing file /home/airflow/.local/lib/python3.8/site-packages/airflow/example_dags/example_branch_labels.py for tasks to queue
[2024-02-23T16:38:52.272+0000] {logging_mixin.py:188} INFO - [2024-02-23T16:38:52.272+0000] {dagbag.py:538} INFO - Filling up the DagBag from /home/airflow/.local/lib/python3.8/site-packages/airflow/example_dags/example_branch_labels.py
[2024-02-23T16:38:52.286+0000] {processor.py:840} INFO - DAG(s) 'example_branch_labels' retrieved from /home/airflow/.local/lib/python3.8/site-packages/airflow/example_dags/example_branch_labels.py
[2024-02-23T16:38:52.320+0000] {logging_mixin.py:188} INFO - [2024-02-23T16:38:52.319+0000] {dag.py:3036} INFO - Sync 1 DAGs
[2024-02-23T16:38:52.362+0000] {logging_mixin.py:188} INFO - [2024-02-23T16:38:52.361+0000] {dag.py:3823} INFO - Setting next_dagrun for example_branch_labels to 2024-02-22 00:00:00+00:00, run_after=2024-02-23 00:00:00+00:00
[2024-02-23T16:38:52.393+0000] {processor.py:183} INFO - Processing /home/airflow/.local/lib/python3.8/site-packages/airflow/example_dags/example_branch_labels.py took 0.131 seconds
[2024-02-23T16:39:22.554+0000] {processor.py:161} INFO - Started process (PID=737) to work on /home/airflow/.local/lib/python3.8/site-packages/airflow/example_dags/example_branch_labels.py
[2024-02-23T16:39:22.556+0000] {processor.py:830} INFO - Processing file /home/airflow/.local/lib/python3.8/site-packages/airflow/example_dags/example_branch_labels.py for tasks to queue
[2024-02-23T16:39:22.559+0000] {logging_mixin.py:188} INFO - [2024-02-23T16:39:22.559+0000] {dagbag.py:538} INFO - Filling up the DagBag from /home/airflow/.local/lib/python3.8/site-packages/airflow/example_dags/example_branch_labels.py
[2024-02-23T16:39:22.574+0000] {processor.py:840} INFO - DAG(s) 'example_branch_labels' retrieved from /home/airflow/.local/lib/python3.8/site-packages/airflow/example_dags/example_branch_labels.py
[2024-02-23T16:39:22.615+0000] {logging_mixin.py:188} INFO - [2024-02-23T16:39:22.614+0000] {dag.py:3036} INFO - Sync 1 DAGs
[2024-02-23T16:39:22.670+0000] {logging_mixin.py:188} INFO - [2024-02-23T16:39:22.670+0000] {dag.py:3823} INFO - Setting next_dagrun for example_branch_labels to 2024-02-22 00:00:00+00:00, run_after=2024-02-23 00:00:00+00:00
[2024-02-23T16:39:22.713+0000] {processor.py:183} INFO - Processing /home/airflow/.local/lib/python3.8/site-packages/airflow/example_dags/example_branch_labels.py took 0.165 seconds
[2024-02-23T16:39:53.714+0000] {processor.py:161} INFO - Started process (PID=794) to work on /home/airflow/.local/lib/python3.8/site-packages/airflow/example_dags/example_branch_labels.py
[2024-02-23T16:39:53.716+0000] {processor.py:830} INFO - Processing file /home/airflow/.local/lib/python3.8/site-packages/airflow/example_dags/example_branch_labels.py for tasks to queue
[2024-02-23T16:39:53.719+0000] {logging_mixin.py:188} INFO - [2024-02-23T16:39:53.718+0000] {dagbag.py:538} INFO - Filling up the DagBag from /home/airflow/.local/lib/python3.8/site-packages/airflow/example_dags/example_branch_labels.py
[2024-02-23T16:39:53.735+0000] {processor.py:840} INFO - DAG(s) 'example_branch_labels' retrieved from /home/airflow/.local/lib/python3.8/site-packages/airflow/example_dags/example_branch_labels.py
[2024-02-23T16:39:53.778+0000] {logging_mixin.py:188} INFO - [2024-02-23T16:39:53.777+0000] {dag.py:3036} INFO - Sync 1 DAGs
[2024-02-23T16:39:53.837+0000] {logging_mixin.py:188} INFO - [2024-02-23T16:39:53.836+0000] {dag.py:3823} INFO - Setting next_dagrun for example_branch_labels to 2024-02-22 00:00:00+00:00, run_after=2024-02-23 00:00:00+00:00
[2024-02-23T16:39:53.878+0000] {processor.py:183} INFO - Processing /home/airflow/.local/lib/python3.8/site-packages/airflow/example_dags/example_branch_labels.py took 0.170 seconds
[2024-02-23T16:40:24.753+0000] {processor.py:161} INFO - Started process (PID=851) to work on /home/airflow/.local/lib/python3.8/site-packages/airflow/example_dags/example_branch_labels.py
[2024-02-23T16:40:24.755+0000] {processor.py:830} INFO - Processing file /home/airflow/.local/lib/python3.8/site-packages/airflow/example_dags/example_branch_labels.py for tasks to queue
[2024-02-23T16:40:24.758+0000] {logging_mixin.py:188} INFO - [2024-02-23T16:40:24.757+0000] {dagbag.py:538} INFO - Filling up the DagBag from /home/airflow/.local/lib/python3.8/site-packages/airflow/example_dags/example_branch_labels.py
[2024-02-23T16:40:24.778+0000] {processor.py:840} INFO - DAG(s) 'example_branch_labels' retrieved from /home/airflow/.local/lib/python3.8/site-packages/airflow/example_dags/example_branch_labels.py
[2024-02-23T16:40:24.828+0000] {logging_mixin.py:188} INFO - [2024-02-23T16:40:24.828+0000] {dag.py:3036} INFO - Sync 1 DAGs
[2024-02-23T16:40:24.886+0000] {logging_mixin.py:188} INFO - [2024-02-23T16:40:24.885+0000] {dag.py:3823} INFO - Setting next_dagrun for example_branch_labels to 2024-02-22 00:00:00+00:00, run_after=2024-02-23 00:00:00+00:00
[2024-02-23T16:40:24.932+0000] {processor.py:183} INFO - Processing /home/airflow/.local/lib/python3.8/site-packages/airflow/example_dags/example_branch_labels.py took 0.186 seconds
[2024-02-23T16:40:55.686+0000] {processor.py:161} INFO - Started process (PID=909) to work on /home/airflow/.local/lib/python3.8/site-packages/airflow/example_dags/example_branch_labels.py
[2024-02-23T16:40:55.688+0000] {processor.py:830} INFO - Processing file /home/airflow/.local/lib/python3.8/site-packages/airflow/example_dags/example_branch_labels.py for tasks to queue
[2024-02-23T16:40:55.691+0000] {logging_mixin.py:188} INFO - [2024-02-23T16:40:55.691+0000] {dagbag.py:538} INFO - Filling up the DagBag from /home/airflow/.local/lib/python3.8/site-packages/airflow/example_dags/example_branch_labels.py
[2024-02-23T16:40:55.713+0000] {processor.py:840} INFO - DAG(s) 'example_branch_labels' retrieved from /home/airflow/.local/lib/python3.8/site-packages/airflow/example_dags/example_branch_labels.py
[2024-02-23T16:40:55.780+0000] {logging_mixin.py:188} INFO - [2024-02-23T16:40:55.780+0000] {dag.py:3036} INFO - Sync 1 DAGs
[2024-02-23T16:40:55.850+0000] {logging_mixin.py:188} INFO - [2024-02-23T16:40:55.849+0000] {dag.py:3823} INFO - Setting next_dagrun for example_branch_labels to 2024-02-22 00:00:00+00:00, run_after=2024-02-23 00:00:00+00:00
[2024-02-23T16:40:55.901+0000] {processor.py:183} INFO - Processing /home/airflow/.local/lib/python3.8/site-packages/airflow/example_dags/example_branch_labels.py took 0.221 seconds
[2024-02-23T16:41:26.034+0000] {processor.py:161} INFO - Started process (PID=966) to work on /home/airflow/.local/lib/python3.8/site-packages/airflow/example_dags/example_branch_labels.py
[2024-02-23T16:41:26.035+0000] {processor.py:830} INFO - Processing file /home/airflow/.local/lib/python3.8/site-packages/airflow/example_dags/example_branch_labels.py for tasks to queue
[2024-02-23T16:41:26.039+0000] {logging_mixin.py:188} INFO - [2024-02-23T16:41:26.039+0000] {dagbag.py:538} INFO - Filling up the DagBag from /home/airflow/.local/lib/python3.8/site-packages/airflow/example_dags/example_branch_labels.py
[2024-02-23T16:41:26.055+0000] {processor.py:840} INFO - DAG(s) 'example_branch_labels' retrieved from /home/airflow/.local/lib/python3.8/site-packages/airflow/example_dags/example_branch_labels.py
[2024-02-23T16:41:26.098+0000] {logging_mixin.py:188} INFO - [2024-02-23T16:41:26.097+0000] {dag.py:3036} INFO - Sync 1 DAGs
[2024-02-23T16:41:26.141+0000] {logging_mixin.py:188} INFO - [2024-02-23T16:41:26.140+0000] {dag.py:3823} INFO - Setting next_dagrun for example_branch_labels to 2024-02-22 00:00:00+00:00, run_after=2024-02-23 00:00:00+00:00
[2024-02-23T16:41:26.172+0000] {processor.py:183} INFO - Processing /home/airflow/.local/lib/python3.8/site-packages/airflow/example_dags/example_branch_labels.py took 0.144 seconds
[2024-02-23T16:43:04.943+0000] {processor.py:161} INFO - Started process (PID=53) to work on /home/airflow/.local/lib/python3.8/site-packages/airflow/example_dags/example_branch_labels.py
[2024-02-23T16:43:04.945+0000] {processor.py:830} INFO - Processing file /home/airflow/.local/lib/python3.8/site-packages/airflow/example_dags/example_branch_labels.py for tasks to queue
[2024-02-23T16:43:04.948+0000] {logging_mixin.py:188} INFO - [2024-02-23T16:43:04.947+0000] {dagbag.py:538} INFO - Filling up the DagBag from /home/airflow/.local/lib/python3.8/site-packages/airflow/example_dags/example_branch_labels.py
[2024-02-23T16:43:04.968+0000] {processor.py:840} INFO - DAG(s) 'example_branch_labels' retrieved from /home/airflow/.local/lib/python3.8/site-packages/airflow/example_dags/example_branch_labels.py
[2024-02-23T16:43:05.254+0000] {logging_mixin.py:188} INFO - [2024-02-23T16:43:05.253+0000] {dag.py:3036} INFO - Sync 1 DAGs
[2024-02-23T16:43:05.307+0000] {logging_mixin.py:188} INFO - [2024-02-23T16:43:05.306+0000] {dag.py:3823} INFO - Setting next_dagrun for example_branch_labels to 2024-02-22 00:00:00+00:00, run_after=2024-02-23 00:00:00+00:00
[2024-02-23T16:43:05.350+0000] {processor.py:183} INFO - Processing /home/airflow/.local/lib/python3.8/site-packages/airflow/example_dags/example_branch_labels.py took 0.412 seconds
[2024-02-23T16:43:36.098+0000] {processor.py:161} INFO - Started process (PID=110) to work on /home/airflow/.local/lib/python3.8/site-packages/airflow/example_dags/example_branch_labels.py
[2024-02-23T16:43:36.099+0000] {processor.py:830} INFO - Processing file /home/airflow/.local/lib/python3.8/site-packages/airflow/example_dags/example_branch_labels.py for tasks to queue
[2024-02-23T16:43:36.104+0000] {logging_mixin.py:188} INFO - [2024-02-23T16:43:36.104+0000] {dagbag.py:538} INFO - Filling up the DagBag from /home/airflow/.local/lib/python3.8/site-packages/airflow/example_dags/example_branch_labels.py
[2024-02-23T16:43:36.122+0000] {processor.py:840} INFO - DAG(s) 'example_branch_labels' retrieved from /home/airflow/.local/lib/python3.8/site-packages/airflow/example_dags/example_branch_labels.py
[2024-02-23T16:43:36.173+0000] {logging_mixin.py:188} INFO - [2024-02-23T16:43:36.173+0000] {dag.py:3036} INFO - Sync 1 DAGs
[2024-02-23T16:43:36.233+0000] {logging_mixin.py:188} INFO - [2024-02-23T16:43:36.232+0000] {dag.py:3823} INFO - Setting next_dagrun for example_branch_labels to 2024-02-22 00:00:00+00:00, run_after=2024-02-23 00:00:00+00:00
[2024-02-23T16:43:36.261+0000] {processor.py:183} INFO - Processing /home/airflow/.local/lib/python3.8/site-packages/airflow/example_dags/example_branch_labels.py took 0.170 seconds
[2024-02-23T16:44:06.301+0000] {processor.py:161} INFO - Started process (PID=167) to work on /home/airflow/.local/lib/python3.8/site-packages/airflow/example_dags/example_branch_labels.py
[2024-02-23T16:44:06.303+0000] {processor.py:830} INFO - Processing file /home/airflow/.local/lib/python3.8/site-packages/airflow/example_dags/example_branch_labels.py for tasks to queue
[2024-02-23T16:44:06.305+0000] {logging_mixin.py:188} INFO - [2024-02-23T16:44:06.305+0000] {dagbag.py:538} INFO - Filling up the DagBag from /home/airflow/.local/lib/python3.8/site-packages/airflow/example_dags/example_branch_labels.py
[2024-02-23T16:44:06.319+0000] {processor.py:840} INFO - DAG(s) 'example_branch_labels' retrieved from /home/airflow/.local/lib/python3.8/site-packages/airflow/example_dags/example_branch_labels.py
[2024-02-23T16:44:06.358+0000] {logging_mixin.py:188} INFO - [2024-02-23T16:44:06.358+0000] {dag.py:3036} INFO - Sync 1 DAGs
[2024-02-23T16:44:06.406+0000] {logging_mixin.py:188} INFO - [2024-02-23T16:44:06.405+0000] {dag.py:3823} INFO - Setting next_dagrun for example_branch_labels to 2024-02-22 00:00:00+00:00, run_after=2024-02-23 00:00:00+00:00
[2024-02-23T16:44:06.435+0000] {processor.py:183} INFO - Processing /home/airflow/.local/lib/python3.8/site-packages/airflow/example_dags/example_branch_labels.py took 0.141 seconds
[2024-02-23T16:44:36.917+0000] {processor.py:161} INFO - Started process (PID=224) to work on /home/airflow/.local/lib/python3.8/site-packages/airflow/example_dags/example_branch_labels.py
[2024-02-23T16:44:36.921+0000] {processor.py:830} INFO - Processing file /home/airflow/.local/lib/python3.8/site-packages/airflow/example_dags/example_branch_labels.py for tasks to queue
[2024-02-23T16:44:36.924+0000] {logging_mixin.py:188} INFO - [2024-02-23T16:44:36.924+0000] {dagbag.py:538} INFO - Filling up the DagBag from /home/airflow/.local/lib/python3.8/site-packages/airflow/example_dags/example_branch_labels.py
[2024-02-23T16:44:36.939+0000] {processor.py:840} INFO - DAG(s) 'example_branch_labels' retrieved from /home/airflow/.local/lib/python3.8/site-packages/airflow/example_dags/example_branch_labels.py
[2024-02-23T16:44:36.981+0000] {logging_mixin.py:188} INFO - [2024-02-23T16:44:36.981+0000] {dag.py:3036} INFO - Sync 1 DAGs
[2024-02-23T16:44:37.026+0000] {logging_mixin.py:188} INFO - [2024-02-23T16:44:37.025+0000] {dag.py:3823} INFO - Setting next_dagrun for example_branch_labels to 2024-02-22 00:00:00+00:00, run_after=2024-02-23 00:00:00+00:00
[2024-02-23T16:44:37.062+0000] {processor.py:183} INFO - Processing /home/airflow/.local/lib/python3.8/site-packages/airflow/example_dags/example_branch_labels.py took 0.150 seconds
[2024-02-23T16:45:07.493+0000] {processor.py:161} INFO - Started process (PID=281) to work on /home/airflow/.local/lib/python3.8/site-packages/airflow/example_dags/example_branch_labels.py
[2024-02-23T16:45:07.494+0000] {processor.py:830} INFO - Processing file /home/airflow/.local/lib/python3.8/site-packages/airflow/example_dags/example_branch_labels.py for tasks to queue
[2024-02-23T16:45:07.496+0000] {logging_mixin.py:188} INFO - [2024-02-23T16:45:07.496+0000] {dagbag.py:538} INFO - Filling up the DagBag from /home/airflow/.local/lib/python3.8/site-packages/airflow/example_dags/example_branch_labels.py
[2024-02-23T16:45:07.513+0000] {processor.py:840} INFO - DAG(s) 'example_branch_labels' retrieved from /home/airflow/.local/lib/python3.8/site-packages/airflow/example_dags/example_branch_labels.py
[2024-02-23T16:45:07.556+0000] {logging_mixin.py:188} INFO - [2024-02-23T16:45:07.556+0000] {dag.py:3036} INFO - Sync 1 DAGs
[2024-02-23T16:45:07.605+0000] {logging_mixin.py:188} INFO - [2024-02-23T16:45:07.604+0000] {dag.py:3823} INFO - Setting next_dagrun for example_branch_labels to 2024-02-22 00:00:00+00:00, run_after=2024-02-23 00:00:00+00:00
[2024-02-23T16:45:07.635+0000] {processor.py:183} INFO - Processing /home/airflow/.local/lib/python3.8/site-packages/airflow/example_dags/example_branch_labels.py took 0.148 seconds
[2024-02-23T16:45:37.797+0000] {processor.py:161} INFO - Started process (PID=337) to work on /home/airflow/.local/lib/python3.8/site-packages/airflow/example_dags/example_branch_labels.py
[2024-02-23T16:45:37.798+0000] {processor.py:830} INFO - Processing file /home/airflow/.local/lib/python3.8/site-packages/airflow/example_dags/example_branch_labels.py for tasks to queue
[2024-02-23T16:45:37.801+0000] {logging_mixin.py:188} INFO - [2024-02-23T16:45:37.801+0000] {dagbag.py:538} INFO - Filling up the DagBag from /home/airflow/.local/lib/python3.8/site-packages/airflow/example_dags/example_branch_labels.py
[2024-02-23T16:45:37.816+0000] {processor.py:840} INFO - DAG(s) 'example_branch_labels' retrieved from /home/airflow/.local/lib/python3.8/site-packages/airflow/example_dags/example_branch_labels.py
[2024-02-23T16:45:37.856+0000] {logging_mixin.py:188} INFO - [2024-02-23T16:45:37.855+0000] {dag.py:3036} INFO - Sync 1 DAGs
[2024-02-23T16:45:37.904+0000] {logging_mixin.py:188} INFO - [2024-02-23T16:45:37.903+0000] {dag.py:3823} INFO - Setting next_dagrun for example_branch_labels to 2024-02-22 00:00:00+00:00, run_after=2024-02-23 00:00:00+00:00
[2024-02-23T16:45:37.932+0000] {processor.py:183} INFO - Processing /home/airflow/.local/lib/python3.8/site-packages/airflow/example_dags/example_branch_labels.py took 0.140 seconds
[2024-02-23T16:46:08.083+0000] {processor.py:161} INFO - Started process (PID=394) to work on /home/airflow/.local/lib/python3.8/site-packages/airflow/example_dags/example_branch_labels.py
[2024-02-23T16:46:08.085+0000] {processor.py:830} INFO - Processing file /home/airflow/.local/lib/python3.8/site-packages/airflow/example_dags/example_branch_labels.py for tasks to queue
[2024-02-23T16:46:08.089+0000] {logging_mixin.py:188} INFO - [2024-02-23T16:46:08.088+0000] {dagbag.py:538} INFO - Filling up the DagBag from /home/airflow/.local/lib/python3.8/site-packages/airflow/example_dags/example_branch_labels.py
[2024-02-23T16:46:08.107+0000] {processor.py:840} INFO - DAG(s) 'example_branch_labels' retrieved from /home/airflow/.local/lib/python3.8/site-packages/airflow/example_dags/example_branch_labels.py
[2024-02-23T16:46:08.156+0000] {logging_mixin.py:188} INFO - [2024-02-23T16:46:08.156+0000] {dag.py:3036} INFO - Sync 1 DAGs
[2024-02-23T16:46:08.206+0000] {logging_mixin.py:188} INFO - [2024-02-23T16:46:08.206+0000] {dag.py:3823} INFO - Setting next_dagrun for example_branch_labels to 2024-02-22 00:00:00+00:00, run_after=2024-02-23 00:00:00+00:00
[2024-02-23T16:46:08.249+0000] {processor.py:183} INFO - Processing /home/airflow/.local/lib/python3.8/site-packages/airflow/example_dags/example_branch_labels.py took 0.172 seconds
[2024-02-23T16:46:38.935+0000] {processor.py:161} INFO - Started process (PID=451) to work on /home/airflow/.local/lib/python3.8/site-packages/airflow/example_dags/example_branch_labels.py
[2024-02-23T16:46:38.937+0000] {processor.py:830} INFO - Processing file /home/airflow/.local/lib/python3.8/site-packages/airflow/example_dags/example_branch_labels.py for tasks to queue
[2024-02-23T16:46:38.939+0000] {logging_mixin.py:188} INFO - [2024-02-23T16:46:38.939+0000] {dagbag.py:538} INFO - Filling up the DagBag from /home/airflow/.local/lib/python3.8/site-packages/airflow/example_dags/example_branch_labels.py
[2024-02-23T16:46:38.954+0000] {processor.py:840} INFO - DAG(s) 'example_branch_labels' retrieved from /home/airflow/.local/lib/python3.8/site-packages/airflow/example_dags/example_branch_labels.py
[2024-02-23T16:46:38.988+0000] {logging_mixin.py:188} INFO - [2024-02-23T16:46:38.988+0000] {dag.py:3036} INFO - Sync 1 DAGs
[2024-02-23T16:46:39.032+0000] {logging_mixin.py:188} INFO - [2024-02-23T16:46:39.032+0000] {dag.py:3823} INFO - Setting next_dagrun for example_branch_labels to 2024-02-22 00:00:00+00:00, run_after=2024-02-23 00:00:00+00:00
[2024-02-23T16:46:39.063+0000] {processor.py:183} INFO - Processing /home/airflow/.local/lib/python3.8/site-packages/airflow/example_dags/example_branch_labels.py took 0.133 seconds
[2024-02-23T16:47:09.228+0000] {processor.py:161} INFO - Started process (PID=508) to work on /home/airflow/.local/lib/python3.8/site-packages/airflow/example_dags/example_branch_labels.py
[2024-02-23T16:47:09.230+0000] {processor.py:830} INFO - Processing file /home/airflow/.local/lib/python3.8/site-packages/airflow/example_dags/example_branch_labels.py for tasks to queue
[2024-02-23T16:47:09.232+0000] {logging_mixin.py:188} INFO - [2024-02-23T16:47:09.232+0000] {dagbag.py:538} INFO - Filling up the DagBag from /home/airflow/.local/lib/python3.8/site-packages/airflow/example_dags/example_branch_labels.py
[2024-02-23T16:47:09.249+0000] {processor.py:840} INFO - DAG(s) 'example_branch_labels' retrieved from /home/airflow/.local/lib/python3.8/site-packages/airflow/example_dags/example_branch_labels.py
[2024-02-23T16:47:09.286+0000] {logging_mixin.py:188} INFO - [2024-02-23T16:47:09.286+0000] {dag.py:3036} INFO - Sync 1 DAGs
[2024-02-23T16:47:09.335+0000] {logging_mixin.py:188} INFO - [2024-02-23T16:47:09.334+0000] {dag.py:3823} INFO - Setting next_dagrun for example_branch_labels to 2024-02-22 00:00:00+00:00, run_after=2024-02-23 00:00:00+00:00
[2024-02-23T16:47:09.368+0000] {processor.py:183} INFO - Processing /home/airflow/.local/lib/python3.8/site-packages/airflow/example_dags/example_branch_labels.py took 0.145 seconds
[2024-02-23T16:48:36.684+0000] {processor.py:161} INFO - Started process (PID=53) to work on /home/airflow/.local/lib/python3.8/site-packages/airflow/example_dags/example_branch_labels.py
[2024-02-23T16:48:36.686+0000] {processor.py:830} INFO - Processing file /home/airflow/.local/lib/python3.8/site-packages/airflow/example_dags/example_branch_labels.py for tasks to queue
[2024-02-23T16:48:36.690+0000] {logging_mixin.py:188} INFO - [2024-02-23T16:48:36.689+0000] {dagbag.py:538} INFO - Filling up the DagBag from /home/airflow/.local/lib/python3.8/site-packages/airflow/example_dags/example_branch_labels.py
[2024-02-23T16:48:36.719+0000] {processor.py:840} INFO - DAG(s) 'example_branch_labels' retrieved from /home/airflow/.local/lib/python3.8/site-packages/airflow/example_dags/example_branch_labels.py
[2024-02-23T16:48:36.999+0000] {logging_mixin.py:188} INFO - [2024-02-23T16:48:36.999+0000] {dag.py:3036} INFO - Sync 1 DAGs
[2024-02-23T16:48:37.052+0000] {logging_mixin.py:188} INFO - [2024-02-23T16:48:37.051+0000] {dag.py:3823} INFO - Setting next_dagrun for example_branch_labels to 2024-02-22 00:00:00+00:00, run_after=2024-02-23 00:00:00+00:00
[2024-02-23T16:48:37.098+0000] {processor.py:183} INFO - Processing /home/airflow/.local/lib/python3.8/site-packages/airflow/example_dags/example_branch_labels.py took 0.420 seconds
[2024-02-23T16:51:56.621+0000] {processor.py:161} INFO - Started process (PID=45) to work on /home/airflow/.local/lib/python3.8/site-packages/airflow/example_dags/example_branch_labels.py
[2024-02-23T16:51:56.623+0000] {processor.py:830} INFO - Processing file /home/airflow/.local/lib/python3.8/site-packages/airflow/example_dags/example_branch_labels.py for tasks to queue
[2024-02-23T16:51:56.626+0000] {logging_mixin.py:188} INFO - [2024-02-23T16:51:56.626+0000] {dagbag.py:538} INFO - Filling up the DagBag from /home/airflow/.local/lib/python3.8/site-packages/airflow/example_dags/example_branch_labels.py
[2024-02-23T16:51:56.661+0000] {processor.py:840} INFO - DAG(s) 'example_branch_labels' retrieved from /home/airflow/.local/lib/python3.8/site-packages/airflow/example_dags/example_branch_labels.py
[2024-02-23T16:51:56.902+0000] {logging_mixin.py:188} INFO - [2024-02-23T16:51:56.902+0000] {dag.py:3036} INFO - Sync 1 DAGs
[2024-02-23T16:51:56.945+0000] {logging_mixin.py:188} INFO - [2024-02-23T16:51:56.944+0000] {dag.py:3823} INFO - Setting next_dagrun for example_branch_labels to 2024-02-22 00:00:00+00:00, run_after=2024-02-23 00:00:00+00:00
[2024-02-23T16:51:56.979+0000] {processor.py:183} INFO - Processing /home/airflow/.local/lib/python3.8/site-packages/airflow/example_dags/example_branch_labels.py took 0.365 seconds
[2024-02-23T16:52:27.374+0000] {processor.py:161} INFO - Started process (PID=103) to work on /home/airflow/.local/lib/python3.8/site-packages/airflow/example_dags/example_branch_labels.py
[2024-02-23T16:52:27.375+0000] {processor.py:830} INFO - Processing file /home/airflow/.local/lib/python3.8/site-packages/airflow/example_dags/example_branch_labels.py for tasks to queue
[2024-02-23T16:52:27.378+0000] {logging_mixin.py:188} INFO - [2024-02-23T16:52:27.377+0000] {dagbag.py:538} INFO - Filling up the DagBag from /home/airflow/.local/lib/python3.8/site-packages/airflow/example_dags/example_branch_labels.py
[2024-02-23T16:52:27.394+0000] {processor.py:840} INFO - DAG(s) 'example_branch_labels' retrieved from /home/airflow/.local/lib/python3.8/site-packages/airflow/example_dags/example_branch_labels.py
[2024-02-23T16:52:27.430+0000] {logging_mixin.py:188} INFO - [2024-02-23T16:52:27.430+0000] {dag.py:3036} INFO - Sync 1 DAGs
[2024-02-23T16:52:27.472+0000] {logging_mixin.py:188} INFO - [2024-02-23T16:52:27.471+0000] {dag.py:3823} INFO - Setting next_dagrun for example_branch_labels to 2024-02-22 00:00:00+00:00, run_after=2024-02-23 00:00:00+00:00
[2024-02-23T16:52:27.504+0000] {processor.py:183} INFO - Processing /home/airflow/.local/lib/python3.8/site-packages/airflow/example_dags/example_branch_labels.py took 0.136 seconds
[2024-02-23T16:52:58.039+0000] {processor.py:161} INFO - Started process (PID=161) to work on /home/airflow/.local/lib/python3.8/site-packages/airflow/example_dags/example_branch_labels.py
[2024-02-23T16:52:58.040+0000] {processor.py:830} INFO - Processing file /home/airflow/.local/lib/python3.8/site-packages/airflow/example_dags/example_branch_labels.py for tasks to queue
[2024-02-23T16:52:58.043+0000] {logging_mixin.py:188} INFO - [2024-02-23T16:52:58.043+0000] {dagbag.py:538} INFO - Filling up the DagBag from /home/airflow/.local/lib/python3.8/site-packages/airflow/example_dags/example_branch_labels.py
[2024-02-23T16:52:58.059+0000] {processor.py:840} INFO - DAG(s) 'example_branch_labels' retrieved from /home/airflow/.local/lib/python3.8/site-packages/airflow/example_dags/example_branch_labels.py
[2024-02-23T16:52:58.093+0000] {logging_mixin.py:188} INFO - [2024-02-23T16:52:58.093+0000] {dag.py:3036} INFO - Sync 1 DAGs
[2024-02-23T16:52:58.136+0000] {logging_mixin.py:188} INFO - [2024-02-23T16:52:58.135+0000] {dag.py:3823} INFO - Setting next_dagrun for example_branch_labels to 2024-02-22 00:00:00+00:00, run_after=2024-02-23 00:00:00+00:00
[2024-02-23T16:52:58.167+0000] {processor.py:183} INFO - Processing /home/airflow/.local/lib/python3.8/site-packages/airflow/example_dags/example_branch_labels.py took 0.135 seconds
