[2024-02-23T16:33:13.817+0000] {processor.py:161} INFO - Started process (PID=50) to work on /home/airflow/.local/lib/python3.8/site-packages/airflow/example_dags/example_external_task_marker_dag.py
[2024-02-23T16:33:13.819+0000] {processor.py:830} INFO - Processing file /home/airflow/.local/lib/python3.8/site-packages/airflow/example_dags/example_external_task_marker_dag.py for tasks to queue
[2024-02-23T16:33:13.822+0000] {logging_mixin.py:188} INFO - [2024-02-23T16:33:13.822+0000] {dagbag.py:538} INFO - Filling up the DagBag from /home/airflow/.local/lib/python3.8/site-packages/airflow/example_dags/example_external_task_marker_dag.py
[2024-02-23T16:33:13.843+0000] {processor.py:840} INFO - DAG(s) 'example_external_task_marker_parent', 'example_external_task_marker_child' retrieved from /home/airflow/.local/lib/python3.8/site-packages/airflow/example_dags/example_external_task_marker_dag.py
[2024-02-23T16:33:14.369+0000] {logging_mixin.py:188} INFO - [2024-02-23T16:33:14.365+0000] {dag.py:3036} INFO - Sync 2 DAGs
[2024-02-23T16:33:14.470+0000] {logging_mixin.py:188} INFO - [2024-02-23T16:33:14.469+0000] {dag.py:3823} INFO - Setting next_dagrun for example_external_task_marker_child to None, run_after=None
[2024-02-23T16:33:14.480+0000] {logging_mixin.py:188} INFO - [2024-02-23T16:33:14.479+0000] {dag.py:3823} INFO - Setting next_dagrun for example_external_task_marker_parent to None, run_after=None
[2024-02-23T16:33:14.555+0000] {processor.py:183} INFO - Processing /home/airflow/.local/lib/python3.8/site-packages/airflow/example_dags/example_external_task_marker_dag.py took 0.745 seconds
[2024-02-23T16:33:44.830+0000] {processor.py:161} INFO - Started process (PID=107) to work on /home/airflow/.local/lib/python3.8/site-packages/airflow/example_dags/example_external_task_marker_dag.py
[2024-02-23T16:33:44.832+0000] {processor.py:830} INFO - Processing file /home/airflow/.local/lib/python3.8/site-packages/airflow/example_dags/example_external_task_marker_dag.py for tasks to queue
[2024-02-23T16:33:44.835+0000] {logging_mixin.py:188} INFO - [2024-02-23T16:33:44.835+0000] {dagbag.py:538} INFO - Filling up the DagBag from /home/airflow/.local/lib/python3.8/site-packages/airflow/example_dags/example_external_task_marker_dag.py
[2024-02-23T16:33:44.845+0000] {processor.py:840} INFO - DAG(s) 'example_external_task_marker_parent', 'example_external_task_marker_child' retrieved from /home/airflow/.local/lib/python3.8/site-packages/airflow/example_dags/example_external_task_marker_dag.py
[2024-02-23T16:33:44.889+0000] {logging_mixin.py:188} INFO - [2024-02-23T16:33:44.889+0000] {dag.py:3036} INFO - Sync 2 DAGs
[2024-02-23T16:33:44.920+0000] {logging_mixin.py:188} INFO - [2024-02-23T16:33:44.919+0000] {dag.py:3823} INFO - Setting next_dagrun for example_external_task_marker_child to None, run_after=None
[2024-02-23T16:33:44.927+0000] {logging_mixin.py:188} INFO - [2024-02-23T16:33:44.927+0000] {dag.py:3823} INFO - Setting next_dagrun for example_external_task_marker_parent to None, run_after=None
[2024-02-23T16:33:44.958+0000] {processor.py:183} INFO - Processing /home/airflow/.local/lib/python3.8/site-packages/airflow/example_dags/example_external_task_marker_dag.py took 0.133 seconds
[2024-02-23T16:34:15.110+0000] {processor.py:161} INFO - Started process (PID=164) to work on /home/airflow/.local/lib/python3.8/site-packages/airflow/example_dags/example_external_task_marker_dag.py
[2024-02-23T16:34:15.112+0000] {processor.py:830} INFO - Processing file /home/airflow/.local/lib/python3.8/site-packages/airflow/example_dags/example_external_task_marker_dag.py for tasks to queue
[2024-02-23T16:34:15.116+0000] {logging_mixin.py:188} INFO - [2024-02-23T16:34:15.115+0000] {dagbag.py:538} INFO - Filling up the DagBag from /home/airflow/.local/lib/python3.8/site-packages/airflow/example_dags/example_external_task_marker_dag.py
[2024-02-23T16:34:15.129+0000] {processor.py:840} INFO - DAG(s) 'example_external_task_marker_child', 'example_external_task_marker_parent' retrieved from /home/airflow/.local/lib/python3.8/site-packages/airflow/example_dags/example_external_task_marker_dag.py
[2024-02-23T16:34:15.172+0000] {logging_mixin.py:188} INFO - [2024-02-23T16:34:15.172+0000] {dag.py:3036} INFO - Sync 2 DAGs
[2024-02-23T16:34:15.195+0000] {logging_mixin.py:188} INFO - [2024-02-23T16:34:15.195+0000] {dag.py:3823} INFO - Setting next_dagrun for example_external_task_marker_child to None, run_after=None
[2024-02-23T16:34:15.202+0000] {logging_mixin.py:188} INFO - [2024-02-23T16:34:15.201+0000] {dag.py:3823} INFO - Setting next_dagrun for example_external_task_marker_parent to None, run_after=None
[2024-02-23T16:34:15.231+0000] {processor.py:183} INFO - Processing /home/airflow/.local/lib/python3.8/site-packages/airflow/example_dags/example_external_task_marker_dag.py took 0.127 seconds
[2024-02-23T16:34:45.549+0000] {processor.py:161} INFO - Started process (PID=221) to work on /home/airflow/.local/lib/python3.8/site-packages/airflow/example_dags/example_external_task_marker_dag.py
[2024-02-23T16:34:45.551+0000] {processor.py:830} INFO - Processing file /home/airflow/.local/lib/python3.8/site-packages/airflow/example_dags/example_external_task_marker_dag.py for tasks to queue
[2024-02-23T16:34:45.553+0000] {logging_mixin.py:188} INFO - [2024-02-23T16:34:45.553+0000] {dagbag.py:538} INFO - Filling up the DagBag from /home/airflow/.local/lib/python3.8/site-packages/airflow/example_dags/example_external_task_marker_dag.py
[2024-02-23T16:34:45.563+0000] {processor.py:840} INFO - DAG(s) 'example_external_task_marker_child', 'example_external_task_marker_parent' retrieved from /home/airflow/.local/lib/python3.8/site-packages/airflow/example_dags/example_external_task_marker_dag.py
[2024-02-23T16:34:45.603+0000] {logging_mixin.py:188} INFO - [2024-02-23T16:34:45.603+0000] {dag.py:3036} INFO - Sync 2 DAGs
[2024-02-23T16:34:45.626+0000] {logging_mixin.py:188} INFO - [2024-02-23T16:34:45.625+0000] {dag.py:3823} INFO - Setting next_dagrun for example_external_task_marker_child to None, run_after=None
[2024-02-23T16:34:45.633+0000] {logging_mixin.py:188} INFO - [2024-02-23T16:34:45.632+0000] {dag.py:3823} INFO - Setting next_dagrun for example_external_task_marker_parent to None, run_after=None
[2024-02-23T16:34:45.663+0000] {processor.py:183} INFO - Processing /home/airflow/.local/lib/python3.8/site-packages/airflow/example_dags/example_external_task_marker_dag.py took 0.118 seconds
[2024-02-23T16:35:16.153+0000] {processor.py:161} INFO - Started process (PID=278) to work on /home/airflow/.local/lib/python3.8/site-packages/airflow/example_dags/example_external_task_marker_dag.py
[2024-02-23T16:35:16.154+0000] {processor.py:830} INFO - Processing file /home/airflow/.local/lib/python3.8/site-packages/airflow/example_dags/example_external_task_marker_dag.py for tasks to queue
[2024-02-23T16:35:16.157+0000] {logging_mixin.py:188} INFO - [2024-02-23T16:35:16.156+0000] {dagbag.py:538} INFO - Filling up the DagBag from /home/airflow/.local/lib/python3.8/site-packages/airflow/example_dags/example_external_task_marker_dag.py
[2024-02-23T16:35:16.168+0000] {processor.py:840} INFO - DAG(s) 'example_external_task_marker_parent', 'example_external_task_marker_child' retrieved from /home/airflow/.local/lib/python3.8/site-packages/airflow/example_dags/example_external_task_marker_dag.py
[2024-02-23T16:35:16.210+0000] {logging_mixin.py:188} INFO - [2024-02-23T16:35:16.209+0000] {dag.py:3036} INFO - Sync 2 DAGs
[2024-02-23T16:35:16.245+0000] {logging_mixin.py:188} INFO - [2024-02-23T16:35:16.244+0000] {dag.py:3823} INFO - Setting next_dagrun for example_external_task_marker_child to None, run_after=None
[2024-02-23T16:35:16.260+0000] {logging_mixin.py:188} INFO - [2024-02-23T16:35:16.260+0000] {dag.py:3823} INFO - Setting next_dagrun for example_external_task_marker_parent to None, run_after=None
[2024-02-23T16:35:16.306+0000] {processor.py:183} INFO - Processing /home/airflow/.local/lib/python3.8/site-packages/airflow/example_dags/example_external_task_marker_dag.py took 0.158 seconds
[2024-02-23T16:35:46.404+0000] {processor.py:161} INFO - Started process (PID=336) to work on /home/airflow/.local/lib/python3.8/site-packages/airflow/example_dags/example_external_task_marker_dag.py
[2024-02-23T16:35:46.411+0000] {processor.py:830} INFO - Processing file /home/airflow/.local/lib/python3.8/site-packages/airflow/example_dags/example_external_task_marker_dag.py for tasks to queue
[2024-02-23T16:35:46.414+0000] {logging_mixin.py:188} INFO - [2024-02-23T16:35:46.414+0000] {dagbag.py:538} INFO - Filling up the DagBag from /home/airflow/.local/lib/python3.8/site-packages/airflow/example_dags/example_external_task_marker_dag.py
[2024-02-23T16:35:46.428+0000] {processor.py:840} INFO - DAG(s) 'example_external_task_marker_parent', 'example_external_task_marker_child' retrieved from /home/airflow/.local/lib/python3.8/site-packages/airflow/example_dags/example_external_task_marker_dag.py
[2024-02-23T16:35:46.490+0000] {logging_mixin.py:188} INFO - [2024-02-23T16:35:46.490+0000] {dag.py:3036} INFO - Sync 2 DAGs
[2024-02-23T16:35:46.528+0000] {logging_mixin.py:188} INFO - [2024-02-23T16:35:46.527+0000] {dag.py:3823} INFO - Setting next_dagrun for example_external_task_marker_child to None, run_after=None
[2024-02-23T16:35:46.539+0000] {logging_mixin.py:188} INFO - [2024-02-23T16:35:46.539+0000] {dag.py:3823} INFO - Setting next_dagrun for example_external_task_marker_parent to None, run_after=None
[2024-02-23T16:35:46.578+0000] {processor.py:183} INFO - Processing /home/airflow/.local/lib/python3.8/site-packages/airflow/example_dags/example_external_task_marker_dag.py took 0.179 seconds
[2024-02-23T16:36:16.830+0000] {processor.py:161} INFO - Started process (PID=393) to work on /home/airflow/.local/lib/python3.8/site-packages/airflow/example_dags/example_external_task_marker_dag.py
[2024-02-23T16:36:16.831+0000] {processor.py:830} INFO - Processing file /home/airflow/.local/lib/python3.8/site-packages/airflow/example_dags/example_external_task_marker_dag.py for tasks to queue
[2024-02-23T16:36:16.833+0000] {logging_mixin.py:188} INFO - [2024-02-23T16:36:16.833+0000] {dagbag.py:538} INFO - Filling up the DagBag from /home/airflow/.local/lib/python3.8/site-packages/airflow/example_dags/example_external_task_marker_dag.py
[2024-02-23T16:36:16.843+0000] {processor.py:840} INFO - DAG(s) 'example_external_task_marker_child', 'example_external_task_marker_parent' retrieved from /home/airflow/.local/lib/python3.8/site-packages/airflow/example_dags/example_external_task_marker_dag.py
[2024-02-23T16:36:16.881+0000] {logging_mixin.py:188} INFO - [2024-02-23T16:36:16.880+0000] {dag.py:3036} INFO - Sync 2 DAGs
[2024-02-23T16:36:16.903+0000] {logging_mixin.py:188} INFO - [2024-02-23T16:36:16.902+0000] {dag.py:3823} INFO - Setting next_dagrun for example_external_task_marker_child to None, run_after=None
[2024-02-23T16:36:16.909+0000] {logging_mixin.py:188} INFO - [2024-02-23T16:36:16.909+0000] {dag.py:3823} INFO - Setting next_dagrun for example_external_task_marker_parent to None, run_after=None
[2024-02-23T16:36:16.935+0000] {processor.py:183} INFO - Processing /home/airflow/.local/lib/python3.8/site-packages/airflow/example_dags/example_external_task_marker_dag.py took 0.110 seconds
[2024-02-23T16:36:47.766+0000] {processor.py:161} INFO - Started process (PID=450) to work on /home/airflow/.local/lib/python3.8/site-packages/airflow/example_dags/example_external_task_marker_dag.py
[2024-02-23T16:36:47.767+0000] {processor.py:830} INFO - Processing file /home/airflow/.local/lib/python3.8/site-packages/airflow/example_dags/example_external_task_marker_dag.py for tasks to queue
[2024-02-23T16:36:47.770+0000] {logging_mixin.py:188} INFO - [2024-02-23T16:36:47.769+0000] {dagbag.py:538} INFO - Filling up the DagBag from /home/airflow/.local/lib/python3.8/site-packages/airflow/example_dags/example_external_task_marker_dag.py
[2024-02-23T16:36:47.780+0000] {processor.py:840} INFO - DAG(s) 'example_external_task_marker_parent', 'example_external_task_marker_child' retrieved from /home/airflow/.local/lib/python3.8/site-packages/airflow/example_dags/example_external_task_marker_dag.py
[2024-02-23T16:36:47.831+0000] {logging_mixin.py:188} INFO - [2024-02-23T16:36:47.831+0000] {dag.py:3036} INFO - Sync 2 DAGs
[2024-02-23T16:36:47.856+0000] {logging_mixin.py:188} INFO - [2024-02-23T16:36:47.855+0000] {dag.py:3823} INFO - Setting next_dagrun for example_external_task_marker_child to None, run_after=None
[2024-02-23T16:36:47.863+0000] {logging_mixin.py:188} INFO - [2024-02-23T16:36:47.862+0000] {dag.py:3823} INFO - Setting next_dagrun for example_external_task_marker_parent to None, run_after=None
[2024-02-23T16:36:47.891+0000] {processor.py:183} INFO - Processing /home/airflow/.local/lib/python3.8/site-packages/airflow/example_dags/example_external_task_marker_dag.py took 0.130 seconds
[2024-02-23T16:37:18.109+0000] {processor.py:161} INFO - Started process (PID=507) to work on /home/airflow/.local/lib/python3.8/site-packages/airflow/example_dags/example_external_task_marker_dag.py
[2024-02-23T16:37:18.110+0000] {processor.py:830} INFO - Processing file /home/airflow/.local/lib/python3.8/site-packages/airflow/example_dags/example_external_task_marker_dag.py for tasks to queue
[2024-02-23T16:37:18.115+0000] {logging_mixin.py:188} INFO - [2024-02-23T16:37:18.114+0000] {dagbag.py:538} INFO - Filling up the DagBag from /home/airflow/.local/lib/python3.8/site-packages/airflow/example_dags/example_external_task_marker_dag.py
[2024-02-23T16:37:18.129+0000] {processor.py:840} INFO - DAG(s) 'example_external_task_marker_parent', 'example_external_task_marker_child' retrieved from /home/airflow/.local/lib/python3.8/site-packages/airflow/example_dags/example_external_task_marker_dag.py
[2024-02-23T16:37:18.172+0000] {logging_mixin.py:188} INFO - [2024-02-23T16:37:18.171+0000] {dag.py:3036} INFO - Sync 2 DAGs
[2024-02-23T16:37:18.195+0000] {logging_mixin.py:188} INFO - [2024-02-23T16:37:18.195+0000] {dag.py:3823} INFO - Setting next_dagrun for example_external_task_marker_child to None, run_after=None
[2024-02-23T16:37:18.203+0000] {logging_mixin.py:188} INFO - [2024-02-23T16:37:18.202+0000] {dag.py:3823} INFO - Setting next_dagrun for example_external_task_marker_parent to None, run_after=None
[2024-02-23T16:37:18.229+0000] {processor.py:183} INFO - Processing /home/airflow/.local/lib/python3.8/site-packages/airflow/example_dags/example_external_task_marker_dag.py took 0.127 seconds
[2024-02-23T16:37:48.783+0000] {processor.py:161} INFO - Started process (PID=564) to work on /home/airflow/.local/lib/python3.8/site-packages/airflow/example_dags/example_external_task_marker_dag.py
[2024-02-23T16:37:48.784+0000] {processor.py:830} INFO - Processing file /home/airflow/.local/lib/python3.8/site-packages/airflow/example_dags/example_external_task_marker_dag.py for tasks to queue
[2024-02-23T16:37:48.788+0000] {logging_mixin.py:188} INFO - [2024-02-23T16:37:48.787+0000] {dagbag.py:538} INFO - Filling up the DagBag from /home/airflow/.local/lib/python3.8/site-packages/airflow/example_dags/example_external_task_marker_dag.py
[2024-02-23T16:37:48.799+0000] {processor.py:840} INFO - DAG(s) 'example_external_task_marker_child', 'example_external_task_marker_parent' retrieved from /home/airflow/.local/lib/python3.8/site-packages/airflow/example_dags/example_external_task_marker_dag.py
[2024-02-23T16:37:48.840+0000] {logging_mixin.py:188} INFO - [2024-02-23T16:37:48.839+0000] {dag.py:3036} INFO - Sync 2 DAGs
[2024-02-23T16:37:48.862+0000] {logging_mixin.py:188} INFO - [2024-02-23T16:37:48.862+0000] {dag.py:3823} INFO - Setting next_dagrun for example_external_task_marker_child to None, run_after=None
[2024-02-23T16:37:48.869+0000] {logging_mixin.py:188} INFO - [2024-02-23T16:37:48.869+0000] {dag.py:3823} INFO - Setting next_dagrun for example_external_task_marker_parent to None, run_after=None
[2024-02-23T16:37:48.896+0000] {processor.py:183} INFO - Processing /home/airflow/.local/lib/python3.8/site-packages/airflow/example_dags/example_external_task_marker_dag.py took 0.118 seconds
[2024-02-23T16:38:19.725+0000] {processor.py:161} INFO - Started process (PID=621) to work on /home/airflow/.local/lib/python3.8/site-packages/airflow/example_dags/example_external_task_marker_dag.py
[2024-02-23T16:38:19.727+0000] {processor.py:830} INFO - Processing file /home/airflow/.local/lib/python3.8/site-packages/airflow/example_dags/example_external_task_marker_dag.py for tasks to queue
[2024-02-23T16:38:19.730+0000] {logging_mixin.py:188} INFO - [2024-02-23T16:38:19.729+0000] {dagbag.py:538} INFO - Filling up the DagBag from /home/airflow/.local/lib/python3.8/site-packages/airflow/example_dags/example_external_task_marker_dag.py
[2024-02-23T16:38:19.743+0000] {processor.py:840} INFO - DAG(s) 'example_external_task_marker_child', 'example_external_task_marker_parent' retrieved from /home/airflow/.local/lib/python3.8/site-packages/airflow/example_dags/example_external_task_marker_dag.py
[2024-02-23T16:38:19.794+0000] {logging_mixin.py:188} INFO - [2024-02-23T16:38:19.793+0000] {dag.py:3036} INFO - Sync 2 DAGs
[2024-02-23T16:38:19.819+0000] {logging_mixin.py:188} INFO - [2024-02-23T16:38:19.819+0000] {dag.py:3823} INFO - Setting next_dagrun for example_external_task_marker_child to None, run_after=None
[2024-02-23T16:38:19.827+0000] {logging_mixin.py:188} INFO - [2024-02-23T16:38:19.827+0000] {dag.py:3823} INFO - Setting next_dagrun for example_external_task_marker_parent to None, run_after=None
[2024-02-23T16:38:19.860+0000] {processor.py:183} INFO - Processing /home/airflow/.local/lib/python3.8/site-packages/airflow/example_dags/example_external_task_marker_dag.py took 0.141 seconds
[2024-02-23T16:38:50.793+0000] {processor.py:161} INFO - Started process (PID=677) to work on /home/airflow/.local/lib/python3.8/site-packages/airflow/example_dags/example_external_task_marker_dag.py
[2024-02-23T16:38:50.794+0000] {processor.py:830} INFO - Processing file /home/airflow/.local/lib/python3.8/site-packages/airflow/example_dags/example_external_task_marker_dag.py for tasks to queue
[2024-02-23T16:38:50.797+0000] {logging_mixin.py:188} INFO - [2024-02-23T16:38:50.797+0000] {dagbag.py:538} INFO - Filling up the DagBag from /home/airflow/.local/lib/python3.8/site-packages/airflow/example_dags/example_external_task_marker_dag.py
[2024-02-23T16:38:50.809+0000] {processor.py:840} INFO - DAG(s) 'example_external_task_marker_parent', 'example_external_task_marker_child' retrieved from /home/airflow/.local/lib/python3.8/site-packages/airflow/example_dags/example_external_task_marker_dag.py
[2024-02-23T16:38:50.854+0000] {logging_mixin.py:188} INFO - [2024-02-23T16:38:50.854+0000] {dag.py:3036} INFO - Sync 2 DAGs
[2024-02-23T16:38:50.884+0000] {logging_mixin.py:188} INFO - [2024-02-23T16:38:50.883+0000] {dag.py:3823} INFO - Setting next_dagrun for example_external_task_marker_child to None, run_after=None
[2024-02-23T16:38:50.895+0000] {logging_mixin.py:188} INFO - [2024-02-23T16:38:50.895+0000] {dag.py:3823} INFO - Setting next_dagrun for example_external_task_marker_parent to None, run_after=None
[2024-02-23T16:38:50.925+0000] {processor.py:183} INFO - Processing /home/airflow/.local/lib/python3.8/site-packages/airflow/example_dags/example_external_task_marker_dag.py took 0.138 seconds
[2024-02-23T16:39:21.121+0000] {processor.py:161} INFO - Started process (PID=734) to work on /home/airflow/.local/lib/python3.8/site-packages/airflow/example_dags/example_external_task_marker_dag.py
[2024-02-23T16:39:21.177+0000] {processor.py:830} INFO - Processing file /home/airflow/.local/lib/python3.8/site-packages/airflow/example_dags/example_external_task_marker_dag.py for tasks to queue
[2024-02-23T16:39:21.182+0000] {logging_mixin.py:188} INFO - [2024-02-23T16:39:21.182+0000] {dagbag.py:538} INFO - Filling up the DagBag from /home/airflow/.local/lib/python3.8/site-packages/airflow/example_dags/example_external_task_marker_dag.py
[2024-02-23T16:39:21.200+0000] {processor.py:840} INFO - DAG(s) 'example_external_task_marker_child', 'example_external_task_marker_parent' retrieved from /home/airflow/.local/lib/python3.8/site-packages/airflow/example_dags/example_external_task_marker_dag.py
[2024-02-23T16:39:21.274+0000] {logging_mixin.py:188} INFO - [2024-02-23T16:39:21.273+0000] {dag.py:3036} INFO - Sync 2 DAGs
[2024-02-23T16:39:21.319+0000] {logging_mixin.py:188} INFO - [2024-02-23T16:39:21.318+0000] {dag.py:3823} INFO - Setting next_dagrun for example_external_task_marker_child to None, run_after=None
[2024-02-23T16:39:21.328+0000] {logging_mixin.py:188} INFO - [2024-02-23T16:39:21.327+0000] {dag.py:3823} INFO - Setting next_dagrun for example_external_task_marker_parent to None, run_after=None
[2024-02-23T16:39:21.373+0000] {processor.py:183} INFO - Processing /home/airflow/.local/lib/python3.8/site-packages/airflow/example_dags/example_external_task_marker_dag.py took 0.259 seconds
[2024-02-23T16:39:51.518+0000] {processor.py:161} INFO - Started process (PID=791) to work on /home/airflow/.local/lib/python3.8/site-packages/airflow/example_dags/example_external_task_marker_dag.py
[2024-02-23T16:39:51.520+0000] {processor.py:830} INFO - Processing file /home/airflow/.local/lib/python3.8/site-packages/airflow/example_dags/example_external_task_marker_dag.py for tasks to queue
[2024-02-23T16:39:51.523+0000] {logging_mixin.py:188} INFO - [2024-02-23T16:39:51.523+0000] {dagbag.py:538} INFO - Filling up the DagBag from /home/airflow/.local/lib/python3.8/site-packages/airflow/example_dags/example_external_task_marker_dag.py
[2024-02-23T16:39:51.536+0000] {processor.py:840} INFO - DAG(s) 'example_external_task_marker_child', 'example_external_task_marker_parent' retrieved from /home/airflow/.local/lib/python3.8/site-packages/airflow/example_dags/example_external_task_marker_dag.py
[2024-02-23T16:39:51.583+0000] {logging_mixin.py:188} INFO - [2024-02-23T16:39:51.582+0000] {dag.py:3036} INFO - Sync 2 DAGs
[2024-02-23T16:39:51.610+0000] {logging_mixin.py:188} INFO - [2024-02-23T16:39:51.610+0000] {dag.py:3823} INFO - Setting next_dagrun for example_external_task_marker_child to None, run_after=None
[2024-02-23T16:39:51.620+0000] {logging_mixin.py:188} INFO - [2024-02-23T16:39:51.620+0000] {dag.py:3823} INFO - Setting next_dagrun for example_external_task_marker_parent to None, run_after=None
[2024-02-23T16:39:51.663+0000] {processor.py:183} INFO - Processing /home/airflow/.local/lib/python3.8/site-packages/airflow/example_dags/example_external_task_marker_dag.py took 0.152 seconds
[2024-02-23T16:40:22.547+0000] {processor.py:161} INFO - Started process (PID=848) to work on /home/airflow/.local/lib/python3.8/site-packages/airflow/example_dags/example_external_task_marker_dag.py
[2024-02-23T16:40:22.550+0000] {processor.py:830} INFO - Processing file /home/airflow/.local/lib/python3.8/site-packages/airflow/example_dags/example_external_task_marker_dag.py for tasks to queue
[2024-02-23T16:40:22.553+0000] {logging_mixin.py:188} INFO - [2024-02-23T16:40:22.552+0000] {dagbag.py:538} INFO - Filling up the DagBag from /home/airflow/.local/lib/python3.8/site-packages/airflow/example_dags/example_external_task_marker_dag.py
[2024-02-23T16:40:22.568+0000] {processor.py:840} INFO - DAG(s) 'example_external_task_marker_child', 'example_external_task_marker_parent' retrieved from /home/airflow/.local/lib/python3.8/site-packages/airflow/example_dags/example_external_task_marker_dag.py
[2024-02-23T16:40:22.617+0000] {logging_mixin.py:188} INFO - [2024-02-23T16:40:22.616+0000] {dag.py:3036} INFO - Sync 2 DAGs
[2024-02-23T16:40:22.648+0000] {logging_mixin.py:188} INFO - [2024-02-23T16:40:22.647+0000] {dag.py:3823} INFO - Setting next_dagrun for example_external_task_marker_child to None, run_after=None
[2024-02-23T16:40:22.657+0000] {logging_mixin.py:188} INFO - [2024-02-23T16:40:22.656+0000] {dag.py:3823} INFO - Setting next_dagrun for example_external_task_marker_parent to None, run_after=None
[2024-02-23T16:40:22.689+0000] {processor.py:183} INFO - Processing /home/airflow/.local/lib/python3.8/site-packages/airflow/example_dags/example_external_task_marker_dag.py took 0.147 seconds
[2024-02-23T16:40:53.482+0000] {processor.py:161} INFO - Started process (PID=906) to work on /home/airflow/.local/lib/python3.8/site-packages/airflow/example_dags/example_external_task_marker_dag.py
[2024-02-23T16:40:53.484+0000] {processor.py:830} INFO - Processing file /home/airflow/.local/lib/python3.8/site-packages/airflow/example_dags/example_external_task_marker_dag.py for tasks to queue
[2024-02-23T16:40:53.488+0000] {logging_mixin.py:188} INFO - [2024-02-23T16:40:53.487+0000] {dagbag.py:538} INFO - Filling up the DagBag from /home/airflow/.local/lib/python3.8/site-packages/airflow/example_dags/example_external_task_marker_dag.py
[2024-02-23T16:40:53.506+0000] {processor.py:840} INFO - DAG(s) 'example_external_task_marker_child', 'example_external_task_marker_parent' retrieved from /home/airflow/.local/lib/python3.8/site-packages/airflow/example_dags/example_external_task_marker_dag.py
[2024-02-23T16:40:53.559+0000] {logging_mixin.py:188} INFO - [2024-02-23T16:40:53.558+0000] {dag.py:3036} INFO - Sync 2 DAGs
[2024-02-23T16:40:53.588+0000] {logging_mixin.py:188} INFO - [2024-02-23T16:40:53.588+0000] {dag.py:3823} INFO - Setting next_dagrun for example_external_task_marker_child to None, run_after=None
[2024-02-23T16:40:53.597+0000] {logging_mixin.py:188} INFO - [2024-02-23T16:40:53.596+0000] {dag.py:3823} INFO - Setting next_dagrun for example_external_task_marker_parent to None, run_after=None
[2024-02-23T16:40:53.633+0000] {processor.py:183} INFO - Processing /home/airflow/.local/lib/python3.8/site-packages/airflow/example_dags/example_external_task_marker_dag.py took 0.159 seconds
[2024-02-23T16:41:23.804+0000] {processor.py:161} INFO - Started process (PID=963) to work on /home/airflow/.local/lib/python3.8/site-packages/airflow/example_dags/example_external_task_marker_dag.py
[2024-02-23T16:41:23.805+0000] {processor.py:830} INFO - Processing file /home/airflow/.local/lib/python3.8/site-packages/airflow/example_dags/example_external_task_marker_dag.py for tasks to queue
[2024-02-23T16:41:23.808+0000] {logging_mixin.py:188} INFO - [2024-02-23T16:41:23.807+0000] {dagbag.py:538} INFO - Filling up the DagBag from /home/airflow/.local/lib/python3.8/site-packages/airflow/example_dags/example_external_task_marker_dag.py
[2024-02-23T16:41:23.819+0000] {processor.py:840} INFO - DAG(s) 'example_external_task_marker_parent', 'example_external_task_marker_child' retrieved from /home/airflow/.local/lib/python3.8/site-packages/airflow/example_dags/example_external_task_marker_dag.py
[2024-02-23T16:41:23.888+0000] {logging_mixin.py:188} INFO - [2024-02-23T16:41:23.887+0000] {dag.py:3036} INFO - Sync 2 DAGs
[2024-02-23T16:41:23.921+0000] {logging_mixin.py:188} INFO - [2024-02-23T16:41:23.921+0000] {dag.py:3823} INFO - Setting next_dagrun for example_external_task_marker_child to None, run_after=None
[2024-02-23T16:41:23.931+0000] {logging_mixin.py:188} INFO - [2024-02-23T16:41:23.931+0000] {dag.py:3823} INFO - Setting next_dagrun for example_external_task_marker_parent to None, run_after=None
[2024-02-23T16:41:23.979+0000] {processor.py:183} INFO - Processing /home/airflow/.local/lib/python3.8/site-packages/airflow/example_dags/example_external_task_marker_dag.py took 0.181 seconds
[2024-02-23T16:43:04.094+0000] {processor.py:161} INFO - Started process (PID=50) to work on /home/airflow/.local/lib/python3.8/site-packages/airflow/example_dags/example_external_task_marker_dag.py
[2024-02-23T16:43:04.096+0000] {processor.py:830} INFO - Processing file /home/airflow/.local/lib/python3.8/site-packages/airflow/example_dags/example_external_task_marker_dag.py for tasks to queue
[2024-02-23T16:43:04.099+0000] {logging_mixin.py:188} INFO - [2024-02-23T16:43:04.099+0000] {dagbag.py:538} INFO - Filling up the DagBag from /home/airflow/.local/lib/python3.8/site-packages/airflow/example_dags/example_external_task_marker_dag.py
[2024-02-23T16:43:04.120+0000] {processor.py:840} INFO - DAG(s) 'example_external_task_marker_child', 'example_external_task_marker_parent' retrieved from /home/airflow/.local/lib/python3.8/site-packages/airflow/example_dags/example_external_task_marker_dag.py
[2024-02-23T16:43:04.444+0000] {logging_mixin.py:188} INFO - [2024-02-23T16:43:04.444+0000] {dag.py:3036} INFO - Sync 2 DAGs
[2024-02-23T16:43:04.474+0000] {logging_mixin.py:188} INFO - [2024-02-23T16:43:04.474+0000] {dag.py:3823} INFO - Setting next_dagrun for example_external_task_marker_child to None, run_after=None
[2024-02-23T16:43:04.482+0000] {logging_mixin.py:188} INFO - [2024-02-23T16:43:04.482+0000] {dag.py:3823} INFO - Setting next_dagrun for example_external_task_marker_parent to None, run_after=None
[2024-02-23T16:43:04.526+0000] {processor.py:183} INFO - Processing /home/airflow/.local/lib/python3.8/site-packages/airflow/example_dags/example_external_task_marker_dag.py took 0.439 seconds
[2024-02-23T16:43:34.742+0000] {processor.py:161} INFO - Started process (PID=107) to work on /home/airflow/.local/lib/python3.8/site-packages/airflow/example_dags/example_external_task_marker_dag.py
[2024-02-23T16:43:34.743+0000] {processor.py:830} INFO - Processing file /home/airflow/.local/lib/python3.8/site-packages/airflow/example_dags/example_external_task_marker_dag.py for tasks to queue
[2024-02-23T16:43:34.746+0000] {logging_mixin.py:188} INFO - [2024-02-23T16:43:34.746+0000] {dagbag.py:538} INFO - Filling up the DagBag from /home/airflow/.local/lib/python3.8/site-packages/airflow/example_dags/example_external_task_marker_dag.py
[2024-02-23T16:43:34.756+0000] {processor.py:840} INFO - DAG(s) 'example_external_task_marker_child', 'example_external_task_marker_parent' retrieved from /home/airflow/.local/lib/python3.8/site-packages/airflow/example_dags/example_external_task_marker_dag.py
[2024-02-23T16:43:34.799+0000] {logging_mixin.py:188} INFO - [2024-02-23T16:43:34.798+0000] {dag.py:3036} INFO - Sync 2 DAGs
[2024-02-23T16:43:34.823+0000] {logging_mixin.py:188} INFO - [2024-02-23T16:43:34.823+0000] {dag.py:3823} INFO - Setting next_dagrun for example_external_task_marker_child to None, run_after=None
[2024-02-23T16:43:34.831+0000] {logging_mixin.py:188} INFO - [2024-02-23T16:43:34.830+0000] {dag.py:3823} INFO - Setting next_dagrun for example_external_task_marker_parent to None, run_after=None
[2024-02-23T16:43:34.857+0000] {processor.py:183} INFO - Processing /home/airflow/.local/lib/python3.8/site-packages/airflow/example_dags/example_external_task_marker_dag.py took 0.121 seconds
[2024-02-23T16:44:05.038+0000] {processor.py:161} INFO - Started process (PID=164) to work on /home/airflow/.local/lib/python3.8/site-packages/airflow/example_dags/example_external_task_marker_dag.py
[2024-02-23T16:44:05.040+0000] {processor.py:830} INFO - Processing file /home/airflow/.local/lib/python3.8/site-packages/airflow/example_dags/example_external_task_marker_dag.py for tasks to queue
[2024-02-23T16:44:05.042+0000] {logging_mixin.py:188} INFO - [2024-02-23T16:44:05.042+0000] {dagbag.py:538} INFO - Filling up the DagBag from /home/airflow/.local/lib/python3.8/site-packages/airflow/example_dags/example_external_task_marker_dag.py
[2024-02-23T16:44:05.053+0000] {processor.py:840} INFO - DAG(s) 'example_external_task_marker_child', 'example_external_task_marker_parent' retrieved from /home/airflow/.local/lib/python3.8/site-packages/airflow/example_dags/example_external_task_marker_dag.py
[2024-02-23T16:44:05.097+0000] {logging_mixin.py:188} INFO - [2024-02-23T16:44:05.097+0000] {dag.py:3036} INFO - Sync 2 DAGs
[2024-02-23T16:44:05.120+0000] {logging_mixin.py:188} INFO - [2024-02-23T16:44:05.120+0000] {dag.py:3823} INFO - Setting next_dagrun for example_external_task_marker_child to None, run_after=None
[2024-02-23T16:44:05.127+0000] {logging_mixin.py:188} INFO - [2024-02-23T16:44:05.127+0000] {dag.py:3823} INFO - Setting next_dagrun for example_external_task_marker_parent to None, run_after=None
[2024-02-23T16:44:05.154+0000] {processor.py:183} INFO - Processing /home/airflow/.local/lib/python3.8/site-packages/airflow/example_dags/example_external_task_marker_dag.py took 0.122 seconds
[2024-02-23T16:44:35.598+0000] {processor.py:161} INFO - Started process (PID=221) to work on /home/airflow/.local/lib/python3.8/site-packages/airflow/example_dags/example_external_task_marker_dag.py
[2024-02-23T16:44:35.599+0000] {processor.py:830} INFO - Processing file /home/airflow/.local/lib/python3.8/site-packages/airflow/example_dags/example_external_task_marker_dag.py for tasks to queue
[2024-02-23T16:44:35.603+0000] {logging_mixin.py:188} INFO - [2024-02-23T16:44:35.602+0000] {dagbag.py:538} INFO - Filling up the DagBag from /home/airflow/.local/lib/python3.8/site-packages/airflow/example_dags/example_external_task_marker_dag.py
[2024-02-23T16:44:35.617+0000] {processor.py:840} INFO - DAG(s) 'example_external_task_marker_parent', 'example_external_task_marker_child' retrieved from /home/airflow/.local/lib/python3.8/site-packages/airflow/example_dags/example_external_task_marker_dag.py
[2024-02-23T16:44:35.671+0000] {logging_mixin.py:188} INFO - [2024-02-23T16:44:35.671+0000] {dag.py:3036} INFO - Sync 2 DAGs
[2024-02-23T16:44:35.705+0000] {logging_mixin.py:188} INFO - [2024-02-23T16:44:35.705+0000] {dag.py:3823} INFO - Setting next_dagrun for example_external_task_marker_child to None, run_after=None
[2024-02-23T16:44:35.716+0000] {logging_mixin.py:188} INFO - [2024-02-23T16:44:35.715+0000] {dag.py:3823} INFO - Setting next_dagrun for example_external_task_marker_parent to None, run_after=None
[2024-02-23T16:44:35.762+0000] {processor.py:183} INFO - Processing /home/airflow/.local/lib/python3.8/site-packages/airflow/example_dags/example_external_task_marker_dag.py took 0.171 seconds
[2024-02-23T16:45:06.212+0000] {processor.py:161} INFO - Started process (PID=278) to work on /home/airflow/.local/lib/python3.8/site-packages/airflow/example_dags/example_external_task_marker_dag.py
[2024-02-23T16:45:06.214+0000] {processor.py:830} INFO - Processing file /home/airflow/.local/lib/python3.8/site-packages/airflow/example_dags/example_external_task_marker_dag.py for tasks to queue
[2024-02-23T16:45:06.217+0000] {logging_mixin.py:188} INFO - [2024-02-23T16:45:06.216+0000] {dagbag.py:538} INFO - Filling up the DagBag from /home/airflow/.local/lib/python3.8/site-packages/airflow/example_dags/example_external_task_marker_dag.py
[2024-02-23T16:45:06.226+0000] {processor.py:840} INFO - DAG(s) 'example_external_task_marker_parent', 'example_external_task_marker_child' retrieved from /home/airflow/.local/lib/python3.8/site-packages/airflow/example_dags/example_external_task_marker_dag.py
[2024-02-23T16:45:06.277+0000] {logging_mixin.py:188} INFO - [2024-02-23T16:45:06.277+0000] {dag.py:3036} INFO - Sync 2 DAGs
[2024-02-23T16:45:06.304+0000] {logging_mixin.py:188} INFO - [2024-02-23T16:45:06.303+0000] {dag.py:3823} INFO - Setting next_dagrun for example_external_task_marker_child to None, run_after=None
[2024-02-23T16:45:06.310+0000] {logging_mixin.py:188} INFO - [2024-02-23T16:45:06.310+0000] {dag.py:3823} INFO - Setting next_dagrun for example_external_task_marker_parent to None, run_after=None
[2024-02-23T16:45:06.340+0000] {processor.py:183} INFO - Processing /home/airflow/.local/lib/python3.8/site-packages/airflow/example_dags/example_external_task_marker_dag.py took 0.133 seconds
[2024-02-23T16:45:36.490+0000] {processor.py:161} INFO - Started process (PID=334) to work on /home/airflow/.local/lib/python3.8/site-packages/airflow/example_dags/example_external_task_marker_dag.py
[2024-02-23T16:45:36.492+0000] {processor.py:830} INFO - Processing file /home/airflow/.local/lib/python3.8/site-packages/airflow/example_dags/example_external_task_marker_dag.py for tasks to queue
[2024-02-23T16:45:36.495+0000] {logging_mixin.py:188} INFO - [2024-02-23T16:45:36.494+0000] {dagbag.py:538} INFO - Filling up the DagBag from /home/airflow/.local/lib/python3.8/site-packages/airflow/example_dags/example_external_task_marker_dag.py
[2024-02-23T16:45:36.504+0000] {processor.py:840} INFO - DAG(s) 'example_external_task_marker_child', 'example_external_task_marker_parent' retrieved from /home/airflow/.local/lib/python3.8/site-packages/airflow/example_dags/example_external_task_marker_dag.py
[2024-02-23T16:45:36.543+0000] {logging_mixin.py:188} INFO - [2024-02-23T16:45:36.543+0000] {dag.py:3036} INFO - Sync 2 DAGs
[2024-02-23T16:45:36.566+0000] {logging_mixin.py:188} INFO - [2024-02-23T16:45:36.565+0000] {dag.py:3823} INFO - Setting next_dagrun for example_external_task_marker_child to None, run_after=None
[2024-02-23T16:45:36.573+0000] {logging_mixin.py:188} INFO - [2024-02-23T16:45:36.572+0000] {dag.py:3823} INFO - Setting next_dagrun for example_external_task_marker_parent to None, run_after=None
[2024-02-23T16:45:36.603+0000] {processor.py:183} INFO - Processing /home/airflow/.local/lib/python3.8/site-packages/airflow/example_dags/example_external_task_marker_dag.py took 0.119 seconds
[2024-02-23T16:46:06.807+0000] {processor.py:161} INFO - Started process (PID=391) to work on /home/airflow/.local/lib/python3.8/site-packages/airflow/example_dags/example_external_task_marker_dag.py
[2024-02-23T16:46:06.809+0000] {processor.py:830} INFO - Processing file /home/airflow/.local/lib/python3.8/site-packages/airflow/example_dags/example_external_task_marker_dag.py for tasks to queue
[2024-02-23T16:46:06.812+0000] {logging_mixin.py:188} INFO - [2024-02-23T16:46:06.812+0000] {dagbag.py:538} INFO - Filling up the DagBag from /home/airflow/.local/lib/python3.8/site-packages/airflow/example_dags/example_external_task_marker_dag.py
[2024-02-23T16:46:06.823+0000] {processor.py:840} INFO - DAG(s) 'example_external_task_marker_child', 'example_external_task_marker_parent' retrieved from /home/airflow/.local/lib/python3.8/site-packages/airflow/example_dags/example_external_task_marker_dag.py
[2024-02-23T16:46:06.861+0000] {logging_mixin.py:188} INFO - [2024-02-23T16:46:06.860+0000] {dag.py:3036} INFO - Sync 2 DAGs
[2024-02-23T16:46:06.886+0000] {logging_mixin.py:188} INFO - [2024-02-23T16:46:06.886+0000] {dag.py:3823} INFO - Setting next_dagrun for example_external_task_marker_child to None, run_after=None
[2024-02-23T16:46:06.892+0000] {logging_mixin.py:188} INFO - [2024-02-23T16:46:06.892+0000] {dag.py:3823} INFO - Setting next_dagrun for example_external_task_marker_parent to None, run_after=None
[2024-02-23T16:46:06.916+0000] {processor.py:183} INFO - Processing /home/airflow/.local/lib/python3.8/site-packages/airflow/example_dags/example_external_task_marker_dag.py took 0.114 seconds
[2024-02-23T16:46:37.653+0000] {processor.py:161} INFO - Started process (PID=448) to work on /home/airflow/.local/lib/python3.8/site-packages/airflow/example_dags/example_external_task_marker_dag.py
[2024-02-23T16:46:37.655+0000] {processor.py:830} INFO - Processing file /home/airflow/.local/lib/python3.8/site-packages/airflow/example_dags/example_external_task_marker_dag.py for tasks to queue
[2024-02-23T16:46:37.660+0000] {logging_mixin.py:188} INFO - [2024-02-23T16:46:37.659+0000] {dagbag.py:538} INFO - Filling up the DagBag from /home/airflow/.local/lib/python3.8/site-packages/airflow/example_dags/example_external_task_marker_dag.py
[2024-02-23T16:46:37.670+0000] {processor.py:840} INFO - DAG(s) 'example_external_task_marker_child', 'example_external_task_marker_parent' retrieved from /home/airflow/.local/lib/python3.8/site-packages/airflow/example_dags/example_external_task_marker_dag.py
[2024-02-23T16:46:37.713+0000] {logging_mixin.py:188} INFO - [2024-02-23T16:46:37.712+0000] {dag.py:3036} INFO - Sync 2 DAGs
[2024-02-23T16:46:37.737+0000] {logging_mixin.py:188} INFO - [2024-02-23T16:46:37.736+0000] {dag.py:3823} INFO - Setting next_dagrun for example_external_task_marker_child to None, run_after=None
[2024-02-23T16:46:37.744+0000] {logging_mixin.py:188} INFO - [2024-02-23T16:46:37.743+0000] {dag.py:3823} INFO - Setting next_dagrun for example_external_task_marker_parent to None, run_after=None
[2024-02-23T16:46:37.774+0000] {processor.py:183} INFO - Processing /home/airflow/.local/lib/python3.8/site-packages/airflow/example_dags/example_external_task_marker_dag.py took 0.127 seconds
[2024-02-23T16:47:08.045+0000] {processor.py:161} INFO - Started process (PID=505) to work on /home/airflow/.local/lib/python3.8/site-packages/airflow/example_dags/example_external_task_marker_dag.py
[2024-02-23T16:47:08.046+0000] {processor.py:830} INFO - Processing file /home/airflow/.local/lib/python3.8/site-packages/airflow/example_dags/example_external_task_marker_dag.py for tasks to queue
[2024-02-23T16:47:08.049+0000] {logging_mixin.py:188} INFO - [2024-02-23T16:47:08.048+0000] {dagbag.py:538} INFO - Filling up the DagBag from /home/airflow/.local/lib/python3.8/site-packages/airflow/example_dags/example_external_task_marker_dag.py
[2024-02-23T16:47:08.059+0000] {processor.py:840} INFO - DAG(s) 'example_external_task_marker_child', 'example_external_task_marker_parent' retrieved from /home/airflow/.local/lib/python3.8/site-packages/airflow/example_dags/example_external_task_marker_dag.py
[2024-02-23T16:47:08.123+0000] {logging_mixin.py:188} INFO - [2024-02-23T16:47:08.123+0000] {dag.py:3036} INFO - Sync 2 DAGs
[2024-02-23T16:47:08.150+0000] {logging_mixin.py:188} INFO - [2024-02-23T16:47:08.150+0000] {dag.py:3823} INFO - Setting next_dagrun for example_external_task_marker_child to None, run_after=None
[2024-02-23T16:47:08.160+0000] {logging_mixin.py:188} INFO - [2024-02-23T16:47:08.160+0000] {dag.py:3823} INFO - Setting next_dagrun for example_external_task_marker_parent to None, run_after=None
[2024-02-23T16:47:08.194+0000] {processor.py:183} INFO - Processing /home/airflow/.local/lib/python3.8/site-packages/airflow/example_dags/example_external_task_marker_dag.py took 0.154 seconds
[2024-02-23T16:48:36.052+0000] {processor.py:161} INFO - Started process (PID=50) to work on /home/airflow/.local/lib/python3.8/site-packages/airflow/example_dags/example_external_task_marker_dag.py
[2024-02-23T16:48:36.054+0000] {processor.py:830} INFO - Processing file /home/airflow/.local/lib/python3.8/site-packages/airflow/example_dags/example_external_task_marker_dag.py for tasks to queue
[2024-02-23T16:48:36.058+0000] {logging_mixin.py:188} INFO - [2024-02-23T16:48:36.057+0000] {dagbag.py:538} INFO - Filling up the DagBag from /home/airflow/.local/lib/python3.8/site-packages/airflow/example_dags/example_external_task_marker_dag.py
[2024-02-23T16:48:36.079+0000] {processor.py:840} INFO - DAG(s) 'example_external_task_marker_parent', 'example_external_task_marker_child' retrieved from /home/airflow/.local/lib/python3.8/site-packages/airflow/example_dags/example_external_task_marker_dag.py
[2024-02-23T16:48:36.425+0000] {logging_mixin.py:188} INFO - [2024-02-23T16:48:36.424+0000] {dag.py:3036} INFO - Sync 2 DAGs
[2024-02-23T16:48:36.452+0000] {logging_mixin.py:188} INFO - [2024-02-23T16:48:36.451+0000] {dag.py:3823} INFO - Setting next_dagrun for example_external_task_marker_child to None, run_after=None
[2024-02-23T16:48:36.459+0000] {logging_mixin.py:188} INFO - [2024-02-23T16:48:36.458+0000] {dag.py:3823} INFO - Setting next_dagrun for example_external_task_marker_parent to None, run_after=None
[2024-02-23T16:48:36.529+0000] {processor.py:183} INFO - Processing /home/airflow/.local/lib/python3.8/site-packages/airflow/example_dags/example_external_task_marker_dag.py took 0.484 seconds
[2024-02-23T16:51:56.154+0000] {processor.py:161} INFO - Started process (PID=42) to work on /home/airflow/.local/lib/python3.8/site-packages/airflow/example_dags/example_external_task_marker_dag.py
[2024-02-23T16:51:56.156+0000] {processor.py:830} INFO - Processing file /home/airflow/.local/lib/python3.8/site-packages/airflow/example_dags/example_external_task_marker_dag.py for tasks to queue
[2024-02-23T16:51:56.159+0000] {logging_mixin.py:188} INFO - [2024-02-23T16:51:56.158+0000] {dagbag.py:538} INFO - Filling up the DagBag from /home/airflow/.local/lib/python3.8/site-packages/airflow/example_dags/example_external_task_marker_dag.py
[2024-02-23T16:51:56.182+0000] {processor.py:840} INFO - DAG(s) 'example_external_task_marker_child', 'example_external_task_marker_parent' retrieved from /home/airflow/.local/lib/python3.8/site-packages/airflow/example_dags/example_external_task_marker_dag.py
[2024-02-23T16:51:56.456+0000] {logging_mixin.py:188} INFO - [2024-02-23T16:51:56.455+0000] {dag.py:3036} INFO - Sync 2 DAGs
[2024-02-23T16:51:56.478+0000] {logging_mixin.py:188} INFO - [2024-02-23T16:51:56.477+0000] {dag.py:3823} INFO - Setting next_dagrun for example_external_task_marker_child to None, run_after=None
[2024-02-23T16:51:56.485+0000] {logging_mixin.py:188} INFO - [2024-02-23T16:51:56.484+0000] {dag.py:3823} INFO - Setting next_dagrun for example_external_task_marker_parent to None, run_after=None
[2024-02-23T16:51:56.532+0000] {processor.py:183} INFO - Processing /home/airflow/.local/lib/python3.8/site-packages/airflow/example_dags/example_external_task_marker_dag.py took 0.386 seconds
[2024-02-23T16:52:27.085+0000] {processor.py:161} INFO - Started process (PID=100) to work on /home/airflow/.local/lib/python3.8/site-packages/airflow/example_dags/example_external_task_marker_dag.py
[2024-02-23T16:52:27.087+0000] {processor.py:830} INFO - Processing file /home/airflow/.local/lib/python3.8/site-packages/airflow/example_dags/example_external_task_marker_dag.py for tasks to queue
[2024-02-23T16:52:27.090+0000] {logging_mixin.py:188} INFO - [2024-02-23T16:52:27.089+0000] {dagbag.py:538} INFO - Filling up the DagBag from /home/airflow/.local/lib/python3.8/site-packages/airflow/example_dags/example_external_task_marker_dag.py
[2024-02-23T16:52:27.100+0000] {processor.py:840} INFO - DAG(s) 'example_external_task_marker_child', 'example_external_task_marker_parent' retrieved from /home/airflow/.local/lib/python3.8/site-packages/airflow/example_dags/example_external_task_marker_dag.py
[2024-02-23T16:52:27.139+0000] {logging_mixin.py:188} INFO - [2024-02-23T16:52:27.138+0000] {dag.py:3036} INFO - Sync 2 DAGs
[2024-02-23T16:52:27.161+0000] {logging_mixin.py:188} INFO - [2024-02-23T16:52:27.160+0000] {dag.py:3823} INFO - Setting next_dagrun for example_external_task_marker_child to None, run_after=None
[2024-02-23T16:52:27.167+0000] {logging_mixin.py:188} INFO - [2024-02-23T16:52:27.166+0000] {dag.py:3823} INFO - Setting next_dagrun for example_external_task_marker_parent to None, run_after=None
[2024-02-23T16:52:27.196+0000] {processor.py:183} INFO - Processing /home/airflow/.local/lib/python3.8/site-packages/airflow/example_dags/example_external_task_marker_dag.py took 0.116 seconds
[2024-02-23T16:52:57.846+0000] {processor.py:161} INFO - Started process (PID=158) to work on /home/airflow/.local/lib/python3.8/site-packages/airflow/example_dags/example_external_task_marker_dag.py
[2024-02-23T16:52:57.847+0000] {processor.py:830} INFO - Processing file /home/airflow/.local/lib/python3.8/site-packages/airflow/example_dags/example_external_task_marker_dag.py for tasks to queue
[2024-02-23T16:52:57.850+0000] {logging_mixin.py:188} INFO - [2024-02-23T16:52:57.850+0000] {dagbag.py:538} INFO - Filling up the DagBag from /home/airflow/.local/lib/python3.8/site-packages/airflow/example_dags/example_external_task_marker_dag.py
[2024-02-23T16:52:57.861+0000] {processor.py:840} INFO - DAG(s) 'example_external_task_marker_parent', 'example_external_task_marker_child' retrieved from /home/airflow/.local/lib/python3.8/site-packages/airflow/example_dags/example_external_task_marker_dag.py
[2024-02-23T16:52:57.907+0000] {logging_mixin.py:188} INFO - [2024-02-23T16:52:57.906+0000] {dag.py:3036} INFO - Sync 2 DAGs
[2024-02-23T16:52:57.933+0000] {logging_mixin.py:188} INFO - [2024-02-23T16:52:57.933+0000] {dag.py:3823} INFO - Setting next_dagrun for example_external_task_marker_child to None, run_after=None
[2024-02-23T16:52:57.941+0000] {logging_mixin.py:188} INFO - [2024-02-23T16:52:57.940+0000] {dag.py:3823} INFO - Setting next_dagrun for example_external_task_marker_parent to None, run_after=None
[2024-02-23T16:52:57.976+0000] {processor.py:183} INFO - Processing /home/airflow/.local/lib/python3.8/site-packages/airflow/example_dags/example_external_task_marker_dag.py took 0.135 seconds
[2024-02-23T16:53:29.034+0000] {processor.py:161} INFO - Started process (PID=215) to work on /home/airflow/.local/lib/python3.8/site-packages/airflow/example_dags/example_external_task_marker_dag.py
[2024-02-23T16:53:29.036+0000] {processor.py:830} INFO - Processing file /home/airflow/.local/lib/python3.8/site-packages/airflow/example_dags/example_external_task_marker_dag.py for tasks to queue
[2024-02-23T16:53:29.040+0000] {logging_mixin.py:188} INFO - [2024-02-23T16:53:29.040+0000] {dagbag.py:538} INFO - Filling up the DagBag from /home/airflow/.local/lib/python3.8/site-packages/airflow/example_dags/example_external_task_marker_dag.py
[2024-02-23T16:53:29.064+0000] {processor.py:840} INFO - DAG(s) 'example_external_task_marker_parent', 'example_external_task_marker_child' retrieved from /home/airflow/.local/lib/python3.8/site-packages/airflow/example_dags/example_external_task_marker_dag.py
[2024-02-23T16:53:29.158+0000] {logging_mixin.py:188} INFO - [2024-02-23T16:53:29.158+0000] {dag.py:3036} INFO - Sync 2 DAGs
[2024-02-23T16:53:29.204+0000] {logging_mixin.py:188} INFO - [2024-02-23T16:53:29.204+0000] {dag.py:3823} INFO - Setting next_dagrun for example_external_task_marker_child to None, run_after=None
[2024-02-23T16:53:29.217+0000] {logging_mixin.py:188} INFO - [2024-02-23T16:53:29.216+0000] {dag.py:3823} INFO - Setting next_dagrun for example_external_task_marker_parent to None, run_after=None
[2024-02-23T16:53:29.285+0000] {processor.py:183} INFO - Processing /home/airflow/.local/lib/python3.8/site-packages/airflow/example_dags/example_external_task_marker_dag.py took 0.261 seconds
