[2024-02-23T16:33:13.053+0000] {processor.py:161} INFO - Started process (PID=48) to work on /home/airflow/.local/lib/python3.8/site-packages/airflow/example_dags/example_sensor_decorator.py
[2024-02-23T16:33:13.054+0000] {processor.py:830} INFO - Processing file /home/airflow/.local/lib/python3.8/site-packages/airflow/example_dags/example_sensor_decorator.py for tasks to queue
[2024-02-23T16:33:13.058+0000] {logging_mixin.py:188} INFO - [2024-02-23T16:33:13.058+0000] {dagbag.py:538} INFO - Filling up the DagBag from /home/airflow/.local/lib/python3.8/site-packages/airflow/example_dags/example_sensor_decorator.py
[2024-02-23T16:33:13.080+0000] {processor.py:840} INFO - DAG(s) 'example_sensor_decorator' retrieved from /home/airflow/.local/lib/python3.8/site-packages/airflow/example_dags/example_sensor_decorator.py
[2024-02-23T16:33:13.567+0000] {logging_mixin.py:188} INFO - [2024-02-23T16:33:13.567+0000] {dag.py:3036} INFO - Sync 1 DAGs
[2024-02-23T16:33:13.652+0000] {logging_mixin.py:188} INFO - [2024-02-23T16:33:13.651+0000] {dag.py:3823} INFO - Setting next_dagrun for example_sensor_decorator to None, run_after=None
[2024-02-23T16:33:13.759+0000] {processor.py:183} INFO - Processing /home/airflow/.local/lib/python3.8/site-packages/airflow/example_dags/example_sensor_decorator.py took 0.713 seconds
[2024-02-23T16:33:43.811+0000] {processor.py:161} INFO - Started process (PID=105) to work on /home/airflow/.local/lib/python3.8/site-packages/airflow/example_dags/example_sensor_decorator.py
[2024-02-23T16:33:43.813+0000] {processor.py:830} INFO - Processing file /home/airflow/.local/lib/python3.8/site-packages/airflow/example_dags/example_sensor_decorator.py for tasks to queue
[2024-02-23T16:33:43.815+0000] {logging_mixin.py:188} INFO - [2024-02-23T16:33:43.815+0000] {dagbag.py:538} INFO - Filling up the DagBag from /home/airflow/.local/lib/python3.8/site-packages/airflow/example_dags/example_sensor_decorator.py
[2024-02-23T16:33:43.824+0000] {processor.py:840} INFO - DAG(s) 'example_sensor_decorator' retrieved from /home/airflow/.local/lib/python3.8/site-packages/airflow/example_dags/example_sensor_decorator.py
[2024-02-23T16:33:43.854+0000] {logging_mixin.py:188} INFO - [2024-02-23T16:33:43.854+0000] {dag.py:3036} INFO - Sync 1 DAGs
[2024-02-23T16:33:43.875+0000] {logging_mixin.py:188} INFO - [2024-02-23T16:33:43.875+0000] {dag.py:3823} INFO - Setting next_dagrun for example_sensor_decorator to None, run_after=None
[2024-02-23T16:33:43.907+0000] {processor.py:183} INFO - Processing /home/airflow/.local/lib/python3.8/site-packages/airflow/example_dags/example_sensor_decorator.py took 0.101 seconds
[2024-02-23T16:34:14.088+0000] {processor.py:161} INFO - Started process (PID=162) to work on /home/airflow/.local/lib/python3.8/site-packages/airflow/example_dags/example_sensor_decorator.py
[2024-02-23T16:34:14.089+0000] {processor.py:830} INFO - Processing file /home/airflow/.local/lib/python3.8/site-packages/airflow/example_dags/example_sensor_decorator.py for tasks to queue
[2024-02-23T16:34:14.093+0000] {logging_mixin.py:188} INFO - [2024-02-23T16:34:14.092+0000] {dagbag.py:538} INFO - Filling up the DagBag from /home/airflow/.local/lib/python3.8/site-packages/airflow/example_dags/example_sensor_decorator.py
[2024-02-23T16:34:14.102+0000] {processor.py:840} INFO - DAG(s) 'example_sensor_decorator' retrieved from /home/airflow/.local/lib/python3.8/site-packages/airflow/example_dags/example_sensor_decorator.py
[2024-02-23T16:34:14.134+0000] {logging_mixin.py:188} INFO - [2024-02-23T16:34:14.133+0000] {dag.py:3036} INFO - Sync 1 DAGs
[2024-02-23T16:34:14.154+0000] {logging_mixin.py:188} INFO - [2024-02-23T16:34:14.153+0000] {dag.py:3823} INFO - Setting next_dagrun for example_sensor_decorator to None, run_after=None
[2024-02-23T16:34:14.183+0000] {processor.py:183} INFO - Processing /home/airflow/.local/lib/python3.8/site-packages/airflow/example_dags/example_sensor_decorator.py took 0.101 seconds
[2024-02-23T16:34:44.403+0000] {processor.py:161} INFO - Started process (PID=219) to work on /home/airflow/.local/lib/python3.8/site-packages/airflow/example_dags/example_sensor_decorator.py
[2024-02-23T16:34:44.404+0000] {processor.py:830} INFO - Processing file /home/airflow/.local/lib/python3.8/site-packages/airflow/example_dags/example_sensor_decorator.py for tasks to queue
[2024-02-23T16:34:44.407+0000] {logging_mixin.py:188} INFO - [2024-02-23T16:34:44.407+0000] {dagbag.py:538} INFO - Filling up the DagBag from /home/airflow/.local/lib/python3.8/site-packages/airflow/example_dags/example_sensor_decorator.py
[2024-02-23T16:34:44.421+0000] {processor.py:840} INFO - DAG(s) 'example_sensor_decorator' retrieved from /home/airflow/.local/lib/python3.8/site-packages/airflow/example_dags/example_sensor_decorator.py
[2024-02-23T16:34:44.453+0000] {logging_mixin.py:188} INFO - [2024-02-23T16:34:44.453+0000] {dag.py:3036} INFO - Sync 1 DAGs
[2024-02-23T16:34:44.475+0000] {logging_mixin.py:188} INFO - [2024-02-23T16:34:44.475+0000] {dag.py:3823} INFO - Setting next_dagrun for example_sensor_decorator to None, run_after=None
[2024-02-23T16:34:44.505+0000] {processor.py:183} INFO - Processing /home/airflow/.local/lib/python3.8/site-packages/airflow/example_dags/example_sensor_decorator.py took 0.108 seconds
[2024-02-23T16:35:14.998+0000] {processor.py:161} INFO - Started process (PID=276) to work on /home/airflow/.local/lib/python3.8/site-packages/airflow/example_dags/example_sensor_decorator.py
[2024-02-23T16:35:15.000+0000] {processor.py:830} INFO - Processing file /home/airflow/.local/lib/python3.8/site-packages/airflow/example_dags/example_sensor_decorator.py for tasks to queue
[2024-02-23T16:35:15.003+0000] {logging_mixin.py:188} INFO - [2024-02-23T16:35:15.003+0000] {dagbag.py:538} INFO - Filling up the DagBag from /home/airflow/.local/lib/python3.8/site-packages/airflow/example_dags/example_sensor_decorator.py
[2024-02-23T16:35:15.013+0000] {processor.py:840} INFO - DAG(s) 'example_sensor_decorator' retrieved from /home/airflow/.local/lib/python3.8/site-packages/airflow/example_dags/example_sensor_decorator.py
[2024-02-23T16:35:15.048+0000] {logging_mixin.py:188} INFO - [2024-02-23T16:35:15.047+0000] {dag.py:3036} INFO - Sync 1 DAGs
[2024-02-23T16:35:15.070+0000] {logging_mixin.py:188} INFO - [2024-02-23T16:35:15.069+0000] {dag.py:3823} INFO - Setting next_dagrun for example_sensor_decorator to None, run_after=None
[2024-02-23T16:35:15.102+0000] {processor.py:183} INFO - Processing /home/airflow/.local/lib/python3.8/site-packages/airflow/example_dags/example_sensor_decorator.py took 0.109 seconds
[2024-02-23T16:35:45.240+0000] {processor.py:161} INFO - Started process (PID=334) to work on /home/airflow/.local/lib/python3.8/site-packages/airflow/example_dags/example_sensor_decorator.py
[2024-02-23T16:35:45.242+0000] {processor.py:830} INFO - Processing file /home/airflow/.local/lib/python3.8/site-packages/airflow/example_dags/example_sensor_decorator.py for tasks to queue
[2024-02-23T16:35:45.245+0000] {logging_mixin.py:188} INFO - [2024-02-23T16:35:45.244+0000] {dagbag.py:538} INFO - Filling up the DagBag from /home/airflow/.local/lib/python3.8/site-packages/airflow/example_dags/example_sensor_decorator.py
[2024-02-23T16:35:45.256+0000] {processor.py:840} INFO - DAG(s) 'example_sensor_decorator' retrieved from /home/airflow/.local/lib/python3.8/site-packages/airflow/example_dags/example_sensor_decorator.py
[2024-02-23T16:35:45.291+0000] {logging_mixin.py:188} INFO - [2024-02-23T16:35:45.291+0000] {dag.py:3036} INFO - Sync 1 DAGs
[2024-02-23T16:35:45.329+0000] {logging_mixin.py:188} INFO - [2024-02-23T16:35:45.321+0000] {dag.py:3823} INFO - Setting next_dagrun for example_sensor_decorator to None, run_after=None
[2024-02-23T16:35:45.361+0000] {processor.py:183} INFO - Processing /home/airflow/.local/lib/python3.8/site-packages/airflow/example_dags/example_sensor_decorator.py took 0.126 seconds
[2024-02-23T16:36:15.686+0000] {processor.py:161} INFO - Started process (PID=391) to work on /home/airflow/.local/lib/python3.8/site-packages/airflow/example_dags/example_sensor_decorator.py
[2024-02-23T16:36:15.687+0000] {processor.py:830} INFO - Processing file /home/airflow/.local/lib/python3.8/site-packages/airflow/example_dags/example_sensor_decorator.py for tasks to queue
[2024-02-23T16:36:15.690+0000] {logging_mixin.py:188} INFO - [2024-02-23T16:36:15.689+0000] {dagbag.py:538} INFO - Filling up the DagBag from /home/airflow/.local/lib/python3.8/site-packages/airflow/example_dags/example_sensor_decorator.py
[2024-02-23T16:36:15.701+0000] {processor.py:840} INFO - DAG(s) 'example_sensor_decorator' retrieved from /home/airflow/.local/lib/python3.8/site-packages/airflow/example_dags/example_sensor_decorator.py
[2024-02-23T16:36:15.734+0000] {logging_mixin.py:188} INFO - [2024-02-23T16:36:15.733+0000] {dag.py:3036} INFO - Sync 1 DAGs
[2024-02-23T16:36:15.758+0000] {logging_mixin.py:188} INFO - [2024-02-23T16:36:15.757+0000] {dag.py:3823} INFO - Setting next_dagrun for example_sensor_decorator to None, run_after=None
[2024-02-23T16:36:15.792+0000] {processor.py:183} INFO - Processing /home/airflow/.local/lib/python3.8/site-packages/airflow/example_dags/example_sensor_decorator.py took 0.111 seconds
[2024-02-23T16:36:46.630+0000] {processor.py:161} INFO - Started process (PID=448) to work on /home/airflow/.local/lib/python3.8/site-packages/airflow/example_dags/example_sensor_decorator.py
[2024-02-23T16:36:46.631+0000] {processor.py:830} INFO - Processing file /home/airflow/.local/lib/python3.8/site-packages/airflow/example_dags/example_sensor_decorator.py for tasks to queue
[2024-02-23T16:36:46.634+0000] {logging_mixin.py:188} INFO - [2024-02-23T16:36:46.634+0000] {dagbag.py:538} INFO - Filling up the DagBag from /home/airflow/.local/lib/python3.8/site-packages/airflow/example_dags/example_sensor_decorator.py
[2024-02-23T16:36:46.644+0000] {processor.py:840} INFO - DAG(s) 'example_sensor_decorator' retrieved from /home/airflow/.local/lib/python3.8/site-packages/airflow/example_dags/example_sensor_decorator.py
[2024-02-23T16:36:46.675+0000] {logging_mixin.py:188} INFO - [2024-02-23T16:36:46.674+0000] {dag.py:3036} INFO - Sync 1 DAGs
[2024-02-23T16:36:46.697+0000] {logging_mixin.py:188} INFO - [2024-02-23T16:36:46.696+0000] {dag.py:3823} INFO - Setting next_dagrun for example_sensor_decorator to None, run_after=None
[2024-02-23T16:36:46.728+0000] {processor.py:183} INFO - Processing /home/airflow/.local/lib/python3.8/site-packages/airflow/example_dags/example_sensor_decorator.py took 0.104 seconds
[2024-02-23T16:37:16.942+0000] {processor.py:161} INFO - Started process (PID=504) to work on /home/airflow/.local/lib/python3.8/site-packages/airflow/example_dags/example_sensor_decorator.py
[2024-02-23T16:37:16.943+0000] {processor.py:830} INFO - Processing file /home/airflow/.local/lib/python3.8/site-packages/airflow/example_dags/example_sensor_decorator.py for tasks to queue
[2024-02-23T16:37:16.945+0000] {logging_mixin.py:188} INFO - [2024-02-23T16:37:16.945+0000] {dagbag.py:538} INFO - Filling up the DagBag from /home/airflow/.local/lib/python3.8/site-packages/airflow/example_dags/example_sensor_decorator.py
[2024-02-23T16:37:16.954+0000] {processor.py:840} INFO - DAG(s) 'example_sensor_decorator' retrieved from /home/airflow/.local/lib/python3.8/site-packages/airflow/example_dags/example_sensor_decorator.py
[2024-02-23T16:37:16.989+0000] {logging_mixin.py:188} INFO - [2024-02-23T16:37:16.988+0000] {dag.py:3036} INFO - Sync 1 DAGs
[2024-02-23T16:37:17.011+0000] {logging_mixin.py:188} INFO - [2024-02-23T16:37:17.011+0000] {dag.py:3823} INFO - Setting next_dagrun for example_sensor_decorator to None, run_after=None
[2024-02-23T16:37:17.055+0000] {processor.py:183} INFO - Processing /home/airflow/.local/lib/python3.8/site-packages/airflow/example_dags/example_sensor_decorator.py took 0.119 seconds
[2024-02-23T16:37:47.628+0000] {processor.py:161} INFO - Started process (PID=562) to work on /home/airflow/.local/lib/python3.8/site-packages/airflow/example_dags/example_sensor_decorator.py
[2024-02-23T16:37:47.630+0000] {processor.py:830} INFO - Processing file /home/airflow/.local/lib/python3.8/site-packages/airflow/example_dags/example_sensor_decorator.py for tasks to queue
[2024-02-23T16:37:47.633+0000] {logging_mixin.py:188} INFO - [2024-02-23T16:37:47.632+0000] {dagbag.py:538} INFO - Filling up the DagBag from /home/airflow/.local/lib/python3.8/site-packages/airflow/example_dags/example_sensor_decorator.py
[2024-02-23T16:37:47.645+0000] {processor.py:840} INFO - DAG(s) 'example_sensor_decorator' retrieved from /home/airflow/.local/lib/python3.8/site-packages/airflow/example_dags/example_sensor_decorator.py
[2024-02-23T16:37:47.689+0000] {logging_mixin.py:188} INFO - [2024-02-23T16:37:47.688+0000] {dag.py:3036} INFO - Sync 1 DAGs
[2024-02-23T16:37:47.712+0000] {logging_mixin.py:188} INFO - [2024-02-23T16:37:47.712+0000] {dag.py:3823} INFO - Setting next_dagrun for example_sensor_decorator to None, run_after=None
[2024-02-23T16:37:47.742+0000] {processor.py:183} INFO - Processing /home/airflow/.local/lib/python3.8/site-packages/airflow/example_dags/example_sensor_decorator.py took 0.121 seconds
[2024-02-23T16:38:18.565+0000] {processor.py:161} INFO - Started process (PID=619) to work on /home/airflow/.local/lib/python3.8/site-packages/airflow/example_dags/example_sensor_decorator.py
[2024-02-23T16:38:18.567+0000] {processor.py:830} INFO - Processing file /home/airflow/.local/lib/python3.8/site-packages/airflow/example_dags/example_sensor_decorator.py for tasks to queue
[2024-02-23T16:38:18.570+0000] {logging_mixin.py:188} INFO - [2024-02-23T16:38:18.569+0000] {dagbag.py:538} INFO - Filling up the DagBag from /home/airflow/.local/lib/python3.8/site-packages/airflow/example_dags/example_sensor_decorator.py
[2024-02-23T16:38:18.584+0000] {processor.py:840} INFO - DAG(s) 'example_sensor_decorator' retrieved from /home/airflow/.local/lib/python3.8/site-packages/airflow/example_dags/example_sensor_decorator.py
[2024-02-23T16:38:18.624+0000] {logging_mixin.py:188} INFO - [2024-02-23T16:38:18.623+0000] {dag.py:3036} INFO - Sync 1 DAGs
[2024-02-23T16:38:18.648+0000] {logging_mixin.py:188} INFO - [2024-02-23T16:38:18.648+0000] {dag.py:3823} INFO - Setting next_dagrun for example_sensor_decorator to None, run_after=None
[2024-02-23T16:38:18.681+0000] {processor.py:183} INFO - Processing /home/airflow/.local/lib/python3.8/site-packages/airflow/example_dags/example_sensor_decorator.py took 0.122 seconds
[2024-02-23T16:38:49.613+0000] {processor.py:161} INFO - Started process (PID=675) to work on /home/airflow/.local/lib/python3.8/site-packages/airflow/example_dags/example_sensor_decorator.py
[2024-02-23T16:38:49.614+0000] {processor.py:830} INFO - Processing file /home/airflow/.local/lib/python3.8/site-packages/airflow/example_dags/example_sensor_decorator.py for tasks to queue
[2024-02-23T16:38:49.617+0000] {logging_mixin.py:188} INFO - [2024-02-23T16:38:49.617+0000] {dagbag.py:538} INFO - Filling up the DagBag from /home/airflow/.local/lib/python3.8/site-packages/airflow/example_dags/example_sensor_decorator.py
[2024-02-23T16:38:49.627+0000] {processor.py:840} INFO - DAG(s) 'example_sensor_decorator' retrieved from /home/airflow/.local/lib/python3.8/site-packages/airflow/example_dags/example_sensor_decorator.py
[2024-02-23T16:38:49.672+0000] {logging_mixin.py:188} INFO - [2024-02-23T16:38:49.671+0000] {dag.py:3036} INFO - Sync 1 DAGs
[2024-02-23T16:38:49.741+0000] {logging_mixin.py:188} INFO - [2024-02-23T16:38:49.740+0000] {dag.py:3823} INFO - Setting next_dagrun for example_sensor_decorator to None, run_after=None
[2024-02-23T16:38:49.789+0000] {processor.py:183} INFO - Processing /home/airflow/.local/lib/python3.8/site-packages/airflow/example_dags/example_sensor_decorator.py took 0.182 seconds
[2024-02-23T16:39:20.091+0000] {processor.py:161} INFO - Started process (PID=732) to work on /home/airflow/.local/lib/python3.8/site-packages/airflow/example_dags/example_sensor_decorator.py
[2024-02-23T16:39:20.093+0000] {processor.py:830} INFO - Processing file /home/airflow/.local/lib/python3.8/site-packages/airflow/example_dags/example_sensor_decorator.py for tasks to queue
[2024-02-23T16:39:20.110+0000] {logging_mixin.py:188} INFO - [2024-02-23T16:39:20.106+0000] {dagbag.py:538} INFO - Filling up the DagBag from /home/airflow/.local/lib/python3.8/site-packages/airflow/example_dags/example_sensor_decorator.py
[2024-02-23T16:39:20.128+0000] {processor.py:840} INFO - DAG(s) 'example_sensor_decorator' retrieved from /home/airflow/.local/lib/python3.8/site-packages/airflow/example_dags/example_sensor_decorator.py
[2024-02-23T16:39:20.209+0000] {logging_mixin.py:188} INFO - [2024-02-23T16:39:20.208+0000] {dag.py:3036} INFO - Sync 1 DAGs
[2024-02-23T16:39:20.247+0000] {logging_mixin.py:188} INFO - [2024-02-23T16:39:20.246+0000] {dag.py:3823} INFO - Setting next_dagrun for example_sensor_decorator to None, run_after=None
[2024-02-23T16:39:20.328+0000] {processor.py:183} INFO - Processing /home/airflow/.local/lib/python3.8/site-packages/airflow/example_dags/example_sensor_decorator.py took 0.244 seconds
[2024-02-23T16:39:50.355+0000] {processor.py:161} INFO - Started process (PID=788) to work on /home/airflow/.local/lib/python3.8/site-packages/airflow/example_dags/example_sensor_decorator.py
[2024-02-23T16:39:50.357+0000] {processor.py:830} INFO - Processing file /home/airflow/.local/lib/python3.8/site-packages/airflow/example_dags/example_sensor_decorator.py for tasks to queue
[2024-02-23T16:39:50.361+0000] {logging_mixin.py:188} INFO - [2024-02-23T16:39:50.360+0000] {dagbag.py:538} INFO - Filling up the DagBag from /home/airflow/.local/lib/python3.8/site-packages/airflow/example_dags/example_sensor_decorator.py
[2024-02-23T16:39:50.373+0000] {processor.py:840} INFO - DAG(s) 'example_sensor_decorator' retrieved from /home/airflow/.local/lib/python3.8/site-packages/airflow/example_dags/example_sensor_decorator.py
[2024-02-23T16:39:50.414+0000] {logging_mixin.py:188} INFO - [2024-02-23T16:39:50.414+0000] {dag.py:3036} INFO - Sync 1 DAGs
[2024-02-23T16:39:50.441+0000] {logging_mixin.py:188} INFO - [2024-02-23T16:39:50.440+0000] {dag.py:3823} INFO - Setting next_dagrun for example_sensor_decorator to None, run_after=None
[2024-02-23T16:39:50.474+0000] {processor.py:183} INFO - Processing /home/airflow/.local/lib/python3.8/site-packages/airflow/example_dags/example_sensor_decorator.py took 0.125 seconds
[2024-02-23T16:40:21.360+0000] {processor.py:161} INFO - Started process (PID=846) to work on /home/airflow/.local/lib/python3.8/site-packages/airflow/example_dags/example_sensor_decorator.py
[2024-02-23T16:40:21.362+0000] {processor.py:830} INFO - Processing file /home/airflow/.local/lib/python3.8/site-packages/airflow/example_dags/example_sensor_decorator.py for tasks to queue
[2024-02-23T16:40:21.365+0000] {logging_mixin.py:188} INFO - [2024-02-23T16:40:21.365+0000] {dagbag.py:538} INFO - Filling up the DagBag from /home/airflow/.local/lib/python3.8/site-packages/airflow/example_dags/example_sensor_decorator.py
[2024-02-23T16:40:21.378+0000] {processor.py:840} INFO - DAG(s) 'example_sensor_decorator' retrieved from /home/airflow/.local/lib/python3.8/site-packages/airflow/example_dags/example_sensor_decorator.py
[2024-02-23T16:40:21.420+0000] {logging_mixin.py:188} INFO - [2024-02-23T16:40:21.419+0000] {dag.py:3036} INFO - Sync 1 DAGs
[2024-02-23T16:40:21.453+0000] {logging_mixin.py:188} INFO - [2024-02-23T16:40:21.453+0000] {dag.py:3823} INFO - Setting next_dagrun for example_sensor_decorator to None, run_after=None
[2024-02-23T16:40:21.503+0000] {processor.py:183} INFO - Processing /home/airflow/.local/lib/python3.8/site-packages/airflow/example_dags/example_sensor_decorator.py took 0.150 seconds
[2024-02-23T16:40:52.310+0000] {processor.py:161} INFO - Started process (PID=904) to work on /home/airflow/.local/lib/python3.8/site-packages/airflow/example_dags/example_sensor_decorator.py
[2024-02-23T16:40:52.312+0000] {processor.py:830} INFO - Processing file /home/airflow/.local/lib/python3.8/site-packages/airflow/example_dags/example_sensor_decorator.py for tasks to queue
[2024-02-23T16:40:52.316+0000] {logging_mixin.py:188} INFO - [2024-02-23T16:40:52.315+0000] {dagbag.py:538} INFO - Filling up the DagBag from /home/airflow/.local/lib/python3.8/site-packages/airflow/example_dags/example_sensor_decorator.py
[2024-02-23T16:40:52.327+0000] {processor.py:840} INFO - DAG(s) 'example_sensor_decorator' retrieved from /home/airflow/.local/lib/python3.8/site-packages/airflow/example_dags/example_sensor_decorator.py
[2024-02-23T16:40:52.367+0000] {logging_mixin.py:188} INFO - [2024-02-23T16:40:52.367+0000] {dag.py:3036} INFO - Sync 1 DAGs
[2024-02-23T16:40:52.394+0000] {logging_mixin.py:188} INFO - [2024-02-23T16:40:52.394+0000] {dag.py:3823} INFO - Setting next_dagrun for example_sensor_decorator to None, run_after=None
[2024-02-23T16:40:52.446+0000] {processor.py:183} INFO - Processing /home/airflow/.local/lib/python3.8/site-packages/airflow/example_dags/example_sensor_decorator.py took 0.142 seconds
[2024-02-23T16:41:22.773+0000] {processor.py:161} INFO - Started process (PID=961) to work on /home/airflow/.local/lib/python3.8/site-packages/airflow/example_dags/example_sensor_decorator.py
[2024-02-23T16:41:22.774+0000] {processor.py:830} INFO - Processing file /home/airflow/.local/lib/python3.8/site-packages/airflow/example_dags/example_sensor_decorator.py for tasks to queue
[2024-02-23T16:41:22.777+0000] {logging_mixin.py:188} INFO - [2024-02-23T16:41:22.776+0000] {dagbag.py:538} INFO - Filling up the DagBag from /home/airflow/.local/lib/python3.8/site-packages/airflow/example_dags/example_sensor_decorator.py
[2024-02-23T16:41:22.788+0000] {processor.py:840} INFO - DAG(s) 'example_sensor_decorator' retrieved from /home/airflow/.local/lib/python3.8/site-packages/airflow/example_dags/example_sensor_decorator.py
[2024-02-23T16:41:22.829+0000] {logging_mixin.py:188} INFO - [2024-02-23T16:41:22.829+0000] {dag.py:3036} INFO - Sync 1 DAGs
[2024-02-23T16:41:22.855+0000] {logging_mixin.py:188} INFO - [2024-02-23T16:41:22.855+0000] {dag.py:3823} INFO - Setting next_dagrun for example_sensor_decorator to None, run_after=None
[2024-02-23T16:41:22.893+0000] {processor.py:183} INFO - Processing /home/airflow/.local/lib/python3.8/site-packages/airflow/example_dags/example_sensor_decorator.py took 0.125 seconds
[2024-02-23T16:43:03.585+0000] {processor.py:161} INFO - Started process (PID=48) to work on /home/airflow/.local/lib/python3.8/site-packages/airflow/example_dags/example_sensor_decorator.py
[2024-02-23T16:43:03.587+0000] {processor.py:830} INFO - Processing file /home/airflow/.local/lib/python3.8/site-packages/airflow/example_dags/example_sensor_decorator.py for tasks to queue
[2024-02-23T16:43:03.591+0000] {logging_mixin.py:188} INFO - [2024-02-23T16:43:03.590+0000] {dagbag.py:538} INFO - Filling up the DagBag from /home/airflow/.local/lib/python3.8/site-packages/airflow/example_dags/example_sensor_decorator.py
[2024-02-23T16:43:03.613+0000] {processor.py:840} INFO - DAG(s) 'example_sensor_decorator' retrieved from /home/airflow/.local/lib/python3.8/site-packages/airflow/example_dags/example_sensor_decorator.py
[2024-02-23T16:43:03.904+0000] {logging_mixin.py:188} INFO - [2024-02-23T16:43:03.903+0000] {dag.py:3036} INFO - Sync 1 DAGs
[2024-02-23T16:43:03.932+0000] {logging_mixin.py:188} INFO - [2024-02-23T16:43:03.932+0000] {dag.py:3823} INFO - Setting next_dagrun for example_sensor_decorator to None, run_after=None
[2024-02-23T16:43:03.982+0000] {processor.py:183} INFO - Processing /home/airflow/.local/lib/python3.8/site-packages/airflow/example_dags/example_sensor_decorator.py took 0.403 seconds
[2024-02-23T16:43:34.587+0000] {processor.py:161} INFO - Started process (PID=105) to work on /home/airflow/.local/lib/python3.8/site-packages/airflow/example_dags/example_sensor_decorator.py
[2024-02-23T16:43:34.588+0000] {processor.py:830} INFO - Processing file /home/airflow/.local/lib/python3.8/site-packages/airflow/example_dags/example_sensor_decorator.py for tasks to queue
[2024-02-23T16:43:34.591+0000] {logging_mixin.py:188} INFO - [2024-02-23T16:43:34.590+0000] {dagbag.py:538} INFO - Filling up the DagBag from /home/airflow/.local/lib/python3.8/site-packages/airflow/example_dags/example_sensor_decorator.py
[2024-02-23T16:43:34.600+0000] {processor.py:840} INFO - DAG(s) 'example_sensor_decorator' retrieved from /home/airflow/.local/lib/python3.8/site-packages/airflow/example_dags/example_sensor_decorator.py
[2024-02-23T16:43:34.631+0000] {logging_mixin.py:188} INFO - [2024-02-23T16:43:34.631+0000] {dag.py:3036} INFO - Sync 1 DAGs
[2024-02-23T16:43:34.653+0000] {logging_mixin.py:188} INFO - [2024-02-23T16:43:34.653+0000] {dag.py:3823} INFO - Setting next_dagrun for example_sensor_decorator to None, run_after=None
[2024-02-23T16:43:34.684+0000] {processor.py:183} INFO - Processing /home/airflow/.local/lib/python3.8/site-packages/airflow/example_dags/example_sensor_decorator.py took 0.103 seconds
[2024-02-23T16:44:04.880+0000] {processor.py:161} INFO - Started process (PID=162) to work on /home/airflow/.local/lib/python3.8/site-packages/airflow/example_dags/example_sensor_decorator.py
[2024-02-23T16:44:04.881+0000] {processor.py:830} INFO - Processing file /home/airflow/.local/lib/python3.8/site-packages/airflow/example_dags/example_sensor_decorator.py for tasks to queue
[2024-02-23T16:44:04.883+0000] {logging_mixin.py:188} INFO - [2024-02-23T16:44:04.883+0000] {dagbag.py:538} INFO - Filling up the DagBag from /home/airflow/.local/lib/python3.8/site-packages/airflow/example_dags/example_sensor_decorator.py
[2024-02-23T16:44:04.892+0000] {processor.py:840} INFO - DAG(s) 'example_sensor_decorator' retrieved from /home/airflow/.local/lib/python3.8/site-packages/airflow/example_dags/example_sensor_decorator.py
[2024-02-23T16:44:04.927+0000] {logging_mixin.py:188} INFO - [2024-02-23T16:44:04.926+0000] {dag.py:3036} INFO - Sync 1 DAGs
[2024-02-23T16:44:04.949+0000] {logging_mixin.py:188} INFO - [2024-02-23T16:44:04.949+0000] {dag.py:3823} INFO - Setting next_dagrun for example_sensor_decorator to None, run_after=None
[2024-02-23T16:44:04.981+0000] {processor.py:183} INFO - Processing /home/airflow/.local/lib/python3.8/site-packages/airflow/example_dags/example_sensor_decorator.py took 0.106 seconds
[2024-02-23T16:44:35.396+0000] {processor.py:161} INFO - Started process (PID=219) to work on /home/airflow/.local/lib/python3.8/site-packages/airflow/example_dags/example_sensor_decorator.py
[2024-02-23T16:44:35.397+0000] {processor.py:830} INFO - Processing file /home/airflow/.local/lib/python3.8/site-packages/airflow/example_dags/example_sensor_decorator.py for tasks to queue
[2024-02-23T16:44:35.401+0000] {logging_mixin.py:188} INFO - [2024-02-23T16:44:35.401+0000] {dagbag.py:538} INFO - Filling up the DagBag from /home/airflow/.local/lib/python3.8/site-packages/airflow/example_dags/example_sensor_decorator.py
[2024-02-23T16:44:35.414+0000] {processor.py:840} INFO - DAG(s) 'example_sensor_decorator' retrieved from /home/airflow/.local/lib/python3.8/site-packages/airflow/example_dags/example_sensor_decorator.py
[2024-02-23T16:44:35.455+0000] {logging_mixin.py:188} INFO - [2024-02-23T16:44:35.454+0000] {dag.py:3036} INFO - Sync 1 DAGs
[2024-02-23T16:44:35.479+0000] {logging_mixin.py:188} INFO - [2024-02-23T16:44:35.478+0000] {dag.py:3823} INFO - Setting next_dagrun for example_sensor_decorator to None, run_after=None
[2024-02-23T16:44:35.516+0000] {processor.py:183} INFO - Processing /home/airflow/.local/lib/python3.8/site-packages/airflow/example_dags/example_sensor_decorator.py took 0.127 seconds
[2024-02-23T16:45:06.057+0000] {processor.py:161} INFO - Started process (PID=276) to work on /home/airflow/.local/lib/python3.8/site-packages/airflow/example_dags/example_sensor_decorator.py
[2024-02-23T16:45:06.059+0000] {processor.py:830} INFO - Processing file /home/airflow/.local/lib/python3.8/site-packages/airflow/example_dags/example_sensor_decorator.py for tasks to queue
[2024-02-23T16:45:06.062+0000] {logging_mixin.py:188} INFO - [2024-02-23T16:45:06.061+0000] {dagbag.py:538} INFO - Filling up the DagBag from /home/airflow/.local/lib/python3.8/site-packages/airflow/example_dags/example_sensor_decorator.py
[2024-02-23T16:45:06.071+0000] {processor.py:840} INFO - DAG(s) 'example_sensor_decorator' retrieved from /home/airflow/.local/lib/python3.8/site-packages/airflow/example_dags/example_sensor_decorator.py
[2024-02-23T16:45:06.105+0000] {logging_mixin.py:188} INFO - [2024-02-23T16:45:06.104+0000] {dag.py:3036} INFO - Sync 1 DAGs
[2024-02-23T16:45:06.127+0000] {logging_mixin.py:188} INFO - [2024-02-23T16:45:06.126+0000] {dag.py:3823} INFO - Setting next_dagrun for example_sensor_decorator to None, run_after=None
[2024-02-23T16:45:06.159+0000] {processor.py:183} INFO - Processing /home/airflow/.local/lib/python3.8/site-packages/airflow/example_dags/example_sensor_decorator.py took 0.107 seconds
[2024-02-23T16:45:36.335+0000] {processor.py:161} INFO - Started process (PID=332) to work on /home/airflow/.local/lib/python3.8/site-packages/airflow/example_dags/example_sensor_decorator.py
[2024-02-23T16:45:36.342+0000] {processor.py:830} INFO - Processing file /home/airflow/.local/lib/python3.8/site-packages/airflow/example_dags/example_sensor_decorator.py for tasks to queue
[2024-02-23T16:45:36.350+0000] {logging_mixin.py:188} INFO - [2024-02-23T16:45:36.350+0000] {dagbag.py:538} INFO - Filling up the DagBag from /home/airflow/.local/lib/python3.8/site-packages/airflow/example_dags/example_sensor_decorator.py
[2024-02-23T16:45:36.361+0000] {processor.py:840} INFO - DAG(s) 'example_sensor_decorator' retrieved from /home/airflow/.local/lib/python3.8/site-packages/airflow/example_dags/example_sensor_decorator.py
[2024-02-23T16:45:36.392+0000] {logging_mixin.py:188} INFO - [2024-02-23T16:45:36.392+0000] {dag.py:3036} INFO - Sync 1 DAGs
[2024-02-23T16:45:36.413+0000] {logging_mixin.py:188} INFO - [2024-02-23T16:45:36.413+0000] {dag.py:3823} INFO - Setting next_dagrun for example_sensor_decorator to None, run_after=None
[2024-02-23T16:45:36.442+0000] {processor.py:183} INFO - Processing /home/airflow/.local/lib/python3.8/site-packages/airflow/example_dags/example_sensor_decorator.py took 0.112 seconds
[2024-02-23T16:46:06.622+0000] {processor.py:161} INFO - Started process (PID=389) to work on /home/airflow/.local/lib/python3.8/site-packages/airflow/example_dags/example_sensor_decorator.py
[2024-02-23T16:46:06.624+0000] {processor.py:830} INFO - Processing file /home/airflow/.local/lib/python3.8/site-packages/airflow/example_dags/example_sensor_decorator.py for tasks to queue
[2024-02-23T16:46:06.627+0000] {logging_mixin.py:188} INFO - [2024-02-23T16:46:06.626+0000] {dagbag.py:538} INFO - Filling up the DagBag from /home/airflow/.local/lib/python3.8/site-packages/airflow/example_dags/example_sensor_decorator.py
[2024-02-23T16:46:06.637+0000] {processor.py:840} INFO - DAG(s) 'example_sensor_decorator' retrieved from /home/airflow/.local/lib/python3.8/site-packages/airflow/example_dags/example_sensor_decorator.py
[2024-02-23T16:46:06.672+0000] {logging_mixin.py:188} INFO - [2024-02-23T16:46:06.671+0000] {dag.py:3036} INFO - Sync 1 DAGs
[2024-02-23T16:46:06.700+0000] {logging_mixin.py:188} INFO - [2024-02-23T16:46:06.700+0000] {dag.py:3823} INFO - Setting next_dagrun for example_sensor_decorator to None, run_after=None
[2024-02-23T16:46:06.734+0000] {processor.py:183} INFO - Processing /home/airflow/.local/lib/python3.8/site-packages/airflow/example_dags/example_sensor_decorator.py took 0.117 seconds
[2024-02-23T16:46:37.482+0000] {processor.py:161} INFO - Started process (PID=446) to work on /home/airflow/.local/lib/python3.8/site-packages/airflow/example_dags/example_sensor_decorator.py
[2024-02-23T16:46:37.483+0000] {processor.py:830} INFO - Processing file /home/airflow/.local/lib/python3.8/site-packages/airflow/example_dags/example_sensor_decorator.py for tasks to queue
[2024-02-23T16:46:37.487+0000] {logging_mixin.py:188} INFO - [2024-02-23T16:46:37.486+0000] {dagbag.py:538} INFO - Filling up the DagBag from /home/airflow/.local/lib/python3.8/site-packages/airflow/example_dags/example_sensor_decorator.py
[2024-02-23T16:46:37.497+0000] {processor.py:840} INFO - DAG(s) 'example_sensor_decorator' retrieved from /home/airflow/.local/lib/python3.8/site-packages/airflow/example_dags/example_sensor_decorator.py
[2024-02-23T16:46:37.534+0000] {logging_mixin.py:188} INFO - [2024-02-23T16:46:37.534+0000] {dag.py:3036} INFO - Sync 1 DAGs
[2024-02-23T16:46:37.559+0000] {logging_mixin.py:188} INFO - [2024-02-23T16:46:37.558+0000] {dag.py:3823} INFO - Setting next_dagrun for example_sensor_decorator to None, run_after=None
[2024-02-23T16:46:37.595+0000] {processor.py:183} INFO - Processing /home/airflow/.local/lib/python3.8/site-packages/airflow/example_dags/example_sensor_decorator.py took 0.119 seconds
[2024-02-23T16:47:07.845+0000] {processor.py:161} INFO - Started process (PID=503) to work on /home/airflow/.local/lib/python3.8/site-packages/airflow/example_dags/example_sensor_decorator.py
[2024-02-23T16:47:07.847+0000] {processor.py:830} INFO - Processing file /home/airflow/.local/lib/python3.8/site-packages/airflow/example_dags/example_sensor_decorator.py for tasks to queue
[2024-02-23T16:47:07.850+0000] {logging_mixin.py:188} INFO - [2024-02-23T16:47:07.849+0000] {dagbag.py:538} INFO - Filling up the DagBag from /home/airflow/.local/lib/python3.8/site-packages/airflow/example_dags/example_sensor_decorator.py
[2024-02-23T16:47:07.862+0000] {processor.py:840} INFO - DAG(s) 'example_sensor_decorator' retrieved from /home/airflow/.local/lib/python3.8/site-packages/airflow/example_dags/example_sensor_decorator.py
[2024-02-23T16:47:07.905+0000] {logging_mixin.py:188} INFO - [2024-02-23T16:47:07.904+0000] {dag.py:3036} INFO - Sync 1 DAGs
[2024-02-23T16:47:07.930+0000] {logging_mixin.py:188} INFO - [2024-02-23T16:47:07.929+0000] {dag.py:3823} INFO - Setting next_dagrun for example_sensor_decorator to None, run_after=None
[2024-02-23T16:47:07.970+0000] {processor.py:183} INFO - Processing /home/airflow/.local/lib/python3.8/site-packages/airflow/example_dags/example_sensor_decorator.py took 0.133 seconds
[2024-02-23T16:48:35.601+0000] {processor.py:161} INFO - Started process (PID=48) to work on /home/airflow/.local/lib/python3.8/site-packages/airflow/example_dags/example_sensor_decorator.py
[2024-02-23T16:48:35.603+0000] {processor.py:830} INFO - Processing file /home/airflow/.local/lib/python3.8/site-packages/airflow/example_dags/example_sensor_decorator.py for tasks to queue
[2024-02-23T16:48:35.607+0000] {logging_mixin.py:188} INFO - [2024-02-23T16:48:35.606+0000] {dagbag.py:538} INFO - Filling up the DagBag from /home/airflow/.local/lib/python3.8/site-packages/airflow/example_dags/example_sensor_decorator.py
[2024-02-23T16:48:35.629+0000] {processor.py:840} INFO - DAG(s) 'example_sensor_decorator' retrieved from /home/airflow/.local/lib/python3.8/site-packages/airflow/example_dags/example_sensor_decorator.py
[2024-02-23T16:48:35.925+0000] {logging_mixin.py:188} INFO - [2024-02-23T16:48:35.924+0000] {dag.py:3036} INFO - Sync 1 DAGs
[2024-02-23T16:48:35.950+0000] {logging_mixin.py:188} INFO - [2024-02-23T16:48:35.950+0000] {dag.py:3823} INFO - Setting next_dagrun for example_sensor_decorator to None, run_after=None
[2024-02-23T16:48:35.995+0000] {processor.py:183} INFO - Processing /home/airflow/.local/lib/python3.8/site-packages/airflow/example_dags/example_sensor_decorator.py took 0.400 seconds
[2024-02-23T16:51:55.702+0000] {processor.py:161} INFO - Started process (PID=40) to work on /home/airflow/.local/lib/python3.8/site-packages/airflow/example_dags/example_sensor_decorator.py
[2024-02-23T16:51:55.704+0000] {processor.py:830} INFO - Processing file /home/airflow/.local/lib/python3.8/site-packages/airflow/example_dags/example_sensor_decorator.py for tasks to queue
[2024-02-23T16:51:55.707+0000] {logging_mixin.py:188} INFO - [2024-02-23T16:51:55.706+0000] {dagbag.py:538} INFO - Filling up the DagBag from /home/airflow/.local/lib/python3.8/site-packages/airflow/example_dags/example_sensor_decorator.py
[2024-02-23T16:51:55.723+0000] {processor.py:840} INFO - DAG(s) 'example_sensor_decorator' retrieved from /home/airflow/.local/lib/python3.8/site-packages/airflow/example_dags/example_sensor_decorator.py
[2024-02-23T16:51:56.039+0000] {logging_mixin.py:188} INFO - [2024-02-23T16:51:56.039+0000] {dag.py:3036} INFO - Sync 1 DAGs
[2024-02-23T16:51:56.068+0000] {logging_mixin.py:188} INFO - [2024-02-23T16:51:56.067+0000] {dag.py:3823} INFO - Setting next_dagrun for example_sensor_decorator to None, run_after=None
[2024-02-23T16:51:56.105+0000] {processor.py:183} INFO - Processing /home/airflow/.local/lib/python3.8/site-packages/airflow/example_dags/example_sensor_decorator.py took 0.410 seconds
[2024-02-23T16:52:26.932+0000] {processor.py:161} INFO - Started process (PID=98) to work on /home/airflow/.local/lib/python3.8/site-packages/airflow/example_dags/example_sensor_decorator.py
[2024-02-23T16:52:26.934+0000] {processor.py:830} INFO - Processing file /home/airflow/.local/lib/python3.8/site-packages/airflow/example_dags/example_sensor_decorator.py for tasks to queue
[2024-02-23T16:52:26.937+0000] {logging_mixin.py:188} INFO - [2024-02-23T16:52:26.936+0000] {dagbag.py:538} INFO - Filling up the DagBag from /home/airflow/.local/lib/python3.8/site-packages/airflow/example_dags/example_sensor_decorator.py
[2024-02-23T16:52:26.951+0000] {processor.py:840} INFO - DAG(s) 'example_sensor_decorator' retrieved from /home/airflow/.local/lib/python3.8/site-packages/airflow/example_dags/example_sensor_decorator.py
[2024-02-23T16:52:26.988+0000] {logging_mixin.py:188} INFO - [2024-02-23T16:52:26.987+0000] {dag.py:3036} INFO - Sync 1 DAGs
[2024-02-23T16:52:27.009+0000] {logging_mixin.py:188} INFO - [2024-02-23T16:52:27.008+0000] {dag.py:3823} INFO - Setting next_dagrun for example_sensor_decorator to None, run_after=None
[2024-02-23T16:52:27.058+0000] {processor.py:183} INFO - Processing /home/airflow/.local/lib/python3.8/site-packages/airflow/example_dags/example_sensor_decorator.py took 0.132 seconds
[2024-02-23T16:52:57.687+0000] {processor.py:161} INFO - Started process (PID=156) to work on /home/airflow/.local/lib/python3.8/site-packages/airflow/example_dags/example_sensor_decorator.py
[2024-02-23T16:52:57.689+0000] {processor.py:830} INFO - Processing file /home/airflow/.local/lib/python3.8/site-packages/airflow/example_dags/example_sensor_decorator.py for tasks to queue
[2024-02-23T16:52:57.691+0000] {logging_mixin.py:188} INFO - [2024-02-23T16:52:57.691+0000] {dagbag.py:538} INFO - Filling up the DagBag from /home/airflow/.local/lib/python3.8/site-packages/airflow/example_dags/example_sensor_decorator.py
[2024-02-23T16:52:57.701+0000] {processor.py:840} INFO - DAG(s) 'example_sensor_decorator' retrieved from /home/airflow/.local/lib/python3.8/site-packages/airflow/example_dags/example_sensor_decorator.py
[2024-02-23T16:52:57.744+0000] {logging_mixin.py:188} INFO - [2024-02-23T16:52:57.744+0000] {dag.py:3036} INFO - Sync 1 DAGs
[2024-02-23T16:52:57.767+0000] {logging_mixin.py:188} INFO - [2024-02-23T16:52:57.767+0000] {dag.py:3823} INFO - Setting next_dagrun for example_sensor_decorator to None, run_after=None
[2024-02-23T16:52:57.818+0000] {processor.py:183} INFO - Processing /home/airflow/.local/lib/python3.8/site-packages/airflow/example_dags/example_sensor_decorator.py took 0.137 seconds
[2024-02-23T16:53:28.781+0000] {processor.py:161} INFO - Started process (PID=213) to work on /home/airflow/.local/lib/python3.8/site-packages/airflow/example_dags/example_sensor_decorator.py
[2024-02-23T16:53:28.783+0000] {processor.py:830} INFO - Processing file /home/airflow/.local/lib/python3.8/site-packages/airflow/example_dags/example_sensor_decorator.py for tasks to queue
[2024-02-23T16:53:28.789+0000] {logging_mixin.py:188} INFO - [2024-02-23T16:53:28.787+0000] {dagbag.py:538} INFO - Filling up the DagBag from /home/airflow/.local/lib/python3.8/site-packages/airflow/example_dags/example_sensor_decorator.py
[2024-02-23T16:53:28.805+0000] {processor.py:840} INFO - DAG(s) 'example_sensor_decorator' retrieved from /home/airflow/.local/lib/python3.8/site-packages/airflow/example_dags/example_sensor_decorator.py
[2024-02-23T16:53:28.859+0000] {logging_mixin.py:188} INFO - [2024-02-23T16:53:28.858+0000] {dag.py:3036} INFO - Sync 1 DAGs
[2024-02-23T16:53:28.902+0000] {logging_mixin.py:188} INFO - [2024-02-23T16:53:28.902+0000] {dag.py:3823} INFO - Setting next_dagrun for example_sensor_decorator to None, run_after=None
[2024-02-23T16:53:28.970+0000] {processor.py:183} INFO - Processing /home/airflow/.local/lib/python3.8/site-packages/airflow/example_dags/example_sensor_decorator.py took 0.196 seconds
