[2024-02-23T16:33:22.615+0000] {processor.py:161} INFO - Started process (PID=86) to work on /home/airflow/.local/lib/python3.8/site-packages/airflow/example_dags/example_bash_operator.py
[2024-02-23T16:33:22.617+0000] {processor.py:830} INFO - Processing file /home/airflow/.local/lib/python3.8/site-packages/airflow/example_dags/example_bash_operator.py for tasks to queue
[2024-02-23T16:33:22.620+0000] {logging_mixin.py:188} INFO - [2024-02-23T16:33:22.619+0000] {dagbag.py:538} INFO - Filling up the DagBag from /home/airflow/.local/lib/python3.8/site-packages/airflow/example_dags/example_bash_operator.py
[2024-02-23T16:33:22.649+0000] {processor.py:840} INFO - DAG(s) 'example_bash_operator' retrieved from /home/airflow/.local/lib/python3.8/site-packages/airflow/example_dags/example_bash_operator.py
[2024-02-23T16:33:22.945+0000] {logging_mixin.py:188} INFO - [2024-02-23T16:33:22.944+0000] {dag.py:3036} INFO - Sync 1 DAGs
[2024-02-23T16:33:22.986+0000] {logging_mixin.py:188} INFO - [2024-02-23T16:33:22.986+0000] {dag.py:3823} INFO - Setting next_dagrun for example_bash_operator to 2024-02-22 00:00:00+00:00, run_after=2024-02-23 00:00:00+00:00
[2024-02-23T16:33:23.021+0000] {processor.py:183} INFO - Processing /home/airflow/.local/lib/python3.8/site-packages/airflow/example_dags/example_bash_operator.py took 0.411 seconds
[2024-02-23T16:33:54.092+0000] {processor.py:161} INFO - Started process (PID=143) to work on /home/airflow/.local/lib/python3.8/site-packages/airflow/example_dags/example_bash_operator.py
[2024-02-23T16:33:54.095+0000] {processor.py:830} INFO - Processing file /home/airflow/.local/lib/python3.8/site-packages/airflow/example_dags/example_bash_operator.py for tasks to queue
[2024-02-23T16:33:54.098+0000] {logging_mixin.py:188} INFO - [2024-02-23T16:33:54.097+0000] {dagbag.py:538} INFO - Filling up the DagBag from /home/airflow/.local/lib/python3.8/site-packages/airflow/example_dags/example_bash_operator.py
[2024-02-23T16:33:54.123+0000] {processor.py:840} INFO - DAG(s) 'example_bash_operator' retrieved from /home/airflow/.local/lib/python3.8/site-packages/airflow/example_dags/example_bash_operator.py
[2024-02-23T16:33:54.184+0000] {logging_mixin.py:188} INFO - [2024-02-23T16:33:54.184+0000] {dag.py:3036} INFO - Sync 1 DAGs
[2024-02-23T16:33:54.231+0000] {logging_mixin.py:188} INFO - [2024-02-23T16:33:54.230+0000] {dag.py:3823} INFO - Setting next_dagrun for example_bash_operator to 2024-02-22 00:00:00+00:00, run_after=2024-02-23 00:00:00+00:00
[2024-02-23T16:33:54.263+0000] {processor.py:183} INFO - Processing /home/airflow/.local/lib/python3.8/site-packages/airflow/example_dags/example_bash_operator.py took 0.177 seconds
[2024-02-23T16:34:24.495+0000] {processor.py:161} INFO - Started process (PID=202) to work on /home/airflow/.local/lib/python3.8/site-packages/airflow/example_dags/example_bash_operator.py
[2024-02-23T16:34:24.496+0000] {processor.py:830} INFO - Processing file /home/airflow/.local/lib/python3.8/site-packages/airflow/example_dags/example_bash_operator.py for tasks to queue
[2024-02-23T16:34:24.499+0000] {logging_mixin.py:188} INFO - [2024-02-23T16:34:24.498+0000] {dagbag.py:538} INFO - Filling up the DagBag from /home/airflow/.local/lib/python3.8/site-packages/airflow/example_dags/example_bash_operator.py
[2024-02-23T16:34:24.522+0000] {processor.py:840} INFO - DAG(s) 'example_bash_operator' retrieved from /home/airflow/.local/lib/python3.8/site-packages/airflow/example_dags/example_bash_operator.py
[2024-02-23T16:34:24.588+0000] {logging_mixin.py:188} INFO - [2024-02-23T16:34:24.588+0000] {dag.py:3036} INFO - Sync 1 DAGs
[2024-02-23T16:34:24.643+0000] {logging_mixin.py:188} INFO - [2024-02-23T16:34:24.642+0000] {dag.py:3823} INFO - Setting next_dagrun for example_bash_operator to 2024-02-22 00:00:00+00:00, run_after=2024-02-23 00:00:00+00:00
[2024-02-23T16:34:24.675+0000] {processor.py:183} INFO - Processing /home/airflow/.local/lib/python3.8/site-packages/airflow/example_dags/example_bash_operator.py took 0.185 seconds
[2024-02-23T16:34:54.724+0000] {processor.py:161} INFO - Started process (PID=258) to work on /home/airflow/.local/lib/python3.8/site-packages/airflow/example_dags/example_bash_operator.py
[2024-02-23T16:34:54.725+0000] {processor.py:830} INFO - Processing file /home/airflow/.local/lib/python3.8/site-packages/airflow/example_dags/example_bash_operator.py for tasks to queue
[2024-02-23T16:34:54.728+0000] {logging_mixin.py:188} INFO - [2024-02-23T16:34:54.728+0000] {dagbag.py:538} INFO - Filling up the DagBag from /home/airflow/.local/lib/python3.8/site-packages/airflow/example_dags/example_bash_operator.py
[2024-02-23T16:34:54.751+0000] {processor.py:840} INFO - DAG(s) 'example_bash_operator' retrieved from /home/airflow/.local/lib/python3.8/site-packages/airflow/example_dags/example_bash_operator.py
[2024-02-23T16:34:54.816+0000] {logging_mixin.py:188} INFO - [2024-02-23T16:34:54.816+0000] {dag.py:3036} INFO - Sync 1 DAGs
[2024-02-23T16:34:54.859+0000] {logging_mixin.py:188} INFO - [2024-02-23T16:34:54.858+0000] {dag.py:3823} INFO - Setting next_dagrun for example_bash_operator to 2024-02-22 00:00:00+00:00, run_after=2024-02-23 00:00:00+00:00
[2024-02-23T16:34:54.887+0000] {processor.py:183} INFO - Processing /home/airflow/.local/lib/python3.8/site-packages/airflow/example_dags/example_bash_operator.py took 0.169 seconds
[2024-02-23T16:35:25.308+0000] {processor.py:161} INFO - Started process (PID=313) to work on /home/airflow/.local/lib/python3.8/site-packages/airflow/example_dags/example_bash_operator.py
[2024-02-23T16:35:25.309+0000] {processor.py:830} INFO - Processing file /home/airflow/.local/lib/python3.8/site-packages/airflow/example_dags/example_bash_operator.py for tasks to queue
[2024-02-23T16:35:25.311+0000] {logging_mixin.py:188} INFO - [2024-02-23T16:35:25.311+0000] {dagbag.py:538} INFO - Filling up the DagBag from /home/airflow/.local/lib/python3.8/site-packages/airflow/example_dags/example_bash_operator.py
[2024-02-23T16:35:25.334+0000] {processor.py:840} INFO - DAG(s) 'example_bash_operator' retrieved from /home/airflow/.local/lib/python3.8/site-packages/airflow/example_dags/example_bash_operator.py
[2024-02-23T16:35:25.393+0000] {logging_mixin.py:188} INFO - [2024-02-23T16:35:25.392+0000] {dag.py:3036} INFO - Sync 1 DAGs
[2024-02-23T16:35:25.434+0000] {logging_mixin.py:188} INFO - [2024-02-23T16:35:25.434+0000] {dag.py:3823} INFO - Setting next_dagrun for example_bash_operator to 2024-02-22 00:00:00+00:00, run_after=2024-02-23 00:00:00+00:00
[2024-02-23T16:35:25.467+0000] {processor.py:183} INFO - Processing /home/airflow/.local/lib/python3.8/site-packages/airflow/example_dags/example_bash_operator.py took 0.164 seconds
[2024-02-23T16:35:55.885+0000] {processor.py:161} INFO - Started process (PID=371) to work on /home/airflow/.local/lib/python3.8/site-packages/airflow/example_dags/example_bash_operator.py
[2024-02-23T16:35:55.887+0000] {processor.py:830} INFO - Processing file /home/airflow/.local/lib/python3.8/site-packages/airflow/example_dags/example_bash_operator.py for tasks to queue
[2024-02-23T16:35:55.889+0000] {logging_mixin.py:188} INFO - [2024-02-23T16:35:55.889+0000] {dagbag.py:538} INFO - Filling up the DagBag from /home/airflow/.local/lib/python3.8/site-packages/airflow/example_dags/example_bash_operator.py
[2024-02-23T16:35:55.910+0000] {processor.py:840} INFO - DAG(s) 'example_bash_operator' retrieved from /home/airflow/.local/lib/python3.8/site-packages/airflow/example_dags/example_bash_operator.py
[2024-02-23T16:35:55.979+0000] {logging_mixin.py:188} INFO - [2024-02-23T16:35:55.978+0000] {dag.py:3036} INFO - Sync 1 DAGs
[2024-02-23T16:35:56.021+0000] {logging_mixin.py:188} INFO - [2024-02-23T16:35:56.021+0000] {dag.py:3823} INFO - Setting next_dagrun for example_bash_operator to 2024-02-22 00:00:00+00:00, run_after=2024-02-23 00:00:00+00:00
[2024-02-23T16:35:56.052+0000] {processor.py:183} INFO - Processing /home/airflow/.local/lib/python3.8/site-packages/airflow/example_dags/example_bash_operator.py took 0.172 seconds
[2024-02-23T16:36:26.134+0000] {processor.py:161} INFO - Started process (PID=428) to work on /home/airflow/.local/lib/python3.8/site-packages/airflow/example_dags/example_bash_operator.py
[2024-02-23T16:36:26.136+0000] {processor.py:830} INFO - Processing file /home/airflow/.local/lib/python3.8/site-packages/airflow/example_dags/example_bash_operator.py for tasks to queue
[2024-02-23T16:36:26.139+0000] {logging_mixin.py:188} INFO - [2024-02-23T16:36:26.138+0000] {dagbag.py:538} INFO - Filling up the DagBag from /home/airflow/.local/lib/python3.8/site-packages/airflow/example_dags/example_bash_operator.py
[2024-02-23T16:36:26.164+0000] {processor.py:840} INFO - DAG(s) 'example_bash_operator' retrieved from /home/airflow/.local/lib/python3.8/site-packages/airflow/example_dags/example_bash_operator.py
[2024-02-23T16:36:26.249+0000] {logging_mixin.py:188} INFO - [2024-02-23T16:36:26.248+0000] {dag.py:3036} INFO - Sync 1 DAGs
[2024-02-23T16:36:26.292+0000] {logging_mixin.py:188} INFO - [2024-02-23T16:36:26.291+0000] {dag.py:3823} INFO - Setting next_dagrun for example_bash_operator to 2024-02-22 00:00:00+00:00, run_after=2024-02-23 00:00:00+00:00
[2024-02-23T16:36:26.323+0000] {processor.py:183} INFO - Processing /home/airflow/.local/lib/python3.8/site-packages/airflow/example_dags/example_bash_operator.py took 0.196 seconds
[2024-02-23T16:36:57.104+0000] {processor.py:161} INFO - Started process (PID=485) to work on /home/airflow/.local/lib/python3.8/site-packages/airflow/example_dags/example_bash_operator.py
[2024-02-23T16:36:57.106+0000] {processor.py:830} INFO - Processing file /home/airflow/.local/lib/python3.8/site-packages/airflow/example_dags/example_bash_operator.py for tasks to queue
[2024-02-23T16:36:57.109+0000] {logging_mixin.py:188} INFO - [2024-02-23T16:36:57.108+0000] {dagbag.py:538} INFO - Filling up the DagBag from /home/airflow/.local/lib/python3.8/site-packages/airflow/example_dags/example_bash_operator.py
[2024-02-23T16:36:57.132+0000] {processor.py:840} INFO - DAG(s) 'example_bash_operator' retrieved from /home/airflow/.local/lib/python3.8/site-packages/airflow/example_dags/example_bash_operator.py
[2024-02-23T16:36:57.192+0000] {logging_mixin.py:188} INFO - [2024-02-23T16:36:57.192+0000] {dag.py:3036} INFO - Sync 1 DAGs
[2024-02-23T16:36:57.240+0000] {logging_mixin.py:188} INFO - [2024-02-23T16:36:57.240+0000] {dag.py:3823} INFO - Setting next_dagrun for example_bash_operator to 2024-02-22 00:00:00+00:00, run_after=2024-02-23 00:00:00+00:00
[2024-02-23T16:36:57.276+0000] {processor.py:183} INFO - Processing /home/airflow/.local/lib/python3.8/site-packages/airflow/example_dags/example_bash_operator.py took 0.178 seconds
[2024-02-23T16:37:27.657+0000] {processor.py:161} INFO - Started process (PID=542) to work on /home/airflow/.local/lib/python3.8/site-packages/airflow/example_dags/example_bash_operator.py
[2024-02-23T16:37:27.659+0000] {processor.py:830} INFO - Processing file /home/airflow/.local/lib/python3.8/site-packages/airflow/example_dags/example_bash_operator.py for tasks to queue
[2024-02-23T16:37:27.661+0000] {logging_mixin.py:188} INFO - [2024-02-23T16:37:27.661+0000] {dagbag.py:538} INFO - Filling up the DagBag from /home/airflow/.local/lib/python3.8/site-packages/airflow/example_dags/example_bash_operator.py
[2024-02-23T16:37:27.683+0000] {processor.py:840} INFO - DAG(s) 'example_bash_operator' retrieved from /home/airflow/.local/lib/python3.8/site-packages/airflow/example_dags/example_bash_operator.py
[2024-02-23T16:37:27.749+0000] {logging_mixin.py:188} INFO - [2024-02-23T16:37:27.749+0000] {dag.py:3036} INFO - Sync 1 DAGs
[2024-02-23T16:37:27.795+0000] {logging_mixin.py:188} INFO - [2024-02-23T16:37:27.794+0000] {dag.py:3823} INFO - Setting next_dagrun for example_bash_operator to 2024-02-22 00:00:00+00:00, run_after=2024-02-23 00:00:00+00:00
[2024-02-23T16:37:27.827+0000] {processor.py:183} INFO - Processing /home/airflow/.local/lib/python3.8/site-packages/airflow/example_dags/example_bash_operator.py took 0.175 seconds
[2024-02-23T16:37:58.100+0000] {processor.py:161} INFO - Started process (PID=599) to work on /home/airflow/.local/lib/python3.8/site-packages/airflow/example_dags/example_bash_operator.py
[2024-02-23T16:37:58.101+0000] {processor.py:830} INFO - Processing file /home/airflow/.local/lib/python3.8/site-packages/airflow/example_dags/example_bash_operator.py for tasks to queue
[2024-02-23T16:37:58.104+0000] {logging_mixin.py:188} INFO - [2024-02-23T16:37:58.103+0000] {dagbag.py:538} INFO - Filling up the DagBag from /home/airflow/.local/lib/python3.8/site-packages/airflow/example_dags/example_bash_operator.py
[2024-02-23T16:37:58.128+0000] {processor.py:840} INFO - DAG(s) 'example_bash_operator' retrieved from /home/airflow/.local/lib/python3.8/site-packages/airflow/example_dags/example_bash_operator.py
[2024-02-23T16:37:58.187+0000] {logging_mixin.py:188} INFO - [2024-02-23T16:37:58.186+0000] {dag.py:3036} INFO - Sync 1 DAGs
[2024-02-23T16:37:58.236+0000] {logging_mixin.py:188} INFO - [2024-02-23T16:37:58.235+0000] {dag.py:3823} INFO - Setting next_dagrun for example_bash_operator to 2024-02-22 00:00:00+00:00, run_after=2024-02-23 00:00:00+00:00
[2024-02-23T16:37:58.267+0000] {processor.py:183} INFO - Processing /home/airflow/.local/lib/python3.8/site-packages/airflow/example_dags/example_bash_operator.py took 0.172 seconds
[2024-02-23T16:38:28.868+0000] {processor.py:161} INFO - Started process (PID=656) to work on /home/airflow/.local/lib/python3.8/site-packages/airflow/example_dags/example_bash_operator.py
[2024-02-23T16:38:28.869+0000] {processor.py:830} INFO - Processing file /home/airflow/.local/lib/python3.8/site-packages/airflow/example_dags/example_bash_operator.py for tasks to queue
[2024-02-23T16:38:28.872+0000] {logging_mixin.py:188} INFO - [2024-02-23T16:38:28.872+0000] {dagbag.py:538} INFO - Filling up the DagBag from /home/airflow/.local/lib/python3.8/site-packages/airflow/example_dags/example_bash_operator.py
[2024-02-23T16:38:28.895+0000] {processor.py:840} INFO - DAG(s) 'example_bash_operator' retrieved from /home/airflow/.local/lib/python3.8/site-packages/airflow/example_dags/example_bash_operator.py
[2024-02-23T16:38:28.955+0000] {logging_mixin.py:188} INFO - [2024-02-23T16:38:28.955+0000] {dag.py:3036} INFO - Sync 1 DAGs
[2024-02-23T16:38:29.004+0000] {logging_mixin.py:188} INFO - [2024-02-23T16:38:29.004+0000] {dag.py:3823} INFO - Setting next_dagrun for example_bash_operator to 2024-02-22 00:00:00+00:00, run_after=2024-02-23 00:00:00+00:00
[2024-02-23T16:38:29.041+0000] {processor.py:183} INFO - Processing /home/airflow/.local/lib/python3.8/site-packages/airflow/example_dags/example_bash_operator.py took 0.178 seconds
[2024-02-23T16:39:00.126+0000] {processor.py:161} INFO - Started process (PID=712) to work on /home/airflow/.local/lib/python3.8/site-packages/airflow/example_dags/example_bash_operator.py
[2024-02-23T16:39:00.131+0000] {processor.py:830} INFO - Processing file /home/airflow/.local/lib/python3.8/site-packages/airflow/example_dags/example_bash_operator.py for tasks to queue
[2024-02-23T16:39:00.135+0000] {logging_mixin.py:188} INFO - [2024-02-23T16:39:00.134+0000] {dagbag.py:538} INFO - Filling up the DagBag from /home/airflow/.local/lib/python3.8/site-packages/airflow/example_dags/example_bash_operator.py
[2024-02-23T16:39:00.160+0000] {processor.py:840} INFO - DAG(s) 'example_bash_operator' retrieved from /home/airflow/.local/lib/python3.8/site-packages/airflow/example_dags/example_bash_operator.py
[2024-02-23T16:39:00.220+0000] {logging_mixin.py:188} INFO - [2024-02-23T16:39:00.219+0000] {dag.py:3036} INFO - Sync 1 DAGs
[2024-02-23T16:39:00.265+0000] {logging_mixin.py:188} INFO - [2024-02-23T16:39:00.264+0000] {dag.py:3823} INFO - Setting next_dagrun for example_bash_operator to 2024-02-22 00:00:00+00:00, run_after=2024-02-23 00:00:00+00:00
[2024-02-23T16:39:00.343+0000] {processor.py:183} INFO - Processing /home/airflow/.local/lib/python3.8/site-packages/airflow/example_dags/example_bash_operator.py took 0.223 seconds
[2024-02-23T16:39:30.873+0000] {processor.py:161} INFO - Started process (PID=769) to work on /home/airflow/.local/lib/python3.8/site-packages/airflow/example_dags/example_bash_operator.py
[2024-02-23T16:39:30.875+0000] {processor.py:830} INFO - Processing file /home/airflow/.local/lib/python3.8/site-packages/airflow/example_dags/example_bash_operator.py for tasks to queue
[2024-02-23T16:39:30.878+0000] {logging_mixin.py:188} INFO - [2024-02-23T16:39:30.878+0000] {dagbag.py:538} INFO - Filling up the DagBag from /home/airflow/.local/lib/python3.8/site-packages/airflow/example_dags/example_bash_operator.py
[2024-02-23T16:39:30.903+0000] {processor.py:840} INFO - DAG(s) 'example_bash_operator' retrieved from /home/airflow/.local/lib/python3.8/site-packages/airflow/example_dags/example_bash_operator.py
[2024-02-23T16:39:30.978+0000] {logging_mixin.py:188} INFO - [2024-02-23T16:39:30.978+0000] {dag.py:3036} INFO - Sync 1 DAGs
[2024-02-23T16:39:31.024+0000] {logging_mixin.py:188} INFO - [2024-02-23T16:39:31.024+0000] {dag.py:3823} INFO - Setting next_dagrun for example_bash_operator to 2024-02-22 00:00:00+00:00, run_after=2024-02-23 00:00:00+00:00
[2024-02-23T16:39:31.058+0000] {processor.py:183} INFO - Processing /home/airflow/.local/lib/python3.8/site-packages/airflow/example_dags/example_bash_operator.py took 0.191 seconds
[2024-02-23T16:40:01.745+0000] {processor.py:161} INFO - Started process (PID=826) to work on /home/airflow/.local/lib/python3.8/site-packages/airflow/example_dags/example_bash_operator.py
[2024-02-23T16:40:01.746+0000] {processor.py:830} INFO - Processing file /home/airflow/.local/lib/python3.8/site-packages/airflow/example_dags/example_bash_operator.py for tasks to queue
[2024-02-23T16:40:01.749+0000] {logging_mixin.py:188} INFO - [2024-02-23T16:40:01.748+0000] {dagbag.py:538} INFO - Filling up the DagBag from /home/airflow/.local/lib/python3.8/site-packages/airflow/example_dags/example_bash_operator.py
[2024-02-23T16:40:01.773+0000] {processor.py:840} INFO - DAG(s) 'example_bash_operator' retrieved from /home/airflow/.local/lib/python3.8/site-packages/airflow/example_dags/example_bash_operator.py
[2024-02-23T16:40:01.856+0000] {logging_mixin.py:188} INFO - [2024-02-23T16:40:01.855+0000] {dag.py:3036} INFO - Sync 1 DAGs
[2024-02-23T16:40:01.923+0000] {logging_mixin.py:188} INFO - [2024-02-23T16:40:01.922+0000] {dag.py:3823} INFO - Setting next_dagrun for example_bash_operator to 2024-02-22 00:00:00+00:00, run_after=2024-02-23 00:00:00+00:00
[2024-02-23T16:40:01.974+0000] {processor.py:183} INFO - Processing /home/airflow/.local/lib/python3.8/site-packages/airflow/example_dags/example_bash_operator.py took 0.235 seconds
[2024-02-23T16:40:32.470+0000] {processor.py:161} INFO - Started process (PID=883) to work on /home/airflow/.local/lib/python3.8/site-packages/airflow/example_dags/example_bash_operator.py
[2024-02-23T16:40:32.473+0000] {processor.py:830} INFO - Processing file /home/airflow/.local/lib/python3.8/site-packages/airflow/example_dags/example_bash_operator.py for tasks to queue
[2024-02-23T16:40:32.476+0000] {logging_mixin.py:188} INFO - [2024-02-23T16:40:32.475+0000] {dagbag.py:538} INFO - Filling up the DagBag from /home/airflow/.local/lib/python3.8/site-packages/airflow/example_dags/example_bash_operator.py
[2024-02-23T16:40:32.508+0000] {processor.py:840} INFO - DAG(s) 'example_bash_operator' retrieved from /home/airflow/.local/lib/python3.8/site-packages/airflow/example_dags/example_bash_operator.py
[2024-02-23T16:40:32.590+0000] {logging_mixin.py:188} INFO - [2024-02-23T16:40:32.590+0000] {dag.py:3036} INFO - Sync 1 DAGs
[2024-02-23T16:40:32.654+0000] {logging_mixin.py:188} INFO - [2024-02-23T16:40:32.653+0000] {dag.py:3823} INFO - Setting next_dagrun for example_bash_operator to 2024-02-22 00:00:00+00:00, run_after=2024-02-23 00:00:00+00:00
[2024-02-23T16:40:32.696+0000] {processor.py:183} INFO - Processing /home/airflow/.local/lib/python3.8/site-packages/airflow/example_dags/example_bash_operator.py took 0.233 seconds
[2024-02-23T16:41:02.801+0000] {processor.py:161} INFO - Started process (PID=943) to work on /home/airflow/.local/lib/python3.8/site-packages/airflow/example_dags/example_bash_operator.py
[2024-02-23T16:41:02.803+0000] {processor.py:830} INFO - Processing file /home/airflow/.local/lib/python3.8/site-packages/airflow/example_dags/example_bash_operator.py for tasks to queue
[2024-02-23T16:41:02.807+0000] {logging_mixin.py:188} INFO - [2024-02-23T16:41:02.806+0000] {dagbag.py:538} INFO - Filling up the DagBag from /home/airflow/.local/lib/python3.8/site-packages/airflow/example_dags/example_bash_operator.py
[2024-02-23T16:41:02.842+0000] {processor.py:840} INFO - DAG(s) 'example_bash_operator' retrieved from /home/airflow/.local/lib/python3.8/site-packages/airflow/example_dags/example_bash_operator.py
[2024-02-23T16:41:02.912+0000] {logging_mixin.py:188} INFO - [2024-02-23T16:41:02.912+0000] {dag.py:3036} INFO - Sync 1 DAGs
[2024-02-23T16:41:02.963+0000] {logging_mixin.py:188} INFO - [2024-02-23T16:41:02.962+0000] {dag.py:3823} INFO - Setting next_dagrun for example_bash_operator to 2024-02-22 00:00:00+00:00, run_after=2024-02-23 00:00:00+00:00
[2024-02-23T16:41:03.000+0000] {processor.py:183} INFO - Processing /home/airflow/.local/lib/python3.8/site-packages/airflow/example_dags/example_bash_operator.py took 0.206 seconds
[2024-02-23T16:41:33.312+0000] {processor.py:161} INFO - Started process (PID=998) to work on /home/airflow/.local/lib/python3.8/site-packages/airflow/example_dags/example_bash_operator.py
[2024-02-23T16:41:33.313+0000] {processor.py:830} INFO - Processing file /home/airflow/.local/lib/python3.8/site-packages/airflow/example_dags/example_bash_operator.py for tasks to queue
[2024-02-23T16:41:33.317+0000] {logging_mixin.py:188} INFO - [2024-02-23T16:41:33.316+0000] {dagbag.py:538} INFO - Filling up the DagBag from /home/airflow/.local/lib/python3.8/site-packages/airflow/example_dags/example_bash_operator.py
[2024-02-23T16:41:33.347+0000] {processor.py:840} INFO - DAG(s) 'example_bash_operator' retrieved from /home/airflow/.local/lib/python3.8/site-packages/airflow/example_dags/example_bash_operator.py
[2024-02-23T16:41:33.419+0000] {logging_mixin.py:188} INFO - [2024-02-23T16:41:33.418+0000] {dag.py:3036} INFO - Sync 1 DAGs
[2024-02-23T16:41:33.493+0000] {logging_mixin.py:188} INFO - [2024-02-23T16:41:33.492+0000] {dag.py:3823} INFO - Setting next_dagrun for example_bash_operator to 2024-02-22 00:00:00+00:00, run_after=2024-02-23 00:00:00+00:00
[2024-02-23T16:41:33.533+0000] {processor.py:183} INFO - Processing /home/airflow/.local/lib/python3.8/site-packages/airflow/example_dags/example_bash_operator.py took 0.228 seconds
[2024-02-23T16:43:13.382+0000] {processor.py:161} INFO - Started process (PID=86) to work on /home/airflow/.local/lib/python3.8/site-packages/airflow/example_dags/example_bash_operator.py
[2024-02-23T16:43:13.384+0000] {processor.py:830} INFO - Processing file /home/airflow/.local/lib/python3.8/site-packages/airflow/example_dags/example_bash_operator.py for tasks to queue
[2024-02-23T16:43:13.387+0000] {logging_mixin.py:188} INFO - [2024-02-23T16:43:13.386+0000] {dagbag.py:538} INFO - Filling up the DagBag from /home/airflow/.local/lib/python3.8/site-packages/airflow/example_dags/example_bash_operator.py
[2024-02-23T16:43:13.415+0000] {processor.py:840} INFO - DAG(s) 'example_bash_operator' retrieved from /home/airflow/.local/lib/python3.8/site-packages/airflow/example_dags/example_bash_operator.py
[2024-02-23T16:43:13.780+0000] {logging_mixin.py:188} INFO - [2024-02-23T16:43:13.779+0000] {dag.py:3036} INFO - Sync 1 DAGs
[2024-02-23T16:43:13.846+0000] {logging_mixin.py:188} INFO - [2024-02-23T16:43:13.845+0000] {dag.py:3823} INFO - Setting next_dagrun for example_bash_operator to 2024-02-22 00:00:00+00:00, run_after=2024-02-23 00:00:00+00:00
[2024-02-23T16:43:13.918+0000] {processor.py:183} INFO - Processing /home/airflow/.local/lib/python3.8/site-packages/airflow/example_dags/example_bash_operator.py took 0.543 seconds
[2024-02-23T16:43:44.352+0000] {processor.py:161} INFO - Started process (PID=146) to work on /home/airflow/.local/lib/python3.8/site-packages/airflow/example_dags/example_bash_operator.py
[2024-02-23T16:43:44.353+0000] {processor.py:830} INFO - Processing file /home/airflow/.local/lib/python3.8/site-packages/airflow/example_dags/example_bash_operator.py for tasks to queue
[2024-02-23T16:43:44.356+0000] {logging_mixin.py:188} INFO - [2024-02-23T16:43:44.356+0000] {dagbag.py:538} INFO - Filling up the DagBag from /home/airflow/.local/lib/python3.8/site-packages/airflow/example_dags/example_bash_operator.py
[2024-02-23T16:43:44.384+0000] {processor.py:840} INFO - DAG(s) 'example_bash_operator' retrieved from /home/airflow/.local/lib/python3.8/site-packages/airflow/example_dags/example_bash_operator.py
[2024-02-23T16:43:44.443+0000] {logging_mixin.py:188} INFO - [2024-02-23T16:43:44.443+0000] {dag.py:3036} INFO - Sync 1 DAGs
[2024-02-23T16:43:44.492+0000] {logging_mixin.py:188} INFO - [2024-02-23T16:43:44.492+0000] {dag.py:3823} INFO - Setting next_dagrun for example_bash_operator to 2024-02-22 00:00:00+00:00, run_after=2024-02-23 00:00:00+00:00
[2024-02-23T16:43:44.527+0000] {processor.py:183} INFO - Processing /home/airflow/.local/lib/python3.8/site-packages/airflow/example_dags/example_bash_operator.py took 0.181 seconds
[2024-02-23T16:44:14.657+0000] {processor.py:161} INFO - Started process (PID=203) to work on /home/airflow/.local/lib/python3.8/site-packages/airflow/example_dags/example_bash_operator.py
[2024-02-23T16:44:14.659+0000] {processor.py:830} INFO - Processing file /home/airflow/.local/lib/python3.8/site-packages/airflow/example_dags/example_bash_operator.py for tasks to queue
[2024-02-23T16:44:14.661+0000] {logging_mixin.py:188} INFO - [2024-02-23T16:44:14.661+0000] {dagbag.py:538} INFO - Filling up the DagBag from /home/airflow/.local/lib/python3.8/site-packages/airflow/example_dags/example_bash_operator.py
[2024-02-23T16:44:14.686+0000] {processor.py:840} INFO - DAG(s) 'example_bash_operator' retrieved from /home/airflow/.local/lib/python3.8/site-packages/airflow/example_dags/example_bash_operator.py
[2024-02-23T16:44:14.753+0000] {logging_mixin.py:188} INFO - [2024-02-23T16:44:14.753+0000] {dag.py:3036} INFO - Sync 1 DAGs
[2024-02-23T16:44:14.797+0000] {logging_mixin.py:188} INFO - [2024-02-23T16:44:14.796+0000] {dag.py:3823} INFO - Setting next_dagrun for example_bash_operator to 2024-02-22 00:00:00+00:00, run_after=2024-02-23 00:00:00+00:00
[2024-02-23T16:44:14.835+0000] {processor.py:183} INFO - Processing /home/airflow/.local/lib/python3.8/site-packages/airflow/example_dags/example_bash_operator.py took 0.183 seconds
[2024-02-23T16:44:44.876+0000] {processor.py:161} INFO - Started process (PID=259) to work on /home/airflow/.local/lib/python3.8/site-packages/airflow/example_dags/example_bash_operator.py
[2024-02-23T16:44:44.878+0000] {processor.py:830} INFO - Processing file /home/airflow/.local/lib/python3.8/site-packages/airflow/example_dags/example_bash_operator.py for tasks to queue
[2024-02-23T16:44:44.881+0000] {logging_mixin.py:188} INFO - [2024-02-23T16:44:44.880+0000] {dagbag.py:538} INFO - Filling up the DagBag from /home/airflow/.local/lib/python3.8/site-packages/airflow/example_dags/example_bash_operator.py
[2024-02-23T16:44:44.903+0000] {processor.py:840} INFO - DAG(s) 'example_bash_operator' retrieved from /home/airflow/.local/lib/python3.8/site-packages/airflow/example_dags/example_bash_operator.py
[2024-02-23T16:44:44.959+0000] {logging_mixin.py:188} INFO - [2024-02-23T16:44:44.959+0000] {dag.py:3036} INFO - Sync 1 DAGs
[2024-02-23T16:44:45.009+0000] {logging_mixin.py:188} INFO - [2024-02-23T16:44:45.008+0000] {dag.py:3823} INFO - Setting next_dagrun for example_bash_operator to 2024-02-22 00:00:00+00:00, run_after=2024-02-23 00:00:00+00:00
[2024-02-23T16:44:45.037+0000] {processor.py:183} INFO - Processing /home/airflow/.local/lib/python3.8/site-packages/airflow/example_dags/example_bash_operator.py took 0.166 seconds
[2024-02-23T16:45:15.102+0000] {processor.py:161} INFO - Started process (PID=313) to work on /home/airflow/.local/lib/python3.8/site-packages/airflow/example_dags/example_bash_operator.py
[2024-02-23T16:45:15.105+0000] {processor.py:830} INFO - Processing file /home/airflow/.local/lib/python3.8/site-packages/airflow/example_dags/example_bash_operator.py for tasks to queue
[2024-02-23T16:45:15.107+0000] {logging_mixin.py:188} INFO - [2024-02-23T16:45:15.107+0000] {dagbag.py:538} INFO - Filling up the DagBag from /home/airflow/.local/lib/python3.8/site-packages/airflow/example_dags/example_bash_operator.py
[2024-02-23T16:45:15.130+0000] {processor.py:840} INFO - DAG(s) 'example_bash_operator' retrieved from /home/airflow/.local/lib/python3.8/site-packages/airflow/example_dags/example_bash_operator.py
[2024-02-23T16:45:15.193+0000] {logging_mixin.py:188} INFO - [2024-02-23T16:45:15.193+0000] {dag.py:3036} INFO - Sync 1 DAGs
[2024-02-23T16:45:15.238+0000] {logging_mixin.py:188} INFO - [2024-02-23T16:45:15.237+0000] {dag.py:3823} INFO - Setting next_dagrun for example_bash_operator to 2024-02-22 00:00:00+00:00, run_after=2024-02-23 00:00:00+00:00
[2024-02-23T16:45:15.267+0000] {processor.py:183} INFO - Processing /home/airflow/.local/lib/python3.8/site-packages/airflow/example_dags/example_bash_operator.py took 0.170 seconds
[2024-02-23T16:45:45.782+0000] {processor.py:161} INFO - Started process (PID=369) to work on /home/airflow/.local/lib/python3.8/site-packages/airflow/example_dags/example_bash_operator.py
[2024-02-23T16:45:45.783+0000] {processor.py:830} INFO - Processing file /home/airflow/.local/lib/python3.8/site-packages/airflow/example_dags/example_bash_operator.py for tasks to queue
[2024-02-23T16:45:45.787+0000] {logging_mixin.py:188} INFO - [2024-02-23T16:45:45.786+0000] {dagbag.py:538} INFO - Filling up the DagBag from /home/airflow/.local/lib/python3.8/site-packages/airflow/example_dags/example_bash_operator.py
[2024-02-23T16:45:45.810+0000] {processor.py:840} INFO - DAG(s) 'example_bash_operator' retrieved from /home/airflow/.local/lib/python3.8/site-packages/airflow/example_dags/example_bash_operator.py
[2024-02-23T16:45:45.872+0000] {logging_mixin.py:188} INFO - [2024-02-23T16:45:45.872+0000] {dag.py:3036} INFO - Sync 1 DAGs
[2024-02-23T16:45:45.930+0000] {logging_mixin.py:188} INFO - [2024-02-23T16:45:45.929+0000] {dag.py:3823} INFO - Setting next_dagrun for example_bash_operator to 2024-02-22 00:00:00+00:00, run_after=2024-02-23 00:00:00+00:00
[2024-02-23T16:45:45.973+0000] {processor.py:183} INFO - Processing /home/airflow/.local/lib/python3.8/site-packages/airflow/example_dags/example_bash_operator.py took 0.196 seconds
[2024-02-23T16:46:16.011+0000] {processor.py:161} INFO - Started process (PID=426) to work on /home/airflow/.local/lib/python3.8/site-packages/airflow/example_dags/example_bash_operator.py
[2024-02-23T16:46:16.012+0000] {processor.py:830} INFO - Processing file /home/airflow/.local/lib/python3.8/site-packages/airflow/example_dags/example_bash_operator.py for tasks to queue
[2024-02-23T16:46:16.015+0000] {logging_mixin.py:188} INFO - [2024-02-23T16:46:16.014+0000] {dagbag.py:538} INFO - Filling up the DagBag from /home/airflow/.local/lib/python3.8/site-packages/airflow/example_dags/example_bash_operator.py
[2024-02-23T16:46:16.038+0000] {processor.py:840} INFO - DAG(s) 'example_bash_operator' retrieved from /home/airflow/.local/lib/python3.8/site-packages/airflow/example_dags/example_bash_operator.py
[2024-02-23T16:46:16.097+0000] {logging_mixin.py:188} INFO - [2024-02-23T16:46:16.097+0000] {dag.py:3036} INFO - Sync 1 DAGs
[2024-02-23T16:46:16.140+0000] {logging_mixin.py:188} INFO - [2024-02-23T16:46:16.140+0000] {dag.py:3823} INFO - Setting next_dagrun for example_bash_operator to 2024-02-22 00:00:00+00:00, run_after=2024-02-23 00:00:00+00:00
[2024-02-23T16:46:16.173+0000] {processor.py:183} INFO - Processing /home/airflow/.local/lib/python3.8/site-packages/airflow/example_dags/example_bash_operator.py took 0.167 seconds
[2024-02-23T16:46:46.695+0000] {processor.py:161} INFO - Started process (PID=483) to work on /home/airflow/.local/lib/python3.8/site-packages/airflow/example_dags/example_bash_operator.py
[2024-02-23T16:46:46.696+0000] {processor.py:830} INFO - Processing file /home/airflow/.local/lib/python3.8/site-packages/airflow/example_dags/example_bash_operator.py for tasks to queue
[2024-02-23T16:46:46.699+0000] {logging_mixin.py:188} INFO - [2024-02-23T16:46:46.698+0000] {dagbag.py:538} INFO - Filling up the DagBag from /home/airflow/.local/lib/python3.8/site-packages/airflow/example_dags/example_bash_operator.py
[2024-02-23T16:46:46.721+0000] {processor.py:840} INFO - DAG(s) 'example_bash_operator' retrieved from /home/airflow/.local/lib/python3.8/site-packages/airflow/example_dags/example_bash_operator.py
[2024-02-23T16:46:46.778+0000] {logging_mixin.py:188} INFO - [2024-02-23T16:46:46.778+0000] {dag.py:3036} INFO - Sync 1 DAGs
[2024-02-23T16:46:46.822+0000] {logging_mixin.py:188} INFO - [2024-02-23T16:46:46.822+0000] {dag.py:3823} INFO - Setting next_dagrun for example_bash_operator to 2024-02-22 00:00:00+00:00, run_after=2024-02-23 00:00:00+00:00
[2024-02-23T16:46:46.854+0000] {processor.py:183} INFO - Processing /home/airflow/.local/lib/python3.8/site-packages/airflow/example_dags/example_bash_operator.py took 0.164 seconds
[2024-02-23T16:47:17.391+0000] {processor.py:161} INFO - Started process (PID=540) to work on /home/airflow/.local/lib/python3.8/site-packages/airflow/example_dags/example_bash_operator.py
[2024-02-23T16:47:17.394+0000] {processor.py:830} INFO - Processing file /home/airflow/.local/lib/python3.8/site-packages/airflow/example_dags/example_bash_operator.py for tasks to queue
[2024-02-23T16:47:17.397+0000] {logging_mixin.py:188} INFO - [2024-02-23T16:47:17.396+0000] {dagbag.py:538} INFO - Filling up the DagBag from /home/airflow/.local/lib/python3.8/site-packages/airflow/example_dags/example_bash_operator.py
[2024-02-23T16:47:17.419+0000] {processor.py:840} INFO - DAG(s) 'example_bash_operator' retrieved from /home/airflow/.local/lib/python3.8/site-packages/airflow/example_dags/example_bash_operator.py
[2024-02-23T16:47:17.480+0000] {logging_mixin.py:188} INFO - [2024-02-23T16:47:17.479+0000] {dag.py:3036} INFO - Sync 1 DAGs
[2024-02-23T16:47:17.529+0000] {logging_mixin.py:188} INFO - [2024-02-23T16:47:17.529+0000] {dag.py:3823} INFO - Setting next_dagrun for example_bash_operator to 2024-02-22 00:00:00+00:00, run_after=2024-02-23 00:00:00+00:00
[2024-02-23T16:47:17.569+0000] {processor.py:183} INFO - Processing /home/airflow/.local/lib/python3.8/site-packages/airflow/example_dags/example_bash_operator.py took 0.183 seconds
[2024-02-23T16:48:44.349+0000] {processor.py:161} INFO - Started process (PID=86) to work on /home/airflow/.local/lib/python3.8/site-packages/airflow/example_dags/example_bash_operator.py
[2024-02-23T16:48:44.351+0000] {processor.py:830} INFO - Processing file /home/airflow/.local/lib/python3.8/site-packages/airflow/example_dags/example_bash_operator.py for tasks to queue
[2024-02-23T16:48:44.353+0000] {logging_mixin.py:188} INFO - [2024-02-23T16:48:44.353+0000] {dagbag.py:538} INFO - Filling up the DagBag from /home/airflow/.local/lib/python3.8/site-packages/airflow/example_dags/example_bash_operator.py
[2024-02-23T16:48:44.376+0000] {processor.py:840} INFO - DAG(s) 'example_bash_operator' retrieved from /home/airflow/.local/lib/python3.8/site-packages/airflow/example_dags/example_bash_operator.py
[2024-02-23T16:48:45.410+0000] {logging_mixin.py:188} INFO - [2024-02-23T16:48:45.409+0000] {process_utils.py:262} INFO - Waiting up to 5 seconds for processes to exit...
[2024-02-23T16:52:03.781+0000] {processor.py:161} INFO - Started process (PID=85) to work on /home/airflow/.local/lib/python3.8/site-packages/airflow/example_dags/example_bash_operator.py
[2024-02-23T16:52:03.785+0000] {processor.py:830} INFO - Processing file /home/airflow/.local/lib/python3.8/site-packages/airflow/example_dags/example_bash_operator.py for tasks to queue
[2024-02-23T16:52:03.788+0000] {logging_mixin.py:188} INFO - [2024-02-23T16:52:03.788+0000] {dagbag.py:538} INFO - Filling up the DagBag from /home/airflow/.local/lib/python3.8/site-packages/airflow/example_dags/example_bash_operator.py
[2024-02-23T16:52:03.824+0000] {processor.py:840} INFO - DAG(s) 'example_bash_operator' retrieved from /home/airflow/.local/lib/python3.8/site-packages/airflow/example_dags/example_bash_operator.py
[2024-02-23T16:52:04.214+0000] {logging_mixin.py:188} INFO - [2024-02-23T16:52:04.213+0000] {dag.py:3036} INFO - Sync 1 DAGs
[2024-02-23T16:52:04.279+0000] {logging_mixin.py:188} INFO - [2024-02-23T16:52:04.279+0000] {dag.py:3823} INFO - Setting next_dagrun for example_bash_operator to 2024-02-22 00:00:00+00:00, run_after=2024-02-23 00:00:00+00:00
[2024-02-23T16:52:04.332+0000] {processor.py:183} INFO - Processing /home/airflow/.local/lib/python3.8/site-packages/airflow/example_dags/example_bash_operator.py took 0.558 seconds
[2024-02-23T16:52:34.401+0000] {processor.py:161} INFO - Started process (PID=144) to work on /home/airflow/.local/lib/python3.8/site-packages/airflow/example_dags/example_bash_operator.py
[2024-02-23T16:52:34.403+0000] {processor.py:830} INFO - Processing file /home/airflow/.local/lib/python3.8/site-packages/airflow/example_dags/example_bash_operator.py for tasks to queue
[2024-02-23T16:52:34.405+0000] {logging_mixin.py:188} INFO - [2024-02-23T16:52:34.405+0000] {dagbag.py:538} INFO - Filling up the DagBag from /home/airflow/.local/lib/python3.8/site-packages/airflow/example_dags/example_bash_operator.py
[2024-02-23T16:52:34.426+0000] {processor.py:840} INFO - DAG(s) 'example_bash_operator' retrieved from /home/airflow/.local/lib/python3.8/site-packages/airflow/example_dags/example_bash_operator.py
[2024-02-23T16:52:34.486+0000] {logging_mixin.py:188} INFO - [2024-02-23T16:52:34.485+0000] {dag.py:3036} INFO - Sync 1 DAGs
[2024-02-23T16:52:34.537+0000] {logging_mixin.py:188} INFO - [2024-02-23T16:52:34.536+0000] {dag.py:3823} INFO - Setting next_dagrun for example_bash_operator to 2024-02-22 00:00:00+00:00, run_after=2024-02-23 00:00:00+00:00
[2024-02-23T16:52:34.576+0000] {processor.py:183} INFO - Processing /home/airflow/.local/lib/python3.8/site-packages/airflow/example_dags/example_bash_operator.py took 0.181 seconds
[2024-02-23T16:53:05.086+0000] {processor.py:161} INFO - Started process (PID=200) to work on /home/airflow/.local/lib/python3.8/site-packages/airflow/example_dags/example_bash_operator.py
[2024-02-23T16:53:05.087+0000] {processor.py:830} INFO - Processing file /home/airflow/.local/lib/python3.8/site-packages/airflow/example_dags/example_bash_operator.py for tasks to queue
[2024-02-23T16:53:05.090+0000] {logging_mixin.py:188} INFO - [2024-02-23T16:53:05.089+0000] {dagbag.py:538} INFO - Filling up the DagBag from /home/airflow/.local/lib/python3.8/site-packages/airflow/example_dags/example_bash_operator.py
[2024-02-23T16:53:05.114+0000] {processor.py:840} INFO - DAG(s) 'example_bash_operator' retrieved from /home/airflow/.local/lib/python3.8/site-packages/airflow/example_dags/example_bash_operator.py
[2024-02-23T16:53:05.175+0000] {logging_mixin.py:188} INFO - [2024-02-23T16:53:05.175+0000] {dag.py:3036} INFO - Sync 1 DAGs
[2024-02-23T16:53:05.219+0000] {logging_mixin.py:188} INFO - [2024-02-23T16:53:05.219+0000] {dag.py:3823} INFO - Setting next_dagrun for example_bash_operator to 2024-02-22 00:00:00+00:00, run_after=2024-02-23 00:00:00+00:00
[2024-02-23T16:53:05.265+0000] {processor.py:183} INFO - Processing /home/airflow/.local/lib/python3.8/site-packages/airflow/example_dags/example_bash_operator.py took 0.186 seconds
