[2024-02-23T16:33:16.588+0000] {processor.py:161} INFO - Started process (PID=57) to work on /home/airflow/.local/lib/python3.8/site-packages/airflow/example_dags/example_skip_dag.py
[2024-02-23T16:33:16.589+0000] {processor.py:830} INFO - Processing file /home/airflow/.local/lib/python3.8/site-packages/airflow/example_dags/example_skip_dag.py for tasks to queue
[2024-02-23T16:33:16.593+0000] {logging_mixin.py:188} INFO - [2024-02-23T16:33:16.592+0000] {dagbag.py:538} INFO - Filling up the DagBag from /home/airflow/.local/lib/python3.8/site-packages/airflow/example_dags/example_skip_dag.py
[2024-02-23T16:33:16.613+0000] {processor.py:840} INFO - DAG(s) 'example_skip_dag' retrieved from /home/airflow/.local/lib/python3.8/site-packages/airflow/example_dags/example_skip_dag.py
[2024-02-23T16:33:16.873+0000] {logging_mixin.py:188} INFO - [2024-02-23T16:33:16.873+0000] {dag.py:3036} INFO - Sync 1 DAGs
[2024-02-23T16:33:16.920+0000] {logging_mixin.py:188} INFO - [2024-02-23T16:33:16.920+0000] {dag.py:3823} INFO - Setting next_dagrun for example_skip_dag to 2024-02-22 00:00:00+00:00, run_after=2024-02-23 00:00:00+00:00
[2024-02-23T16:33:16.958+0000] {processor.py:183} INFO - Processing /home/airflow/.local/lib/python3.8/site-packages/airflow/example_dags/example_skip_dag.py took 0.377 seconds
[2024-02-23T16:33:47.458+0000] {processor.py:161} INFO - Started process (PID=114) to work on /home/airflow/.local/lib/python3.8/site-packages/airflow/example_dags/example_skip_dag.py
[2024-02-23T16:33:47.460+0000] {processor.py:830} INFO - Processing file /home/airflow/.local/lib/python3.8/site-packages/airflow/example_dags/example_skip_dag.py for tasks to queue
[2024-02-23T16:33:47.462+0000] {logging_mixin.py:188} INFO - [2024-02-23T16:33:47.462+0000] {dagbag.py:538} INFO - Filling up the DagBag from /home/airflow/.local/lib/python3.8/site-packages/airflow/example_dags/example_skip_dag.py
[2024-02-23T16:33:47.475+0000] {processor.py:840} INFO - DAG(s) 'example_skip_dag' retrieved from /home/airflow/.local/lib/python3.8/site-packages/airflow/example_dags/example_skip_dag.py
[2024-02-23T16:33:47.525+0000] {logging_mixin.py:188} INFO - [2024-02-23T16:33:47.525+0000] {dag.py:3036} INFO - Sync 1 DAGs
[2024-02-23T16:33:47.573+0000] {logging_mixin.py:188} INFO - [2024-02-23T16:33:47.572+0000] {dag.py:3823} INFO - Setting next_dagrun for example_skip_dag to 2024-02-22 00:00:00+00:00, run_after=2024-02-23 00:00:00+00:00
[2024-02-23T16:33:47.607+0000] {processor.py:183} INFO - Processing /home/airflow/.local/lib/python3.8/site-packages/airflow/example_dags/example_skip_dag.py took 0.155 seconds
[2024-02-23T16:34:18.770+0000] {processor.py:161} INFO - Started process (PID=171) to work on /home/airflow/.local/lib/python3.8/site-packages/airflow/example_dags/example_skip_dag.py
[2024-02-23T16:34:18.772+0000] {processor.py:830} INFO - Processing file /home/airflow/.local/lib/python3.8/site-packages/airflow/example_dags/example_skip_dag.py for tasks to queue
[2024-02-23T16:34:18.774+0000] {logging_mixin.py:188} INFO - [2024-02-23T16:34:18.774+0000] {dagbag.py:538} INFO - Filling up the DagBag from /home/airflow/.local/lib/python3.8/site-packages/airflow/example_dags/example_skip_dag.py
[2024-02-23T16:34:18.788+0000] {processor.py:840} INFO - DAG(s) 'example_skip_dag' retrieved from /home/airflow/.local/lib/python3.8/site-packages/airflow/example_dags/example_skip_dag.py
[2024-02-23T16:34:18.839+0000] {logging_mixin.py:188} INFO - [2024-02-23T16:34:18.839+0000] {dag.py:3036} INFO - Sync 1 DAGs
[2024-02-23T16:34:18.905+0000] {logging_mixin.py:188} INFO - [2024-02-23T16:34:18.905+0000] {dag.py:3823} INFO - Setting next_dagrun for example_skip_dag to 2024-02-22 00:00:00+00:00, run_after=2024-02-23 00:00:00+00:00
[2024-02-23T16:34:18.963+0000] {processor.py:183} INFO - Processing /home/airflow/.local/lib/python3.8/site-packages/airflow/example_dags/example_skip_dag.py took 0.198 seconds
[2024-02-23T16:34:49.108+0000] {processor.py:161} INFO - Started process (PID=228) to work on /home/airflow/.local/lib/python3.8/site-packages/airflow/example_dags/example_skip_dag.py
[2024-02-23T16:34:49.110+0000] {processor.py:830} INFO - Processing file /home/airflow/.local/lib/python3.8/site-packages/airflow/example_dags/example_skip_dag.py for tasks to queue
[2024-02-23T16:34:49.113+0000] {logging_mixin.py:188} INFO - [2024-02-23T16:34:49.112+0000] {dagbag.py:538} INFO - Filling up the DagBag from /home/airflow/.local/lib/python3.8/site-packages/airflow/example_dags/example_skip_dag.py
[2024-02-23T16:34:49.128+0000] {processor.py:840} INFO - DAG(s) 'example_skip_dag' retrieved from /home/airflow/.local/lib/python3.8/site-packages/airflow/example_dags/example_skip_dag.py
[2024-02-23T16:34:49.167+0000] {logging_mixin.py:188} INFO - [2024-02-23T16:34:49.167+0000] {dag.py:3036} INFO - Sync 1 DAGs
[2024-02-23T16:34:49.212+0000] {logging_mixin.py:188} INFO - [2024-02-23T16:34:49.211+0000] {dag.py:3823} INFO - Setting next_dagrun for example_skip_dag to 2024-02-22 00:00:00+00:00, run_after=2024-02-23 00:00:00+00:00
[2024-02-23T16:34:49.257+0000] {processor.py:183} INFO - Processing /home/airflow/.local/lib/python3.8/site-packages/airflow/example_dags/example_skip_dag.py took 0.155 seconds
[2024-02-23T16:35:19.906+0000] {processor.py:161} INFO - Started process (PID=285) to work on /home/airflow/.local/lib/python3.8/site-packages/airflow/example_dags/example_skip_dag.py
[2024-02-23T16:35:19.907+0000] {processor.py:830} INFO - Processing file /home/airflow/.local/lib/python3.8/site-packages/airflow/example_dags/example_skip_dag.py for tasks to queue
[2024-02-23T16:35:19.911+0000] {logging_mixin.py:188} INFO - [2024-02-23T16:35:19.910+0000] {dagbag.py:538} INFO - Filling up the DagBag from /home/airflow/.local/lib/python3.8/site-packages/airflow/example_dags/example_skip_dag.py
[2024-02-23T16:35:19.925+0000] {processor.py:840} INFO - DAG(s) 'example_skip_dag' retrieved from /home/airflow/.local/lib/python3.8/site-packages/airflow/example_dags/example_skip_dag.py
[2024-02-23T16:35:19.980+0000] {logging_mixin.py:188} INFO - [2024-02-23T16:35:19.979+0000] {dag.py:3036} INFO - Sync 1 DAGs
[2024-02-23T16:35:20.018+0000] {logging_mixin.py:188} INFO - [2024-02-23T16:35:20.018+0000] {dag.py:3823} INFO - Setting next_dagrun for example_skip_dag to 2024-02-22 00:00:00+00:00, run_after=2024-02-23 00:00:00+00:00
[2024-02-23T16:35:20.055+0000] {processor.py:183} INFO - Processing /home/airflow/.local/lib/python3.8/site-packages/airflow/example_dags/example_skip_dag.py took 0.155 seconds
[2024-02-23T16:35:50.096+0000] {processor.py:161} INFO - Started process (PID=343) to work on /home/airflow/.local/lib/python3.8/site-packages/airflow/example_dags/example_skip_dag.py
[2024-02-23T16:35:50.098+0000] {processor.py:830} INFO - Processing file /home/airflow/.local/lib/python3.8/site-packages/airflow/example_dags/example_skip_dag.py for tasks to queue
[2024-02-23T16:35:50.100+0000] {logging_mixin.py:188} INFO - [2024-02-23T16:35:50.100+0000] {dagbag.py:538} INFO - Filling up the DagBag from /home/airflow/.local/lib/python3.8/site-packages/airflow/example_dags/example_skip_dag.py
[2024-02-23T16:35:50.113+0000] {processor.py:840} INFO - DAG(s) 'example_skip_dag' retrieved from /home/airflow/.local/lib/python3.8/site-packages/airflow/example_dags/example_skip_dag.py
[2024-02-23T16:35:50.150+0000] {logging_mixin.py:188} INFO - [2024-02-23T16:35:50.149+0000] {dag.py:3036} INFO - Sync 1 DAGs
[2024-02-23T16:35:50.193+0000] {logging_mixin.py:188} INFO - [2024-02-23T16:35:50.193+0000] {dag.py:3823} INFO - Setting next_dagrun for example_skip_dag to 2024-02-22 00:00:00+00:00, run_after=2024-02-23 00:00:00+00:00
[2024-02-23T16:35:50.225+0000] {processor.py:183} INFO - Processing /home/airflow/.local/lib/python3.8/site-packages/airflow/example_dags/example_skip_dag.py took 0.134 seconds
[2024-02-23T16:36:20.522+0000] {processor.py:161} INFO - Started process (PID=400) to work on /home/airflow/.local/lib/python3.8/site-packages/airflow/example_dags/example_skip_dag.py
[2024-02-23T16:36:20.524+0000] {processor.py:830} INFO - Processing file /home/airflow/.local/lib/python3.8/site-packages/airflow/example_dags/example_skip_dag.py for tasks to queue
[2024-02-23T16:36:20.527+0000] {logging_mixin.py:188} INFO - [2024-02-23T16:36:20.527+0000] {dagbag.py:538} INFO - Filling up the DagBag from /home/airflow/.local/lib/python3.8/site-packages/airflow/example_dags/example_skip_dag.py
[2024-02-23T16:36:20.538+0000] {processor.py:840} INFO - DAG(s) 'example_skip_dag' retrieved from /home/airflow/.local/lib/python3.8/site-packages/airflow/example_dags/example_skip_dag.py
[2024-02-23T16:36:20.584+0000] {logging_mixin.py:188} INFO - [2024-02-23T16:36:20.584+0000] {dag.py:3036} INFO - Sync 1 DAGs
[2024-02-23T16:36:20.634+0000] {logging_mixin.py:188} INFO - [2024-02-23T16:36:20.634+0000] {dag.py:3823} INFO - Setting next_dagrun for example_skip_dag to 2024-02-22 00:00:00+00:00, run_after=2024-02-23 00:00:00+00:00
[2024-02-23T16:36:20.673+0000] {processor.py:183} INFO - Processing /home/airflow/.local/lib/python3.8/site-packages/airflow/example_dags/example_skip_dag.py took 0.157 seconds
[2024-02-23T16:36:51.389+0000] {processor.py:161} INFO - Started process (PID=457) to work on /home/airflow/.local/lib/python3.8/site-packages/airflow/example_dags/example_skip_dag.py
[2024-02-23T16:36:51.391+0000] {processor.py:830} INFO - Processing file /home/airflow/.local/lib/python3.8/site-packages/airflow/example_dags/example_skip_dag.py for tasks to queue
[2024-02-23T16:36:51.394+0000] {logging_mixin.py:188} INFO - [2024-02-23T16:36:51.393+0000] {dagbag.py:538} INFO - Filling up the DagBag from /home/airflow/.local/lib/python3.8/site-packages/airflow/example_dags/example_skip_dag.py
[2024-02-23T16:36:51.410+0000] {processor.py:840} INFO - DAG(s) 'example_skip_dag' retrieved from /home/airflow/.local/lib/python3.8/site-packages/airflow/example_dags/example_skip_dag.py
[2024-02-23T16:36:51.458+0000] {logging_mixin.py:188} INFO - [2024-02-23T16:36:51.458+0000] {dag.py:3036} INFO - Sync 1 DAGs
[2024-02-23T16:36:51.518+0000] {logging_mixin.py:188} INFO - [2024-02-23T16:36:51.518+0000] {dag.py:3823} INFO - Setting next_dagrun for example_skip_dag to 2024-02-22 00:00:00+00:00, run_after=2024-02-23 00:00:00+00:00
[2024-02-23T16:36:51.561+0000] {processor.py:183} INFO - Processing /home/airflow/.local/lib/python3.8/site-packages/airflow/example_dags/example_skip_dag.py took 0.179 seconds
[2024-02-23T16:37:21.762+0000] {processor.py:161} INFO - Started process (PID=514) to work on /home/airflow/.local/lib/python3.8/site-packages/airflow/example_dags/example_skip_dag.py
[2024-02-23T16:37:21.763+0000] {processor.py:830} INFO - Processing file /home/airflow/.local/lib/python3.8/site-packages/airflow/example_dags/example_skip_dag.py for tasks to queue
[2024-02-23T16:37:21.766+0000] {logging_mixin.py:188} INFO - [2024-02-23T16:37:21.766+0000] {dagbag.py:538} INFO - Filling up the DagBag from /home/airflow/.local/lib/python3.8/site-packages/airflow/example_dags/example_skip_dag.py
[2024-02-23T16:37:21.781+0000] {processor.py:840} INFO - DAG(s) 'example_skip_dag' retrieved from /home/airflow/.local/lib/python3.8/site-packages/airflow/example_dags/example_skip_dag.py
[2024-02-23T16:37:21.823+0000] {logging_mixin.py:188} INFO - [2024-02-23T16:37:21.823+0000] {dag.py:3036} INFO - Sync 1 DAGs
[2024-02-23T16:37:21.867+0000] {logging_mixin.py:188} INFO - [2024-02-23T16:37:21.866+0000] {dag.py:3823} INFO - Setting next_dagrun for example_skip_dag to 2024-02-22 00:00:00+00:00, run_after=2024-02-23 00:00:00+00:00
[2024-02-23T16:37:21.915+0000] {processor.py:183} INFO - Processing /home/airflow/.local/lib/python3.8/site-packages/airflow/example_dags/example_skip_dag.py took 0.160 seconds
[2024-02-23T16:37:52.369+0000] {processor.py:161} INFO - Started process (PID=571) to work on /home/airflow/.local/lib/python3.8/site-packages/airflow/example_dags/example_skip_dag.py
[2024-02-23T16:37:52.371+0000] {processor.py:830} INFO - Processing file /home/airflow/.local/lib/python3.8/site-packages/airflow/example_dags/example_skip_dag.py for tasks to queue
[2024-02-23T16:37:52.374+0000] {logging_mixin.py:188} INFO - [2024-02-23T16:37:52.373+0000] {dagbag.py:538} INFO - Filling up the DagBag from /home/airflow/.local/lib/python3.8/site-packages/airflow/example_dags/example_skip_dag.py
[2024-02-23T16:37:52.385+0000] {processor.py:840} INFO - DAG(s) 'example_skip_dag' retrieved from /home/airflow/.local/lib/python3.8/site-packages/airflow/example_dags/example_skip_dag.py
[2024-02-23T16:37:52.425+0000] {logging_mixin.py:188} INFO - [2024-02-23T16:37:52.424+0000] {dag.py:3036} INFO - Sync 1 DAGs
[2024-02-23T16:37:52.468+0000] {logging_mixin.py:188} INFO - [2024-02-23T16:37:52.467+0000] {dag.py:3823} INFO - Setting next_dagrun for example_skip_dag to 2024-02-22 00:00:00+00:00, run_after=2024-02-23 00:00:00+00:00
[2024-02-23T16:37:52.500+0000] {processor.py:183} INFO - Processing /home/airflow/.local/lib/python3.8/site-packages/airflow/example_dags/example_skip_dag.py took 0.136 seconds
[2024-02-23T16:38:23.329+0000] {processor.py:161} INFO - Started process (PID=628) to work on /home/airflow/.local/lib/python3.8/site-packages/airflow/example_dags/example_skip_dag.py
[2024-02-23T16:38:23.331+0000] {processor.py:830} INFO - Processing file /home/airflow/.local/lib/python3.8/site-packages/airflow/example_dags/example_skip_dag.py for tasks to queue
[2024-02-23T16:38:23.334+0000] {logging_mixin.py:188} INFO - [2024-02-23T16:38:23.333+0000] {dagbag.py:538} INFO - Filling up the DagBag from /home/airflow/.local/lib/python3.8/site-packages/airflow/example_dags/example_skip_dag.py
[2024-02-23T16:38:23.345+0000] {processor.py:840} INFO - DAG(s) 'example_skip_dag' retrieved from /home/airflow/.local/lib/python3.8/site-packages/airflow/example_dags/example_skip_dag.py
[2024-02-23T16:38:23.383+0000] {logging_mixin.py:188} INFO - [2024-02-23T16:38:23.383+0000] {dag.py:3036} INFO - Sync 1 DAGs
[2024-02-23T16:38:23.422+0000] {logging_mixin.py:188} INFO - [2024-02-23T16:38:23.422+0000] {dag.py:3823} INFO - Setting next_dagrun for example_skip_dag to 2024-02-22 00:00:00+00:00, run_after=2024-02-23 00:00:00+00:00
[2024-02-23T16:38:23.455+0000] {processor.py:183} INFO - Processing /home/airflow/.local/lib/python3.8/site-packages/airflow/example_dags/example_skip_dag.py took 0.131 seconds
[2024-02-23T16:38:53.709+0000] {processor.py:161} INFO - Started process (PID=684) to work on /home/airflow/.local/lib/python3.8/site-packages/airflow/example_dags/example_skip_dag.py
[2024-02-23T16:38:53.710+0000] {processor.py:830} INFO - Processing file /home/airflow/.local/lib/python3.8/site-packages/airflow/example_dags/example_skip_dag.py for tasks to queue
[2024-02-23T16:38:53.714+0000] {logging_mixin.py:188} INFO - [2024-02-23T16:38:53.713+0000] {dagbag.py:538} INFO - Filling up the DagBag from /home/airflow/.local/lib/python3.8/site-packages/airflow/example_dags/example_skip_dag.py
[2024-02-23T16:38:53.728+0000] {processor.py:840} INFO - DAG(s) 'example_skip_dag' retrieved from /home/airflow/.local/lib/python3.8/site-packages/airflow/example_dags/example_skip_dag.py
[2024-02-23T16:38:53.772+0000] {logging_mixin.py:188} INFO - [2024-02-23T16:38:53.771+0000] {dag.py:3036} INFO - Sync 1 DAGs
[2024-02-23T16:38:53.823+0000] {logging_mixin.py:188} INFO - [2024-02-23T16:38:53.823+0000] {dag.py:3823} INFO - Setting next_dagrun for example_skip_dag to 2024-02-22 00:00:00+00:00, run_after=2024-02-23 00:00:00+00:00
[2024-02-23T16:38:53.859+0000] {processor.py:183} INFO - Processing /home/airflow/.local/lib/python3.8/site-packages/airflow/example_dags/example_skip_dag.py took 0.156 seconds
[2024-02-23T16:39:24.051+0000] {processor.py:161} INFO - Started process (PID=741) to work on /home/airflow/.local/lib/python3.8/site-packages/airflow/example_dags/example_skip_dag.py
[2024-02-23T16:39:24.052+0000] {processor.py:830} INFO - Processing file /home/airflow/.local/lib/python3.8/site-packages/airflow/example_dags/example_skip_dag.py for tasks to queue
[2024-02-23T16:39:24.059+0000] {logging_mixin.py:188} INFO - [2024-02-23T16:39:24.057+0000] {dagbag.py:538} INFO - Filling up the DagBag from /home/airflow/.local/lib/python3.8/site-packages/airflow/example_dags/example_skip_dag.py
[2024-02-23T16:39:24.077+0000] {processor.py:840} INFO - DAG(s) 'example_skip_dag' retrieved from /home/airflow/.local/lib/python3.8/site-packages/airflow/example_dags/example_skip_dag.py
[2024-02-23T16:39:24.140+0000] {logging_mixin.py:188} INFO - [2024-02-23T16:39:24.139+0000] {dag.py:3036} INFO - Sync 1 DAGs
[2024-02-23T16:39:24.203+0000] {logging_mixin.py:188} INFO - [2024-02-23T16:39:24.202+0000] {dag.py:3823} INFO - Setting next_dagrun for example_skip_dag to 2024-02-22 00:00:00+00:00, run_after=2024-02-23 00:00:00+00:00
[2024-02-23T16:39:24.275+0000] {processor.py:183} INFO - Processing /home/airflow/.local/lib/python3.8/site-packages/airflow/example_dags/example_skip_dag.py took 0.233 seconds
[2024-02-23T16:39:55.177+0000] {processor.py:161} INFO - Started process (PID=798) to work on /home/airflow/.local/lib/python3.8/site-packages/airflow/example_dags/example_skip_dag.py
[2024-02-23T16:39:55.179+0000] {processor.py:830} INFO - Processing file /home/airflow/.local/lib/python3.8/site-packages/airflow/example_dags/example_skip_dag.py for tasks to queue
[2024-02-23T16:39:55.181+0000] {logging_mixin.py:188} INFO - [2024-02-23T16:39:55.181+0000] {dagbag.py:538} INFO - Filling up the DagBag from /home/airflow/.local/lib/python3.8/site-packages/airflow/example_dags/example_skip_dag.py
[2024-02-23T16:39:55.193+0000] {processor.py:840} INFO - DAG(s) 'example_skip_dag' retrieved from /home/airflow/.local/lib/python3.8/site-packages/airflow/example_dags/example_skip_dag.py
[2024-02-23T16:39:55.237+0000] {logging_mixin.py:188} INFO - [2024-02-23T16:39:55.237+0000] {dag.py:3036} INFO - Sync 1 DAGs
[2024-02-23T16:39:55.281+0000] {logging_mixin.py:188} INFO - [2024-02-23T16:39:55.281+0000] {dag.py:3823} INFO - Setting next_dagrun for example_skip_dag to 2024-02-22 00:00:00+00:00, run_after=2024-02-23 00:00:00+00:00
[2024-02-23T16:39:55.319+0000] {processor.py:183} INFO - Processing /home/airflow/.local/lib/python3.8/site-packages/airflow/example_dags/example_skip_dag.py took 0.147 seconds
[2024-02-23T16:40:26.253+0000] {processor.py:161} INFO - Started process (PID=855) to work on /home/airflow/.local/lib/python3.8/site-packages/airflow/example_dags/example_skip_dag.py
[2024-02-23T16:40:26.255+0000] {processor.py:830} INFO - Processing file /home/airflow/.local/lib/python3.8/site-packages/airflow/example_dags/example_skip_dag.py for tasks to queue
[2024-02-23T16:40:26.258+0000] {logging_mixin.py:188} INFO - [2024-02-23T16:40:26.257+0000] {dagbag.py:538} INFO - Filling up the DagBag from /home/airflow/.local/lib/python3.8/site-packages/airflow/example_dags/example_skip_dag.py
[2024-02-23T16:40:26.271+0000] {processor.py:840} INFO - DAG(s) 'example_skip_dag' retrieved from /home/airflow/.local/lib/python3.8/site-packages/airflow/example_dags/example_skip_dag.py
[2024-02-23T16:40:26.313+0000] {logging_mixin.py:188} INFO - [2024-02-23T16:40:26.312+0000] {dag.py:3036} INFO - Sync 1 DAGs
[2024-02-23T16:40:26.361+0000] {logging_mixin.py:188} INFO - [2024-02-23T16:40:26.361+0000] {dag.py:3823} INFO - Setting next_dagrun for example_skip_dag to 2024-02-22 00:00:00+00:00, run_after=2024-02-23 00:00:00+00:00
[2024-02-23T16:40:26.397+0000] {processor.py:183} INFO - Processing /home/airflow/.local/lib/python3.8/site-packages/airflow/example_dags/example_skip_dag.py took 0.150 seconds
[2024-02-23T16:40:57.214+0000] {processor.py:161} INFO - Started process (PID=913) to work on /home/airflow/.local/lib/python3.8/site-packages/airflow/example_dags/example_skip_dag.py
[2024-02-23T16:40:57.216+0000] {processor.py:830} INFO - Processing file /home/airflow/.local/lib/python3.8/site-packages/airflow/example_dags/example_skip_dag.py for tasks to queue
[2024-02-23T16:40:57.220+0000] {logging_mixin.py:188} INFO - [2024-02-23T16:40:57.219+0000] {dagbag.py:538} INFO - Filling up the DagBag from /home/airflow/.local/lib/python3.8/site-packages/airflow/example_dags/example_skip_dag.py
[2024-02-23T16:40:57.237+0000] {processor.py:840} INFO - DAG(s) 'example_skip_dag' retrieved from /home/airflow/.local/lib/python3.8/site-packages/airflow/example_dags/example_skip_dag.py
[2024-02-23T16:40:57.292+0000] {logging_mixin.py:188} INFO - [2024-02-23T16:40:57.291+0000] {dag.py:3036} INFO - Sync 1 DAGs
[2024-02-23T16:40:57.359+0000] {logging_mixin.py:188} INFO - [2024-02-23T16:40:57.358+0000] {dag.py:3823} INFO - Setting next_dagrun for example_skip_dag to 2024-02-22 00:00:00+00:00, run_after=2024-02-23 00:00:00+00:00
[2024-02-23T16:40:57.411+0000] {processor.py:183} INFO - Processing /home/airflow/.local/lib/python3.8/site-packages/airflow/example_dags/example_skip_dag.py took 0.209 seconds
[2024-02-23T16:41:27.508+0000] {processor.py:161} INFO - Started process (PID=970) to work on /home/airflow/.local/lib/python3.8/site-packages/airflow/example_dags/example_skip_dag.py
[2024-02-23T16:41:27.509+0000] {processor.py:830} INFO - Processing file /home/airflow/.local/lib/python3.8/site-packages/airflow/example_dags/example_skip_dag.py for tasks to queue
[2024-02-23T16:41:27.511+0000] {logging_mixin.py:188} INFO - [2024-02-23T16:41:27.511+0000] {dagbag.py:538} INFO - Filling up the DagBag from /home/airflow/.local/lib/python3.8/site-packages/airflow/example_dags/example_skip_dag.py
[2024-02-23T16:41:27.522+0000] {processor.py:840} INFO - DAG(s) 'example_skip_dag' retrieved from /home/airflow/.local/lib/python3.8/site-packages/airflow/example_dags/example_skip_dag.py
[2024-02-23T16:41:27.563+0000] {logging_mixin.py:188} INFO - [2024-02-23T16:41:27.563+0000] {dag.py:3036} INFO - Sync 1 DAGs
[2024-02-23T16:41:27.607+0000] {logging_mixin.py:188} INFO - [2024-02-23T16:41:27.606+0000] {dag.py:3823} INFO - Setting next_dagrun for example_skip_dag to 2024-02-22 00:00:00+00:00, run_after=2024-02-23 00:00:00+00:00
[2024-02-23T16:41:27.638+0000] {processor.py:183} INFO - Processing /home/airflow/.local/lib/python3.8/site-packages/airflow/example_dags/example_skip_dag.py took 0.136 seconds
[2024-02-23T16:43:05.853+0000] {processor.py:161} INFO - Started process (PID=57) to work on /home/airflow/.local/lib/python3.8/site-packages/airflow/example_dags/example_skip_dag.py
[2024-02-23T16:43:05.855+0000] {processor.py:830} INFO - Processing file /home/airflow/.local/lib/python3.8/site-packages/airflow/example_dags/example_skip_dag.py for tasks to queue
[2024-02-23T16:43:05.858+0000] {logging_mixin.py:188} INFO - [2024-02-23T16:43:05.857+0000] {dagbag.py:538} INFO - Filling up the DagBag from /home/airflow/.local/lib/python3.8/site-packages/airflow/example_dags/example_skip_dag.py
[2024-02-23T16:43:05.873+0000] {processor.py:840} INFO - DAG(s) 'example_skip_dag' retrieved from /home/airflow/.local/lib/python3.8/site-packages/airflow/example_dags/example_skip_dag.py
[2024-02-23T16:43:06.074+0000] {logging_mixin.py:188} INFO - [2024-02-23T16:43:06.073+0000] {dag.py:3036} INFO - Sync 1 DAGs
[2024-02-23T16:43:06.118+0000] {logging_mixin.py:188} INFO - [2024-02-23T16:43:06.118+0000] {dag.py:3823} INFO - Setting next_dagrun for example_skip_dag to 2024-02-22 00:00:00+00:00, run_after=2024-02-23 00:00:00+00:00
[2024-02-23T16:43:06.149+0000] {processor.py:183} INFO - Processing /home/airflow/.local/lib/python3.8/site-packages/airflow/example_dags/example_skip_dag.py took 0.301 seconds
[2024-02-23T16:43:36.487+0000] {processor.py:161} INFO - Started process (PID=114) to work on /home/airflow/.local/lib/python3.8/site-packages/airflow/example_dags/example_skip_dag.py
[2024-02-23T16:43:36.488+0000] {processor.py:830} INFO - Processing file /home/airflow/.local/lib/python3.8/site-packages/airflow/example_dags/example_skip_dag.py for tasks to queue
[2024-02-23T16:43:36.490+0000] {logging_mixin.py:188} INFO - [2024-02-23T16:43:36.490+0000] {dagbag.py:538} INFO - Filling up the DagBag from /home/airflow/.local/lib/python3.8/site-packages/airflow/example_dags/example_skip_dag.py
[2024-02-23T16:43:36.502+0000] {processor.py:840} INFO - DAG(s) 'example_skip_dag' retrieved from /home/airflow/.local/lib/python3.8/site-packages/airflow/example_dags/example_skip_dag.py
[2024-02-23T16:43:36.539+0000] {logging_mixin.py:188} INFO - [2024-02-23T16:43:36.538+0000] {dag.py:3036} INFO - Sync 1 DAGs
[2024-02-23T16:43:36.579+0000] {logging_mixin.py:188} INFO - [2024-02-23T16:43:36.578+0000] {dag.py:3823} INFO - Setting next_dagrun for example_skip_dag to 2024-02-22 00:00:00+00:00, run_after=2024-02-23 00:00:00+00:00
[2024-02-23T16:43:36.612+0000] {processor.py:183} INFO - Processing /home/airflow/.local/lib/python3.8/site-packages/airflow/example_dags/example_skip_dag.py took 0.131 seconds
[2024-02-23T16:44:06.735+0000] {processor.py:161} INFO - Started process (PID=171) to work on /home/airflow/.local/lib/python3.8/site-packages/airflow/example_dags/example_skip_dag.py
[2024-02-23T16:44:06.737+0000] {processor.py:830} INFO - Processing file /home/airflow/.local/lib/python3.8/site-packages/airflow/example_dags/example_skip_dag.py for tasks to queue
[2024-02-23T16:44:06.739+0000] {logging_mixin.py:188} INFO - [2024-02-23T16:44:06.739+0000] {dagbag.py:538} INFO - Filling up the DagBag from /home/airflow/.local/lib/python3.8/site-packages/airflow/example_dags/example_skip_dag.py
[2024-02-23T16:44:06.752+0000] {processor.py:840} INFO - DAG(s) 'example_skip_dag' retrieved from /home/airflow/.local/lib/python3.8/site-packages/airflow/example_dags/example_skip_dag.py
[2024-02-23T16:44:06.792+0000] {logging_mixin.py:188} INFO - [2024-02-23T16:44:06.792+0000] {dag.py:3036} INFO - Sync 1 DAGs
[2024-02-23T16:44:06.840+0000] {logging_mixin.py:188} INFO - [2024-02-23T16:44:06.839+0000] {dag.py:3823} INFO - Setting next_dagrun for example_skip_dag to 2024-02-22 00:00:00+00:00, run_after=2024-02-23 00:00:00+00:00
[2024-02-23T16:44:06.871+0000] {processor.py:183} INFO - Processing /home/airflow/.local/lib/python3.8/site-packages/airflow/example_dags/example_skip_dag.py took 0.140 seconds
[2024-02-23T16:44:37.337+0000] {processor.py:161} INFO - Started process (PID=228) to work on /home/airflow/.local/lib/python3.8/site-packages/airflow/example_dags/example_skip_dag.py
[2024-02-23T16:44:37.339+0000] {processor.py:830} INFO - Processing file /home/airflow/.local/lib/python3.8/site-packages/airflow/example_dags/example_skip_dag.py for tasks to queue
[2024-02-23T16:44:37.342+0000] {logging_mixin.py:188} INFO - [2024-02-23T16:44:37.342+0000] {dagbag.py:538} INFO - Filling up the DagBag from /home/airflow/.local/lib/python3.8/site-packages/airflow/example_dags/example_skip_dag.py
[2024-02-23T16:44:37.357+0000] {processor.py:840} INFO - DAG(s) 'example_skip_dag' retrieved from /home/airflow/.local/lib/python3.8/site-packages/airflow/example_dags/example_skip_dag.py
[2024-02-23T16:44:37.399+0000] {logging_mixin.py:188} INFO - [2024-02-23T16:44:37.399+0000] {dag.py:3036} INFO - Sync 1 DAGs
[2024-02-23T16:44:37.448+0000] {logging_mixin.py:188} INFO - [2024-02-23T16:44:37.448+0000] {dag.py:3823} INFO - Setting next_dagrun for example_skip_dag to 2024-02-22 00:00:00+00:00, run_after=2024-02-23 00:00:00+00:00
[2024-02-23T16:44:37.484+0000] {processor.py:183} INFO - Processing /home/airflow/.local/lib/python3.8/site-packages/airflow/example_dags/example_skip_dag.py took 0.153 seconds
[2024-02-23T16:45:07.880+0000] {processor.py:161} INFO - Started process (PID=285) to work on /home/airflow/.local/lib/python3.8/site-packages/airflow/example_dags/example_skip_dag.py
[2024-02-23T16:45:07.882+0000] {processor.py:830} INFO - Processing file /home/airflow/.local/lib/python3.8/site-packages/airflow/example_dags/example_skip_dag.py for tasks to queue
[2024-02-23T16:45:07.884+0000] {logging_mixin.py:188} INFO - [2024-02-23T16:45:07.884+0000] {dagbag.py:538} INFO - Filling up the DagBag from /home/airflow/.local/lib/python3.8/site-packages/airflow/example_dags/example_skip_dag.py
[2024-02-23T16:45:07.896+0000] {processor.py:840} INFO - DAG(s) 'example_skip_dag' retrieved from /home/airflow/.local/lib/python3.8/site-packages/airflow/example_dags/example_skip_dag.py
[2024-02-23T16:45:07.931+0000] {logging_mixin.py:188} INFO - [2024-02-23T16:45:07.931+0000] {dag.py:3036} INFO - Sync 1 DAGs
[2024-02-23T16:45:07.973+0000] {logging_mixin.py:188} INFO - [2024-02-23T16:45:07.972+0000] {dag.py:3823} INFO - Setting next_dagrun for example_skip_dag to 2024-02-22 00:00:00+00:00, run_after=2024-02-23 00:00:00+00:00
[2024-02-23T16:45:08.006+0000] {processor.py:183} INFO - Processing /home/airflow/.local/lib/python3.8/site-packages/airflow/example_dags/example_skip_dag.py took 0.132 seconds
[2024-02-23T16:45:38.183+0000] {processor.py:161} INFO - Started process (PID=341) to work on /home/airflow/.local/lib/python3.8/site-packages/airflow/example_dags/example_skip_dag.py
[2024-02-23T16:45:38.185+0000] {processor.py:830} INFO - Processing file /home/airflow/.local/lib/python3.8/site-packages/airflow/example_dags/example_skip_dag.py for tasks to queue
[2024-02-23T16:45:38.188+0000] {logging_mixin.py:188} INFO - [2024-02-23T16:45:38.188+0000] {dagbag.py:538} INFO - Filling up the DagBag from /home/airflow/.local/lib/python3.8/site-packages/airflow/example_dags/example_skip_dag.py
[2024-02-23T16:45:38.201+0000] {processor.py:840} INFO - DAG(s) 'example_skip_dag' retrieved from /home/airflow/.local/lib/python3.8/site-packages/airflow/example_dags/example_skip_dag.py
[2024-02-23T16:45:38.242+0000] {logging_mixin.py:188} INFO - [2024-02-23T16:45:38.241+0000] {dag.py:3036} INFO - Sync 1 DAGs
[2024-02-23T16:45:38.285+0000] {logging_mixin.py:188} INFO - [2024-02-23T16:45:38.285+0000] {dag.py:3823} INFO - Setting next_dagrun for example_skip_dag to 2024-02-22 00:00:00+00:00, run_after=2024-02-23 00:00:00+00:00
[2024-02-23T16:45:38.318+0000] {processor.py:183} INFO - Processing /home/airflow/.local/lib/python3.8/site-packages/airflow/example_dags/example_skip_dag.py took 0.140 seconds
[2024-02-23T16:46:08.734+0000] {processor.py:161} INFO - Started process (PID=398) to work on /home/airflow/.local/lib/python3.8/site-packages/airflow/example_dags/example_skip_dag.py
[2024-02-23T16:46:08.737+0000] {processor.py:830} INFO - Processing file /home/airflow/.local/lib/python3.8/site-packages/airflow/example_dags/example_skip_dag.py for tasks to queue
[2024-02-23T16:46:08.740+0000] {logging_mixin.py:188} INFO - [2024-02-23T16:46:08.739+0000] {dagbag.py:538} INFO - Filling up the DagBag from /home/airflow/.local/lib/python3.8/site-packages/airflow/example_dags/example_skip_dag.py
[2024-02-23T16:46:08.754+0000] {processor.py:840} INFO - DAG(s) 'example_skip_dag' retrieved from /home/airflow/.local/lib/python3.8/site-packages/airflow/example_dags/example_skip_dag.py
[2024-02-23T16:46:08.800+0000] {logging_mixin.py:188} INFO - [2024-02-23T16:46:08.799+0000] {dag.py:3036} INFO - Sync 1 DAGs
[2024-02-23T16:46:08.844+0000] {logging_mixin.py:188} INFO - [2024-02-23T16:46:08.844+0000] {dag.py:3823} INFO - Setting next_dagrun for example_skip_dag to 2024-02-22 00:00:00+00:00, run_after=2024-02-23 00:00:00+00:00
[2024-02-23T16:46:08.877+0000] {processor.py:183} INFO - Processing /home/airflow/.local/lib/python3.8/site-packages/airflow/example_dags/example_skip_dag.py took 0.148 seconds
[2024-02-23T16:46:39.296+0000] {processor.py:161} INFO - Started process (PID=455) to work on /home/airflow/.local/lib/python3.8/site-packages/airflow/example_dags/example_skip_dag.py
[2024-02-23T16:46:39.298+0000] {processor.py:830} INFO - Processing file /home/airflow/.local/lib/python3.8/site-packages/airflow/example_dags/example_skip_dag.py for tasks to queue
[2024-02-23T16:46:39.301+0000] {logging_mixin.py:188} INFO - [2024-02-23T16:46:39.300+0000] {dagbag.py:538} INFO - Filling up the DagBag from /home/airflow/.local/lib/python3.8/site-packages/airflow/example_dags/example_skip_dag.py
[2024-02-23T16:46:39.312+0000] {processor.py:840} INFO - DAG(s) 'example_skip_dag' retrieved from /home/airflow/.local/lib/python3.8/site-packages/airflow/example_dags/example_skip_dag.py
[2024-02-23T16:46:39.352+0000] {logging_mixin.py:188} INFO - [2024-02-23T16:46:39.351+0000] {dag.py:3036} INFO - Sync 1 DAGs
[2024-02-23T16:46:39.393+0000] {logging_mixin.py:188} INFO - [2024-02-23T16:46:39.393+0000] {dag.py:3823} INFO - Setting next_dagrun for example_skip_dag to 2024-02-22 00:00:00+00:00, run_after=2024-02-23 00:00:00+00:00
[2024-02-23T16:46:39.422+0000] {processor.py:183} INFO - Processing /home/airflow/.local/lib/python3.8/site-packages/airflow/example_dags/example_skip_dag.py took 0.131 seconds
[2024-02-23T16:47:09.789+0000] {processor.py:161} INFO - Started process (PID=512) to work on /home/airflow/.local/lib/python3.8/site-packages/airflow/example_dags/example_skip_dag.py
[2024-02-23T16:47:09.791+0000] {processor.py:830} INFO - Processing file /home/airflow/.local/lib/python3.8/site-packages/airflow/example_dags/example_skip_dag.py for tasks to queue
[2024-02-23T16:47:09.794+0000] {logging_mixin.py:188} INFO - [2024-02-23T16:47:09.793+0000] {dagbag.py:538} INFO - Filling up the DagBag from /home/airflow/.local/lib/python3.8/site-packages/airflow/example_dags/example_skip_dag.py
[2024-02-23T16:47:09.812+0000] {processor.py:840} INFO - DAG(s) 'example_skip_dag' retrieved from /home/airflow/.local/lib/python3.8/site-packages/airflow/example_dags/example_skip_dag.py
[2024-02-23T16:47:09.854+0000] {logging_mixin.py:188} INFO - [2024-02-23T16:47:09.853+0000] {dag.py:3036} INFO - Sync 1 DAGs
[2024-02-23T16:47:09.918+0000] {logging_mixin.py:188} INFO - [2024-02-23T16:47:09.918+0000] {dag.py:3823} INFO - Setting next_dagrun for example_skip_dag to 2024-02-22 00:00:00+00:00, run_after=2024-02-23 00:00:00+00:00
[2024-02-23T16:47:09.956+0000] {processor.py:183} INFO - Processing /home/airflow/.local/lib/python3.8/site-packages/airflow/example_dags/example_skip_dag.py took 0.174 seconds
[2024-02-23T16:48:38.025+0000] {processor.py:161} INFO - Started process (PID=57) to work on /home/airflow/.local/lib/python3.8/site-packages/airflow/example_dags/example_skip_dag.py
[2024-02-23T16:48:38.029+0000] {processor.py:830} INFO - Processing file /home/airflow/.local/lib/python3.8/site-packages/airflow/example_dags/example_skip_dag.py for tasks to queue
[2024-02-23T16:48:38.032+0000] {logging_mixin.py:188} INFO - [2024-02-23T16:48:38.031+0000] {dagbag.py:538} INFO - Filling up the DagBag from /home/airflow/.local/lib/python3.8/site-packages/airflow/example_dags/example_skip_dag.py
[2024-02-23T16:48:38.054+0000] {processor.py:840} INFO - DAG(s) 'example_skip_dag' retrieved from /home/airflow/.local/lib/python3.8/site-packages/airflow/example_dags/example_skip_dag.py
[2024-02-23T16:48:38.293+0000] {logging_mixin.py:188} INFO - [2024-02-23T16:48:38.292+0000] {dag.py:3036} INFO - Sync 1 DAGs
[2024-02-23T16:48:38.341+0000] {logging_mixin.py:188} INFO - [2024-02-23T16:48:38.340+0000] {dag.py:3823} INFO - Setting next_dagrun for example_skip_dag to 2024-02-22 00:00:00+00:00, run_after=2024-02-23 00:00:00+00:00
[2024-02-23T16:48:38.381+0000] {processor.py:183} INFO - Processing /home/airflow/.local/lib/python3.8/site-packages/airflow/example_dags/example_skip_dag.py took 0.361 seconds
[2024-02-23T16:51:57.742+0000] {processor.py:161} INFO - Started process (PID=49) to work on /home/airflow/.local/lib/python3.8/site-packages/airflow/example_dags/example_skip_dag.py
[2024-02-23T16:51:57.744+0000] {processor.py:830} INFO - Processing file /home/airflow/.local/lib/python3.8/site-packages/airflow/example_dags/example_skip_dag.py for tasks to queue
[2024-02-23T16:51:57.747+0000] {logging_mixin.py:188} INFO - [2024-02-23T16:51:57.746+0000] {dagbag.py:538} INFO - Filling up the DagBag from /home/airflow/.local/lib/python3.8/site-packages/airflow/example_dags/example_skip_dag.py
[2024-02-23T16:51:57.763+0000] {processor.py:840} INFO - DAG(s) 'example_skip_dag' retrieved from /home/airflow/.local/lib/python3.8/site-packages/airflow/example_dags/example_skip_dag.py
[2024-02-23T16:51:57.974+0000] {logging_mixin.py:188} INFO - [2024-02-23T16:51:57.973+0000] {dag.py:3036} INFO - Sync 1 DAGs
[2024-02-23T16:51:58.018+0000] {logging_mixin.py:188} INFO - [2024-02-23T16:51:58.017+0000] {dag.py:3823} INFO - Setting next_dagrun for example_skip_dag to 2024-02-22 00:00:00+00:00, run_after=2024-02-23 00:00:00+00:00
[2024-02-23T16:51:58.057+0000] {processor.py:183} INFO - Processing /home/airflow/.local/lib/python3.8/site-packages/airflow/example_dags/example_skip_dag.py took 0.321 seconds
[2024-02-23T16:52:28.839+0000] {processor.py:161} INFO - Started process (PID=107) to work on /home/airflow/.local/lib/python3.8/site-packages/airflow/example_dags/example_skip_dag.py
[2024-02-23T16:52:28.841+0000] {processor.py:830} INFO - Processing file /home/airflow/.local/lib/python3.8/site-packages/airflow/example_dags/example_skip_dag.py for tasks to queue
[2024-02-23T16:52:28.843+0000] {logging_mixin.py:188} INFO - [2024-02-23T16:52:28.843+0000] {dagbag.py:538} INFO - Filling up the DagBag from /home/airflow/.local/lib/python3.8/site-packages/airflow/example_dags/example_skip_dag.py
[2024-02-23T16:52:28.855+0000] {processor.py:840} INFO - DAG(s) 'example_skip_dag' retrieved from /home/airflow/.local/lib/python3.8/site-packages/airflow/example_dags/example_skip_dag.py
[2024-02-23T16:52:28.891+0000] {logging_mixin.py:188} INFO - [2024-02-23T16:52:28.890+0000] {dag.py:3036} INFO - Sync 1 DAGs
[2024-02-23T16:52:28.935+0000] {logging_mixin.py:188} INFO - [2024-02-23T16:52:28.935+0000] {dag.py:3823} INFO - Setting next_dagrun for example_skip_dag to 2024-02-22 00:00:00+00:00, run_after=2024-02-23 00:00:00+00:00
[2024-02-23T16:52:28.972+0000] {processor.py:183} INFO - Processing /home/airflow/.local/lib/python3.8/site-packages/airflow/example_dags/example_skip_dag.py took 0.138 seconds
[2024-02-23T16:52:59.559+0000] {processor.py:161} INFO - Started process (PID=165) to work on /home/airflow/.local/lib/python3.8/site-packages/airflow/example_dags/example_skip_dag.py
[2024-02-23T16:52:59.561+0000] {processor.py:830} INFO - Processing file /home/airflow/.local/lib/python3.8/site-packages/airflow/example_dags/example_skip_dag.py for tasks to queue
[2024-02-23T16:52:59.563+0000] {logging_mixin.py:188} INFO - [2024-02-23T16:52:59.563+0000] {dagbag.py:538} INFO - Filling up the DagBag from /home/airflow/.local/lib/python3.8/site-packages/airflow/example_dags/example_skip_dag.py
[2024-02-23T16:52:59.576+0000] {processor.py:840} INFO - DAG(s) 'example_skip_dag' retrieved from /home/airflow/.local/lib/python3.8/site-packages/airflow/example_dags/example_skip_dag.py
[2024-02-23T16:52:59.615+0000] {logging_mixin.py:188} INFO - [2024-02-23T16:52:59.615+0000] {dag.py:3036} INFO - Sync 1 DAGs
[2024-02-23T16:52:59.665+0000] {logging_mixin.py:188} INFO - [2024-02-23T16:52:59.665+0000] {dag.py:3823} INFO - Setting next_dagrun for example_skip_dag to 2024-02-22 00:00:00+00:00, run_after=2024-02-23 00:00:00+00:00
[2024-02-23T16:52:59.698+0000] {processor.py:183} INFO - Processing /home/airflow/.local/lib/python3.8/site-packages/airflow/example_dags/example_skip_dag.py took 0.145 seconds
