[2024-02-23T16:33:20.418+0000] {processor.py:161} INFO - Started process (PID=76) to work on /home/airflow/.local/lib/python3.8/site-packages/airflow/example_dags/example_datasets.py
[2024-02-23T16:33:20.420+0000] {processor.py:830} INFO - Processing file /home/airflow/.local/lib/python3.8/site-packages/airflow/example_dags/example_datasets.py for tasks to queue
[2024-02-23T16:33:20.423+0000] {logging_mixin.py:188} INFO - [2024-02-23T16:33:20.422+0000] {dagbag.py:538} INFO - Filling up the DagBag from /home/airflow/.local/lib/python3.8/site-packages/airflow/example_dags/example_datasets.py
[2024-02-23T16:33:20.447+0000] {processor.py:840} INFO - DAG(s) 'dataset_produces_1', 'dataset_consumes_1', 'dataset_produces_2', 'dataset_consumes_unknown_never_scheduled', 'dataset_consumes_1_never_scheduled', 'dataset_consumes_1_and_2' retrieved from /home/airflow/.local/lib/python3.8/site-packages/airflow/example_dags/example_datasets.py
[2024-02-23T16:33:20.824+0000] {logging_mixin.py:188} INFO - [2024-02-23T16:33:20.823+0000] {dag.py:3036} INFO - Sync 6 DAGs
[2024-02-23T16:33:20.864+0000] {logging_mixin.py:188} INFO - [2024-02-23T16:33:20.863+0000] {dag.py:3823} INFO - Setting next_dagrun for dataset_consumes_1 to None, run_after=None
[2024-02-23T16:33:20.869+0000] {logging_mixin.py:188} INFO - [2024-02-23T16:33:20.869+0000] {dag.py:3823} INFO - Setting next_dagrun for dataset_consumes_1_and_2 to None, run_after=None
[2024-02-23T16:33:20.872+0000] {logging_mixin.py:188} INFO - [2024-02-23T16:33:20.871+0000] {dag.py:3823} INFO - Setting next_dagrun for dataset_consumes_1_never_scheduled to None, run_after=None
[2024-02-23T16:33:20.874+0000] {logging_mixin.py:188} INFO - [2024-02-23T16:33:20.874+0000] {dag.py:3823} INFO - Setting next_dagrun for dataset_consumes_unknown_never_scheduled to None, run_after=None
[2024-02-23T16:33:20.880+0000] {logging_mixin.py:188} INFO - [2024-02-23T16:33:20.880+0000] {dag.py:3823} INFO - Setting next_dagrun for dataset_produces_1 to 2024-02-22 00:00:00+00:00, run_after=2024-02-23 00:00:00+00:00
[2024-02-23T16:33:20.882+0000] {logging_mixin.py:188} INFO - [2024-02-23T16:33:20.882+0000] {dag.py:3823} INFO - Setting next_dagrun for dataset_produces_2 to None, run_after=None
[2024-02-23T16:33:20.960+0000] {processor.py:183} INFO - Processing /home/airflow/.local/lib/python3.8/site-packages/airflow/example_dags/example_datasets.py took 0.548 seconds
[2024-02-23T16:33:51.749+0000] {processor.py:161} INFO - Started process (PID=133) to work on /home/airflow/.local/lib/python3.8/site-packages/airflow/example_dags/example_datasets.py
[2024-02-23T16:33:51.751+0000] {processor.py:830} INFO - Processing file /home/airflow/.local/lib/python3.8/site-packages/airflow/example_dags/example_datasets.py for tasks to queue
[2024-02-23T16:33:51.754+0000] {logging_mixin.py:188} INFO - [2024-02-23T16:33:51.754+0000] {dagbag.py:538} INFO - Filling up the DagBag from /home/airflow/.local/lib/python3.8/site-packages/airflow/example_dags/example_datasets.py
[2024-02-23T16:33:51.775+0000] {processor.py:840} INFO - DAG(s) 'dataset_consumes_unknown_never_scheduled', 'dataset_consumes_1', 'dataset_consumes_1_and_2', 'dataset_consumes_1_never_scheduled', 'dataset_produces_1', 'dataset_produces_2' retrieved from /home/airflow/.local/lib/python3.8/site-packages/airflow/example_dags/example_datasets.py
[2024-02-23T16:33:51.844+0000] {logging_mixin.py:188} INFO - [2024-02-23T16:33:51.843+0000] {dag.py:3036} INFO - Sync 6 DAGs
[2024-02-23T16:33:51.888+0000] {logging_mixin.py:188} INFO - [2024-02-23T16:33:51.888+0000] {dag.py:3823} INFO - Setting next_dagrun for dataset_consumes_1 to None, run_after=None
[2024-02-23T16:33:51.895+0000] {logging_mixin.py:188} INFO - [2024-02-23T16:33:51.895+0000] {dag.py:3823} INFO - Setting next_dagrun for dataset_consumes_1_and_2 to None, run_after=None
[2024-02-23T16:33:51.898+0000] {logging_mixin.py:188} INFO - [2024-02-23T16:33:51.897+0000] {dag.py:3823} INFO - Setting next_dagrun for dataset_consumes_1_never_scheduled to None, run_after=None
[2024-02-23T16:33:51.900+0000] {logging_mixin.py:188} INFO - [2024-02-23T16:33:51.900+0000] {dag.py:3823} INFO - Setting next_dagrun for dataset_consumes_unknown_never_scheduled to None, run_after=None
[2024-02-23T16:33:51.907+0000] {logging_mixin.py:188} INFO - [2024-02-23T16:33:51.906+0000] {dag.py:3823} INFO - Setting next_dagrun for dataset_produces_1 to 2024-02-22 00:00:00+00:00, run_after=2024-02-23 00:00:00+00:00
[2024-02-23T16:33:51.910+0000] {logging_mixin.py:188} INFO - [2024-02-23T16:33:51.909+0000] {dag.py:3823} INFO - Setting next_dagrun for dataset_produces_2 to None, run_after=None
[2024-02-23T16:33:51.980+0000] {processor.py:183} INFO - Processing /home/airflow/.local/lib/python3.8/site-packages/airflow/example_dags/example_datasets.py took 0.237 seconds
[2024-02-23T16:34:22.537+0000] {processor.py:161} INFO - Started process (PID=190) to work on /home/airflow/.local/lib/python3.8/site-packages/airflow/example_dags/example_datasets.py
[2024-02-23T16:34:22.539+0000] {processor.py:830} INFO - Processing file /home/airflow/.local/lib/python3.8/site-packages/airflow/example_dags/example_datasets.py for tasks to queue
[2024-02-23T16:34:22.542+0000] {logging_mixin.py:188} INFO - [2024-02-23T16:34:22.542+0000] {dagbag.py:538} INFO - Filling up the DagBag from /home/airflow/.local/lib/python3.8/site-packages/airflow/example_dags/example_datasets.py
[2024-02-23T16:34:22.565+0000] {processor.py:840} INFO - DAG(s) 'dataset_consumes_1_and_2', 'dataset_consumes_1', 'dataset_produces_2', 'dataset_consumes_unknown_never_scheduled', 'dataset_produces_1', 'dataset_consumes_1_never_scheduled' retrieved from /home/airflow/.local/lib/python3.8/site-packages/airflow/example_dags/example_datasets.py
[2024-02-23T16:34:22.638+0000] {logging_mixin.py:188} INFO - [2024-02-23T16:34:22.638+0000] {dag.py:3036} INFO - Sync 6 DAGs
[2024-02-23T16:34:22.686+0000] {logging_mixin.py:188} INFO - [2024-02-23T16:34:22.685+0000] {dag.py:3823} INFO - Setting next_dagrun for dataset_consumes_1 to None, run_after=None
[2024-02-23T16:34:22.693+0000] {logging_mixin.py:188} INFO - [2024-02-23T16:34:22.693+0000] {dag.py:3823} INFO - Setting next_dagrun for dataset_consumes_1_and_2 to None, run_after=None
[2024-02-23T16:34:22.696+0000] {logging_mixin.py:188} INFO - [2024-02-23T16:34:22.696+0000] {dag.py:3823} INFO - Setting next_dagrun for dataset_consumes_1_never_scheduled to None, run_after=None
[2024-02-23T16:34:22.699+0000] {logging_mixin.py:188} INFO - [2024-02-23T16:34:22.699+0000] {dag.py:3823} INFO - Setting next_dagrun for dataset_consumes_unknown_never_scheduled to None, run_after=None
[2024-02-23T16:34:22.705+0000] {logging_mixin.py:188} INFO - [2024-02-23T16:34:22.705+0000] {dag.py:3823} INFO - Setting next_dagrun for dataset_produces_1 to 2024-02-22 00:00:00+00:00, run_after=2024-02-23 00:00:00+00:00
[2024-02-23T16:34:22.708+0000] {logging_mixin.py:188} INFO - [2024-02-23T16:34:22.708+0000] {dag.py:3823} INFO - Setting next_dagrun for dataset_produces_2 to None, run_after=None
[2024-02-23T16:34:22.768+0000] {processor.py:183} INFO - Processing /home/airflow/.local/lib/python3.8/site-packages/airflow/example_dags/example_datasets.py took 0.238 seconds
[2024-02-23T16:34:52.935+0000] {processor.py:161} INFO - Started process (PID=247) to work on /home/airflow/.local/lib/python3.8/site-packages/airflow/example_dags/example_datasets.py
[2024-02-23T16:34:52.937+0000] {processor.py:830} INFO - Processing file /home/airflow/.local/lib/python3.8/site-packages/airflow/example_dags/example_datasets.py for tasks to queue
[2024-02-23T16:34:52.940+0000] {logging_mixin.py:188} INFO - [2024-02-23T16:34:52.939+0000] {dagbag.py:538} INFO - Filling up the DagBag from /home/airflow/.local/lib/python3.8/site-packages/airflow/example_dags/example_datasets.py
[2024-02-23T16:34:52.957+0000] {processor.py:840} INFO - DAG(s) 'dataset_consumes_1', 'dataset_consumes_1_never_scheduled', 'dataset_produces_1', 'dataset_produces_2', 'dataset_consumes_unknown_never_scheduled', 'dataset_consumes_1_and_2' retrieved from /home/airflow/.local/lib/python3.8/site-packages/airflow/example_dags/example_datasets.py
[2024-02-23T16:34:53.028+0000] {logging_mixin.py:188} INFO - [2024-02-23T16:34:53.027+0000] {dag.py:3036} INFO - Sync 6 DAGs
[2024-02-23T16:34:53.071+0000] {logging_mixin.py:188} INFO - [2024-02-23T16:34:53.071+0000] {dag.py:3823} INFO - Setting next_dagrun for dataset_consumes_1 to None, run_after=None
[2024-02-23T16:34:53.078+0000] {logging_mixin.py:188} INFO - [2024-02-23T16:34:53.077+0000] {dag.py:3823} INFO - Setting next_dagrun for dataset_consumes_1_and_2 to None, run_after=None
[2024-02-23T16:34:53.081+0000] {logging_mixin.py:188} INFO - [2024-02-23T16:34:53.080+0000] {dag.py:3823} INFO - Setting next_dagrun for dataset_consumes_1_never_scheduled to None, run_after=None
[2024-02-23T16:34:53.083+0000] {logging_mixin.py:188} INFO - [2024-02-23T16:34:53.082+0000] {dag.py:3823} INFO - Setting next_dagrun for dataset_consumes_unknown_never_scheduled to None, run_after=None
[2024-02-23T16:34:53.090+0000] {logging_mixin.py:188} INFO - [2024-02-23T16:34:53.090+0000] {dag.py:3823} INFO - Setting next_dagrun for dataset_produces_1 to 2024-02-22 00:00:00+00:00, run_after=2024-02-23 00:00:00+00:00
[2024-02-23T16:34:53.093+0000] {logging_mixin.py:188} INFO - [2024-02-23T16:34:53.093+0000] {dag.py:3823} INFO - Setting next_dagrun for dataset_produces_2 to None, run_after=None
[2024-02-23T16:34:53.157+0000] {processor.py:183} INFO - Processing /home/airflow/.local/lib/python3.8/site-packages/airflow/example_dags/example_datasets.py took 0.228 seconds
[2024-02-23T16:35:23.666+0000] {processor.py:161} INFO - Started process (PID=304) to work on /home/airflow/.local/lib/python3.8/site-packages/airflow/example_dags/example_datasets.py
[2024-02-23T16:35:23.667+0000] {processor.py:830} INFO - Processing file /home/airflow/.local/lib/python3.8/site-packages/airflow/example_dags/example_datasets.py for tasks to queue
[2024-02-23T16:35:23.670+0000] {logging_mixin.py:188} INFO - [2024-02-23T16:35:23.670+0000] {dagbag.py:538} INFO - Filling up the DagBag from /home/airflow/.local/lib/python3.8/site-packages/airflow/example_dags/example_datasets.py
[2024-02-23T16:35:23.689+0000] {processor.py:840} INFO - DAG(s) 'dataset_consumes_1_never_scheduled', 'dataset_produces_2', 'dataset_consumes_1_and_2', 'dataset_consumes_1', 'dataset_produces_1', 'dataset_consumes_unknown_never_scheduled' retrieved from /home/airflow/.local/lib/python3.8/site-packages/airflow/example_dags/example_datasets.py
[2024-02-23T16:35:23.755+0000] {logging_mixin.py:188} INFO - [2024-02-23T16:35:23.755+0000] {dag.py:3036} INFO - Sync 6 DAGs
[2024-02-23T16:35:23.797+0000] {logging_mixin.py:188} INFO - [2024-02-23T16:35:23.796+0000] {dag.py:3823} INFO - Setting next_dagrun for dataset_consumes_1 to None, run_after=None
[2024-02-23T16:35:23.803+0000] {logging_mixin.py:188} INFO - [2024-02-23T16:35:23.803+0000] {dag.py:3823} INFO - Setting next_dagrun for dataset_consumes_1_and_2 to None, run_after=None
[2024-02-23T16:35:23.805+0000] {logging_mixin.py:188} INFO - [2024-02-23T16:35:23.805+0000] {dag.py:3823} INFO - Setting next_dagrun for dataset_consumes_1_never_scheduled to None, run_after=None
[2024-02-23T16:35:23.807+0000] {logging_mixin.py:188} INFO - [2024-02-23T16:35:23.807+0000] {dag.py:3823} INFO - Setting next_dagrun for dataset_consumes_unknown_never_scheduled to None, run_after=None
[2024-02-23T16:35:23.813+0000] {logging_mixin.py:188} INFO - [2024-02-23T16:35:23.812+0000] {dag.py:3823} INFO - Setting next_dagrun for dataset_produces_1 to 2024-02-22 00:00:00+00:00, run_after=2024-02-23 00:00:00+00:00
[2024-02-23T16:35:23.815+0000] {logging_mixin.py:188} INFO - [2024-02-23T16:35:23.814+0000] {dag.py:3823} INFO - Setting next_dagrun for dataset_produces_2 to None, run_after=None
[2024-02-23T16:35:23.867+0000] {processor.py:183} INFO - Processing /home/airflow/.local/lib/python3.8/site-packages/airflow/example_dags/example_datasets.py took 0.206 seconds
[2024-02-23T16:35:54.143+0000] {processor.py:161} INFO - Started process (PID=362) to work on /home/airflow/.local/lib/python3.8/site-packages/airflow/example_dags/example_datasets.py
[2024-02-23T16:35:54.145+0000] {processor.py:830} INFO - Processing file /home/airflow/.local/lib/python3.8/site-packages/airflow/example_dags/example_datasets.py for tasks to queue
[2024-02-23T16:35:54.147+0000] {logging_mixin.py:188} INFO - [2024-02-23T16:35:54.147+0000] {dagbag.py:538} INFO - Filling up the DagBag from /home/airflow/.local/lib/python3.8/site-packages/airflow/example_dags/example_datasets.py
[2024-02-23T16:35:54.163+0000] {processor.py:840} INFO - DAG(s) 'dataset_consumes_1', 'dataset_consumes_1_never_scheduled', 'dataset_consumes_1_and_2', 'dataset_produces_1', 'dataset_consumes_unknown_never_scheduled', 'dataset_produces_2' retrieved from /home/airflow/.local/lib/python3.8/site-packages/airflow/example_dags/example_datasets.py
[2024-02-23T16:35:54.236+0000] {logging_mixin.py:188} INFO - [2024-02-23T16:35:54.236+0000] {dag.py:3036} INFO - Sync 6 DAGs
[2024-02-23T16:35:54.280+0000] {logging_mixin.py:188} INFO - [2024-02-23T16:35:54.280+0000] {dag.py:3823} INFO - Setting next_dagrun for dataset_consumes_1 to None, run_after=None
[2024-02-23T16:35:54.289+0000] {logging_mixin.py:188} INFO - [2024-02-23T16:35:54.288+0000] {dag.py:3823} INFO - Setting next_dagrun for dataset_consumes_1_and_2 to None, run_after=None
[2024-02-23T16:35:54.291+0000] {logging_mixin.py:188} INFO - [2024-02-23T16:35:54.291+0000] {dag.py:3823} INFO - Setting next_dagrun for dataset_consumes_1_never_scheduled to None, run_after=None
[2024-02-23T16:35:54.294+0000] {logging_mixin.py:188} INFO - [2024-02-23T16:35:54.293+0000] {dag.py:3823} INFO - Setting next_dagrun for dataset_consumes_unknown_never_scheduled to None, run_after=None
[2024-02-23T16:35:54.301+0000] {logging_mixin.py:188} INFO - [2024-02-23T16:35:54.301+0000] {dag.py:3823} INFO - Setting next_dagrun for dataset_produces_1 to 2024-02-22 00:00:00+00:00, run_after=2024-02-23 00:00:00+00:00
[2024-02-23T16:35:54.305+0000] {logging_mixin.py:188} INFO - [2024-02-23T16:35:54.304+0000] {dag.py:3823} INFO - Setting next_dagrun for dataset_produces_2 to None, run_after=None
[2024-02-23T16:35:54.380+0000] {processor.py:183} INFO - Processing /home/airflow/.local/lib/python3.8/site-packages/airflow/example_dags/example_datasets.py took 0.243 seconds
[2024-02-23T16:36:24.473+0000] {processor.py:161} INFO - Started process (PID=419) to work on /home/airflow/.local/lib/python3.8/site-packages/airflow/example_dags/example_datasets.py
[2024-02-23T16:36:24.474+0000] {processor.py:830} INFO - Processing file /home/airflow/.local/lib/python3.8/site-packages/airflow/example_dags/example_datasets.py for tasks to queue
[2024-02-23T16:36:24.477+0000] {logging_mixin.py:188} INFO - [2024-02-23T16:36:24.476+0000] {dagbag.py:538} INFO - Filling up the DagBag from /home/airflow/.local/lib/python3.8/site-packages/airflow/example_dags/example_datasets.py
[2024-02-23T16:36:24.494+0000] {processor.py:840} INFO - DAG(s) 'dataset_consumes_unknown_never_scheduled', 'dataset_produces_1', 'dataset_consumes_1_and_2', 'dataset_consumes_1', 'dataset_produces_2', 'dataset_consumes_1_never_scheduled' retrieved from /home/airflow/.local/lib/python3.8/site-packages/airflow/example_dags/example_datasets.py
[2024-02-23T16:36:24.561+0000] {logging_mixin.py:188} INFO - [2024-02-23T16:36:24.561+0000] {dag.py:3036} INFO - Sync 6 DAGs
[2024-02-23T16:36:24.603+0000] {logging_mixin.py:188} INFO - [2024-02-23T16:36:24.603+0000] {dag.py:3823} INFO - Setting next_dagrun for dataset_consumes_1 to None, run_after=None
[2024-02-23T16:36:24.609+0000] {logging_mixin.py:188} INFO - [2024-02-23T16:36:24.609+0000] {dag.py:3823} INFO - Setting next_dagrun for dataset_consumes_1_and_2 to None, run_after=None
[2024-02-23T16:36:24.612+0000] {logging_mixin.py:188} INFO - [2024-02-23T16:36:24.612+0000] {dag.py:3823} INFO - Setting next_dagrun for dataset_consumes_1_never_scheduled to None, run_after=None
[2024-02-23T16:36:24.614+0000] {logging_mixin.py:188} INFO - [2024-02-23T16:36:24.614+0000] {dag.py:3823} INFO - Setting next_dagrun for dataset_consumes_unknown_never_scheduled to None, run_after=None
[2024-02-23T16:36:24.620+0000] {logging_mixin.py:188} INFO - [2024-02-23T16:36:24.619+0000] {dag.py:3823} INFO - Setting next_dagrun for dataset_produces_1 to 2024-02-22 00:00:00+00:00, run_after=2024-02-23 00:00:00+00:00
[2024-02-23T16:36:24.623+0000] {logging_mixin.py:188} INFO - [2024-02-23T16:36:24.622+0000] {dag.py:3823} INFO - Setting next_dagrun for dataset_produces_2 to None, run_after=None
[2024-02-23T16:36:24.678+0000] {processor.py:183} INFO - Processing /home/airflow/.local/lib/python3.8/site-packages/airflow/example_dags/example_datasets.py took 0.210 seconds
[2024-02-23T16:36:55.421+0000] {processor.py:161} INFO - Started process (PID=476) to work on /home/airflow/.local/lib/python3.8/site-packages/airflow/example_dags/example_datasets.py
[2024-02-23T16:36:55.423+0000] {processor.py:830} INFO - Processing file /home/airflow/.local/lib/python3.8/site-packages/airflow/example_dags/example_datasets.py for tasks to queue
[2024-02-23T16:36:55.426+0000] {logging_mixin.py:188} INFO - [2024-02-23T16:36:55.425+0000] {dagbag.py:538} INFO - Filling up the DagBag from /home/airflow/.local/lib/python3.8/site-packages/airflow/example_dags/example_datasets.py
[2024-02-23T16:36:55.446+0000] {processor.py:840} INFO - DAG(s) 'dataset_produces_2', 'dataset_produces_1', 'dataset_consumes_1_and_2', 'dataset_consumes_1_never_scheduled', 'dataset_consumes_unknown_never_scheduled', 'dataset_consumes_1' retrieved from /home/airflow/.local/lib/python3.8/site-packages/airflow/example_dags/example_datasets.py
[2024-02-23T16:36:55.516+0000] {logging_mixin.py:188} INFO - [2024-02-23T16:36:55.515+0000] {dag.py:3036} INFO - Sync 6 DAGs
[2024-02-23T16:36:55.563+0000] {logging_mixin.py:188} INFO - [2024-02-23T16:36:55.563+0000] {dag.py:3823} INFO - Setting next_dagrun for dataset_consumes_1 to None, run_after=None
[2024-02-23T16:36:55.570+0000] {logging_mixin.py:188} INFO - [2024-02-23T16:36:55.569+0000] {dag.py:3823} INFO - Setting next_dagrun for dataset_consumes_1_and_2 to None, run_after=None
[2024-02-23T16:36:55.572+0000] {logging_mixin.py:188} INFO - [2024-02-23T16:36:55.572+0000] {dag.py:3823} INFO - Setting next_dagrun for dataset_consumes_1_never_scheduled to None, run_after=None
[2024-02-23T16:36:55.575+0000] {logging_mixin.py:188} INFO - [2024-02-23T16:36:55.575+0000] {dag.py:3823} INFO - Setting next_dagrun for dataset_consumes_unknown_never_scheduled to None, run_after=None
[2024-02-23T16:36:55.582+0000] {logging_mixin.py:188} INFO - [2024-02-23T16:36:55.582+0000] {dag.py:3823} INFO - Setting next_dagrun for dataset_produces_1 to 2024-02-22 00:00:00+00:00, run_after=2024-02-23 00:00:00+00:00
[2024-02-23T16:36:55.585+0000] {logging_mixin.py:188} INFO - [2024-02-23T16:36:55.585+0000] {dag.py:3823} INFO - Setting next_dagrun for dataset_produces_2 to None, run_after=None
[2024-02-23T16:36:55.644+0000] {processor.py:183} INFO - Processing /home/airflow/.local/lib/python3.8/site-packages/airflow/example_dags/example_datasets.py took 0.228 seconds
[2024-02-23T16:37:25.864+0000] {processor.py:161} INFO - Started process (PID=533) to work on /home/airflow/.local/lib/python3.8/site-packages/airflow/example_dags/example_datasets.py
[2024-02-23T16:37:25.866+0000] {processor.py:830} INFO - Processing file /home/airflow/.local/lib/python3.8/site-packages/airflow/example_dags/example_datasets.py for tasks to queue
[2024-02-23T16:37:25.868+0000] {logging_mixin.py:188} INFO - [2024-02-23T16:37:25.868+0000] {dagbag.py:538} INFO - Filling up the DagBag from /home/airflow/.local/lib/python3.8/site-packages/airflow/example_dags/example_datasets.py
[2024-02-23T16:37:25.886+0000] {processor.py:840} INFO - DAG(s) 'dataset_produces_1', 'dataset_consumes_unknown_never_scheduled', 'dataset_consumes_1_never_scheduled', 'dataset_consumes_1', 'dataset_consumes_1_and_2', 'dataset_produces_2' retrieved from /home/airflow/.local/lib/python3.8/site-packages/airflow/example_dags/example_datasets.py
[2024-02-23T16:37:25.965+0000] {logging_mixin.py:188} INFO - [2024-02-23T16:37:25.965+0000] {dag.py:3036} INFO - Sync 6 DAGs
[2024-02-23T16:37:26.019+0000] {logging_mixin.py:188} INFO - [2024-02-23T16:37:26.018+0000] {dag.py:3823} INFO - Setting next_dagrun for dataset_consumes_1 to None, run_after=None
[2024-02-23T16:37:26.026+0000] {logging_mixin.py:188} INFO - [2024-02-23T16:37:26.026+0000] {dag.py:3823} INFO - Setting next_dagrun for dataset_consumes_1_and_2 to None, run_after=None
[2024-02-23T16:37:26.029+0000] {logging_mixin.py:188} INFO - [2024-02-23T16:37:26.028+0000] {dag.py:3823} INFO - Setting next_dagrun for dataset_consumes_1_never_scheduled to None, run_after=None
[2024-02-23T16:37:26.031+0000] {logging_mixin.py:188} INFO - [2024-02-23T16:37:26.031+0000] {dag.py:3823} INFO - Setting next_dagrun for dataset_consumes_unknown_never_scheduled to None, run_after=None
[2024-02-23T16:37:26.038+0000] {logging_mixin.py:188} INFO - [2024-02-23T16:37:26.037+0000] {dag.py:3823} INFO - Setting next_dagrun for dataset_produces_1 to 2024-02-22 00:00:00+00:00, run_after=2024-02-23 00:00:00+00:00
[2024-02-23T16:37:26.040+0000] {logging_mixin.py:188} INFO - [2024-02-23T16:37:26.040+0000] {dag.py:3823} INFO - Setting next_dagrun for dataset_produces_2 to None, run_after=None
[2024-02-23T16:37:26.107+0000] {processor.py:183} INFO - Processing /home/airflow/.local/lib/python3.8/site-packages/airflow/example_dags/example_datasets.py took 0.249 seconds
[2024-02-23T16:37:56.353+0000] {processor.py:161} INFO - Started process (PID=590) to work on /home/airflow/.local/lib/python3.8/site-packages/airflow/example_dags/example_datasets.py
[2024-02-23T16:37:56.355+0000] {processor.py:830} INFO - Processing file /home/airflow/.local/lib/python3.8/site-packages/airflow/example_dags/example_datasets.py for tasks to queue
[2024-02-23T16:37:56.357+0000] {logging_mixin.py:188} INFO - [2024-02-23T16:37:56.357+0000] {dagbag.py:538} INFO - Filling up the DagBag from /home/airflow/.local/lib/python3.8/site-packages/airflow/example_dags/example_datasets.py
[2024-02-23T16:37:56.376+0000] {processor.py:840} INFO - DAG(s) 'dataset_consumes_1_and_2', 'dataset_consumes_1', 'dataset_consumes_1_never_scheduled', 'dataset_consumes_unknown_never_scheduled', 'dataset_produces_2', 'dataset_produces_1' retrieved from /home/airflow/.local/lib/python3.8/site-packages/airflow/example_dags/example_datasets.py
[2024-02-23T16:37:56.450+0000] {logging_mixin.py:188} INFO - [2024-02-23T16:37:56.450+0000] {dag.py:3036} INFO - Sync 6 DAGs
[2024-02-23T16:37:56.501+0000] {logging_mixin.py:188} INFO - [2024-02-23T16:37:56.501+0000] {dag.py:3823} INFO - Setting next_dagrun for dataset_consumes_1 to None, run_after=None
[2024-02-23T16:37:56.510+0000] {logging_mixin.py:188} INFO - [2024-02-23T16:37:56.509+0000] {dag.py:3823} INFO - Setting next_dagrun for dataset_consumes_1_and_2 to None, run_after=None
[2024-02-23T16:37:56.513+0000] {logging_mixin.py:188} INFO - [2024-02-23T16:37:56.512+0000] {dag.py:3823} INFO - Setting next_dagrun for dataset_consumes_1_never_scheduled to None, run_after=None
[2024-02-23T16:37:56.516+0000] {logging_mixin.py:188} INFO - [2024-02-23T16:37:56.515+0000] {dag.py:3823} INFO - Setting next_dagrun for dataset_consumes_unknown_never_scheduled to None, run_after=None
[2024-02-23T16:37:56.522+0000] {logging_mixin.py:188} INFO - [2024-02-23T16:37:56.522+0000] {dag.py:3823} INFO - Setting next_dagrun for dataset_produces_1 to 2024-02-22 00:00:00+00:00, run_after=2024-02-23 00:00:00+00:00
[2024-02-23T16:37:56.525+0000] {logging_mixin.py:188} INFO - [2024-02-23T16:37:56.525+0000] {dag.py:3823} INFO - Setting next_dagrun for dataset_produces_2 to None, run_after=None
[2024-02-23T16:37:56.588+0000] {processor.py:183} INFO - Processing /home/airflow/.local/lib/python3.8/site-packages/airflow/example_dags/example_datasets.py took 0.239 seconds
[2024-02-23T16:38:27.138+0000] {processor.py:161} INFO - Started process (PID=647) to work on /home/airflow/.local/lib/python3.8/site-packages/airflow/example_dags/example_datasets.py
[2024-02-23T16:38:27.139+0000] {processor.py:830} INFO - Processing file /home/airflow/.local/lib/python3.8/site-packages/airflow/example_dags/example_datasets.py for tasks to queue
[2024-02-23T16:38:27.142+0000] {logging_mixin.py:188} INFO - [2024-02-23T16:38:27.141+0000] {dagbag.py:538} INFO - Filling up the DagBag from /home/airflow/.local/lib/python3.8/site-packages/airflow/example_dags/example_datasets.py
[2024-02-23T16:38:27.160+0000] {processor.py:840} INFO - DAG(s) 'dataset_consumes_1_and_2', 'dataset_produces_1', 'dataset_produces_2', 'dataset_consumes_1_never_scheduled', 'dataset_consumes_unknown_never_scheduled', 'dataset_consumes_1' retrieved from /home/airflow/.local/lib/python3.8/site-packages/airflow/example_dags/example_datasets.py
[2024-02-23T16:38:27.229+0000] {logging_mixin.py:188} INFO - [2024-02-23T16:38:27.228+0000] {dag.py:3036} INFO - Sync 6 DAGs
[2024-02-23T16:38:27.269+0000] {logging_mixin.py:188} INFO - [2024-02-23T16:38:27.269+0000] {dag.py:3823} INFO - Setting next_dagrun for dataset_consumes_1 to None, run_after=None
[2024-02-23T16:38:27.276+0000] {logging_mixin.py:188} INFO - [2024-02-23T16:38:27.276+0000] {dag.py:3823} INFO - Setting next_dagrun for dataset_consumes_1_and_2 to None, run_after=None
[2024-02-23T16:38:27.279+0000] {logging_mixin.py:188} INFO - [2024-02-23T16:38:27.279+0000] {dag.py:3823} INFO - Setting next_dagrun for dataset_consumes_1_never_scheduled to None, run_after=None
[2024-02-23T16:38:27.282+0000] {logging_mixin.py:188} INFO - [2024-02-23T16:38:27.281+0000] {dag.py:3823} INFO - Setting next_dagrun for dataset_consumes_unknown_never_scheduled to None, run_after=None
[2024-02-23T16:38:27.287+0000] {logging_mixin.py:188} INFO - [2024-02-23T16:38:27.287+0000] {dag.py:3823} INFO - Setting next_dagrun for dataset_produces_1 to 2024-02-22 00:00:00+00:00, run_after=2024-02-23 00:00:00+00:00
[2024-02-23T16:38:27.290+0000] {logging_mixin.py:188} INFO - [2024-02-23T16:38:27.289+0000] {dag.py:3823} INFO - Setting next_dagrun for dataset_produces_2 to None, run_after=None
[2024-02-23T16:38:27.354+0000] {processor.py:183} INFO - Processing /home/airflow/.local/lib/python3.8/site-packages/airflow/example_dags/example_datasets.py took 0.221 seconds
[2024-02-23T16:38:57.531+0000] {processor.py:161} INFO - Started process (PID=703) to work on /home/airflow/.local/lib/python3.8/site-packages/airflow/example_dags/example_datasets.py
[2024-02-23T16:38:57.663+0000] {processor.py:830} INFO - Processing file /home/airflow/.local/lib/python3.8/site-packages/airflow/example_dags/example_datasets.py for tasks to queue
[2024-02-23T16:38:57.666+0000] {logging_mixin.py:188} INFO - [2024-02-23T16:38:57.666+0000] {dagbag.py:538} INFO - Filling up the DagBag from /home/airflow/.local/lib/python3.8/site-packages/airflow/example_dags/example_datasets.py
[2024-02-23T16:38:57.684+0000] {processor.py:840} INFO - DAG(s) 'dataset_consumes_1_never_scheduled', 'dataset_produces_1', 'dataset_produces_2', 'dataset_consumes_1_and_2', 'dataset_consumes_1', 'dataset_consumes_unknown_never_scheduled' retrieved from /home/airflow/.local/lib/python3.8/site-packages/airflow/example_dags/example_datasets.py
[2024-02-23T16:38:57.755+0000] {logging_mixin.py:188} INFO - [2024-02-23T16:38:57.755+0000] {dag.py:3036} INFO - Sync 6 DAGs
[2024-02-23T16:38:57.805+0000] {logging_mixin.py:188} INFO - [2024-02-23T16:38:57.805+0000] {dag.py:3823} INFO - Setting next_dagrun for dataset_consumes_1 to None, run_after=None
[2024-02-23T16:38:57.811+0000] {logging_mixin.py:188} INFO - [2024-02-23T16:38:57.811+0000] {dag.py:3823} INFO - Setting next_dagrun for dataset_consumes_1_and_2 to None, run_after=None
[2024-02-23T16:38:57.814+0000] {logging_mixin.py:188} INFO - [2024-02-23T16:38:57.814+0000] {dag.py:3823} INFO - Setting next_dagrun for dataset_consumes_1_never_scheduled to None, run_after=None
[2024-02-23T16:38:57.817+0000] {logging_mixin.py:188} INFO - [2024-02-23T16:38:57.816+0000] {dag.py:3823} INFO - Setting next_dagrun for dataset_consumes_unknown_never_scheduled to None, run_after=None
[2024-02-23T16:38:57.823+0000] {logging_mixin.py:188} INFO - [2024-02-23T16:38:57.823+0000] {dag.py:3823} INFO - Setting next_dagrun for dataset_produces_1 to 2024-02-22 00:00:00+00:00, run_after=2024-02-23 00:00:00+00:00
[2024-02-23T16:38:57.826+0000] {logging_mixin.py:188} INFO - [2024-02-23T16:38:57.826+0000] {dag.py:3823} INFO - Setting next_dagrun for dataset_produces_2 to None, run_after=None
[2024-02-23T16:38:58.347+0000] {processor.py:183} INFO - Processing /home/airflow/.local/lib/python3.8/site-packages/airflow/example_dags/example_datasets.py took 0.822 seconds
[2024-02-23T16:39:29.064+0000] {processor.py:161} INFO - Started process (PID=761) to work on /home/airflow/.local/lib/python3.8/site-packages/airflow/example_dags/example_datasets.py
[2024-02-23T16:39:29.066+0000] {processor.py:830} INFO - Processing file /home/airflow/.local/lib/python3.8/site-packages/airflow/example_dags/example_datasets.py for tasks to queue
[2024-02-23T16:39:29.069+0000] {logging_mixin.py:188} INFO - [2024-02-23T16:39:29.069+0000] {dagbag.py:538} INFO - Filling up the DagBag from /home/airflow/.local/lib/python3.8/site-packages/airflow/example_dags/example_datasets.py
[2024-02-23T16:39:29.090+0000] {processor.py:840} INFO - DAG(s) 'dataset_produces_1', 'dataset_produces_2', 'dataset_consumes_1_never_scheduled', 'dataset_consumes_1', 'dataset_consumes_unknown_never_scheduled', 'dataset_consumes_1_and_2' retrieved from /home/airflow/.local/lib/python3.8/site-packages/airflow/example_dags/example_datasets.py
[2024-02-23T16:39:29.166+0000] {logging_mixin.py:188} INFO - [2024-02-23T16:39:29.165+0000] {dag.py:3036} INFO - Sync 6 DAGs
[2024-02-23T16:39:29.218+0000] {logging_mixin.py:188} INFO - [2024-02-23T16:39:29.217+0000] {dag.py:3823} INFO - Setting next_dagrun for dataset_consumes_1 to None, run_after=None
[2024-02-23T16:39:29.225+0000] {logging_mixin.py:188} INFO - [2024-02-23T16:39:29.224+0000] {dag.py:3823} INFO - Setting next_dagrun for dataset_consumes_1_and_2 to None, run_after=None
[2024-02-23T16:39:29.227+0000] {logging_mixin.py:188} INFO - [2024-02-23T16:39:29.227+0000] {dag.py:3823} INFO - Setting next_dagrun for dataset_consumes_1_never_scheduled to None, run_after=None
[2024-02-23T16:39:29.230+0000] {logging_mixin.py:188} INFO - [2024-02-23T16:39:29.229+0000] {dag.py:3823} INFO - Setting next_dagrun for dataset_consumes_unknown_never_scheduled to None, run_after=None
[2024-02-23T16:39:29.238+0000] {logging_mixin.py:188} INFO - [2024-02-23T16:39:29.238+0000] {dag.py:3823} INFO - Setting next_dagrun for dataset_produces_1 to 2024-02-22 00:00:00+00:00, run_after=2024-02-23 00:00:00+00:00
[2024-02-23T16:39:29.241+0000] {logging_mixin.py:188} INFO - [2024-02-23T16:39:29.241+0000] {dag.py:3823} INFO - Setting next_dagrun for dataset_produces_2 to None, run_after=None
[2024-02-23T16:39:29.304+0000] {processor.py:183} INFO - Processing /home/airflow/.local/lib/python3.8/site-packages/airflow/example_dags/example_datasets.py took 0.246 seconds
[2024-02-23T16:39:59.982+0000] {processor.py:161} INFO - Started process (PID=818) to work on /home/airflow/.local/lib/python3.8/site-packages/airflow/example_dags/example_datasets.py
[2024-02-23T16:39:59.983+0000] {processor.py:830} INFO - Processing file /home/airflow/.local/lib/python3.8/site-packages/airflow/example_dags/example_datasets.py for tasks to queue
[2024-02-23T16:39:59.986+0000] {logging_mixin.py:188} INFO - [2024-02-23T16:39:59.986+0000] {dagbag.py:538} INFO - Filling up the DagBag from /home/airflow/.local/lib/python3.8/site-packages/airflow/example_dags/example_datasets.py
[2024-02-23T16:40:00.009+0000] {processor.py:840} INFO - DAG(s) 'dataset_consumes_unknown_never_scheduled', 'dataset_produces_1', 'dataset_consumes_1_never_scheduled', 'dataset_consumes_1_and_2', 'dataset_produces_2', 'dataset_consumes_1' retrieved from /home/airflow/.local/lib/python3.8/site-packages/airflow/example_dags/example_datasets.py
[2024-02-23T16:40:00.109+0000] {logging_mixin.py:188} INFO - [2024-02-23T16:40:00.109+0000] {dag.py:3036} INFO - Sync 6 DAGs
[2024-02-23T16:40:00.156+0000] {logging_mixin.py:188} INFO - [2024-02-23T16:40:00.155+0000] {dag.py:3823} INFO - Setting next_dagrun for dataset_consumes_1 to None, run_after=None
[2024-02-23T16:40:00.162+0000] {logging_mixin.py:188} INFO - [2024-02-23T16:40:00.162+0000] {dag.py:3823} INFO - Setting next_dagrun for dataset_consumes_1_and_2 to None, run_after=None
[2024-02-23T16:40:00.164+0000] {logging_mixin.py:188} INFO - [2024-02-23T16:40:00.164+0000] {dag.py:3823} INFO - Setting next_dagrun for dataset_consumes_1_never_scheduled to None, run_after=None
[2024-02-23T16:40:00.167+0000] {logging_mixin.py:188} INFO - [2024-02-23T16:40:00.166+0000] {dag.py:3823} INFO - Setting next_dagrun for dataset_consumes_unknown_never_scheduled to None, run_after=None
[2024-02-23T16:40:00.173+0000] {logging_mixin.py:188} INFO - [2024-02-23T16:40:00.172+0000] {dag.py:3823} INFO - Setting next_dagrun for dataset_produces_1 to 2024-02-22 00:00:00+00:00, run_after=2024-02-23 00:00:00+00:00
[2024-02-23T16:40:00.175+0000] {logging_mixin.py:188} INFO - [2024-02-23T16:40:00.175+0000] {dag.py:3823} INFO - Setting next_dagrun for dataset_produces_2 to None, run_after=None
[2024-02-23T16:40:00.283+0000] {processor.py:183} INFO - Processing /home/airflow/.local/lib/python3.8/site-packages/airflow/example_dags/example_datasets.py took 0.307 seconds
[2024-02-23T16:40:30.366+0000] {processor.py:161} INFO - Started process (PID=875) to work on /home/airflow/.local/lib/python3.8/site-packages/airflow/example_dags/example_datasets.py
[2024-02-23T16:40:30.367+0000] {processor.py:830} INFO - Processing file /home/airflow/.local/lib/python3.8/site-packages/airflow/example_dags/example_datasets.py for tasks to queue
[2024-02-23T16:40:30.371+0000] {logging_mixin.py:188} INFO - [2024-02-23T16:40:30.370+0000] {dagbag.py:538} INFO - Filling up the DagBag from /home/airflow/.local/lib/python3.8/site-packages/airflow/example_dags/example_datasets.py
[2024-02-23T16:40:30.393+0000] {processor.py:840} INFO - DAG(s) 'dataset_consumes_unknown_never_scheduled', 'dataset_consumes_1_and_2', 'dataset_produces_1', 'dataset_consumes_1_never_scheduled', 'dataset_consumes_1', 'dataset_produces_2' retrieved from /home/airflow/.local/lib/python3.8/site-packages/airflow/example_dags/example_datasets.py
[2024-02-23T16:40:30.478+0000] {logging_mixin.py:188} INFO - [2024-02-23T16:40:30.477+0000] {dag.py:3036} INFO - Sync 6 DAGs
[2024-02-23T16:40:30.527+0000] {logging_mixin.py:188} INFO - [2024-02-23T16:40:30.526+0000] {dag.py:3823} INFO - Setting next_dagrun for dataset_consumes_1 to None, run_after=None
[2024-02-23T16:40:30.535+0000] {logging_mixin.py:188} INFO - [2024-02-23T16:40:30.535+0000] {dag.py:3823} INFO - Setting next_dagrun for dataset_consumes_1_and_2 to None, run_after=None
[2024-02-23T16:40:30.539+0000] {logging_mixin.py:188} INFO - [2024-02-23T16:40:30.538+0000] {dag.py:3823} INFO - Setting next_dagrun for dataset_consumes_1_never_scheduled to None, run_after=None
[2024-02-23T16:40:30.541+0000] {logging_mixin.py:188} INFO - [2024-02-23T16:40:30.541+0000] {dag.py:3823} INFO - Setting next_dagrun for dataset_consumes_unknown_never_scheduled to None, run_after=None
[2024-02-23T16:40:30.547+0000] {logging_mixin.py:188} INFO - [2024-02-23T16:40:30.546+0000] {dag.py:3823} INFO - Setting next_dagrun for dataset_produces_1 to 2024-02-22 00:00:00+00:00, run_after=2024-02-23 00:00:00+00:00
[2024-02-23T16:40:30.549+0000] {logging_mixin.py:188} INFO - [2024-02-23T16:40:30.549+0000] {dag.py:3823} INFO - Setting next_dagrun for dataset_produces_2 to None, run_after=None
[2024-02-23T16:40:30.609+0000] {processor.py:183} INFO - Processing /home/airflow/.local/lib/python3.8/site-packages/airflow/example_dags/example_datasets.py took 0.249 seconds
[2024-02-23T16:41:00.865+0000] {processor.py:161} INFO - Started process (PID=934) to work on /home/airflow/.local/lib/python3.8/site-packages/airflow/example_dags/example_datasets.py
[2024-02-23T16:41:00.867+0000] {processor.py:830} INFO - Processing file /home/airflow/.local/lib/python3.8/site-packages/airflow/example_dags/example_datasets.py for tasks to queue
[2024-02-23T16:41:00.872+0000] {logging_mixin.py:188} INFO - [2024-02-23T16:41:00.870+0000] {dagbag.py:538} INFO - Filling up the DagBag from /home/airflow/.local/lib/python3.8/site-packages/airflow/example_dags/example_datasets.py
[2024-02-23T16:41:00.903+0000] {processor.py:840} INFO - DAG(s) 'dataset_consumes_1_never_scheduled', 'dataset_produces_1', 'dataset_consumes_1_and_2', 'dataset_consumes_1', 'dataset_produces_2', 'dataset_consumes_unknown_never_scheduled' retrieved from /home/airflow/.local/lib/python3.8/site-packages/airflow/example_dags/example_datasets.py
[2024-02-23T16:41:01.007+0000] {logging_mixin.py:188} INFO - [2024-02-23T16:41:01.007+0000] {dag.py:3036} INFO - Sync 6 DAGs
[2024-02-23T16:41:01.080+0000] {logging_mixin.py:188} INFO - [2024-02-23T16:41:01.079+0000] {dag.py:3823} INFO - Setting next_dagrun for dataset_consumes_1 to None, run_after=None
[2024-02-23T16:41:01.089+0000] {logging_mixin.py:188} INFO - [2024-02-23T16:41:01.089+0000] {dag.py:3823} INFO - Setting next_dagrun for dataset_consumes_1_and_2 to None, run_after=None
[2024-02-23T16:41:01.094+0000] {logging_mixin.py:188} INFO - [2024-02-23T16:41:01.093+0000] {dag.py:3823} INFO - Setting next_dagrun for dataset_consumes_1_never_scheduled to None, run_after=None
[2024-02-23T16:41:01.098+0000] {logging_mixin.py:188} INFO - [2024-02-23T16:41:01.097+0000] {dag.py:3823} INFO - Setting next_dagrun for dataset_consumes_unknown_never_scheduled to None, run_after=None
[2024-02-23T16:41:01.107+0000] {logging_mixin.py:188} INFO - [2024-02-23T16:41:01.106+0000] {dag.py:3823} INFO - Setting next_dagrun for dataset_produces_1 to 2024-02-22 00:00:00+00:00, run_after=2024-02-23 00:00:00+00:00
[2024-02-23T16:41:01.110+0000] {logging_mixin.py:188} INFO - [2024-02-23T16:41:01.110+0000] {dag.py:3823} INFO - Setting next_dagrun for dataset_produces_2 to None, run_after=None
[2024-02-23T16:41:01.201+0000] {processor.py:183} INFO - Processing /home/airflow/.local/lib/python3.8/site-packages/airflow/example_dags/example_datasets.py took 0.345 seconds
[2024-02-23T16:41:31.383+0000] {processor.py:161} INFO - Started process (PID=989) to work on /home/airflow/.local/lib/python3.8/site-packages/airflow/example_dags/example_datasets.py
[2024-02-23T16:41:31.384+0000] {processor.py:830} INFO - Processing file /home/airflow/.local/lib/python3.8/site-packages/airflow/example_dags/example_datasets.py for tasks to queue
[2024-02-23T16:41:31.387+0000] {logging_mixin.py:188} INFO - [2024-02-23T16:41:31.386+0000] {dagbag.py:538} INFO - Filling up the DagBag from /home/airflow/.local/lib/python3.8/site-packages/airflow/example_dags/example_datasets.py
[2024-02-23T16:41:31.404+0000] {processor.py:840} INFO - DAG(s) 'dataset_produces_1', 'dataset_consumes_1_and_2', 'dataset_produces_2', 'dataset_consumes_unknown_never_scheduled', 'dataset_consumes_1_never_scheduled', 'dataset_consumes_1' retrieved from /home/airflow/.local/lib/python3.8/site-packages/airflow/example_dags/example_datasets.py
[2024-02-23T16:41:31.487+0000] {logging_mixin.py:188} INFO - [2024-02-23T16:41:31.487+0000] {dag.py:3036} INFO - Sync 6 DAGs
[2024-02-23T16:41:31.545+0000] {logging_mixin.py:188} INFO - [2024-02-23T16:41:31.545+0000] {dag.py:3823} INFO - Setting next_dagrun for dataset_consumes_1 to None, run_after=None
[2024-02-23T16:41:31.556+0000] {logging_mixin.py:188} INFO - [2024-02-23T16:41:31.555+0000] {dag.py:3823} INFO - Setting next_dagrun for dataset_consumes_1_and_2 to None, run_after=None
[2024-02-23T16:41:31.560+0000] {logging_mixin.py:188} INFO - [2024-02-23T16:41:31.559+0000] {dag.py:3823} INFO - Setting next_dagrun for dataset_consumes_1_never_scheduled to None, run_after=None
[2024-02-23T16:41:31.564+0000] {logging_mixin.py:188} INFO - [2024-02-23T16:41:31.563+0000] {dag.py:3823} INFO - Setting next_dagrun for dataset_consumes_unknown_never_scheduled to None, run_after=None
[2024-02-23T16:41:31.573+0000] {logging_mixin.py:188} INFO - [2024-02-23T16:41:31.572+0000] {dag.py:3823} INFO - Setting next_dagrun for dataset_produces_1 to 2024-02-22 00:00:00+00:00, run_after=2024-02-23 00:00:00+00:00
[2024-02-23T16:41:31.577+0000] {logging_mixin.py:188} INFO - [2024-02-23T16:41:31.576+0000] {dag.py:3823} INFO - Setting next_dagrun for dataset_produces_2 to None, run_after=None
[2024-02-23T16:41:31.678+0000] {processor.py:183} INFO - Processing /home/airflow/.local/lib/python3.8/site-packages/airflow/example_dags/example_datasets.py took 0.301 seconds
[2024-02-23T16:43:10.059+0000] {processor.py:161} INFO - Started process (PID=76) to work on /home/airflow/.local/lib/python3.8/site-packages/airflow/example_dags/example_datasets.py
[2024-02-23T16:43:10.061+0000] {processor.py:830} INFO - Processing file /home/airflow/.local/lib/python3.8/site-packages/airflow/example_dags/example_datasets.py for tasks to queue
[2024-02-23T16:43:10.064+0000] {logging_mixin.py:188} INFO - [2024-02-23T16:43:10.063+0000] {dagbag.py:538} INFO - Filling up the DagBag from /home/airflow/.local/lib/python3.8/site-packages/airflow/example_dags/example_datasets.py
[2024-02-23T16:43:10.088+0000] {processor.py:840} INFO - DAG(s) 'dataset_consumes_1', 'dataset_consumes_1_never_scheduled', 'dataset_produces_2', 'dataset_consumes_1_and_2', 'dataset_consumes_unknown_never_scheduled', 'dataset_produces_1' retrieved from /home/airflow/.local/lib/python3.8/site-packages/airflow/example_dags/example_datasets.py
[2024-02-23T16:43:10.479+0000] {logging_mixin.py:188} INFO - [2024-02-23T16:43:10.478+0000] {dag.py:3036} INFO - Sync 6 DAGs
[2024-02-23T16:43:10.520+0000] {logging_mixin.py:188} INFO - [2024-02-23T16:43:10.520+0000] {dag.py:3823} INFO - Setting next_dagrun for dataset_consumes_1 to None, run_after=None
[2024-02-23T16:43:10.526+0000] {logging_mixin.py:188} INFO - [2024-02-23T16:43:10.525+0000] {dag.py:3823} INFO - Setting next_dagrun for dataset_consumes_1_and_2 to None, run_after=None
[2024-02-23T16:43:10.529+0000] {logging_mixin.py:188} INFO - [2024-02-23T16:43:10.529+0000] {dag.py:3823} INFO - Setting next_dagrun for dataset_consumes_1_never_scheduled to None, run_after=None
[2024-02-23T16:43:10.532+0000] {logging_mixin.py:188} INFO - [2024-02-23T16:43:10.531+0000] {dag.py:3823} INFO - Setting next_dagrun for dataset_consumes_unknown_never_scheduled to None, run_after=None
[2024-02-23T16:43:10.538+0000] {logging_mixin.py:188} INFO - [2024-02-23T16:43:10.538+0000] {dag.py:3823} INFO - Setting next_dagrun for dataset_produces_1 to 2024-02-22 00:00:00+00:00, run_after=2024-02-23 00:00:00+00:00
[2024-02-23T16:43:10.541+0000] {logging_mixin.py:188} INFO - [2024-02-23T16:43:10.541+0000] {dag.py:3823} INFO - Setting next_dagrun for dataset_produces_2 to None, run_after=None
[2024-02-23T16:43:10.603+0000] {processor.py:183} INFO - Processing /home/airflow/.local/lib/python3.8/site-packages/airflow/example_dags/example_datasets.py took 0.550 seconds
[2024-02-23T16:43:41.432+0000] {processor.py:161} INFO - Started process (PID=133) to work on /home/airflow/.local/lib/python3.8/site-packages/airflow/example_dags/example_datasets.py
[2024-02-23T16:43:41.433+0000] {processor.py:830} INFO - Processing file /home/airflow/.local/lib/python3.8/site-packages/airflow/example_dags/example_datasets.py for tasks to queue
[2024-02-23T16:43:41.436+0000] {logging_mixin.py:188} INFO - [2024-02-23T16:43:41.435+0000] {dagbag.py:538} INFO - Filling up the DagBag from /home/airflow/.local/lib/python3.8/site-packages/airflow/example_dags/example_datasets.py
[2024-02-23T16:43:41.456+0000] {processor.py:840} INFO - DAG(s) 'dataset_consumes_unknown_never_scheduled', 'dataset_consumes_1_and_2', 'dataset_produces_1', 'dataset_consumes_1', 'dataset_produces_2', 'dataset_consumes_1_never_scheduled' retrieved from /home/airflow/.local/lib/python3.8/site-packages/airflow/example_dags/example_datasets.py
[2024-02-23T16:43:41.532+0000] {logging_mixin.py:188} INFO - [2024-02-23T16:43:41.532+0000] {dag.py:3036} INFO - Sync 6 DAGs
[2024-02-23T16:43:41.582+0000] {logging_mixin.py:188} INFO - [2024-02-23T16:43:41.581+0000] {dag.py:3823} INFO - Setting next_dagrun for dataset_consumes_1 to None, run_after=None
[2024-02-23T16:43:41.588+0000] {logging_mixin.py:188} INFO - [2024-02-23T16:43:41.588+0000] {dag.py:3823} INFO - Setting next_dagrun for dataset_consumes_1_and_2 to None, run_after=None
[2024-02-23T16:43:41.591+0000] {logging_mixin.py:188} INFO - [2024-02-23T16:43:41.591+0000] {dag.py:3823} INFO - Setting next_dagrun for dataset_consumes_1_never_scheduled to None, run_after=None
[2024-02-23T16:43:41.594+0000] {logging_mixin.py:188} INFO - [2024-02-23T16:43:41.594+0000] {dag.py:3823} INFO - Setting next_dagrun for dataset_consumes_unknown_never_scheduled to None, run_after=None
[2024-02-23T16:43:41.600+0000] {logging_mixin.py:188} INFO - [2024-02-23T16:43:41.599+0000] {dag.py:3823} INFO - Setting next_dagrun for dataset_produces_1 to 2024-02-22 00:00:00+00:00, run_after=2024-02-23 00:00:00+00:00
[2024-02-23T16:43:41.603+0000] {logging_mixin.py:188} INFO - [2024-02-23T16:43:41.603+0000] {dag.py:3823} INFO - Setting next_dagrun for dataset_produces_2 to None, run_after=None
[2024-02-23T16:43:41.662+0000] {processor.py:183} INFO - Processing /home/airflow/.local/lib/python3.8/site-packages/airflow/example_dags/example_datasets.py took 0.236 seconds
[2024-02-23T16:44:11.800+0000] {processor.py:161} INFO - Started process (PID=191) to work on /home/airflow/.local/lib/python3.8/site-packages/airflow/example_dags/example_datasets.py
[2024-02-23T16:44:11.860+0000] {processor.py:830} INFO - Processing file /home/airflow/.local/lib/python3.8/site-packages/airflow/example_dags/example_datasets.py for tasks to queue
[2024-02-23T16:44:11.863+0000] {logging_mixin.py:188} INFO - [2024-02-23T16:44:11.863+0000] {dagbag.py:538} INFO - Filling up the DagBag from /home/airflow/.local/lib/python3.8/site-packages/airflow/example_dags/example_datasets.py
[2024-02-23T16:44:11.885+0000] {processor.py:840} INFO - DAG(s) 'dataset_consumes_1_and_2', 'dataset_produces_1', 'dataset_consumes_1', 'dataset_produces_2', 'dataset_consumes_unknown_never_scheduled', 'dataset_consumes_1_never_scheduled' retrieved from /home/airflow/.local/lib/python3.8/site-packages/airflow/example_dags/example_datasets.py
[2024-02-23T16:44:11.983+0000] {logging_mixin.py:188} INFO - [2024-02-23T16:44:11.983+0000] {dag.py:3036} INFO - Sync 6 DAGs
[2024-02-23T16:44:12.031+0000] {logging_mixin.py:188} INFO - [2024-02-23T16:44:12.029+0000] {dag.py:3823} INFO - Setting next_dagrun for dataset_consumes_1 to None, run_after=None
[2024-02-23T16:44:12.041+0000] {logging_mixin.py:188} INFO - [2024-02-23T16:44:12.040+0000] {dag.py:3823} INFO - Setting next_dagrun for dataset_consumes_1_and_2 to None, run_after=None
[2024-02-23T16:44:12.044+0000] {logging_mixin.py:188} INFO - [2024-02-23T16:44:12.043+0000] {dag.py:3823} INFO - Setting next_dagrun for dataset_consumes_1_never_scheduled to None, run_after=None
[2024-02-23T16:44:12.047+0000] {logging_mixin.py:188} INFO - [2024-02-23T16:44:12.047+0000] {dag.py:3823} INFO - Setting next_dagrun for dataset_consumes_unknown_never_scheduled to None, run_after=None
[2024-02-23T16:44:12.055+0000] {logging_mixin.py:188} INFO - [2024-02-23T16:44:12.055+0000] {dag.py:3823} INFO - Setting next_dagrun for dataset_produces_1 to 2024-02-22 00:00:00+00:00, run_after=2024-02-23 00:00:00+00:00
[2024-02-23T16:44:12.059+0000] {logging_mixin.py:188} INFO - [2024-02-23T16:44:12.058+0000] {dag.py:3823} INFO - Setting next_dagrun for dataset_produces_2 to None, run_after=None
[2024-02-23T16:44:12.128+0000] {processor.py:183} INFO - Processing /home/airflow/.local/lib/python3.8/site-packages/airflow/example_dags/example_datasets.py took 0.334 seconds
[2024-02-23T16:44:42.259+0000] {processor.py:161} INFO - Started process (PID=249) to work on /home/airflow/.local/lib/python3.8/site-packages/airflow/example_dags/example_datasets.py
[2024-02-23T16:44:42.261+0000] {processor.py:830} INFO - Processing file /home/airflow/.local/lib/python3.8/site-packages/airflow/example_dags/example_datasets.py for tasks to queue
[2024-02-23T16:44:42.264+0000] {logging_mixin.py:188} INFO - [2024-02-23T16:44:42.263+0000] {dagbag.py:538} INFO - Filling up the DagBag from /home/airflow/.local/lib/python3.8/site-packages/airflow/example_dags/example_datasets.py
[2024-02-23T16:44:42.282+0000] {processor.py:840} INFO - DAG(s) 'dataset_consumes_1', 'dataset_consumes_1_never_scheduled', 'dataset_produces_2', 'dataset_consumes_1_and_2', 'dataset_consumes_unknown_never_scheduled', 'dataset_produces_1' retrieved from /home/airflow/.local/lib/python3.8/site-packages/airflow/example_dags/example_datasets.py
[2024-02-23T16:44:42.353+0000] {logging_mixin.py:188} INFO - [2024-02-23T16:44:42.352+0000] {dag.py:3036} INFO - Sync 6 DAGs
[2024-02-23T16:44:42.400+0000] {logging_mixin.py:188} INFO - [2024-02-23T16:44:42.399+0000] {dag.py:3823} INFO - Setting next_dagrun for dataset_consumes_1 to None, run_after=None
[2024-02-23T16:44:42.407+0000] {logging_mixin.py:188} INFO - [2024-02-23T16:44:42.406+0000] {dag.py:3823} INFO - Setting next_dagrun for dataset_consumes_1_and_2 to None, run_after=None
[2024-02-23T16:44:42.411+0000] {logging_mixin.py:188} INFO - [2024-02-23T16:44:42.411+0000] {dag.py:3823} INFO - Setting next_dagrun for dataset_consumes_1_never_scheduled to None, run_after=None
[2024-02-23T16:44:42.413+0000] {logging_mixin.py:188} INFO - [2024-02-23T16:44:42.413+0000] {dag.py:3823} INFO - Setting next_dagrun for dataset_consumes_unknown_never_scheduled to None, run_after=None
[2024-02-23T16:44:42.419+0000] {logging_mixin.py:188} INFO - [2024-02-23T16:44:42.419+0000] {dag.py:3823} INFO - Setting next_dagrun for dataset_produces_1 to 2024-02-22 00:00:00+00:00, run_after=2024-02-23 00:00:00+00:00
[2024-02-23T16:44:42.422+0000] {logging_mixin.py:188} INFO - [2024-02-23T16:44:42.422+0000] {dag.py:3823} INFO - Setting next_dagrun for dataset_produces_2 to None, run_after=None
[2024-02-23T16:44:42.482+0000] {processor.py:183} INFO - Processing /home/airflow/.local/lib/python3.8/site-packages/airflow/example_dags/example_datasets.py took 0.228 seconds
[2024-02-23T16:45:12.656+0000] {processor.py:161} INFO - Started process (PID=306) to work on /home/airflow/.local/lib/python3.8/site-packages/airflow/example_dags/example_datasets.py
[2024-02-23T16:45:12.658+0000] {processor.py:830} INFO - Processing file /home/airflow/.local/lib/python3.8/site-packages/airflow/example_dags/example_datasets.py for tasks to queue
[2024-02-23T16:45:12.662+0000] {logging_mixin.py:188} INFO - [2024-02-23T16:45:12.661+0000] {dagbag.py:538} INFO - Filling up the DagBag from /home/airflow/.local/lib/python3.8/site-packages/airflow/example_dags/example_datasets.py
[2024-02-23T16:45:12.681+0000] {processor.py:840} INFO - DAG(s) 'dataset_consumes_1', 'dataset_consumes_unknown_never_scheduled', 'dataset_consumes_1_never_scheduled', 'dataset_produces_1', 'dataset_produces_2', 'dataset_consumes_1_and_2' retrieved from /home/airflow/.local/lib/python3.8/site-packages/airflow/example_dags/example_datasets.py
[2024-02-23T16:45:12.767+0000] {logging_mixin.py:188} INFO - [2024-02-23T16:45:12.767+0000] {dag.py:3036} INFO - Sync 6 DAGs
[2024-02-23T16:45:12.808+0000] {logging_mixin.py:188} INFO - [2024-02-23T16:45:12.808+0000] {dag.py:3823} INFO - Setting next_dagrun for dataset_consumes_1 to None, run_after=None
[2024-02-23T16:45:12.817+0000] {logging_mixin.py:188} INFO - [2024-02-23T16:45:12.817+0000] {dag.py:3823} INFO - Setting next_dagrun for dataset_consumes_1_and_2 to None, run_after=None
[2024-02-23T16:45:12.821+0000] {logging_mixin.py:188} INFO - [2024-02-23T16:45:12.820+0000] {dag.py:3823} INFO - Setting next_dagrun for dataset_consumes_1_never_scheduled to None, run_after=None
[2024-02-23T16:45:12.823+0000] {logging_mixin.py:188} INFO - [2024-02-23T16:45:12.823+0000] {dag.py:3823} INFO - Setting next_dagrun for dataset_consumes_unknown_never_scheduled to None, run_after=None
[2024-02-23T16:45:12.829+0000] {logging_mixin.py:188} INFO - [2024-02-23T16:45:12.829+0000] {dag.py:3823} INFO - Setting next_dagrun for dataset_produces_1 to 2024-02-22 00:00:00+00:00, run_after=2024-02-23 00:00:00+00:00
[2024-02-23T16:45:12.831+0000] {logging_mixin.py:188} INFO - [2024-02-23T16:45:12.831+0000] {dag.py:3823} INFO - Setting next_dagrun for dataset_produces_2 to None, run_after=None
[2024-02-23T16:45:12.884+0000] {processor.py:183} INFO - Processing /home/airflow/.local/lib/python3.8/site-packages/airflow/example_dags/example_datasets.py took 0.234 seconds
[2024-02-23T16:45:43.081+0000] {processor.py:161} INFO - Started process (PID=360) to work on /home/airflow/.local/lib/python3.8/site-packages/airflow/example_dags/example_datasets.py
[2024-02-23T16:45:43.085+0000] {processor.py:830} INFO - Processing file /home/airflow/.local/lib/python3.8/site-packages/airflow/example_dags/example_datasets.py for tasks to queue
[2024-02-23T16:45:43.089+0000] {logging_mixin.py:188} INFO - [2024-02-23T16:45:43.089+0000] {dagbag.py:538} INFO - Filling up the DagBag from /home/airflow/.local/lib/python3.8/site-packages/airflow/example_dags/example_datasets.py
[2024-02-23T16:45:43.110+0000] {processor.py:840} INFO - DAG(s) 'dataset_produces_1', 'dataset_consumes_1_never_scheduled', 'dataset_consumes_unknown_never_scheduled', 'dataset_consumes_1_and_2', 'dataset_consumes_1', 'dataset_produces_2' retrieved from /home/airflow/.local/lib/python3.8/site-packages/airflow/example_dags/example_datasets.py
[2024-02-23T16:45:43.213+0000] {logging_mixin.py:188} INFO - [2024-02-23T16:45:43.213+0000] {dag.py:3036} INFO - Sync 6 DAGs
[2024-02-23T16:45:43.267+0000] {logging_mixin.py:188} INFO - [2024-02-23T16:45:43.267+0000] {dag.py:3823} INFO - Setting next_dagrun for dataset_consumes_1 to None, run_after=None
[2024-02-23T16:45:43.275+0000] {logging_mixin.py:188} INFO - [2024-02-23T16:45:43.274+0000] {dag.py:3823} INFO - Setting next_dagrun for dataset_consumes_1_and_2 to None, run_after=None
[2024-02-23T16:45:43.278+0000] {logging_mixin.py:188} INFO - [2024-02-23T16:45:43.277+0000] {dag.py:3823} INFO - Setting next_dagrun for dataset_consumes_1_never_scheduled to None, run_after=None
[2024-02-23T16:45:43.281+0000] {logging_mixin.py:188} INFO - [2024-02-23T16:45:43.280+0000] {dag.py:3823} INFO - Setting next_dagrun for dataset_consumes_unknown_never_scheduled to None, run_after=None
[2024-02-23T16:45:43.286+0000] {logging_mixin.py:188} INFO - [2024-02-23T16:45:43.286+0000] {dag.py:3823} INFO - Setting next_dagrun for dataset_produces_1 to 2024-02-22 00:00:00+00:00, run_after=2024-02-23 00:00:00+00:00
[2024-02-23T16:45:43.290+0000] {logging_mixin.py:188} INFO - [2024-02-23T16:45:43.290+0000] {dag.py:3823} INFO - Setting next_dagrun for dataset_produces_2 to None, run_after=None
[2024-02-23T16:45:43.349+0000] {processor.py:183} INFO - Processing /home/airflow/.local/lib/python3.8/site-packages/airflow/example_dags/example_datasets.py took 0.275 seconds
[2024-02-23T16:46:13.408+0000] {processor.py:161} INFO - Started process (PID=418) to work on /home/airflow/.local/lib/python3.8/site-packages/airflow/example_dags/example_datasets.py
[2024-02-23T16:46:13.410+0000] {processor.py:830} INFO - Processing file /home/airflow/.local/lib/python3.8/site-packages/airflow/example_dags/example_datasets.py for tasks to queue
[2024-02-23T16:46:13.413+0000] {logging_mixin.py:188} INFO - [2024-02-23T16:46:13.412+0000] {dagbag.py:538} INFO - Filling up the DagBag from /home/airflow/.local/lib/python3.8/site-packages/airflow/example_dags/example_datasets.py
[2024-02-23T16:46:13.428+0000] {processor.py:840} INFO - DAG(s) 'dataset_consumes_unknown_never_scheduled', 'dataset_consumes_1_and_2', 'dataset_produces_1', 'dataset_consumes_1', 'dataset_produces_2', 'dataset_consumes_1_never_scheduled' retrieved from /home/airflow/.local/lib/python3.8/site-packages/airflow/example_dags/example_datasets.py
[2024-02-23T16:46:13.492+0000] {logging_mixin.py:188} INFO - [2024-02-23T16:46:13.491+0000] {dag.py:3036} INFO - Sync 6 DAGs
[2024-02-23T16:46:13.531+0000] {logging_mixin.py:188} INFO - [2024-02-23T16:46:13.531+0000] {dag.py:3823} INFO - Setting next_dagrun for dataset_consumes_1 to None, run_after=None
[2024-02-23T16:46:13.537+0000] {logging_mixin.py:188} INFO - [2024-02-23T16:46:13.537+0000] {dag.py:3823} INFO - Setting next_dagrun for dataset_consumes_1_and_2 to None, run_after=None
[2024-02-23T16:46:13.539+0000] {logging_mixin.py:188} INFO - [2024-02-23T16:46:13.539+0000] {dag.py:3823} INFO - Setting next_dagrun for dataset_consumes_1_never_scheduled to None, run_after=None
[2024-02-23T16:46:13.541+0000] {logging_mixin.py:188} INFO - [2024-02-23T16:46:13.541+0000] {dag.py:3823} INFO - Setting next_dagrun for dataset_consumes_unknown_never_scheduled to None, run_after=None
[2024-02-23T16:46:13.547+0000] {logging_mixin.py:188} INFO - [2024-02-23T16:46:13.546+0000] {dag.py:3823} INFO - Setting next_dagrun for dataset_produces_1 to 2024-02-22 00:00:00+00:00, run_after=2024-02-23 00:00:00+00:00
[2024-02-23T16:46:13.549+0000] {logging_mixin.py:188} INFO - [2024-02-23T16:46:13.549+0000] {dag.py:3823} INFO - Setting next_dagrun for dataset_produces_2 to None, run_after=None
[2024-02-23T16:46:13.598+0000] {processor.py:183} INFO - Processing /home/airflow/.local/lib/python3.8/site-packages/airflow/example_dags/example_datasets.py took 0.195 seconds
[2024-02-23T16:46:44.044+0000] {processor.py:161} INFO - Started process (PID=474) to work on /home/airflow/.local/lib/python3.8/site-packages/airflow/example_dags/example_datasets.py
[2024-02-23T16:46:44.045+0000] {processor.py:830} INFO - Processing file /home/airflow/.local/lib/python3.8/site-packages/airflow/example_dags/example_datasets.py for tasks to queue
[2024-02-23T16:46:44.048+0000] {logging_mixin.py:188} INFO - [2024-02-23T16:46:44.048+0000] {dagbag.py:538} INFO - Filling up the DagBag from /home/airflow/.local/lib/python3.8/site-packages/airflow/example_dags/example_datasets.py
[2024-02-23T16:46:44.064+0000] {processor.py:840} INFO - DAG(s) 'dataset_consumes_unknown_never_scheduled', 'dataset_consumes_1_and_2', 'dataset_produces_1', 'dataset_consumes_1_never_scheduled', 'dataset_consumes_1', 'dataset_produces_2' retrieved from /home/airflow/.local/lib/python3.8/site-packages/airflow/example_dags/example_datasets.py
[2024-02-23T16:46:44.133+0000] {logging_mixin.py:188} INFO - [2024-02-23T16:46:44.133+0000] {dag.py:3036} INFO - Sync 6 DAGs
[2024-02-23T16:46:44.175+0000] {logging_mixin.py:188} INFO - [2024-02-23T16:46:44.175+0000] {dag.py:3823} INFO - Setting next_dagrun for dataset_consumes_1 to None, run_after=None
[2024-02-23T16:46:44.181+0000] {logging_mixin.py:188} INFO - [2024-02-23T16:46:44.181+0000] {dag.py:3823} INFO - Setting next_dagrun for dataset_consumes_1_and_2 to None, run_after=None
[2024-02-23T16:46:44.184+0000] {logging_mixin.py:188} INFO - [2024-02-23T16:46:44.183+0000] {dag.py:3823} INFO - Setting next_dagrun for dataset_consumes_1_never_scheduled to None, run_after=None
[2024-02-23T16:46:44.186+0000] {logging_mixin.py:188} INFO - [2024-02-23T16:46:44.186+0000] {dag.py:3823} INFO - Setting next_dagrun for dataset_consumes_unknown_never_scheduled to None, run_after=None
[2024-02-23T16:46:44.192+0000] {logging_mixin.py:188} INFO - [2024-02-23T16:46:44.191+0000] {dag.py:3823} INFO - Setting next_dagrun for dataset_produces_1 to 2024-02-22 00:00:00+00:00, run_after=2024-02-23 00:00:00+00:00
[2024-02-23T16:46:44.194+0000] {logging_mixin.py:188} INFO - [2024-02-23T16:46:44.194+0000] {dag.py:3823} INFO - Setting next_dagrun for dataset_produces_2 to None, run_after=None
[2024-02-23T16:46:44.248+0000] {processor.py:183} INFO - Processing /home/airflow/.local/lib/python3.8/site-packages/airflow/example_dags/example_datasets.py took 0.210 seconds
[2024-02-23T16:47:14.612+0000] {processor.py:161} INFO - Started process (PID=531) to work on /home/airflow/.local/lib/python3.8/site-packages/airflow/example_dags/example_datasets.py
[2024-02-23T16:47:14.615+0000] {processor.py:830} INFO - Processing file /home/airflow/.local/lib/python3.8/site-packages/airflow/example_dags/example_datasets.py for tasks to queue
[2024-02-23T16:47:14.618+0000] {logging_mixin.py:188} INFO - [2024-02-23T16:47:14.617+0000] {dagbag.py:538} INFO - Filling up the DagBag from /home/airflow/.local/lib/python3.8/site-packages/airflow/example_dags/example_datasets.py
[2024-02-23T16:47:14.641+0000] {processor.py:840} INFO - DAG(s) 'dataset_consumes_unknown_never_scheduled', 'dataset_produces_1', 'dataset_produces_2', 'dataset_consumes_1_and_2', 'dataset_consumes_1_never_scheduled', 'dataset_consumes_1' retrieved from /home/airflow/.local/lib/python3.8/site-packages/airflow/example_dags/example_datasets.py
[2024-02-23T16:47:14.739+0000] {logging_mixin.py:188} INFO - [2024-02-23T16:47:14.739+0000] {dag.py:3036} INFO - Sync 6 DAGs
[2024-02-23T16:47:14.799+0000] {logging_mixin.py:188} INFO - [2024-02-23T16:47:14.798+0000] {dag.py:3823} INFO - Setting next_dagrun for dataset_consumes_1 to None, run_after=None
[2024-02-23T16:47:14.807+0000] {logging_mixin.py:188} INFO - [2024-02-23T16:47:14.806+0000] {dag.py:3823} INFO - Setting next_dagrun for dataset_consumes_1_and_2 to None, run_after=None
[2024-02-23T16:47:14.810+0000] {logging_mixin.py:188} INFO - [2024-02-23T16:47:14.809+0000] {dag.py:3823} INFO - Setting next_dagrun for dataset_consumes_1_never_scheduled to None, run_after=None
[2024-02-23T16:47:14.813+0000] {logging_mixin.py:188} INFO - [2024-02-23T16:47:14.813+0000] {dag.py:3823} INFO - Setting next_dagrun for dataset_consumes_unknown_never_scheduled to None, run_after=None
[2024-02-23T16:47:14.821+0000] {logging_mixin.py:188} INFO - [2024-02-23T16:47:14.820+0000] {dag.py:3823} INFO - Setting next_dagrun for dataset_produces_1 to 2024-02-22 00:00:00+00:00, run_after=2024-02-23 00:00:00+00:00
[2024-02-23T16:47:14.824+0000] {logging_mixin.py:188} INFO - [2024-02-23T16:47:14.824+0000] {dag.py:3823} INFO - Setting next_dagrun for dataset_produces_2 to None, run_after=None
[2024-02-23T16:47:14.904+0000] {processor.py:183} INFO - Processing /home/airflow/.local/lib/python3.8/site-packages/airflow/example_dags/example_datasets.py took 0.299 seconds
[2024-02-23T16:48:41.856+0000] {processor.py:161} INFO - Started process (PID=76) to work on /home/airflow/.local/lib/python3.8/site-packages/airflow/example_dags/example_datasets.py
[2024-02-23T16:48:41.858+0000] {processor.py:830} INFO - Processing file /home/airflow/.local/lib/python3.8/site-packages/airflow/example_dags/example_datasets.py for tasks to queue
[2024-02-23T16:48:41.861+0000] {logging_mixin.py:188} INFO - [2024-02-23T16:48:41.860+0000] {dagbag.py:538} INFO - Filling up the DagBag from /home/airflow/.local/lib/python3.8/site-packages/airflow/example_dags/example_datasets.py
[2024-02-23T16:48:41.880+0000] {processor.py:840} INFO - DAG(s) 'dataset_produces_1', 'dataset_consumes_1_never_scheduled', 'dataset_consumes_1_and_2', 'dataset_produces_2', 'dataset_consumes_unknown_never_scheduled', 'dataset_consumes_1' retrieved from /home/airflow/.local/lib/python3.8/site-packages/airflow/example_dags/example_datasets.py
[2024-02-23T16:48:42.230+0000] {logging_mixin.py:188} INFO - [2024-02-23T16:48:42.229+0000] {dag.py:3036} INFO - Sync 6 DAGs
[2024-02-23T16:48:42.274+0000] {logging_mixin.py:188} INFO - [2024-02-23T16:48:42.273+0000] {dag.py:3823} INFO - Setting next_dagrun for dataset_consumes_1 to None, run_after=None
[2024-02-23T16:48:42.280+0000] {logging_mixin.py:188} INFO - [2024-02-23T16:48:42.280+0000] {dag.py:3823} INFO - Setting next_dagrun for dataset_consumes_1_and_2 to None, run_after=None
[2024-02-23T16:48:42.283+0000] {logging_mixin.py:188} INFO - [2024-02-23T16:48:42.283+0000] {dag.py:3823} INFO - Setting next_dagrun for dataset_consumes_1_never_scheduled to None, run_after=None
[2024-02-23T16:48:42.286+0000] {logging_mixin.py:188} INFO - [2024-02-23T16:48:42.286+0000] {dag.py:3823} INFO - Setting next_dagrun for dataset_consumes_unknown_never_scheduled to None, run_after=None
[2024-02-23T16:48:42.293+0000] {logging_mixin.py:188} INFO - [2024-02-23T16:48:42.293+0000] {dag.py:3823} INFO - Setting next_dagrun for dataset_produces_1 to 2024-02-22 00:00:00+00:00, run_after=2024-02-23 00:00:00+00:00
[2024-02-23T16:48:42.296+0000] {logging_mixin.py:188} INFO - [2024-02-23T16:48:42.296+0000] {dag.py:3823} INFO - Setting next_dagrun for dataset_produces_2 to None, run_after=None
[2024-02-23T16:48:42.359+0000] {processor.py:183} INFO - Processing /home/airflow/.local/lib/python3.8/site-packages/airflow/example_dags/example_datasets.py took 0.510 seconds
[2024-02-23T16:52:01.351+0000] {processor.py:161} INFO - Started process (PID=75) to work on /home/airflow/.local/lib/python3.8/site-packages/airflow/example_dags/example_datasets.py
[2024-02-23T16:52:01.352+0000] {processor.py:830} INFO - Processing file /home/airflow/.local/lib/python3.8/site-packages/airflow/example_dags/example_datasets.py for tasks to queue
[2024-02-23T16:52:01.355+0000] {logging_mixin.py:188} INFO - [2024-02-23T16:52:01.355+0000] {dagbag.py:538} INFO - Filling up the DagBag from /home/airflow/.local/lib/python3.8/site-packages/airflow/example_dags/example_datasets.py
[2024-02-23T16:52:01.374+0000] {processor.py:840} INFO - DAG(s) 'dataset_consumes_unknown_never_scheduled', 'dataset_consumes_1_and_2', 'dataset_produces_1', 'dataset_produces_2', 'dataset_consumes_1_never_scheduled', 'dataset_consumes_1' retrieved from /home/airflow/.local/lib/python3.8/site-packages/airflow/example_dags/example_datasets.py
[2024-02-23T16:52:01.752+0000] {logging_mixin.py:188} INFO - [2024-02-23T16:52:01.752+0000] {dag.py:3036} INFO - Sync 6 DAGs
[2024-02-23T16:52:01.801+0000] {logging_mixin.py:188} INFO - [2024-02-23T16:52:01.801+0000] {dag.py:3823} INFO - Setting next_dagrun for dataset_consumes_1 to None, run_after=None
[2024-02-23T16:52:01.810+0000] {logging_mixin.py:188} INFO - [2024-02-23T16:52:01.809+0000] {dag.py:3823} INFO - Setting next_dagrun for dataset_consumes_1_and_2 to None, run_after=None
[2024-02-23T16:52:01.813+0000] {logging_mixin.py:188} INFO - [2024-02-23T16:52:01.812+0000] {dag.py:3823} INFO - Setting next_dagrun for dataset_consumes_1_never_scheduled to None, run_after=None
[2024-02-23T16:52:01.816+0000] {logging_mixin.py:188} INFO - [2024-02-23T16:52:01.816+0000] {dag.py:3823} INFO - Setting next_dagrun for dataset_consumes_unknown_never_scheduled to None, run_after=None
[2024-02-23T16:52:01.825+0000] {logging_mixin.py:188} INFO - [2024-02-23T16:52:01.824+0000] {dag.py:3823} INFO - Setting next_dagrun for dataset_produces_1 to 2024-02-22 00:00:00+00:00, run_after=2024-02-23 00:00:00+00:00
[2024-02-23T16:52:01.829+0000] {logging_mixin.py:188} INFO - [2024-02-23T16:52:01.828+0000] {dag.py:3823} INFO - Setting next_dagrun for dataset_produces_2 to None, run_after=None
[2024-02-23T16:52:01.945+0000] {processor.py:183} INFO - Processing /home/airflow/.local/lib/python3.8/site-packages/airflow/example_dags/example_datasets.py took 0.600 seconds
[2024-02-23T16:52:32.072+0000] {processor.py:161} INFO - Started process (PID=133) to work on /home/airflow/.local/lib/python3.8/site-packages/airflow/example_dags/example_datasets.py
[2024-02-23T16:52:32.074+0000] {processor.py:830} INFO - Processing file /home/airflow/.local/lib/python3.8/site-packages/airflow/example_dags/example_datasets.py for tasks to queue
[2024-02-23T16:52:32.077+0000] {logging_mixin.py:188} INFO - [2024-02-23T16:52:32.077+0000] {dagbag.py:538} INFO - Filling up the DagBag from /home/airflow/.local/lib/python3.8/site-packages/airflow/example_dags/example_datasets.py
[2024-02-23T16:52:32.095+0000] {processor.py:840} INFO - DAG(s) 'dataset_produces_2', 'dataset_consumes_1', 'dataset_consumes_1_never_scheduled', 'dataset_consumes_1_and_2', 'dataset_produces_1', 'dataset_consumes_unknown_never_scheduled' retrieved from /home/airflow/.local/lib/python3.8/site-packages/airflow/example_dags/example_datasets.py
[2024-02-23T16:52:32.161+0000] {logging_mixin.py:188} INFO - [2024-02-23T16:52:32.161+0000] {dag.py:3036} INFO - Sync 6 DAGs
[2024-02-23T16:52:32.205+0000] {logging_mixin.py:188} INFO - [2024-02-23T16:52:32.205+0000] {dag.py:3823} INFO - Setting next_dagrun for dataset_consumes_1 to None, run_after=None
[2024-02-23T16:52:32.212+0000] {logging_mixin.py:188} INFO - [2024-02-23T16:52:32.211+0000] {dag.py:3823} INFO - Setting next_dagrun for dataset_consumes_1_and_2 to None, run_after=None
[2024-02-23T16:52:32.214+0000] {logging_mixin.py:188} INFO - [2024-02-23T16:52:32.214+0000] {dag.py:3823} INFO - Setting next_dagrun for dataset_consumes_1_never_scheduled to None, run_after=None
[2024-02-23T16:52:32.217+0000] {logging_mixin.py:188} INFO - [2024-02-23T16:52:32.216+0000] {dag.py:3823} INFO - Setting next_dagrun for dataset_consumes_unknown_never_scheduled to None, run_after=None
[2024-02-23T16:52:32.224+0000] {logging_mixin.py:188} INFO - [2024-02-23T16:52:32.224+0000] {dag.py:3823} INFO - Setting next_dagrun for dataset_produces_1 to 2024-02-22 00:00:00+00:00, run_after=2024-02-23 00:00:00+00:00
[2024-02-23T16:52:32.227+0000] {logging_mixin.py:188} INFO - [2024-02-23T16:52:32.227+0000] {dag.py:3823} INFO - Setting next_dagrun for dataset_produces_2 to None, run_after=None
[2024-02-23T16:52:32.280+0000] {processor.py:183} INFO - Processing /home/airflow/.local/lib/python3.8/site-packages/airflow/example_dags/example_datasets.py took 0.214 seconds
[2024-02-23T16:53:03.197+0000] {processor.py:161} INFO - Started process (PID=190) to work on /home/airflow/.local/lib/python3.8/site-packages/airflow/example_dags/example_datasets.py
[2024-02-23T16:53:03.199+0000] {processor.py:830} INFO - Processing file /home/airflow/.local/lib/python3.8/site-packages/airflow/example_dags/example_datasets.py for tasks to queue
[2024-02-23T16:53:03.202+0000] {logging_mixin.py:188} INFO - [2024-02-23T16:53:03.201+0000] {dagbag.py:538} INFO - Filling up the DagBag from /home/airflow/.local/lib/python3.8/site-packages/airflow/example_dags/example_datasets.py
[2024-02-23T16:53:03.220+0000] {processor.py:840} INFO - DAG(s) 'dataset_produces_1', 'dataset_consumes_unknown_never_scheduled', 'dataset_consumes_1_never_scheduled', 'dataset_consumes_1_and_2', 'dataset_produces_2', 'dataset_consumes_1' retrieved from /home/airflow/.local/lib/python3.8/site-packages/airflow/example_dags/example_datasets.py
[2024-02-23T16:53:03.297+0000] {logging_mixin.py:188} INFO - [2024-02-23T16:53:03.297+0000] {dag.py:3036} INFO - Sync 6 DAGs
[2024-02-23T16:53:03.351+0000] {logging_mixin.py:188} INFO - [2024-02-23T16:53:03.351+0000] {dag.py:3823} INFO - Setting next_dagrun for dataset_consumes_1 to None, run_after=None
[2024-02-23T16:53:03.359+0000] {logging_mixin.py:188} INFO - [2024-02-23T16:53:03.358+0000] {dag.py:3823} INFO - Setting next_dagrun for dataset_consumes_1_and_2 to None, run_after=None
[2024-02-23T16:53:03.362+0000] {logging_mixin.py:188} INFO - [2024-02-23T16:53:03.362+0000] {dag.py:3823} INFO - Setting next_dagrun for dataset_consumes_1_never_scheduled to None, run_after=None
[2024-02-23T16:53:03.365+0000] {logging_mixin.py:188} INFO - [2024-02-23T16:53:03.365+0000] {dag.py:3823} INFO - Setting next_dagrun for dataset_consumes_unknown_never_scheduled to None, run_after=None
[2024-02-23T16:53:03.371+0000] {logging_mixin.py:188} INFO - [2024-02-23T16:53:03.371+0000] {dag.py:3823} INFO - Setting next_dagrun for dataset_produces_1 to 2024-02-22 00:00:00+00:00, run_after=2024-02-23 00:00:00+00:00
[2024-02-23T16:53:03.374+0000] {logging_mixin.py:188} INFO - [2024-02-23T16:53:03.374+0000] {dag.py:3823} INFO - Setting next_dagrun for dataset_produces_2 to None, run_after=None
[2024-02-23T16:53:03.445+0000] {processor.py:183} INFO - Processing /home/airflow/.local/lib/python3.8/site-packages/airflow/example_dags/example_datasets.py took 0.265 seconds
