[2024-02-23T16:33:19.599+0000] {processor.py:161} INFO - Started process (PID=72) to work on /home/airflow/.local/lib/python3.8/site-packages/airflow/example_dags/example_branch_python_dop_operator_3.py
[2024-02-23T16:33:19.600+0000] {processor.py:830} INFO - Processing file /home/airflow/.local/lib/python3.8/site-packages/airflow/example_dags/example_branch_python_dop_operator_3.py for tasks to queue
[2024-02-23T16:33:19.603+0000] {logging_mixin.py:188} INFO - [2024-02-23T16:33:19.602+0000] {dagbag.py:538} INFO - Filling up the DagBag from /home/airflow/.local/lib/python3.8/site-packages/airflow/example_dags/example_branch_python_dop_operator_3.py
[2024-02-23T16:33:19.620+0000] {processor.py:840} INFO - DAG(s) 'example_branch_dop_operator_v3' retrieved from /home/airflow/.local/lib/python3.8/site-packages/airflow/example_dags/example_branch_python_dop_operator_3.py
[2024-02-23T16:33:19.849+0000] {logging_mixin.py:188} INFO - [2024-02-23T16:33:19.848+0000] {dag.py:3036} INFO - Sync 1 DAGs
[2024-02-23T16:33:19.911+0000] {logging_mixin.py:188} INFO - [2024-02-23T16:33:19.911+0000] {dag.py:3823} INFO - Setting next_dagrun for example_branch_dop_operator_v3 to 2024-02-23 16:32:00+00:00, run_after=2024-02-23 16:33:00+00:00
[2024-02-23T16:33:19.957+0000] {processor.py:183} INFO - Processing /home/airflow/.local/lib/python3.8/site-packages/airflow/example_dags/example_branch_python_dop_operator_3.py took 0.363 seconds
[2024-02-23T16:33:50.380+0000] {processor.py:161} INFO - Started process (PID=129) to work on /home/airflow/.local/lib/python3.8/site-packages/airflow/example_dags/example_branch_python_dop_operator_3.py
[2024-02-23T16:33:50.382+0000] {processor.py:830} INFO - Processing file /home/airflow/.local/lib/python3.8/site-packages/airflow/example_dags/example_branch_python_dop_operator_3.py for tasks to queue
[2024-02-23T16:33:50.386+0000] {logging_mixin.py:188} INFO - [2024-02-23T16:33:50.385+0000] {dagbag.py:538} INFO - Filling up the DagBag from /home/airflow/.local/lib/python3.8/site-packages/airflow/example_dags/example_branch_python_dop_operator_3.py
[2024-02-23T16:33:50.403+0000] {processor.py:840} INFO - DAG(s) 'example_branch_dop_operator_v3' retrieved from /home/airflow/.local/lib/python3.8/site-packages/airflow/example_dags/example_branch_python_dop_operator_3.py
[2024-02-23T16:33:50.438+0000] {logging_mixin.py:188} INFO - [2024-02-23T16:33:50.437+0000] {dag.py:3036} INFO - Sync 1 DAGs
[2024-02-23T16:33:50.499+0000] {logging_mixin.py:188} INFO - [2024-02-23T16:33:50.499+0000] {dag.py:3823} INFO - Setting next_dagrun for example_branch_dop_operator_v3 to 2024-02-23 16:32:00+00:00, run_after=2024-02-23 16:33:00+00:00
[2024-02-23T16:33:50.536+0000] {processor.py:183} INFO - Processing /home/airflow/.local/lib/python3.8/site-packages/airflow/example_dags/example_branch_python_dop_operator_3.py took 0.162 seconds
[2024-02-23T16:34:21.130+0000] {processor.py:161} INFO - Started process (PID=186) to work on /home/airflow/.local/lib/python3.8/site-packages/airflow/example_dags/example_branch_python_dop_operator_3.py
[2024-02-23T16:34:21.132+0000] {processor.py:830} INFO - Processing file /home/airflow/.local/lib/python3.8/site-packages/airflow/example_dags/example_branch_python_dop_operator_3.py for tasks to queue
[2024-02-23T16:34:21.135+0000] {logging_mixin.py:188} INFO - [2024-02-23T16:34:21.135+0000] {dagbag.py:538} INFO - Filling up the DagBag from /home/airflow/.local/lib/python3.8/site-packages/airflow/example_dags/example_branch_python_dop_operator_3.py
[2024-02-23T16:34:21.156+0000] {processor.py:840} INFO - DAG(s) 'example_branch_dop_operator_v3' retrieved from /home/airflow/.local/lib/python3.8/site-packages/airflow/example_dags/example_branch_python_dop_operator_3.py
[2024-02-23T16:34:21.192+0000] {logging_mixin.py:188} INFO - [2024-02-23T16:34:21.192+0000] {dag.py:3036} INFO - Sync 1 DAGs
[2024-02-23T16:34:21.252+0000] {logging_mixin.py:188} INFO - [2024-02-23T16:34:21.251+0000] {dag.py:3823} INFO - Setting next_dagrun for example_branch_dop_operator_v3 to 2024-02-23 16:33:00+00:00, run_after=2024-02-23 16:34:00+00:00
[2024-02-23T16:34:21.288+0000] {processor.py:183} INFO - Processing /home/airflow/.local/lib/python3.8/site-packages/airflow/example_dags/example_branch_python_dop_operator_3.py took 0.167 seconds
[2024-02-23T16:34:51.537+0000] {processor.py:161} INFO - Started process (PID=243) to work on /home/airflow/.local/lib/python3.8/site-packages/airflow/example_dags/example_branch_python_dop_operator_3.py
[2024-02-23T16:34:51.538+0000] {processor.py:830} INFO - Processing file /home/airflow/.local/lib/python3.8/site-packages/airflow/example_dags/example_branch_python_dop_operator_3.py for tasks to queue
[2024-02-23T16:34:51.542+0000] {logging_mixin.py:188} INFO - [2024-02-23T16:34:51.541+0000] {dagbag.py:538} INFO - Filling up the DagBag from /home/airflow/.local/lib/python3.8/site-packages/airflow/example_dags/example_branch_python_dop_operator_3.py
[2024-02-23T16:34:51.567+0000] {processor.py:840} INFO - DAG(s) 'example_branch_dop_operator_v3' retrieved from /home/airflow/.local/lib/python3.8/site-packages/airflow/example_dags/example_branch_python_dop_operator_3.py
[2024-02-23T16:34:51.610+0000] {logging_mixin.py:188} INFO - [2024-02-23T16:34:51.609+0000] {dag.py:3036} INFO - Sync 1 DAGs
[2024-02-23T16:34:51.677+0000] {logging_mixin.py:188} INFO - [2024-02-23T16:34:51.677+0000] {dag.py:3823} INFO - Setting next_dagrun for example_branch_dop_operator_v3 to 2024-02-23 16:33:00+00:00, run_after=2024-02-23 16:34:00+00:00
[2024-02-23T16:34:51.722+0000] {processor.py:183} INFO - Processing /home/airflow/.local/lib/python3.8/site-packages/airflow/example_dags/example_branch_python_dop_operator_3.py took 0.192 seconds
[2024-02-23T16:35:22.311+0000] {processor.py:161} INFO - Started process (PID=300) to work on /home/airflow/.local/lib/python3.8/site-packages/airflow/example_dags/example_branch_python_dop_operator_3.py
[2024-02-23T16:35:22.312+0000] {processor.py:830} INFO - Processing file /home/airflow/.local/lib/python3.8/site-packages/airflow/example_dags/example_branch_python_dop_operator_3.py for tasks to queue
[2024-02-23T16:35:22.315+0000] {logging_mixin.py:188} INFO - [2024-02-23T16:35:22.314+0000] {dagbag.py:538} INFO - Filling up the DagBag from /home/airflow/.local/lib/python3.8/site-packages/airflow/example_dags/example_branch_python_dop_operator_3.py
[2024-02-23T16:35:22.333+0000] {processor.py:840} INFO - DAG(s) 'example_branch_dop_operator_v3' retrieved from /home/airflow/.local/lib/python3.8/site-packages/airflow/example_dags/example_branch_python_dop_operator_3.py
[2024-02-23T16:35:22.365+0000] {logging_mixin.py:188} INFO - [2024-02-23T16:35:22.365+0000] {dag.py:3036} INFO - Sync 1 DAGs
[2024-02-23T16:35:22.425+0000] {logging_mixin.py:188} INFO - [2024-02-23T16:35:22.424+0000] {dag.py:3823} INFO - Setting next_dagrun for example_branch_dop_operator_v3 to 2024-02-23 16:34:00+00:00, run_after=2024-02-23 16:35:00+00:00
[2024-02-23T16:35:22.456+0000] {processor.py:183} INFO - Processing /home/airflow/.local/lib/python3.8/site-packages/airflow/example_dags/example_branch_python_dop_operator_3.py took 0.150 seconds
[2024-02-23T16:35:52.622+0000] {processor.py:161} INFO - Started process (PID=358) to work on /home/airflow/.local/lib/python3.8/site-packages/airflow/example_dags/example_branch_python_dop_operator_3.py
[2024-02-23T16:35:52.624+0000] {processor.py:830} INFO - Processing file /home/airflow/.local/lib/python3.8/site-packages/airflow/example_dags/example_branch_python_dop_operator_3.py for tasks to queue
[2024-02-23T16:35:52.627+0000] {logging_mixin.py:188} INFO - [2024-02-23T16:35:52.626+0000] {dagbag.py:538} INFO - Filling up the DagBag from /home/airflow/.local/lib/python3.8/site-packages/airflow/example_dags/example_branch_python_dop_operator_3.py
[2024-02-23T16:35:52.646+0000] {processor.py:840} INFO - DAG(s) 'example_branch_dop_operator_v3' retrieved from /home/airflow/.local/lib/python3.8/site-packages/airflow/example_dags/example_branch_python_dop_operator_3.py
[2024-02-23T16:35:52.682+0000] {logging_mixin.py:188} INFO - [2024-02-23T16:35:52.681+0000] {dag.py:3036} INFO - Sync 1 DAGs
[2024-02-23T16:35:52.748+0000] {logging_mixin.py:188} INFO - [2024-02-23T16:35:52.748+0000] {dag.py:3823} INFO - Setting next_dagrun for example_branch_dop_operator_v3 to 2024-02-23 16:34:00+00:00, run_after=2024-02-23 16:35:00+00:00
[2024-02-23T16:35:52.800+0000] {processor.py:183} INFO - Processing /home/airflow/.local/lib/python3.8/site-packages/airflow/example_dags/example_branch_python_dop_operator_3.py took 0.184 seconds
[2024-02-23T16:36:23.115+0000] {processor.py:161} INFO - Started process (PID=415) to work on /home/airflow/.local/lib/python3.8/site-packages/airflow/example_dags/example_branch_python_dop_operator_3.py
[2024-02-23T16:36:23.118+0000] {processor.py:830} INFO - Processing file /home/airflow/.local/lib/python3.8/site-packages/airflow/example_dags/example_branch_python_dop_operator_3.py for tasks to queue
[2024-02-23T16:36:23.120+0000] {logging_mixin.py:188} INFO - [2024-02-23T16:36:23.120+0000] {dagbag.py:538} INFO - Filling up the DagBag from /home/airflow/.local/lib/python3.8/site-packages/airflow/example_dags/example_branch_python_dop_operator_3.py
[2024-02-23T16:36:23.138+0000] {processor.py:840} INFO - DAG(s) 'example_branch_dop_operator_v3' retrieved from /home/airflow/.local/lib/python3.8/site-packages/airflow/example_dags/example_branch_python_dop_operator_3.py
[2024-02-23T16:36:23.168+0000] {logging_mixin.py:188} INFO - [2024-02-23T16:36:23.167+0000] {dag.py:3036} INFO - Sync 1 DAGs
[2024-02-23T16:36:23.219+0000] {logging_mixin.py:188} INFO - [2024-02-23T16:36:23.219+0000] {dag.py:3823} INFO - Setting next_dagrun for example_branch_dop_operator_v3 to 2024-02-23 16:35:00+00:00, run_after=2024-02-23 16:36:00+00:00
[2024-02-23T16:36:23.251+0000] {processor.py:183} INFO - Processing /home/airflow/.local/lib/python3.8/site-packages/airflow/example_dags/example_branch_python_dop_operator_3.py took 0.141 seconds
[2024-02-23T16:36:54.014+0000] {processor.py:161} INFO - Started process (PID=472) to work on /home/airflow/.local/lib/python3.8/site-packages/airflow/example_dags/example_branch_python_dop_operator_3.py
[2024-02-23T16:36:54.015+0000] {processor.py:830} INFO - Processing file /home/airflow/.local/lib/python3.8/site-packages/airflow/example_dags/example_branch_python_dop_operator_3.py for tasks to queue
[2024-02-23T16:36:54.018+0000] {logging_mixin.py:188} INFO - [2024-02-23T16:36:54.018+0000] {dagbag.py:538} INFO - Filling up the DagBag from /home/airflow/.local/lib/python3.8/site-packages/airflow/example_dags/example_branch_python_dop_operator_3.py
[2024-02-23T16:36:54.037+0000] {processor.py:840} INFO - DAG(s) 'example_branch_dop_operator_v3' retrieved from /home/airflow/.local/lib/python3.8/site-packages/airflow/example_dags/example_branch_python_dop_operator_3.py
[2024-02-23T16:36:54.074+0000] {logging_mixin.py:188} INFO - [2024-02-23T16:36:54.073+0000] {dag.py:3036} INFO - Sync 1 DAGs
[2024-02-23T16:36:54.133+0000] {logging_mixin.py:188} INFO - [2024-02-23T16:36:54.133+0000] {dag.py:3823} INFO - Setting next_dagrun for example_branch_dop_operator_v3 to 2024-02-23 16:35:00+00:00, run_after=2024-02-23 16:36:00+00:00
[2024-02-23T16:36:54.168+0000] {processor.py:183} INFO - Processing /home/airflow/.local/lib/python3.8/site-packages/airflow/example_dags/example_branch_python_dop_operator_3.py took 0.162 seconds
[2024-02-23T16:37:24.400+0000] {processor.py:161} INFO - Started process (PID=529) to work on /home/airflow/.local/lib/python3.8/site-packages/airflow/example_dags/example_branch_python_dop_operator_3.py
[2024-02-23T16:37:24.402+0000] {processor.py:830} INFO - Processing file /home/airflow/.local/lib/python3.8/site-packages/airflow/example_dags/example_branch_python_dop_operator_3.py for tasks to queue
[2024-02-23T16:37:24.406+0000] {logging_mixin.py:188} INFO - [2024-02-23T16:37:24.405+0000] {dagbag.py:538} INFO - Filling up the DagBag from /home/airflow/.local/lib/python3.8/site-packages/airflow/example_dags/example_branch_python_dop_operator_3.py
[2024-02-23T16:37:24.427+0000] {processor.py:840} INFO - DAG(s) 'example_branch_dop_operator_v3' retrieved from /home/airflow/.local/lib/python3.8/site-packages/airflow/example_dags/example_branch_python_dop_operator_3.py
[2024-02-23T16:37:24.466+0000] {logging_mixin.py:188} INFO - [2024-02-23T16:37:24.466+0000] {dag.py:3036} INFO - Sync 1 DAGs
[2024-02-23T16:37:24.535+0000] {logging_mixin.py:188} INFO - [2024-02-23T16:37:24.534+0000] {dag.py:3823} INFO - Setting next_dagrun for example_branch_dop_operator_v3 to 2024-02-23 16:36:00+00:00, run_after=2024-02-23 16:37:00+00:00
[2024-02-23T16:37:24.570+0000] {processor.py:183} INFO - Processing /home/airflow/.local/lib/python3.8/site-packages/airflow/example_dags/example_branch_python_dop_operator_3.py took 0.176 seconds
[2024-02-23T16:37:54.896+0000] {processor.py:161} INFO - Started process (PID=586) to work on /home/airflow/.local/lib/python3.8/site-packages/airflow/example_dags/example_branch_python_dop_operator_3.py
[2024-02-23T16:37:54.898+0000] {processor.py:830} INFO - Processing file /home/airflow/.local/lib/python3.8/site-packages/airflow/example_dags/example_branch_python_dop_operator_3.py for tasks to queue
[2024-02-23T16:37:54.901+0000] {logging_mixin.py:188} INFO - [2024-02-23T16:37:54.900+0000] {dagbag.py:538} INFO - Filling up the DagBag from /home/airflow/.local/lib/python3.8/site-packages/airflow/example_dags/example_branch_python_dop_operator_3.py
[2024-02-23T16:37:54.923+0000] {processor.py:840} INFO - DAG(s) 'example_branch_dop_operator_v3' retrieved from /home/airflow/.local/lib/python3.8/site-packages/airflow/example_dags/example_branch_python_dop_operator_3.py
[2024-02-23T16:37:54.970+0000] {logging_mixin.py:188} INFO - [2024-02-23T16:37:54.970+0000] {dag.py:3036} INFO - Sync 1 DAGs
[2024-02-23T16:37:55.033+0000] {logging_mixin.py:188} INFO - [2024-02-23T16:37:55.032+0000] {dag.py:3823} INFO - Setting next_dagrun for example_branch_dop_operator_v3 to 2024-02-23 16:36:00+00:00, run_after=2024-02-23 16:37:00+00:00
[2024-02-23T16:37:55.091+0000] {processor.py:183} INFO - Processing /home/airflow/.local/lib/python3.8/site-packages/airflow/example_dags/example_branch_python_dop_operator_3.py took 0.201 seconds
[2024-02-23T16:38:25.719+0000] {processor.py:161} INFO - Started process (PID=643) to work on /home/airflow/.local/lib/python3.8/site-packages/airflow/example_dags/example_branch_python_dop_operator_3.py
[2024-02-23T16:38:25.722+0000] {processor.py:830} INFO - Processing file /home/airflow/.local/lib/python3.8/site-packages/airflow/example_dags/example_branch_python_dop_operator_3.py for tasks to queue
[2024-02-23T16:38:25.726+0000] {logging_mixin.py:188} INFO - [2024-02-23T16:38:25.725+0000] {dagbag.py:538} INFO - Filling up the DagBag from /home/airflow/.local/lib/python3.8/site-packages/airflow/example_dags/example_branch_python_dop_operator_3.py
[2024-02-23T16:38:25.749+0000] {processor.py:840} INFO - DAG(s) 'example_branch_dop_operator_v3' retrieved from /home/airflow/.local/lib/python3.8/site-packages/airflow/example_dags/example_branch_python_dop_operator_3.py
[2024-02-23T16:38:25.795+0000] {logging_mixin.py:188} INFO - [2024-02-23T16:38:25.794+0000] {dag.py:3036} INFO - Sync 1 DAGs
[2024-02-23T16:38:25.867+0000] {logging_mixin.py:188} INFO - [2024-02-23T16:38:25.867+0000] {dag.py:3823} INFO - Setting next_dagrun for example_branch_dop_operator_v3 to 2024-02-23 16:37:00+00:00, run_after=2024-02-23 16:38:00+00:00
[2024-02-23T16:38:25.907+0000] {processor.py:183} INFO - Processing /home/airflow/.local/lib/python3.8/site-packages/airflow/example_dags/example_branch_python_dop_operator_3.py took 0.196 seconds
[2024-02-23T16:38:56.148+0000] {processor.py:161} INFO - Started process (PID=699) to work on /home/airflow/.local/lib/python3.8/site-packages/airflow/example_dags/example_branch_python_dop_operator_3.py
[2024-02-23T16:38:56.149+0000] {processor.py:830} INFO - Processing file /home/airflow/.local/lib/python3.8/site-packages/airflow/example_dags/example_branch_python_dop_operator_3.py for tasks to queue
[2024-02-23T16:38:56.152+0000] {logging_mixin.py:188} INFO - [2024-02-23T16:38:56.152+0000] {dagbag.py:538} INFO - Filling up the DagBag from /home/airflow/.local/lib/python3.8/site-packages/airflow/example_dags/example_branch_python_dop_operator_3.py
[2024-02-23T16:38:56.170+0000] {processor.py:840} INFO - DAG(s) 'example_branch_dop_operator_v3' retrieved from /home/airflow/.local/lib/python3.8/site-packages/airflow/example_dags/example_branch_python_dop_operator_3.py
[2024-02-23T16:38:56.205+0000] {logging_mixin.py:188} INFO - [2024-02-23T16:38:56.205+0000] {dag.py:3036} INFO - Sync 1 DAGs
[2024-02-23T16:38:56.263+0000] {logging_mixin.py:188} INFO - [2024-02-23T16:38:56.262+0000] {dag.py:3823} INFO - Setting next_dagrun for example_branch_dop_operator_v3 to 2024-02-23 16:37:00+00:00, run_after=2024-02-23 16:38:00+00:00
[2024-02-23T16:38:56.297+0000] {processor.py:183} INFO - Processing /home/airflow/.local/lib/python3.8/site-packages/airflow/example_dags/example_branch_python_dop_operator_3.py took 0.156 seconds
[2024-02-23T16:39:26.554+0000] {processor.py:161} INFO - Started process (PID=756) to work on /home/airflow/.local/lib/python3.8/site-packages/airflow/example_dags/example_branch_python_dop_operator_3.py
[2024-02-23T16:39:26.556+0000] {processor.py:830} INFO - Processing file /home/airflow/.local/lib/python3.8/site-packages/airflow/example_dags/example_branch_python_dop_operator_3.py for tasks to queue
[2024-02-23T16:39:26.559+0000] {logging_mixin.py:188} INFO - [2024-02-23T16:39:26.558+0000] {dagbag.py:538} INFO - Filling up the DagBag from /home/airflow/.local/lib/python3.8/site-packages/airflow/example_dags/example_branch_python_dop_operator_3.py
[2024-02-23T16:39:26.575+0000] {processor.py:840} INFO - DAG(s) 'example_branch_dop_operator_v3' retrieved from /home/airflow/.local/lib/python3.8/site-packages/airflow/example_dags/example_branch_python_dop_operator_3.py
[2024-02-23T16:39:26.609+0000] {logging_mixin.py:188} INFO - [2024-02-23T16:39:26.609+0000] {dag.py:3036} INFO - Sync 1 DAGs
[2024-02-23T16:39:26.670+0000] {logging_mixin.py:188} INFO - [2024-02-23T16:39:26.669+0000] {dag.py:3823} INFO - Setting next_dagrun for example_branch_dop_operator_v3 to 2024-02-23 16:38:00+00:00, run_after=2024-02-23 16:39:00+00:00
[2024-02-23T16:39:26.705+0000] {processor.py:183} INFO - Processing /home/airflow/.local/lib/python3.8/site-packages/airflow/example_dags/example_branch_python_dop_operator_3.py took 0.158 seconds
[2024-02-23T16:39:57.514+0000] {processor.py:161} INFO - Started process (PID=813) to work on /home/airflow/.local/lib/python3.8/site-packages/airflow/example_dags/example_branch_python_dop_operator_3.py
[2024-02-23T16:39:57.515+0000] {processor.py:830} INFO - Processing file /home/airflow/.local/lib/python3.8/site-packages/airflow/example_dags/example_branch_python_dop_operator_3.py for tasks to queue
[2024-02-23T16:39:57.518+0000] {logging_mixin.py:188} INFO - [2024-02-23T16:39:57.518+0000] {dagbag.py:538} INFO - Filling up the DagBag from /home/airflow/.local/lib/python3.8/site-packages/airflow/example_dags/example_branch_python_dop_operator_3.py
[2024-02-23T16:39:57.535+0000] {processor.py:840} INFO - DAG(s) 'example_branch_dop_operator_v3' retrieved from /home/airflow/.local/lib/python3.8/site-packages/airflow/example_dags/example_branch_python_dop_operator_3.py
[2024-02-23T16:39:57.569+0000] {logging_mixin.py:188} INFO - [2024-02-23T16:39:57.569+0000] {dag.py:3036} INFO - Sync 1 DAGs
[2024-02-23T16:39:57.625+0000] {logging_mixin.py:188} INFO - [2024-02-23T16:39:57.625+0000] {dag.py:3823} INFO - Setting next_dagrun for example_branch_dop_operator_v3 to 2024-02-23 16:38:00+00:00, run_after=2024-02-23 16:39:00+00:00
[2024-02-23T16:39:57.660+0000] {processor.py:183} INFO - Processing /home/airflow/.local/lib/python3.8/site-packages/airflow/example_dags/example_branch_python_dop_operator_3.py took 0.152 seconds
[2024-02-23T16:40:27.899+0000] {processor.py:161} INFO - Started process (PID=870) to work on /home/airflow/.local/lib/python3.8/site-packages/airflow/example_dags/example_branch_python_dop_operator_3.py
[2024-02-23T16:40:27.900+0000] {processor.py:830} INFO - Processing file /home/airflow/.local/lib/python3.8/site-packages/airflow/example_dags/example_branch_python_dop_operator_3.py for tasks to queue
[2024-02-23T16:40:27.904+0000] {logging_mixin.py:188} INFO - [2024-02-23T16:40:27.903+0000] {dagbag.py:538} INFO - Filling up the DagBag from /home/airflow/.local/lib/python3.8/site-packages/airflow/example_dags/example_branch_python_dop_operator_3.py
[2024-02-23T16:40:27.923+0000] {processor.py:840} INFO - DAG(s) 'example_branch_dop_operator_v3' retrieved from /home/airflow/.local/lib/python3.8/site-packages/airflow/example_dags/example_branch_python_dop_operator_3.py
[2024-02-23T16:40:27.964+0000] {logging_mixin.py:188} INFO - [2024-02-23T16:40:27.963+0000] {dag.py:3036} INFO - Sync 1 DAGs
[2024-02-23T16:40:28.034+0000] {logging_mixin.py:188} INFO - [2024-02-23T16:40:28.034+0000] {dag.py:3823} INFO - Setting next_dagrun for example_branch_dop_operator_v3 to 2024-02-23 16:39:00+00:00, run_after=2024-02-23 16:40:00+00:00
[2024-02-23T16:40:28.074+0000] {processor.py:183} INFO - Processing /home/airflow/.local/lib/python3.8/site-packages/airflow/example_dags/example_branch_python_dop_operator_3.py took 0.181 seconds
[2024-02-23T16:40:58.949+0000] {processor.py:161} INFO - Started process (PID=928) to work on /home/airflow/.local/lib/python3.8/site-packages/airflow/example_dags/example_branch_python_dop_operator_3.py
[2024-02-23T16:40:58.951+0000] {processor.py:830} INFO - Processing file /home/airflow/.local/lib/python3.8/site-packages/airflow/example_dags/example_branch_python_dop_operator_3.py for tasks to queue
[2024-02-23T16:40:58.957+0000] {logging_mixin.py:188} INFO - [2024-02-23T16:40:58.956+0000] {dagbag.py:538} INFO - Filling up the DagBag from /home/airflow/.local/lib/python3.8/site-packages/airflow/example_dags/example_branch_python_dop_operator_3.py
[2024-02-23T16:40:58.980+0000] {processor.py:840} INFO - DAG(s) 'example_branch_dop_operator_v3' retrieved from /home/airflow/.local/lib/python3.8/site-packages/airflow/example_dags/example_branch_python_dop_operator_3.py
[2024-02-23T16:40:59.020+0000] {logging_mixin.py:188} INFO - [2024-02-23T16:40:59.020+0000] {dag.py:3036} INFO - Sync 1 DAGs
[2024-02-23T16:40:59.090+0000] {logging_mixin.py:188} INFO - [2024-02-23T16:40:59.089+0000] {dag.py:3823} INFO - Setting next_dagrun for example_branch_dop_operator_v3 to 2024-02-23 16:39:00+00:00, run_after=2024-02-23 16:40:00+00:00
[2024-02-23T16:40:59.131+0000] {processor.py:183} INFO - Processing /home/airflow/.local/lib/python3.8/site-packages/airflow/example_dags/example_branch_python_dop_operator_3.py took 0.190 seconds
[2024-02-23T16:41:29.918+0000] {processor.py:161} INFO - Started process (PID=985) to work on /home/airflow/.local/lib/python3.8/site-packages/airflow/example_dags/example_branch_python_dop_operator_3.py
[2024-02-23T16:41:29.919+0000] {processor.py:830} INFO - Processing file /home/airflow/.local/lib/python3.8/site-packages/airflow/example_dags/example_branch_python_dop_operator_3.py for tasks to queue
[2024-02-23T16:41:29.922+0000] {logging_mixin.py:188} INFO - [2024-02-23T16:41:29.922+0000] {dagbag.py:538} INFO - Filling up the DagBag from /home/airflow/.local/lib/python3.8/site-packages/airflow/example_dags/example_branch_python_dop_operator_3.py
[2024-02-23T16:41:29.939+0000] {processor.py:840} INFO - DAG(s) 'example_branch_dop_operator_v3' retrieved from /home/airflow/.local/lib/python3.8/site-packages/airflow/example_dags/example_branch_python_dop_operator_3.py
[2024-02-23T16:41:29.972+0000] {logging_mixin.py:188} INFO - [2024-02-23T16:41:29.972+0000] {dag.py:3036} INFO - Sync 1 DAGs
[2024-02-23T16:41:30.030+0000] {logging_mixin.py:188} INFO - [2024-02-23T16:41:30.030+0000] {dag.py:3823} INFO - Setting next_dagrun for example_branch_dop_operator_v3 to 2024-02-23 16:40:00+00:00, run_after=2024-02-23 16:41:00+00:00
[2024-02-23T16:41:30.067+0000] {processor.py:183} INFO - Processing /home/airflow/.local/lib/python3.8/site-packages/airflow/example_dags/example_branch_python_dop_operator_3.py took 0.156 seconds
[2024-02-23T16:43:09.207+0000] {processor.py:161} INFO - Started process (PID=72) to work on /home/airflow/.local/lib/python3.8/site-packages/airflow/example_dags/example_branch_python_dop_operator_3.py
[2024-02-23T16:43:09.209+0000] {processor.py:830} INFO - Processing file /home/airflow/.local/lib/python3.8/site-packages/airflow/example_dags/example_branch_python_dop_operator_3.py for tasks to queue
[2024-02-23T16:43:09.212+0000] {logging_mixin.py:188} INFO - [2024-02-23T16:43:09.212+0000] {dagbag.py:538} INFO - Filling up the DagBag from /home/airflow/.local/lib/python3.8/site-packages/airflow/example_dags/example_branch_python_dop_operator_3.py
[2024-02-23T16:43:09.238+0000] {processor.py:840} INFO - DAG(s) 'example_branch_dop_operator_v3' retrieved from /home/airflow/.local/lib/python3.8/site-packages/airflow/example_dags/example_branch_python_dop_operator_3.py
[2024-02-23T16:43:09.507+0000] {logging_mixin.py:188} INFO - [2024-02-23T16:43:09.506+0000] {dag.py:3036} INFO - Sync 1 DAGs
[2024-02-23T16:43:09.567+0000] {logging_mixin.py:188} INFO - [2024-02-23T16:43:09.567+0000] {dag.py:3823} INFO - Setting next_dagrun for example_branch_dop_operator_v3 to 2024-02-23 16:42:00+00:00, run_after=2024-02-23 16:43:00+00:00
[2024-02-23T16:43:09.603+0000] {processor.py:183} INFO - Processing /home/airflow/.local/lib/python3.8/site-packages/airflow/example_dags/example_branch_python_dop_operator_3.py took 0.403 seconds
[2024-02-23T16:43:39.997+0000] {processor.py:161} INFO - Started process (PID=129) to work on /home/airflow/.local/lib/python3.8/site-packages/airflow/example_dags/example_branch_python_dop_operator_3.py
[2024-02-23T16:43:39.998+0000] {processor.py:830} INFO - Processing file /home/airflow/.local/lib/python3.8/site-packages/airflow/example_dags/example_branch_python_dop_operator_3.py for tasks to queue
[2024-02-23T16:43:40.001+0000] {logging_mixin.py:188} INFO - [2024-02-23T16:43:40.001+0000] {dagbag.py:538} INFO - Filling up the DagBag from /home/airflow/.local/lib/python3.8/site-packages/airflow/example_dags/example_branch_python_dop_operator_3.py
[2024-02-23T16:43:40.017+0000] {processor.py:840} INFO - DAG(s) 'example_branch_dop_operator_v3' retrieved from /home/airflow/.local/lib/python3.8/site-packages/airflow/example_dags/example_branch_python_dop_operator_3.py
[2024-02-23T16:43:40.051+0000] {logging_mixin.py:188} INFO - [2024-02-23T16:43:40.050+0000] {dag.py:3036} INFO - Sync 1 DAGs
[2024-02-23T16:43:40.107+0000] {logging_mixin.py:188} INFO - [2024-02-23T16:43:40.107+0000] {dag.py:3823} INFO - Setting next_dagrun for example_branch_dop_operator_v3 to 2024-02-23 16:42:00+00:00, run_after=2024-02-23 16:43:00+00:00
[2024-02-23T16:43:40.137+0000] {processor.py:183} INFO - Processing /home/airflow/.local/lib/python3.8/site-packages/airflow/example_dags/example_branch_python_dop_operator_3.py took 0.145 seconds
[2024-02-23T16:44:10.227+0000] {processor.py:161} INFO - Started process (PID=186) to work on /home/airflow/.local/lib/python3.8/site-packages/airflow/example_dags/example_branch_python_dop_operator_3.py
[2024-02-23T16:44:10.229+0000] {processor.py:830} INFO - Processing file /home/airflow/.local/lib/python3.8/site-packages/airflow/example_dags/example_branch_python_dop_operator_3.py for tasks to queue
[2024-02-23T16:44:10.232+0000] {logging_mixin.py:188} INFO - [2024-02-23T16:44:10.231+0000] {dagbag.py:538} INFO - Filling up the DagBag from /home/airflow/.local/lib/python3.8/site-packages/airflow/example_dags/example_branch_python_dop_operator_3.py
[2024-02-23T16:44:10.248+0000] {processor.py:840} INFO - DAG(s) 'example_branch_dop_operator_v3' retrieved from /home/airflow/.local/lib/python3.8/site-packages/airflow/example_dags/example_branch_python_dop_operator_3.py
[2024-02-23T16:44:10.281+0000] {logging_mixin.py:188} INFO - [2024-02-23T16:44:10.281+0000] {dag.py:3036} INFO - Sync 1 DAGs
[2024-02-23T16:44:10.333+0000] {logging_mixin.py:188} INFO - [2024-02-23T16:44:10.333+0000] {dag.py:3823} INFO - Setting next_dagrun for example_branch_dop_operator_v3 to 2024-02-23 16:43:00+00:00, run_after=2024-02-23 16:44:00+00:00
[2024-02-23T16:44:10.362+0000] {processor.py:183} INFO - Processing /home/airflow/.local/lib/python3.8/site-packages/airflow/example_dags/example_branch_python_dop_operator_3.py took 0.140 seconds
[2024-02-23T16:44:40.697+0000] {processor.py:161} INFO - Started process (PID=243) to work on /home/airflow/.local/lib/python3.8/site-packages/airflow/example_dags/example_branch_python_dop_operator_3.py
[2024-02-23T16:44:40.699+0000] {processor.py:830} INFO - Processing file /home/airflow/.local/lib/python3.8/site-packages/airflow/example_dags/example_branch_python_dop_operator_3.py for tasks to queue
[2024-02-23T16:44:40.703+0000] {logging_mixin.py:188} INFO - [2024-02-23T16:44:40.702+0000] {dagbag.py:538} INFO - Filling up the DagBag from /home/airflow/.local/lib/python3.8/site-packages/airflow/example_dags/example_branch_python_dop_operator_3.py
[2024-02-23T16:44:40.725+0000] {processor.py:840} INFO - DAG(s) 'example_branch_dop_operator_v3' retrieved from /home/airflow/.local/lib/python3.8/site-packages/airflow/example_dags/example_branch_python_dop_operator_3.py
[2024-02-23T16:44:40.766+0000] {logging_mixin.py:188} INFO - [2024-02-23T16:44:40.765+0000] {dag.py:3036} INFO - Sync 1 DAGs
[2024-02-23T16:44:40.825+0000] {logging_mixin.py:188} INFO - [2024-02-23T16:44:40.824+0000] {dag.py:3823} INFO - Setting next_dagrun for example_branch_dop_operator_v3 to 2024-02-23 16:43:00+00:00, run_after=2024-02-23 16:44:00+00:00
[2024-02-23T16:44:40.861+0000] {processor.py:183} INFO - Processing /home/airflow/.local/lib/python3.8/site-packages/airflow/example_dags/example_branch_python_dop_operator_3.py took 0.170 seconds
[2024-02-23T16:45:11.225+0000] {processor.py:161} INFO - Started process (PID=300) to work on /home/airflow/.local/lib/python3.8/site-packages/airflow/example_dags/example_branch_python_dop_operator_3.py
[2024-02-23T16:45:11.226+0000] {processor.py:830} INFO - Processing file /home/airflow/.local/lib/python3.8/site-packages/airflow/example_dags/example_branch_python_dop_operator_3.py for tasks to queue
[2024-02-23T16:45:11.229+0000] {logging_mixin.py:188} INFO - [2024-02-23T16:45:11.229+0000] {dagbag.py:538} INFO - Filling up the DagBag from /home/airflow/.local/lib/python3.8/site-packages/airflow/example_dags/example_branch_python_dop_operator_3.py
[2024-02-23T16:45:11.245+0000] {processor.py:840} INFO - DAG(s) 'example_branch_dop_operator_v3' retrieved from /home/airflow/.local/lib/python3.8/site-packages/airflow/example_dags/example_branch_python_dop_operator_3.py
[2024-02-23T16:45:11.282+0000] {logging_mixin.py:188} INFO - [2024-02-23T16:45:11.281+0000] {dag.py:3036} INFO - Sync 1 DAGs
[2024-02-23T16:45:11.340+0000] {logging_mixin.py:188} INFO - [2024-02-23T16:45:11.340+0000] {dag.py:3823} INFO - Setting next_dagrun for example_branch_dop_operator_v3 to 2024-02-23 16:44:00+00:00, run_after=2024-02-23 16:45:00+00:00
[2024-02-23T16:45:11.388+0000] {processor.py:183} INFO - Processing /home/airflow/.local/lib/python3.8/site-packages/airflow/example_dags/example_branch_python_dop_operator_3.py took 0.168 seconds
[2024-02-23T16:45:41.670+0000] {processor.py:161} INFO - Started process (PID=356) to work on /home/airflow/.local/lib/python3.8/site-packages/airflow/example_dags/example_branch_python_dop_operator_3.py
[2024-02-23T16:45:41.672+0000] {processor.py:830} INFO - Processing file /home/airflow/.local/lib/python3.8/site-packages/airflow/example_dags/example_branch_python_dop_operator_3.py for tasks to queue
[2024-02-23T16:45:41.674+0000] {logging_mixin.py:188} INFO - [2024-02-23T16:45:41.674+0000] {dagbag.py:538} INFO - Filling up the DagBag from /home/airflow/.local/lib/python3.8/site-packages/airflow/example_dags/example_branch_python_dop_operator_3.py
[2024-02-23T16:45:41.690+0000] {processor.py:840} INFO - DAG(s) 'example_branch_dop_operator_v3' retrieved from /home/airflow/.local/lib/python3.8/site-packages/airflow/example_dags/example_branch_python_dop_operator_3.py
[2024-02-23T16:45:41.722+0000] {logging_mixin.py:188} INFO - [2024-02-23T16:45:41.721+0000] {dag.py:3036} INFO - Sync 1 DAGs
[2024-02-23T16:45:41.776+0000] {logging_mixin.py:188} INFO - [2024-02-23T16:45:41.776+0000] {dag.py:3823} INFO - Setting next_dagrun for example_branch_dop_operator_v3 to 2024-02-23 16:44:00+00:00, run_after=2024-02-23 16:45:00+00:00
[2024-02-23T16:45:41.806+0000] {processor.py:183} INFO - Processing /home/airflow/.local/lib/python3.8/site-packages/airflow/example_dags/example_branch_python_dop_operator_3.py took 0.140 seconds
[2024-02-23T16:46:11.915+0000] {processor.py:161} INFO - Started process (PID=413) to work on /home/airflow/.local/lib/python3.8/site-packages/airflow/example_dags/example_branch_python_dop_operator_3.py
[2024-02-23T16:46:11.916+0000] {processor.py:830} INFO - Processing file /home/airflow/.local/lib/python3.8/site-packages/airflow/example_dags/example_branch_python_dop_operator_3.py for tasks to queue
[2024-02-23T16:46:11.919+0000] {logging_mixin.py:188} INFO - [2024-02-23T16:46:11.919+0000] {dagbag.py:538} INFO - Filling up the DagBag from /home/airflow/.local/lib/python3.8/site-packages/airflow/example_dags/example_branch_python_dop_operator_3.py
[2024-02-23T16:46:11.936+0000] {processor.py:840} INFO - DAG(s) 'example_branch_dop_operator_v3' retrieved from /home/airflow/.local/lib/python3.8/site-packages/airflow/example_dags/example_branch_python_dop_operator_3.py
[2024-02-23T16:46:11.973+0000] {logging_mixin.py:188} INFO - [2024-02-23T16:46:11.972+0000] {dag.py:3036} INFO - Sync 1 DAGs
[2024-02-23T16:46:12.030+0000] {logging_mixin.py:188} INFO - [2024-02-23T16:46:12.029+0000] {dag.py:3823} INFO - Setting next_dagrun for example_branch_dop_operator_v3 to 2024-02-23 16:45:00+00:00, run_after=2024-02-23 16:46:00+00:00
[2024-02-23T16:46:12.062+0000] {processor.py:183} INFO - Processing /home/airflow/.local/lib/python3.8/site-packages/airflow/example_dags/example_branch_python_dop_operator_3.py took 0.152 seconds
[2024-02-23T16:46:42.672+0000] {processor.py:161} INFO - Started process (PID=470) to work on /home/airflow/.local/lib/python3.8/site-packages/airflow/example_dags/example_branch_python_dop_operator_3.py
[2024-02-23T16:46:42.674+0000] {processor.py:830} INFO - Processing file /home/airflow/.local/lib/python3.8/site-packages/airflow/example_dags/example_branch_python_dop_operator_3.py for tasks to queue
[2024-02-23T16:46:42.677+0000] {logging_mixin.py:188} INFO - [2024-02-23T16:46:42.676+0000] {dagbag.py:538} INFO - Filling up the DagBag from /home/airflow/.local/lib/python3.8/site-packages/airflow/example_dags/example_branch_python_dop_operator_3.py
[2024-02-23T16:46:42.694+0000] {processor.py:840} INFO - DAG(s) 'example_branch_dop_operator_v3' retrieved from /home/airflow/.local/lib/python3.8/site-packages/airflow/example_dags/example_branch_python_dop_operator_3.py
[2024-02-23T16:46:42.734+0000] {logging_mixin.py:188} INFO - [2024-02-23T16:46:42.734+0000] {dag.py:3036} INFO - Sync 1 DAGs
[2024-02-23T16:46:42.795+0000] {logging_mixin.py:188} INFO - [2024-02-23T16:46:42.794+0000] {dag.py:3823} INFO - Setting next_dagrun for example_branch_dop_operator_v3 to 2024-02-23 16:45:00+00:00, run_after=2024-02-23 16:46:00+00:00
[2024-02-23T16:46:42.824+0000] {processor.py:183} INFO - Processing /home/airflow/.local/lib/python3.8/site-packages/airflow/example_dags/example_branch_python_dop_operator_3.py took 0.157 seconds
[2024-02-23T16:47:13.186+0000] {processor.py:161} INFO - Started process (PID=527) to work on /home/airflow/.local/lib/python3.8/site-packages/airflow/example_dags/example_branch_python_dop_operator_3.py
[2024-02-23T16:47:13.187+0000] {processor.py:830} INFO - Processing file /home/airflow/.local/lib/python3.8/site-packages/airflow/example_dags/example_branch_python_dop_operator_3.py for tasks to queue
[2024-02-23T16:47:13.191+0000] {logging_mixin.py:188} INFO - [2024-02-23T16:47:13.190+0000] {dagbag.py:538} INFO - Filling up the DagBag from /home/airflow/.local/lib/python3.8/site-packages/airflow/example_dags/example_branch_python_dop_operator_3.py
[2024-02-23T16:47:13.212+0000] {processor.py:840} INFO - DAG(s) 'example_branch_dop_operator_v3' retrieved from /home/airflow/.local/lib/python3.8/site-packages/airflow/example_dags/example_branch_python_dop_operator_3.py
[2024-02-23T16:47:13.251+0000] {logging_mixin.py:188} INFO - [2024-02-23T16:47:13.251+0000] {dag.py:3036} INFO - Sync 1 DAGs
[2024-02-23T16:47:13.325+0000] {logging_mixin.py:188} INFO - [2024-02-23T16:47:13.324+0000] {dag.py:3823} INFO - Setting next_dagrun for example_branch_dop_operator_v3 to 2024-02-23 16:46:00+00:00, run_after=2024-02-23 16:47:00+00:00
[2024-02-23T16:47:13.355+0000] {processor.py:183} INFO - Processing /home/airflow/.local/lib/python3.8/site-packages/airflow/example_dags/example_branch_python_dop_operator_3.py took 0.175 seconds
[2024-02-23T16:48:41.050+0000] {processor.py:161} INFO - Started process (PID=72) to work on /home/airflow/.local/lib/python3.8/site-packages/airflow/example_dags/example_branch_python_dop_operator_3.py
[2024-02-23T16:48:41.052+0000] {processor.py:830} INFO - Processing file /home/airflow/.local/lib/python3.8/site-packages/airflow/example_dags/example_branch_python_dop_operator_3.py for tasks to queue
[2024-02-23T16:48:41.056+0000] {logging_mixin.py:188} INFO - [2024-02-23T16:48:41.056+0000] {dagbag.py:538} INFO - Filling up the DagBag from /home/airflow/.local/lib/python3.8/site-packages/airflow/example_dags/example_branch_python_dop_operator_3.py
[2024-02-23T16:48:41.080+0000] {processor.py:840} INFO - DAG(s) 'example_branch_dop_operator_v3' retrieved from /home/airflow/.local/lib/python3.8/site-packages/airflow/example_dags/example_branch_python_dop_operator_3.py
[2024-02-23T16:48:41.298+0000] {logging_mixin.py:188} INFO - [2024-02-23T16:48:41.297+0000] {dag.py:3036} INFO - Sync 1 DAGs
[2024-02-23T16:48:41.355+0000] {logging_mixin.py:188} INFO - [2024-02-23T16:48:41.354+0000] {dag.py:3823} INFO - Setting next_dagrun for example_branch_dop_operator_v3 to 2024-02-23 16:47:00+00:00, run_after=2024-02-23 16:48:00+00:00
[2024-02-23T16:48:41.397+0000] {processor.py:183} INFO - Processing /home/airflow/.local/lib/python3.8/site-packages/airflow/example_dags/example_branch_python_dop_operator_3.py took 0.353 seconds
[2024-02-23T16:52:00.287+0000] {processor.py:161} INFO - Started process (PID=64) to work on /home/airflow/.local/lib/python3.8/site-packages/airflow/example_dags/example_branch_python_dop_operator_3.py
[2024-02-23T16:52:00.289+0000] {processor.py:830} INFO - Processing file /home/airflow/.local/lib/python3.8/site-packages/airflow/example_dags/example_branch_python_dop_operator_3.py for tasks to queue
[2024-02-23T16:52:00.292+0000] {logging_mixin.py:188} INFO - [2024-02-23T16:52:00.291+0000] {dagbag.py:538} INFO - Filling up the DagBag from /home/airflow/.local/lib/python3.8/site-packages/airflow/example_dags/example_branch_python_dop_operator_3.py
[2024-02-23T16:52:00.313+0000] {processor.py:840} INFO - DAG(s) 'example_branch_dop_operator_v3' retrieved from /home/airflow/.local/lib/python3.8/site-packages/airflow/example_dags/example_branch_python_dop_operator_3.py
[2024-02-23T16:52:00.596+0000] {logging_mixin.py:188} INFO - [2024-02-23T16:52:00.595+0000] {dag.py:3036} INFO - Sync 1 DAGs
[2024-02-23T16:52:00.670+0000] {logging_mixin.py:188} INFO - [2024-02-23T16:52:00.670+0000] {dag.py:3823} INFO - Setting next_dagrun for example_branch_dop_operator_v3 to 2024-02-23 16:51:00+00:00, run_after=2024-02-23 16:52:00+00:00
[2024-02-23T16:52:00.800+0000] {processor.py:183} INFO - Processing /home/airflow/.local/lib/python3.8/site-packages/airflow/example_dags/example_branch_python_dop_operator_3.py took 0.519 seconds
[2024-02-23T16:52:31.112+0000] {processor.py:161} INFO - Started process (PID=122) to work on /home/airflow/.local/lib/python3.8/site-packages/airflow/example_dags/example_branch_python_dop_operator_3.py
[2024-02-23T16:52:31.113+0000] {processor.py:830} INFO - Processing file /home/airflow/.local/lib/python3.8/site-packages/airflow/example_dags/example_branch_python_dop_operator_3.py for tasks to queue
[2024-02-23T16:52:31.116+0000] {logging_mixin.py:188} INFO - [2024-02-23T16:52:31.115+0000] {dagbag.py:538} INFO - Filling up the DagBag from /home/airflow/.local/lib/python3.8/site-packages/airflow/example_dags/example_branch_python_dop_operator_3.py
[2024-02-23T16:52:31.132+0000] {processor.py:840} INFO - DAG(s) 'example_branch_dop_operator_v3' retrieved from /home/airflow/.local/lib/python3.8/site-packages/airflow/example_dags/example_branch_python_dop_operator_3.py
[2024-02-23T16:52:31.165+0000] {logging_mixin.py:188} INFO - [2024-02-23T16:52:31.165+0000] {dag.py:3036} INFO - Sync 1 DAGs
[2024-02-23T16:52:31.219+0000] {logging_mixin.py:188} INFO - [2024-02-23T16:52:31.218+0000] {dag.py:3823} INFO - Setting next_dagrun for example_branch_dop_operator_v3 to 2024-02-23 16:51:00+00:00, run_after=2024-02-23 16:52:00+00:00
[2024-02-23T16:52:31.247+0000] {processor.py:183} INFO - Processing /home/airflow/.local/lib/python3.8/site-packages/airflow/example_dags/example_branch_python_dop_operator_3.py took 0.141 seconds
[2024-02-23T16:53:01.809+0000] {processor.py:161} INFO - Started process (PID=186) to work on /home/airflow/.local/lib/python3.8/site-packages/airflow/example_dags/example_branch_python_dop_operator_3.py
[2024-02-23T16:53:01.810+0000] {processor.py:830} INFO - Processing file /home/airflow/.local/lib/python3.8/site-packages/airflow/example_dags/example_branch_python_dop_operator_3.py for tasks to queue
[2024-02-23T16:53:01.813+0000] {logging_mixin.py:188} INFO - [2024-02-23T16:53:01.812+0000] {dagbag.py:538} INFO - Filling up the DagBag from /home/airflow/.local/lib/python3.8/site-packages/airflow/example_dags/example_branch_python_dop_operator_3.py
[2024-02-23T16:53:01.845+0000] {processor.py:840} INFO - DAG(s) 'example_branch_dop_operator_v3' retrieved from /home/airflow/.local/lib/python3.8/site-packages/airflow/example_dags/example_branch_python_dop_operator_3.py
[2024-02-23T16:53:01.877+0000] {logging_mixin.py:188} INFO - [2024-02-23T16:53:01.876+0000] {dag.py:3036} INFO - Sync 1 DAGs
[2024-02-23T16:53:01.935+0000] {logging_mixin.py:188} INFO - [2024-02-23T16:53:01.934+0000] {dag.py:3823} INFO - Setting next_dagrun for example_branch_dop_operator_v3 to 2024-02-23 16:52:00+00:00, run_after=2024-02-23 16:53:00+00:00
[2024-02-23T16:53:01.969+0000] {processor.py:183} INFO - Processing /home/airflow/.local/lib/python3.8/site-packages/airflow/example_dags/example_branch_python_dop_operator_3.py took 0.165 seconds
