[2024-02-23T16:33:18.147+0000] {processor.py:161} INFO - Started process (PID=65) to work on /home/airflow/.local/lib/python3.8/site-packages/airflow/example_dags/example_short_circuit_operator.py
[2024-02-23T16:33:18.148+0000] {processor.py:830} INFO - Processing file /home/airflow/.local/lib/python3.8/site-packages/airflow/example_dags/example_short_circuit_operator.py for tasks to queue
[2024-02-23T16:33:18.151+0000] {logging_mixin.py:188} INFO - [2024-02-23T16:33:18.151+0000] {dagbag.py:538} INFO - Filling up the DagBag from /home/airflow/.local/lib/python3.8/site-packages/airflow/example_dags/example_short_circuit_operator.py
[2024-02-23T16:33:18.171+0000] {processor.py:840} INFO - DAG(s) 'example_short_circuit_operator' retrieved from /home/airflow/.local/lib/python3.8/site-packages/airflow/example_dags/example_short_circuit_operator.py
[2024-02-23T16:33:18.395+0000] {logging_mixin.py:188} INFO - [2024-02-23T16:33:18.395+0000] {dag.py:3036} INFO - Sync 1 DAGs
[2024-02-23T16:33:18.434+0000] {logging_mixin.py:188} INFO - [2024-02-23T16:33:18.434+0000] {dag.py:3823} INFO - Setting next_dagrun for example_short_circuit_operator to 2024-02-22 00:00:00+00:00, run_after=2024-02-23 00:00:00+00:00
[2024-02-23T16:33:18.466+0000] {processor.py:183} INFO - Processing /home/airflow/.local/lib/python3.8/site-packages/airflow/example_dags/example_short_circuit_operator.py took 0.324 seconds
[2024-02-23T16:33:48.676+0000] {processor.py:161} INFO - Started process (PID=122) to work on /home/airflow/.local/lib/python3.8/site-packages/airflow/example_dags/example_short_circuit_operator.py
[2024-02-23T16:33:48.677+0000] {processor.py:830} INFO - Processing file /home/airflow/.local/lib/python3.8/site-packages/airflow/example_dags/example_short_circuit_operator.py for tasks to queue
[2024-02-23T16:33:48.681+0000] {logging_mixin.py:188} INFO - [2024-02-23T16:33:48.680+0000] {dagbag.py:538} INFO - Filling up the DagBag from /home/airflow/.local/lib/python3.8/site-packages/airflow/example_dags/example_short_circuit_operator.py
[2024-02-23T16:33:48.698+0000] {processor.py:840} INFO - DAG(s) 'example_short_circuit_operator' retrieved from /home/airflow/.local/lib/python3.8/site-packages/airflow/example_dags/example_short_circuit_operator.py
[2024-02-23T16:33:48.747+0000] {logging_mixin.py:188} INFO - [2024-02-23T16:33:48.747+0000] {dag.py:3036} INFO - Sync 1 DAGs
[2024-02-23T16:33:48.791+0000] {logging_mixin.py:188} INFO - [2024-02-23T16:33:48.791+0000] {dag.py:3823} INFO - Setting next_dagrun for example_short_circuit_operator to 2024-02-22 00:00:00+00:00, run_after=2024-02-23 00:00:00+00:00
[2024-02-23T16:33:48.823+0000] {processor.py:183} INFO - Processing /home/airflow/.local/lib/python3.8/site-packages/airflow/example_dags/example_short_circuit_operator.py took 0.152 seconds
[2024-02-23T16:34:19.499+0000] {processor.py:161} INFO - Started process (PID=179) to work on /home/airflow/.local/lib/python3.8/site-packages/airflow/example_dags/example_short_circuit_operator.py
[2024-02-23T16:34:19.506+0000] {processor.py:830} INFO - Processing file /home/airflow/.local/lib/python3.8/site-packages/airflow/example_dags/example_short_circuit_operator.py for tasks to queue
[2024-02-23T16:34:19.508+0000] {logging_mixin.py:188} INFO - [2024-02-23T16:34:19.508+0000] {dagbag.py:538} INFO - Filling up the DagBag from /home/airflow/.local/lib/python3.8/site-packages/airflow/example_dags/example_short_circuit_operator.py
[2024-02-23T16:34:19.521+0000] {processor.py:840} INFO - DAG(s) 'example_short_circuit_operator' retrieved from /home/airflow/.local/lib/python3.8/site-packages/airflow/example_dags/example_short_circuit_operator.py
[2024-02-23T16:34:19.561+0000] {logging_mixin.py:188} INFO - [2024-02-23T16:34:19.561+0000] {dag.py:3036} INFO - Sync 1 DAGs
[2024-02-23T16:34:19.602+0000] {logging_mixin.py:188} INFO - [2024-02-23T16:34:19.601+0000] {dag.py:3823} INFO - Setting next_dagrun for example_short_circuit_operator to 2024-02-22 00:00:00+00:00, run_after=2024-02-23 00:00:00+00:00
[2024-02-23T16:34:19.633+0000] {processor.py:183} INFO - Processing /home/airflow/.local/lib/python3.8/site-packages/airflow/example_dags/example_short_circuit_operator.py took 0.139 seconds
[2024-02-23T16:34:49.807+0000] {processor.py:161} INFO - Started process (PID=236) to work on /home/airflow/.local/lib/python3.8/site-packages/airflow/example_dags/example_short_circuit_operator.py
[2024-02-23T16:34:49.808+0000] {processor.py:830} INFO - Processing file /home/airflow/.local/lib/python3.8/site-packages/airflow/example_dags/example_short_circuit_operator.py for tasks to queue
[2024-02-23T16:34:49.811+0000] {logging_mixin.py:188} INFO - [2024-02-23T16:34:49.811+0000] {dagbag.py:538} INFO - Filling up the DagBag from /home/airflow/.local/lib/python3.8/site-packages/airflow/example_dags/example_short_circuit_operator.py
[2024-02-23T16:34:49.826+0000] {processor.py:840} INFO - DAG(s) 'example_short_circuit_operator' retrieved from /home/airflow/.local/lib/python3.8/site-packages/airflow/example_dags/example_short_circuit_operator.py
[2024-02-23T16:34:49.878+0000] {logging_mixin.py:188} INFO - [2024-02-23T16:34:49.877+0000] {dag.py:3036} INFO - Sync 1 DAGs
[2024-02-23T16:34:49.934+0000] {logging_mixin.py:188} INFO - [2024-02-23T16:34:49.933+0000] {dag.py:3823} INFO - Setting next_dagrun for example_short_circuit_operator to 2024-02-22 00:00:00+00:00, run_after=2024-02-23 00:00:00+00:00
[2024-02-23T16:34:49.986+0000] {processor.py:183} INFO - Processing /home/airflow/.local/lib/python3.8/site-packages/airflow/example_dags/example_short_circuit_operator.py took 0.184 seconds
[2024-02-23T16:35:20.682+0000] {processor.py:161} INFO - Started process (PID=293) to work on /home/airflow/.local/lib/python3.8/site-packages/airflow/example_dags/example_short_circuit_operator.py
[2024-02-23T16:35:20.683+0000] {processor.py:830} INFO - Processing file /home/airflow/.local/lib/python3.8/site-packages/airflow/example_dags/example_short_circuit_operator.py for tasks to queue
[2024-02-23T16:35:20.686+0000] {logging_mixin.py:188} INFO - [2024-02-23T16:35:20.685+0000] {dagbag.py:538} INFO - Filling up the DagBag from /home/airflow/.local/lib/python3.8/site-packages/airflow/example_dags/example_short_circuit_operator.py
[2024-02-23T16:35:20.699+0000] {processor.py:840} INFO - DAG(s) 'example_short_circuit_operator' retrieved from /home/airflow/.local/lib/python3.8/site-packages/airflow/example_dags/example_short_circuit_operator.py
[2024-02-23T16:35:20.751+0000] {logging_mixin.py:188} INFO - [2024-02-23T16:35:20.751+0000] {dag.py:3036} INFO - Sync 1 DAGs
[2024-02-23T16:35:20.797+0000] {logging_mixin.py:188} INFO - [2024-02-23T16:35:20.797+0000] {dag.py:3823} INFO - Setting next_dagrun for example_short_circuit_operator to 2024-02-22 00:00:00+00:00, run_after=2024-02-23 00:00:00+00:00
[2024-02-23T16:35:20.825+0000] {processor.py:183} INFO - Processing /home/airflow/.local/lib/python3.8/site-packages/airflow/example_dags/example_short_circuit_operator.py took 0.148 seconds
[2024-02-23T16:35:50.901+0000] {processor.py:161} INFO - Started process (PID=351) to work on /home/airflow/.local/lib/python3.8/site-packages/airflow/example_dags/example_short_circuit_operator.py
[2024-02-23T16:35:50.903+0000] {processor.py:830} INFO - Processing file /home/airflow/.local/lib/python3.8/site-packages/airflow/example_dags/example_short_circuit_operator.py for tasks to queue
[2024-02-23T16:35:50.906+0000] {logging_mixin.py:188} INFO - [2024-02-23T16:35:50.905+0000] {dagbag.py:538} INFO - Filling up the DagBag from /home/airflow/.local/lib/python3.8/site-packages/airflow/example_dags/example_short_circuit_operator.py
[2024-02-23T16:35:50.919+0000] {processor.py:840} INFO - DAG(s) 'example_short_circuit_operator' retrieved from /home/airflow/.local/lib/python3.8/site-packages/airflow/example_dags/example_short_circuit_operator.py
[2024-02-23T16:35:50.956+0000] {logging_mixin.py:188} INFO - [2024-02-23T16:35:50.956+0000] {dag.py:3036} INFO - Sync 1 DAGs
[2024-02-23T16:35:50.992+0000] {logging_mixin.py:188} INFO - [2024-02-23T16:35:50.992+0000] {dag.py:3823} INFO - Setting next_dagrun for example_short_circuit_operator to 2024-02-22 00:00:00+00:00, run_after=2024-02-23 00:00:00+00:00
[2024-02-23T16:35:51.024+0000] {processor.py:183} INFO - Processing /home/airflow/.local/lib/python3.8/site-packages/airflow/example_dags/example_short_circuit_operator.py took 0.129 seconds
[2024-02-23T16:36:21.525+0000] {processor.py:161} INFO - Started process (PID=408) to work on /home/airflow/.local/lib/python3.8/site-packages/airflow/example_dags/example_short_circuit_operator.py
[2024-02-23T16:36:21.526+0000] {processor.py:830} INFO - Processing file /home/airflow/.local/lib/python3.8/site-packages/airflow/example_dags/example_short_circuit_operator.py for tasks to queue
[2024-02-23T16:36:21.530+0000] {logging_mixin.py:188} INFO - [2024-02-23T16:36:21.529+0000] {dagbag.py:538} INFO - Filling up the DagBag from /home/airflow/.local/lib/python3.8/site-packages/airflow/example_dags/example_short_circuit_operator.py
[2024-02-23T16:36:21.550+0000] {processor.py:840} INFO - DAG(s) 'example_short_circuit_operator' retrieved from /home/airflow/.local/lib/python3.8/site-packages/airflow/example_dags/example_short_circuit_operator.py
[2024-02-23T16:36:21.602+0000] {logging_mixin.py:188} INFO - [2024-02-23T16:36:21.601+0000] {dag.py:3036} INFO - Sync 1 DAGs
[2024-02-23T16:36:21.653+0000] {logging_mixin.py:188} INFO - [2024-02-23T16:36:21.653+0000] {dag.py:3823} INFO - Setting next_dagrun for example_short_circuit_operator to 2024-02-22 00:00:00+00:00, run_after=2024-02-23 00:00:00+00:00
[2024-02-23T16:36:21.695+0000] {processor.py:183} INFO - Processing /home/airflow/.local/lib/python3.8/site-packages/airflow/example_dags/example_short_circuit_operator.py took 0.176 seconds
[2024-02-23T16:36:52.263+0000] {processor.py:161} INFO - Started process (PID=465) to work on /home/airflow/.local/lib/python3.8/site-packages/airflow/example_dags/example_short_circuit_operator.py
[2024-02-23T16:36:52.264+0000] {processor.py:830} INFO - Processing file /home/airflow/.local/lib/python3.8/site-packages/airflow/example_dags/example_short_circuit_operator.py for tasks to queue
[2024-02-23T16:36:52.268+0000] {logging_mixin.py:188} INFO - [2024-02-23T16:36:52.267+0000] {dagbag.py:538} INFO - Filling up the DagBag from /home/airflow/.local/lib/python3.8/site-packages/airflow/example_dags/example_short_circuit_operator.py
[2024-02-23T16:36:52.285+0000] {processor.py:840} INFO - DAG(s) 'example_short_circuit_operator' retrieved from /home/airflow/.local/lib/python3.8/site-packages/airflow/example_dags/example_short_circuit_operator.py
[2024-02-23T16:36:52.338+0000] {logging_mixin.py:188} INFO - [2024-02-23T16:36:52.337+0000] {dag.py:3036} INFO - Sync 1 DAGs
[2024-02-23T16:36:52.391+0000] {logging_mixin.py:188} INFO - [2024-02-23T16:36:52.390+0000] {dag.py:3823} INFO - Setting next_dagrun for example_short_circuit_operator to 2024-02-22 00:00:00+00:00, run_after=2024-02-23 00:00:00+00:00
[2024-02-23T16:36:52.432+0000] {processor.py:183} INFO - Processing /home/airflow/.local/lib/python3.8/site-packages/airflow/example_dags/example_short_circuit_operator.py took 0.175 seconds
[2024-02-23T16:37:22.693+0000] {processor.py:161} INFO - Started process (PID=522) to work on /home/airflow/.local/lib/python3.8/site-packages/airflow/example_dags/example_short_circuit_operator.py
[2024-02-23T16:37:22.695+0000] {processor.py:830} INFO - Processing file /home/airflow/.local/lib/python3.8/site-packages/airflow/example_dags/example_short_circuit_operator.py for tasks to queue
[2024-02-23T16:37:22.698+0000] {logging_mixin.py:188} INFO - [2024-02-23T16:37:22.698+0000] {dagbag.py:538} INFO - Filling up the DagBag from /home/airflow/.local/lib/python3.8/site-packages/airflow/example_dags/example_short_circuit_operator.py
[2024-02-23T16:37:22.715+0000] {processor.py:840} INFO - DAG(s) 'example_short_circuit_operator' retrieved from /home/airflow/.local/lib/python3.8/site-packages/airflow/example_dags/example_short_circuit_operator.py
[2024-02-23T16:37:22.767+0000] {logging_mixin.py:188} INFO - [2024-02-23T16:37:22.767+0000] {dag.py:3036} INFO - Sync 1 DAGs
[2024-02-23T16:37:22.811+0000] {logging_mixin.py:188} INFO - [2024-02-23T16:37:22.810+0000] {dag.py:3823} INFO - Setting next_dagrun for example_short_circuit_operator to 2024-02-22 00:00:00+00:00, run_after=2024-02-23 00:00:00+00:00
[2024-02-23T16:37:22.846+0000] {processor.py:183} INFO - Processing /home/airflow/.local/lib/python3.8/site-packages/airflow/example_dags/example_short_circuit_operator.py took 0.159 seconds
[2024-02-23T16:37:53.193+0000] {processor.py:161} INFO - Started process (PID=579) to work on /home/airflow/.local/lib/python3.8/site-packages/airflow/example_dags/example_short_circuit_operator.py
[2024-02-23T16:37:53.194+0000] {processor.py:830} INFO - Processing file /home/airflow/.local/lib/python3.8/site-packages/airflow/example_dags/example_short_circuit_operator.py for tasks to queue
[2024-02-23T16:37:53.197+0000] {logging_mixin.py:188} INFO - [2024-02-23T16:37:53.196+0000] {dagbag.py:538} INFO - Filling up the DagBag from /home/airflow/.local/lib/python3.8/site-packages/airflow/example_dags/example_short_circuit_operator.py
[2024-02-23T16:37:53.211+0000] {processor.py:840} INFO - DAG(s) 'example_short_circuit_operator' retrieved from /home/airflow/.local/lib/python3.8/site-packages/airflow/example_dags/example_short_circuit_operator.py
[2024-02-23T16:37:53.256+0000] {logging_mixin.py:188} INFO - [2024-02-23T16:37:53.256+0000] {dag.py:3036} INFO - Sync 1 DAGs
[2024-02-23T16:37:53.298+0000] {logging_mixin.py:188} INFO - [2024-02-23T16:37:53.298+0000] {dag.py:3823} INFO - Setting next_dagrun for example_short_circuit_operator to 2024-02-22 00:00:00+00:00, run_after=2024-02-23 00:00:00+00:00
[2024-02-23T16:37:53.333+0000] {processor.py:183} INFO - Processing /home/airflow/.local/lib/python3.8/site-packages/airflow/example_dags/example_short_circuit_operator.py took 0.148 seconds
[2024-02-23T16:38:24.078+0000] {processor.py:161} INFO - Started process (PID=636) to work on /home/airflow/.local/lib/python3.8/site-packages/airflow/example_dags/example_short_circuit_operator.py
[2024-02-23T16:38:24.079+0000] {processor.py:830} INFO - Processing file /home/airflow/.local/lib/python3.8/site-packages/airflow/example_dags/example_short_circuit_operator.py for tasks to queue
[2024-02-23T16:38:24.083+0000] {logging_mixin.py:188} INFO - [2024-02-23T16:38:24.082+0000] {dagbag.py:538} INFO - Filling up the DagBag from /home/airflow/.local/lib/python3.8/site-packages/airflow/example_dags/example_short_circuit_operator.py
[2024-02-23T16:38:24.098+0000] {processor.py:840} INFO - DAG(s) 'example_short_circuit_operator' retrieved from /home/airflow/.local/lib/python3.8/site-packages/airflow/example_dags/example_short_circuit_operator.py
[2024-02-23T16:38:24.140+0000] {logging_mixin.py:188} INFO - [2024-02-23T16:38:24.140+0000] {dag.py:3036} INFO - Sync 1 DAGs
[2024-02-23T16:38:24.183+0000] {logging_mixin.py:188} INFO - [2024-02-23T16:38:24.183+0000] {dag.py:3823} INFO - Setting next_dagrun for example_short_circuit_operator to 2024-02-22 00:00:00+00:00, run_after=2024-02-23 00:00:00+00:00
[2024-02-23T16:38:24.225+0000] {processor.py:183} INFO - Processing /home/airflow/.local/lib/python3.8/site-packages/airflow/example_dags/example_short_circuit_operator.py took 0.156 seconds
[2024-02-23T16:38:54.585+0000] {processor.py:161} INFO - Started process (PID=692) to work on /home/airflow/.local/lib/python3.8/site-packages/airflow/example_dags/example_short_circuit_operator.py
[2024-02-23T16:38:54.587+0000] {processor.py:830} INFO - Processing file /home/airflow/.local/lib/python3.8/site-packages/airflow/example_dags/example_short_circuit_operator.py for tasks to queue
[2024-02-23T16:38:54.590+0000] {logging_mixin.py:188} INFO - [2024-02-23T16:38:54.589+0000] {dagbag.py:538} INFO - Filling up the DagBag from /home/airflow/.local/lib/python3.8/site-packages/airflow/example_dags/example_short_circuit_operator.py
[2024-02-23T16:38:54.607+0000] {processor.py:840} INFO - DAG(s) 'example_short_circuit_operator' retrieved from /home/airflow/.local/lib/python3.8/site-packages/airflow/example_dags/example_short_circuit_operator.py
[2024-02-23T16:38:54.655+0000] {logging_mixin.py:188} INFO - [2024-02-23T16:38:54.655+0000] {dag.py:3036} INFO - Sync 1 DAGs
[2024-02-23T16:38:54.705+0000] {logging_mixin.py:188} INFO - [2024-02-23T16:38:54.704+0000] {dag.py:3823} INFO - Setting next_dagrun for example_short_circuit_operator to 2024-02-22 00:00:00+00:00, run_after=2024-02-23 00:00:00+00:00
[2024-02-23T16:38:54.746+0000] {processor.py:183} INFO - Processing /home/airflow/.local/lib/python3.8/site-packages/airflow/example_dags/example_short_circuit_operator.py took 0.166 seconds
[2024-02-23T16:39:24.968+0000] {processor.py:161} INFO - Started process (PID=749) to work on /home/airflow/.local/lib/python3.8/site-packages/airflow/example_dags/example_short_circuit_operator.py
[2024-02-23T16:39:24.970+0000] {processor.py:830} INFO - Processing file /home/airflow/.local/lib/python3.8/site-packages/airflow/example_dags/example_short_circuit_operator.py for tasks to queue
[2024-02-23T16:39:24.972+0000] {logging_mixin.py:188} INFO - [2024-02-23T16:39:24.972+0000] {dagbag.py:538} INFO - Filling up the DagBag from /home/airflow/.local/lib/python3.8/site-packages/airflow/example_dags/example_short_circuit_operator.py
[2024-02-23T16:39:24.988+0000] {processor.py:840} INFO - DAG(s) 'example_short_circuit_operator' retrieved from /home/airflow/.local/lib/python3.8/site-packages/airflow/example_dags/example_short_circuit_operator.py
[2024-02-23T16:39:25.041+0000] {logging_mixin.py:188} INFO - [2024-02-23T16:39:25.040+0000] {dag.py:3036} INFO - Sync 1 DAGs
[2024-02-23T16:39:25.096+0000] {logging_mixin.py:188} INFO - [2024-02-23T16:39:25.095+0000] {dag.py:3823} INFO - Setting next_dagrun for example_short_circuit_operator to 2024-02-22 00:00:00+00:00, run_after=2024-02-23 00:00:00+00:00
[2024-02-23T16:39:25.132+0000] {processor.py:183} INFO - Processing /home/airflow/.local/lib/python3.8/site-packages/airflow/example_dags/example_short_circuit_operator.py took 0.170 seconds
[2024-02-23T16:39:55.889+0000] {processor.py:161} INFO - Started process (PID=806) to work on /home/airflow/.local/lib/python3.8/site-packages/airflow/example_dags/example_short_circuit_operator.py
[2024-02-23T16:39:55.891+0000] {processor.py:830} INFO - Processing file /home/airflow/.local/lib/python3.8/site-packages/airflow/example_dags/example_short_circuit_operator.py for tasks to queue
[2024-02-23T16:39:55.894+0000] {logging_mixin.py:188} INFO - [2024-02-23T16:39:55.894+0000] {dagbag.py:538} INFO - Filling up the DagBag from /home/airflow/.local/lib/python3.8/site-packages/airflow/example_dags/example_short_circuit_operator.py
[2024-02-23T16:39:55.911+0000] {processor.py:840} INFO - DAG(s) 'example_short_circuit_operator' retrieved from /home/airflow/.local/lib/python3.8/site-packages/airflow/example_dags/example_short_circuit_operator.py
[2024-02-23T16:39:55.956+0000] {logging_mixin.py:188} INFO - [2024-02-23T16:39:55.955+0000] {dag.py:3036} INFO - Sync 1 DAGs
[2024-02-23T16:39:56.003+0000] {logging_mixin.py:188} INFO - [2024-02-23T16:39:56.002+0000] {dag.py:3823} INFO - Setting next_dagrun for example_short_circuit_operator to 2024-02-22 00:00:00+00:00, run_after=2024-02-23 00:00:00+00:00
[2024-02-23T16:39:56.042+0000] {processor.py:183} INFO - Processing /home/airflow/.local/lib/python3.8/site-packages/airflow/example_dags/example_short_circuit_operator.py took 0.159 seconds
[2024-02-23T16:40:27.173+0000] {processor.py:161} INFO - Started process (PID=863) to work on /home/airflow/.local/lib/python3.8/site-packages/airflow/example_dags/example_short_circuit_operator.py
[2024-02-23T16:40:27.175+0000] {processor.py:830} INFO - Processing file /home/airflow/.local/lib/python3.8/site-packages/airflow/example_dags/example_short_circuit_operator.py for tasks to queue
[2024-02-23T16:40:27.178+0000] {logging_mixin.py:188} INFO - [2024-02-23T16:40:27.178+0000] {dagbag.py:538} INFO - Filling up the DagBag from /home/airflow/.local/lib/python3.8/site-packages/airflow/example_dags/example_short_circuit_operator.py
[2024-02-23T16:40:27.197+0000] {processor.py:840} INFO - DAG(s) 'example_short_circuit_operator' retrieved from /home/airflow/.local/lib/python3.8/site-packages/airflow/example_dags/example_short_circuit_operator.py
[2024-02-23T16:40:27.251+0000] {logging_mixin.py:188} INFO - [2024-02-23T16:40:27.250+0000] {dag.py:3036} INFO - Sync 1 DAGs
[2024-02-23T16:40:27.295+0000] {logging_mixin.py:188} INFO - [2024-02-23T16:40:27.295+0000] {dag.py:3823} INFO - Setting next_dagrun for example_short_circuit_operator to 2024-02-22 00:00:00+00:00, run_after=2024-02-23 00:00:00+00:00
[2024-02-23T16:40:27.339+0000] {processor.py:183} INFO - Processing /home/airflow/.local/lib/python3.8/site-packages/airflow/example_dags/example_short_circuit_operator.py took 0.173 seconds
[2024-02-23T16:40:58.207+0000] {processor.py:161} INFO - Started process (PID=921) to work on /home/airflow/.local/lib/python3.8/site-packages/airflow/example_dags/example_short_circuit_operator.py
[2024-02-23T16:40:58.209+0000] {processor.py:830} INFO - Processing file /home/airflow/.local/lib/python3.8/site-packages/airflow/example_dags/example_short_circuit_operator.py for tasks to queue
[2024-02-23T16:40:58.211+0000] {logging_mixin.py:188} INFO - [2024-02-23T16:40:58.211+0000] {dagbag.py:538} INFO - Filling up the DagBag from /home/airflow/.local/lib/python3.8/site-packages/airflow/example_dags/example_short_circuit_operator.py
[2024-02-23T16:40:58.225+0000] {processor.py:840} INFO - DAG(s) 'example_short_circuit_operator' retrieved from /home/airflow/.local/lib/python3.8/site-packages/airflow/example_dags/example_short_circuit_operator.py
[2024-02-23T16:40:58.269+0000] {logging_mixin.py:188} INFO - [2024-02-23T16:40:58.269+0000] {dag.py:3036} INFO - Sync 1 DAGs
[2024-02-23T16:40:58.312+0000] {logging_mixin.py:188} INFO - [2024-02-23T16:40:58.312+0000] {dag.py:3823} INFO - Setting next_dagrun for example_short_circuit_operator to 2024-02-22 00:00:00+00:00, run_after=2024-02-23 00:00:00+00:00
[2024-02-23T16:40:58.344+0000] {processor.py:183} INFO - Processing /home/airflow/.local/lib/python3.8/site-packages/airflow/example_dags/example_short_circuit_operator.py took 0.142 seconds
[2024-02-23T16:41:29.230+0000] {processor.py:161} INFO - Started process (PID=978) to work on /home/airflow/.local/lib/python3.8/site-packages/airflow/example_dags/example_short_circuit_operator.py
[2024-02-23T16:41:29.232+0000] {processor.py:830} INFO - Processing file /home/airflow/.local/lib/python3.8/site-packages/airflow/example_dags/example_short_circuit_operator.py for tasks to queue
[2024-02-23T16:41:29.235+0000] {logging_mixin.py:188} INFO - [2024-02-23T16:41:29.234+0000] {dagbag.py:538} INFO - Filling up the DagBag from /home/airflow/.local/lib/python3.8/site-packages/airflow/example_dags/example_short_circuit_operator.py
[2024-02-23T16:41:29.249+0000] {processor.py:840} INFO - DAG(s) 'example_short_circuit_operator' retrieved from /home/airflow/.local/lib/python3.8/site-packages/airflow/example_dags/example_short_circuit_operator.py
[2024-02-23T16:41:29.295+0000] {logging_mixin.py:188} INFO - [2024-02-23T16:41:29.295+0000] {dag.py:3036} INFO - Sync 1 DAGs
[2024-02-23T16:41:29.340+0000] {logging_mixin.py:188} INFO - [2024-02-23T16:41:29.339+0000] {dag.py:3823} INFO - Setting next_dagrun for example_short_circuit_operator to 2024-02-22 00:00:00+00:00, run_after=2024-02-23 00:00:00+00:00
[2024-02-23T16:41:29.373+0000] {processor.py:183} INFO - Processing /home/airflow/.local/lib/python3.8/site-packages/airflow/example_dags/example_short_circuit_operator.py took 0.148 seconds
[2024-02-23T16:43:07.440+0000] {processor.py:161} INFO - Started process (PID=65) to work on /home/airflow/.local/lib/python3.8/site-packages/airflow/example_dags/example_short_circuit_operator.py
[2024-02-23T16:43:07.442+0000] {processor.py:830} INFO - Processing file /home/airflow/.local/lib/python3.8/site-packages/airflow/example_dags/example_short_circuit_operator.py for tasks to queue
[2024-02-23T16:43:07.446+0000] {logging_mixin.py:188} INFO - [2024-02-23T16:43:07.445+0000] {dagbag.py:538} INFO - Filling up the DagBag from /home/airflow/.local/lib/python3.8/site-packages/airflow/example_dags/example_short_circuit_operator.py
[2024-02-23T16:43:07.469+0000] {processor.py:840} INFO - DAG(s) 'example_short_circuit_operator' retrieved from /home/airflow/.local/lib/python3.8/site-packages/airflow/example_dags/example_short_circuit_operator.py
[2024-02-23T16:43:07.757+0000] {logging_mixin.py:188} INFO - [2024-02-23T16:43:07.757+0000] {dag.py:3036} INFO - Sync 1 DAGs
[2024-02-23T16:43:07.812+0000] {logging_mixin.py:188} INFO - [2024-02-23T16:43:07.812+0000] {dag.py:3823} INFO - Setting next_dagrun for example_short_circuit_operator to 2024-02-22 00:00:00+00:00, run_after=2024-02-23 00:00:00+00:00
[2024-02-23T16:43:07.860+0000] {processor.py:183} INFO - Processing /home/airflow/.local/lib/python3.8/site-packages/airflow/example_dags/example_short_circuit_operator.py took 0.427 seconds
[2024-02-23T16:43:38.279+0000] {processor.py:161} INFO - Started process (PID=122) to work on /home/airflow/.local/lib/python3.8/site-packages/airflow/example_dags/example_short_circuit_operator.py
[2024-02-23T16:43:38.281+0000] {processor.py:830} INFO - Processing file /home/airflow/.local/lib/python3.8/site-packages/airflow/example_dags/example_short_circuit_operator.py for tasks to queue
[2024-02-23T16:43:38.283+0000] {logging_mixin.py:188} INFO - [2024-02-23T16:43:38.283+0000] {dagbag.py:538} INFO - Filling up the DagBag from /home/airflow/.local/lib/python3.8/site-packages/airflow/example_dags/example_short_circuit_operator.py
[2024-02-23T16:43:38.299+0000] {processor.py:840} INFO - DAG(s) 'example_short_circuit_operator' retrieved from /home/airflow/.local/lib/python3.8/site-packages/airflow/example_dags/example_short_circuit_operator.py
[2024-02-23T16:43:38.344+0000] {logging_mixin.py:188} INFO - [2024-02-23T16:43:38.343+0000] {dag.py:3036} INFO - Sync 1 DAGs
[2024-02-23T16:43:38.393+0000] {logging_mixin.py:188} INFO - [2024-02-23T16:43:38.393+0000] {dag.py:3823} INFO - Setting next_dagrun for example_short_circuit_operator to 2024-02-22 00:00:00+00:00, run_after=2024-02-23 00:00:00+00:00
[2024-02-23T16:43:38.428+0000] {processor.py:183} INFO - Processing /home/airflow/.local/lib/python3.8/site-packages/airflow/example_dags/example_short_circuit_operator.py took 0.155 seconds
[2024-02-23T16:44:08.627+0000] {processor.py:161} INFO - Started process (PID=179) to work on /home/airflow/.local/lib/python3.8/site-packages/airflow/example_dags/example_short_circuit_operator.py
[2024-02-23T16:44:08.629+0000] {processor.py:830} INFO - Processing file /home/airflow/.local/lib/python3.8/site-packages/airflow/example_dags/example_short_circuit_operator.py for tasks to queue
[2024-02-23T16:44:08.631+0000] {logging_mixin.py:188} INFO - [2024-02-23T16:44:08.631+0000] {dagbag.py:538} INFO - Filling up the DagBag from /home/airflow/.local/lib/python3.8/site-packages/airflow/example_dags/example_short_circuit_operator.py
[2024-02-23T16:44:08.652+0000] {processor.py:840} INFO - DAG(s) 'example_short_circuit_operator' retrieved from /home/airflow/.local/lib/python3.8/site-packages/airflow/example_dags/example_short_circuit_operator.py
[2024-02-23T16:44:08.697+0000] {logging_mixin.py:188} INFO - [2024-02-23T16:44:08.697+0000] {dag.py:3036} INFO - Sync 1 DAGs
[2024-02-23T16:44:08.736+0000] {logging_mixin.py:188} INFO - [2024-02-23T16:44:08.736+0000] {dag.py:3823} INFO - Setting next_dagrun for example_short_circuit_operator to 2024-02-22 00:00:00+00:00, run_after=2024-02-23 00:00:00+00:00
[2024-02-23T16:44:08.765+0000] {processor.py:183} INFO - Processing /home/airflow/.local/lib/python3.8/site-packages/airflow/example_dags/example_short_circuit_operator.py took 0.146 seconds
[2024-02-23T16:44:39.050+0000] {processor.py:161} INFO - Started process (PID=236) to work on /home/airflow/.local/lib/python3.8/site-packages/airflow/example_dags/example_short_circuit_operator.py
[2024-02-23T16:44:39.051+0000] {processor.py:830} INFO - Processing file /home/airflow/.local/lib/python3.8/site-packages/airflow/example_dags/example_short_circuit_operator.py for tasks to queue
[2024-02-23T16:44:39.055+0000] {logging_mixin.py:188} INFO - [2024-02-23T16:44:39.054+0000] {dagbag.py:538} INFO - Filling up the DagBag from /home/airflow/.local/lib/python3.8/site-packages/airflow/example_dags/example_short_circuit_operator.py
[2024-02-23T16:44:39.070+0000] {processor.py:840} INFO - DAG(s) 'example_short_circuit_operator' retrieved from /home/airflow/.local/lib/python3.8/site-packages/airflow/example_dags/example_short_circuit_operator.py
[2024-02-23T16:44:39.118+0000] {logging_mixin.py:188} INFO - [2024-02-23T16:44:39.118+0000] {dag.py:3036} INFO - Sync 1 DAGs
[2024-02-23T16:44:39.160+0000] {logging_mixin.py:188} INFO - [2024-02-23T16:44:39.159+0000] {dag.py:3823} INFO - Setting next_dagrun for example_short_circuit_operator to 2024-02-22 00:00:00+00:00, run_after=2024-02-23 00:00:00+00:00
[2024-02-23T16:44:39.200+0000] {processor.py:183} INFO - Processing /home/airflow/.local/lib/python3.8/site-packages/airflow/example_dags/example_short_circuit_operator.py took 0.156 seconds
[2024-02-23T16:45:09.565+0000] {processor.py:161} INFO - Started process (PID=293) to work on /home/airflow/.local/lib/python3.8/site-packages/airflow/example_dags/example_short_circuit_operator.py
[2024-02-23T16:45:09.567+0000] {processor.py:830} INFO - Processing file /home/airflow/.local/lib/python3.8/site-packages/airflow/example_dags/example_short_circuit_operator.py for tasks to queue
[2024-02-23T16:45:09.569+0000] {logging_mixin.py:188} INFO - [2024-02-23T16:45:09.569+0000] {dagbag.py:538} INFO - Filling up the DagBag from /home/airflow/.local/lib/python3.8/site-packages/airflow/example_dags/example_short_circuit_operator.py
[2024-02-23T16:45:09.583+0000] {processor.py:840} INFO - DAG(s) 'example_short_circuit_operator' retrieved from /home/airflow/.local/lib/python3.8/site-packages/airflow/example_dags/example_short_circuit_operator.py
[2024-02-23T16:45:09.644+0000] {logging_mixin.py:188} INFO - [2024-02-23T16:45:09.643+0000] {dag.py:3036} INFO - Sync 1 DAGs
[2024-02-23T16:45:09.711+0000] {logging_mixin.py:188} INFO - [2024-02-23T16:45:09.711+0000] {dag.py:3823} INFO - Setting next_dagrun for example_short_circuit_operator to 2024-02-22 00:00:00+00:00, run_after=2024-02-23 00:00:00+00:00
[2024-02-23T16:45:09.753+0000] {processor.py:183} INFO - Processing /home/airflow/.local/lib/python3.8/site-packages/airflow/example_dags/example_short_circuit_operator.py took 0.193 seconds
[2024-02-23T16:45:39.816+0000] {processor.py:161} INFO - Started process (PID=349) to work on /home/airflow/.local/lib/python3.8/site-packages/airflow/example_dags/example_short_circuit_operator.py
[2024-02-23T16:45:39.818+0000] {processor.py:830} INFO - Processing file /home/airflow/.local/lib/python3.8/site-packages/airflow/example_dags/example_short_circuit_operator.py for tasks to queue
[2024-02-23T16:45:39.821+0000] {logging_mixin.py:188} INFO - [2024-02-23T16:45:39.821+0000] {dagbag.py:538} INFO - Filling up the DagBag from /home/airflow/.local/lib/python3.8/site-packages/airflow/example_dags/example_short_circuit_operator.py
[2024-02-23T16:45:39.837+0000] {processor.py:840} INFO - DAG(s) 'example_short_circuit_operator' retrieved from /home/airflow/.local/lib/python3.8/site-packages/airflow/example_dags/example_short_circuit_operator.py
[2024-02-23T16:45:39.882+0000] {logging_mixin.py:188} INFO - [2024-02-23T16:45:39.882+0000] {dag.py:3036} INFO - Sync 1 DAGs
[2024-02-23T16:45:39.923+0000] {logging_mixin.py:188} INFO - [2024-02-23T16:45:39.922+0000] {dag.py:3823} INFO - Setting next_dagrun for example_short_circuit_operator to 2024-02-22 00:00:00+00:00, run_after=2024-02-23 00:00:00+00:00
[2024-02-23T16:45:39.956+0000] {processor.py:183} INFO - Processing /home/airflow/.local/lib/python3.8/site-packages/airflow/example_dags/example_short_circuit_operator.py took 0.144 seconds
[2024-02-23T16:46:10.358+0000] {processor.py:161} INFO - Started process (PID=406) to work on /home/airflow/.local/lib/python3.8/site-packages/airflow/example_dags/example_short_circuit_operator.py
[2024-02-23T16:46:10.360+0000] {processor.py:830} INFO - Processing file /home/airflow/.local/lib/python3.8/site-packages/airflow/example_dags/example_short_circuit_operator.py for tasks to queue
[2024-02-23T16:46:10.363+0000] {logging_mixin.py:188} INFO - [2024-02-23T16:46:10.362+0000] {dagbag.py:538} INFO - Filling up the DagBag from /home/airflow/.local/lib/python3.8/site-packages/airflow/example_dags/example_short_circuit_operator.py
[2024-02-23T16:46:10.379+0000] {processor.py:840} INFO - DAG(s) 'example_short_circuit_operator' retrieved from /home/airflow/.local/lib/python3.8/site-packages/airflow/example_dags/example_short_circuit_operator.py
[2024-02-23T16:46:10.426+0000] {logging_mixin.py:188} INFO - [2024-02-23T16:46:10.425+0000] {dag.py:3036} INFO - Sync 1 DAGs
[2024-02-23T16:46:10.468+0000] {logging_mixin.py:188} INFO - [2024-02-23T16:46:10.468+0000] {dag.py:3823} INFO - Setting next_dagrun for example_short_circuit_operator to 2024-02-22 00:00:00+00:00, run_after=2024-02-23 00:00:00+00:00
[2024-02-23T16:46:10.499+0000] {processor.py:183} INFO - Processing /home/airflow/.local/lib/python3.8/site-packages/airflow/example_dags/example_short_circuit_operator.py took 0.147 seconds
[2024-02-23T16:46:40.982+0000] {processor.py:161} INFO - Started process (PID=463) to work on /home/airflow/.local/lib/python3.8/site-packages/airflow/example_dags/example_short_circuit_operator.py
[2024-02-23T16:46:40.984+0000] {processor.py:830} INFO - Processing file /home/airflow/.local/lib/python3.8/site-packages/airflow/example_dags/example_short_circuit_operator.py for tasks to queue
[2024-02-23T16:46:40.987+0000] {logging_mixin.py:188} INFO - [2024-02-23T16:46:40.987+0000] {dagbag.py:538} INFO - Filling up the DagBag from /home/airflow/.local/lib/python3.8/site-packages/airflow/example_dags/example_short_circuit_operator.py
[2024-02-23T16:46:41.002+0000] {processor.py:840} INFO - DAG(s) 'example_short_circuit_operator' retrieved from /home/airflow/.local/lib/python3.8/site-packages/airflow/example_dags/example_short_circuit_operator.py
[2024-02-23T16:46:41.057+0000] {logging_mixin.py:188} INFO - [2024-02-23T16:46:41.057+0000] {dag.py:3036} INFO - Sync 1 DAGs
[2024-02-23T16:46:41.105+0000] {logging_mixin.py:188} INFO - [2024-02-23T16:46:41.105+0000] {dag.py:3823} INFO - Setting next_dagrun for example_short_circuit_operator to 2024-02-22 00:00:00+00:00, run_after=2024-02-23 00:00:00+00:00
[2024-02-23T16:46:41.138+0000] {processor.py:183} INFO - Processing /home/airflow/.local/lib/python3.8/site-packages/airflow/example_dags/example_short_circuit_operator.py took 0.162 seconds
[2024-02-23T16:47:11.478+0000] {processor.py:161} INFO - Started process (PID=520) to work on /home/airflow/.local/lib/python3.8/site-packages/airflow/example_dags/example_short_circuit_operator.py
[2024-02-23T16:47:11.480+0000] {processor.py:830} INFO - Processing file /home/airflow/.local/lib/python3.8/site-packages/airflow/example_dags/example_short_circuit_operator.py for tasks to queue
[2024-02-23T16:47:11.484+0000] {logging_mixin.py:188} INFO - [2024-02-23T16:47:11.483+0000] {dagbag.py:538} INFO - Filling up the DagBag from /home/airflow/.local/lib/python3.8/site-packages/airflow/example_dags/example_short_circuit_operator.py
[2024-02-23T16:47:11.507+0000] {processor.py:840} INFO - DAG(s) 'example_short_circuit_operator' retrieved from /home/airflow/.local/lib/python3.8/site-packages/airflow/example_dags/example_short_circuit_operator.py
[2024-02-23T16:47:11.560+0000] {logging_mixin.py:188} INFO - [2024-02-23T16:47:11.560+0000] {dag.py:3036} INFO - Sync 1 DAGs
[2024-02-23T16:47:11.617+0000] {logging_mixin.py:188} INFO - [2024-02-23T16:47:11.616+0000] {dag.py:3823} INFO - Setting next_dagrun for example_short_circuit_operator to 2024-02-22 00:00:00+00:00, run_after=2024-02-23 00:00:00+00:00
[2024-02-23T16:47:11.653+0000] {processor.py:183} INFO - Processing /home/airflow/.local/lib/python3.8/site-packages/airflow/example_dags/example_short_circuit_operator.py took 0.183 seconds
[2024-02-23T16:48:39.527+0000] {processor.py:161} INFO - Started process (PID=65) to work on /home/airflow/.local/lib/python3.8/site-packages/airflow/example_dags/example_short_circuit_operator.py
[2024-02-23T16:48:39.529+0000] {processor.py:830} INFO - Processing file /home/airflow/.local/lib/python3.8/site-packages/airflow/example_dags/example_short_circuit_operator.py for tasks to queue
[2024-02-23T16:48:39.531+0000] {logging_mixin.py:188} INFO - [2024-02-23T16:48:39.531+0000] {dagbag.py:538} INFO - Filling up the DagBag from /home/airflow/.local/lib/python3.8/site-packages/airflow/example_dags/example_short_circuit_operator.py
[2024-02-23T16:48:39.553+0000] {processor.py:840} INFO - DAG(s) 'example_short_circuit_operator' retrieved from /home/airflow/.local/lib/python3.8/site-packages/airflow/example_dags/example_short_circuit_operator.py
[2024-02-23T16:48:39.789+0000] {logging_mixin.py:188} INFO - [2024-02-23T16:48:39.789+0000] {dag.py:3036} INFO - Sync 1 DAGs
[2024-02-23T16:48:39.835+0000] {logging_mixin.py:188} INFO - [2024-02-23T16:48:39.834+0000] {dag.py:3823} INFO - Setting next_dagrun for example_short_circuit_operator to 2024-02-22 00:00:00+00:00, run_after=2024-02-23 00:00:00+00:00
[2024-02-23T16:48:39.870+0000] {processor.py:183} INFO - Processing /home/airflow/.local/lib/python3.8/site-packages/airflow/example_dags/example_short_circuit_operator.py took 0.349 seconds
[2024-02-23T16:51:59.124+0000] {processor.py:161} INFO - Started process (PID=57) to work on /home/airflow/.local/lib/python3.8/site-packages/airflow/example_dags/example_short_circuit_operator.py
[2024-02-23T16:51:59.126+0000] {processor.py:830} INFO - Processing file /home/airflow/.local/lib/python3.8/site-packages/airflow/example_dags/example_short_circuit_operator.py for tasks to queue
[2024-02-23T16:51:59.128+0000] {logging_mixin.py:188} INFO - [2024-02-23T16:51:59.128+0000] {dagbag.py:538} INFO - Filling up the DagBag from /home/airflow/.local/lib/python3.8/site-packages/airflow/example_dags/example_short_circuit_operator.py
[2024-02-23T16:51:59.147+0000] {processor.py:840} INFO - DAG(s) 'example_short_circuit_operator' retrieved from /home/airflow/.local/lib/python3.8/site-packages/airflow/example_dags/example_short_circuit_operator.py
[2024-02-23T16:51:59.355+0000] {logging_mixin.py:188} INFO - [2024-02-23T16:51:59.355+0000] {dag.py:3036} INFO - Sync 1 DAGs
[2024-02-23T16:51:59.396+0000] {logging_mixin.py:188} INFO - [2024-02-23T16:51:59.396+0000] {dag.py:3823} INFO - Setting next_dagrun for example_short_circuit_operator to 2024-02-22 00:00:00+00:00, run_after=2024-02-23 00:00:00+00:00
[2024-02-23T16:51:59.432+0000] {processor.py:183} INFO - Processing /home/airflow/.local/lib/python3.8/site-packages/airflow/example_dags/example_short_circuit_operator.py took 0.314 seconds
[2024-02-23T16:52:29.489+0000] {processor.py:161} INFO - Started process (PID=115) to work on /home/airflow/.local/lib/python3.8/site-packages/airflow/example_dags/example_short_circuit_operator.py
[2024-02-23T16:52:29.490+0000] {processor.py:830} INFO - Processing file /home/airflow/.local/lib/python3.8/site-packages/airflow/example_dags/example_short_circuit_operator.py for tasks to queue
[2024-02-23T16:52:29.493+0000] {logging_mixin.py:188} INFO - [2024-02-23T16:52:29.493+0000] {dagbag.py:538} INFO - Filling up the DagBag from /home/airflow/.local/lib/python3.8/site-packages/airflow/example_dags/example_short_circuit_operator.py
[2024-02-23T16:52:29.508+0000] {processor.py:840} INFO - DAG(s) 'example_short_circuit_operator' retrieved from /home/airflow/.local/lib/python3.8/site-packages/airflow/example_dags/example_short_circuit_operator.py
[2024-02-23T16:52:29.558+0000] {logging_mixin.py:188} INFO - [2024-02-23T16:52:29.557+0000] {dag.py:3036} INFO - Sync 1 DAGs
[2024-02-23T16:52:29.608+0000] {logging_mixin.py:188} INFO - [2024-02-23T16:52:29.608+0000] {dag.py:3823} INFO - Setting next_dagrun for example_short_circuit_operator to 2024-02-22 00:00:00+00:00, run_after=2024-02-23 00:00:00+00:00
[2024-02-23T16:52:29.640+0000] {processor.py:183} INFO - Processing /home/airflow/.local/lib/python3.8/site-packages/airflow/example_dags/example_short_circuit_operator.py took 0.157 seconds
[2024-02-23T16:53:00.232+0000] {processor.py:161} INFO - Started process (PID=173) to work on /home/airflow/.local/lib/python3.8/site-packages/airflow/example_dags/example_short_circuit_operator.py
[2024-02-23T16:53:00.234+0000] {processor.py:830} INFO - Processing file /home/airflow/.local/lib/python3.8/site-packages/airflow/example_dags/example_short_circuit_operator.py for tasks to queue
[2024-02-23T16:53:00.237+0000] {logging_mixin.py:188} INFO - [2024-02-23T16:53:00.236+0000] {dagbag.py:538} INFO - Filling up the DagBag from /home/airflow/.local/lib/python3.8/site-packages/airflow/example_dags/example_short_circuit_operator.py
[2024-02-23T16:53:00.251+0000] {processor.py:840} INFO - DAG(s) 'example_short_circuit_operator' retrieved from /home/airflow/.local/lib/python3.8/site-packages/airflow/example_dags/example_short_circuit_operator.py
[2024-02-23T16:53:00.296+0000] {logging_mixin.py:188} INFO - [2024-02-23T16:53:00.295+0000] {dag.py:3036} INFO - Sync 1 DAGs
[2024-02-23T16:53:00.343+0000] {logging_mixin.py:188} INFO - [2024-02-23T16:53:00.343+0000] {dag.py:3823} INFO - Setting next_dagrun for example_short_circuit_operator to 2024-02-22 00:00:00+00:00, run_after=2024-02-23 00:00:00+00:00
[2024-02-23T16:53:00.381+0000] {processor.py:183} INFO - Processing /home/airflow/.local/lib/python3.8/site-packages/airflow/example_dags/example_short_circuit_operator.py took 0.154 seconds
