[2024-02-23T16:33:17.575+0000] {processor.py:161} INFO - Started process (PID=62) to work on /home/airflow/.local/lib/python3.8/site-packages/airflow/example_dags/example_task_group.py
[2024-02-23T16:33:17.576+0000] {processor.py:830} INFO - Processing file /home/airflow/.local/lib/python3.8/site-packages/airflow/example_dags/example_task_group.py for tasks to queue
[2024-02-23T16:33:17.580+0000] {logging_mixin.py:188} INFO - [2024-02-23T16:33:17.579+0000] {dagbag.py:538} INFO - Filling up the DagBag from /home/airflow/.local/lib/python3.8/site-packages/airflow/example_dags/example_task_group.py
[2024-02-23T16:33:17.604+0000] {processor.py:840} INFO - DAG(s) 'example_task_group' retrieved from /home/airflow/.local/lib/python3.8/site-packages/airflow/example_dags/example_task_group.py
[2024-02-23T16:33:17.846+0000] {logging_mixin.py:188} INFO - [2024-02-23T16:33:17.846+0000] {dag.py:3036} INFO - Sync 1 DAGs
[2024-02-23T16:33:17.894+0000] {logging_mixin.py:188} INFO - [2024-02-23T16:33:17.893+0000] {dag.py:3823} INFO - Setting next_dagrun for example_task_group to 2024-02-22 00:00:00+00:00, run_after=2024-02-23 00:00:00+00:00
[2024-02-23T16:33:17.930+0000] {processor.py:183} INFO - Processing /home/airflow/.local/lib/python3.8/site-packages/airflow/example_dags/example_task_group.py took 0.361 seconds
[2024-02-23T16:33:48.356+0000] {processor.py:161} INFO - Started process (PID=119) to work on /home/airflow/.local/lib/python3.8/site-packages/airflow/example_dags/example_task_group.py
[2024-02-23T16:33:48.358+0000] {processor.py:830} INFO - Processing file /home/airflow/.local/lib/python3.8/site-packages/airflow/example_dags/example_task_group.py for tasks to queue
[2024-02-23T16:33:48.361+0000] {logging_mixin.py:188} INFO - [2024-02-23T16:33:48.360+0000] {dagbag.py:538} INFO - Filling up the DagBag from /home/airflow/.local/lib/python3.8/site-packages/airflow/example_dags/example_task_group.py
[2024-02-23T16:33:48.374+0000] {processor.py:840} INFO - DAG(s) 'example_task_group' retrieved from /home/airflow/.local/lib/python3.8/site-packages/airflow/example_dags/example_task_group.py
[2024-02-23T16:33:48.413+0000] {logging_mixin.py:188} INFO - [2024-02-23T16:33:48.413+0000] {dag.py:3036} INFO - Sync 1 DAGs
[2024-02-23T16:33:48.458+0000] {logging_mixin.py:188} INFO - [2024-02-23T16:33:48.457+0000] {dag.py:3823} INFO - Setting next_dagrun for example_task_group to 2024-02-22 00:00:00+00:00, run_after=2024-02-23 00:00:00+00:00
[2024-02-23T16:33:48.490+0000] {processor.py:183} INFO - Processing /home/airflow/.local/lib/python3.8/site-packages/airflow/example_dags/example_task_group.py took 0.139 seconds
[2024-02-23T16:34:19.262+0000] {processor.py:161} INFO - Started process (PID=176) to work on /home/airflow/.local/lib/python3.8/site-packages/airflow/example_dags/example_task_group.py
[2024-02-23T16:34:19.264+0000] {processor.py:830} INFO - Processing file /home/airflow/.local/lib/python3.8/site-packages/airflow/example_dags/example_task_group.py for tasks to queue
[2024-02-23T16:34:19.266+0000] {logging_mixin.py:188} INFO - [2024-02-23T16:34:19.266+0000] {dagbag.py:538} INFO - Filling up the DagBag from /home/airflow/.local/lib/python3.8/site-packages/airflow/example_dags/example_task_group.py
[2024-02-23T16:34:19.281+0000] {processor.py:840} INFO - DAG(s) 'example_task_group' retrieved from /home/airflow/.local/lib/python3.8/site-packages/airflow/example_dags/example_task_group.py
[2024-02-23T16:34:19.319+0000] {logging_mixin.py:188} INFO - [2024-02-23T16:34:19.318+0000] {dag.py:3036} INFO - Sync 1 DAGs
[2024-02-23T16:34:19.359+0000] {logging_mixin.py:188} INFO - [2024-02-23T16:34:19.359+0000] {dag.py:3823} INFO - Setting next_dagrun for example_task_group to 2024-02-22 00:00:00+00:00, run_after=2024-02-23 00:00:00+00:00
[2024-02-23T16:34:19.390+0000] {processor.py:183} INFO - Processing /home/airflow/.local/lib/python3.8/site-packages/airflow/example_dags/example_task_group.py took 0.134 seconds
[2024-02-23T16:34:49.569+0000] {processor.py:161} INFO - Started process (PID=233) to work on /home/airflow/.local/lib/python3.8/site-packages/airflow/example_dags/example_task_group.py
[2024-02-23T16:34:49.570+0000] {processor.py:830} INFO - Processing file /home/airflow/.local/lib/python3.8/site-packages/airflow/example_dags/example_task_group.py for tasks to queue
[2024-02-23T16:34:49.573+0000] {logging_mixin.py:188} INFO - [2024-02-23T16:34:49.573+0000] {dagbag.py:538} INFO - Filling up the DagBag from /home/airflow/.local/lib/python3.8/site-packages/airflow/example_dags/example_task_group.py
[2024-02-23T16:34:49.585+0000] {processor.py:840} INFO - DAG(s) 'example_task_group' retrieved from /home/airflow/.local/lib/python3.8/site-packages/airflow/example_dags/example_task_group.py
[2024-02-23T16:34:49.620+0000] {logging_mixin.py:188} INFO - [2024-02-23T16:34:49.619+0000] {dag.py:3036} INFO - Sync 1 DAGs
[2024-02-23T16:34:49.657+0000] {logging_mixin.py:188} INFO - [2024-02-23T16:34:49.657+0000] {dag.py:3823} INFO - Setting next_dagrun for example_task_group to 2024-02-22 00:00:00+00:00, run_after=2024-02-23 00:00:00+00:00
[2024-02-23T16:34:49.695+0000] {processor.py:183} INFO - Processing /home/airflow/.local/lib/python3.8/site-packages/airflow/example_dags/example_task_group.py took 0.136 seconds
[2024-02-23T16:35:20.353+0000] {processor.py:161} INFO - Started process (PID=290) to work on /home/airflow/.local/lib/python3.8/site-packages/airflow/example_dags/example_task_group.py
[2024-02-23T16:35:20.354+0000] {processor.py:830} INFO - Processing file /home/airflow/.local/lib/python3.8/site-packages/airflow/example_dags/example_task_group.py for tasks to queue
[2024-02-23T16:35:20.357+0000] {logging_mixin.py:188} INFO - [2024-02-23T16:35:20.357+0000] {dagbag.py:538} INFO - Filling up the DagBag from /home/airflow/.local/lib/python3.8/site-packages/airflow/example_dags/example_task_group.py
[2024-02-23T16:35:20.371+0000] {processor.py:840} INFO - DAG(s) 'example_task_group' retrieved from /home/airflow/.local/lib/python3.8/site-packages/airflow/example_dags/example_task_group.py
[2024-02-23T16:35:20.409+0000] {logging_mixin.py:188} INFO - [2024-02-23T16:35:20.409+0000] {dag.py:3036} INFO - Sync 1 DAGs
[2024-02-23T16:35:20.453+0000] {logging_mixin.py:188} INFO - [2024-02-23T16:35:20.452+0000] {dag.py:3823} INFO - Setting next_dagrun for example_task_group to 2024-02-22 00:00:00+00:00, run_after=2024-02-23 00:00:00+00:00
[2024-02-23T16:35:20.486+0000] {processor.py:183} INFO - Processing /home/airflow/.local/lib/python3.8/site-packages/airflow/example_dags/example_task_group.py took 0.140 seconds
[2024-02-23T16:35:50.543+0000] {processor.py:161} INFO - Started process (PID=348) to work on /home/airflow/.local/lib/python3.8/site-packages/airflow/example_dags/example_task_group.py
[2024-02-23T16:35:50.544+0000] {processor.py:830} INFO - Processing file /home/airflow/.local/lib/python3.8/site-packages/airflow/example_dags/example_task_group.py for tasks to queue
[2024-02-23T16:35:50.547+0000] {logging_mixin.py:188} INFO - [2024-02-23T16:35:50.547+0000] {dagbag.py:538} INFO - Filling up the DagBag from /home/airflow/.local/lib/python3.8/site-packages/airflow/example_dags/example_task_group.py
[2024-02-23T16:35:50.560+0000] {processor.py:840} INFO - DAG(s) 'example_task_group' retrieved from /home/airflow/.local/lib/python3.8/site-packages/airflow/example_dags/example_task_group.py
[2024-02-23T16:35:50.598+0000] {logging_mixin.py:188} INFO - [2024-02-23T16:35:50.597+0000] {dag.py:3036} INFO - Sync 1 DAGs
[2024-02-23T16:35:50.636+0000] {logging_mixin.py:188} INFO - [2024-02-23T16:35:50.636+0000] {dag.py:3823} INFO - Setting next_dagrun for example_task_group to 2024-02-22 00:00:00+00:00, run_after=2024-02-23 00:00:00+00:00
[2024-02-23T16:35:50.672+0000] {processor.py:183} INFO - Processing /home/airflow/.local/lib/python3.8/site-packages/airflow/example_dags/example_task_group.py took 0.135 seconds
[2024-02-23T16:36:21.169+0000] {processor.py:161} INFO - Started process (PID=405) to work on /home/airflow/.local/lib/python3.8/site-packages/airflow/example_dags/example_task_group.py
[2024-02-23T16:36:21.170+0000] {processor.py:830} INFO - Processing file /home/airflow/.local/lib/python3.8/site-packages/airflow/example_dags/example_task_group.py for tasks to queue
[2024-02-23T16:36:21.173+0000] {logging_mixin.py:188} INFO - [2024-02-23T16:36:21.172+0000] {dagbag.py:538} INFO - Filling up the DagBag from /home/airflow/.local/lib/python3.8/site-packages/airflow/example_dags/example_task_group.py
[2024-02-23T16:36:21.187+0000] {processor.py:840} INFO - DAG(s) 'example_task_group' retrieved from /home/airflow/.local/lib/python3.8/site-packages/airflow/example_dags/example_task_group.py
[2024-02-23T16:36:21.225+0000] {logging_mixin.py:188} INFO - [2024-02-23T16:36:21.225+0000] {dag.py:3036} INFO - Sync 1 DAGs
[2024-02-23T16:36:21.265+0000] {logging_mixin.py:188} INFO - [2024-02-23T16:36:21.264+0000] {dag.py:3823} INFO - Setting next_dagrun for example_task_group to 2024-02-22 00:00:00+00:00, run_after=2024-02-23 00:00:00+00:00
[2024-02-23T16:36:21.303+0000] {processor.py:183} INFO - Processing /home/airflow/.local/lib/python3.8/site-packages/airflow/example_dags/example_task_group.py took 0.139 seconds
[2024-02-23T16:36:51.969+0000] {processor.py:161} INFO - Started process (PID=462) to work on /home/airflow/.local/lib/python3.8/site-packages/airflow/example_dags/example_task_group.py
[2024-02-23T16:36:51.971+0000] {processor.py:830} INFO - Processing file /home/airflow/.local/lib/python3.8/site-packages/airflow/example_dags/example_task_group.py for tasks to queue
[2024-02-23T16:36:51.975+0000] {logging_mixin.py:188} INFO - [2024-02-23T16:36:51.974+0000] {dagbag.py:538} INFO - Filling up the DagBag from /home/airflow/.local/lib/python3.8/site-packages/airflow/example_dags/example_task_group.py
[2024-02-23T16:36:51.991+0000] {processor.py:840} INFO - DAG(s) 'example_task_group' retrieved from /home/airflow/.local/lib/python3.8/site-packages/airflow/example_dags/example_task_group.py
[2024-02-23T16:36:52.042+0000] {logging_mixin.py:188} INFO - [2024-02-23T16:36:52.041+0000] {dag.py:3036} INFO - Sync 1 DAGs
[2024-02-23T16:36:52.098+0000] {logging_mixin.py:188} INFO - [2024-02-23T16:36:52.097+0000] {dag.py:3823} INFO - Setting next_dagrun for example_task_group to 2024-02-22 00:00:00+00:00, run_after=2024-02-23 00:00:00+00:00
[2024-02-23T16:36:52.138+0000] {processor.py:183} INFO - Processing /home/airflow/.local/lib/python3.8/site-packages/airflow/example_dags/example_task_group.py took 0.175 seconds
[2024-02-23T16:37:22.424+0000] {processor.py:161} INFO - Started process (PID=519) to work on /home/airflow/.local/lib/python3.8/site-packages/airflow/example_dags/example_task_group.py
[2024-02-23T16:37:22.425+0000] {processor.py:830} INFO - Processing file /home/airflow/.local/lib/python3.8/site-packages/airflow/example_dags/example_task_group.py for tasks to queue
[2024-02-23T16:37:22.428+0000] {logging_mixin.py:188} INFO - [2024-02-23T16:37:22.427+0000] {dagbag.py:538} INFO - Filling up the DagBag from /home/airflow/.local/lib/python3.8/site-packages/airflow/example_dags/example_task_group.py
[2024-02-23T16:37:22.442+0000] {processor.py:840} INFO - DAG(s) 'example_task_group' retrieved from /home/airflow/.local/lib/python3.8/site-packages/airflow/example_dags/example_task_group.py
[2024-02-23T16:37:22.492+0000] {logging_mixin.py:188} INFO - [2024-02-23T16:37:22.492+0000] {dag.py:3036} INFO - Sync 1 DAGs
[2024-02-23T16:37:22.546+0000] {logging_mixin.py:188} INFO - [2024-02-23T16:37:22.546+0000] {dag.py:3823} INFO - Setting next_dagrun for example_task_group to 2024-02-22 00:00:00+00:00, run_after=2024-02-23 00:00:00+00:00
[2024-02-23T16:37:22.582+0000] {processor.py:183} INFO - Processing /home/airflow/.local/lib/python3.8/site-packages/airflow/example_dags/example_task_group.py took 0.164 seconds
[2024-02-23T16:37:52.821+0000] {processor.py:161} INFO - Started process (PID=576) to work on /home/airflow/.local/lib/python3.8/site-packages/airflow/example_dags/example_task_group.py
[2024-02-23T16:37:52.822+0000] {processor.py:830} INFO - Processing file /home/airflow/.local/lib/python3.8/site-packages/airflow/example_dags/example_task_group.py for tasks to queue
[2024-02-23T16:37:52.825+0000] {logging_mixin.py:188} INFO - [2024-02-23T16:37:52.825+0000] {dagbag.py:538} INFO - Filling up the DagBag from /home/airflow/.local/lib/python3.8/site-packages/airflow/example_dags/example_task_group.py
[2024-02-23T16:37:52.839+0000] {processor.py:840} INFO - DAG(s) 'example_task_group' retrieved from /home/airflow/.local/lib/python3.8/site-packages/airflow/example_dags/example_task_group.py
[2024-02-23T16:37:52.876+0000] {logging_mixin.py:188} INFO - [2024-02-23T16:37:52.876+0000] {dag.py:3036} INFO - Sync 1 DAGs
[2024-02-23T16:37:52.919+0000] {logging_mixin.py:188} INFO - [2024-02-23T16:37:52.918+0000] {dag.py:3823} INFO - Setting next_dagrun for example_task_group to 2024-02-22 00:00:00+00:00, run_after=2024-02-23 00:00:00+00:00
[2024-02-23T16:37:52.966+0000] {processor.py:183} INFO - Processing /home/airflow/.local/lib/python3.8/site-packages/airflow/example_dags/example_task_group.py took 0.151 seconds
[2024-02-23T16:38:23.774+0000] {processor.py:161} INFO - Started process (PID=633) to work on /home/airflow/.local/lib/python3.8/site-packages/airflow/example_dags/example_task_group.py
[2024-02-23T16:38:23.776+0000] {processor.py:830} INFO - Processing file /home/airflow/.local/lib/python3.8/site-packages/airflow/example_dags/example_task_group.py for tasks to queue
[2024-02-23T16:38:23.780+0000] {logging_mixin.py:188} INFO - [2024-02-23T16:38:23.780+0000] {dagbag.py:538} INFO - Filling up the DagBag from /home/airflow/.local/lib/python3.8/site-packages/airflow/example_dags/example_task_group.py
[2024-02-23T16:38:23.798+0000] {processor.py:840} INFO - DAG(s) 'example_task_group' retrieved from /home/airflow/.local/lib/python3.8/site-packages/airflow/example_dags/example_task_group.py
[2024-02-23T16:38:23.850+0000] {logging_mixin.py:188} INFO - [2024-02-23T16:38:23.849+0000] {dag.py:3036} INFO - Sync 1 DAGs
[2024-02-23T16:38:23.905+0000] {logging_mixin.py:188} INFO - [2024-02-23T16:38:23.904+0000] {dag.py:3823} INFO - Setting next_dagrun for example_task_group to 2024-02-22 00:00:00+00:00, run_after=2024-02-23 00:00:00+00:00
[2024-02-23T16:38:23.950+0000] {processor.py:183} INFO - Processing /home/airflow/.local/lib/python3.8/site-packages/airflow/example_dags/example_task_group.py took 0.182 seconds
[2024-02-23T16:38:54.185+0000] {processor.py:161} INFO - Started process (PID=689) to work on /home/airflow/.local/lib/python3.8/site-packages/airflow/example_dags/example_task_group.py
[2024-02-23T16:38:54.187+0000] {processor.py:830} INFO - Processing file /home/airflow/.local/lib/python3.8/site-packages/airflow/example_dags/example_task_group.py for tasks to queue
[2024-02-23T16:38:54.190+0000] {logging_mixin.py:188} INFO - [2024-02-23T16:38:54.189+0000] {dagbag.py:538} INFO - Filling up the DagBag from /home/airflow/.local/lib/python3.8/site-packages/airflow/example_dags/example_task_group.py
[2024-02-23T16:38:54.207+0000] {processor.py:840} INFO - DAG(s) 'example_task_group' retrieved from /home/airflow/.local/lib/python3.8/site-packages/airflow/example_dags/example_task_group.py
[2024-02-23T16:38:54.254+0000] {logging_mixin.py:188} INFO - [2024-02-23T16:38:54.253+0000] {dag.py:3036} INFO - Sync 1 DAGs
[2024-02-23T16:38:54.316+0000] {logging_mixin.py:188} INFO - [2024-02-23T16:38:54.315+0000] {dag.py:3823} INFO - Setting next_dagrun for example_task_group to 2024-02-22 00:00:00+00:00, run_after=2024-02-23 00:00:00+00:00
[2024-02-23T16:38:54.355+0000] {processor.py:183} INFO - Processing /home/airflow/.local/lib/python3.8/site-packages/airflow/example_dags/example_task_group.py took 0.176 seconds
[2024-02-23T16:39:24.626+0000] {processor.py:161} INFO - Started process (PID=746) to work on /home/airflow/.local/lib/python3.8/site-packages/airflow/example_dags/example_task_group.py
[2024-02-23T16:39:24.627+0000] {processor.py:830} INFO - Processing file /home/airflow/.local/lib/python3.8/site-packages/airflow/example_dags/example_task_group.py for tasks to queue
[2024-02-23T16:39:24.630+0000] {logging_mixin.py:188} INFO - [2024-02-23T16:39:24.629+0000] {dagbag.py:538} INFO - Filling up the DagBag from /home/airflow/.local/lib/python3.8/site-packages/airflow/example_dags/example_task_group.py
[2024-02-23T16:39:24.659+0000] {processor.py:840} INFO - DAG(s) 'example_task_group' retrieved from /home/airflow/.local/lib/python3.8/site-packages/airflow/example_dags/example_task_group.py
[2024-02-23T16:39:24.710+0000] {logging_mixin.py:188} INFO - [2024-02-23T16:39:24.709+0000] {dag.py:3036} INFO - Sync 1 DAGs
[2024-02-23T16:39:24.760+0000] {logging_mixin.py:188} INFO - [2024-02-23T16:39:24.760+0000] {dag.py:3823} INFO - Setting next_dagrun for example_task_group to 2024-02-22 00:00:00+00:00, run_after=2024-02-23 00:00:00+00:00
[2024-02-23T16:39:24.821+0000] {processor.py:183} INFO - Processing /home/airflow/.local/lib/python3.8/site-packages/airflow/example_dags/example_task_group.py took 0.201 seconds
[2024-02-23T16:39:55.613+0000] {processor.py:161} INFO - Started process (PID=803) to work on /home/airflow/.local/lib/python3.8/site-packages/airflow/example_dags/example_task_group.py
[2024-02-23T16:39:55.615+0000] {processor.py:830} INFO - Processing file /home/airflow/.local/lib/python3.8/site-packages/airflow/example_dags/example_task_group.py for tasks to queue
[2024-02-23T16:39:55.618+0000] {logging_mixin.py:188} INFO - [2024-02-23T16:39:55.618+0000] {dagbag.py:538} INFO - Filling up the DagBag from /home/airflow/.local/lib/python3.8/site-packages/airflow/example_dags/example_task_group.py
[2024-02-23T16:39:55.634+0000] {processor.py:840} INFO - DAG(s) 'example_task_group' retrieved from /home/airflow/.local/lib/python3.8/site-packages/airflow/example_dags/example_task_group.py
[2024-02-23T16:39:55.678+0000] {logging_mixin.py:188} INFO - [2024-02-23T16:39:55.677+0000] {dag.py:3036} INFO - Sync 1 DAGs
[2024-02-23T16:39:55.726+0000] {logging_mixin.py:188} INFO - [2024-02-23T16:39:55.725+0000] {dag.py:3823} INFO - Setting next_dagrun for example_task_group to 2024-02-22 00:00:00+00:00, run_after=2024-02-23 00:00:00+00:00
[2024-02-23T16:39:55.758+0000] {processor.py:183} INFO - Processing /home/airflow/.local/lib/python3.8/site-packages/airflow/example_dags/example_task_group.py took 0.152 seconds
[2024-02-23T16:40:26.728+0000] {processor.py:161} INFO - Started process (PID=860) to work on /home/airflow/.local/lib/python3.8/site-packages/airflow/example_dags/example_task_group.py
[2024-02-23T16:40:26.730+0000] {processor.py:830} INFO - Processing file /home/airflow/.local/lib/python3.8/site-packages/airflow/example_dags/example_task_group.py for tasks to queue
[2024-02-23T16:40:26.733+0000] {logging_mixin.py:188} INFO - [2024-02-23T16:40:26.732+0000] {dagbag.py:538} INFO - Filling up the DagBag from /home/airflow/.local/lib/python3.8/site-packages/airflow/example_dags/example_task_group.py
[2024-02-23T16:40:26.750+0000] {processor.py:840} INFO - DAG(s) 'example_task_group' retrieved from /home/airflow/.local/lib/python3.8/site-packages/airflow/example_dags/example_task_group.py
[2024-02-23T16:40:26.804+0000] {logging_mixin.py:188} INFO - [2024-02-23T16:40:26.803+0000] {dag.py:3036} INFO - Sync 1 DAGs
[2024-02-23T16:40:26.863+0000] {logging_mixin.py:188} INFO - [2024-02-23T16:40:26.862+0000] {dag.py:3823} INFO - Setting next_dagrun for example_task_group to 2024-02-22 00:00:00+00:00, run_after=2024-02-23 00:00:00+00:00
[2024-02-23T16:40:26.908+0000] {processor.py:183} INFO - Processing /home/airflow/.local/lib/python3.8/site-packages/airflow/example_dags/example_task_group.py took 0.186 seconds
[2024-02-23T16:40:57.787+0000] {processor.py:161} INFO - Started process (PID=918) to work on /home/airflow/.local/lib/python3.8/site-packages/airflow/example_dags/example_task_group.py
[2024-02-23T16:40:57.789+0000] {processor.py:830} INFO - Processing file /home/airflow/.local/lib/python3.8/site-packages/airflow/example_dags/example_task_group.py for tasks to queue
[2024-02-23T16:40:57.793+0000] {logging_mixin.py:188} INFO - [2024-02-23T16:40:57.792+0000] {dagbag.py:538} INFO - Filling up the DagBag from /home/airflow/.local/lib/python3.8/site-packages/airflow/example_dags/example_task_group.py
[2024-02-23T16:40:57.812+0000] {processor.py:840} INFO - DAG(s) 'example_task_group' retrieved from /home/airflow/.local/lib/python3.8/site-packages/airflow/example_dags/example_task_group.py
[2024-02-23T16:40:57.865+0000] {logging_mixin.py:188} INFO - [2024-02-23T16:40:57.864+0000] {dag.py:3036} INFO - Sync 1 DAGs
[2024-02-23T16:40:57.916+0000] {logging_mixin.py:188} INFO - [2024-02-23T16:40:57.915+0000] {dag.py:3823} INFO - Setting next_dagrun for example_task_group to 2024-02-22 00:00:00+00:00, run_after=2024-02-23 00:00:00+00:00
[2024-02-23T16:40:57.958+0000] {processor.py:183} INFO - Processing /home/airflow/.local/lib/python3.8/site-packages/airflow/example_dags/example_task_group.py took 0.183 seconds
[2024-02-23T16:41:28.813+0000] {processor.py:161} INFO - Started process (PID=975) to work on /home/airflow/.local/lib/python3.8/site-packages/airflow/example_dags/example_task_group.py
[2024-02-23T16:41:28.814+0000] {processor.py:830} INFO - Processing file /home/airflow/.local/lib/python3.8/site-packages/airflow/example_dags/example_task_group.py for tasks to queue
[2024-02-23T16:41:28.817+0000] {logging_mixin.py:188} INFO - [2024-02-23T16:41:28.816+0000] {dagbag.py:538} INFO - Filling up the DagBag from /home/airflow/.local/lib/python3.8/site-packages/airflow/example_dags/example_task_group.py
[2024-02-23T16:41:28.832+0000] {processor.py:840} INFO - DAG(s) 'example_task_group' retrieved from /home/airflow/.local/lib/python3.8/site-packages/airflow/example_dags/example_task_group.py
[2024-02-23T16:41:28.878+0000] {logging_mixin.py:188} INFO - [2024-02-23T16:41:28.878+0000] {dag.py:3036} INFO - Sync 1 DAGs
[2024-02-23T16:41:28.928+0000] {logging_mixin.py:188} INFO - [2024-02-23T16:41:28.927+0000] {dag.py:3823} INFO - Setting next_dagrun for example_task_group to 2024-02-22 00:00:00+00:00, run_after=2024-02-23 00:00:00+00:00
[2024-02-23T16:41:28.967+0000] {processor.py:183} INFO - Processing /home/airflow/.local/lib/python3.8/site-packages/airflow/example_dags/example_task_group.py took 0.159 seconds
[2024-02-23T16:43:06.710+0000] {processor.py:161} INFO - Started process (PID=62) to work on /home/airflow/.local/lib/python3.8/site-packages/airflow/example_dags/example_task_group.py
[2024-02-23T16:43:06.712+0000] {processor.py:830} INFO - Processing file /home/airflow/.local/lib/python3.8/site-packages/airflow/example_dags/example_task_group.py for tasks to queue
[2024-02-23T16:43:06.716+0000] {logging_mixin.py:188} INFO - [2024-02-23T16:43:06.715+0000] {dagbag.py:538} INFO - Filling up the DagBag from /home/airflow/.local/lib/python3.8/site-packages/airflow/example_dags/example_task_group.py
[2024-02-23T16:43:06.741+0000] {processor.py:840} INFO - DAG(s) 'example_task_group' retrieved from /home/airflow/.local/lib/python3.8/site-packages/airflow/example_dags/example_task_group.py
[2024-02-23T16:43:07.073+0000] {logging_mixin.py:188} INFO - [2024-02-23T16:43:07.073+0000] {dag.py:3036} INFO - Sync 1 DAGs
[2024-02-23T16:43:07.140+0000] {logging_mixin.py:188} INFO - [2024-02-23T16:43:07.139+0000] {dag.py:3823} INFO - Setting next_dagrun for example_task_group to 2024-02-22 00:00:00+00:00, run_after=2024-02-23 00:00:00+00:00
[2024-02-23T16:43:07.197+0000] {processor.py:183} INFO - Processing /home/airflow/.local/lib/python3.8/site-packages/airflow/example_dags/example_task_group.py took 0.492 seconds
[2024-02-23T16:43:37.898+0000] {processor.py:161} INFO - Started process (PID=119) to work on /home/airflow/.local/lib/python3.8/site-packages/airflow/example_dags/example_task_group.py
[2024-02-23T16:43:37.899+0000] {processor.py:830} INFO - Processing file /home/airflow/.local/lib/python3.8/site-packages/airflow/example_dags/example_task_group.py for tasks to queue
[2024-02-23T16:43:37.902+0000] {logging_mixin.py:188} INFO - [2024-02-23T16:43:37.901+0000] {dagbag.py:538} INFO - Filling up the DagBag from /home/airflow/.local/lib/python3.8/site-packages/airflow/example_dags/example_task_group.py
[2024-02-23T16:43:37.916+0000] {processor.py:840} INFO - DAG(s) 'example_task_group' retrieved from /home/airflow/.local/lib/python3.8/site-packages/airflow/example_dags/example_task_group.py
[2024-02-23T16:43:38.128+0000] {logging_mixin.py:188} INFO - [2024-02-23T16:43:38.127+0000] {dag.py:3036} INFO - Sync 1 DAGs
[2024-02-23T16:43:38.181+0000] {logging_mixin.py:188} INFO - [2024-02-23T16:43:38.181+0000] {dag.py:3823} INFO - Setting next_dagrun for example_task_group to 2024-02-22 00:00:00+00:00, run_after=2024-02-23 00:00:00+00:00
[2024-02-23T16:43:38.218+0000] {processor.py:183} INFO - Processing /home/airflow/.local/lib/python3.8/site-packages/airflow/example_dags/example_task_group.py took 0.326 seconds
[2024-02-23T16:44:08.255+0000] {processor.py:161} INFO - Started process (PID=176) to work on /home/airflow/.local/lib/python3.8/site-packages/airflow/example_dags/example_task_group.py
[2024-02-23T16:44:08.257+0000] {processor.py:830} INFO - Processing file /home/airflow/.local/lib/python3.8/site-packages/airflow/example_dags/example_task_group.py for tasks to queue
[2024-02-23T16:44:08.260+0000] {logging_mixin.py:188} INFO - [2024-02-23T16:44:08.259+0000] {dagbag.py:538} INFO - Filling up the DagBag from /home/airflow/.local/lib/python3.8/site-packages/airflow/example_dags/example_task_group.py
[2024-02-23T16:44:08.272+0000] {processor.py:840} INFO - DAG(s) 'example_task_group' retrieved from /home/airflow/.local/lib/python3.8/site-packages/airflow/example_dags/example_task_group.py
[2024-02-23T16:44:08.310+0000] {logging_mixin.py:188} INFO - [2024-02-23T16:44:08.310+0000] {dag.py:3036} INFO - Sync 1 DAGs
[2024-02-23T16:44:08.349+0000] {logging_mixin.py:188} INFO - [2024-02-23T16:44:08.349+0000] {dag.py:3823} INFO - Setting next_dagrun for example_task_group to 2024-02-22 00:00:00+00:00, run_after=2024-02-23 00:00:00+00:00
[2024-02-23T16:44:08.378+0000] {processor.py:183} INFO - Processing /home/airflow/.local/lib/python3.8/site-packages/airflow/example_dags/example_task_group.py took 0.130 seconds
[2024-02-23T16:44:38.812+0000] {processor.py:161} INFO - Started process (PID=233) to work on /home/airflow/.local/lib/python3.8/site-packages/airflow/example_dags/example_task_group.py
[2024-02-23T16:44:38.814+0000] {processor.py:830} INFO - Processing file /home/airflow/.local/lib/python3.8/site-packages/airflow/example_dags/example_task_group.py for tasks to queue
[2024-02-23T16:44:38.817+0000] {logging_mixin.py:188} INFO - [2024-02-23T16:44:38.817+0000] {dagbag.py:538} INFO - Filling up the DagBag from /home/airflow/.local/lib/python3.8/site-packages/airflow/example_dags/example_task_group.py
[2024-02-23T16:44:38.831+0000] {processor.py:840} INFO - DAG(s) 'example_task_group' retrieved from /home/airflow/.local/lib/python3.8/site-packages/airflow/example_dags/example_task_group.py
[2024-02-23T16:44:38.876+0000] {logging_mixin.py:188} INFO - [2024-02-23T16:44:38.875+0000] {dag.py:3036} INFO - Sync 1 DAGs
[2024-02-23T16:44:38.930+0000] {logging_mixin.py:188} INFO - [2024-02-23T16:44:38.930+0000] {dag.py:3823} INFO - Setting next_dagrun for example_task_group to 2024-02-22 00:00:00+00:00, run_after=2024-02-23 00:00:00+00:00
[2024-02-23T16:44:38.972+0000] {processor.py:183} INFO - Processing /home/airflow/.local/lib/python3.8/site-packages/airflow/example_dags/example_task_group.py took 0.165 seconds
[2024-02-23T16:45:09.340+0000] {processor.py:161} INFO - Started process (PID=290) to work on /home/airflow/.local/lib/python3.8/site-packages/airflow/example_dags/example_task_group.py
[2024-02-23T16:45:09.342+0000] {processor.py:830} INFO - Processing file /home/airflow/.local/lib/python3.8/site-packages/airflow/example_dags/example_task_group.py for tasks to queue
[2024-02-23T16:45:09.345+0000] {logging_mixin.py:188} INFO - [2024-02-23T16:45:09.344+0000] {dagbag.py:538} INFO - Filling up the DagBag from /home/airflow/.local/lib/python3.8/site-packages/airflow/example_dags/example_task_group.py
[2024-02-23T16:45:09.359+0000] {processor.py:840} INFO - DAG(s) 'example_task_group' retrieved from /home/airflow/.local/lib/python3.8/site-packages/airflow/example_dags/example_task_group.py
[2024-02-23T16:45:09.405+0000] {logging_mixin.py:188} INFO - [2024-02-23T16:45:09.404+0000] {dag.py:3036} INFO - Sync 1 DAGs
[2024-02-23T16:45:09.446+0000] {logging_mixin.py:188} INFO - [2024-02-23T16:45:09.445+0000] {dag.py:3823} INFO - Setting next_dagrun for example_task_group to 2024-02-22 00:00:00+00:00, run_after=2024-02-23 00:00:00+00:00
[2024-02-23T16:45:09.475+0000] {processor.py:183} INFO - Processing /home/airflow/.local/lib/python3.8/site-packages/airflow/example_dags/example_task_group.py took 0.141 seconds
[2024-02-23T16:45:39.593+0000] {processor.py:161} INFO - Started process (PID=346) to work on /home/airflow/.local/lib/python3.8/site-packages/airflow/example_dags/example_task_group.py
[2024-02-23T16:45:39.594+0000] {processor.py:830} INFO - Processing file /home/airflow/.local/lib/python3.8/site-packages/airflow/example_dags/example_task_group.py for tasks to queue
[2024-02-23T16:45:39.597+0000] {logging_mixin.py:188} INFO - [2024-02-23T16:45:39.596+0000] {dagbag.py:538} INFO - Filling up the DagBag from /home/airflow/.local/lib/python3.8/site-packages/airflow/example_dags/example_task_group.py
[2024-02-23T16:45:39.609+0000] {processor.py:840} INFO - DAG(s) 'example_task_group' retrieved from /home/airflow/.local/lib/python3.8/site-packages/airflow/example_dags/example_task_group.py
[2024-02-23T16:45:39.647+0000] {logging_mixin.py:188} INFO - [2024-02-23T16:45:39.646+0000] {dag.py:3036} INFO - Sync 1 DAGs
[2024-02-23T16:45:39.692+0000] {logging_mixin.py:188} INFO - [2024-02-23T16:45:39.691+0000] {dag.py:3823} INFO - Setting next_dagrun for example_task_group to 2024-02-22 00:00:00+00:00, run_after=2024-02-23 00:00:00+00:00
[2024-02-23T16:45:39.725+0000] {processor.py:183} INFO - Processing /home/airflow/.local/lib/python3.8/site-packages/airflow/example_dags/example_task_group.py took 0.138 seconds
[2024-02-23T16:46:10.111+0000] {processor.py:161} INFO - Started process (PID=403) to work on /home/airflow/.local/lib/python3.8/site-packages/airflow/example_dags/example_task_group.py
[2024-02-23T16:46:10.113+0000] {processor.py:830} INFO - Processing file /home/airflow/.local/lib/python3.8/site-packages/airflow/example_dags/example_task_group.py for tasks to queue
[2024-02-23T16:46:10.117+0000] {logging_mixin.py:188} INFO - [2024-02-23T16:46:10.116+0000] {dagbag.py:538} INFO - Filling up the DagBag from /home/airflow/.local/lib/python3.8/site-packages/airflow/example_dags/example_task_group.py
[2024-02-23T16:46:10.140+0000] {processor.py:840} INFO - DAG(s) 'example_task_group' retrieved from /home/airflow/.local/lib/python3.8/site-packages/airflow/example_dags/example_task_group.py
[2024-02-23T16:46:10.187+0000] {logging_mixin.py:188} INFO - [2024-02-23T16:46:10.187+0000] {dag.py:3036} INFO - Sync 1 DAGs
[2024-02-23T16:46:10.228+0000] {logging_mixin.py:188} INFO - [2024-02-23T16:46:10.227+0000] {dag.py:3823} INFO - Setting next_dagrun for example_task_group to 2024-02-22 00:00:00+00:00, run_after=2024-02-23 00:00:00+00:00
[2024-02-23T16:46:10.255+0000] {processor.py:183} INFO - Processing /home/airflow/.local/lib/python3.8/site-packages/airflow/example_dags/example_task_group.py took 0.150 seconds
[2024-02-23T16:46:40.723+0000] {processor.py:161} INFO - Started process (PID=460) to work on /home/airflow/.local/lib/python3.8/site-packages/airflow/example_dags/example_task_group.py
[2024-02-23T16:46:40.725+0000] {processor.py:830} INFO - Processing file /home/airflow/.local/lib/python3.8/site-packages/airflow/example_dags/example_task_group.py for tasks to queue
[2024-02-23T16:46:40.728+0000] {logging_mixin.py:188} INFO - [2024-02-23T16:46:40.728+0000] {dagbag.py:538} INFO - Filling up the DagBag from /home/airflow/.local/lib/python3.8/site-packages/airflow/example_dags/example_task_group.py
[2024-02-23T16:46:40.745+0000] {processor.py:840} INFO - DAG(s) 'example_task_group' retrieved from /home/airflow/.local/lib/python3.8/site-packages/airflow/example_dags/example_task_group.py
[2024-02-23T16:46:40.791+0000] {logging_mixin.py:188} INFO - [2024-02-23T16:46:40.791+0000] {dag.py:3036} INFO - Sync 1 DAGs
[2024-02-23T16:46:40.843+0000] {logging_mixin.py:188} INFO - [2024-02-23T16:46:40.843+0000] {dag.py:3823} INFO - Setting next_dagrun for example_task_group to 2024-02-22 00:00:00+00:00, run_after=2024-02-23 00:00:00+00:00
[2024-02-23T16:46:40.883+0000] {processor.py:183} INFO - Processing /home/airflow/.local/lib/python3.8/site-packages/airflow/example_dags/example_task_group.py took 0.165 seconds
[2024-02-23T16:47:11.157+0000] {processor.py:161} INFO - Started process (PID=517) to work on /home/airflow/.local/lib/python3.8/site-packages/airflow/example_dags/example_task_group.py
[2024-02-23T16:47:11.160+0000] {processor.py:830} INFO - Processing file /home/airflow/.local/lib/python3.8/site-packages/airflow/example_dags/example_task_group.py for tasks to queue
[2024-02-23T16:47:11.163+0000] {logging_mixin.py:188} INFO - [2024-02-23T16:47:11.162+0000] {dagbag.py:538} INFO - Filling up the DagBag from /home/airflow/.local/lib/python3.8/site-packages/airflow/example_dags/example_task_group.py
[2024-02-23T16:47:11.178+0000] {processor.py:840} INFO - DAG(s) 'example_task_group' retrieved from /home/airflow/.local/lib/python3.8/site-packages/airflow/example_dags/example_task_group.py
[2024-02-23T16:47:11.226+0000] {logging_mixin.py:188} INFO - [2024-02-23T16:47:11.225+0000] {dag.py:3036} INFO - Sync 1 DAGs
[2024-02-23T16:47:11.281+0000] {logging_mixin.py:188} INFO - [2024-02-23T16:47:11.280+0000] {dag.py:3823} INFO - Setting next_dagrun for example_task_group to 2024-02-22 00:00:00+00:00, run_after=2024-02-23 00:00:00+00:00
[2024-02-23T16:47:11.332+0000] {processor.py:183} INFO - Processing /home/airflow/.local/lib/python3.8/site-packages/airflow/example_dags/example_task_group.py took 0.181 seconds
[2024-02-23T16:48:38.801+0000] {processor.py:161} INFO - Started process (PID=62) to work on /home/airflow/.local/lib/python3.8/site-packages/airflow/example_dags/example_task_group.py
[2024-02-23T16:48:38.803+0000] {processor.py:830} INFO - Processing file /home/airflow/.local/lib/python3.8/site-packages/airflow/example_dags/example_task_group.py for tasks to queue
[2024-02-23T16:48:38.806+0000] {logging_mixin.py:188} INFO - [2024-02-23T16:48:38.805+0000] {dagbag.py:538} INFO - Filling up the DagBag from /home/airflow/.local/lib/python3.8/site-packages/airflow/example_dags/example_task_group.py
[2024-02-23T16:48:38.825+0000] {processor.py:840} INFO - DAG(s) 'example_task_group' retrieved from /home/airflow/.local/lib/python3.8/site-packages/airflow/example_dags/example_task_group.py
[2024-02-23T16:48:39.063+0000] {logging_mixin.py:188} INFO - [2024-02-23T16:48:39.062+0000] {dag.py:3036} INFO - Sync 1 DAGs
[2024-02-23T16:48:39.111+0000] {logging_mixin.py:188} INFO - [2024-02-23T16:48:39.111+0000] {dag.py:3823} INFO - Setting next_dagrun for example_task_group to 2024-02-22 00:00:00+00:00, run_after=2024-02-23 00:00:00+00:00
[2024-02-23T16:48:39.152+0000] {processor.py:183} INFO - Processing /home/airflow/.local/lib/python3.8/site-packages/airflow/example_dags/example_task_group.py took 0.357 seconds
[2024-02-23T16:51:58.442+0000] {processor.py:161} INFO - Started process (PID=54) to work on /home/airflow/.local/lib/python3.8/site-packages/airflow/example_dags/example_task_group.py
[2024-02-23T16:51:58.444+0000] {processor.py:830} INFO - Processing file /home/airflow/.local/lib/python3.8/site-packages/airflow/example_dags/example_task_group.py for tasks to queue
[2024-02-23T16:51:58.447+0000] {logging_mixin.py:188} INFO - [2024-02-23T16:51:58.446+0000] {dagbag.py:538} INFO - Filling up the DagBag from /home/airflow/.local/lib/python3.8/site-packages/airflow/example_dags/example_task_group.py
[2024-02-23T16:51:58.465+0000] {processor.py:840} INFO - DAG(s) 'example_task_group' retrieved from /home/airflow/.local/lib/python3.8/site-packages/airflow/example_dags/example_task_group.py
[2024-02-23T16:51:58.688+0000] {logging_mixin.py:188} INFO - [2024-02-23T16:51:58.687+0000] {dag.py:3036} INFO - Sync 1 DAGs
[2024-02-23T16:51:58.743+0000] {logging_mixin.py:188} INFO - [2024-02-23T16:51:58.743+0000] {dag.py:3823} INFO - Setting next_dagrun for example_task_group to 2024-02-22 00:00:00+00:00, run_after=2024-02-23 00:00:00+00:00
[2024-02-23T16:51:58.776+0000] {processor.py:183} INFO - Processing /home/airflow/.local/lib/python3.8/site-packages/airflow/example_dags/example_task_group.py took 0.340 seconds
[2024-02-23T16:52:29.172+0000] {processor.py:161} INFO - Started process (PID=112) to work on /home/airflow/.local/lib/python3.8/site-packages/airflow/example_dags/example_task_group.py
[2024-02-23T16:52:29.174+0000] {processor.py:830} INFO - Processing file /home/airflow/.local/lib/python3.8/site-packages/airflow/example_dags/example_task_group.py for tasks to queue
[2024-02-23T16:52:29.177+0000] {logging_mixin.py:188} INFO - [2024-02-23T16:52:29.176+0000] {dagbag.py:538} INFO - Filling up the DagBag from /home/airflow/.local/lib/python3.8/site-packages/airflow/example_dags/example_task_group.py
[2024-02-23T16:52:29.189+0000] {processor.py:840} INFO - DAG(s) 'example_task_group' retrieved from /home/airflow/.local/lib/python3.8/site-packages/airflow/example_dags/example_task_group.py
[2024-02-23T16:52:29.234+0000] {logging_mixin.py:188} INFO - [2024-02-23T16:52:29.233+0000] {dag.py:3036} INFO - Sync 1 DAGs
[2024-02-23T16:52:29.278+0000] {logging_mixin.py:188} INFO - [2024-02-23T16:52:29.277+0000] {dag.py:3823} INFO - Setting next_dagrun for example_task_group to 2024-02-22 00:00:00+00:00, run_after=2024-02-23 00:00:00+00:00
[2024-02-23T16:52:29.311+0000] {processor.py:183} INFO - Processing /home/airflow/.local/lib/python3.8/site-packages/airflow/example_dags/example_task_group.py took 0.144 seconds
[2024-02-23T16:52:59.879+0000] {processor.py:161} INFO - Started process (PID=170) to work on /home/airflow/.local/lib/python3.8/site-packages/airflow/example_dags/example_task_group.py
[2024-02-23T16:52:59.880+0000] {processor.py:830} INFO - Processing file /home/airflow/.local/lib/python3.8/site-packages/airflow/example_dags/example_task_group.py for tasks to queue
[2024-02-23T16:52:59.883+0000] {logging_mixin.py:188} INFO - [2024-02-23T16:52:59.882+0000] {dagbag.py:538} INFO - Filling up the DagBag from /home/airflow/.local/lib/python3.8/site-packages/airflow/example_dags/example_task_group.py
[2024-02-23T16:52:59.898+0000] {processor.py:840} INFO - DAG(s) 'example_task_group' retrieved from /home/airflow/.local/lib/python3.8/site-packages/airflow/example_dags/example_task_group.py
[2024-02-23T16:52:59.939+0000] {logging_mixin.py:188} INFO - [2024-02-23T16:52:59.939+0000] {dag.py:3036} INFO - Sync 1 DAGs
[2024-02-23T16:52:59.985+0000] {logging_mixin.py:188} INFO - [2024-02-23T16:52:59.985+0000] {dag.py:3823} INFO - Setting next_dagrun for example_task_group to 2024-02-22 00:00:00+00:00, run_after=2024-02-23 00:00:00+00:00
[2024-02-23T16:53:00.032+0000] {processor.py:183} INFO - Processing /home/airflow/.local/lib/python3.8/site-packages/airflow/example_dags/example_task_group.py took 0.158 seconds
