[2024-02-23T16:33:20.070+0000] {processor.py:161} INFO - Started process (PID=75) to work on /home/airflow/.local/lib/python3.8/site-packages/airflow/example_dags/example_latest_only.py
[2024-02-23T16:33:20.071+0000] {processor.py:830} INFO - Processing file /home/airflow/.local/lib/python3.8/site-packages/airflow/example_dags/example_latest_only.py for tasks to queue
[2024-02-23T16:33:20.075+0000] {logging_mixin.py:188} INFO - [2024-02-23T16:33:20.074+0000] {dagbag.py:538} INFO - Filling up the DagBag from /home/airflow/.local/lib/python3.8/site-packages/airflow/example_dags/example_latest_only.py
[2024-02-23T16:33:20.084+0000] {processor.py:840} INFO - DAG(s) 'latest_only' retrieved from /home/airflow/.local/lib/python3.8/site-packages/airflow/example_dags/example_latest_only.py
[2024-02-23T16:33:20.347+0000] {logging_mixin.py:188} INFO - [2024-02-23T16:33:20.347+0000] {dag.py:3036} INFO - Sync 1 DAGs
[2024-02-23T16:33:20.405+0000] {logging_mixin.py:188} INFO - [2024-02-23T16:33:20.405+0000] {dag.py:3823} INFO - Setting next_dagrun for latest_only to 2024-02-23 12:00:00+00:00, run_after=2024-02-23 16:00:00+00:00
[2024-02-23T16:33:20.450+0000] {processor.py:183} INFO - Processing /home/airflow/.local/lib/python3.8/site-packages/airflow/example_dags/example_latest_only.py took 0.385 seconds
[2024-02-23T16:33:50.586+0000] {processor.py:161} INFO - Started process (PID=132) to work on /home/airflow/.local/lib/python3.8/site-packages/airflow/example_dags/example_latest_only.py
[2024-02-23T16:33:50.588+0000] {processor.py:830} INFO - Processing file /home/airflow/.local/lib/python3.8/site-packages/airflow/example_dags/example_latest_only.py for tasks to queue
[2024-02-23T16:33:50.591+0000] {logging_mixin.py:188} INFO - [2024-02-23T16:33:50.591+0000] {dagbag.py:538} INFO - Filling up the DagBag from /home/airflow/.local/lib/python3.8/site-packages/airflow/example_dags/example_latest_only.py
[2024-02-23T16:33:50.601+0000] {processor.py:840} INFO - DAG(s) 'latest_only' retrieved from /home/airflow/.local/lib/python3.8/site-packages/airflow/example_dags/example_latest_only.py
[2024-02-23T16:33:50.637+0000] {logging_mixin.py:188} INFO - [2024-02-23T16:33:50.636+0000] {dag.py:3036} INFO - Sync 1 DAGs
[2024-02-23T16:33:50.684+0000] {logging_mixin.py:188} INFO - [2024-02-23T16:33:50.684+0000] {dag.py:3823} INFO - Setting next_dagrun for latest_only to 2024-02-23 12:00:00+00:00, run_after=2024-02-23 16:00:00+00:00
[2024-02-23T16:33:50.717+0000] {processor.py:183} INFO - Processing /home/airflow/.local/lib/python3.8/site-packages/airflow/example_dags/example_latest_only.py took 0.136 seconds
[2024-02-23T16:34:21.472+0000] {processor.py:161} INFO - Started process (PID=189) to work on /home/airflow/.local/lib/python3.8/site-packages/airflow/example_dags/example_latest_only.py
[2024-02-23T16:34:21.473+0000] {processor.py:830} INFO - Processing file /home/airflow/.local/lib/python3.8/site-packages/airflow/example_dags/example_latest_only.py for tasks to queue
[2024-02-23T16:34:21.477+0000] {logging_mixin.py:188} INFO - [2024-02-23T16:34:21.476+0000] {dagbag.py:538} INFO - Filling up the DagBag from /home/airflow/.local/lib/python3.8/site-packages/airflow/example_dags/example_latest_only.py
[2024-02-23T16:34:21.484+0000] {processor.py:840} INFO - DAG(s) 'latest_only' retrieved from /home/airflow/.local/lib/python3.8/site-packages/airflow/example_dags/example_latest_only.py
[2024-02-23T16:34:21.520+0000] {logging_mixin.py:188} INFO - [2024-02-23T16:34:21.519+0000] {dag.py:3036} INFO - Sync 1 DAGs
[2024-02-23T16:34:21.563+0000] {logging_mixin.py:188} INFO - [2024-02-23T16:34:21.563+0000] {dag.py:3823} INFO - Setting next_dagrun for latest_only to 2024-02-23 12:00:00+00:00, run_after=2024-02-23 16:00:00+00:00
[2024-02-23T16:34:21.596+0000] {processor.py:183} INFO - Processing /home/airflow/.local/lib/python3.8/site-packages/airflow/example_dags/example_latest_only.py took 0.130 seconds
[2024-02-23T16:34:51.884+0000] {processor.py:161} INFO - Started process (PID=246) to work on /home/airflow/.local/lib/python3.8/site-packages/airflow/example_dags/example_latest_only.py
[2024-02-23T16:34:51.886+0000] {processor.py:830} INFO - Processing file /home/airflow/.local/lib/python3.8/site-packages/airflow/example_dags/example_latest_only.py for tasks to queue
[2024-02-23T16:34:51.889+0000] {logging_mixin.py:188} INFO - [2024-02-23T16:34:51.888+0000] {dagbag.py:538} INFO - Filling up the DagBag from /home/airflow/.local/lib/python3.8/site-packages/airflow/example_dags/example_latest_only.py
[2024-02-23T16:34:51.897+0000] {processor.py:840} INFO - DAG(s) 'latest_only' retrieved from /home/airflow/.local/lib/python3.8/site-packages/airflow/example_dags/example_latest_only.py
[2024-02-23T16:34:51.931+0000] {logging_mixin.py:188} INFO - [2024-02-23T16:34:51.930+0000] {dag.py:3036} INFO - Sync 1 DAGs
[2024-02-23T16:34:51.968+0000] {logging_mixin.py:188} INFO - [2024-02-23T16:34:51.968+0000] {dag.py:3823} INFO - Setting next_dagrun for latest_only to 2024-02-23 12:00:00+00:00, run_after=2024-02-23 16:00:00+00:00
[2024-02-23T16:34:52.003+0000] {processor.py:183} INFO - Processing /home/airflow/.local/lib/python3.8/site-packages/airflow/example_dags/example_latest_only.py took 0.124 seconds
[2024-02-23T16:35:22.615+0000] {processor.py:161} INFO - Started process (PID=303) to work on /home/airflow/.local/lib/python3.8/site-packages/airflow/example_dags/example_latest_only.py
[2024-02-23T16:35:22.617+0000] {processor.py:830} INFO - Processing file /home/airflow/.local/lib/python3.8/site-packages/airflow/example_dags/example_latest_only.py for tasks to queue
[2024-02-23T16:35:22.619+0000] {logging_mixin.py:188} INFO - [2024-02-23T16:35:22.619+0000] {dagbag.py:538} INFO - Filling up the DagBag from /home/airflow/.local/lib/python3.8/site-packages/airflow/example_dags/example_latest_only.py
[2024-02-23T16:35:22.627+0000] {processor.py:840} INFO - DAG(s) 'latest_only' retrieved from /home/airflow/.local/lib/python3.8/site-packages/airflow/example_dags/example_latest_only.py
[2024-02-23T16:35:22.657+0000] {logging_mixin.py:188} INFO - [2024-02-23T16:35:22.657+0000] {dag.py:3036} INFO - Sync 1 DAGs
[2024-02-23T16:35:22.694+0000] {logging_mixin.py:188} INFO - [2024-02-23T16:35:22.694+0000] {dag.py:3823} INFO - Setting next_dagrun for latest_only to 2024-02-23 12:00:00+00:00, run_after=2024-02-23 16:00:00+00:00
[2024-02-23T16:35:22.723+0000] {processor.py:183} INFO - Processing /home/airflow/.local/lib/python3.8/site-packages/airflow/example_dags/example_latest_only.py took 0.115 seconds
[2024-02-23T16:35:53.023+0000] {processor.py:161} INFO - Started process (PID=361) to work on /home/airflow/.local/lib/python3.8/site-packages/airflow/example_dags/example_latest_only.py
[2024-02-23T16:35:53.025+0000] {processor.py:830} INFO - Processing file /home/airflow/.local/lib/python3.8/site-packages/airflow/example_dags/example_latest_only.py for tasks to queue
[2024-02-23T16:35:53.028+0000] {logging_mixin.py:188} INFO - [2024-02-23T16:35:53.027+0000] {dagbag.py:538} INFO - Filling up the DagBag from /home/airflow/.local/lib/python3.8/site-packages/airflow/example_dags/example_latest_only.py
[2024-02-23T16:35:53.037+0000] {processor.py:840} INFO - DAG(s) 'latest_only' retrieved from /home/airflow/.local/lib/python3.8/site-packages/airflow/example_dags/example_latest_only.py
[2024-02-23T16:35:53.100+0000] {logging_mixin.py:188} INFO - [2024-02-23T16:35:53.100+0000] {dag.py:3036} INFO - Sync 1 DAGs
[2024-02-23T16:35:53.165+0000] {logging_mixin.py:188} INFO - [2024-02-23T16:35:53.165+0000] {dag.py:3823} INFO - Setting next_dagrun for latest_only to 2024-02-23 12:00:00+00:00, run_after=2024-02-23 16:00:00+00:00
[2024-02-23T16:35:53.216+0000] {processor.py:183} INFO - Processing /home/airflow/.local/lib/python3.8/site-packages/airflow/example_dags/example_latest_only.py took 0.200 seconds
[2024-02-23T16:36:23.346+0000] {processor.py:161} INFO - Started process (PID=418) to work on /home/airflow/.local/lib/python3.8/site-packages/airflow/example_dags/example_latest_only.py
[2024-02-23T16:36:23.349+0000] {processor.py:830} INFO - Processing file /home/airflow/.local/lib/python3.8/site-packages/airflow/example_dags/example_latest_only.py for tasks to queue
[2024-02-23T16:36:23.352+0000] {logging_mixin.py:188} INFO - [2024-02-23T16:36:23.351+0000] {dagbag.py:538} INFO - Filling up the DagBag from /home/airflow/.local/lib/python3.8/site-packages/airflow/example_dags/example_latest_only.py
[2024-02-23T16:36:23.360+0000] {processor.py:840} INFO - DAG(s) 'latest_only' retrieved from /home/airflow/.local/lib/python3.8/site-packages/airflow/example_dags/example_latest_only.py
[2024-02-23T16:36:23.394+0000] {logging_mixin.py:188} INFO - [2024-02-23T16:36:23.393+0000] {dag.py:3036} INFO - Sync 1 DAGs
[2024-02-23T16:36:23.449+0000] {logging_mixin.py:188} INFO - [2024-02-23T16:36:23.448+0000] {dag.py:3823} INFO - Setting next_dagrun for latest_only to 2024-02-23 12:00:00+00:00, run_after=2024-02-23 16:00:00+00:00
[2024-02-23T16:36:23.476+0000] {processor.py:183} INFO - Processing /home/airflow/.local/lib/python3.8/site-packages/airflow/example_dags/example_latest_only.py took 0.136 seconds
[2024-02-23T16:36:54.344+0000] {processor.py:161} INFO - Started process (PID=475) to work on /home/airflow/.local/lib/python3.8/site-packages/airflow/example_dags/example_latest_only.py
[2024-02-23T16:36:54.361+0000] {processor.py:830} INFO - Processing file /home/airflow/.local/lib/python3.8/site-packages/airflow/example_dags/example_latest_only.py for tasks to queue
[2024-02-23T16:36:54.366+0000] {logging_mixin.py:188} INFO - [2024-02-23T16:36:54.366+0000] {dagbag.py:538} INFO - Filling up the DagBag from /home/airflow/.local/lib/python3.8/site-packages/airflow/example_dags/example_latest_only.py
[2024-02-23T16:36:54.375+0000] {processor.py:840} INFO - DAG(s) 'latest_only' retrieved from /home/airflow/.local/lib/python3.8/site-packages/airflow/example_dags/example_latest_only.py
[2024-02-23T16:36:54.413+0000] {logging_mixin.py:188} INFO - [2024-02-23T16:36:54.413+0000] {dag.py:3036} INFO - Sync 1 DAGs
[2024-02-23T16:36:54.451+0000] {logging_mixin.py:188} INFO - [2024-02-23T16:36:54.451+0000] {dag.py:3823} INFO - Setting next_dagrun for latest_only to 2024-02-23 12:00:00+00:00, run_after=2024-02-23 16:00:00+00:00
[2024-02-23T16:36:54.482+0000] {processor.py:183} INFO - Processing /home/airflow/.local/lib/python3.8/site-packages/airflow/example_dags/example_latest_only.py took 0.144 seconds
[2024-02-23T16:37:24.751+0000] {processor.py:161} INFO - Started process (PID=532) to work on /home/airflow/.local/lib/python3.8/site-packages/airflow/example_dags/example_latest_only.py
[2024-02-23T16:37:24.752+0000] {processor.py:830} INFO - Processing file /home/airflow/.local/lib/python3.8/site-packages/airflow/example_dags/example_latest_only.py for tasks to queue
[2024-02-23T16:37:24.756+0000] {logging_mixin.py:188} INFO - [2024-02-23T16:37:24.755+0000] {dagbag.py:538} INFO - Filling up the DagBag from /home/airflow/.local/lib/python3.8/site-packages/airflow/example_dags/example_latest_only.py
[2024-02-23T16:37:24.765+0000] {processor.py:840} INFO - DAG(s) 'latest_only' retrieved from /home/airflow/.local/lib/python3.8/site-packages/airflow/example_dags/example_latest_only.py
[2024-02-23T16:37:24.806+0000] {logging_mixin.py:188} INFO - [2024-02-23T16:37:24.806+0000] {dag.py:3036} INFO - Sync 1 DAGs
[2024-02-23T16:37:24.862+0000] {logging_mixin.py:188} INFO - [2024-02-23T16:37:24.862+0000] {dag.py:3823} INFO - Setting next_dagrun for latest_only to 2024-02-23 12:00:00+00:00, run_after=2024-02-23 16:00:00+00:00
[2024-02-23T16:37:24.907+0000] {processor.py:183} INFO - Processing /home/airflow/.local/lib/python3.8/site-packages/airflow/example_dags/example_latest_only.py took 0.163 seconds
[2024-02-23T16:37:55.302+0000] {processor.py:161} INFO - Started process (PID=589) to work on /home/airflow/.local/lib/python3.8/site-packages/airflow/example_dags/example_latest_only.py
[2024-02-23T16:37:55.305+0000] {processor.py:830} INFO - Processing file /home/airflow/.local/lib/python3.8/site-packages/airflow/example_dags/example_latest_only.py for tasks to queue
[2024-02-23T16:37:55.308+0000] {logging_mixin.py:188} INFO - [2024-02-23T16:37:55.308+0000] {dagbag.py:538} INFO - Filling up the DagBag from /home/airflow/.local/lib/python3.8/site-packages/airflow/example_dags/example_latest_only.py
[2024-02-23T16:37:55.320+0000] {processor.py:840} INFO - DAG(s) 'latest_only' retrieved from /home/airflow/.local/lib/python3.8/site-packages/airflow/example_dags/example_latest_only.py
[2024-02-23T16:37:55.357+0000] {logging_mixin.py:188} INFO - [2024-02-23T16:37:55.356+0000] {dag.py:3036} INFO - Sync 1 DAGs
[2024-02-23T16:37:55.398+0000] {logging_mixin.py:188} INFO - [2024-02-23T16:37:55.398+0000] {dag.py:3823} INFO - Setting next_dagrun for latest_only to 2024-02-23 12:00:00+00:00, run_after=2024-02-23 16:00:00+00:00
[2024-02-23T16:37:55.433+0000] {processor.py:183} INFO - Processing /home/airflow/.local/lib/python3.8/site-packages/airflow/example_dags/example_latest_only.py took 0.137 seconds
[2024-02-23T16:38:26.019+0000] {processor.py:161} INFO - Started process (PID=646) to work on /home/airflow/.local/lib/python3.8/site-packages/airflow/example_dags/example_latest_only.py
[2024-02-23T16:38:26.020+0000] {processor.py:830} INFO - Processing file /home/airflow/.local/lib/python3.8/site-packages/airflow/example_dags/example_latest_only.py for tasks to queue
[2024-02-23T16:38:26.023+0000] {logging_mixin.py:188} INFO - [2024-02-23T16:38:26.023+0000] {dagbag.py:538} INFO - Filling up the DagBag from /home/airflow/.local/lib/python3.8/site-packages/airflow/example_dags/example_latest_only.py
[2024-02-23T16:38:26.032+0000] {processor.py:840} INFO - DAG(s) 'latest_only' retrieved from /home/airflow/.local/lib/python3.8/site-packages/airflow/example_dags/example_latest_only.py
[2024-02-23T16:38:26.066+0000] {logging_mixin.py:188} INFO - [2024-02-23T16:38:26.066+0000] {dag.py:3036} INFO - Sync 1 DAGs
[2024-02-23T16:38:26.110+0000] {logging_mixin.py:188} INFO - [2024-02-23T16:38:26.109+0000] {dag.py:3823} INFO - Setting next_dagrun for latest_only to 2024-02-23 12:00:00+00:00, run_after=2024-02-23 16:00:00+00:00
[2024-02-23T16:38:26.141+0000] {processor.py:183} INFO - Processing /home/airflow/.local/lib/python3.8/site-packages/airflow/example_dags/example_latest_only.py took 0.127 seconds
[2024-02-23T16:38:56.472+0000] {processor.py:161} INFO - Started process (PID=702) to work on /home/airflow/.local/lib/python3.8/site-packages/airflow/example_dags/example_latest_only.py
[2024-02-23T16:38:56.473+0000] {processor.py:830} INFO - Processing file /home/airflow/.local/lib/python3.8/site-packages/airflow/example_dags/example_latest_only.py for tasks to queue
[2024-02-23T16:38:56.476+0000] {logging_mixin.py:188} INFO - [2024-02-23T16:38:56.476+0000] {dagbag.py:538} INFO - Filling up the DagBag from /home/airflow/.local/lib/python3.8/site-packages/airflow/example_dags/example_latest_only.py
[2024-02-23T16:38:56.484+0000] {processor.py:840} INFO - DAG(s) 'latest_only' retrieved from /home/airflow/.local/lib/python3.8/site-packages/airflow/example_dags/example_latest_only.py
[2024-02-23T16:38:56.516+0000] {logging_mixin.py:188} INFO - [2024-02-23T16:38:56.516+0000] {dag.py:3036} INFO - Sync 1 DAGs
[2024-02-23T16:38:56.571+0000] {logging_mixin.py:188} INFO - [2024-02-23T16:38:56.571+0000] {dag.py:3823} INFO - Setting next_dagrun for latest_only to 2024-02-23 12:00:00+00:00, run_after=2024-02-23 16:00:00+00:00
[2024-02-23T16:38:56.611+0000] {processor.py:183} INFO - Processing /home/airflow/.local/lib/python3.8/site-packages/airflow/example_dags/example_latest_only.py took 0.145 seconds
[2024-02-23T16:39:26.895+0000] {processor.py:161} INFO - Started process (PID=759) to work on /home/airflow/.local/lib/python3.8/site-packages/airflow/example_dags/example_latest_only.py
[2024-02-23T16:39:26.897+0000] {processor.py:830} INFO - Processing file /home/airflow/.local/lib/python3.8/site-packages/airflow/example_dags/example_latest_only.py for tasks to queue
[2024-02-23T16:39:26.900+0000] {logging_mixin.py:188} INFO - [2024-02-23T16:39:26.900+0000] {dagbag.py:538} INFO - Filling up the DagBag from /home/airflow/.local/lib/python3.8/site-packages/airflow/example_dags/example_latest_only.py
[2024-02-23T16:39:26.909+0000] {processor.py:840} INFO - DAG(s) 'latest_only' retrieved from /home/airflow/.local/lib/python3.8/site-packages/airflow/example_dags/example_latest_only.py
[2024-02-23T16:39:26.945+0000] {logging_mixin.py:188} INFO - [2024-02-23T16:39:26.944+0000] {dag.py:3036} INFO - Sync 1 DAGs
[2024-02-23T16:39:26.991+0000] {logging_mixin.py:188} INFO - [2024-02-23T16:39:26.991+0000] {dag.py:3823} INFO - Setting next_dagrun for latest_only to 2024-02-23 12:00:00+00:00, run_after=2024-02-23 16:00:00+00:00
[2024-02-23T16:39:27.023+0000] {processor.py:183} INFO - Processing /home/airflow/.local/lib/python3.8/site-packages/airflow/example_dags/example_latest_only.py took 0.135 seconds
[2024-02-23T16:39:57.828+0000] {processor.py:161} INFO - Started process (PID=816) to work on /home/airflow/.local/lib/python3.8/site-packages/airflow/example_dags/example_latest_only.py
[2024-02-23T16:39:57.830+0000] {processor.py:830} INFO - Processing file /home/airflow/.local/lib/python3.8/site-packages/airflow/example_dags/example_latest_only.py for tasks to queue
[2024-02-23T16:39:57.833+0000] {logging_mixin.py:188} INFO - [2024-02-23T16:39:57.833+0000] {dagbag.py:538} INFO - Filling up the DagBag from /home/airflow/.local/lib/python3.8/site-packages/airflow/example_dags/example_latest_only.py
[2024-02-23T16:39:57.842+0000] {processor.py:840} INFO - DAG(s) 'latest_only' retrieved from /home/airflow/.local/lib/python3.8/site-packages/airflow/example_dags/example_latest_only.py
[2024-02-23T16:39:57.876+0000] {logging_mixin.py:188} INFO - [2024-02-23T16:39:57.876+0000] {dag.py:3036} INFO - Sync 1 DAGs
[2024-02-23T16:39:57.914+0000] {logging_mixin.py:188} INFO - [2024-02-23T16:39:57.914+0000] {dag.py:3823} INFO - Setting next_dagrun for latest_only to 2024-02-23 12:00:00+00:00, run_after=2024-02-23 16:00:00+00:00
[2024-02-23T16:39:57.946+0000] {processor.py:183} INFO - Processing /home/airflow/.local/lib/python3.8/site-packages/airflow/example_dags/example_latest_only.py took 0.124 seconds
[2024-02-23T16:40:28.169+0000] {processor.py:161} INFO - Started process (PID=873) to work on /home/airflow/.local/lib/python3.8/site-packages/airflow/example_dags/example_latest_only.py
[2024-02-23T16:40:28.171+0000] {processor.py:830} INFO - Processing file /home/airflow/.local/lib/python3.8/site-packages/airflow/example_dags/example_latest_only.py for tasks to queue
[2024-02-23T16:40:28.174+0000] {logging_mixin.py:188} INFO - [2024-02-23T16:40:28.174+0000] {dagbag.py:538} INFO - Filling up the DagBag from /home/airflow/.local/lib/python3.8/site-packages/airflow/example_dags/example_latest_only.py
[2024-02-23T16:40:28.183+0000] {processor.py:840} INFO - DAG(s) 'latest_only' retrieved from /home/airflow/.local/lib/python3.8/site-packages/airflow/example_dags/example_latest_only.py
[2024-02-23T16:40:28.222+0000] {logging_mixin.py:188} INFO - [2024-02-23T16:40:28.221+0000] {dag.py:3036} INFO - Sync 1 DAGs
[2024-02-23T16:40:28.280+0000] {logging_mixin.py:188} INFO - [2024-02-23T16:40:28.280+0000] {dag.py:3823} INFO - Setting next_dagrun for latest_only to 2024-02-23 12:00:00+00:00, run_after=2024-02-23 16:00:00+00:00
[2024-02-23T16:40:28.325+0000] {processor.py:183} INFO - Processing /home/airflow/.local/lib/python3.8/site-packages/airflow/example_dags/example_latest_only.py took 0.162 seconds
[2024-02-23T16:40:59.238+0000] {processor.py:161} INFO - Started process (PID=931) to work on /home/airflow/.local/lib/python3.8/site-packages/airflow/example_dags/example_latest_only.py
[2024-02-23T16:40:59.240+0000] {processor.py:830} INFO - Processing file /home/airflow/.local/lib/python3.8/site-packages/airflow/example_dags/example_latest_only.py for tasks to queue
[2024-02-23T16:40:59.244+0000] {logging_mixin.py:188} INFO - [2024-02-23T16:40:59.243+0000] {dagbag.py:538} INFO - Filling up the DagBag from /home/airflow/.local/lib/python3.8/site-packages/airflow/example_dags/example_latest_only.py
[2024-02-23T16:40:59.252+0000] {processor.py:840} INFO - DAG(s) 'latest_only' retrieved from /home/airflow/.local/lib/python3.8/site-packages/airflow/example_dags/example_latest_only.py
[2024-02-23T16:40:59.304+0000] {logging_mixin.py:188} INFO - [2024-02-23T16:40:59.303+0000] {dag.py:3036} INFO - Sync 1 DAGs
[2024-02-23T16:40:59.363+0000] {logging_mixin.py:188} INFO - [2024-02-23T16:40:59.362+0000] {dag.py:3823} INFO - Setting next_dagrun for latest_only to 2024-02-23 12:00:00+00:00, run_after=2024-02-23 16:00:00+00:00
[2024-02-23T16:40:59.402+0000] {processor.py:183} INFO - Processing /home/airflow/.local/lib/python3.8/site-packages/airflow/example_dags/example_latest_only.py took 0.169 seconds
[2024-02-23T16:41:30.219+0000] {processor.py:161} INFO - Started process (PID=988) to work on /home/airflow/.local/lib/python3.8/site-packages/airflow/example_dags/example_latest_only.py
[2024-02-23T16:41:30.221+0000] {processor.py:830} INFO - Processing file /home/airflow/.local/lib/python3.8/site-packages/airflow/example_dags/example_latest_only.py for tasks to queue
[2024-02-23T16:41:30.225+0000] {logging_mixin.py:188} INFO - [2024-02-23T16:41:30.224+0000] {dagbag.py:538} INFO - Filling up the DagBag from /home/airflow/.local/lib/python3.8/site-packages/airflow/example_dags/example_latest_only.py
[2024-02-23T16:41:30.240+0000] {processor.py:840} INFO - DAG(s) 'latest_only' retrieved from /home/airflow/.local/lib/python3.8/site-packages/airflow/example_dags/example_latest_only.py
[2024-02-23T16:41:30.293+0000] {logging_mixin.py:188} INFO - [2024-02-23T16:41:30.292+0000] {dag.py:3036} INFO - Sync 1 DAGs
[2024-02-23T16:41:30.357+0000] {logging_mixin.py:188} INFO - [2024-02-23T16:41:30.356+0000] {dag.py:3823} INFO - Setting next_dagrun for latest_only to 2024-02-23 12:00:00+00:00, run_after=2024-02-23 16:00:00+00:00
[2024-02-23T16:41:30.398+0000] {processor.py:183} INFO - Processing /home/airflow/.local/lib/python3.8/site-packages/airflow/example_dags/example_latest_only.py took 0.188 seconds
[2024-02-23T16:43:09.655+0000] {processor.py:161} INFO - Started process (PID=75) to work on /home/airflow/.local/lib/python3.8/site-packages/airflow/example_dags/example_latest_only.py
[2024-02-23T16:43:09.657+0000] {processor.py:830} INFO - Processing file /home/airflow/.local/lib/python3.8/site-packages/airflow/example_dags/example_latest_only.py for tasks to queue
[2024-02-23T16:43:09.660+0000] {logging_mixin.py:188} INFO - [2024-02-23T16:43:09.659+0000] {dagbag.py:538} INFO - Filling up the DagBag from /home/airflow/.local/lib/python3.8/site-packages/airflow/example_dags/example_latest_only.py
[2024-02-23T16:43:09.667+0000] {processor.py:840} INFO - DAG(s) 'latest_only' retrieved from /home/airflow/.local/lib/python3.8/site-packages/airflow/example_dags/example_latest_only.py
[2024-02-23T16:43:09.921+0000] {logging_mixin.py:188} INFO - [2024-02-23T16:43:09.921+0000] {dag.py:3036} INFO - Sync 1 DAGs
[2024-02-23T16:43:09.979+0000] {logging_mixin.py:188} INFO - [2024-02-23T16:43:09.979+0000] {dag.py:3823} INFO - Setting next_dagrun for latest_only to 2024-02-23 12:00:00+00:00, run_after=2024-02-23 16:00:00+00:00
[2024-02-23T16:43:10.026+0000] {processor.py:183} INFO - Processing /home/airflow/.local/lib/python3.8/site-packages/airflow/example_dags/example_latest_only.py took 0.376 seconds
[2024-02-23T16:43:40.262+0000] {processor.py:161} INFO - Started process (PID=132) to work on /home/airflow/.local/lib/python3.8/site-packages/airflow/example_dags/example_latest_only.py
[2024-02-23T16:43:40.265+0000] {processor.py:830} INFO - Processing file /home/airflow/.local/lib/python3.8/site-packages/airflow/example_dags/example_latest_only.py for tasks to queue
[2024-02-23T16:43:40.268+0000] {logging_mixin.py:188} INFO - [2024-02-23T16:43:40.268+0000] {dagbag.py:538} INFO - Filling up the DagBag from /home/airflow/.local/lib/python3.8/site-packages/airflow/example_dags/example_latest_only.py
[2024-02-23T16:43:40.278+0000] {processor.py:840} INFO - DAG(s) 'latest_only' retrieved from /home/airflow/.local/lib/python3.8/site-packages/airflow/example_dags/example_latest_only.py
[2024-02-23T16:43:40.320+0000] {logging_mixin.py:188} INFO - [2024-02-23T16:43:40.319+0000] {dag.py:3036} INFO - Sync 1 DAGs
[2024-02-23T16:43:40.374+0000] {logging_mixin.py:188} INFO - [2024-02-23T16:43:40.373+0000] {dag.py:3823} INFO - Setting next_dagrun for latest_only to 2024-02-23 12:00:00+00:00, run_after=2024-02-23 16:00:00+00:00
[2024-02-23T16:43:40.424+0000] {processor.py:183} INFO - Processing /home/airflow/.local/lib/python3.8/site-packages/airflow/example_dags/example_latest_only.py took 0.168 seconds
[2024-02-23T16:44:10.466+0000] {processor.py:161} INFO - Started process (PID=189) to work on /home/airflow/.local/lib/python3.8/site-packages/airflow/example_dags/example_latest_only.py
[2024-02-23T16:44:10.469+0000] {processor.py:830} INFO - Processing file /home/airflow/.local/lib/python3.8/site-packages/airflow/example_dags/example_latest_only.py for tasks to queue
[2024-02-23T16:44:10.471+0000] {logging_mixin.py:188} INFO - [2024-02-23T16:44:10.471+0000] {dagbag.py:538} INFO - Filling up the DagBag from /home/airflow/.local/lib/python3.8/site-packages/airflow/example_dags/example_latest_only.py
[2024-02-23T16:44:10.479+0000] {processor.py:840} INFO - DAG(s) 'latest_only' retrieved from /home/airflow/.local/lib/python3.8/site-packages/airflow/example_dags/example_latest_only.py
[2024-02-23T16:44:10.512+0000] {logging_mixin.py:188} INFO - [2024-02-23T16:44:10.511+0000] {dag.py:3036} INFO - Sync 1 DAGs
[2024-02-23T16:44:10.552+0000] {logging_mixin.py:188} INFO - [2024-02-23T16:44:10.551+0000] {dag.py:3823} INFO - Setting next_dagrun for latest_only to 2024-02-23 12:00:00+00:00, run_after=2024-02-23 16:00:00+00:00
[2024-02-23T16:44:10.582+0000] {processor.py:183} INFO - Processing /home/airflow/.local/lib/python3.8/site-packages/airflow/example_dags/example_latest_only.py took 0.122 seconds
[2024-02-23T16:44:40.982+0000] {processor.py:161} INFO - Started process (PID=246) to work on /home/airflow/.local/lib/python3.8/site-packages/airflow/example_dags/example_latest_only.py
[2024-02-23T16:44:40.984+0000] {processor.py:830} INFO - Processing file /home/airflow/.local/lib/python3.8/site-packages/airflow/example_dags/example_latest_only.py for tasks to queue
[2024-02-23T16:44:40.987+0000] {logging_mixin.py:188} INFO - [2024-02-23T16:44:40.987+0000] {dagbag.py:538} INFO - Filling up the DagBag from /home/airflow/.local/lib/python3.8/site-packages/airflow/example_dags/example_latest_only.py
[2024-02-23T16:44:40.997+0000] {processor.py:840} INFO - DAG(s) 'latest_only' retrieved from /home/airflow/.local/lib/python3.8/site-packages/airflow/example_dags/example_latest_only.py
[2024-02-23T16:44:41.039+0000] {logging_mixin.py:188} INFO - [2024-02-23T16:44:41.038+0000] {dag.py:3036} INFO - Sync 1 DAGs
[2024-02-23T16:44:41.091+0000] {logging_mixin.py:188} INFO - [2024-02-23T16:44:41.090+0000] {dag.py:3823} INFO - Setting next_dagrun for latest_only to 2024-02-23 12:00:00+00:00, run_after=2024-02-23 16:00:00+00:00
[2024-02-23T16:44:41.128+0000] {processor.py:183} INFO - Processing /home/airflow/.local/lib/python3.8/site-packages/airflow/example_dags/example_latest_only.py took 0.152 seconds
[2024-02-23T16:45:11.479+0000] {processor.py:161} INFO - Started process (PID=303) to work on /home/airflow/.local/lib/python3.8/site-packages/airflow/example_dags/example_latest_only.py
[2024-02-23T16:45:11.481+0000] {processor.py:830} INFO - Processing file /home/airflow/.local/lib/python3.8/site-packages/airflow/example_dags/example_latest_only.py for tasks to queue
[2024-02-23T16:45:11.483+0000] {logging_mixin.py:188} INFO - [2024-02-23T16:45:11.483+0000] {dagbag.py:538} INFO - Filling up the DagBag from /home/airflow/.local/lib/python3.8/site-packages/airflow/example_dags/example_latest_only.py
[2024-02-23T16:45:11.492+0000] {processor.py:840} INFO - DAG(s) 'latest_only' retrieved from /home/airflow/.local/lib/python3.8/site-packages/airflow/example_dags/example_latest_only.py
[2024-02-23T16:45:11.526+0000] {logging_mixin.py:188} INFO - [2024-02-23T16:45:11.526+0000] {dag.py:3036} INFO - Sync 1 DAGs
[2024-02-23T16:45:11.568+0000] {logging_mixin.py:188} INFO - [2024-02-23T16:45:11.568+0000] {dag.py:3823} INFO - Setting next_dagrun for latest_only to 2024-02-23 12:00:00+00:00, run_after=2024-02-23 16:00:00+00:00
[2024-02-23T16:45:11.605+0000] {processor.py:183} INFO - Processing /home/airflow/.local/lib/python3.8/site-packages/airflow/example_dags/example_latest_only.py took 0.131 seconds
[2024-02-23T16:45:41.938+0000] {processor.py:161} INFO - Started process (PID=359) to work on /home/airflow/.local/lib/python3.8/site-packages/airflow/example_dags/example_latest_only.py
[2024-02-23T16:45:41.940+0000] {processor.py:830} INFO - Processing file /home/airflow/.local/lib/python3.8/site-packages/airflow/example_dags/example_latest_only.py for tasks to queue
[2024-02-23T16:45:41.944+0000] {logging_mixin.py:188} INFO - [2024-02-23T16:45:41.943+0000] {dagbag.py:538} INFO - Filling up the DagBag from /home/airflow/.local/lib/python3.8/site-packages/airflow/example_dags/example_latest_only.py
[2024-02-23T16:45:41.955+0000] {processor.py:840} INFO - DAG(s) 'latest_only' retrieved from /home/airflow/.local/lib/python3.8/site-packages/airflow/example_dags/example_latest_only.py
[2024-02-23T16:45:41.999+0000] {logging_mixin.py:188} INFO - [2024-02-23T16:45:41.999+0000] {dag.py:3036} INFO - Sync 1 DAGs
[2024-02-23T16:45:42.051+0000] {logging_mixin.py:188} INFO - [2024-02-23T16:45:42.050+0000] {dag.py:3823} INFO - Setting next_dagrun for latest_only to 2024-02-23 12:00:00+00:00, run_after=2024-02-23 16:00:00+00:00
[2024-02-23T16:45:42.092+0000] {processor.py:183} INFO - Processing /home/airflow/.local/lib/python3.8/site-packages/airflow/example_dags/example_latest_only.py took 0.160 seconds
[2024-02-23T16:46:12.167+0000] {processor.py:161} INFO - Started process (PID=416) to work on /home/airflow/.local/lib/python3.8/site-packages/airflow/example_dags/example_latest_only.py
[2024-02-23T16:46:12.169+0000] {processor.py:830} INFO - Processing file /home/airflow/.local/lib/python3.8/site-packages/airflow/example_dags/example_latest_only.py for tasks to queue
[2024-02-23T16:46:12.171+0000] {logging_mixin.py:188} INFO - [2024-02-23T16:46:12.171+0000] {dagbag.py:538} INFO - Filling up the DagBag from /home/airflow/.local/lib/python3.8/site-packages/airflow/example_dags/example_latest_only.py
[2024-02-23T16:46:12.179+0000] {processor.py:840} INFO - DAG(s) 'latest_only' retrieved from /home/airflow/.local/lib/python3.8/site-packages/airflow/example_dags/example_latest_only.py
[2024-02-23T16:46:12.211+0000] {logging_mixin.py:188} INFO - [2024-02-23T16:46:12.211+0000] {dag.py:3036} INFO - Sync 1 DAGs
[2024-02-23T16:46:12.256+0000] {logging_mixin.py:188} INFO - [2024-02-23T16:46:12.255+0000] {dag.py:3823} INFO - Setting next_dagrun for latest_only to 2024-02-23 12:00:00+00:00, run_after=2024-02-23 16:00:00+00:00
[2024-02-23T16:46:12.288+0000] {processor.py:183} INFO - Processing /home/airflow/.local/lib/python3.8/site-packages/airflow/example_dags/example_latest_only.py took 0.125 seconds
[2024-02-23T16:46:42.936+0000] {processor.py:161} INFO - Started process (PID=473) to work on /home/airflow/.local/lib/python3.8/site-packages/airflow/example_dags/example_latest_only.py
[2024-02-23T16:46:42.938+0000] {processor.py:830} INFO - Processing file /home/airflow/.local/lib/python3.8/site-packages/airflow/example_dags/example_latest_only.py for tasks to queue
[2024-02-23T16:46:42.940+0000] {logging_mixin.py:188} INFO - [2024-02-23T16:46:42.940+0000] {dagbag.py:538} INFO - Filling up the DagBag from /home/airflow/.local/lib/python3.8/site-packages/airflow/example_dags/example_latest_only.py
[2024-02-23T16:46:42.949+0000] {processor.py:840} INFO - DAG(s) 'latest_only' retrieved from /home/airflow/.local/lib/python3.8/site-packages/airflow/example_dags/example_latest_only.py
[2024-02-23T16:46:42.983+0000] {logging_mixin.py:188} INFO - [2024-02-23T16:46:42.982+0000] {dag.py:3036} INFO - Sync 1 DAGs
[2024-02-23T16:46:43.024+0000] {logging_mixin.py:188} INFO - [2024-02-23T16:46:43.023+0000] {dag.py:3823} INFO - Setting next_dagrun for latest_only to 2024-02-23 12:00:00+00:00, run_after=2024-02-23 16:00:00+00:00
[2024-02-23T16:46:43.052+0000] {processor.py:183} INFO - Processing /home/airflow/.local/lib/python3.8/site-packages/airflow/example_dags/example_latest_only.py took 0.120 seconds
[2024-02-23T16:47:13.474+0000] {processor.py:161} INFO - Started process (PID=530) to work on /home/airflow/.local/lib/python3.8/site-packages/airflow/example_dags/example_latest_only.py
[2024-02-23T16:47:13.476+0000] {processor.py:830} INFO - Processing file /home/airflow/.local/lib/python3.8/site-packages/airflow/example_dags/example_latest_only.py for tasks to queue
[2024-02-23T16:47:13.479+0000] {logging_mixin.py:188} INFO - [2024-02-23T16:47:13.478+0000] {dagbag.py:538} INFO - Filling up the DagBag from /home/airflow/.local/lib/python3.8/site-packages/airflow/example_dags/example_latest_only.py
[2024-02-23T16:47:13.487+0000] {processor.py:840} INFO - DAG(s) 'latest_only' retrieved from /home/airflow/.local/lib/python3.8/site-packages/airflow/example_dags/example_latest_only.py
[2024-02-23T16:47:13.521+0000] {logging_mixin.py:188} INFO - [2024-02-23T16:47:13.521+0000] {dag.py:3036} INFO - Sync 1 DAGs
[2024-02-23T16:47:13.579+0000] {logging_mixin.py:188} INFO - [2024-02-23T16:47:13.578+0000] {dag.py:3823} INFO - Setting next_dagrun for latest_only to 2024-02-23 12:00:00+00:00, run_after=2024-02-23 16:00:00+00:00
[2024-02-23T16:47:13.612+0000] {processor.py:183} INFO - Processing /home/airflow/.local/lib/python3.8/site-packages/airflow/example_dags/example_latest_only.py took 0.143 seconds
[2024-02-23T16:48:41.817+0000] {processor.py:161} INFO - Started process (PID=75) to work on /home/airflow/.local/lib/python3.8/site-packages/airflow/example_dags/example_latest_only.py
[2024-02-23T16:48:41.818+0000] {processor.py:830} INFO - Processing file /home/airflow/.local/lib/python3.8/site-packages/airflow/example_dags/example_latest_only.py for tasks to queue
[2024-02-23T16:48:41.821+0000] {logging_mixin.py:188} INFO - [2024-02-23T16:48:41.820+0000] {dagbag.py:538} INFO - Filling up the DagBag from /home/airflow/.local/lib/python3.8/site-packages/airflow/example_dags/example_latest_only.py
[2024-02-23T16:48:41.830+0000] {processor.py:840} INFO - DAG(s) 'latest_only' retrieved from /home/airflow/.local/lib/python3.8/site-packages/airflow/example_dags/example_latest_only.py
[2024-02-23T16:48:42.051+0000] {logging_mixin.py:188} INFO - [2024-02-23T16:48:42.051+0000] {dag.py:3036} INFO - Sync 1 DAGs
[2024-02-23T16:48:42.098+0000] {logging_mixin.py:188} INFO - [2024-02-23T16:48:42.098+0000] {dag.py:3823} INFO - Setting next_dagrun for latest_only to 2024-02-23 12:00:00+00:00, run_after=2024-02-23 16:00:00+00:00
[2024-02-23T16:48:42.130+0000] {processor.py:183} INFO - Processing /home/airflow/.local/lib/python3.8/site-packages/airflow/example_dags/example_latest_only.py took 0.320 seconds
[2024-02-23T16:52:01.081+0000] {processor.py:161} INFO - Started process (PID=67) to work on /home/airflow/.local/lib/python3.8/site-packages/airflow/example_dags/example_latest_only.py
[2024-02-23T16:52:01.083+0000] {processor.py:830} INFO - Processing file /home/airflow/.local/lib/python3.8/site-packages/airflow/example_dags/example_latest_only.py for tasks to queue
[2024-02-23T16:52:01.086+0000] {logging_mixin.py:188} INFO - [2024-02-23T16:52:01.086+0000] {dagbag.py:538} INFO - Filling up the DagBag from /home/airflow/.local/lib/python3.8/site-packages/airflow/example_dags/example_latest_only.py
[2024-02-23T16:52:01.102+0000] {processor.py:840} INFO - DAG(s) 'latest_only' retrieved from /home/airflow/.local/lib/python3.8/site-packages/airflow/example_dags/example_latest_only.py
[2024-02-23T16:52:01.422+0000] {logging_mixin.py:188} INFO - [2024-02-23T16:52:01.422+0000] {dag.py:3036} INFO - Sync 1 DAGs
[2024-02-23T16:52:01.474+0000] {logging_mixin.py:188} INFO - [2024-02-23T16:52:01.474+0000] {dag.py:3823} INFO - Setting next_dagrun for latest_only to 2024-02-23 12:00:00+00:00, run_after=2024-02-23 16:00:00+00:00
[2024-02-23T16:52:01.513+0000] {processor.py:183} INFO - Processing /home/airflow/.local/lib/python3.8/site-packages/airflow/example_dags/example_latest_only.py took 0.438 seconds
[2024-02-23T16:52:32.063+0000] {processor.py:161} INFO - Started process (PID=132) to work on /home/airflow/.local/lib/python3.8/site-packages/airflow/example_dags/example_latest_only.py
[2024-02-23T16:52:32.065+0000] {processor.py:830} INFO - Processing file /home/airflow/.local/lib/python3.8/site-packages/airflow/example_dags/example_latest_only.py for tasks to queue
[2024-02-23T16:52:32.068+0000] {logging_mixin.py:188} INFO - [2024-02-23T16:52:32.067+0000] {dagbag.py:538} INFO - Filling up the DagBag from /home/airflow/.local/lib/python3.8/site-packages/airflow/example_dags/example_latest_only.py
[2024-02-23T16:52:32.076+0000] {processor.py:840} INFO - DAG(s) 'latest_only' retrieved from /home/airflow/.local/lib/python3.8/site-packages/airflow/example_dags/example_latest_only.py
[2024-02-23T16:52:32.110+0000] {logging_mixin.py:188} INFO - [2024-02-23T16:52:32.109+0000] {dag.py:3036} INFO - Sync 1 DAGs
[2024-02-23T16:52:32.150+0000] {logging_mixin.py:188} INFO - [2024-02-23T16:52:32.150+0000] {dag.py:3823} INFO - Setting next_dagrun for latest_only to 2024-02-23 12:00:00+00:00, run_after=2024-02-23 16:00:00+00:00
[2024-02-23T16:52:32.180+0000] {processor.py:183} INFO - Processing /home/airflow/.local/lib/python3.8/site-packages/airflow/example_dags/example_latest_only.py took 0.122 seconds
[2024-02-23T16:53:03.012+0000] {processor.py:161} INFO - Started process (PID=189) to work on /home/airflow/.local/lib/python3.8/site-packages/airflow/example_dags/example_latest_only.py
[2024-02-23T16:53:03.014+0000] {processor.py:830} INFO - Processing file /home/airflow/.local/lib/python3.8/site-packages/airflow/example_dags/example_latest_only.py for tasks to queue
[2024-02-23T16:53:03.016+0000] {logging_mixin.py:188} INFO - [2024-02-23T16:53:03.016+0000] {dagbag.py:538} INFO - Filling up the DagBag from /home/airflow/.local/lib/python3.8/site-packages/airflow/example_dags/example_latest_only.py
[2024-02-23T16:53:03.023+0000] {processor.py:840} INFO - DAG(s) 'latest_only' retrieved from /home/airflow/.local/lib/python3.8/site-packages/airflow/example_dags/example_latest_only.py
[2024-02-23T16:53:03.077+0000] {logging_mixin.py:188} INFO - [2024-02-23T16:53:03.076+0000] {dag.py:3036} INFO - Sync 1 DAGs
[2024-02-23T16:53:03.125+0000] {logging_mixin.py:188} INFO - [2024-02-23T16:53:03.124+0000] {dag.py:3823} INFO - Setting next_dagrun for latest_only to 2024-02-23 12:00:00+00:00, run_after=2024-02-23 16:00:00+00:00
[2024-02-23T16:53:03.158+0000] {processor.py:183} INFO - Processing /home/airflow/.local/lib/python3.8/site-packages/airflow/example_dags/example_latest_only.py took 0.152 seconds
