[2024-02-23T16:33:18.494+0000] {processor.py:161} INFO - Started process (PID=67) to work on /home/airflow/.local/lib/python3.8/site-packages/airflow/example_dags/example_latest_only_with_trigger.py
[2024-02-23T16:33:18.495+0000] {processor.py:830} INFO - Processing file /home/airflow/.local/lib/python3.8/site-packages/airflow/example_dags/example_latest_only_with_trigger.py for tasks to queue
[2024-02-23T16:33:18.498+0000] {logging_mixin.py:188} INFO - [2024-02-23T16:33:18.498+0000] {dagbag.py:538} INFO - Filling up the DagBag from /home/airflow/.local/lib/python3.8/site-packages/airflow/example_dags/example_latest_only_with_trigger.py
[2024-02-23T16:33:18.514+0000] {processor.py:840} INFO - DAG(s) 'latest_only_with_trigger' retrieved from /home/airflow/.local/lib/python3.8/site-packages/airflow/example_dags/example_latest_only_with_trigger.py
[2024-02-23T16:33:18.739+0000] {logging_mixin.py:188} INFO - [2024-02-23T16:33:18.738+0000] {dag.py:3036} INFO - Sync 1 DAGs
[2024-02-23T16:33:18.780+0000] {logging_mixin.py:188} INFO - [2024-02-23T16:33:18.779+0000] {dag.py:3823} INFO - Setting next_dagrun for latest_only_with_trigger to 2024-02-23 12:00:00+00:00, run_after=2024-02-23 16:00:00+00:00
[2024-02-23T16:33:18.824+0000] {processor.py:183} INFO - Processing /home/airflow/.local/lib/python3.8/site-packages/airflow/example_dags/example_latest_only_with_trigger.py took 0.335 seconds
[2024-02-23T16:33:48.848+0000] {processor.py:161} INFO - Started process (PID=124) to work on /home/airflow/.local/lib/python3.8/site-packages/airflow/example_dags/example_latest_only_with_trigger.py
[2024-02-23T16:33:48.850+0000] {processor.py:830} INFO - Processing file /home/airflow/.local/lib/python3.8/site-packages/airflow/example_dags/example_latest_only_with_trigger.py for tasks to queue
[2024-02-23T16:33:48.852+0000] {logging_mixin.py:188} INFO - [2024-02-23T16:33:48.852+0000] {dagbag.py:538} INFO - Filling up the DagBag from /home/airflow/.local/lib/python3.8/site-packages/airflow/example_dags/example_latest_only_with_trigger.py
[2024-02-23T16:33:48.861+0000] {processor.py:840} INFO - DAG(s) 'latest_only_with_trigger' retrieved from /home/airflow/.local/lib/python3.8/site-packages/airflow/example_dags/example_latest_only_with_trigger.py
[2024-02-23T16:33:48.898+0000] {logging_mixin.py:188} INFO - [2024-02-23T16:33:48.898+0000] {dag.py:3036} INFO - Sync 1 DAGs
[2024-02-23T16:33:48.936+0000] {logging_mixin.py:188} INFO - [2024-02-23T16:33:48.936+0000] {dag.py:3823} INFO - Setting next_dagrun for latest_only_with_trigger to 2024-02-23 12:00:00+00:00, run_after=2024-02-23 16:00:00+00:00
[2024-02-23T16:33:48.967+0000] {processor.py:183} INFO - Processing /home/airflow/.local/lib/python3.8/site-packages/airflow/example_dags/example_latest_only_with_trigger.py took 0.124 seconds
[2024-02-23T16:34:19.658+0000] {processor.py:161} INFO - Started process (PID=181) to work on /home/airflow/.local/lib/python3.8/site-packages/airflow/example_dags/example_latest_only_with_trigger.py
[2024-02-23T16:34:19.659+0000] {processor.py:830} INFO - Processing file /home/airflow/.local/lib/python3.8/site-packages/airflow/example_dags/example_latest_only_with_trigger.py for tasks to queue
[2024-02-23T16:34:19.661+0000] {logging_mixin.py:188} INFO - [2024-02-23T16:34:19.661+0000] {dagbag.py:538} INFO - Filling up the DagBag from /home/airflow/.local/lib/python3.8/site-packages/airflow/example_dags/example_latest_only_with_trigger.py
[2024-02-23T16:34:19.670+0000] {processor.py:840} INFO - DAG(s) 'latest_only_with_trigger' retrieved from /home/airflow/.local/lib/python3.8/site-packages/airflow/example_dags/example_latest_only_with_trigger.py
[2024-02-23T16:34:19.705+0000] {logging_mixin.py:188} INFO - [2024-02-23T16:34:19.705+0000] {dag.py:3036} INFO - Sync 1 DAGs
[2024-02-23T16:34:19.742+0000] {logging_mixin.py:188} INFO - [2024-02-23T16:34:19.742+0000] {dag.py:3823} INFO - Setting next_dagrun for latest_only_with_trigger to 2024-02-23 12:00:00+00:00, run_after=2024-02-23 16:00:00+00:00
[2024-02-23T16:34:19.769+0000] {processor.py:183} INFO - Processing /home/airflow/.local/lib/python3.8/site-packages/airflow/example_dags/example_latest_only_with_trigger.py took 0.116 seconds
[2024-02-23T16:34:50.019+0000] {processor.py:161} INFO - Started process (PID=238) to work on /home/airflow/.local/lib/python3.8/site-packages/airflow/example_dags/example_latest_only_with_trigger.py
[2024-02-23T16:34:50.021+0000] {processor.py:830} INFO - Processing file /home/airflow/.local/lib/python3.8/site-packages/airflow/example_dags/example_latest_only_with_trigger.py for tasks to queue
[2024-02-23T16:34:50.025+0000] {logging_mixin.py:188} INFO - [2024-02-23T16:34:50.024+0000] {dagbag.py:538} INFO - Filling up the DagBag from /home/airflow/.local/lib/python3.8/site-packages/airflow/example_dags/example_latest_only_with_trigger.py
[2024-02-23T16:34:50.037+0000] {processor.py:840} INFO - DAG(s) 'latest_only_with_trigger' retrieved from /home/airflow/.local/lib/python3.8/site-packages/airflow/example_dags/example_latest_only_with_trigger.py
[2024-02-23T16:34:50.087+0000] {logging_mixin.py:188} INFO - [2024-02-23T16:34:50.086+0000] {dag.py:3036} INFO - Sync 1 DAGs
[2024-02-23T16:34:50.138+0000] {logging_mixin.py:188} INFO - [2024-02-23T16:34:50.138+0000] {dag.py:3823} INFO - Setting next_dagrun for latest_only_with_trigger to 2024-02-23 12:00:00+00:00, run_after=2024-02-23 16:00:00+00:00
[2024-02-23T16:34:50.179+0000] {processor.py:183} INFO - Processing /home/airflow/.local/lib/python3.8/site-packages/airflow/example_dags/example_latest_only_with_trigger.py took 0.166 seconds
[2024-02-23T16:35:20.855+0000] {processor.py:161} INFO - Started process (PID=295) to work on /home/airflow/.local/lib/python3.8/site-packages/airflow/example_dags/example_latest_only_with_trigger.py
[2024-02-23T16:35:20.857+0000] {processor.py:830} INFO - Processing file /home/airflow/.local/lib/python3.8/site-packages/airflow/example_dags/example_latest_only_with_trigger.py for tasks to queue
[2024-02-23T16:35:20.859+0000] {logging_mixin.py:188} INFO - [2024-02-23T16:35:20.859+0000] {dagbag.py:538} INFO - Filling up the DagBag from /home/airflow/.local/lib/python3.8/site-packages/airflow/example_dags/example_latest_only_with_trigger.py
[2024-02-23T16:35:20.869+0000] {processor.py:840} INFO - DAG(s) 'latest_only_with_trigger' retrieved from /home/airflow/.local/lib/python3.8/site-packages/airflow/example_dags/example_latest_only_with_trigger.py
[2024-02-23T16:35:20.904+0000] {logging_mixin.py:188} INFO - [2024-02-23T16:35:20.904+0000] {dag.py:3036} INFO - Sync 1 DAGs
[2024-02-23T16:35:20.948+0000] {logging_mixin.py:188} INFO - [2024-02-23T16:35:20.948+0000] {dag.py:3823} INFO - Setting next_dagrun for latest_only_with_trigger to 2024-02-23 12:00:00+00:00, run_after=2024-02-23 16:00:00+00:00
[2024-02-23T16:35:20.978+0000] {processor.py:183} INFO - Processing /home/airflow/.local/lib/python3.8/site-packages/airflow/example_dags/example_latest_only_with_trigger.py took 0.127 seconds
[2024-02-23T16:35:51.063+0000] {processor.py:161} INFO - Started process (PID=353) to work on /home/airflow/.local/lib/python3.8/site-packages/airflow/example_dags/example_latest_only_with_trigger.py
[2024-02-23T16:35:51.065+0000] {processor.py:830} INFO - Processing file /home/airflow/.local/lib/python3.8/site-packages/airflow/example_dags/example_latest_only_with_trigger.py for tasks to queue
[2024-02-23T16:35:51.067+0000] {logging_mixin.py:188} INFO - [2024-02-23T16:35:51.067+0000] {dagbag.py:538} INFO - Filling up the DagBag from /home/airflow/.local/lib/python3.8/site-packages/airflow/example_dags/example_latest_only_with_trigger.py
[2024-02-23T16:35:51.078+0000] {processor.py:840} INFO - DAG(s) 'latest_only_with_trigger' retrieved from /home/airflow/.local/lib/python3.8/site-packages/airflow/example_dags/example_latest_only_with_trigger.py
[2024-02-23T16:35:51.210+0000] {logging_mixin.py:188} INFO - [2024-02-23T16:35:51.210+0000] {dag.py:3036} INFO - Sync 1 DAGs
[2024-02-23T16:35:51.248+0000] {logging_mixin.py:188} INFO - [2024-02-23T16:35:51.248+0000] {dag.py:3823} INFO - Setting next_dagrun for latest_only_with_trigger to 2024-02-23 12:00:00+00:00, run_after=2024-02-23 16:00:00+00:00
[2024-02-23T16:35:51.277+0000] {processor.py:183} INFO - Processing /home/airflow/.local/lib/python3.8/site-packages/airflow/example_dags/example_latest_only_with_trigger.py took 0.222 seconds
[2024-02-23T16:36:21.717+0000] {processor.py:161} INFO - Started process (PID=410) to work on /home/airflow/.local/lib/python3.8/site-packages/airflow/example_dags/example_latest_only_with_trigger.py
[2024-02-23T16:36:21.720+0000] {processor.py:830} INFO - Processing file /home/airflow/.local/lib/python3.8/site-packages/airflow/example_dags/example_latest_only_with_trigger.py for tasks to queue
[2024-02-23T16:36:21.723+0000] {logging_mixin.py:188} INFO - [2024-02-23T16:36:21.723+0000] {dagbag.py:538} INFO - Filling up the DagBag from /home/airflow/.local/lib/python3.8/site-packages/airflow/example_dags/example_latest_only_with_trigger.py
[2024-02-23T16:36:21.738+0000] {processor.py:840} INFO - DAG(s) 'latest_only_with_trigger' retrieved from /home/airflow/.local/lib/python3.8/site-packages/airflow/example_dags/example_latest_only_with_trigger.py
[2024-02-23T16:36:21.780+0000] {logging_mixin.py:188} INFO - [2024-02-23T16:36:21.779+0000] {dag.py:3036} INFO - Sync 1 DAGs
[2024-02-23T16:36:21.820+0000] {logging_mixin.py:188} INFO - [2024-02-23T16:36:21.820+0000] {dag.py:3823} INFO - Setting next_dagrun for latest_only_with_trigger to 2024-02-23 12:00:00+00:00, run_after=2024-02-23 16:00:00+00:00
[2024-02-23T16:36:21.853+0000] {processor.py:183} INFO - Processing /home/airflow/.local/lib/python3.8/site-packages/airflow/example_dags/example_latest_only_with_trigger.py took 0.143 seconds
[2024-02-23T16:36:52.463+0000] {processor.py:161} INFO - Started process (PID=467) to work on /home/airflow/.local/lib/python3.8/site-packages/airflow/example_dags/example_latest_only_with_trigger.py
[2024-02-23T16:36:52.464+0000] {processor.py:830} INFO - Processing file /home/airflow/.local/lib/python3.8/site-packages/airflow/example_dags/example_latest_only_with_trigger.py for tasks to queue
[2024-02-23T16:36:52.468+0000] {logging_mixin.py:188} INFO - [2024-02-23T16:36:52.467+0000] {dagbag.py:538} INFO - Filling up the DagBag from /home/airflow/.local/lib/python3.8/site-packages/airflow/example_dags/example_latest_only_with_trigger.py
[2024-02-23T16:36:52.480+0000] {processor.py:840} INFO - DAG(s) 'latest_only_with_trigger' retrieved from /home/airflow/.local/lib/python3.8/site-packages/airflow/example_dags/example_latest_only_with_trigger.py
[2024-02-23T16:36:52.523+0000] {logging_mixin.py:188} INFO - [2024-02-23T16:36:52.522+0000] {dag.py:3036} INFO - Sync 1 DAGs
[2024-02-23T16:36:52.575+0000] {logging_mixin.py:188} INFO - [2024-02-23T16:36:52.574+0000] {dag.py:3823} INFO - Setting next_dagrun for latest_only_with_trigger to 2024-02-23 12:00:00+00:00, run_after=2024-02-23 16:00:00+00:00
[2024-02-23T16:36:52.635+0000] {processor.py:183} INFO - Processing /home/airflow/.local/lib/python3.8/site-packages/airflow/example_dags/example_latest_only_with_trigger.py took 0.178 seconds
[2024-02-23T16:37:22.874+0000] {processor.py:161} INFO - Started process (PID=524) to work on /home/airflow/.local/lib/python3.8/site-packages/airflow/example_dags/example_latest_only_with_trigger.py
[2024-02-23T16:37:22.875+0000] {processor.py:830} INFO - Processing file /home/airflow/.local/lib/python3.8/site-packages/airflow/example_dags/example_latest_only_with_trigger.py for tasks to queue
[2024-02-23T16:37:22.878+0000] {logging_mixin.py:188} INFO - [2024-02-23T16:37:22.877+0000] {dagbag.py:538} INFO - Filling up the DagBag from /home/airflow/.local/lib/python3.8/site-packages/airflow/example_dags/example_latest_only_with_trigger.py
[2024-02-23T16:37:22.888+0000] {processor.py:840} INFO - DAG(s) 'latest_only_with_trigger' retrieved from /home/airflow/.local/lib/python3.8/site-packages/airflow/example_dags/example_latest_only_with_trigger.py
[2024-02-23T16:37:22.922+0000] {logging_mixin.py:188} INFO - [2024-02-23T16:37:22.922+0000] {dag.py:3036} INFO - Sync 1 DAGs
[2024-02-23T16:37:22.966+0000] {logging_mixin.py:188} INFO - [2024-02-23T16:37:22.965+0000] {dag.py:3823} INFO - Setting next_dagrun for latest_only_with_trigger to 2024-02-23 12:00:00+00:00, run_after=2024-02-23 16:00:00+00:00
[2024-02-23T16:37:22.997+0000] {processor.py:183} INFO - Processing /home/airflow/.local/lib/python3.8/site-packages/airflow/example_dags/example_latest_only_with_trigger.py took 0.129 seconds
[2024-02-23T16:37:53.338+0000] {processor.py:161} INFO - Started process (PID=581) to work on /home/airflow/.local/lib/python3.8/site-packages/airflow/example_dags/example_latest_only_with_trigger.py
[2024-02-23T16:37:53.340+0000] {processor.py:830} INFO - Processing file /home/airflow/.local/lib/python3.8/site-packages/airflow/example_dags/example_latest_only_with_trigger.py for tasks to queue
[2024-02-23T16:37:53.342+0000] {logging_mixin.py:188} INFO - [2024-02-23T16:37:53.342+0000] {dagbag.py:538} INFO - Filling up the DagBag from /home/airflow/.local/lib/python3.8/site-packages/airflow/example_dags/example_latest_only_with_trigger.py
[2024-02-23T16:37:53.353+0000] {processor.py:840} INFO - DAG(s) 'latest_only_with_trigger' retrieved from /home/airflow/.local/lib/python3.8/site-packages/airflow/example_dags/example_latest_only_with_trigger.py
[2024-02-23T16:37:53.387+0000] {logging_mixin.py:188} INFO - [2024-02-23T16:37:53.387+0000] {dag.py:3036} INFO - Sync 1 DAGs
[2024-02-23T16:37:53.426+0000] {logging_mixin.py:188} INFO - [2024-02-23T16:37:53.426+0000] {dag.py:3823} INFO - Setting next_dagrun for latest_only_with_trigger to 2024-02-23 12:00:00+00:00, run_after=2024-02-23 16:00:00+00:00
[2024-02-23T16:37:53.459+0000] {processor.py:183} INFO - Processing /home/airflow/.local/lib/python3.8/site-packages/airflow/example_dags/example_latest_only_with_trigger.py took 0.127 seconds
[2024-02-23T16:38:24.256+0000] {processor.py:161} INFO - Started process (PID=638) to work on /home/airflow/.local/lib/python3.8/site-packages/airflow/example_dags/example_latest_only_with_trigger.py
[2024-02-23T16:38:24.258+0000] {processor.py:830} INFO - Processing file /home/airflow/.local/lib/python3.8/site-packages/airflow/example_dags/example_latest_only_with_trigger.py for tasks to queue
[2024-02-23T16:38:24.261+0000] {logging_mixin.py:188} INFO - [2024-02-23T16:38:24.261+0000] {dagbag.py:538} INFO - Filling up the DagBag from /home/airflow/.local/lib/python3.8/site-packages/airflow/example_dags/example_latest_only_with_trigger.py
[2024-02-23T16:38:24.271+0000] {processor.py:840} INFO - DAG(s) 'latest_only_with_trigger' retrieved from /home/airflow/.local/lib/python3.8/site-packages/airflow/example_dags/example_latest_only_with_trigger.py
[2024-02-23T16:38:24.314+0000] {logging_mixin.py:188} INFO - [2024-02-23T16:38:24.313+0000] {dag.py:3036} INFO - Sync 1 DAGs
[2024-02-23T16:38:24.359+0000] {logging_mixin.py:188} INFO - [2024-02-23T16:38:24.359+0000] {dag.py:3823} INFO - Setting next_dagrun for latest_only_with_trigger to 2024-02-23 12:00:00+00:00, run_after=2024-02-23 16:00:00+00:00
[2024-02-23T16:38:24.389+0000] {processor.py:183} INFO - Processing /home/airflow/.local/lib/python3.8/site-packages/airflow/example_dags/example_latest_only_with_trigger.py took 0.139 seconds
[2024-02-23T16:38:54.779+0000] {processor.py:161} INFO - Started process (PID=694) to work on /home/airflow/.local/lib/python3.8/site-packages/airflow/example_dags/example_latest_only_with_trigger.py
[2024-02-23T16:38:54.782+0000] {processor.py:830} INFO - Processing file /home/airflow/.local/lib/python3.8/site-packages/airflow/example_dags/example_latest_only_with_trigger.py for tasks to queue
[2024-02-23T16:38:54.786+0000] {logging_mixin.py:188} INFO - [2024-02-23T16:38:54.785+0000] {dagbag.py:538} INFO - Filling up the DagBag from /home/airflow/.local/lib/python3.8/site-packages/airflow/example_dags/example_latest_only_with_trigger.py
[2024-02-23T16:38:54.795+0000] {processor.py:840} INFO - DAG(s) 'latest_only_with_trigger' retrieved from /home/airflow/.local/lib/python3.8/site-packages/airflow/example_dags/example_latest_only_with_trigger.py
[2024-02-23T16:38:54.831+0000] {logging_mixin.py:188} INFO - [2024-02-23T16:38:54.831+0000] {dag.py:3036} INFO - Sync 1 DAGs
[2024-02-23T16:38:54.879+0000] {logging_mixin.py:188} INFO - [2024-02-23T16:38:54.878+0000] {dag.py:3823} INFO - Setting next_dagrun for latest_only_with_trigger to 2024-02-23 12:00:00+00:00, run_after=2024-02-23 16:00:00+00:00
[2024-02-23T16:38:54.932+0000] {processor.py:183} INFO - Processing /home/airflow/.local/lib/python3.8/site-packages/airflow/example_dags/example_latest_only_with_trigger.py took 0.158 seconds
[2024-02-23T16:39:25.169+0000] {processor.py:161} INFO - Started process (PID=751) to work on /home/airflow/.local/lib/python3.8/site-packages/airflow/example_dags/example_latest_only_with_trigger.py
[2024-02-23T16:39:25.172+0000] {processor.py:830} INFO - Processing file /home/airflow/.local/lib/python3.8/site-packages/airflow/example_dags/example_latest_only_with_trigger.py for tasks to queue
[2024-02-23T16:39:25.175+0000] {logging_mixin.py:188} INFO - [2024-02-23T16:39:25.174+0000] {dagbag.py:538} INFO - Filling up the DagBag from /home/airflow/.local/lib/python3.8/site-packages/airflow/example_dags/example_latest_only_with_trigger.py
[2024-02-23T16:39:25.187+0000] {processor.py:840} INFO - DAG(s) 'latest_only_with_trigger' retrieved from /home/airflow/.local/lib/python3.8/site-packages/airflow/example_dags/example_latest_only_with_trigger.py
[2024-02-23T16:39:25.231+0000] {logging_mixin.py:188} INFO - [2024-02-23T16:39:25.230+0000] {dag.py:3036} INFO - Sync 1 DAGs
[2024-02-23T16:39:25.282+0000] {logging_mixin.py:188} INFO - [2024-02-23T16:39:25.282+0000] {dag.py:3823} INFO - Setting next_dagrun for latest_only_with_trigger to 2024-02-23 12:00:00+00:00, run_after=2024-02-23 16:00:00+00:00
[2024-02-23T16:39:25.317+0000] {processor.py:183} INFO - Processing /home/airflow/.local/lib/python3.8/site-packages/airflow/example_dags/example_latest_only_with_trigger.py took 0.154 seconds
[2024-02-23T16:39:56.070+0000] {processor.py:161} INFO - Started process (PID=808) to work on /home/airflow/.local/lib/python3.8/site-packages/airflow/example_dags/example_latest_only_with_trigger.py
[2024-02-23T16:39:56.071+0000] {processor.py:830} INFO - Processing file /home/airflow/.local/lib/python3.8/site-packages/airflow/example_dags/example_latest_only_with_trigger.py for tasks to queue
[2024-02-23T16:39:56.075+0000] {logging_mixin.py:188} INFO - [2024-02-23T16:39:56.074+0000] {dagbag.py:538} INFO - Filling up the DagBag from /home/airflow/.local/lib/python3.8/site-packages/airflow/example_dags/example_latest_only_with_trigger.py
[2024-02-23T16:39:56.085+0000] {processor.py:840} INFO - DAG(s) 'latest_only_with_trigger' retrieved from /home/airflow/.local/lib/python3.8/site-packages/airflow/example_dags/example_latest_only_with_trigger.py
[2024-02-23T16:39:56.122+0000] {logging_mixin.py:188} INFO - [2024-02-23T16:39:56.122+0000] {dag.py:3036} INFO - Sync 1 DAGs
[2024-02-23T16:39:56.165+0000] {logging_mixin.py:188} INFO - [2024-02-23T16:39:56.165+0000] {dag.py:3823} INFO - Setting next_dagrun for latest_only_with_trigger to 2024-02-23 12:00:00+00:00, run_after=2024-02-23 16:00:00+00:00
[2024-02-23T16:39:56.197+0000] {processor.py:183} INFO - Processing /home/airflow/.local/lib/python3.8/site-packages/airflow/example_dags/example_latest_only_with_trigger.py took 0.132 seconds
[2024-02-23T16:40:27.381+0000] {processor.py:161} INFO - Started process (PID=865) to work on /home/airflow/.local/lib/python3.8/site-packages/airflow/example_dags/example_latest_only_with_trigger.py
[2024-02-23T16:40:27.385+0000] {processor.py:830} INFO - Processing file /home/airflow/.local/lib/python3.8/site-packages/airflow/example_dags/example_latest_only_with_trigger.py for tasks to queue
[2024-02-23T16:40:27.388+0000] {logging_mixin.py:188} INFO - [2024-02-23T16:40:27.388+0000] {dagbag.py:538} INFO - Filling up the DagBag from /home/airflow/.local/lib/python3.8/site-packages/airflow/example_dags/example_latest_only_with_trigger.py
[2024-02-23T16:40:27.398+0000] {processor.py:840} INFO - DAG(s) 'latest_only_with_trigger' retrieved from /home/airflow/.local/lib/python3.8/site-packages/airflow/example_dags/example_latest_only_with_trigger.py
[2024-02-23T16:40:27.434+0000] {logging_mixin.py:188} INFO - [2024-02-23T16:40:27.433+0000] {dag.py:3036} INFO - Sync 1 DAGs
[2024-02-23T16:40:27.488+0000] {logging_mixin.py:188} INFO - [2024-02-23T16:40:27.485+0000] {dag.py:3823} INFO - Setting next_dagrun for latest_only_with_trigger to 2024-02-23 12:00:00+00:00, run_after=2024-02-23 16:00:00+00:00
[2024-02-23T16:40:27.520+0000] {processor.py:183} INFO - Processing /home/airflow/.local/lib/python3.8/site-packages/airflow/example_dags/example_latest_only_with_trigger.py took 0.144 seconds
[2024-02-23T16:40:58.379+0000] {processor.py:161} INFO - Started process (PID=923) to work on /home/airflow/.local/lib/python3.8/site-packages/airflow/example_dags/example_latest_only_with_trigger.py
[2024-02-23T16:40:58.381+0000] {processor.py:830} INFO - Processing file /home/airflow/.local/lib/python3.8/site-packages/airflow/example_dags/example_latest_only_with_trigger.py for tasks to queue
[2024-02-23T16:40:58.384+0000] {logging_mixin.py:188} INFO - [2024-02-23T16:40:58.383+0000] {dagbag.py:538} INFO - Filling up the DagBag from /home/airflow/.local/lib/python3.8/site-packages/airflow/example_dags/example_latest_only_with_trigger.py
[2024-02-23T16:40:58.396+0000] {processor.py:840} INFO - DAG(s) 'latest_only_with_trigger' retrieved from /home/airflow/.local/lib/python3.8/site-packages/airflow/example_dags/example_latest_only_with_trigger.py
[2024-02-23T16:40:58.434+0000] {logging_mixin.py:188} INFO - [2024-02-23T16:40:58.434+0000] {dag.py:3036} INFO - Sync 1 DAGs
[2024-02-23T16:40:58.482+0000] {logging_mixin.py:188} INFO - [2024-02-23T16:40:58.482+0000] {dag.py:3823} INFO - Setting next_dagrun for latest_only_with_trigger to 2024-02-23 12:00:00+00:00, run_after=2024-02-23 16:00:00+00:00
[2024-02-23T16:40:58.515+0000] {processor.py:183} INFO - Processing /home/airflow/.local/lib/python3.8/site-packages/airflow/example_dags/example_latest_only_with_trigger.py took 0.141 seconds
[2024-02-23T16:41:29.520+0000] {processor.py:161} INFO - Started process (PID=980) to work on /home/airflow/.local/lib/python3.8/site-packages/airflow/example_dags/example_latest_only_with_trigger.py
[2024-02-23T16:41:29.522+0000] {processor.py:830} INFO - Processing file /home/airflow/.local/lib/python3.8/site-packages/airflow/example_dags/example_latest_only_with_trigger.py for tasks to queue
[2024-02-23T16:41:29.525+0000] {logging_mixin.py:188} INFO - [2024-02-23T16:41:29.524+0000] {dagbag.py:538} INFO - Filling up the DagBag from /home/airflow/.local/lib/python3.8/site-packages/airflow/example_dags/example_latest_only_with_trigger.py
[2024-02-23T16:41:29.535+0000] {processor.py:840} INFO - DAG(s) 'latest_only_with_trigger' retrieved from /home/airflow/.local/lib/python3.8/site-packages/airflow/example_dags/example_latest_only_with_trigger.py
[2024-02-23T16:41:29.583+0000] {logging_mixin.py:188} INFO - [2024-02-23T16:41:29.583+0000] {dag.py:3036} INFO - Sync 1 DAGs
[2024-02-23T16:41:29.628+0000] {logging_mixin.py:188} INFO - [2024-02-23T16:41:29.628+0000] {dag.py:3823} INFO - Setting next_dagrun for latest_only_with_trigger to 2024-02-23 12:00:00+00:00, run_after=2024-02-23 16:00:00+00:00
[2024-02-23T16:41:29.664+0000] {processor.py:183} INFO - Processing /home/airflow/.local/lib/python3.8/site-packages/airflow/example_dags/example_latest_only_with_trigger.py took 0.150 seconds
[2024-02-23T16:43:07.898+0000] {processor.py:161} INFO - Started process (PID=67) to work on /home/airflow/.local/lib/python3.8/site-packages/airflow/example_dags/example_latest_only_with_trigger.py
[2024-02-23T16:43:07.900+0000] {processor.py:830} INFO - Processing file /home/airflow/.local/lib/python3.8/site-packages/airflow/example_dags/example_latest_only_with_trigger.py for tasks to queue
[2024-02-23T16:43:07.904+0000] {logging_mixin.py:188} INFO - [2024-02-23T16:43:07.903+0000] {dagbag.py:538} INFO - Filling up the DagBag from /home/airflow/.local/lib/python3.8/site-packages/airflow/example_dags/example_latest_only_with_trigger.py
[2024-02-23T16:43:07.921+0000] {processor.py:840} INFO - DAG(s) 'latest_only_with_trigger' retrieved from /home/airflow/.local/lib/python3.8/site-packages/airflow/example_dags/example_latest_only_with_trigger.py
[2024-02-23T16:43:08.172+0000] {logging_mixin.py:188} INFO - [2024-02-23T16:43:08.171+0000] {dag.py:3036} INFO - Sync 1 DAGs
[2024-02-23T16:43:08.223+0000] {logging_mixin.py:188} INFO - [2024-02-23T16:43:08.223+0000] {dag.py:3823} INFO - Setting next_dagrun for latest_only_with_trigger to 2024-02-23 12:00:00+00:00, run_after=2024-02-23 16:00:00+00:00
[2024-02-23T16:43:08.278+0000] {processor.py:183} INFO - Processing /home/airflow/.local/lib/python3.8/site-packages/airflow/example_dags/example_latest_only_with_trigger.py took 0.386 seconds
[2024-02-23T16:43:38.463+0000] {processor.py:161} INFO - Started process (PID=124) to work on /home/airflow/.local/lib/python3.8/site-packages/airflow/example_dags/example_latest_only_with_trigger.py
[2024-02-23T16:43:38.465+0000] {processor.py:830} INFO - Processing file /home/airflow/.local/lib/python3.8/site-packages/airflow/example_dags/example_latest_only_with_trigger.py for tasks to queue
[2024-02-23T16:43:38.471+0000] {logging_mixin.py:188} INFO - [2024-02-23T16:43:38.470+0000] {dagbag.py:538} INFO - Filling up the DagBag from /home/airflow/.local/lib/python3.8/site-packages/airflow/example_dags/example_latest_only_with_trigger.py
[2024-02-23T16:43:38.480+0000] {processor.py:840} INFO - DAG(s) 'latest_only_with_trigger' retrieved from /home/airflow/.local/lib/python3.8/site-packages/airflow/example_dags/example_latest_only_with_trigger.py
[2024-02-23T16:43:38.525+0000] {logging_mixin.py:188} INFO - [2024-02-23T16:43:38.524+0000] {dag.py:3036} INFO - Sync 1 DAGs
[2024-02-23T16:43:38.592+0000] {logging_mixin.py:188} INFO - [2024-02-23T16:43:38.592+0000] {dag.py:3823} INFO - Setting next_dagrun for latest_only_with_trigger to 2024-02-23 12:00:00+00:00, run_after=2024-02-23 16:00:00+00:00
[2024-02-23T16:43:38.625+0000] {processor.py:183} INFO - Processing /home/airflow/.local/lib/python3.8/site-packages/airflow/example_dags/example_latest_only_with_trigger.py took 0.171 seconds
[2024-02-23T16:44:08.919+0000] {processor.py:161} INFO - Started process (PID=181) to work on /home/airflow/.local/lib/python3.8/site-packages/airflow/example_dags/example_latest_only_with_trigger.py
[2024-02-23T16:44:08.921+0000] {processor.py:830} INFO - Processing file /home/airflow/.local/lib/python3.8/site-packages/airflow/example_dags/example_latest_only_with_trigger.py for tasks to queue
[2024-02-23T16:44:08.923+0000] {logging_mixin.py:188} INFO - [2024-02-23T16:44:08.923+0000] {dagbag.py:538} INFO - Filling up the DagBag from /home/airflow/.local/lib/python3.8/site-packages/airflow/example_dags/example_latest_only_with_trigger.py
[2024-02-23T16:44:08.933+0000] {processor.py:840} INFO - DAG(s) 'latest_only_with_trigger' retrieved from /home/airflow/.local/lib/python3.8/site-packages/airflow/example_dags/example_latest_only_with_trigger.py
[2024-02-23T16:44:08.968+0000] {logging_mixin.py:188} INFO - [2024-02-23T16:44:08.968+0000] {dag.py:3036} INFO - Sync 1 DAGs
[2024-02-23T16:44:09.005+0000] {logging_mixin.py:188} INFO - [2024-02-23T16:44:09.005+0000] {dag.py:3823} INFO - Setting next_dagrun for latest_only_with_trigger to 2024-02-23 12:00:00+00:00, run_after=2024-02-23 16:00:00+00:00
[2024-02-23T16:44:09.034+0000] {processor.py:183} INFO - Processing /home/airflow/.local/lib/python3.8/site-packages/airflow/example_dags/example_latest_only_with_trigger.py took 0.120 seconds
[2024-02-23T16:44:39.245+0000] {processor.py:161} INFO - Started process (PID=238) to work on /home/airflow/.local/lib/python3.8/site-packages/airflow/example_dags/example_latest_only_with_trigger.py
[2024-02-23T16:44:39.247+0000] {processor.py:830} INFO - Processing file /home/airflow/.local/lib/python3.8/site-packages/airflow/example_dags/example_latest_only_with_trigger.py for tasks to queue
[2024-02-23T16:44:39.250+0000] {logging_mixin.py:188} INFO - [2024-02-23T16:44:39.250+0000] {dagbag.py:538} INFO - Filling up the DagBag from /home/airflow/.local/lib/python3.8/site-packages/airflow/example_dags/example_latest_only_with_trigger.py
[2024-02-23T16:44:39.262+0000] {processor.py:840} INFO - DAG(s) 'latest_only_with_trigger' retrieved from /home/airflow/.local/lib/python3.8/site-packages/airflow/example_dags/example_latest_only_with_trigger.py
[2024-02-23T16:44:39.301+0000] {logging_mixin.py:188} INFO - [2024-02-23T16:44:39.301+0000] {dag.py:3036} INFO - Sync 1 DAGs
[2024-02-23T16:44:39.347+0000] {logging_mixin.py:188} INFO - [2024-02-23T16:44:39.347+0000] {dag.py:3823} INFO - Setting next_dagrun for latest_only_with_trigger to 2024-02-23 12:00:00+00:00, run_after=2024-02-23 16:00:00+00:00
[2024-02-23T16:44:39.382+0000] {processor.py:183} INFO - Processing /home/airflow/.local/lib/python3.8/site-packages/airflow/example_dags/example_latest_only_with_trigger.py took 0.145 seconds
[2024-02-23T16:45:09.793+0000] {processor.py:161} INFO - Started process (PID=295) to work on /home/airflow/.local/lib/python3.8/site-packages/airflow/example_dags/example_latest_only_with_trigger.py
[2024-02-23T16:45:09.795+0000] {processor.py:830} INFO - Processing file /home/airflow/.local/lib/python3.8/site-packages/airflow/example_dags/example_latest_only_with_trigger.py for tasks to queue
[2024-02-23T16:45:09.798+0000] {logging_mixin.py:188} INFO - [2024-02-23T16:45:09.797+0000] {dagbag.py:538} INFO - Filling up the DagBag from /home/airflow/.local/lib/python3.8/site-packages/airflow/example_dags/example_latest_only_with_trigger.py
[2024-02-23T16:45:09.808+0000] {processor.py:840} INFO - DAG(s) 'latest_only_with_trigger' retrieved from /home/airflow/.local/lib/python3.8/site-packages/airflow/example_dags/example_latest_only_with_trigger.py
[2024-02-23T16:45:09.847+0000] {logging_mixin.py:188} INFO - [2024-02-23T16:45:09.847+0000] {dag.py:3036} INFO - Sync 1 DAGs
[2024-02-23T16:45:09.892+0000] {logging_mixin.py:188} INFO - [2024-02-23T16:45:09.891+0000] {dag.py:3823} INFO - Setting next_dagrun for latest_only_with_trigger to 2024-02-23 12:00:00+00:00, run_after=2024-02-23 16:00:00+00:00
[2024-02-23T16:45:09.922+0000] {processor.py:183} INFO - Processing /home/airflow/.local/lib/python3.8/site-packages/airflow/example_dags/example_latest_only_with_trigger.py took 0.136 seconds
[2024-02-23T16:45:40.121+0000] {processor.py:161} INFO - Started process (PID=351) to work on /home/airflow/.local/lib/python3.8/site-packages/airflow/example_dags/example_latest_only_with_trigger.py
[2024-02-23T16:45:40.124+0000] {processor.py:830} INFO - Processing file /home/airflow/.local/lib/python3.8/site-packages/airflow/example_dags/example_latest_only_with_trigger.py for tasks to queue
[2024-02-23T16:45:40.129+0000] {logging_mixin.py:188} INFO - [2024-02-23T16:45:40.129+0000] {dagbag.py:538} INFO - Filling up the DagBag from /home/airflow/.local/lib/python3.8/site-packages/airflow/example_dags/example_latest_only_with_trigger.py
[2024-02-23T16:45:40.142+0000] {processor.py:840} INFO - DAG(s) 'latest_only_with_trigger' retrieved from /home/airflow/.local/lib/python3.8/site-packages/airflow/example_dags/example_latest_only_with_trigger.py
[2024-02-23T16:45:40.224+0000] {logging_mixin.py:188} INFO - [2024-02-23T16:45:40.224+0000] {dag.py:3036} INFO - Sync 1 DAGs
[2024-02-23T16:45:40.297+0000] {logging_mixin.py:188} INFO - [2024-02-23T16:45:40.296+0000] {dag.py:3823} INFO - Setting next_dagrun for latest_only_with_trigger to 2024-02-23 12:00:00+00:00, run_after=2024-02-23 16:00:00+00:00
[2024-02-23T16:45:40.330+0000] {processor.py:183} INFO - Processing /home/airflow/.local/lib/python3.8/site-packages/airflow/example_dags/example_latest_only_with_trigger.py took 0.216 seconds
[2024-02-23T16:46:10.525+0000] {processor.py:161} INFO - Started process (PID=408) to work on /home/airflow/.local/lib/python3.8/site-packages/airflow/example_dags/example_latest_only_with_trigger.py
[2024-02-23T16:46:10.526+0000] {processor.py:830} INFO - Processing file /home/airflow/.local/lib/python3.8/site-packages/airflow/example_dags/example_latest_only_with_trigger.py for tasks to queue
[2024-02-23T16:46:10.531+0000] {logging_mixin.py:188} INFO - [2024-02-23T16:46:10.530+0000] {dagbag.py:538} INFO - Filling up the DagBag from /home/airflow/.local/lib/python3.8/site-packages/airflow/example_dags/example_latest_only_with_trigger.py
[2024-02-23T16:46:10.541+0000] {processor.py:840} INFO - DAG(s) 'latest_only_with_trigger' retrieved from /home/airflow/.local/lib/python3.8/site-packages/airflow/example_dags/example_latest_only_with_trigger.py
[2024-02-23T16:46:10.577+0000] {logging_mixin.py:188} INFO - [2024-02-23T16:46:10.576+0000] {dag.py:3036} INFO - Sync 1 DAGs
[2024-02-23T16:46:10.618+0000] {logging_mixin.py:188} INFO - [2024-02-23T16:46:10.617+0000] {dag.py:3823} INFO - Setting next_dagrun for latest_only_with_trigger to 2024-02-23 12:00:00+00:00, run_after=2024-02-23 16:00:00+00:00
[2024-02-23T16:46:10.649+0000] {processor.py:183} INFO - Processing /home/airflow/.local/lib/python3.8/site-packages/airflow/example_dags/example_latest_only_with_trigger.py took 0.129 seconds
[2024-02-23T16:46:41.170+0000] {processor.py:161} INFO - Started process (PID=465) to work on /home/airflow/.local/lib/python3.8/site-packages/airflow/example_dags/example_latest_only_with_trigger.py
[2024-02-23T16:46:41.172+0000] {processor.py:830} INFO - Processing file /home/airflow/.local/lib/python3.8/site-packages/airflow/example_dags/example_latest_only_with_trigger.py for tasks to queue
[2024-02-23T16:46:41.175+0000] {logging_mixin.py:188} INFO - [2024-02-23T16:46:41.175+0000] {dagbag.py:538} INFO - Filling up the DagBag from /home/airflow/.local/lib/python3.8/site-packages/airflow/example_dags/example_latest_only_with_trigger.py
[2024-02-23T16:46:41.186+0000] {processor.py:840} INFO - DAG(s) 'latest_only_with_trigger' retrieved from /home/airflow/.local/lib/python3.8/site-packages/airflow/example_dags/example_latest_only_with_trigger.py
[2024-02-23T16:46:41.228+0000] {logging_mixin.py:188} INFO - [2024-02-23T16:46:41.227+0000] {dag.py:3036} INFO - Sync 1 DAGs
[2024-02-23T16:46:41.289+0000] {logging_mixin.py:188} INFO - [2024-02-23T16:46:41.288+0000] {dag.py:3823} INFO - Setting next_dagrun for latest_only_with_trigger to 2024-02-23 12:00:00+00:00, run_after=2024-02-23 16:00:00+00:00
[2024-02-23T16:46:41.330+0000] {processor.py:183} INFO - Processing /home/airflow/.local/lib/python3.8/site-packages/airflow/example_dags/example_latest_only_with_trigger.py took 0.165 seconds
[2024-02-23T16:47:11.685+0000] {processor.py:161} INFO - Started process (PID=522) to work on /home/airflow/.local/lib/python3.8/site-packages/airflow/example_dags/example_latest_only_with_trigger.py
[2024-02-23T16:47:11.687+0000] {processor.py:830} INFO - Processing file /home/airflow/.local/lib/python3.8/site-packages/airflow/example_dags/example_latest_only_with_trigger.py for tasks to queue
[2024-02-23T16:47:11.690+0000] {logging_mixin.py:188} INFO - [2024-02-23T16:47:11.689+0000] {dagbag.py:538} INFO - Filling up the DagBag from /home/airflow/.local/lib/python3.8/site-packages/airflow/example_dags/example_latest_only_with_trigger.py
[2024-02-23T16:47:11.703+0000] {processor.py:840} INFO - DAG(s) 'latest_only_with_trigger' retrieved from /home/airflow/.local/lib/python3.8/site-packages/airflow/example_dags/example_latest_only_with_trigger.py
[2024-02-23T16:47:11.743+0000] {logging_mixin.py:188} INFO - [2024-02-23T16:47:11.743+0000] {dag.py:3036} INFO - Sync 1 DAGs
[2024-02-23T16:47:11.794+0000] {logging_mixin.py:188} INFO - [2024-02-23T16:47:11.793+0000] {dag.py:3823} INFO - Setting next_dagrun for latest_only_with_trigger to 2024-02-23 12:00:00+00:00, run_after=2024-02-23 16:00:00+00:00
[2024-02-23T16:47:11.837+0000] {processor.py:183} INFO - Processing /home/airflow/.local/lib/python3.8/site-packages/airflow/example_dags/example_latest_only_with_trigger.py took 0.158 seconds
[2024-02-23T16:48:39.902+0000] {processor.py:161} INFO - Started process (PID=67) to work on /home/airflow/.local/lib/python3.8/site-packages/airflow/example_dags/example_latest_only_with_trigger.py
[2024-02-23T16:48:39.904+0000] {processor.py:830} INFO - Processing file /home/airflow/.local/lib/python3.8/site-packages/airflow/example_dags/example_latest_only_with_trigger.py for tasks to queue
[2024-02-23T16:48:39.907+0000] {logging_mixin.py:188} INFO - [2024-02-23T16:48:39.907+0000] {dagbag.py:538} INFO - Filling up the DagBag from /home/airflow/.local/lib/python3.8/site-packages/airflow/example_dags/example_latest_only_with_trigger.py
[2024-02-23T16:48:39.922+0000] {processor.py:840} INFO - DAG(s) 'latest_only_with_trigger' retrieved from /home/airflow/.local/lib/python3.8/site-packages/airflow/example_dags/example_latest_only_with_trigger.py
[2024-02-23T16:48:40.160+0000] {logging_mixin.py:188} INFO - [2024-02-23T16:48:40.159+0000] {dag.py:3036} INFO - Sync 1 DAGs
[2024-02-23T16:48:40.204+0000] {logging_mixin.py:188} INFO - [2024-02-23T16:48:40.204+0000] {dag.py:3823} INFO - Setting next_dagrun for latest_only_with_trigger to 2024-02-23 12:00:00+00:00, run_after=2024-02-23 16:00:00+00:00
[2024-02-23T16:48:40.244+0000] {processor.py:183} INFO - Processing /home/airflow/.local/lib/python3.8/site-packages/airflow/example_dags/example_latest_only_with_trigger.py took 0.348 seconds
[2024-02-23T16:51:59.445+0000] {processor.py:161} INFO - Started process (PID=59) to work on /home/airflow/.local/lib/python3.8/site-packages/airflow/example_dags/example_latest_only_with_trigger.py
[2024-02-23T16:51:59.447+0000] {processor.py:830} INFO - Processing file /home/airflow/.local/lib/python3.8/site-packages/airflow/example_dags/example_latest_only_with_trigger.py for tasks to queue
[2024-02-23T16:51:59.450+0000] {logging_mixin.py:188} INFO - [2024-02-23T16:51:59.449+0000] {dagbag.py:538} INFO - Filling up the DagBag from /home/airflow/.local/lib/python3.8/site-packages/airflow/example_dags/example_latest_only_with_trigger.py
[2024-02-23T16:51:59.463+0000] {processor.py:840} INFO - DAG(s) 'latest_only_with_trigger' retrieved from /home/airflow/.local/lib/python3.8/site-packages/airflow/example_dags/example_latest_only_with_trigger.py
[2024-02-23T16:51:59.669+0000] {logging_mixin.py:188} INFO - [2024-02-23T16:51:59.668+0000] {dag.py:3036} INFO - Sync 1 DAGs
[2024-02-23T16:51:59.706+0000] {logging_mixin.py:188} INFO - [2024-02-23T16:51:59.706+0000] {dag.py:3823} INFO - Setting next_dagrun for latest_only_with_trigger to 2024-02-23 12:00:00+00:00, run_after=2024-02-23 16:00:00+00:00
[2024-02-23T16:51:59.736+0000] {processor.py:183} INFO - Processing /home/airflow/.local/lib/python3.8/site-packages/airflow/example_dags/example_latest_only_with_trigger.py took 0.296 seconds
[2024-02-23T16:52:30.667+0000] {processor.py:161} INFO - Started process (PID=117) to work on /home/airflow/.local/lib/python3.8/site-packages/airflow/example_dags/example_latest_only_with_trigger.py
[2024-02-23T16:52:30.669+0000] {processor.py:830} INFO - Processing file /home/airflow/.local/lib/python3.8/site-packages/airflow/example_dags/example_latest_only_with_trigger.py for tasks to queue
[2024-02-23T16:52:30.673+0000] {logging_mixin.py:188} INFO - [2024-02-23T16:52:30.672+0000] {dagbag.py:538} INFO - Filling up the DagBag from /home/airflow/.local/lib/python3.8/site-packages/airflow/example_dags/example_latest_only_with_trigger.py
[2024-02-23T16:52:30.685+0000] {processor.py:840} INFO - DAG(s) 'latest_only_with_trigger' retrieved from /home/airflow/.local/lib/python3.8/site-packages/airflow/example_dags/example_latest_only_with_trigger.py
[2024-02-23T16:52:30.723+0000] {logging_mixin.py:188} INFO - [2024-02-23T16:52:30.723+0000] {dag.py:3036} INFO - Sync 1 DAGs
[2024-02-23T16:52:30.767+0000] {logging_mixin.py:188} INFO - [2024-02-23T16:52:30.763+0000] {dag.py:3823} INFO - Setting next_dagrun for latest_only_with_trigger to 2024-02-23 12:00:00+00:00, run_after=2024-02-23 16:00:00+00:00
[2024-02-23T16:52:30.802+0000] {processor.py:183} INFO - Processing /home/airflow/.local/lib/python3.8/site-packages/airflow/example_dags/example_latest_only_with_trigger.py took 0.142 seconds
[2024-02-23T16:53:01.401+0000] {processor.py:161} INFO - Started process (PID=175) to work on /home/airflow/.local/lib/python3.8/site-packages/airflow/example_dags/example_latest_only_with_trigger.py
[2024-02-23T16:53:01.403+0000] {processor.py:830} INFO - Processing file /home/airflow/.local/lib/python3.8/site-packages/airflow/example_dags/example_latest_only_with_trigger.py for tasks to queue
[2024-02-23T16:53:01.406+0000] {logging_mixin.py:188} INFO - [2024-02-23T16:53:01.406+0000] {dagbag.py:538} INFO - Filling up the DagBag from /home/airflow/.local/lib/python3.8/site-packages/airflow/example_dags/example_latest_only_with_trigger.py
[2024-02-23T16:53:01.417+0000] {processor.py:840} INFO - DAG(s) 'latest_only_with_trigger' retrieved from /home/airflow/.local/lib/python3.8/site-packages/airflow/example_dags/example_latest_only_with_trigger.py
[2024-02-23T16:53:01.467+0000] {logging_mixin.py:188} INFO - [2024-02-23T16:53:01.467+0000] {dag.py:3036} INFO - Sync 1 DAGs
[2024-02-23T16:53:01.514+0000] {logging_mixin.py:188} INFO - [2024-02-23T16:53:01.513+0000] {dag.py:3823} INFO - Setting next_dagrun for latest_only_with_trigger to 2024-02-23 12:00:00+00:00, run_after=2024-02-23 16:00:00+00:00
[2024-02-23T16:53:01.548+0000] {processor.py:183} INFO - Processing /home/airflow/.local/lib/python3.8/site-packages/airflow/example_dags/example_latest_only_with_trigger.py took 0.151 seconds
