[2024-02-23T16:33:11.645+0000] {processor.py:161} INFO - Started process (PID=45) to work on /home/airflow/.local/lib/python3.8/site-packages/airflow/example_dags/example_sensors.py
[2024-02-23T16:33:11.646+0000] {processor.py:830} INFO - Processing file /home/airflow/.local/lib/python3.8/site-packages/airflow/example_dags/example_sensors.py for tasks to queue
[2024-02-23T16:33:11.650+0000] {logging_mixin.py:188} INFO - [2024-02-23T16:33:11.649+0000] {dagbag.py:538} INFO - Filling up the DagBag from /home/airflow/.local/lib/python3.8/site-packages/airflow/example_dags/example_sensors.py
[2024-02-23T16:33:11.688+0000] {processor.py:840} INFO - DAG(s) 'example_sensors' retrieved from /home/airflow/.local/lib/python3.8/site-packages/airflow/example_dags/example_sensors.py
[2024-02-23T16:33:12.439+0000] {logging_mixin.py:188} INFO - [2024-02-23T16:33:12.438+0000] {dag.py:3036} INFO - Sync 1 DAGs
[2024-02-23T16:33:12.501+0000] {logging_mixin.py:188} INFO - [2024-02-23T16:33:12.501+0000] {dag.py:3823} INFO - Setting next_dagrun for example_sensors to None, run_after=None
[2024-02-23T16:33:12.603+0000] {processor.py:183} INFO - Processing /home/airflow/.local/lib/python3.8/site-packages/airflow/example_dags/example_sensors.py took 0.965 seconds
[2024-02-23T16:33:43.514+0000] {processor.py:161} INFO - Started process (PID=102) to work on /home/airflow/.local/lib/python3.8/site-packages/airflow/example_dags/example_sensors.py
[2024-02-23T16:33:43.516+0000] {processor.py:830} INFO - Processing file /home/airflow/.local/lib/python3.8/site-packages/airflow/example_dags/example_sensors.py for tasks to queue
[2024-02-23T16:33:43.519+0000] {logging_mixin.py:188} INFO - [2024-02-23T16:33:43.518+0000] {dagbag.py:538} INFO - Filling up the DagBag from /home/airflow/.local/lib/python3.8/site-packages/airflow/example_dags/example_sensors.py
[2024-02-23T16:33:43.536+0000] {processor.py:840} INFO - DAG(s) 'example_sensors' retrieved from /home/airflow/.local/lib/python3.8/site-packages/airflow/example_dags/example_sensors.py
[2024-02-23T16:33:43.584+0000] {logging_mixin.py:188} INFO - [2024-02-23T16:33:43.584+0000] {dag.py:3036} INFO - Sync 1 DAGs
[2024-02-23T16:33:43.608+0000] {logging_mixin.py:188} INFO - [2024-02-23T16:33:43.608+0000] {dag.py:3823} INFO - Setting next_dagrun for example_sensors to None, run_after=None
[2024-02-23T16:33:43.642+0000] {processor.py:183} INFO - Processing /home/airflow/.local/lib/python3.8/site-packages/airflow/example_dags/example_sensors.py took 0.135 seconds
[2024-02-23T16:34:13.769+0000] {processor.py:161} INFO - Started process (PID=159) to work on /home/airflow/.local/lib/python3.8/site-packages/airflow/example_dags/example_sensors.py
[2024-02-23T16:34:13.770+0000] {processor.py:830} INFO - Processing file /home/airflow/.local/lib/python3.8/site-packages/airflow/example_dags/example_sensors.py for tasks to queue
[2024-02-23T16:34:13.773+0000] {logging_mixin.py:188} INFO - [2024-02-23T16:34:13.773+0000] {dagbag.py:538} INFO - Filling up the DagBag from /home/airflow/.local/lib/python3.8/site-packages/airflow/example_dags/example_sensors.py
[2024-02-23T16:34:13.792+0000] {processor.py:840} INFO - DAG(s) 'example_sensors' retrieved from /home/airflow/.local/lib/python3.8/site-packages/airflow/example_dags/example_sensors.py
[2024-02-23T16:34:13.846+0000] {logging_mixin.py:188} INFO - [2024-02-23T16:34:13.845+0000] {dag.py:3036} INFO - Sync 1 DAGs
[2024-02-23T16:34:13.875+0000] {logging_mixin.py:188} INFO - [2024-02-23T16:34:13.875+0000] {dag.py:3823} INFO - Setting next_dagrun for example_sensors to None, run_after=None
[2024-02-23T16:34:13.914+0000] {processor.py:183} INFO - Processing /home/airflow/.local/lib/python3.8/site-packages/airflow/example_dags/example_sensors.py took 0.151 seconds
[2024-02-23T16:34:44.223+0000] {processor.py:161} INFO - Started process (PID=216) to work on /home/airflow/.local/lib/python3.8/site-packages/airflow/example_dags/example_sensors.py
[2024-02-23T16:34:44.224+0000] {processor.py:830} INFO - Processing file /home/airflow/.local/lib/python3.8/site-packages/airflow/example_dags/example_sensors.py for tasks to queue
[2024-02-23T16:34:44.228+0000] {logging_mixin.py:188} INFO - [2024-02-23T16:34:44.227+0000] {dagbag.py:538} INFO - Filling up the DagBag from /home/airflow/.local/lib/python3.8/site-packages/airflow/example_dags/example_sensors.py
[2024-02-23T16:34:44.247+0000] {processor.py:840} INFO - DAG(s) 'example_sensors' retrieved from /home/airflow/.local/lib/python3.8/site-packages/airflow/example_dags/example_sensors.py
[2024-02-23T16:34:44.301+0000] {logging_mixin.py:188} INFO - [2024-02-23T16:34:44.301+0000] {dag.py:3036} INFO - Sync 1 DAGs
[2024-02-23T16:34:44.324+0000] {logging_mixin.py:188} INFO - [2024-02-23T16:34:44.324+0000] {dag.py:3823} INFO - Setting next_dagrun for example_sensors to None, run_after=None
[2024-02-23T16:34:44.354+0000] {processor.py:183} INFO - Processing /home/airflow/.local/lib/python3.8/site-packages/airflow/example_dags/example_sensors.py took 0.137 seconds
[2024-02-23T16:35:14.823+0000] {processor.py:161} INFO - Started process (PID=273) to work on /home/airflow/.local/lib/python3.8/site-packages/airflow/example_dags/example_sensors.py
[2024-02-23T16:35:14.824+0000] {processor.py:830} INFO - Processing file /home/airflow/.local/lib/python3.8/site-packages/airflow/example_dags/example_sensors.py for tasks to queue
[2024-02-23T16:35:14.827+0000] {logging_mixin.py:188} INFO - [2024-02-23T16:35:14.827+0000] {dagbag.py:538} INFO - Filling up the DagBag from /home/airflow/.local/lib/python3.8/site-packages/airflow/example_dags/example_sensors.py
[2024-02-23T16:35:14.843+0000] {processor.py:840} INFO - DAG(s) 'example_sensors' retrieved from /home/airflow/.local/lib/python3.8/site-packages/airflow/example_dags/example_sensors.py
[2024-02-23T16:35:14.891+0000] {logging_mixin.py:188} INFO - [2024-02-23T16:35:14.891+0000] {dag.py:3036} INFO - Sync 1 DAGs
[2024-02-23T16:35:14.913+0000] {logging_mixin.py:188} INFO - [2024-02-23T16:35:14.912+0000] {dag.py:3823} INFO - Setting next_dagrun for example_sensors to None, run_after=None
[2024-02-23T16:35:14.945+0000] {processor.py:183} INFO - Processing /home/airflow/.local/lib/python3.8/site-packages/airflow/example_dags/example_sensors.py took 0.127 seconds
[2024-02-23T16:35:45.059+0000] {processor.py:161} INFO - Started process (PID=331) to work on /home/airflow/.local/lib/python3.8/site-packages/airflow/example_dags/example_sensors.py
[2024-02-23T16:35:45.061+0000] {processor.py:830} INFO - Processing file /home/airflow/.local/lib/python3.8/site-packages/airflow/example_dags/example_sensors.py for tasks to queue
[2024-02-23T16:35:45.064+0000] {logging_mixin.py:188} INFO - [2024-02-23T16:35:45.064+0000] {dagbag.py:538} INFO - Filling up the DagBag from /home/airflow/.local/lib/python3.8/site-packages/airflow/example_dags/example_sensors.py
[2024-02-23T16:35:45.087+0000] {processor.py:840} INFO - DAG(s) 'example_sensors' retrieved from /home/airflow/.local/lib/python3.8/site-packages/airflow/example_dags/example_sensors.py
[2024-02-23T16:35:45.139+0000] {logging_mixin.py:188} INFO - [2024-02-23T16:35:45.138+0000] {dag.py:3036} INFO - Sync 1 DAGs
[2024-02-23T16:35:45.161+0000] {logging_mixin.py:188} INFO - [2024-02-23T16:35:45.161+0000] {dag.py:3823} INFO - Setting next_dagrun for example_sensors to None, run_after=None
[2024-02-23T16:35:45.195+0000] {processor.py:183} INFO - Processing /home/airflow/.local/lib/python3.8/site-packages/airflow/example_dags/example_sensors.py took 0.141 seconds
[2024-02-23T16:36:15.507+0000] {processor.py:161} INFO - Started process (PID=388) to work on /home/airflow/.local/lib/python3.8/site-packages/airflow/example_dags/example_sensors.py
[2024-02-23T16:36:15.509+0000] {processor.py:830} INFO - Processing file /home/airflow/.local/lib/python3.8/site-packages/airflow/example_dags/example_sensors.py for tasks to queue
[2024-02-23T16:36:15.511+0000] {logging_mixin.py:188} INFO - [2024-02-23T16:36:15.511+0000] {dagbag.py:538} INFO - Filling up the DagBag from /home/airflow/.local/lib/python3.8/site-packages/airflow/example_dags/example_sensors.py
[2024-02-23T16:36:15.528+0000] {processor.py:840} INFO - DAG(s) 'example_sensors' retrieved from /home/airflow/.local/lib/python3.8/site-packages/airflow/example_dags/example_sensors.py
[2024-02-23T16:36:15.579+0000] {logging_mixin.py:188} INFO - [2024-02-23T16:36:15.578+0000] {dag.py:3036} INFO - Sync 1 DAGs
[2024-02-23T16:36:15.600+0000] {logging_mixin.py:188} INFO - [2024-02-23T16:36:15.600+0000] {dag.py:3823} INFO - Setting next_dagrun for example_sensors to None, run_after=None
[2024-02-23T16:36:15.633+0000] {processor.py:183} INFO - Processing /home/airflow/.local/lib/python3.8/site-packages/airflow/example_dags/example_sensors.py took 0.131 seconds
[2024-02-23T16:36:46.450+0000] {processor.py:161} INFO - Started process (PID=445) to work on /home/airflow/.local/lib/python3.8/site-packages/airflow/example_dags/example_sensors.py
[2024-02-23T16:36:46.451+0000] {processor.py:830} INFO - Processing file /home/airflow/.local/lib/python3.8/site-packages/airflow/example_dags/example_sensors.py for tasks to queue
[2024-02-23T16:36:46.454+0000] {logging_mixin.py:188} INFO - [2024-02-23T16:36:46.454+0000] {dagbag.py:538} INFO - Filling up the DagBag from /home/airflow/.local/lib/python3.8/site-packages/airflow/example_dags/example_sensors.py
[2024-02-23T16:36:46.471+0000] {processor.py:840} INFO - DAG(s) 'example_sensors' retrieved from /home/airflow/.local/lib/python3.8/site-packages/airflow/example_dags/example_sensors.py
[2024-02-23T16:36:46.525+0000] {logging_mixin.py:188} INFO - [2024-02-23T16:36:46.524+0000] {dag.py:3036} INFO - Sync 1 DAGs
[2024-02-23T16:36:46.550+0000] {logging_mixin.py:188} INFO - [2024-02-23T16:36:46.549+0000] {dag.py:3823} INFO - Setting next_dagrun for example_sensors to None, run_after=None
[2024-02-23T16:36:46.581+0000] {processor.py:183} INFO - Processing /home/airflow/.local/lib/python3.8/site-packages/airflow/example_dags/example_sensors.py took 0.137 seconds
[2024-02-23T16:37:16.758+0000] {processor.py:161} INFO - Started process (PID=502) to work on /home/airflow/.local/lib/python3.8/site-packages/airflow/example_dags/example_sensors.py
[2024-02-23T16:37:16.761+0000] {processor.py:830} INFO - Processing file /home/airflow/.local/lib/python3.8/site-packages/airflow/example_dags/example_sensors.py for tasks to queue
[2024-02-23T16:37:16.764+0000] {logging_mixin.py:188} INFO - [2024-02-23T16:37:16.763+0000] {dagbag.py:538} INFO - Filling up the DagBag from /home/airflow/.local/lib/python3.8/site-packages/airflow/example_dags/example_sensors.py
[2024-02-23T16:37:16.784+0000] {processor.py:840} INFO - DAG(s) 'example_sensors' retrieved from /home/airflow/.local/lib/python3.8/site-packages/airflow/example_dags/example_sensors.py
[2024-02-23T16:37:16.847+0000] {logging_mixin.py:188} INFO - [2024-02-23T16:37:16.846+0000] {dag.py:3036} INFO - Sync 1 DAGs
[2024-02-23T16:37:16.875+0000] {logging_mixin.py:188} INFO - [2024-02-23T16:37:16.874+0000] {dag.py:3823} INFO - Setting next_dagrun for example_sensors to None, run_after=None
[2024-02-23T16:37:16.910+0000] {processor.py:183} INFO - Processing /home/airflow/.local/lib/python3.8/site-packages/airflow/example_dags/example_sensors.py took 0.159 seconds
[2024-02-23T16:37:47.401+0000] {processor.py:161} INFO - Started process (PID=559) to work on /home/airflow/.local/lib/python3.8/site-packages/airflow/example_dags/example_sensors.py
[2024-02-23T16:37:47.402+0000] {processor.py:830} INFO - Processing file /home/airflow/.local/lib/python3.8/site-packages/airflow/example_dags/example_sensors.py for tasks to queue
[2024-02-23T16:37:47.405+0000] {logging_mixin.py:188} INFO - [2024-02-23T16:37:47.405+0000] {dagbag.py:538} INFO - Filling up the DagBag from /home/airflow/.local/lib/python3.8/site-packages/airflow/example_dags/example_sensors.py
[2024-02-23T16:37:47.424+0000] {processor.py:840} INFO - DAG(s) 'example_sensors' retrieved from /home/airflow/.local/lib/python3.8/site-packages/airflow/example_dags/example_sensors.py
[2024-02-23T16:37:47.483+0000] {logging_mixin.py:188} INFO - [2024-02-23T16:37:47.482+0000] {dag.py:3036} INFO - Sync 1 DAGs
[2024-02-23T16:37:47.514+0000] {logging_mixin.py:188} INFO - [2024-02-23T16:37:47.513+0000] {dag.py:3823} INFO - Setting next_dagrun for example_sensors to None, run_after=None
[2024-02-23T16:37:47.560+0000] {processor.py:183} INFO - Processing /home/airflow/.local/lib/python3.8/site-packages/airflow/example_dags/example_sensors.py took 0.165 seconds
[2024-02-23T16:38:18.350+0000] {processor.py:161} INFO - Started process (PID=616) to work on /home/airflow/.local/lib/python3.8/site-packages/airflow/example_dags/example_sensors.py
[2024-02-23T16:38:18.352+0000] {processor.py:830} INFO - Processing file /home/airflow/.local/lib/python3.8/site-packages/airflow/example_dags/example_sensors.py for tasks to queue
[2024-02-23T16:38:18.356+0000] {logging_mixin.py:188} INFO - [2024-02-23T16:38:18.355+0000] {dagbag.py:538} INFO - Filling up the DagBag from /home/airflow/.local/lib/python3.8/site-packages/airflow/example_dags/example_sensors.py
[2024-02-23T16:38:18.378+0000] {processor.py:840} INFO - DAG(s) 'example_sensors' retrieved from /home/airflow/.local/lib/python3.8/site-packages/airflow/example_dags/example_sensors.py
[2024-02-23T16:38:18.445+0000] {logging_mixin.py:188} INFO - [2024-02-23T16:38:18.445+0000] {dag.py:3036} INFO - Sync 1 DAGs
[2024-02-23T16:38:18.475+0000] {logging_mixin.py:188} INFO - [2024-02-23T16:38:18.475+0000] {dag.py:3823} INFO - Setting next_dagrun for example_sensors to None, run_after=None
[2024-02-23T16:38:18.512+0000] {processor.py:183} INFO - Processing /home/airflow/.local/lib/python3.8/site-packages/airflow/example_dags/example_sensors.py took 0.170 seconds
[2024-02-23T16:38:49.406+0000] {processor.py:161} INFO - Started process (PID=672) to work on /home/airflow/.local/lib/python3.8/site-packages/airflow/example_dags/example_sensors.py
[2024-02-23T16:38:49.407+0000] {processor.py:830} INFO - Processing file /home/airflow/.local/lib/python3.8/site-packages/airflow/example_dags/example_sensors.py for tasks to queue
[2024-02-23T16:38:49.410+0000] {logging_mixin.py:188} INFO - [2024-02-23T16:38:49.410+0000] {dagbag.py:538} INFO - Filling up the DagBag from /home/airflow/.local/lib/python3.8/site-packages/airflow/example_dags/example_sensors.py
[2024-02-23T16:38:49.429+0000] {processor.py:840} INFO - DAG(s) 'example_sensors' retrieved from /home/airflow/.local/lib/python3.8/site-packages/airflow/example_dags/example_sensors.py
[2024-02-23T16:38:49.483+0000] {logging_mixin.py:188} INFO - [2024-02-23T16:38:49.482+0000] {dag.py:3036} INFO - Sync 1 DAGs
[2024-02-23T16:38:49.508+0000] {logging_mixin.py:188} INFO - [2024-02-23T16:38:49.507+0000] {dag.py:3823} INFO - Setting next_dagrun for example_sensors to None, run_after=None
[2024-02-23T16:38:49.544+0000] {processor.py:183} INFO - Processing /home/airflow/.local/lib/python3.8/site-packages/airflow/example_dags/example_sensors.py took 0.144 seconds
[2024-02-23T16:39:19.843+0000] {processor.py:161} INFO - Started process (PID=729) to work on /home/airflow/.local/lib/python3.8/site-packages/airflow/example_dags/example_sensors.py
[2024-02-23T16:39:19.846+0000] {processor.py:830} INFO - Processing file /home/airflow/.local/lib/python3.8/site-packages/airflow/example_dags/example_sensors.py for tasks to queue
[2024-02-23T16:39:19.849+0000] {logging_mixin.py:188} INFO - [2024-02-23T16:39:19.848+0000] {dagbag.py:538} INFO - Filling up the DagBag from /home/airflow/.local/lib/python3.8/site-packages/airflow/example_dags/example_sensors.py
[2024-02-23T16:39:19.872+0000] {processor.py:840} INFO - DAG(s) 'example_sensors' retrieved from /home/airflow/.local/lib/python3.8/site-packages/airflow/example_dags/example_sensors.py
[2024-02-23T16:39:19.933+0000] {logging_mixin.py:188} INFO - [2024-02-23T16:39:19.932+0000] {dag.py:3036} INFO - Sync 1 DAGs
[2024-02-23T16:39:19.962+0000] {logging_mixin.py:188} INFO - [2024-02-23T16:39:19.961+0000] {dag.py:3823} INFO - Setting next_dagrun for example_sensors to None, run_after=None
[2024-02-23T16:39:20.013+0000] {processor.py:183} INFO - Processing /home/airflow/.local/lib/python3.8/site-packages/airflow/example_dags/example_sensors.py took 0.176 seconds
[2024-02-23T16:39:50.167+0000] {processor.py:161} INFO - Started process (PID=786) to work on /home/airflow/.local/lib/python3.8/site-packages/airflow/example_dags/example_sensors.py
[2024-02-23T16:39:50.169+0000] {processor.py:830} INFO - Processing file /home/airflow/.local/lib/python3.8/site-packages/airflow/example_dags/example_sensors.py for tasks to queue
[2024-02-23T16:39:50.172+0000] {logging_mixin.py:188} INFO - [2024-02-23T16:39:50.172+0000] {dagbag.py:538} INFO - Filling up the DagBag from /home/airflow/.local/lib/python3.8/site-packages/airflow/example_dags/example_sensors.py
[2024-02-23T16:39:50.196+0000] {processor.py:840} INFO - DAG(s) 'example_sensors' retrieved from /home/airflow/.local/lib/python3.8/site-packages/airflow/example_dags/example_sensors.py
[2024-02-23T16:39:50.253+0000] {logging_mixin.py:188} INFO - [2024-02-23T16:39:50.252+0000] {dag.py:3036} INFO - Sync 1 DAGs
[2024-02-23T16:39:50.281+0000] {logging_mixin.py:188} INFO - [2024-02-23T16:39:50.280+0000] {dag.py:3823} INFO - Setting next_dagrun for example_sensors to None, run_after=None
[2024-02-23T16:39:50.327+0000] {processor.py:183} INFO - Processing /home/airflow/.local/lib/python3.8/site-packages/airflow/example_dags/example_sensors.py took 0.167 seconds
[2024-02-23T16:40:21.131+0000] {processor.py:161} INFO - Started process (PID=843) to work on /home/airflow/.local/lib/python3.8/site-packages/airflow/example_dags/example_sensors.py
[2024-02-23T16:40:21.133+0000] {processor.py:830} INFO - Processing file /home/airflow/.local/lib/python3.8/site-packages/airflow/example_dags/example_sensors.py for tasks to queue
[2024-02-23T16:40:21.136+0000] {logging_mixin.py:188} INFO - [2024-02-23T16:40:21.135+0000] {dagbag.py:538} INFO - Filling up the DagBag from /home/airflow/.local/lib/python3.8/site-packages/airflow/example_dags/example_sensors.py
[2024-02-23T16:40:21.158+0000] {processor.py:840} INFO - DAG(s) 'example_sensors' retrieved from /home/airflow/.local/lib/python3.8/site-packages/airflow/example_dags/example_sensors.py
[2024-02-23T16:40:21.219+0000] {logging_mixin.py:188} INFO - [2024-02-23T16:40:21.218+0000] {dag.py:3036} INFO - Sync 1 DAGs
[2024-02-23T16:40:21.249+0000] {logging_mixin.py:188} INFO - [2024-02-23T16:40:21.248+0000] {dag.py:3823} INFO - Setting next_dagrun for example_sensors to None, run_after=None
[2024-02-23T16:40:21.304+0000] {processor.py:183} INFO - Processing /home/airflow/.local/lib/python3.8/site-packages/airflow/example_dags/example_sensors.py took 0.178 seconds
[2024-02-23T16:40:52.078+0000] {processor.py:161} INFO - Started process (PID=901) to work on /home/airflow/.local/lib/python3.8/site-packages/airflow/example_dags/example_sensors.py
[2024-02-23T16:40:52.083+0000] {processor.py:830} INFO - Processing file /home/airflow/.local/lib/python3.8/site-packages/airflow/example_dags/example_sensors.py for tasks to queue
[2024-02-23T16:40:52.088+0000] {logging_mixin.py:188} INFO - [2024-02-23T16:40:52.087+0000] {dagbag.py:538} INFO - Filling up the DagBag from /home/airflow/.local/lib/python3.8/site-packages/airflow/example_dags/example_sensors.py
[2024-02-23T16:40:52.111+0000] {processor.py:840} INFO - DAG(s) 'example_sensors' retrieved from /home/airflow/.local/lib/python3.8/site-packages/airflow/example_dags/example_sensors.py
[2024-02-23T16:40:52.179+0000] {logging_mixin.py:188} INFO - [2024-02-23T16:40:52.178+0000] {dag.py:3036} INFO - Sync 1 DAGs
[2024-02-23T16:40:52.206+0000] {logging_mixin.py:188} INFO - [2024-02-23T16:40:52.205+0000] {dag.py:3823} INFO - Setting next_dagrun for example_sensors to None, run_after=None
[2024-02-23T16:40:52.242+0000] {processor.py:183} INFO - Processing /home/airflow/.local/lib/python3.8/site-packages/airflow/example_dags/example_sensors.py took 0.172 seconds
[2024-02-23T16:41:22.419+0000] {processor.py:161} INFO - Started process (PID=958) to work on /home/airflow/.local/lib/python3.8/site-packages/airflow/example_dags/example_sensors.py
[2024-02-23T16:41:22.420+0000] {processor.py:830} INFO - Processing file /home/airflow/.local/lib/python3.8/site-packages/airflow/example_dags/example_sensors.py for tasks to queue
[2024-02-23T16:41:22.423+0000] {logging_mixin.py:188} INFO - [2024-02-23T16:41:22.423+0000] {dagbag.py:538} INFO - Filling up the DagBag from /home/airflow/.local/lib/python3.8/site-packages/airflow/example_dags/example_sensors.py
[2024-02-23T16:41:22.443+0000] {processor.py:840} INFO - DAG(s) 'example_sensors' retrieved from /home/airflow/.local/lib/python3.8/site-packages/airflow/example_dags/example_sensors.py
[2024-02-23T16:41:22.503+0000] {logging_mixin.py:188} INFO - [2024-02-23T16:41:22.503+0000] {dag.py:3036} INFO - Sync 1 DAGs
[2024-02-23T16:41:22.528+0000] {logging_mixin.py:188} INFO - [2024-02-23T16:41:22.527+0000] {dag.py:3823} INFO - Setting next_dagrun for example_sensors to None, run_after=None
[2024-02-23T16:41:22.576+0000] {processor.py:183} INFO - Processing /home/airflow/.local/lib/python3.8/site-packages/airflow/example_dags/example_sensors.py took 0.163 seconds
[2024-02-23T16:43:02.595+0000] {processor.py:161} INFO - Started process (PID=45) to work on /home/airflow/.local/lib/python3.8/site-packages/airflow/example_dags/example_sensors.py
[2024-02-23T16:43:02.598+0000] {processor.py:830} INFO - Processing file /home/airflow/.local/lib/python3.8/site-packages/airflow/example_dags/example_sensors.py for tasks to queue
[2024-02-23T16:43:02.602+0000] {logging_mixin.py:188} INFO - [2024-02-23T16:43:02.601+0000] {dagbag.py:538} INFO - Filling up the DagBag from /home/airflow/.local/lib/python3.8/site-packages/airflow/example_dags/example_sensors.py
[2024-02-23T16:43:02.639+0000] {processor.py:840} INFO - DAG(s) 'example_sensors' retrieved from /home/airflow/.local/lib/python3.8/site-packages/airflow/example_dags/example_sensors.py
[2024-02-23T16:43:03.019+0000] {logging_mixin.py:188} INFO - [2024-02-23T16:43:03.018+0000] {dag.py:3036} INFO - Sync 1 DAGs
[2024-02-23T16:43:03.049+0000] {logging_mixin.py:188} INFO - [2024-02-23T16:43:03.048+0000] {dag.py:3823} INFO - Setting next_dagrun for example_sensors to None, run_after=None
[2024-02-23T16:43:03.093+0000] {processor.py:183} INFO - Processing /home/airflow/.local/lib/python3.8/site-packages/airflow/example_dags/example_sensors.py took 0.504 seconds
[2024-02-23T16:43:33.427+0000] {processor.py:161} INFO - Started process (PID=102) to work on /home/airflow/.local/lib/python3.8/site-packages/airflow/example_dags/example_sensors.py
[2024-02-23T16:43:33.429+0000] {processor.py:830} INFO - Processing file /home/airflow/.local/lib/python3.8/site-packages/airflow/example_dags/example_sensors.py for tasks to queue
[2024-02-23T16:43:33.431+0000] {logging_mixin.py:188} INFO - [2024-02-23T16:43:33.431+0000] {dagbag.py:538} INFO - Filling up the DagBag from /home/airflow/.local/lib/python3.8/site-packages/airflow/example_dags/example_sensors.py
[2024-02-23T16:43:33.447+0000] {processor.py:840} INFO - DAG(s) 'example_sensors' retrieved from /home/airflow/.local/lib/python3.8/site-packages/airflow/example_dags/example_sensors.py
[2024-02-23T16:43:33.492+0000] {logging_mixin.py:188} INFO - [2024-02-23T16:43:33.492+0000] {dag.py:3036} INFO - Sync 1 DAGs
[2024-02-23T16:43:33.515+0000] {logging_mixin.py:188} INFO - [2024-02-23T16:43:33.514+0000] {dag.py:3823} INFO - Setting next_dagrun for example_sensors to None, run_after=None
[2024-02-23T16:43:33.542+0000] {processor.py:183} INFO - Processing /home/airflow/.local/lib/python3.8/site-packages/airflow/example_dags/example_sensors.py took 0.119 seconds
[2024-02-23T16:44:03.705+0000] {processor.py:161} INFO - Started process (PID=159) to work on /home/airflow/.local/lib/python3.8/site-packages/airflow/example_dags/example_sensors.py
[2024-02-23T16:44:03.707+0000] {processor.py:830} INFO - Processing file /home/airflow/.local/lib/python3.8/site-packages/airflow/example_dags/example_sensors.py for tasks to queue
[2024-02-23T16:44:03.710+0000] {logging_mixin.py:188} INFO - [2024-02-23T16:44:03.709+0000] {dagbag.py:538} INFO - Filling up the DagBag from /home/airflow/.local/lib/python3.8/site-packages/airflow/example_dags/example_sensors.py
[2024-02-23T16:44:03.726+0000] {processor.py:840} INFO - DAG(s) 'example_sensors' retrieved from /home/airflow/.local/lib/python3.8/site-packages/airflow/example_dags/example_sensors.py
[2024-02-23T16:44:03.772+0000] {logging_mixin.py:188} INFO - [2024-02-23T16:44:03.772+0000] {dag.py:3036} INFO - Sync 1 DAGs
[2024-02-23T16:44:03.793+0000] {logging_mixin.py:188} INFO - [2024-02-23T16:44:03.793+0000] {dag.py:3823} INFO - Setting next_dagrun for example_sensors to None, run_after=None
[2024-02-23T16:44:03.836+0000] {processor.py:183} INFO - Processing /home/airflow/.local/lib/python3.8/site-packages/airflow/example_dags/example_sensors.py took 0.135 seconds
[2024-02-23T16:44:34.191+0000] {processor.py:161} INFO - Started process (PID=216) to work on /home/airflow/.local/lib/python3.8/site-packages/airflow/example_dags/example_sensors.py
[2024-02-23T16:44:34.193+0000] {processor.py:830} INFO - Processing file /home/airflow/.local/lib/python3.8/site-packages/airflow/example_dags/example_sensors.py for tasks to queue
[2024-02-23T16:44:34.196+0000] {logging_mixin.py:188} INFO - [2024-02-23T16:44:34.196+0000] {dagbag.py:538} INFO - Filling up the DagBag from /home/airflow/.local/lib/python3.8/site-packages/airflow/example_dags/example_sensors.py
[2024-02-23T16:44:34.218+0000] {processor.py:840} INFO - DAG(s) 'example_sensors' retrieved from /home/airflow/.local/lib/python3.8/site-packages/airflow/example_dags/example_sensors.py
[2024-02-23T16:44:34.275+0000] {logging_mixin.py:188} INFO - [2024-02-23T16:44:34.275+0000] {dag.py:3036} INFO - Sync 1 DAGs
[2024-02-23T16:44:34.303+0000] {logging_mixin.py:188} INFO - [2024-02-23T16:44:34.303+0000] {dag.py:3823} INFO - Setting next_dagrun for example_sensors to None, run_after=None
[2024-02-23T16:44:34.339+0000] {processor.py:183} INFO - Processing /home/airflow/.local/lib/python3.8/site-packages/airflow/example_dags/example_sensors.py took 0.153 seconds
[2024-02-23T16:45:04.896+0000] {processor.py:161} INFO - Started process (PID=273) to work on /home/airflow/.local/lib/python3.8/site-packages/airflow/example_dags/example_sensors.py
[2024-02-23T16:45:04.897+0000] {processor.py:830} INFO - Processing file /home/airflow/.local/lib/python3.8/site-packages/airflow/example_dags/example_sensors.py for tasks to queue
[2024-02-23T16:45:04.900+0000] {logging_mixin.py:188} INFO - [2024-02-23T16:45:04.900+0000] {dagbag.py:538} INFO - Filling up the DagBag from /home/airflow/.local/lib/python3.8/site-packages/airflow/example_dags/example_sensors.py
[2024-02-23T16:45:04.921+0000] {processor.py:840} INFO - DAG(s) 'example_sensors' retrieved from /home/airflow/.local/lib/python3.8/site-packages/airflow/example_dags/example_sensors.py
[2024-02-23T16:45:04.967+0000] {logging_mixin.py:188} INFO - [2024-02-23T16:45:04.967+0000] {dag.py:3036} INFO - Sync 1 DAGs
[2024-02-23T16:45:04.989+0000] {logging_mixin.py:188} INFO - [2024-02-23T16:45:04.989+0000] {dag.py:3823} INFO - Setting next_dagrun for example_sensors to None, run_after=None
[2024-02-23T16:45:05.018+0000] {processor.py:183} INFO - Processing /home/airflow/.local/lib/python3.8/site-packages/airflow/example_dags/example_sensors.py took 0.126 seconds
[2024-02-23T16:45:35.172+0000] {processor.py:161} INFO - Started process (PID=329) to work on /home/airflow/.local/lib/python3.8/site-packages/airflow/example_dags/example_sensors.py
[2024-02-23T16:45:35.174+0000] {processor.py:830} INFO - Processing file /home/airflow/.local/lib/python3.8/site-packages/airflow/example_dags/example_sensors.py for tasks to queue
[2024-02-23T16:45:35.177+0000] {logging_mixin.py:188} INFO - [2024-02-23T16:45:35.176+0000] {dagbag.py:538} INFO - Filling up the DagBag from /home/airflow/.local/lib/python3.8/site-packages/airflow/example_dags/example_sensors.py
[2024-02-23T16:45:35.192+0000] {processor.py:840} INFO - DAG(s) 'example_sensors' retrieved from /home/airflow/.local/lib/python3.8/site-packages/airflow/example_dags/example_sensors.py
[2024-02-23T16:45:35.240+0000] {logging_mixin.py:188} INFO - [2024-02-23T16:45:35.239+0000] {dag.py:3036} INFO - Sync 1 DAGs
[2024-02-23T16:45:35.260+0000] {logging_mixin.py:188} INFO - [2024-02-23T16:45:35.260+0000] {dag.py:3823} INFO - Setting next_dagrun for example_sensors to None, run_after=None
[2024-02-23T16:45:35.289+0000] {processor.py:183} INFO - Processing /home/airflow/.local/lib/python3.8/site-packages/airflow/example_dags/example_sensors.py took 0.121 seconds
[2024-02-23T16:46:05.440+0000] {processor.py:161} INFO - Started process (PID=386) to work on /home/airflow/.local/lib/python3.8/site-packages/airflow/example_dags/example_sensors.py
[2024-02-23T16:46:05.441+0000] {processor.py:830} INFO - Processing file /home/airflow/.local/lib/python3.8/site-packages/airflow/example_dags/example_sensors.py for tasks to queue
[2024-02-23T16:46:05.445+0000] {logging_mixin.py:188} INFO - [2024-02-23T16:46:05.444+0000] {dagbag.py:538} INFO - Filling up the DagBag from /home/airflow/.local/lib/python3.8/site-packages/airflow/example_dags/example_sensors.py
[2024-02-23T16:46:05.463+0000] {processor.py:840} INFO - DAG(s) 'example_sensors' retrieved from /home/airflow/.local/lib/python3.8/site-packages/airflow/example_dags/example_sensors.py
[2024-02-23T16:46:05.515+0000] {logging_mixin.py:188} INFO - [2024-02-23T16:46:05.514+0000] {dag.py:3036} INFO - Sync 1 DAGs
[2024-02-23T16:46:05.541+0000] {logging_mixin.py:188} INFO - [2024-02-23T16:46:05.541+0000] {dag.py:3823} INFO - Setting next_dagrun for example_sensors to None, run_after=None
[2024-02-23T16:46:05.575+0000] {processor.py:183} INFO - Processing /home/airflow/.local/lib/python3.8/site-packages/airflow/example_dags/example_sensors.py took 0.142 seconds
[2024-02-23T16:46:36.287+0000] {processor.py:161} INFO - Started process (PID=443) to work on /home/airflow/.local/lib/python3.8/site-packages/airflow/example_dags/example_sensors.py
[2024-02-23T16:46:36.289+0000] {processor.py:830} INFO - Processing file /home/airflow/.local/lib/python3.8/site-packages/airflow/example_dags/example_sensors.py for tasks to queue
[2024-02-23T16:46:36.291+0000] {logging_mixin.py:188} INFO - [2024-02-23T16:46:36.291+0000] {dagbag.py:538} INFO - Filling up the DagBag from /home/airflow/.local/lib/python3.8/site-packages/airflow/example_dags/example_sensors.py
[2024-02-23T16:46:36.309+0000] {processor.py:840} INFO - DAG(s) 'example_sensors' retrieved from /home/airflow/.local/lib/python3.8/site-packages/airflow/example_dags/example_sensors.py
[2024-02-23T16:46:36.367+0000] {logging_mixin.py:188} INFO - [2024-02-23T16:46:36.367+0000] {dag.py:3036} INFO - Sync 1 DAGs
[2024-02-23T16:46:36.401+0000] {logging_mixin.py:188} INFO - [2024-02-23T16:46:36.401+0000] {dag.py:3823} INFO - Setting next_dagrun for example_sensors to None, run_after=None
[2024-02-23T16:46:36.434+0000] {processor.py:183} INFO - Processing /home/airflow/.local/lib/python3.8/site-packages/airflow/example_dags/example_sensors.py took 0.152 seconds
[2024-02-23T16:47:06.674+0000] {processor.py:161} INFO - Started process (PID=500) to work on /home/airflow/.local/lib/python3.8/site-packages/airflow/example_dags/example_sensors.py
[2024-02-23T16:47:06.676+0000] {processor.py:830} INFO - Processing file /home/airflow/.local/lib/python3.8/site-packages/airflow/example_dags/example_sensors.py for tasks to queue
[2024-02-23T16:47:06.679+0000] {logging_mixin.py:188} INFO - [2024-02-23T16:47:06.679+0000] {dagbag.py:538} INFO - Filling up the DagBag from /home/airflow/.local/lib/python3.8/site-packages/airflow/example_dags/example_sensors.py
[2024-02-23T16:47:06.696+0000] {processor.py:840} INFO - DAG(s) 'example_sensors' retrieved from /home/airflow/.local/lib/python3.8/site-packages/airflow/example_dags/example_sensors.py
[2024-02-23T16:47:06.741+0000] {logging_mixin.py:188} INFO - [2024-02-23T16:47:06.740+0000] {dag.py:3036} INFO - Sync 1 DAGs
[2024-02-23T16:47:06.763+0000] {logging_mixin.py:188} INFO - [2024-02-23T16:47:06.763+0000] {dag.py:3823} INFO - Setting next_dagrun for example_sensors to None, run_after=None
[2024-02-23T16:47:06.791+0000] {processor.py:183} INFO - Processing /home/airflow/.local/lib/python3.8/site-packages/airflow/example_dags/example_sensors.py took 0.122 seconds
[2024-02-23T16:48:34.742+0000] {processor.py:161} INFO - Started process (PID=45) to work on /home/airflow/.local/lib/python3.8/site-packages/airflow/example_dags/example_sensors.py
[2024-02-23T16:48:34.744+0000] {processor.py:830} INFO - Processing file /home/airflow/.local/lib/python3.8/site-packages/airflow/example_dags/example_sensors.py for tasks to queue
[2024-02-23T16:48:34.748+0000] {logging_mixin.py:188} INFO - [2024-02-23T16:48:34.747+0000] {dagbag.py:538} INFO - Filling up the DagBag from /home/airflow/.local/lib/python3.8/site-packages/airflow/example_dags/example_sensors.py
[2024-02-23T16:48:34.781+0000] {processor.py:840} INFO - DAG(s) 'example_sensors' retrieved from /home/airflow/.local/lib/python3.8/site-packages/airflow/example_dags/example_sensors.py
[2024-02-23T16:48:35.116+0000] {logging_mixin.py:188} INFO - [2024-02-23T16:48:35.115+0000] {dag.py:3036} INFO - Sync 1 DAGs
[2024-02-23T16:48:35.146+0000] {logging_mixin.py:188} INFO - [2024-02-23T16:48:35.146+0000] {dag.py:3823} INFO - Setting next_dagrun for example_sensors to None, run_after=None
[2024-02-23T16:48:35.226+0000] {processor.py:183} INFO - Processing /home/airflow/.local/lib/python3.8/site-packages/airflow/example_dags/example_sensors.py took 0.490 seconds
[2024-02-23T16:51:54.759+0000] {processor.py:161} INFO - Started process (PID=37) to work on /home/airflow/.local/lib/python3.8/site-packages/airflow/example_dags/example_sensors.py
[2024-02-23T16:51:54.762+0000] {processor.py:830} INFO - Processing file /home/airflow/.local/lib/python3.8/site-packages/airflow/example_dags/example_sensors.py for tasks to queue
[2024-02-23T16:51:54.765+0000] {logging_mixin.py:188} INFO - [2024-02-23T16:51:54.765+0000] {dagbag.py:538} INFO - Filling up the DagBag from /home/airflow/.local/lib/python3.8/site-packages/airflow/example_dags/example_sensors.py
[2024-02-23T16:51:54.800+0000] {processor.py:840} INFO - DAG(s) 'example_sensors' retrieved from /home/airflow/.local/lib/python3.8/site-packages/airflow/example_dags/example_sensors.py
[2024-02-23T16:51:55.187+0000] {logging_mixin.py:188} INFO - [2024-02-23T16:51:55.186+0000] {dag.py:3036} INFO - Sync 1 DAGs
[2024-02-23T16:51:55.214+0000] {logging_mixin.py:188} INFO - [2024-02-23T16:51:55.213+0000] {dag.py:3823} INFO - Setting next_dagrun for example_sensors to None, run_after=None
[2024-02-23T16:51:55.255+0000] {processor.py:183} INFO - Processing /home/airflow/.local/lib/python3.8/site-packages/airflow/example_dags/example_sensors.py took 0.504 seconds
[2024-02-23T16:52:25.724+0000] {processor.py:161} INFO - Started process (PID=95) to work on /home/airflow/.local/lib/python3.8/site-packages/airflow/example_dags/example_sensors.py
[2024-02-23T16:52:25.725+0000] {processor.py:830} INFO - Processing file /home/airflow/.local/lib/python3.8/site-packages/airflow/example_dags/example_sensors.py for tasks to queue
[2024-02-23T16:52:25.728+0000] {logging_mixin.py:188} INFO - [2024-02-23T16:52:25.728+0000] {dagbag.py:538} INFO - Filling up the DagBag from /home/airflow/.local/lib/python3.8/site-packages/airflow/example_dags/example_sensors.py
[2024-02-23T16:52:25.746+0000] {processor.py:840} INFO - DAG(s) 'example_sensors' retrieved from /home/airflow/.local/lib/python3.8/site-packages/airflow/example_dags/example_sensors.py
[2024-02-23T16:52:25.815+0000] {logging_mixin.py:188} INFO - [2024-02-23T16:52:25.815+0000] {dag.py:3036} INFO - Sync 1 DAGs
[2024-02-23T16:52:25.844+0000] {logging_mixin.py:188} INFO - [2024-02-23T16:52:25.844+0000] {dag.py:3823} INFO - Setting next_dagrun for example_sensors to None, run_after=None
[2024-02-23T16:52:25.879+0000] {processor.py:183} INFO - Processing /home/airflow/.local/lib/python3.8/site-packages/airflow/example_dags/example_sensors.py took 0.163 seconds
[2024-02-23T16:52:56.524+0000] {processor.py:161} INFO - Started process (PID=153) to work on /home/airflow/.local/lib/python3.8/site-packages/airflow/example_dags/example_sensors.py
[2024-02-23T16:52:56.525+0000] {processor.py:830} INFO - Processing file /home/airflow/.local/lib/python3.8/site-packages/airflow/example_dags/example_sensors.py for tasks to queue
[2024-02-23T16:52:56.527+0000] {logging_mixin.py:188} INFO - [2024-02-23T16:52:56.527+0000] {dagbag.py:538} INFO - Filling up the DagBag from /home/airflow/.local/lib/python3.8/site-packages/airflow/example_dags/example_sensors.py
[2024-02-23T16:52:56.544+0000] {processor.py:840} INFO - DAG(s) 'example_sensors' retrieved from /home/airflow/.local/lib/python3.8/site-packages/airflow/example_dags/example_sensors.py
[2024-02-23T16:52:56.592+0000] {logging_mixin.py:188} INFO - [2024-02-23T16:52:56.591+0000] {dag.py:3036} INFO - Sync 1 DAGs
[2024-02-23T16:52:56.613+0000] {logging_mixin.py:188} INFO - [2024-02-23T16:52:56.613+0000] {dag.py:3823} INFO - Setting next_dagrun for example_sensors to None, run_after=None
[2024-02-23T16:52:56.643+0000] {processor.py:183} INFO - Processing /home/airflow/.local/lib/python3.8/site-packages/airflow/example_dags/example_sensors.py took 0.128 seconds
[2024-02-23T16:53:27.457+0000] {processor.py:161} INFO - Started process (PID=210) to work on /home/airflow/.local/lib/python3.8/site-packages/airflow/example_dags/example_sensors.py
[2024-02-23T16:53:27.459+0000] {processor.py:830} INFO - Processing file /home/airflow/.local/lib/python3.8/site-packages/airflow/example_dags/example_sensors.py for tasks to queue
[2024-02-23T16:53:27.461+0000] {logging_mixin.py:188} INFO - [2024-02-23T16:53:27.461+0000] {dagbag.py:538} INFO - Filling up the DagBag from /home/airflow/.local/lib/python3.8/site-packages/airflow/example_dags/example_sensors.py
[2024-02-23T16:53:27.478+0000] {processor.py:840} INFO - DAG(s) 'example_sensors' retrieved from /home/airflow/.local/lib/python3.8/site-packages/airflow/example_dags/example_sensors.py
[2024-02-23T16:53:27.521+0000] {logging_mixin.py:188} INFO - [2024-02-23T16:53:27.520+0000] {dag.py:3036} INFO - Sync 1 DAGs
[2024-02-23T16:53:27.541+0000] {logging_mixin.py:188} INFO - [2024-02-23T16:53:27.541+0000] {dag.py:3823} INFO - Setting next_dagrun for example_sensors to None, run_after=None
[2024-02-23T16:53:27.571+0000] {processor.py:183} INFO - Processing /home/airflow/.local/lib/python3.8/site-packages/airflow/example_dags/example_sensors.py took 0.119 seconds
