[2024-02-23T16:33:19.660+0000] {processor.py:161} INFO - Started process (PID=73) to work on /home/airflow/.local/lib/python3.8/site-packages/airflow/example_dags/example_task_group_decorator.py
[2024-02-23T16:33:19.661+0000] {processor.py:830} INFO - Processing file /home/airflow/.local/lib/python3.8/site-packages/airflow/example_dags/example_task_group_decorator.py for tasks to queue
[2024-02-23T16:33:19.664+0000] {logging_mixin.py:188} INFO - [2024-02-23T16:33:19.664+0000] {dagbag.py:538} INFO - Filling up the DagBag from /home/airflow/.local/lib/python3.8/site-packages/airflow/example_dags/example_task_group_decorator.py
[2024-02-23T16:33:19.699+0000] {processor.py:840} INFO - DAG(s) 'example_task_group_decorator' retrieved from /home/airflow/.local/lib/python3.8/site-packages/airflow/example_dags/example_task_group_decorator.py
[2024-02-23T16:33:19.956+0000] {logging_mixin.py:188} INFO - [2024-02-23T16:33:19.955+0000] {dag.py:3036} INFO - Sync 1 DAGs
[2024-02-23T16:33:20.006+0000] {logging_mixin.py:188} INFO - [2024-02-23T16:33:20.006+0000] {dag.py:3823} INFO - Setting next_dagrun for example_task_group_decorator to 2024-02-22 00:00:00+00:00, run_after=2024-02-23 00:00:00+00:00
[2024-02-23T16:33:20.043+0000] {processor.py:183} INFO - Processing /home/airflow/.local/lib/python3.8/site-packages/airflow/example_dags/example_task_group_decorator.py took 0.390 seconds
[2024-02-23T16:33:50.390+0000] {processor.py:161} INFO - Started process (PID=130) to work on /home/airflow/.local/lib/python3.8/site-packages/airflow/example_dags/example_task_group_decorator.py
[2024-02-23T16:33:50.392+0000] {processor.py:830} INFO - Processing file /home/airflow/.local/lib/python3.8/site-packages/airflow/example_dags/example_task_group_decorator.py for tasks to queue
[2024-02-23T16:33:50.395+0000] {logging_mixin.py:188} INFO - [2024-02-23T16:33:50.394+0000] {dagbag.py:538} INFO - Filling up the DagBag from /home/airflow/.local/lib/python3.8/site-packages/airflow/example_dags/example_task_group_decorator.py
[2024-02-23T16:33:50.424+0000] {processor.py:840} INFO - DAG(s) 'example_task_group_decorator' retrieved from /home/airflow/.local/lib/python3.8/site-packages/airflow/example_dags/example_task_group_decorator.py
[2024-02-23T16:33:50.483+0000] {logging_mixin.py:188} INFO - [2024-02-23T16:33:50.483+0000] {dag.py:3036} INFO - Sync 1 DAGs
[2024-02-23T16:33:50.524+0000] {logging_mixin.py:188} INFO - [2024-02-23T16:33:50.524+0000] {dag.py:3823} INFO - Setting next_dagrun for example_task_group_decorator to 2024-02-22 00:00:00+00:00, run_after=2024-02-23 00:00:00+00:00
[2024-02-23T16:33:50.558+0000] {processor.py:183} INFO - Processing /home/airflow/.local/lib/python3.8/site-packages/airflow/example_dags/example_task_group_decorator.py took 0.176 seconds
[2024-02-23T16:34:21.256+0000] {processor.py:161} INFO - Started process (PID=187) to work on /home/airflow/.local/lib/python3.8/site-packages/airflow/example_dags/example_task_group_decorator.py
[2024-02-23T16:34:21.258+0000] {processor.py:830} INFO - Processing file /home/airflow/.local/lib/python3.8/site-packages/airflow/example_dags/example_task_group_decorator.py for tasks to queue
[2024-02-23T16:34:21.260+0000] {logging_mixin.py:188} INFO - [2024-02-23T16:34:21.260+0000] {dagbag.py:538} INFO - Filling up the DagBag from /home/airflow/.local/lib/python3.8/site-packages/airflow/example_dags/example_task_group_decorator.py
[2024-02-23T16:34:21.298+0000] {processor.py:840} INFO - DAG(s) 'example_task_group_decorator' retrieved from /home/airflow/.local/lib/python3.8/site-packages/airflow/example_dags/example_task_group_decorator.py
[2024-02-23T16:34:21.349+0000] {logging_mixin.py:188} INFO - [2024-02-23T16:34:21.349+0000] {dag.py:3036} INFO - Sync 1 DAGs
[2024-02-23T16:34:21.402+0000] {logging_mixin.py:188} INFO - [2024-02-23T16:34:21.402+0000] {dag.py:3823} INFO - Setting next_dagrun for example_task_group_decorator to 2024-02-22 00:00:00+00:00, run_after=2024-02-23 00:00:00+00:00
[2024-02-23T16:34:21.443+0000] {processor.py:183} INFO - Processing /home/airflow/.local/lib/python3.8/site-packages/airflow/example_dags/example_task_group_decorator.py took 0.192 seconds
[2024-02-23T16:34:51.699+0000] {processor.py:161} INFO - Started process (PID=244) to work on /home/airflow/.local/lib/python3.8/site-packages/airflow/example_dags/example_task_group_decorator.py
[2024-02-23T16:34:51.700+0000] {processor.py:830} INFO - Processing file /home/airflow/.local/lib/python3.8/site-packages/airflow/example_dags/example_task_group_decorator.py for tasks to queue
[2024-02-23T16:34:51.704+0000] {logging_mixin.py:188} INFO - [2024-02-23T16:34:51.703+0000] {dagbag.py:538} INFO - Filling up the DagBag from /home/airflow/.local/lib/python3.8/site-packages/airflow/example_dags/example_task_group_decorator.py
[2024-02-23T16:34:51.738+0000] {processor.py:840} INFO - DAG(s) 'example_task_group_decorator' retrieved from /home/airflow/.local/lib/python3.8/site-packages/airflow/example_dags/example_task_group_decorator.py
[2024-02-23T16:34:51.789+0000] {logging_mixin.py:188} INFO - [2024-02-23T16:34:51.788+0000] {dag.py:3036} INFO - Sync 1 DAGs
[2024-02-23T16:34:51.828+0000] {logging_mixin.py:188} INFO - [2024-02-23T16:34:51.828+0000] {dag.py:3823} INFO - Setting next_dagrun for example_task_group_decorator to 2024-02-22 00:00:00+00:00, run_after=2024-02-23 00:00:00+00:00
[2024-02-23T16:34:51.858+0000] {processor.py:183} INFO - Processing /home/airflow/.local/lib/python3.8/site-packages/airflow/example_dags/example_task_group_decorator.py took 0.165 seconds
[2024-02-23T16:35:22.433+0000] {processor.py:161} INFO - Started process (PID=301) to work on /home/airflow/.local/lib/python3.8/site-packages/airflow/example_dags/example_task_group_decorator.py
[2024-02-23T16:35:22.434+0000] {processor.py:830} INFO - Processing file /home/airflow/.local/lib/python3.8/site-packages/airflow/example_dags/example_task_group_decorator.py for tasks to queue
[2024-02-23T16:35:22.437+0000] {logging_mixin.py:188} INFO - [2024-02-23T16:35:22.436+0000] {dagbag.py:538} INFO - Filling up the DagBag from /home/airflow/.local/lib/python3.8/site-packages/airflow/example_dags/example_task_group_decorator.py
[2024-02-23T16:35:22.472+0000] {processor.py:840} INFO - DAG(s) 'example_task_group_decorator' retrieved from /home/airflow/.local/lib/python3.8/site-packages/airflow/example_dags/example_task_group_decorator.py
[2024-02-23T16:35:22.515+0000] {logging_mixin.py:188} INFO - [2024-02-23T16:35:22.515+0000] {dag.py:3036} INFO - Sync 1 DAGs
[2024-02-23T16:35:22.553+0000] {logging_mixin.py:188} INFO - [2024-02-23T16:35:22.552+0000] {dag.py:3823} INFO - Setting next_dagrun for example_task_group_decorator to 2024-02-22 00:00:00+00:00, run_after=2024-02-23 00:00:00+00:00
[2024-02-23T16:35:22.587+0000] {processor.py:183} INFO - Processing /home/airflow/.local/lib/python3.8/site-packages/airflow/example_dags/example_task_group_decorator.py took 0.161 seconds
[2024-02-23T16:35:52.773+0000] {processor.py:161} INFO - Started process (PID=359) to work on /home/airflow/.local/lib/python3.8/site-packages/airflow/example_dags/example_task_group_decorator.py
[2024-02-23T16:35:52.775+0000] {processor.py:830} INFO - Processing file /home/airflow/.local/lib/python3.8/site-packages/airflow/example_dags/example_task_group_decorator.py for tasks to queue
[2024-02-23T16:35:52.778+0000] {logging_mixin.py:188} INFO - [2024-02-23T16:35:52.778+0000] {dagbag.py:538} INFO - Filling up the DagBag from /home/airflow/.local/lib/python3.8/site-packages/airflow/example_dags/example_task_group_decorator.py
[2024-02-23T16:35:52.820+0000] {processor.py:840} INFO - DAG(s) 'example_task_group_decorator' retrieved from /home/airflow/.local/lib/python3.8/site-packages/airflow/example_dags/example_task_group_decorator.py
[2024-02-23T16:35:52.880+0000] {logging_mixin.py:188} INFO - [2024-02-23T16:35:52.880+0000] {dag.py:3036} INFO - Sync 1 DAGs
[2024-02-23T16:35:52.938+0000] {logging_mixin.py:188} INFO - [2024-02-23T16:35:52.937+0000] {dag.py:3823} INFO - Setting next_dagrun for example_task_group_decorator to 2024-02-22 00:00:00+00:00, run_after=2024-02-23 00:00:00+00:00
[2024-02-23T16:35:52.983+0000] {processor.py:183} INFO - Processing /home/airflow/.local/lib/python3.8/site-packages/airflow/example_dags/example_task_group_decorator.py took 0.218 seconds
[2024-02-23T16:36:23.151+0000] {processor.py:161} INFO - Started process (PID=416) to work on /home/airflow/.local/lib/python3.8/site-packages/airflow/example_dags/example_task_group_decorator.py
[2024-02-23T16:36:23.152+0000] {processor.py:830} INFO - Processing file /home/airflow/.local/lib/python3.8/site-packages/airflow/example_dags/example_task_group_decorator.py for tasks to queue
[2024-02-23T16:36:23.155+0000] {logging_mixin.py:188} INFO - [2024-02-23T16:36:23.155+0000] {dagbag.py:538} INFO - Filling up the DagBag from /home/airflow/.local/lib/python3.8/site-packages/airflow/example_dags/example_task_group_decorator.py
[2024-02-23T16:36:23.185+0000] {processor.py:840} INFO - DAG(s) 'example_task_group_decorator' retrieved from /home/airflow/.local/lib/python3.8/site-packages/airflow/example_dags/example_task_group_decorator.py
[2024-02-23T16:36:23.231+0000] {logging_mixin.py:188} INFO - [2024-02-23T16:36:23.231+0000] {dag.py:3036} INFO - Sync 1 DAGs
[2024-02-23T16:36:23.275+0000] {logging_mixin.py:188} INFO - [2024-02-23T16:36:23.275+0000] {dag.py:3823} INFO - Setting next_dagrun for example_task_group_decorator to 2024-02-22 00:00:00+00:00, run_after=2024-02-23 00:00:00+00:00
[2024-02-23T16:36:23.316+0000] {processor.py:183} INFO - Processing /home/airflow/.local/lib/python3.8/site-packages/airflow/example_dags/example_task_group_decorator.py took 0.171 seconds
[2024-02-23T16:36:54.145+0000] {processor.py:161} INFO - Started process (PID=473) to work on /home/airflow/.local/lib/python3.8/site-packages/airflow/example_dags/example_task_group_decorator.py
[2024-02-23T16:36:54.146+0000] {processor.py:830} INFO - Processing file /home/airflow/.local/lib/python3.8/site-packages/airflow/example_dags/example_task_group_decorator.py for tasks to queue
[2024-02-23T16:36:54.150+0000] {logging_mixin.py:188} INFO - [2024-02-23T16:36:54.149+0000] {dagbag.py:538} INFO - Filling up the DagBag from /home/airflow/.local/lib/python3.8/site-packages/airflow/example_dags/example_task_group_decorator.py
[2024-02-23T16:36:54.187+0000] {processor.py:840} INFO - DAG(s) 'example_task_group_decorator' retrieved from /home/airflow/.local/lib/python3.8/site-packages/airflow/example_dags/example_task_group_decorator.py
[2024-02-23T16:36:54.237+0000] {logging_mixin.py:188} INFO - [2024-02-23T16:36:54.236+0000] {dag.py:3036} INFO - Sync 1 DAGs
[2024-02-23T16:36:54.275+0000] {logging_mixin.py:188} INFO - [2024-02-23T16:36:54.274+0000] {dag.py:3823} INFO - Setting next_dagrun for example_task_group_decorator to 2024-02-22 00:00:00+00:00, run_after=2024-02-23 00:00:00+00:00
[2024-02-23T16:36:54.319+0000] {processor.py:183} INFO - Processing /home/airflow/.local/lib/python3.8/site-packages/airflow/example_dags/example_task_group_decorator.py took 0.181 seconds
[2024-02-23T16:37:24.538+0000] {processor.py:161} INFO - Started process (PID=530) to work on /home/airflow/.local/lib/python3.8/site-packages/airflow/example_dags/example_task_group_decorator.py
[2024-02-23T16:37:24.539+0000] {processor.py:830} INFO - Processing file /home/airflow/.local/lib/python3.8/site-packages/airflow/example_dags/example_task_group_decorator.py for tasks to queue
[2024-02-23T16:37:24.543+0000] {logging_mixin.py:188} INFO - [2024-02-23T16:37:24.542+0000] {dagbag.py:538} INFO - Filling up the DagBag from /home/airflow/.local/lib/python3.8/site-packages/airflow/example_dags/example_task_group_decorator.py
[2024-02-23T16:37:24.580+0000] {processor.py:840} INFO - DAG(s) 'example_task_group_decorator' retrieved from /home/airflow/.local/lib/python3.8/site-packages/airflow/example_dags/example_task_group_decorator.py
[2024-02-23T16:37:24.630+0000] {logging_mixin.py:188} INFO - [2024-02-23T16:37:24.629+0000] {dag.py:3036} INFO - Sync 1 DAGs
[2024-02-23T16:37:24.684+0000] {logging_mixin.py:188} INFO - [2024-02-23T16:37:24.683+0000] {dag.py:3823} INFO - Setting next_dagrun for example_task_group_decorator to 2024-02-22 00:00:00+00:00, run_after=2024-02-23 00:00:00+00:00
[2024-02-23T16:37:24.721+0000] {processor.py:183} INFO - Processing /home/airflow/.local/lib/python3.8/site-packages/airflow/example_dags/example_task_group_decorator.py took 0.189 seconds
[2024-02-23T16:37:55.057+0000] {processor.py:161} INFO - Started process (PID=587) to work on /home/airflow/.local/lib/python3.8/site-packages/airflow/example_dags/example_task_group_decorator.py
[2024-02-23T16:37:55.069+0000] {processor.py:830} INFO - Processing file /home/airflow/.local/lib/python3.8/site-packages/airflow/example_dags/example_task_group_decorator.py for tasks to queue
[2024-02-23T16:37:55.072+0000] {logging_mixin.py:188} INFO - [2024-02-23T16:37:55.072+0000] {dagbag.py:538} INFO - Filling up the DagBag from /home/airflow/.local/lib/python3.8/site-packages/airflow/example_dags/example_task_group_decorator.py
[2024-02-23T16:37:55.110+0000] {processor.py:840} INFO - DAG(s) 'example_task_group_decorator' retrieved from /home/airflow/.local/lib/python3.8/site-packages/airflow/example_dags/example_task_group_decorator.py
[2024-02-23T16:37:55.179+0000] {logging_mixin.py:188} INFO - [2024-02-23T16:37:55.179+0000] {dag.py:3036} INFO - Sync 1 DAGs
[2024-02-23T16:37:55.225+0000] {logging_mixin.py:188} INFO - [2024-02-23T16:37:55.225+0000] {dag.py:3823} INFO - Setting next_dagrun for example_task_group_decorator to 2024-02-22 00:00:00+00:00, run_after=2024-02-23 00:00:00+00:00
[2024-02-23T16:37:55.263+0000] {processor.py:183} INFO - Processing /home/airflow/.local/lib/python3.8/site-packages/airflow/example_dags/example_task_group_decorator.py took 0.212 seconds
[2024-02-23T16:38:25.815+0000] {processor.py:161} INFO - Started process (PID=644) to work on /home/airflow/.local/lib/python3.8/site-packages/airflow/example_dags/example_task_group_decorator.py
[2024-02-23T16:38:25.817+0000] {processor.py:830} INFO - Processing file /home/airflow/.local/lib/python3.8/site-packages/airflow/example_dags/example_task_group_decorator.py for tasks to queue
[2024-02-23T16:38:25.821+0000] {logging_mixin.py:188} INFO - [2024-02-23T16:38:25.820+0000] {dagbag.py:538} INFO - Filling up the DagBag from /home/airflow/.local/lib/python3.8/site-packages/airflow/example_dags/example_task_group_decorator.py
[2024-02-23T16:38:25.862+0000] {processor.py:840} INFO - DAG(s) 'example_task_group_decorator' retrieved from /home/airflow/.local/lib/python3.8/site-packages/airflow/example_dags/example_task_group_decorator.py
[2024-02-23T16:38:25.914+0000] {logging_mixin.py:188} INFO - [2024-02-23T16:38:25.914+0000] {dag.py:3036} INFO - Sync 1 DAGs
[2024-02-23T16:38:25.955+0000] {logging_mixin.py:188} INFO - [2024-02-23T16:38:25.955+0000] {dag.py:3823} INFO - Setting next_dagrun for example_task_group_decorator to 2024-02-22 00:00:00+00:00, run_after=2024-02-23 00:00:00+00:00
[2024-02-23T16:38:25.986+0000] {processor.py:183} INFO - Processing /home/airflow/.local/lib/python3.8/site-packages/airflow/example_dags/example_task_group_decorator.py took 0.180 seconds
[2024-02-23T16:38:56.274+0000] {processor.py:161} INFO - Started process (PID=700) to work on /home/airflow/.local/lib/python3.8/site-packages/airflow/example_dags/example_task_group_decorator.py
[2024-02-23T16:38:56.276+0000] {processor.py:830} INFO - Processing file /home/airflow/.local/lib/python3.8/site-packages/airflow/example_dags/example_task_group_decorator.py for tasks to queue
[2024-02-23T16:38:56.279+0000] {logging_mixin.py:188} INFO - [2024-02-23T16:38:56.278+0000] {dagbag.py:538} INFO - Filling up the DagBag from /home/airflow/.local/lib/python3.8/site-packages/airflow/example_dags/example_task_group_decorator.py
[2024-02-23T16:38:56.314+0000] {processor.py:840} INFO - DAG(s) 'example_task_group_decorator' retrieved from /home/airflow/.local/lib/python3.8/site-packages/airflow/example_dags/example_task_group_decorator.py
[2024-02-23T16:38:56.365+0000] {logging_mixin.py:188} INFO - [2024-02-23T16:38:56.364+0000] {dag.py:3036} INFO - Sync 1 DAGs
[2024-02-23T16:38:56.409+0000] {logging_mixin.py:188} INFO - [2024-02-23T16:38:56.408+0000] {dag.py:3823} INFO - Setting next_dagrun for example_task_group_decorator to 2024-02-22 00:00:00+00:00, run_after=2024-02-23 00:00:00+00:00
[2024-02-23T16:38:56.439+0000] {processor.py:183} INFO - Processing /home/airflow/.local/lib/python3.8/site-packages/airflow/example_dags/example_task_group_decorator.py took 0.171 seconds
[2024-02-23T16:39:26.659+0000] {processor.py:161} INFO - Started process (PID=757) to work on /home/airflow/.local/lib/python3.8/site-packages/airflow/example_dags/example_task_group_decorator.py
[2024-02-23T16:39:26.660+0000] {processor.py:830} INFO - Processing file /home/airflow/.local/lib/python3.8/site-packages/airflow/example_dags/example_task_group_decorator.py for tasks to queue
[2024-02-23T16:39:26.664+0000] {logging_mixin.py:188} INFO - [2024-02-23T16:39:26.663+0000] {dagbag.py:538} INFO - Filling up the DagBag from /home/airflow/.local/lib/python3.8/site-packages/airflow/example_dags/example_task_group_decorator.py
[2024-02-23T16:39:26.702+0000] {processor.py:840} INFO - DAG(s) 'example_task_group_decorator' retrieved from /home/airflow/.local/lib/python3.8/site-packages/airflow/example_dags/example_task_group_decorator.py
[2024-02-23T16:39:26.755+0000] {logging_mixin.py:188} INFO - [2024-02-23T16:39:26.754+0000] {dag.py:3036} INFO - Sync 1 DAGs
[2024-02-23T16:39:26.816+0000] {logging_mixin.py:188} INFO - [2024-02-23T16:39:26.815+0000] {dag.py:3823} INFO - Setting next_dagrun for example_task_group_decorator to 2024-02-22 00:00:00+00:00, run_after=2024-02-23 00:00:00+00:00
[2024-02-23T16:39:26.865+0000] {processor.py:183} INFO - Processing /home/airflow/.local/lib/python3.8/site-packages/airflow/example_dags/example_task_group_decorator.py took 0.213 seconds
[2024-02-23T16:39:57.638+0000] {processor.py:161} INFO - Started process (PID=814) to work on /home/airflow/.local/lib/python3.8/site-packages/airflow/example_dags/example_task_group_decorator.py
[2024-02-23T16:39:57.640+0000] {processor.py:830} INFO - Processing file /home/airflow/.local/lib/python3.8/site-packages/airflow/example_dags/example_task_group_decorator.py for tasks to queue
[2024-02-23T16:39:57.642+0000] {logging_mixin.py:188} INFO - [2024-02-23T16:39:57.642+0000] {dagbag.py:538} INFO - Filling up the DagBag from /home/airflow/.local/lib/python3.8/site-packages/airflow/example_dags/example_task_group_decorator.py
[2024-02-23T16:39:57.674+0000] {processor.py:840} INFO - DAG(s) 'example_task_group_decorator' retrieved from /home/airflow/.local/lib/python3.8/site-packages/airflow/example_dags/example_task_group_decorator.py
[2024-02-23T16:39:57.719+0000] {logging_mixin.py:188} INFO - [2024-02-23T16:39:57.719+0000] {dag.py:3036} INFO - Sync 1 DAGs
[2024-02-23T16:39:57.760+0000] {logging_mixin.py:188} INFO - [2024-02-23T16:39:57.760+0000] {dag.py:3823} INFO - Setting next_dagrun for example_task_group_decorator to 2024-02-22 00:00:00+00:00, run_after=2024-02-23 00:00:00+00:00
[2024-02-23T16:39:57.798+0000] {processor.py:183} INFO - Processing /home/airflow/.local/lib/python3.8/site-packages/airflow/example_dags/example_task_group_decorator.py took 0.165 seconds
[2024-02-23T16:40:27.940+0000] {processor.py:161} INFO - Started process (PID=871) to work on /home/airflow/.local/lib/python3.8/site-packages/airflow/example_dags/example_task_group_decorator.py
[2024-02-23T16:40:27.942+0000] {processor.py:830} INFO - Processing file /home/airflow/.local/lib/python3.8/site-packages/airflow/example_dags/example_task_group_decorator.py for tasks to queue
[2024-02-23T16:40:27.945+0000] {logging_mixin.py:188} INFO - [2024-02-23T16:40:27.944+0000] {dagbag.py:538} INFO - Filling up the DagBag from /home/airflow/.local/lib/python3.8/site-packages/airflow/example_dags/example_task_group_decorator.py
[2024-02-23T16:40:27.982+0000] {processor.py:840} INFO - DAG(s) 'example_task_group_decorator' retrieved from /home/airflow/.local/lib/python3.8/site-packages/airflow/example_dags/example_task_group_decorator.py
[2024-02-23T16:40:28.042+0000] {logging_mixin.py:188} INFO - [2024-02-23T16:40:28.041+0000] {dag.py:3036} INFO - Sync 1 DAGs
[2024-02-23T16:40:28.096+0000] {logging_mixin.py:188} INFO - [2024-02-23T16:40:28.095+0000] {dag.py:3823} INFO - Setting next_dagrun for example_task_group_decorator to 2024-02-22 00:00:00+00:00, run_after=2024-02-23 00:00:00+00:00
[2024-02-23T16:40:28.138+0000] {processor.py:183} INFO - Processing /home/airflow/.local/lib/python3.8/site-packages/airflow/example_dags/example_task_group_decorator.py took 0.204 seconds
[2024-02-23T16:40:59.028+0000] {processor.py:161} INFO - Started process (PID=929) to work on /home/airflow/.local/lib/python3.8/site-packages/airflow/example_dags/example_task_group_decorator.py
[2024-02-23T16:40:59.030+0000] {processor.py:830} INFO - Processing file /home/airflow/.local/lib/python3.8/site-packages/airflow/example_dags/example_task_group_decorator.py for tasks to queue
[2024-02-23T16:40:59.033+0000] {logging_mixin.py:188} INFO - [2024-02-23T16:40:59.032+0000] {dagbag.py:538} INFO - Filling up the DagBag from /home/airflow/.local/lib/python3.8/site-packages/airflow/example_dags/example_task_group_decorator.py
[2024-02-23T16:40:59.067+0000] {processor.py:840} INFO - DAG(s) 'example_task_group_decorator' retrieved from /home/airflow/.local/lib/python3.8/site-packages/airflow/example_dags/example_task_group_decorator.py
[2024-02-23T16:40:59.125+0000] {logging_mixin.py:188} INFO - [2024-02-23T16:40:59.125+0000] {dag.py:3036} INFO - Sync 1 DAGs
[2024-02-23T16:40:59.169+0000] {logging_mixin.py:188} INFO - [2024-02-23T16:40:59.169+0000] {dag.py:3823} INFO - Setting next_dagrun for example_task_group_decorator to 2024-02-22 00:00:00+00:00, run_after=2024-02-23 00:00:00+00:00
[2024-02-23T16:40:59.208+0000] {processor.py:183} INFO - Processing /home/airflow/.local/lib/python3.8/site-packages/airflow/example_dags/example_task_group_decorator.py took 0.186 seconds
[2024-02-23T16:41:29.979+0000] {processor.py:161} INFO - Started process (PID=986) to work on /home/airflow/.local/lib/python3.8/site-packages/airflow/example_dags/example_task_group_decorator.py
[2024-02-23T16:41:29.980+0000] {processor.py:830} INFO - Processing file /home/airflow/.local/lib/python3.8/site-packages/airflow/example_dags/example_task_group_decorator.py for tasks to queue
[2024-02-23T16:41:29.982+0000] {logging_mixin.py:188} INFO - [2024-02-23T16:41:29.982+0000] {dagbag.py:538} INFO - Filling up the DagBag from /home/airflow/.local/lib/python3.8/site-packages/airflow/example_dags/example_task_group_decorator.py
[2024-02-23T16:41:30.021+0000] {processor.py:840} INFO - DAG(s) 'example_task_group_decorator' retrieved from /home/airflow/.local/lib/python3.8/site-packages/airflow/example_dags/example_task_group_decorator.py
[2024-02-23T16:41:30.079+0000] {logging_mixin.py:188} INFO - [2024-02-23T16:41:30.079+0000] {dag.py:3036} INFO - Sync 1 DAGs
[2024-02-23T16:41:30.140+0000] {logging_mixin.py:188} INFO - [2024-02-23T16:41:30.140+0000] {dag.py:3823} INFO - Setting next_dagrun for example_task_group_decorator to 2024-02-22 00:00:00+00:00, run_after=2024-02-23 00:00:00+00:00
[2024-02-23T16:41:30.184+0000] {processor.py:183} INFO - Processing /home/airflow/.local/lib/python3.8/site-packages/airflow/example_dags/example_task_group_decorator.py took 0.210 seconds
[2024-02-23T16:43:09.238+0000] {processor.py:161} INFO - Started process (PID=73) to work on /home/airflow/.local/lib/python3.8/site-packages/airflow/example_dags/example_task_group_decorator.py
[2024-02-23T16:43:09.241+0000] {processor.py:830} INFO - Processing file /home/airflow/.local/lib/python3.8/site-packages/airflow/example_dags/example_task_group_decorator.py for tasks to queue
[2024-02-23T16:43:09.244+0000] {logging_mixin.py:188} INFO - [2024-02-23T16:43:09.244+0000] {dagbag.py:538} INFO - Filling up the DagBag from /home/airflow/.local/lib/python3.8/site-packages/airflow/example_dags/example_task_group_decorator.py
[2024-02-23T16:43:09.283+0000] {processor.py:840} INFO - DAG(s) 'example_task_group_decorator' retrieved from /home/airflow/.local/lib/python3.8/site-packages/airflow/example_dags/example_task_group_decorator.py
[2024-02-23T16:43:09.538+0000] {logging_mixin.py:188} INFO - [2024-02-23T16:43:09.538+0000] {dag.py:3036} INFO - Sync 1 DAGs
[2024-02-23T16:43:09.579+0000] {logging_mixin.py:188} INFO - [2024-02-23T16:43:09.579+0000] {dag.py:3823} INFO - Setting next_dagrun for example_task_group_decorator to 2024-02-22 00:00:00+00:00, run_after=2024-02-23 00:00:00+00:00
[2024-02-23T16:43:09.627+0000] {processor.py:183} INFO - Processing /home/airflow/.local/lib/python3.8/site-packages/airflow/example_dags/example_task_group_decorator.py took 0.396 seconds
[2024-02-23T16:43:40.062+0000] {processor.py:161} INFO - Started process (PID=130) to work on /home/airflow/.local/lib/python3.8/site-packages/airflow/example_dags/example_task_group_decorator.py
[2024-02-23T16:43:40.064+0000] {processor.py:830} INFO - Processing file /home/airflow/.local/lib/python3.8/site-packages/airflow/example_dags/example_task_group_decorator.py for tasks to queue
[2024-02-23T16:43:40.066+0000] {logging_mixin.py:188} INFO - [2024-02-23T16:43:40.066+0000] {dagbag.py:538} INFO - Filling up the DagBag from /home/airflow/.local/lib/python3.8/site-packages/airflow/example_dags/example_task_group_decorator.py
[2024-02-23T16:43:40.099+0000] {processor.py:840} INFO - DAG(s) 'example_task_group_decorator' retrieved from /home/airflow/.local/lib/python3.8/site-packages/airflow/example_dags/example_task_group_decorator.py
[2024-02-23T16:43:40.146+0000] {logging_mixin.py:188} INFO - [2024-02-23T16:43:40.146+0000] {dag.py:3036} INFO - Sync 1 DAGs
[2024-02-23T16:43:40.196+0000] {logging_mixin.py:188} INFO - [2024-02-23T16:43:40.195+0000] {dag.py:3823} INFO - Setting next_dagrun for example_task_group_decorator to 2024-02-22 00:00:00+00:00, run_after=2024-02-23 00:00:00+00:00
[2024-02-23T16:43:40.232+0000] {processor.py:183} INFO - Processing /home/airflow/.local/lib/python3.8/site-packages/airflow/example_dags/example_task_group_decorator.py took 0.175 seconds
[2024-02-23T16:44:10.288+0000] {processor.py:161} INFO - Started process (PID=187) to work on /home/airflow/.local/lib/python3.8/site-packages/airflow/example_dags/example_task_group_decorator.py
[2024-02-23T16:44:10.290+0000] {processor.py:830} INFO - Processing file /home/airflow/.local/lib/python3.8/site-packages/airflow/example_dags/example_task_group_decorator.py for tasks to queue
[2024-02-23T16:44:10.292+0000] {logging_mixin.py:188} INFO - [2024-02-23T16:44:10.292+0000] {dagbag.py:538} INFO - Filling up the DagBag from /home/airflow/.local/lib/python3.8/site-packages/airflow/example_dags/example_task_group_decorator.py
[2024-02-23T16:44:10.320+0000] {processor.py:840} INFO - DAG(s) 'example_task_group_decorator' retrieved from /home/airflow/.local/lib/python3.8/site-packages/airflow/example_dags/example_task_group_decorator.py
[2024-02-23T16:44:10.364+0000] {logging_mixin.py:188} INFO - [2024-02-23T16:44:10.363+0000] {dag.py:3036} INFO - Sync 1 DAGs
[2024-02-23T16:44:10.402+0000] {logging_mixin.py:188} INFO - [2024-02-23T16:44:10.401+0000] {dag.py:3823} INFO - Setting next_dagrun for example_task_group_decorator to 2024-02-22 00:00:00+00:00, run_after=2024-02-23 00:00:00+00:00
[2024-02-23T16:44:10.432+0000] {processor.py:183} INFO - Processing /home/airflow/.local/lib/python3.8/site-packages/airflow/example_dags/example_task_group_decorator.py took 0.149 seconds
[2024-02-23T16:44:40.772+0000] {processor.py:161} INFO - Started process (PID=244) to work on /home/airflow/.local/lib/python3.8/site-packages/airflow/example_dags/example_task_group_decorator.py
[2024-02-23T16:44:40.773+0000] {processor.py:830} INFO - Processing file /home/airflow/.local/lib/python3.8/site-packages/airflow/example_dags/example_task_group_decorator.py for tasks to queue
[2024-02-23T16:44:40.776+0000] {logging_mixin.py:188} INFO - [2024-02-23T16:44:40.776+0000] {dagbag.py:538} INFO - Filling up the DagBag from /home/airflow/.local/lib/python3.8/site-packages/airflow/example_dags/example_task_group_decorator.py
[2024-02-23T16:44:40.810+0000] {processor.py:840} INFO - DAG(s) 'example_task_group_decorator' retrieved from /home/airflow/.local/lib/python3.8/site-packages/airflow/example_dags/example_task_group_decorator.py
[2024-02-23T16:44:40.862+0000] {logging_mixin.py:188} INFO - [2024-02-23T16:44:40.862+0000] {dag.py:3036} INFO - Sync 1 DAGs
[2024-02-23T16:44:40.911+0000] {logging_mixin.py:188} INFO - [2024-02-23T16:44:40.910+0000] {dag.py:3823} INFO - Setting next_dagrun for example_task_group_decorator to 2024-02-22 00:00:00+00:00, run_after=2024-02-23 00:00:00+00:00
[2024-02-23T16:44:40.949+0000] {processor.py:183} INFO - Processing /home/airflow/.local/lib/python3.8/site-packages/airflow/example_dags/example_task_group_decorator.py took 0.184 seconds
[2024-02-23T16:45:11.279+0000] {processor.py:161} INFO - Started process (PID=301) to work on /home/airflow/.local/lib/python3.8/site-packages/airflow/example_dags/example_task_group_decorator.py
[2024-02-23T16:45:11.280+0000] {processor.py:830} INFO - Processing file /home/airflow/.local/lib/python3.8/site-packages/airflow/example_dags/example_task_group_decorator.py for tasks to queue
[2024-02-23T16:45:11.283+0000] {logging_mixin.py:188} INFO - [2024-02-23T16:45:11.283+0000] {dagbag.py:538} INFO - Filling up the DagBag from /home/airflow/.local/lib/python3.8/site-packages/airflow/example_dags/example_task_group_decorator.py
[2024-02-23T16:45:11.315+0000] {processor.py:840} INFO - DAG(s) 'example_task_group_decorator' retrieved from /home/airflow/.local/lib/python3.8/site-packages/airflow/example_dags/example_task_group_decorator.py
[2024-02-23T16:45:11.366+0000] {logging_mixin.py:188} INFO - [2024-02-23T16:45:11.365+0000] {dag.py:3036} INFO - Sync 1 DAGs
[2024-02-23T16:45:11.413+0000] {logging_mixin.py:188} INFO - [2024-02-23T16:45:11.412+0000] {dag.py:3823} INFO - Setting next_dagrun for example_task_group_decorator to 2024-02-22 00:00:00+00:00, run_after=2024-02-23 00:00:00+00:00
[2024-02-23T16:45:11.448+0000] {processor.py:183} INFO - Processing /home/airflow/.local/lib/python3.8/site-packages/airflow/example_dags/example_task_group_decorator.py took 0.174 seconds
[2024-02-23T16:45:41.733+0000] {processor.py:161} INFO - Started process (PID=357) to work on /home/airflow/.local/lib/python3.8/site-packages/airflow/example_dags/example_task_group_decorator.py
[2024-02-23T16:45:41.734+0000] {processor.py:830} INFO - Processing file /home/airflow/.local/lib/python3.8/site-packages/airflow/example_dags/example_task_group_decorator.py for tasks to queue
[2024-02-23T16:45:41.737+0000] {logging_mixin.py:188} INFO - [2024-02-23T16:45:41.737+0000] {dagbag.py:538} INFO - Filling up the DagBag from /home/airflow/.local/lib/python3.8/site-packages/airflow/example_dags/example_task_group_decorator.py
[2024-02-23T16:45:41.768+0000] {processor.py:840} INFO - DAG(s) 'example_task_group_decorator' retrieved from /home/airflow/.local/lib/python3.8/site-packages/airflow/example_dags/example_task_group_decorator.py
[2024-02-23T16:45:41.813+0000] {logging_mixin.py:188} INFO - [2024-02-23T16:45:41.813+0000] {dag.py:3036} INFO - Sync 1 DAGs
[2024-02-23T16:45:41.864+0000] {logging_mixin.py:188} INFO - [2024-02-23T16:45:41.864+0000] {dag.py:3823} INFO - Setting next_dagrun for example_task_group_decorator to 2024-02-22 00:00:00+00:00, run_after=2024-02-23 00:00:00+00:00
[2024-02-23T16:45:41.900+0000] {processor.py:183} INFO - Processing /home/airflow/.local/lib/python3.8/site-packages/airflow/example_dags/example_task_group_decorator.py took 0.172 seconds
[2024-02-23T16:46:11.973+0000] {processor.py:161} INFO - Started process (PID=414) to work on /home/airflow/.local/lib/python3.8/site-packages/airflow/example_dags/example_task_group_decorator.py
[2024-02-23T16:46:11.975+0000] {processor.py:830} INFO - Processing file /home/airflow/.local/lib/python3.8/site-packages/airflow/example_dags/example_task_group_decorator.py for tasks to queue
[2024-02-23T16:46:11.978+0000] {logging_mixin.py:188} INFO - [2024-02-23T16:46:11.977+0000] {dagbag.py:538} INFO - Filling up the DagBag from /home/airflow/.local/lib/python3.8/site-packages/airflow/example_dags/example_task_group_decorator.py
[2024-02-23T16:46:12.010+0000] {processor.py:840} INFO - DAG(s) 'example_task_group_decorator' retrieved from /home/airflow/.local/lib/python3.8/site-packages/airflow/example_dags/example_task_group_decorator.py
[2024-02-23T16:46:12.057+0000] {logging_mixin.py:188} INFO - [2024-02-23T16:46:12.056+0000] {dag.py:3036} INFO - Sync 1 DAGs
[2024-02-23T16:46:12.099+0000] {logging_mixin.py:188} INFO - [2024-02-23T16:46:12.099+0000] {dag.py:3823} INFO - Setting next_dagrun for example_task_group_decorator to 2024-02-22 00:00:00+00:00, run_after=2024-02-23 00:00:00+00:00
[2024-02-23T16:46:12.130+0000] {processor.py:183} INFO - Processing /home/airflow/.local/lib/python3.8/site-packages/airflow/example_dags/example_task_group_decorator.py took 0.164 seconds
[2024-02-23T16:46:42.749+0000] {processor.py:161} INFO - Started process (PID=471) to work on /home/airflow/.local/lib/python3.8/site-packages/airflow/example_dags/example_task_group_decorator.py
[2024-02-23T16:46:42.751+0000] {processor.py:830} INFO - Processing file /home/airflow/.local/lib/python3.8/site-packages/airflow/example_dags/example_task_group_decorator.py for tasks to queue
[2024-02-23T16:46:42.754+0000] {logging_mixin.py:188} INFO - [2024-02-23T16:46:42.753+0000] {dagbag.py:538} INFO - Filling up the DagBag from /home/airflow/.local/lib/python3.8/site-packages/airflow/example_dags/example_task_group_decorator.py
[2024-02-23T16:46:42.789+0000] {processor.py:840} INFO - DAG(s) 'example_task_group_decorator' retrieved from /home/airflow/.local/lib/python3.8/site-packages/airflow/example_dags/example_task_group_decorator.py
[2024-02-23T16:46:42.836+0000] {logging_mixin.py:188} INFO - [2024-02-23T16:46:42.836+0000] {dag.py:3036} INFO - Sync 1 DAGs
[2024-02-23T16:46:42.875+0000] {logging_mixin.py:188} INFO - [2024-02-23T16:46:42.875+0000] {dag.py:3823} INFO - Setting next_dagrun for example_task_group_decorator to 2024-02-22 00:00:00+00:00, run_after=2024-02-23 00:00:00+00:00
[2024-02-23T16:46:42.907+0000] {processor.py:183} INFO - Processing /home/airflow/.local/lib/python3.8/site-packages/airflow/example_dags/example_task_group_decorator.py took 0.164 seconds
[2024-02-23T16:47:13.281+0000] {processor.py:161} INFO - Started process (PID=528) to work on /home/airflow/.local/lib/python3.8/site-packages/airflow/example_dags/example_task_group_decorator.py
[2024-02-23T16:47:13.283+0000] {processor.py:830} INFO - Processing file /home/airflow/.local/lib/python3.8/site-packages/airflow/example_dags/example_task_group_decorator.py for tasks to queue
[2024-02-23T16:47:13.286+0000] {logging_mixin.py:188} INFO - [2024-02-23T16:47:13.285+0000] {dagbag.py:538} INFO - Filling up the DagBag from /home/airflow/.local/lib/python3.8/site-packages/airflow/example_dags/example_task_group_decorator.py
[2024-02-23T16:47:13.318+0000] {processor.py:840} INFO - DAG(s) 'example_task_group_decorator' retrieved from /home/airflow/.local/lib/python3.8/site-packages/airflow/example_dags/example_task_group_decorator.py
[2024-02-23T16:47:13.368+0000] {logging_mixin.py:188} INFO - [2024-02-23T16:47:13.367+0000] {dag.py:3036} INFO - Sync 1 DAGs
[2024-02-23T16:47:13.410+0000] {logging_mixin.py:188} INFO - [2024-02-23T16:47:13.410+0000] {dag.py:3823} INFO - Setting next_dagrun for example_task_group_decorator to 2024-02-22 00:00:00+00:00, run_after=2024-02-23 00:00:00+00:00
[2024-02-23T16:47:13.443+0000] {processor.py:183} INFO - Processing /home/airflow/.local/lib/python3.8/site-packages/airflow/example_dags/example_task_group_decorator.py took 0.168 seconds
[2024-02-23T16:48:41.394+0000] {processor.py:161} INFO - Started process (PID=73) to work on /home/airflow/.local/lib/python3.8/site-packages/airflow/example_dags/example_task_group_decorator.py
[2024-02-23T16:48:41.396+0000] {processor.py:830} INFO - Processing file /home/airflow/.local/lib/python3.8/site-packages/airflow/example_dags/example_task_group_decorator.py for tasks to queue
[2024-02-23T16:48:41.400+0000] {logging_mixin.py:188} INFO - [2024-02-23T16:48:41.399+0000] {dagbag.py:538} INFO - Filling up the DagBag from /home/airflow/.local/lib/python3.8/site-packages/airflow/example_dags/example_task_group_decorator.py
[2024-02-23T16:48:41.437+0000] {processor.py:840} INFO - DAG(s) 'example_task_group_decorator' retrieved from /home/airflow/.local/lib/python3.8/site-packages/airflow/example_dags/example_task_group_decorator.py
[2024-02-23T16:48:41.695+0000] {logging_mixin.py:188} INFO - [2024-02-23T16:48:41.695+0000] {dag.py:3036} INFO - Sync 1 DAGs
[2024-02-23T16:48:41.745+0000] {logging_mixin.py:188} INFO - [2024-02-23T16:48:41.744+0000] {dag.py:3823} INFO - Setting next_dagrun for example_task_group_decorator to 2024-02-22 00:00:00+00:00, run_after=2024-02-23 00:00:00+00:00
[2024-02-23T16:48:41.785+0000] {processor.py:183} INFO - Processing /home/airflow/.local/lib/python3.8/site-packages/airflow/example_dags/example_task_group_decorator.py took 0.396 seconds
[2024-02-23T16:52:00.606+0000] {processor.py:161} INFO - Started process (PID=65) to work on /home/airflow/.local/lib/python3.8/site-packages/airflow/example_dags/example_task_group_decorator.py
[2024-02-23T16:52:00.608+0000] {processor.py:830} INFO - Processing file /home/airflow/.local/lib/python3.8/site-packages/airflow/example_dags/example_task_group_decorator.py for tasks to queue
[2024-02-23T16:52:00.612+0000] {logging_mixin.py:188} INFO - [2024-02-23T16:52:00.611+0000] {dagbag.py:538} INFO - Filling up the DagBag from /home/airflow/.local/lib/python3.8/site-packages/airflow/example_dags/example_task_group_decorator.py
[2024-02-23T16:52:00.657+0000] {processor.py:840} INFO - DAG(s) 'example_task_group_decorator' retrieved from /home/airflow/.local/lib/python3.8/site-packages/airflow/example_dags/example_task_group_decorator.py
[2024-02-23T16:52:00.946+0000] {logging_mixin.py:188} INFO - [2024-02-23T16:52:00.945+0000] {dag.py:3036} INFO - Sync 1 DAGs
[2024-02-23T16:52:00.999+0000] {logging_mixin.py:188} INFO - [2024-02-23T16:52:00.998+0000] {dag.py:3823} INFO - Setting next_dagrun for example_task_group_decorator to 2024-02-22 00:00:00+00:00, run_after=2024-02-23 00:00:00+00:00
[2024-02-23T16:52:01.044+0000] {processor.py:183} INFO - Processing /home/airflow/.local/lib/python3.8/site-packages/airflow/example_dags/example_task_group_decorator.py took 0.445 seconds
[2024-02-23T16:52:31.179+0000] {processor.py:161} INFO - Started process (PID=123) to work on /home/airflow/.local/lib/python3.8/site-packages/airflow/example_dags/example_task_group_decorator.py
[2024-02-23T16:52:31.180+0000] {processor.py:830} INFO - Processing file /home/airflow/.local/lib/python3.8/site-packages/airflow/example_dags/example_task_group_decorator.py for tasks to queue
[2024-02-23T16:52:31.183+0000] {logging_mixin.py:188} INFO - [2024-02-23T16:52:31.182+0000] {dagbag.py:538} INFO - Filling up the DagBag from /home/airflow/.local/lib/python3.8/site-packages/airflow/example_dags/example_task_group_decorator.py
[2024-02-23T16:52:31.210+0000] {processor.py:840} INFO - DAG(s) 'example_task_group_decorator' retrieved from /home/airflow/.local/lib/python3.8/site-packages/airflow/example_dags/example_task_group_decorator.py
[2024-02-23T16:52:31.256+0000] {logging_mixin.py:188} INFO - [2024-02-23T16:52:31.255+0000] {dag.py:3036} INFO - Sync 1 DAGs
[2024-02-23T16:52:31.306+0000] {logging_mixin.py:188} INFO - [2024-02-23T16:52:31.306+0000] {dag.py:3823} INFO - Setting next_dagrun for example_task_group_decorator to 2024-02-22 00:00:00+00:00, run_after=2024-02-23 00:00:00+00:00
[2024-02-23T16:52:31.346+0000] {processor.py:183} INFO - Processing /home/airflow/.local/lib/python3.8/site-packages/airflow/example_dags/example_task_group_decorator.py took 0.172 seconds
[2024-02-23T16:53:01.839+0000] {processor.py:161} INFO - Started process (PID=187) to work on /home/airflow/.local/lib/python3.8/site-packages/airflow/example_dags/example_task_group_decorator.py
[2024-02-23T16:53:01.840+0000] {processor.py:830} INFO - Processing file /home/airflow/.local/lib/python3.8/site-packages/airflow/example_dags/example_task_group_decorator.py for tasks to queue
[2024-02-23T16:53:01.843+0000] {logging_mixin.py:188} INFO - [2024-02-23T16:53:01.842+0000] {dagbag.py:538} INFO - Filling up the DagBag from /home/airflow/.local/lib/python3.8/site-packages/airflow/example_dags/example_task_group_decorator.py
[2024-02-23T16:53:01.873+0000] {processor.py:840} INFO - DAG(s) 'example_task_group_decorator' retrieved from /home/airflow/.local/lib/python3.8/site-packages/airflow/example_dags/example_task_group_decorator.py
[2024-02-23T16:53:01.919+0000] {logging_mixin.py:188} INFO - [2024-02-23T16:53:01.918+0000] {dag.py:3036} INFO - Sync 1 DAGs
[2024-02-23T16:53:01.960+0000] {logging_mixin.py:188} INFO - [2024-02-23T16:53:01.959+0000] {dag.py:3823} INFO - Setting next_dagrun for example_task_group_decorator to 2024-02-22 00:00:00+00:00, run_after=2024-02-23 00:00:00+00:00
[2024-02-23T16:53:02.009+0000] {processor.py:183} INFO - Processing /home/airflow/.local/lib/python3.8/site-packages/airflow/example_dags/example_task_group_decorator.py took 0.175 seconds
