[2024-02-23T16:33:14.288+0000] {processor.py:161} INFO - Started process (PID=51) to work on /home/airflow/.local/lib/python3.8/site-packages/airflow/example_dags/example_xcomargs.py
[2024-02-23T16:33:14.293+0000] {processor.py:830} INFO - Processing file /home/airflow/.local/lib/python3.8/site-packages/airflow/example_dags/example_xcomargs.py for tasks to queue
[2024-02-23T16:33:14.301+0000] {logging_mixin.py:188} INFO - [2024-02-23T16:33:14.300+0000] {dagbag.py:538} INFO - Filling up the DagBag from /home/airflow/.local/lib/python3.8/site-packages/airflow/example_dags/example_xcomargs.py
[2024-02-23T16:33:14.398+0000] {processor.py:840} INFO - DAG(s) 'example_xcom_args', 'example_xcom_args_with_operators' retrieved from /home/airflow/.local/lib/python3.8/site-packages/airflow/example_dags/example_xcomargs.py
[2024-02-23T16:33:14.961+0000] {logging_mixin.py:188} INFO - [2024-02-23T16:33:14.961+0000] {dag.py:3036} INFO - Sync 2 DAGs
[2024-02-23T16:33:14.992+0000] {logging_mixin.py:188} INFO - [2024-02-23T16:33:14.992+0000] {dag.py:3823} INFO - Setting next_dagrun for example_xcom_args to None, run_after=None
[2024-02-23T16:33:14.999+0000] {logging_mixin.py:188} INFO - [2024-02-23T16:33:14.998+0000] {dag.py:3823} INFO - Setting next_dagrun for example_xcom_args_with_operators to None, run_after=None
[2024-02-23T16:33:15.216+0000] {processor.py:183} INFO - Processing /home/airflow/.local/lib/python3.8/site-packages/airflow/example_dags/example_xcomargs.py took 0.941 seconds
[2024-02-23T16:33:45.949+0000] {processor.py:161} INFO - Started process (PID=108) to work on /home/airflow/.local/lib/python3.8/site-packages/airflow/example_dags/example_xcomargs.py
[2024-02-23T16:33:45.951+0000] {processor.py:830} INFO - Processing file /home/airflow/.local/lib/python3.8/site-packages/airflow/example_dags/example_xcomargs.py for tasks to queue
[2024-02-23T16:33:45.954+0000] {logging_mixin.py:188} INFO - [2024-02-23T16:33:45.953+0000] {dagbag.py:538} INFO - Filling up the DagBag from /home/airflow/.local/lib/python3.8/site-packages/airflow/example_dags/example_xcomargs.py
[2024-02-23T16:33:45.967+0000] {processor.py:840} INFO - DAG(s) 'example_xcom_args_with_operators', 'example_xcom_args' retrieved from /home/airflow/.local/lib/python3.8/site-packages/airflow/example_dags/example_xcomargs.py
[2024-02-23T16:33:46.008+0000] {logging_mixin.py:188} INFO - [2024-02-23T16:33:46.008+0000] {dag.py:3036} INFO - Sync 2 DAGs
[2024-02-23T16:33:46.032+0000] {logging_mixin.py:188} INFO - [2024-02-23T16:33:46.032+0000] {dag.py:3823} INFO - Setting next_dagrun for example_xcom_args to None, run_after=None
[2024-02-23T16:33:46.039+0000] {logging_mixin.py:188} INFO - [2024-02-23T16:33:46.039+0000] {dag.py:3823} INFO - Setting next_dagrun for example_xcom_args_with_operators to None, run_after=None
[2024-02-23T16:33:46.066+0000] {processor.py:183} INFO - Processing /home/airflow/.local/lib/python3.8/site-packages/airflow/example_dags/example_xcomargs.py took 0.123 seconds
[2024-02-23T16:34:16.265+0000] {processor.py:161} INFO - Started process (PID=165) to work on /home/airflow/.local/lib/python3.8/site-packages/airflow/example_dags/example_xcomargs.py
[2024-02-23T16:34:16.266+0000] {processor.py:830} INFO - Processing file /home/airflow/.local/lib/python3.8/site-packages/airflow/example_dags/example_xcomargs.py for tasks to queue
[2024-02-23T16:34:16.269+0000] {logging_mixin.py:188} INFO - [2024-02-23T16:34:16.268+0000] {dagbag.py:538} INFO - Filling up the DagBag from /home/airflow/.local/lib/python3.8/site-packages/airflow/example_dags/example_xcomargs.py
[2024-02-23T16:34:16.282+0000] {processor.py:840} INFO - DAG(s) 'example_xcom_args_with_operators', 'example_xcom_args' retrieved from /home/airflow/.local/lib/python3.8/site-packages/airflow/example_dags/example_xcomargs.py
[2024-02-23T16:34:16.325+0000] {logging_mixin.py:188} INFO - [2024-02-23T16:34:16.325+0000] {dag.py:3036} INFO - Sync 2 DAGs
[2024-02-23T16:34:16.347+0000] {logging_mixin.py:188} INFO - [2024-02-23T16:34:16.347+0000] {dag.py:3823} INFO - Setting next_dagrun for example_xcom_args to None, run_after=None
[2024-02-23T16:34:16.354+0000] {logging_mixin.py:188} INFO - [2024-02-23T16:34:16.354+0000] {dag.py:3823} INFO - Setting next_dagrun for example_xcom_args_with_operators to None, run_after=None
[2024-02-23T16:34:16.382+0000] {processor.py:183} INFO - Processing /home/airflow/.local/lib/python3.8/site-packages/airflow/example_dags/example_xcomargs.py took 0.122 seconds
[2024-02-23T16:34:46.575+0000] {processor.py:161} INFO - Started process (PID=222) to work on /home/airflow/.local/lib/python3.8/site-packages/airflow/example_dags/example_xcomargs.py
[2024-02-23T16:34:46.576+0000] {processor.py:830} INFO - Processing file /home/airflow/.local/lib/python3.8/site-packages/airflow/example_dags/example_xcomargs.py for tasks to queue
[2024-02-23T16:34:46.579+0000] {logging_mixin.py:188} INFO - [2024-02-23T16:34:46.578+0000] {dagbag.py:538} INFO - Filling up the DagBag from /home/airflow/.local/lib/python3.8/site-packages/airflow/example_dags/example_xcomargs.py
[2024-02-23T16:34:46.594+0000] {processor.py:840} INFO - DAG(s) 'example_xcom_args_with_operators', 'example_xcom_args' retrieved from /home/airflow/.local/lib/python3.8/site-packages/airflow/example_dags/example_xcomargs.py
[2024-02-23T16:34:46.639+0000] {logging_mixin.py:188} INFO - [2024-02-23T16:34:46.639+0000] {dag.py:3036} INFO - Sync 2 DAGs
[2024-02-23T16:34:46.662+0000] {logging_mixin.py:188} INFO - [2024-02-23T16:34:46.661+0000] {dag.py:3823} INFO - Setting next_dagrun for example_xcom_args to None, run_after=None
[2024-02-23T16:34:46.668+0000] {logging_mixin.py:188} INFO - [2024-02-23T16:34:46.668+0000] {dag.py:3823} INFO - Setting next_dagrun for example_xcom_args_with_operators to None, run_after=None
[2024-02-23T16:34:46.696+0000] {processor.py:183} INFO - Processing /home/airflow/.local/lib/python3.8/site-packages/airflow/example_dags/example_xcomargs.py took 0.127 seconds
[2024-02-23T16:35:17.326+0000] {processor.py:161} INFO - Started process (PID=279) to work on /home/airflow/.local/lib/python3.8/site-packages/airflow/example_dags/example_xcomargs.py
[2024-02-23T16:35:17.328+0000] {processor.py:830} INFO - Processing file /home/airflow/.local/lib/python3.8/site-packages/airflow/example_dags/example_xcomargs.py for tasks to queue
[2024-02-23T16:35:17.330+0000] {logging_mixin.py:188} INFO - [2024-02-23T16:35:17.330+0000] {dagbag.py:538} INFO - Filling up the DagBag from /home/airflow/.local/lib/python3.8/site-packages/airflow/example_dags/example_xcomargs.py
[2024-02-23T16:35:17.344+0000] {processor.py:840} INFO - DAG(s) 'example_xcom_args_with_operators', 'example_xcom_args' retrieved from /home/airflow/.local/lib/python3.8/site-packages/airflow/example_dags/example_xcomargs.py
[2024-02-23T16:35:17.397+0000] {logging_mixin.py:188} INFO - [2024-02-23T16:35:17.396+0000] {dag.py:3036} INFO - Sync 2 DAGs
[2024-02-23T16:35:17.424+0000] {logging_mixin.py:188} INFO - [2024-02-23T16:35:17.423+0000] {dag.py:3823} INFO - Setting next_dagrun for example_xcom_args to None, run_after=None
[2024-02-23T16:35:17.431+0000] {logging_mixin.py:188} INFO - [2024-02-23T16:35:17.431+0000] {dag.py:3823} INFO - Setting next_dagrun for example_xcom_args_with_operators to None, run_after=None
[2024-02-23T16:35:17.465+0000] {processor.py:183} INFO - Processing /home/airflow/.local/lib/python3.8/site-packages/airflow/example_dags/example_xcomargs.py took 0.144 seconds
[2024-02-23T16:35:47.604+0000] {processor.py:161} INFO - Started process (PID=337) to work on /home/airflow/.local/lib/python3.8/site-packages/airflow/example_dags/example_xcomargs.py
[2024-02-23T16:35:47.606+0000] {processor.py:830} INFO - Processing file /home/airflow/.local/lib/python3.8/site-packages/airflow/example_dags/example_xcomargs.py for tasks to queue
[2024-02-23T16:35:47.609+0000] {logging_mixin.py:188} INFO - [2024-02-23T16:35:47.609+0000] {dagbag.py:538} INFO - Filling up the DagBag from /home/airflow/.local/lib/python3.8/site-packages/airflow/example_dags/example_xcomargs.py
[2024-02-23T16:35:47.623+0000] {processor.py:840} INFO - DAG(s) 'example_xcom_args_with_operators', 'example_xcom_args' retrieved from /home/airflow/.local/lib/python3.8/site-packages/airflow/example_dags/example_xcomargs.py
[2024-02-23T16:35:47.667+0000] {logging_mixin.py:188} INFO - [2024-02-23T16:35:47.666+0000] {dag.py:3036} INFO - Sync 2 DAGs
[2024-02-23T16:35:47.690+0000] {logging_mixin.py:188} INFO - [2024-02-23T16:35:47.690+0000] {dag.py:3823} INFO - Setting next_dagrun for example_xcom_args to None, run_after=None
[2024-02-23T16:35:47.696+0000] {logging_mixin.py:188} INFO - [2024-02-23T16:35:47.696+0000] {dag.py:3823} INFO - Setting next_dagrun for example_xcom_args_with_operators to None, run_after=None
[2024-02-23T16:35:47.721+0000] {processor.py:183} INFO - Processing /home/airflow/.local/lib/python3.8/site-packages/airflow/example_dags/example_xcomargs.py took 0.122 seconds
[2024-02-23T16:36:17.968+0000] {processor.py:161} INFO - Started process (PID=394) to work on /home/airflow/.local/lib/python3.8/site-packages/airflow/example_dags/example_xcomargs.py
[2024-02-23T16:36:17.970+0000] {processor.py:830} INFO - Processing file /home/airflow/.local/lib/python3.8/site-packages/airflow/example_dags/example_xcomargs.py for tasks to queue
[2024-02-23T16:36:17.973+0000] {logging_mixin.py:188} INFO - [2024-02-23T16:36:17.972+0000] {dagbag.py:538} INFO - Filling up the DagBag from /home/airflow/.local/lib/python3.8/site-packages/airflow/example_dags/example_xcomargs.py
[2024-02-23T16:36:17.989+0000] {processor.py:840} INFO - DAG(s) 'example_xcom_args_with_operators', 'example_xcom_args' retrieved from /home/airflow/.local/lib/python3.8/site-packages/airflow/example_dags/example_xcomargs.py
[2024-02-23T16:36:18.035+0000] {logging_mixin.py:188} INFO - [2024-02-23T16:36:18.034+0000] {dag.py:3036} INFO - Sync 2 DAGs
[2024-02-23T16:36:18.060+0000] {logging_mixin.py:188} INFO - [2024-02-23T16:36:18.059+0000] {dag.py:3823} INFO - Setting next_dagrun for example_xcom_args to None, run_after=None
[2024-02-23T16:36:18.066+0000] {logging_mixin.py:188} INFO - [2024-02-23T16:36:18.066+0000] {dag.py:3823} INFO - Setting next_dagrun for example_xcom_args_with_operators to None, run_after=None
[2024-02-23T16:36:18.098+0000] {processor.py:183} INFO - Processing /home/airflow/.local/lib/python3.8/site-packages/airflow/example_dags/example_xcomargs.py took 0.136 seconds
[2024-02-23T16:36:48.788+0000] {processor.py:161} INFO - Started process (PID=451) to work on /home/airflow/.local/lib/python3.8/site-packages/airflow/example_dags/example_xcomargs.py
[2024-02-23T16:36:48.790+0000] {processor.py:830} INFO - Processing file /home/airflow/.local/lib/python3.8/site-packages/airflow/example_dags/example_xcomargs.py for tasks to queue
[2024-02-23T16:36:48.793+0000] {logging_mixin.py:188} INFO - [2024-02-23T16:36:48.792+0000] {dagbag.py:538} INFO - Filling up the DagBag from /home/airflow/.local/lib/python3.8/site-packages/airflow/example_dags/example_xcomargs.py
[2024-02-23T16:36:48.807+0000] {processor.py:840} INFO - DAG(s) 'example_xcom_args_with_operators', 'example_xcom_args' retrieved from /home/airflow/.local/lib/python3.8/site-packages/airflow/example_dags/example_xcomargs.py
[2024-02-23T16:36:48.849+0000] {logging_mixin.py:188} INFO - [2024-02-23T16:36:48.848+0000] {dag.py:3036} INFO - Sync 2 DAGs
[2024-02-23T16:36:48.876+0000] {logging_mixin.py:188} INFO - [2024-02-23T16:36:48.876+0000] {dag.py:3823} INFO - Setting next_dagrun for example_xcom_args to None, run_after=None
[2024-02-23T16:36:48.884+0000] {logging_mixin.py:188} INFO - [2024-02-23T16:36:48.884+0000] {dag.py:3823} INFO - Setting next_dagrun for example_xcom_args_with_operators to None, run_after=None
[2024-02-23T16:36:48.924+0000] {processor.py:183} INFO - Processing /home/airflow/.local/lib/python3.8/site-packages/airflow/example_dags/example_xcomargs.py took 0.141 seconds
[2024-02-23T16:37:19.262+0000] {processor.py:161} INFO - Started process (PID=508) to work on /home/airflow/.local/lib/python3.8/site-packages/airflow/example_dags/example_xcomargs.py
[2024-02-23T16:37:19.264+0000] {processor.py:830} INFO - Processing file /home/airflow/.local/lib/python3.8/site-packages/airflow/example_dags/example_xcomargs.py for tasks to queue
[2024-02-23T16:37:19.266+0000] {logging_mixin.py:188} INFO - [2024-02-23T16:37:19.266+0000] {dagbag.py:538} INFO - Filling up the DagBag from /home/airflow/.local/lib/python3.8/site-packages/airflow/example_dags/example_xcomargs.py
[2024-02-23T16:37:19.287+0000] {processor.py:840} INFO - DAG(s) 'example_xcom_args', 'example_xcom_args_with_operators' retrieved from /home/airflow/.local/lib/python3.8/site-packages/airflow/example_dags/example_xcomargs.py
[2024-02-23T16:37:19.333+0000] {logging_mixin.py:188} INFO - [2024-02-23T16:37:19.333+0000] {dag.py:3036} INFO - Sync 2 DAGs
[2024-02-23T16:37:19.355+0000] {logging_mixin.py:188} INFO - [2024-02-23T16:37:19.355+0000] {dag.py:3823} INFO - Setting next_dagrun for example_xcom_args to None, run_after=None
[2024-02-23T16:37:19.362+0000] {logging_mixin.py:188} INFO - [2024-02-23T16:37:19.361+0000] {dag.py:3823} INFO - Setting next_dagrun for example_xcom_args_with_operators to None, run_after=None
[2024-02-23T16:37:19.390+0000] {processor.py:183} INFO - Processing /home/airflow/.local/lib/python3.8/site-packages/airflow/example_dags/example_xcomargs.py took 0.132 seconds
[2024-02-23T16:37:49.929+0000] {processor.py:161} INFO - Started process (PID=565) to work on /home/airflow/.local/lib/python3.8/site-packages/airflow/example_dags/example_xcomargs.py
[2024-02-23T16:37:49.930+0000] {processor.py:830} INFO - Processing file /home/airflow/.local/lib/python3.8/site-packages/airflow/example_dags/example_xcomargs.py for tasks to queue
[2024-02-23T16:37:49.933+0000] {logging_mixin.py:188} INFO - [2024-02-23T16:37:49.932+0000] {dagbag.py:538} INFO - Filling up the DagBag from /home/airflow/.local/lib/python3.8/site-packages/airflow/example_dags/example_xcomargs.py
[2024-02-23T16:37:49.947+0000] {processor.py:840} INFO - DAG(s) 'example_xcom_args_with_operators', 'example_xcom_args' retrieved from /home/airflow/.local/lib/python3.8/site-packages/airflow/example_dags/example_xcomargs.py
[2024-02-23T16:37:49.988+0000] {logging_mixin.py:188} INFO - [2024-02-23T16:37:49.987+0000] {dag.py:3036} INFO - Sync 2 DAGs
[2024-02-23T16:37:50.012+0000] {logging_mixin.py:188} INFO - [2024-02-23T16:37:50.011+0000] {dag.py:3823} INFO - Setting next_dagrun for example_xcom_args to None, run_after=None
[2024-02-23T16:37:50.018+0000] {logging_mixin.py:188} INFO - [2024-02-23T16:37:50.018+0000] {dag.py:3823} INFO - Setting next_dagrun for example_xcom_args_with_operators to None, run_after=None
[2024-02-23T16:37:50.047+0000] {processor.py:183} INFO - Processing /home/airflow/.local/lib/python3.8/site-packages/airflow/example_dags/example_xcomargs.py took 0.123 seconds
[2024-02-23T16:38:20.885+0000] {processor.py:161} INFO - Started process (PID=622) to work on /home/airflow/.local/lib/python3.8/site-packages/airflow/example_dags/example_xcomargs.py
[2024-02-23T16:38:20.886+0000] {processor.py:830} INFO - Processing file /home/airflow/.local/lib/python3.8/site-packages/airflow/example_dags/example_xcomargs.py for tasks to queue
[2024-02-23T16:38:20.889+0000] {logging_mixin.py:188} INFO - [2024-02-23T16:38:20.888+0000] {dagbag.py:538} INFO - Filling up the DagBag from /home/airflow/.local/lib/python3.8/site-packages/airflow/example_dags/example_xcomargs.py
[2024-02-23T16:38:20.903+0000] {processor.py:840} INFO - DAG(s) 'example_xcom_args', 'example_xcom_args_with_operators' retrieved from /home/airflow/.local/lib/python3.8/site-packages/airflow/example_dags/example_xcomargs.py
[2024-02-23T16:38:20.948+0000] {logging_mixin.py:188} INFO - [2024-02-23T16:38:20.948+0000] {dag.py:3036} INFO - Sync 2 DAGs
[2024-02-23T16:38:20.972+0000] {logging_mixin.py:188} INFO - [2024-02-23T16:38:20.972+0000] {dag.py:3823} INFO - Setting next_dagrun for example_xcom_args to None, run_after=None
[2024-02-23T16:38:20.979+0000] {logging_mixin.py:188} INFO - [2024-02-23T16:38:20.979+0000] {dag.py:3823} INFO - Setting next_dagrun for example_xcom_args_with_operators to None, run_after=None
[2024-02-23T16:38:21.006+0000] {processor.py:183} INFO - Processing /home/airflow/.local/lib/python3.8/site-packages/airflow/example_dags/example_xcomargs.py took 0.126 seconds
[2024-02-23T16:38:51.960+0000] {processor.py:161} INFO - Started process (PID=678) to work on /home/airflow/.local/lib/python3.8/site-packages/airflow/example_dags/example_xcomargs.py
[2024-02-23T16:38:51.963+0000] {processor.py:830} INFO - Processing file /home/airflow/.local/lib/python3.8/site-packages/airflow/example_dags/example_xcomargs.py for tasks to queue
[2024-02-23T16:38:51.966+0000] {logging_mixin.py:188} INFO - [2024-02-23T16:38:51.965+0000] {dagbag.py:538} INFO - Filling up the DagBag from /home/airflow/.local/lib/python3.8/site-packages/airflow/example_dags/example_xcomargs.py
[2024-02-23T16:38:51.983+0000] {processor.py:840} INFO - DAG(s) 'example_xcom_args_with_operators', 'example_xcom_args' retrieved from /home/airflow/.local/lib/python3.8/site-packages/airflow/example_dags/example_xcomargs.py
[2024-02-23T16:38:52.032+0000] {logging_mixin.py:188} INFO - [2024-02-23T16:38:52.032+0000] {dag.py:3036} INFO - Sync 2 DAGs
[2024-02-23T16:38:52.066+0000] {logging_mixin.py:188} INFO - [2024-02-23T16:38:52.066+0000] {dag.py:3823} INFO - Setting next_dagrun for example_xcom_args to None, run_after=None
[2024-02-23T16:38:52.076+0000] {logging_mixin.py:188} INFO - [2024-02-23T16:38:52.075+0000] {dag.py:3823} INFO - Setting next_dagrun for example_xcom_args_with_operators to None, run_after=None
[2024-02-23T16:38:52.110+0000] {processor.py:183} INFO - Processing /home/airflow/.local/lib/python3.8/site-packages/airflow/example_dags/example_xcomargs.py took 0.156 seconds
[2024-02-23T16:39:22.385+0000] {processor.py:161} INFO - Started process (PID=735) to work on /home/airflow/.local/lib/python3.8/site-packages/airflow/example_dags/example_xcomargs.py
[2024-02-23T16:39:22.387+0000] {processor.py:830} INFO - Processing file /home/airflow/.local/lib/python3.8/site-packages/airflow/example_dags/example_xcomargs.py for tasks to queue
[2024-02-23T16:39:22.391+0000] {logging_mixin.py:188} INFO - [2024-02-23T16:39:22.390+0000] {dagbag.py:538} INFO - Filling up the DagBag from /home/airflow/.local/lib/python3.8/site-packages/airflow/example_dags/example_xcomargs.py
[2024-02-23T16:39:22.410+0000] {processor.py:840} INFO - DAG(s) 'example_xcom_args_with_operators', 'example_xcom_args' retrieved from /home/airflow/.local/lib/python3.8/site-packages/airflow/example_dags/example_xcomargs.py
[2024-02-23T16:39:22.456+0000] {logging_mixin.py:188} INFO - [2024-02-23T16:39:22.456+0000] {dag.py:3036} INFO - Sync 2 DAGs
[2024-02-23T16:39:22.482+0000] {logging_mixin.py:188} INFO - [2024-02-23T16:39:22.482+0000] {dag.py:3823} INFO - Setting next_dagrun for example_xcom_args to None, run_after=None
[2024-02-23T16:39:22.490+0000] {logging_mixin.py:188} INFO - [2024-02-23T16:39:22.489+0000] {dag.py:3823} INFO - Setting next_dagrun for example_xcom_args_with_operators to None, run_after=None
[2024-02-23T16:39:22.525+0000] {processor.py:183} INFO - Processing /home/airflow/.local/lib/python3.8/site-packages/airflow/example_dags/example_xcomargs.py took 0.149 seconds
[2024-02-23T16:39:52.572+0000] {processor.py:161} INFO - Started process (PID=792) to work on /home/airflow/.local/lib/python3.8/site-packages/airflow/example_dags/example_xcomargs.py
[2024-02-23T16:39:52.574+0000] {processor.py:830} INFO - Processing file /home/airflow/.local/lib/python3.8/site-packages/airflow/example_dags/example_xcomargs.py for tasks to queue
[2024-02-23T16:39:52.578+0000] {logging_mixin.py:188} INFO - [2024-02-23T16:39:52.577+0000] {dagbag.py:538} INFO - Filling up the DagBag from /home/airflow/.local/lib/python3.8/site-packages/airflow/example_dags/example_xcomargs.py
[2024-02-23T16:39:52.593+0000] {processor.py:840} INFO - DAG(s) 'example_xcom_args', 'example_xcom_args_with_operators' retrieved from /home/airflow/.local/lib/python3.8/site-packages/airflow/example_dags/example_xcomargs.py
[2024-02-23T16:39:52.633+0000] {logging_mixin.py:188} INFO - [2024-02-23T16:39:52.633+0000] {dag.py:3036} INFO - Sync 2 DAGs
[2024-02-23T16:39:52.658+0000] {logging_mixin.py:188} INFO - [2024-02-23T16:39:52.657+0000] {dag.py:3823} INFO - Setting next_dagrun for example_xcom_args to None, run_after=None
[2024-02-23T16:39:52.666+0000] {logging_mixin.py:188} INFO - [2024-02-23T16:39:52.665+0000] {dag.py:3823} INFO - Setting next_dagrun for example_xcom_args_with_operators to None, run_after=None
[2024-02-23T16:39:52.695+0000] {processor.py:183} INFO - Processing /home/airflow/.local/lib/python3.8/site-packages/airflow/example_dags/example_xcomargs.py took 0.128 seconds
[2024-02-23T16:40:22.722+0000] {processor.py:161} INFO - Started process (PID=849) to work on /home/airflow/.local/lib/python3.8/site-packages/airflow/example_dags/example_xcomargs.py
[2024-02-23T16:40:22.723+0000] {processor.py:830} INFO - Processing file /home/airflow/.local/lib/python3.8/site-packages/airflow/example_dags/example_xcomargs.py for tasks to queue
[2024-02-23T16:40:22.726+0000] {logging_mixin.py:188} INFO - [2024-02-23T16:40:22.726+0000] {dagbag.py:538} INFO - Filling up the DagBag from /home/airflow/.local/lib/python3.8/site-packages/airflow/example_dags/example_xcomargs.py
[2024-02-23T16:40:22.743+0000] {processor.py:840} INFO - DAG(s) 'example_xcom_args_with_operators', 'example_xcom_args' retrieved from /home/airflow/.local/lib/python3.8/site-packages/airflow/example_dags/example_xcomargs.py
[2024-02-23T16:40:22.795+0000] {logging_mixin.py:188} INFO - [2024-02-23T16:40:22.795+0000] {dag.py:3036} INFO - Sync 2 DAGs
[2024-02-23T16:40:22.826+0000] {logging_mixin.py:188} INFO - [2024-02-23T16:40:22.826+0000] {dag.py:3823} INFO - Setting next_dagrun for example_xcom_args to None, run_after=None
[2024-02-23T16:40:22.834+0000] {logging_mixin.py:188} INFO - [2024-02-23T16:40:22.833+0000] {dag.py:3823} INFO - Setting next_dagrun for example_xcom_args_with_operators to None, run_after=None
[2024-02-23T16:40:22.868+0000] {processor.py:183} INFO - Processing /home/airflow/.local/lib/python3.8/site-packages/airflow/example_dags/example_xcomargs.py took 0.151 seconds
[2024-02-23T16:40:53.652+0000] {processor.py:161} INFO - Started process (PID=907) to work on /home/airflow/.local/lib/python3.8/site-packages/airflow/example_dags/example_xcomargs.py
[2024-02-23T16:40:53.653+0000] {processor.py:830} INFO - Processing file /home/airflow/.local/lib/python3.8/site-packages/airflow/example_dags/example_xcomargs.py for tasks to queue
[2024-02-23T16:40:53.656+0000] {logging_mixin.py:188} INFO - [2024-02-23T16:40:53.655+0000] {dagbag.py:538} INFO - Filling up the DagBag from /home/airflow/.local/lib/python3.8/site-packages/airflow/example_dags/example_xcomargs.py
[2024-02-23T16:40:53.671+0000] {processor.py:840} INFO - DAG(s) 'example_xcom_args', 'example_xcom_args_with_operators' retrieved from /home/airflow/.local/lib/python3.8/site-packages/airflow/example_dags/example_xcomargs.py
[2024-02-23T16:40:53.715+0000] {logging_mixin.py:188} INFO - [2024-02-23T16:40:53.715+0000] {dag.py:3036} INFO - Sync 2 DAGs
[2024-02-23T16:40:53.742+0000] {logging_mixin.py:188} INFO - [2024-02-23T16:40:53.742+0000] {dag.py:3823} INFO - Setting next_dagrun for example_xcom_args to None, run_after=None
[2024-02-23T16:40:53.750+0000] {logging_mixin.py:188} INFO - [2024-02-23T16:40:53.749+0000] {dag.py:3823} INFO - Setting next_dagrun for example_xcom_args_with_operators to None, run_after=None
[2024-02-23T16:40:53.784+0000] {processor.py:183} INFO - Processing /home/airflow/.local/lib/python3.8/site-packages/airflow/example_dags/example_xcomargs.py took 0.138 seconds
[2024-02-23T16:41:23.991+0000] {processor.py:161} INFO - Started process (PID=964) to work on /home/airflow/.local/lib/python3.8/site-packages/airflow/example_dags/example_xcomargs.py
[2024-02-23T16:41:23.992+0000] {processor.py:830} INFO - Processing file /home/airflow/.local/lib/python3.8/site-packages/airflow/example_dags/example_xcomargs.py for tasks to queue
[2024-02-23T16:41:23.996+0000] {logging_mixin.py:188} INFO - [2024-02-23T16:41:23.995+0000] {dagbag.py:538} INFO - Filling up the DagBag from /home/airflow/.local/lib/python3.8/site-packages/airflow/example_dags/example_xcomargs.py
[2024-02-23T16:41:24.016+0000] {processor.py:840} INFO - DAG(s) 'example_xcom_args', 'example_xcom_args_with_operators' retrieved from /home/airflow/.local/lib/python3.8/site-packages/airflow/example_dags/example_xcomargs.py
[2024-02-23T16:41:24.064+0000] {logging_mixin.py:188} INFO - [2024-02-23T16:41:24.064+0000] {dag.py:3036} INFO - Sync 2 DAGs
[2024-02-23T16:41:24.098+0000] {logging_mixin.py:188} INFO - [2024-02-23T16:41:24.097+0000] {dag.py:3823} INFO - Setting next_dagrun for example_xcom_args to None, run_after=None
[2024-02-23T16:41:24.104+0000] {logging_mixin.py:188} INFO - [2024-02-23T16:41:24.104+0000] {dag.py:3823} INFO - Setting next_dagrun for example_xcom_args_with_operators to None, run_after=None
[2024-02-23T16:41:24.139+0000] {processor.py:183} INFO - Processing /home/airflow/.local/lib/python3.8/site-packages/airflow/example_dags/example_xcomargs.py took 0.155 seconds
[2024-02-23T16:43:04.487+0000] {processor.py:161} INFO - Started process (PID=51) to work on /home/airflow/.local/lib/python3.8/site-packages/airflow/example_dags/example_xcomargs.py
[2024-02-23T16:43:04.490+0000] {processor.py:830} INFO - Processing file /home/airflow/.local/lib/python3.8/site-packages/airflow/example_dags/example_xcomargs.py for tasks to queue
[2024-02-23T16:43:04.493+0000] {logging_mixin.py:188} INFO - [2024-02-23T16:43:04.492+0000] {dagbag.py:538} INFO - Filling up the DagBag from /home/airflow/.local/lib/python3.8/site-packages/airflow/example_dags/example_xcomargs.py
[2024-02-23T16:43:04.519+0000] {processor.py:840} INFO - DAG(s) 'example_xcom_args', 'example_xcom_args_with_operators' retrieved from /home/airflow/.local/lib/python3.8/site-packages/airflow/example_dags/example_xcomargs.py
[2024-02-23T16:43:04.826+0000] {logging_mixin.py:188} INFO - [2024-02-23T16:43:04.825+0000] {dag.py:3036} INFO - Sync 2 DAGs
[2024-02-23T16:43:04.856+0000] {logging_mixin.py:188} INFO - [2024-02-23T16:43:04.856+0000] {dag.py:3823} INFO - Setting next_dagrun for example_xcom_args to None, run_after=None
[2024-02-23T16:43:04.864+0000] {logging_mixin.py:188} INFO - [2024-02-23T16:43:04.864+0000] {dag.py:3823} INFO - Setting next_dagrun for example_xcom_args_with_operators to None, run_after=None
[2024-02-23T16:43:04.908+0000] {processor.py:183} INFO - Processing /home/airflow/.local/lib/python3.8/site-packages/airflow/example_dags/example_xcomargs.py took 0.428 seconds
[2024-02-23T16:43:35.874+0000] {processor.py:161} INFO - Started process (PID=108) to work on /home/airflow/.local/lib/python3.8/site-packages/airflow/example_dags/example_xcomargs.py
[2024-02-23T16:43:35.876+0000] {processor.py:830} INFO - Processing file /home/airflow/.local/lib/python3.8/site-packages/airflow/example_dags/example_xcomargs.py for tasks to queue
[2024-02-23T16:43:35.879+0000] {logging_mixin.py:188} INFO - [2024-02-23T16:43:35.878+0000] {dagbag.py:538} INFO - Filling up the DagBag from /home/airflow/.local/lib/python3.8/site-packages/airflow/example_dags/example_xcomargs.py
[2024-02-23T16:43:35.903+0000] {processor.py:840} INFO - DAG(s) 'example_xcom_args', 'example_xcom_args_with_operators' retrieved from /home/airflow/.local/lib/python3.8/site-packages/airflow/example_dags/example_xcomargs.py
[2024-02-23T16:43:35.964+0000] {logging_mixin.py:188} INFO - [2024-02-23T16:43:35.963+0000] {dag.py:3036} INFO - Sync 2 DAGs
[2024-02-23T16:43:36.004+0000] {logging_mixin.py:188} INFO - [2024-02-23T16:43:36.004+0000] {dag.py:3823} INFO - Setting next_dagrun for example_xcom_args to None, run_after=None
[2024-02-23T16:43:36.014+0000] {logging_mixin.py:188} INFO - [2024-02-23T16:43:36.013+0000] {dag.py:3823} INFO - Setting next_dagrun for example_xcom_args_with_operators to None, run_after=None
[2024-02-23T16:43:36.056+0000] {processor.py:183} INFO - Processing /home/airflow/.local/lib/python3.8/site-packages/airflow/example_dags/example_xcomargs.py took 0.190 seconds
[2024-02-23T16:44:06.161+0000] {processor.py:161} INFO - Started process (PID=165) to work on /home/airflow/.local/lib/python3.8/site-packages/airflow/example_dags/example_xcomargs.py
[2024-02-23T16:44:06.164+0000] {processor.py:830} INFO - Processing file /home/airflow/.local/lib/python3.8/site-packages/airflow/example_dags/example_xcomargs.py for tasks to queue
[2024-02-23T16:44:06.166+0000] {logging_mixin.py:188} INFO - [2024-02-23T16:44:06.166+0000] {dagbag.py:538} INFO - Filling up the DagBag from /home/airflow/.local/lib/python3.8/site-packages/airflow/example_dags/example_xcomargs.py
[2024-02-23T16:44:06.179+0000] {processor.py:840} INFO - DAG(s) 'example_xcom_args', 'example_xcom_args_with_operators' retrieved from /home/airflow/.local/lib/python3.8/site-packages/airflow/example_dags/example_xcomargs.py
[2024-02-23T16:44:06.217+0000] {logging_mixin.py:188} INFO - [2024-02-23T16:44:06.217+0000] {dag.py:3036} INFO - Sync 2 DAGs
[2024-02-23T16:44:06.237+0000] {logging_mixin.py:188} INFO - [2024-02-23T16:44:06.237+0000] {dag.py:3823} INFO - Setting next_dagrun for example_xcom_args to None, run_after=None
[2024-02-23T16:44:06.243+0000] {logging_mixin.py:188} INFO - [2024-02-23T16:44:06.242+0000] {dag.py:3823} INFO - Setting next_dagrun for example_xcom_args_with_operators to None, run_after=None
[2024-02-23T16:44:06.267+0000] {processor.py:183} INFO - Processing /home/airflow/.local/lib/python3.8/site-packages/airflow/example_dags/example_xcomargs.py took 0.111 seconds
[2024-02-23T16:44:36.742+0000] {processor.py:161} INFO - Started process (PID=222) to work on /home/airflow/.local/lib/python3.8/site-packages/airflow/example_dags/example_xcomargs.py
[2024-02-23T16:44:36.744+0000] {processor.py:830} INFO - Processing file /home/airflow/.local/lib/python3.8/site-packages/airflow/example_dags/example_xcomargs.py for tasks to queue
[2024-02-23T16:44:36.747+0000] {logging_mixin.py:188} INFO - [2024-02-23T16:44:36.746+0000] {dagbag.py:538} INFO - Filling up the DagBag from /home/airflow/.local/lib/python3.8/site-packages/airflow/example_dags/example_xcomargs.py
[2024-02-23T16:44:36.764+0000] {processor.py:840} INFO - DAG(s) 'example_xcom_args', 'example_xcom_args_with_operators' retrieved from /home/airflow/.local/lib/python3.8/site-packages/airflow/example_dags/example_xcomargs.py
[2024-02-23T16:44:36.815+0000] {logging_mixin.py:188} INFO - [2024-02-23T16:44:36.814+0000] {dag.py:3036} INFO - Sync 2 DAGs
[2024-02-23T16:44:36.843+0000] {logging_mixin.py:188} INFO - [2024-02-23T16:44:36.843+0000] {dag.py:3823} INFO - Setting next_dagrun for example_xcom_args to None, run_after=None
[2024-02-23T16:44:36.852+0000] {logging_mixin.py:188} INFO - [2024-02-23T16:44:36.851+0000] {dag.py:3823} INFO - Setting next_dagrun for example_xcom_args_with_operators to None, run_after=None
[2024-02-23T16:44:36.890+0000] {processor.py:183} INFO - Processing /home/airflow/.local/lib/python3.8/site-packages/airflow/example_dags/example_xcomargs.py took 0.155 seconds
[2024-02-23T16:45:07.346+0000] {processor.py:161} INFO - Started process (PID=279) to work on /home/airflow/.local/lib/python3.8/site-packages/airflow/example_dags/example_xcomargs.py
[2024-02-23T16:45:07.347+0000] {processor.py:830} INFO - Processing file /home/airflow/.local/lib/python3.8/site-packages/airflow/example_dags/example_xcomargs.py for tasks to queue
[2024-02-23T16:45:07.350+0000] {logging_mixin.py:188} INFO - [2024-02-23T16:45:07.350+0000] {dagbag.py:538} INFO - Filling up the DagBag from /home/airflow/.local/lib/python3.8/site-packages/airflow/example_dags/example_xcomargs.py
[2024-02-23T16:45:07.366+0000] {processor.py:840} INFO - DAG(s) 'example_xcom_args_with_operators', 'example_xcom_args' retrieved from /home/airflow/.local/lib/python3.8/site-packages/airflow/example_dags/example_xcomargs.py
[2024-02-23T16:45:07.407+0000] {logging_mixin.py:188} INFO - [2024-02-23T16:45:07.407+0000] {dag.py:3036} INFO - Sync 2 DAGs
[2024-02-23T16:45:07.432+0000] {logging_mixin.py:188} INFO - [2024-02-23T16:45:07.431+0000] {dag.py:3823} INFO - Setting next_dagrun for example_xcom_args to None, run_after=None
[2024-02-23T16:45:07.439+0000] {logging_mixin.py:188} INFO - [2024-02-23T16:45:07.439+0000] {dag.py:3823} INFO - Setting next_dagrun for example_xcom_args_with_operators to None, run_after=None
[2024-02-23T16:45:07.467+0000] {processor.py:183} INFO - Processing /home/airflow/.local/lib/python3.8/site-packages/airflow/example_dags/example_xcomargs.py took 0.127 seconds
[2024-02-23T16:45:37.625+0000] {processor.py:161} INFO - Started process (PID=335) to work on /home/airflow/.local/lib/python3.8/site-packages/airflow/example_dags/example_xcomargs.py
[2024-02-23T16:45:37.627+0000] {processor.py:830} INFO - Processing file /home/airflow/.local/lib/python3.8/site-packages/airflow/example_dags/example_xcomargs.py for tasks to queue
[2024-02-23T16:45:37.631+0000] {logging_mixin.py:188} INFO - [2024-02-23T16:45:37.630+0000] {dagbag.py:538} INFO - Filling up the DagBag from /home/airflow/.local/lib/python3.8/site-packages/airflow/example_dags/example_xcomargs.py
[2024-02-23T16:45:37.653+0000] {processor.py:840} INFO - DAG(s) 'example_xcom_args', 'example_xcom_args_with_operators' retrieved from /home/airflow/.local/lib/python3.8/site-packages/airflow/example_dags/example_xcomargs.py
[2024-02-23T16:45:37.707+0000] {logging_mixin.py:188} INFO - [2024-02-23T16:45:37.707+0000] {dag.py:3036} INFO - Sync 2 DAGs
[2024-02-23T16:45:37.731+0000] {logging_mixin.py:188} INFO - [2024-02-23T16:45:37.731+0000] {dag.py:3823} INFO - Setting next_dagrun for example_xcom_args to None, run_after=None
[2024-02-23T16:45:37.738+0000] {logging_mixin.py:188} INFO - [2024-02-23T16:45:37.737+0000] {dag.py:3823} INFO - Setting next_dagrun for example_xcom_args_with_operators to None, run_after=None
[2024-02-23T16:45:37.764+0000] {processor.py:183} INFO - Processing /home/airflow/.local/lib/python3.8/site-packages/airflow/example_dags/example_xcomargs.py took 0.148 seconds
[2024-02-23T16:46:07.928+0000] {processor.py:161} INFO - Started process (PID=392) to work on /home/airflow/.local/lib/python3.8/site-packages/airflow/example_dags/example_xcomargs.py
[2024-02-23T16:46:07.930+0000] {processor.py:830} INFO - Processing file /home/airflow/.local/lib/python3.8/site-packages/airflow/example_dags/example_xcomargs.py for tasks to queue
[2024-02-23T16:46:07.933+0000] {logging_mixin.py:188} INFO - [2024-02-23T16:46:07.933+0000] {dagbag.py:538} INFO - Filling up the DagBag from /home/airflow/.local/lib/python3.8/site-packages/airflow/example_dags/example_xcomargs.py
[2024-02-23T16:46:07.950+0000] {processor.py:840} INFO - DAG(s) 'example_xcom_args_with_operators', 'example_xcom_args' retrieved from /home/airflow/.local/lib/python3.8/site-packages/airflow/example_dags/example_xcomargs.py
[2024-02-23T16:46:07.997+0000] {logging_mixin.py:188} INFO - [2024-02-23T16:46:07.996+0000] {dag.py:3036} INFO - Sync 2 DAGs
[2024-02-23T16:46:08.020+0000] {logging_mixin.py:188} INFO - [2024-02-23T16:46:08.019+0000] {dag.py:3823} INFO - Setting next_dagrun for example_xcom_args to None, run_after=None
[2024-02-23T16:46:08.028+0000] {logging_mixin.py:188} INFO - [2024-02-23T16:46:08.028+0000] {dag.py:3823} INFO - Setting next_dagrun for example_xcom_args_with_operators to None, run_after=None
[2024-02-23T16:46:08.056+0000] {processor.py:183} INFO - Processing /home/airflow/.local/lib/python3.8/site-packages/airflow/example_dags/example_xcomargs.py took 0.135 seconds
[2024-02-23T16:46:38.783+0000] {processor.py:161} INFO - Started process (PID=449) to work on /home/airflow/.local/lib/python3.8/site-packages/airflow/example_dags/example_xcomargs.py
[2024-02-23T16:46:38.785+0000] {processor.py:830} INFO - Processing file /home/airflow/.local/lib/python3.8/site-packages/airflow/example_dags/example_xcomargs.py for tasks to queue
[2024-02-23T16:46:38.787+0000] {logging_mixin.py:188} INFO - [2024-02-23T16:46:38.787+0000] {dagbag.py:538} INFO - Filling up the DagBag from /home/airflow/.local/lib/python3.8/site-packages/airflow/example_dags/example_xcomargs.py
[2024-02-23T16:46:38.801+0000] {processor.py:840} INFO - DAG(s) 'example_xcom_args', 'example_xcom_args_with_operators' retrieved from /home/airflow/.local/lib/python3.8/site-packages/airflow/example_dags/example_xcomargs.py
[2024-02-23T16:46:38.841+0000] {logging_mixin.py:188} INFO - [2024-02-23T16:46:38.841+0000] {dag.py:3036} INFO - Sync 2 DAGs
[2024-02-23T16:46:38.864+0000] {logging_mixin.py:188} INFO - [2024-02-23T16:46:38.864+0000] {dag.py:3823} INFO - Setting next_dagrun for example_xcom_args to None, run_after=None
[2024-02-23T16:46:38.887+0000] {logging_mixin.py:188} INFO - [2024-02-23T16:46:38.886+0000] {dag.py:3823} INFO - Setting next_dagrun for example_xcom_args_with_operators to None, run_after=None
[2024-02-23T16:46:38.912+0000] {processor.py:183} INFO - Processing /home/airflow/.local/lib/python3.8/site-packages/airflow/example_dags/example_xcomargs.py took 0.134 seconds
[2024-02-23T16:47:09.056+0000] {processor.py:161} INFO - Started process (PID=506) to work on /home/airflow/.local/lib/python3.8/site-packages/airflow/example_dags/example_xcomargs.py
[2024-02-23T16:47:09.058+0000] {processor.py:830} INFO - Processing file /home/airflow/.local/lib/python3.8/site-packages/airflow/example_dags/example_xcomargs.py for tasks to queue
[2024-02-23T16:47:09.061+0000] {logging_mixin.py:188} INFO - [2024-02-23T16:47:09.061+0000] {dagbag.py:538} INFO - Filling up the DagBag from /home/airflow/.local/lib/python3.8/site-packages/airflow/example_dags/example_xcomargs.py
[2024-02-23T16:47:09.079+0000] {processor.py:840} INFO - DAG(s) 'example_xcom_args_with_operators', 'example_xcom_args' retrieved from /home/airflow/.local/lib/python3.8/site-packages/airflow/example_dags/example_xcomargs.py
[2024-02-23T16:47:09.123+0000] {logging_mixin.py:188} INFO - [2024-02-23T16:47:09.123+0000] {dag.py:3036} INFO - Sync 2 DAGs
[2024-02-23T16:47:09.147+0000] {logging_mixin.py:188} INFO - [2024-02-23T16:47:09.147+0000] {dag.py:3823} INFO - Setting next_dagrun for example_xcom_args to None, run_after=None
[2024-02-23T16:47:09.155+0000] {logging_mixin.py:188} INFO - [2024-02-23T16:47:09.154+0000] {dag.py:3823} INFO - Setting next_dagrun for example_xcom_args_with_operators to None, run_after=None
[2024-02-23T16:47:09.186+0000] {processor.py:183} INFO - Processing /home/airflow/.local/lib/python3.8/site-packages/airflow/example_dags/example_xcomargs.py took 0.135 seconds
[2024-02-23T16:48:36.194+0000] {processor.py:161} INFO - Started process (PID=51) to work on /home/airflow/.local/lib/python3.8/site-packages/airflow/example_dags/example_xcomargs.py
[2024-02-23T16:48:36.196+0000] {processor.py:830} INFO - Processing file /home/airflow/.local/lib/python3.8/site-packages/airflow/example_dags/example_xcomargs.py for tasks to queue
[2024-02-23T16:48:36.199+0000] {logging_mixin.py:188} INFO - [2024-02-23T16:48:36.199+0000] {dagbag.py:538} INFO - Filling up the DagBag from /home/airflow/.local/lib/python3.8/site-packages/airflow/example_dags/example_xcomargs.py
[2024-02-23T16:48:36.227+0000] {processor.py:840} INFO - DAG(s) 'example_xcom_args_with_operators', 'example_xcom_args' retrieved from /home/airflow/.local/lib/python3.8/site-packages/airflow/example_dags/example_xcomargs.py
[2024-02-23T16:48:36.562+0000] {logging_mixin.py:188} INFO - [2024-02-23T16:48:36.562+0000] {dag.py:3036} INFO - Sync 2 DAGs
[2024-02-23T16:48:36.599+0000] {logging_mixin.py:188} INFO - [2024-02-23T16:48:36.599+0000] {dag.py:3823} INFO - Setting next_dagrun for example_xcom_args to None, run_after=None
[2024-02-23T16:48:36.607+0000] {logging_mixin.py:188} INFO - [2024-02-23T16:48:36.606+0000] {dag.py:3823} INFO - Setting next_dagrun for example_xcom_args_with_operators to None, run_after=None
[2024-02-23T16:48:36.647+0000] {processor.py:183} INFO - Processing /home/airflow/.local/lib/python3.8/site-packages/airflow/example_dags/example_xcomargs.py took 0.458 seconds
[2024-02-23T16:51:56.205+0000] {processor.py:161} INFO - Started process (PID=43) to work on /home/airflow/.local/lib/python3.8/site-packages/airflow/example_dags/example_xcomargs.py
[2024-02-23T16:51:56.207+0000] {processor.py:830} INFO - Processing file /home/airflow/.local/lib/python3.8/site-packages/airflow/example_dags/example_xcomargs.py for tasks to queue
[2024-02-23T16:51:56.211+0000] {logging_mixin.py:188} INFO - [2024-02-23T16:51:56.210+0000] {dagbag.py:538} INFO - Filling up the DagBag from /home/airflow/.local/lib/python3.8/site-packages/airflow/example_dags/example_xcomargs.py
[2024-02-23T16:51:56.237+0000] {processor.py:840} INFO - DAG(s) 'example_xcom_args_with_operators', 'example_xcom_args' retrieved from /home/airflow/.local/lib/python3.8/site-packages/airflow/example_dags/example_xcomargs.py
[2024-02-23T16:51:56.493+0000] {logging_mixin.py:188} INFO - [2024-02-23T16:51:56.492+0000] {dag.py:3036} INFO - Sync 2 DAGs
[2024-02-23T16:51:56.522+0000] {logging_mixin.py:188} INFO - [2024-02-23T16:51:56.522+0000] {dag.py:3823} INFO - Setting next_dagrun for example_xcom_args to None, run_after=None
[2024-02-23T16:51:56.528+0000] {logging_mixin.py:188} INFO - [2024-02-23T16:51:56.528+0000] {dag.py:3823} INFO - Setting next_dagrun for example_xcom_args_with_operators to None, run_after=None
[2024-02-23T16:51:56.575+0000] {processor.py:183} INFO - Processing /home/airflow/.local/lib/python3.8/site-packages/airflow/example_dags/example_xcomargs.py took 0.375 seconds
[2024-02-23T16:52:27.222+0000] {processor.py:161} INFO - Started process (PID=101) to work on /home/airflow/.local/lib/python3.8/site-packages/airflow/example_dags/example_xcomargs.py
[2024-02-23T16:52:27.224+0000] {processor.py:830} INFO - Processing file /home/airflow/.local/lib/python3.8/site-packages/airflow/example_dags/example_xcomargs.py for tasks to queue
[2024-02-23T16:52:27.226+0000] {logging_mixin.py:188} INFO - [2024-02-23T16:52:27.226+0000] {dagbag.py:538} INFO - Filling up the DagBag from /home/airflow/.local/lib/python3.8/site-packages/airflow/example_dags/example_xcomargs.py
[2024-02-23T16:52:27.242+0000] {processor.py:840} INFO - DAG(s) 'example_xcom_args_with_operators', 'example_xcom_args' retrieved from /home/airflow/.local/lib/python3.8/site-packages/airflow/example_dags/example_xcomargs.py
[2024-02-23T16:52:27.281+0000] {logging_mixin.py:188} INFO - [2024-02-23T16:52:27.281+0000] {dag.py:3036} INFO - Sync 2 DAGs
[2024-02-23T16:52:27.302+0000] {logging_mixin.py:188} INFO - [2024-02-23T16:52:27.302+0000] {dag.py:3823} INFO - Setting next_dagrun for example_xcom_args to None, run_after=None
[2024-02-23T16:52:27.308+0000] {logging_mixin.py:188} INFO - [2024-02-23T16:52:27.308+0000] {dag.py:3823} INFO - Setting next_dagrun for example_xcom_args_with_operators to None, run_after=None
[2024-02-23T16:52:27.335+0000] {processor.py:183} INFO - Processing /home/airflow/.local/lib/python3.8/site-packages/airflow/example_dags/example_xcomargs.py took 0.119 seconds
[2024-02-23T16:52:57.866+0000] {processor.py:161} INFO - Started process (PID=159) to work on /home/airflow/.local/lib/python3.8/site-packages/airflow/example_dags/example_xcomargs.py
[2024-02-23T16:52:57.868+0000] {processor.py:830} INFO - Processing file /home/airflow/.local/lib/python3.8/site-packages/airflow/example_dags/example_xcomargs.py for tasks to queue
[2024-02-23T16:52:57.871+0000] {logging_mixin.py:188} INFO - [2024-02-23T16:52:57.871+0000] {dagbag.py:538} INFO - Filling up the DagBag from /home/airflow/.local/lib/python3.8/site-packages/airflow/example_dags/example_xcomargs.py
[2024-02-23T16:52:57.886+0000] {processor.py:840} INFO - DAG(s) 'example_xcom_args', 'example_xcom_args_with_operators' retrieved from /home/airflow/.local/lib/python3.8/site-packages/airflow/example_dags/example_xcomargs.py
[2024-02-23T16:52:57.933+0000] {logging_mixin.py:188} INFO - [2024-02-23T16:52:57.932+0000] {dag.py:3036} INFO - Sync 2 DAGs
[2024-02-23T16:52:57.961+0000] {logging_mixin.py:188} INFO - [2024-02-23T16:52:57.960+0000] {dag.py:3823} INFO - Setting next_dagrun for example_xcom_args to None, run_after=None
[2024-02-23T16:52:57.969+0000] {logging_mixin.py:188} INFO - [2024-02-23T16:52:57.968+0000] {dag.py:3823} INFO - Setting next_dagrun for example_xcom_args_with_operators to None, run_after=None
[2024-02-23T16:52:58.003+0000] {processor.py:183} INFO - Processing /home/airflow/.local/lib/python3.8/site-packages/airflow/example_dags/example_xcomargs.py took 0.143 seconds
[2024-02-23T16:53:29.099+0000] {processor.py:161} INFO - Started process (PID=216) to work on /home/airflow/.local/lib/python3.8/site-packages/airflow/example_dags/example_xcomargs.py
[2024-02-23T16:53:29.103+0000] {processor.py:830} INFO - Processing file /home/airflow/.local/lib/python3.8/site-packages/airflow/example_dags/example_xcomargs.py for tasks to queue
[2024-02-23T16:53:29.108+0000] {logging_mixin.py:188} INFO - [2024-02-23T16:53:29.107+0000] {dagbag.py:538} INFO - Filling up the DagBag from /home/airflow/.local/lib/python3.8/site-packages/airflow/example_dags/example_xcomargs.py
[2024-02-23T16:53:29.130+0000] {processor.py:840} INFO - DAG(s) 'example_xcom_args', 'example_xcom_args_with_operators' retrieved from /home/airflow/.local/lib/python3.8/site-packages/airflow/example_dags/example_xcomargs.py
[2024-02-23T16:53:29.217+0000] {logging_mixin.py:188} INFO - [2024-02-23T16:53:29.216+0000] {dag.py:3036} INFO - Sync 2 DAGs
[2024-02-23T16:53:29.276+0000] {logging_mixin.py:188} INFO - [2024-02-23T16:53:29.275+0000] {dag.py:3823} INFO - Setting next_dagrun for example_xcom_args to None, run_after=None
[2024-02-23T16:53:29.295+0000] {logging_mixin.py:188} INFO - [2024-02-23T16:53:29.294+0000] {dag.py:3823} INFO - Setting next_dagrun for example_xcom_args_with_operators to None, run_after=None
[2024-02-23T16:53:30.485+0000] {logging_mixin.py:188} INFO - [2024-02-23T16:53:30.484+0000] {process_utils.py:262} INFO - Waiting up to 5 seconds for processes to exit...
