[2024-02-23T16:33:19.119+0000] {processor.py:161} INFO - Started process (PID=70) to work on /home/airflow/.local/lib/python3.8/site-packages/airflow/example_dags/example_subdag_operator.py
[2024-02-23T16:33:19.120+0000] {processor.py:830} INFO - Processing file /home/airflow/.local/lib/python3.8/site-packages/airflow/example_dags/example_subdag_operator.py for tasks to queue
[2024-02-23T16:33:19.126+0000] {logging_mixin.py:188} INFO - [2024-02-23T16:33:19.125+0000] {dagbag.py:538} INFO - Filling up the DagBag from /home/airflow/.local/lib/python3.8/site-packages/airflow/example_dags/example_subdag_operator.py
[2024-02-23T16:33:19.188+0000] {processor.py:840} INFO - DAG(s) 'example_subdag_operator.section-1', 'example_subdag_operator.section-2', 'example_subdag_operator' retrieved from /home/airflow/.local/lib/python3.8/site-packages/airflow/example_dags/example_subdag_operator.py
[2024-02-23T16:33:19.459+0000] {logging_mixin.py:188} INFO - [2024-02-23T16:33:19.458+0000] {dag.py:3036} INFO - Sync 3 DAGs
[2024-02-23T16:33:19.505+0000] {logging_mixin.py:188} INFO - [2024-02-23T16:33:19.505+0000] {dag.py:3823} INFO - Setting next_dagrun for example_subdag_operator to 2022-01-01 00:00:00+00:00, run_after=2022-01-01 00:00:00+00:00
[2024-02-23T16:33:19.513+0000] {logging_mixin.py:188} INFO - [2024-02-23T16:33:19.513+0000] {dag.py:3823} INFO - Setting next_dagrun for example_subdag_operator.section-1 to None, run_after=None
[2024-02-23T16:33:19.517+0000] {logging_mixin.py:188} INFO - [2024-02-23T16:33:19.516+0000] {dag.py:3823} INFO - Setting next_dagrun for example_subdag_operator.section-2 to None, run_after=None
[2024-02-23T16:33:19.538+0000] {logging_mixin.py:188} INFO - [2024-02-23T16:33:19.538+0000] {dag.py:3036} INFO - Sync 2 DAGs
[2024-02-23T16:33:19.550+0000] {logging_mixin.py:188} INFO - [2024-02-23T16:33:19.549+0000] {dag.py:3823} INFO - Setting next_dagrun for example_subdag_operator.section-1 to None, run_after=None
[2024-02-23T16:33:19.551+0000] {logging_mixin.py:188} INFO - [2024-02-23T16:33:19.550+0000] {dag.py:3823} INFO - Setting next_dagrun for example_subdag_operator.section-2 to None, run_after=None
[2024-02-23T16:33:19.573+0000] {processor.py:183} INFO - Processing /home/airflow/.local/lib/python3.8/site-packages/airflow/example_dags/example_subdag_operator.py took 0.460 seconds
[2024-02-23T16:33:50.033+0000] {processor.py:161} INFO - Started process (PID=127) to work on /home/airflow/.local/lib/python3.8/site-packages/airflow/example_dags/example_subdag_operator.py
[2024-02-23T16:33:50.035+0000] {processor.py:830} INFO - Processing file /home/airflow/.local/lib/python3.8/site-packages/airflow/example_dags/example_subdag_operator.py for tasks to queue
[2024-02-23T16:33:50.038+0000] {logging_mixin.py:188} INFO - [2024-02-23T16:33:50.037+0000] {dagbag.py:538} INFO - Filling up the DagBag from /home/airflow/.local/lib/python3.8/site-packages/airflow/example_dags/example_subdag_operator.py
[2024-02-23T16:33:50.083+0000] {processor.py:840} INFO - DAG(s) 'example_subdag_operator.section-1', 'example_subdag_operator.section-2', 'example_subdag_operator' retrieved from /home/airflow/.local/lib/python3.8/site-packages/airflow/example_dags/example_subdag_operator.py
[2024-02-23T16:33:50.118+0000] {logging_mixin.py:188} INFO - [2024-02-23T16:33:50.118+0000] {dag.py:3036} INFO - Sync 3 DAGs
[2024-02-23T16:33:50.162+0000] {logging_mixin.py:188} INFO - [2024-02-23T16:33:50.162+0000] {dag.py:3823} INFO - Setting next_dagrun for example_subdag_operator to 2022-01-01 00:00:00+00:00, run_after=2022-01-01 00:00:00+00:00
[2024-02-23T16:33:50.169+0000] {logging_mixin.py:188} INFO - [2024-02-23T16:33:50.168+0000] {dag.py:3823} INFO - Setting next_dagrun for example_subdag_operator.section-1 to None, run_after=None
[2024-02-23T16:33:50.171+0000] {logging_mixin.py:188} INFO - [2024-02-23T16:33:50.171+0000] {dag.py:3823} INFO - Setting next_dagrun for example_subdag_operator.section-2 to None, run_after=None
[2024-02-23T16:33:50.184+0000] {logging_mixin.py:188} INFO - [2024-02-23T16:33:50.183+0000] {dag.py:3036} INFO - Sync 2 DAGs
[2024-02-23T16:33:50.194+0000] {logging_mixin.py:188} INFO - [2024-02-23T16:33:50.193+0000] {dag.py:3823} INFO - Setting next_dagrun for example_subdag_operator.section-1 to None, run_after=None
[2024-02-23T16:33:50.195+0000] {logging_mixin.py:188} INFO - [2024-02-23T16:33:50.194+0000] {dag.py:3823} INFO - Setting next_dagrun for example_subdag_operator.section-2 to None, run_after=None
[2024-02-23T16:33:50.213+0000] {processor.py:183} INFO - Processing /home/airflow/.local/lib/python3.8/site-packages/airflow/example_dags/example_subdag_operator.py took 0.185 seconds
[2024-02-23T16:34:20.911+0000] {processor.py:161} INFO - Started process (PID=184) to work on /home/airflow/.local/lib/python3.8/site-packages/airflow/example_dags/example_subdag_operator.py
[2024-02-23T16:34:20.912+0000] {processor.py:830} INFO - Processing file /home/airflow/.local/lib/python3.8/site-packages/airflow/example_dags/example_subdag_operator.py for tasks to queue
[2024-02-23T16:34:20.915+0000] {logging_mixin.py:188} INFO - [2024-02-23T16:34:20.914+0000] {dagbag.py:538} INFO - Filling up the DagBag from /home/airflow/.local/lib/python3.8/site-packages/airflow/example_dags/example_subdag_operator.py
[2024-02-23T16:34:20.964+0000] {processor.py:840} INFO - DAG(s) 'example_subdag_operator.section-1', 'example_subdag_operator.section-2', 'example_subdag_operator' retrieved from /home/airflow/.local/lib/python3.8/site-packages/airflow/example_dags/example_subdag_operator.py
[2024-02-23T16:34:21.001+0000] {logging_mixin.py:188} INFO - [2024-02-23T16:34:21.001+0000] {dag.py:3036} INFO - Sync 3 DAGs
[2024-02-23T16:34:21.044+0000] {logging_mixin.py:188} INFO - [2024-02-23T16:34:21.044+0000] {dag.py:3823} INFO - Setting next_dagrun for example_subdag_operator to 2022-01-01 00:00:00+00:00, run_after=2022-01-01 00:00:00+00:00
[2024-02-23T16:34:21.052+0000] {logging_mixin.py:188} INFO - [2024-02-23T16:34:21.052+0000] {dag.py:3823} INFO - Setting next_dagrun for example_subdag_operator.section-1 to None, run_after=None
[2024-02-23T16:34:21.055+0000] {logging_mixin.py:188} INFO - [2024-02-23T16:34:21.054+0000] {dag.py:3823} INFO - Setting next_dagrun for example_subdag_operator.section-2 to None, run_after=None
[2024-02-23T16:34:21.067+0000] {logging_mixin.py:188} INFO - [2024-02-23T16:34:21.066+0000] {dag.py:3036} INFO - Sync 2 DAGs
[2024-02-23T16:34:21.076+0000] {logging_mixin.py:188} INFO - [2024-02-23T16:34:21.076+0000] {dag.py:3823} INFO - Setting next_dagrun for example_subdag_operator.section-1 to None, run_after=None
[2024-02-23T16:34:21.077+0000] {logging_mixin.py:188} INFO - [2024-02-23T16:34:21.077+0000] {dag.py:3823} INFO - Setting next_dagrun for example_subdag_operator.section-2 to None, run_after=None
[2024-02-23T16:34:21.095+0000] {processor.py:183} INFO - Processing /home/airflow/.local/lib/python3.8/site-packages/airflow/example_dags/example_subdag_operator.py took 0.190 seconds
[2024-02-23T16:34:51.284+0000] {processor.py:161} INFO - Started process (PID=241) to work on /home/airflow/.local/lib/python3.8/site-packages/airflow/example_dags/example_subdag_operator.py
[2024-02-23T16:34:51.286+0000] {processor.py:830} INFO - Processing file /home/airflow/.local/lib/python3.8/site-packages/airflow/example_dags/example_subdag_operator.py for tasks to queue
[2024-02-23T16:34:51.289+0000] {logging_mixin.py:188} INFO - [2024-02-23T16:34:51.289+0000] {dagbag.py:538} INFO - Filling up the DagBag from /home/airflow/.local/lib/python3.8/site-packages/airflow/example_dags/example_subdag_operator.py
[2024-02-23T16:34:51.326+0000] {processor.py:840} INFO - DAG(s) 'example_subdag_operator.section-1', 'example_subdag_operator.section-2', 'example_subdag_operator' retrieved from /home/airflow/.local/lib/python3.8/site-packages/airflow/example_dags/example_subdag_operator.py
[2024-02-23T16:34:51.368+0000] {logging_mixin.py:188} INFO - [2024-02-23T16:34:51.368+0000] {dag.py:3036} INFO - Sync 3 DAGs
[2024-02-23T16:34:51.410+0000] {logging_mixin.py:188} INFO - [2024-02-23T16:34:51.410+0000] {dag.py:3823} INFO - Setting next_dagrun for example_subdag_operator to 2022-01-01 00:00:00+00:00, run_after=2022-01-01 00:00:00+00:00
[2024-02-23T16:34:51.417+0000] {logging_mixin.py:188} INFO - [2024-02-23T16:34:51.416+0000] {dag.py:3823} INFO - Setting next_dagrun for example_subdag_operator.section-1 to None, run_after=None
[2024-02-23T16:34:51.419+0000] {logging_mixin.py:188} INFO - [2024-02-23T16:34:51.419+0000] {dag.py:3823} INFO - Setting next_dagrun for example_subdag_operator.section-2 to None, run_after=None
[2024-02-23T16:34:51.434+0000] {logging_mixin.py:188} INFO - [2024-02-23T16:34:51.433+0000] {dag.py:3036} INFO - Sync 2 DAGs
[2024-02-23T16:34:51.448+0000] {logging_mixin.py:188} INFO - [2024-02-23T16:34:51.447+0000] {dag.py:3823} INFO - Setting next_dagrun for example_subdag_operator.section-1 to None, run_after=None
[2024-02-23T16:34:51.449+0000] {logging_mixin.py:188} INFO - [2024-02-23T16:34:51.448+0000] {dag.py:3823} INFO - Setting next_dagrun for example_subdag_operator.section-2 to None, run_after=None
[2024-02-23T16:34:51.491+0000] {processor.py:183} INFO - Processing /home/airflow/.local/lib/python3.8/site-packages/airflow/example_dags/example_subdag_operator.py took 0.213 seconds
[2024-02-23T16:35:22.128+0000] {processor.py:161} INFO - Started process (PID=298) to work on /home/airflow/.local/lib/python3.8/site-packages/airflow/example_dags/example_subdag_operator.py
[2024-02-23T16:35:22.130+0000] {processor.py:830} INFO - Processing file /home/airflow/.local/lib/python3.8/site-packages/airflow/example_dags/example_subdag_operator.py for tasks to queue
[2024-02-23T16:35:22.132+0000] {logging_mixin.py:188} INFO - [2024-02-23T16:35:22.132+0000] {dagbag.py:538} INFO - Filling up the DagBag from /home/airflow/.local/lib/python3.8/site-packages/airflow/example_dags/example_subdag_operator.py
[2024-02-23T16:35:22.171+0000] {processor.py:840} INFO - DAG(s) 'example_subdag_operator.section-1', 'example_subdag_operator.section-2', 'example_subdag_operator' retrieved from /home/airflow/.local/lib/python3.8/site-packages/airflow/example_dags/example_subdag_operator.py
[2024-02-23T16:35:22.201+0000] {logging_mixin.py:188} INFO - [2024-02-23T16:35:22.201+0000] {dag.py:3036} INFO - Sync 3 DAGs
[2024-02-23T16:35:22.238+0000] {logging_mixin.py:188} INFO - [2024-02-23T16:35:22.237+0000] {dag.py:3823} INFO - Setting next_dagrun for example_subdag_operator to 2022-01-01 00:00:00+00:00, run_after=2022-01-01 00:00:00+00:00
[2024-02-23T16:35:22.244+0000] {logging_mixin.py:188} INFO - [2024-02-23T16:35:22.243+0000] {dag.py:3823} INFO - Setting next_dagrun for example_subdag_operator.section-1 to None, run_after=None
[2024-02-23T16:35:22.246+0000] {logging_mixin.py:188} INFO - [2024-02-23T16:35:22.246+0000] {dag.py:3823} INFO - Setting next_dagrun for example_subdag_operator.section-2 to None, run_after=None
[2024-02-23T16:35:22.256+0000] {logging_mixin.py:188} INFO - [2024-02-23T16:35:22.256+0000] {dag.py:3036} INFO - Sync 2 DAGs
[2024-02-23T16:35:22.265+0000] {logging_mixin.py:188} INFO - [2024-02-23T16:35:22.264+0000] {dag.py:3823} INFO - Setting next_dagrun for example_subdag_operator.section-1 to None, run_after=None
[2024-02-23T16:35:22.265+0000] {logging_mixin.py:188} INFO - [2024-02-23T16:35:22.265+0000] {dag.py:3823} INFO - Setting next_dagrun for example_subdag_operator.section-2 to None, run_after=None
[2024-02-23T16:35:22.281+0000] {processor.py:183} INFO - Processing /home/airflow/.local/lib/python3.8/site-packages/airflow/example_dags/example_subdag_operator.py took 0.159 seconds
[2024-02-23T16:35:52.393+0000] {processor.py:161} INFO - Started process (PID=356) to work on /home/airflow/.local/lib/python3.8/site-packages/airflow/example_dags/example_subdag_operator.py
[2024-02-23T16:35:52.395+0000] {processor.py:830} INFO - Processing file /home/airflow/.local/lib/python3.8/site-packages/airflow/example_dags/example_subdag_operator.py for tasks to queue
[2024-02-23T16:35:52.398+0000] {logging_mixin.py:188} INFO - [2024-02-23T16:35:52.397+0000] {dagbag.py:538} INFO - Filling up the DagBag from /home/airflow/.local/lib/python3.8/site-packages/airflow/example_dags/example_subdag_operator.py
[2024-02-23T16:35:52.438+0000] {processor.py:840} INFO - DAG(s) 'example_subdag_operator.section-1', 'example_subdag_operator.section-2', 'example_subdag_operator' retrieved from /home/airflow/.local/lib/python3.8/site-packages/airflow/example_dags/example_subdag_operator.py
[2024-02-23T16:35:52.475+0000] {logging_mixin.py:188} INFO - [2024-02-23T16:35:52.475+0000] {dag.py:3036} INFO - Sync 3 DAGs
[2024-02-23T16:35:52.520+0000] {logging_mixin.py:188} INFO - [2024-02-23T16:35:52.519+0000] {dag.py:3823} INFO - Setting next_dagrun for example_subdag_operator to 2022-01-01 00:00:00+00:00, run_after=2022-01-01 00:00:00+00:00
[2024-02-23T16:35:52.526+0000] {logging_mixin.py:188} INFO - [2024-02-23T16:35:52.526+0000] {dag.py:3823} INFO - Setting next_dagrun for example_subdag_operator.section-1 to None, run_after=None
[2024-02-23T16:35:52.529+0000] {logging_mixin.py:188} INFO - [2024-02-23T16:35:52.528+0000] {dag.py:3823} INFO - Setting next_dagrun for example_subdag_operator.section-2 to None, run_after=None
[2024-02-23T16:35:52.543+0000] {logging_mixin.py:188} INFO - [2024-02-23T16:35:52.542+0000] {dag.py:3036} INFO - Sync 2 DAGs
[2024-02-23T16:35:52.554+0000] {logging_mixin.py:188} INFO - [2024-02-23T16:35:52.553+0000] {dag.py:3823} INFO - Setting next_dagrun for example_subdag_operator.section-1 to None, run_after=None
[2024-02-23T16:35:52.555+0000] {logging_mixin.py:188} INFO - [2024-02-23T16:35:52.554+0000] {dag.py:3823} INFO - Setting next_dagrun for example_subdag_operator.section-2 to None, run_after=None
[2024-02-23T16:35:52.584+0000] {processor.py:183} INFO - Processing /home/airflow/.local/lib/python3.8/site-packages/airflow/example_dags/example_subdag_operator.py took 0.196 seconds
[2024-02-23T16:36:22.919+0000] {processor.py:161} INFO - Started process (PID=413) to work on /home/airflow/.local/lib/python3.8/site-packages/airflow/example_dags/example_subdag_operator.py
[2024-02-23T16:36:22.921+0000] {processor.py:830} INFO - Processing file /home/airflow/.local/lib/python3.8/site-packages/airflow/example_dags/example_subdag_operator.py for tasks to queue
[2024-02-23T16:36:22.925+0000] {logging_mixin.py:188} INFO - [2024-02-23T16:36:22.924+0000] {dagbag.py:538} INFO - Filling up the DagBag from /home/airflow/.local/lib/python3.8/site-packages/airflow/example_dags/example_subdag_operator.py
[2024-02-23T16:36:22.975+0000] {processor.py:840} INFO - DAG(s) 'example_subdag_operator.section-1', 'example_subdag_operator.section-2', 'example_subdag_operator' retrieved from /home/airflow/.local/lib/python3.8/site-packages/airflow/example_dags/example_subdag_operator.py
[2024-02-23T16:36:23.013+0000] {logging_mixin.py:188} INFO - [2024-02-23T16:36:23.012+0000] {dag.py:3036} INFO - Sync 3 DAGs
[2024-02-23T16:36:23.061+0000] {logging_mixin.py:188} INFO - [2024-02-23T16:36:23.061+0000] {dag.py:3823} INFO - Setting next_dagrun for example_subdag_operator to 2022-01-01 00:00:00+00:00, run_after=2022-01-01 00:00:00+00:00
[2024-02-23T16:36:23.067+0000] {logging_mixin.py:188} INFO - [2024-02-23T16:36:23.067+0000] {dag.py:3823} INFO - Setting next_dagrun for example_subdag_operator.section-1 to None, run_after=None
[2024-02-23T16:36:23.070+0000] {logging_mixin.py:188} INFO - [2024-02-23T16:36:23.069+0000] {dag.py:3823} INFO - Setting next_dagrun for example_subdag_operator.section-2 to None, run_after=None
[2024-02-23T16:36:23.084+0000] {logging_mixin.py:188} INFO - [2024-02-23T16:36:23.083+0000] {dag.py:3036} INFO - Sync 2 DAGs
[2024-02-23T16:36:23.095+0000] {logging_mixin.py:188} INFO - [2024-02-23T16:36:23.095+0000] {dag.py:3823} INFO - Setting next_dagrun for example_subdag_operator.section-1 to None, run_after=None
[2024-02-23T16:36:23.096+0000] {logging_mixin.py:188} INFO - [2024-02-23T16:36:23.095+0000] {dag.py:3823} INFO - Setting next_dagrun for example_subdag_operator.section-2 to None, run_after=None
[2024-02-23T16:36:23.114+0000] {processor.py:183} INFO - Processing /home/airflow/.local/lib/python3.8/site-packages/airflow/example_dags/example_subdag_operator.py took 0.203 seconds
[2024-02-23T16:36:53.754+0000] {processor.py:161} INFO - Started process (PID=470) to work on /home/airflow/.local/lib/python3.8/site-packages/airflow/example_dags/example_subdag_operator.py
[2024-02-23T16:36:53.755+0000] {processor.py:830} INFO - Processing file /home/airflow/.local/lib/python3.8/site-packages/airflow/example_dags/example_subdag_operator.py for tasks to queue
[2024-02-23T16:36:53.759+0000] {logging_mixin.py:188} INFO - [2024-02-23T16:36:53.758+0000] {dagbag.py:538} INFO - Filling up the DagBag from /home/airflow/.local/lib/python3.8/site-packages/airflow/example_dags/example_subdag_operator.py
[2024-02-23T16:36:53.812+0000] {processor.py:840} INFO - DAG(s) 'example_subdag_operator.section-1', 'example_subdag_operator.section-2', 'example_subdag_operator' retrieved from /home/airflow/.local/lib/python3.8/site-packages/airflow/example_dags/example_subdag_operator.py
[2024-02-23T16:36:53.856+0000] {logging_mixin.py:188} INFO - [2024-02-23T16:36:53.856+0000] {dag.py:3036} INFO - Sync 3 DAGs
[2024-02-23T16:36:53.902+0000] {logging_mixin.py:188} INFO - [2024-02-23T16:36:53.902+0000] {dag.py:3823} INFO - Setting next_dagrun for example_subdag_operator to 2022-01-01 00:00:00+00:00, run_after=2022-01-01 00:00:00+00:00
[2024-02-23T16:36:53.912+0000] {logging_mixin.py:188} INFO - [2024-02-23T16:36:53.911+0000] {dag.py:3823} INFO - Setting next_dagrun for example_subdag_operator.section-1 to None, run_after=None
[2024-02-23T16:36:53.917+0000] {logging_mixin.py:188} INFO - [2024-02-23T16:36:53.916+0000] {dag.py:3823} INFO - Setting next_dagrun for example_subdag_operator.section-2 to None, run_after=None
[2024-02-23T16:36:53.933+0000] {logging_mixin.py:188} INFO - [2024-02-23T16:36:53.932+0000] {dag.py:3036} INFO - Sync 2 DAGs
[2024-02-23T16:36:53.946+0000] {logging_mixin.py:188} INFO - [2024-02-23T16:36:53.946+0000] {dag.py:3823} INFO - Setting next_dagrun for example_subdag_operator.section-1 to None, run_after=None
[2024-02-23T16:36:53.947+0000] {logging_mixin.py:188} INFO - [2024-02-23T16:36:53.947+0000] {dag.py:3823} INFO - Setting next_dagrun for example_subdag_operator.section-2 to None, run_after=None
[2024-02-23T16:36:53.976+0000] {processor.py:183} INFO - Processing /home/airflow/.local/lib/python3.8/site-packages/airflow/example_dags/example_subdag_operator.py took 0.229 seconds
[2024-02-23T16:37:24.145+0000] {processor.py:161} INFO - Started process (PID=527) to work on /home/airflow/.local/lib/python3.8/site-packages/airflow/example_dags/example_subdag_operator.py
[2024-02-23T16:37:24.147+0000] {processor.py:830} INFO - Processing file /home/airflow/.local/lib/python3.8/site-packages/airflow/example_dags/example_subdag_operator.py for tasks to queue
[2024-02-23T16:37:24.154+0000] {logging_mixin.py:188} INFO - [2024-02-23T16:37:24.154+0000] {dagbag.py:538} INFO - Filling up the DagBag from /home/airflow/.local/lib/python3.8/site-packages/airflow/example_dags/example_subdag_operator.py
[2024-02-23T16:37:24.201+0000] {processor.py:840} INFO - DAG(s) 'example_subdag_operator.section-1', 'example_subdag_operator.section-2', 'example_subdag_operator' retrieved from /home/airflow/.local/lib/python3.8/site-packages/airflow/example_dags/example_subdag_operator.py
[2024-02-23T16:37:24.244+0000] {logging_mixin.py:188} INFO - [2024-02-23T16:37:24.243+0000] {dag.py:3036} INFO - Sync 3 DAGs
[2024-02-23T16:37:24.295+0000] {logging_mixin.py:188} INFO - [2024-02-23T16:37:24.295+0000] {dag.py:3823} INFO - Setting next_dagrun for example_subdag_operator to 2022-01-01 00:00:00+00:00, run_after=2022-01-01 00:00:00+00:00
[2024-02-23T16:37:24.310+0000] {logging_mixin.py:188} INFO - [2024-02-23T16:37:24.310+0000] {dag.py:3823} INFO - Setting next_dagrun for example_subdag_operator.section-1 to None, run_after=None
[2024-02-23T16:37:24.315+0000] {logging_mixin.py:188} INFO - [2024-02-23T16:37:24.315+0000] {dag.py:3823} INFO - Setting next_dagrun for example_subdag_operator.section-2 to None, run_after=None
[2024-02-23T16:37:24.331+0000] {logging_mixin.py:188} INFO - [2024-02-23T16:37:24.330+0000] {dag.py:3036} INFO - Sync 2 DAGs
[2024-02-23T16:37:24.341+0000] {logging_mixin.py:188} INFO - [2024-02-23T16:37:24.341+0000] {dag.py:3823} INFO - Setting next_dagrun for example_subdag_operator.section-1 to None, run_after=None
[2024-02-23T16:37:24.342+0000] {logging_mixin.py:188} INFO - [2024-02-23T16:37:24.342+0000] {dag.py:3823} INFO - Setting next_dagrun for example_subdag_operator.section-2 to None, run_after=None
[2024-02-23T16:37:24.363+0000] {processor.py:183} INFO - Processing /home/airflow/.local/lib/python3.8/site-packages/airflow/example_dags/example_subdag_operator.py took 0.224 seconds
[2024-02-23T16:37:54.614+0000] {processor.py:161} INFO - Started process (PID=584) to work on /home/airflow/.local/lib/python3.8/site-packages/airflow/example_dags/example_subdag_operator.py
[2024-02-23T16:37:54.617+0000] {processor.py:830} INFO - Processing file /home/airflow/.local/lib/python3.8/site-packages/airflow/example_dags/example_subdag_operator.py for tasks to queue
[2024-02-23T16:37:54.622+0000] {logging_mixin.py:188} INFO - [2024-02-23T16:37:54.621+0000] {dagbag.py:538} INFO - Filling up the DagBag from /home/airflow/.local/lib/python3.8/site-packages/airflow/example_dags/example_subdag_operator.py
[2024-02-23T16:37:54.665+0000] {processor.py:840} INFO - DAG(s) 'example_subdag_operator.section-1', 'example_subdag_operator.section-2', 'example_subdag_operator' retrieved from /home/airflow/.local/lib/python3.8/site-packages/airflow/example_dags/example_subdag_operator.py
[2024-02-23T16:37:54.701+0000] {logging_mixin.py:188} INFO - [2024-02-23T16:37:54.700+0000] {dag.py:3036} INFO - Sync 3 DAGs
[2024-02-23T16:37:54.763+0000] {logging_mixin.py:188} INFO - [2024-02-23T16:37:54.762+0000] {dag.py:3823} INFO - Setting next_dagrun for example_subdag_operator to 2022-01-01 00:00:00+00:00, run_after=2022-01-01 00:00:00+00:00
[2024-02-23T16:37:54.773+0000] {logging_mixin.py:188} INFO - [2024-02-23T16:37:54.772+0000] {dag.py:3823} INFO - Setting next_dagrun for example_subdag_operator.section-1 to None, run_after=None
[2024-02-23T16:37:54.776+0000] {logging_mixin.py:188} INFO - [2024-02-23T16:37:54.776+0000] {dag.py:3823} INFO - Setting next_dagrun for example_subdag_operator.section-2 to None, run_after=None
[2024-02-23T16:37:54.800+0000] {logging_mixin.py:188} INFO - [2024-02-23T16:37:54.799+0000] {dag.py:3036} INFO - Sync 2 DAGs
[2024-02-23T16:37:54.816+0000] {logging_mixin.py:188} INFO - [2024-02-23T16:37:54.815+0000] {dag.py:3823} INFO - Setting next_dagrun for example_subdag_operator.section-1 to None, run_after=None
[2024-02-23T16:37:54.817+0000] {logging_mixin.py:188} INFO - [2024-02-23T16:37:54.816+0000] {dag.py:3823} INFO - Setting next_dagrun for example_subdag_operator.section-2 to None, run_after=None
[2024-02-23T16:37:54.854+0000] {processor.py:183} INFO - Processing /home/airflow/.local/lib/python3.8/site-packages/airflow/example_dags/example_subdag_operator.py took 0.247 seconds
[2024-02-23T16:38:25.526+0000] {processor.py:161} INFO - Started process (PID=641) to work on /home/airflow/.local/lib/python3.8/site-packages/airflow/example_dags/example_subdag_operator.py
[2024-02-23T16:38:25.528+0000] {processor.py:830} INFO - Processing file /home/airflow/.local/lib/python3.8/site-packages/airflow/example_dags/example_subdag_operator.py for tasks to queue
[2024-02-23T16:38:25.531+0000] {logging_mixin.py:188} INFO - [2024-02-23T16:38:25.530+0000] {dagbag.py:538} INFO - Filling up the DagBag from /home/airflow/.local/lib/python3.8/site-packages/airflow/example_dags/example_subdag_operator.py
[2024-02-23T16:38:25.575+0000] {processor.py:840} INFO - DAG(s) 'example_subdag_operator.section-1', 'example_subdag_operator.section-2', 'example_subdag_operator' retrieved from /home/airflow/.local/lib/python3.8/site-packages/airflow/example_dags/example_subdag_operator.py
[2024-02-23T16:38:25.627+0000] {logging_mixin.py:188} INFO - [2024-02-23T16:38:25.626+0000] {dag.py:3036} INFO - Sync 3 DAGs
[2024-02-23T16:38:25.685+0000] {logging_mixin.py:188} INFO - [2024-02-23T16:38:25.684+0000] {dag.py:3823} INFO - Setting next_dagrun for example_subdag_operator to 2022-01-01 00:00:00+00:00, run_after=2022-01-01 00:00:00+00:00
[2024-02-23T16:38:25.694+0000] {logging_mixin.py:188} INFO - [2024-02-23T16:38:25.694+0000] {dag.py:3823} INFO - Setting next_dagrun for example_subdag_operator.section-1 to None, run_after=None
[2024-02-23T16:38:25.702+0000] {logging_mixin.py:188} INFO - [2024-02-23T16:38:25.702+0000] {dag.py:3823} INFO - Setting next_dagrun for example_subdag_operator.section-2 to None, run_after=None
[2024-02-23T16:38:25.723+0000] {logging_mixin.py:188} INFO - [2024-02-23T16:38:25.723+0000] {dag.py:3036} INFO - Sync 2 DAGs
[2024-02-23T16:38:25.739+0000] {logging_mixin.py:188} INFO - [2024-02-23T16:38:25.739+0000] {dag.py:3823} INFO - Setting next_dagrun for example_subdag_operator.section-1 to None, run_after=None
[2024-02-23T16:38:25.741+0000] {logging_mixin.py:188} INFO - [2024-02-23T16:38:25.740+0000] {dag.py:3823} INFO - Setting next_dagrun for example_subdag_operator.section-2 to None, run_after=None
[2024-02-23T16:38:25.769+0000] {processor.py:183} INFO - Processing /home/airflow/.local/lib/python3.8/site-packages/airflow/example_dags/example_subdag_operator.py took 0.248 seconds
[2024-02-23T16:38:56.040+0000] {processor.py:161} INFO - Started process (PID=698) to work on /home/airflow/.local/lib/python3.8/site-packages/airflow/example_dags/example_subdag_operator.py
[2024-02-23T16:38:56.042+0000] {processor.py:830} INFO - Processing file /home/airflow/.local/lib/python3.8/site-packages/airflow/example_dags/example_subdag_operator.py for tasks to queue
[2024-02-23T16:38:56.047+0000] {logging_mixin.py:188} INFO - [2024-02-23T16:38:56.046+0000] {dagbag.py:538} INFO - Filling up the DagBag from /home/airflow/.local/lib/python3.8/site-packages/airflow/example_dags/example_subdag_operator.py
[2024-02-23T16:38:56.095+0000] {processor.py:840} INFO - DAG(s) 'example_subdag_operator.section-1', 'example_subdag_operator.section-2', 'example_subdag_operator' retrieved from /home/airflow/.local/lib/python3.8/site-packages/airflow/example_dags/example_subdag_operator.py
[2024-02-23T16:38:56.134+0000] {logging_mixin.py:188} INFO - [2024-02-23T16:38:56.134+0000] {dag.py:3036} INFO - Sync 3 DAGs
[2024-02-23T16:38:56.182+0000] {logging_mixin.py:188} INFO - [2024-02-23T16:38:56.182+0000] {dag.py:3823} INFO - Setting next_dagrun for example_subdag_operator to 2022-01-01 00:00:00+00:00, run_after=2022-01-01 00:00:00+00:00
[2024-02-23T16:38:56.189+0000] {logging_mixin.py:188} INFO - [2024-02-23T16:38:56.189+0000] {dag.py:3823} INFO - Setting next_dagrun for example_subdag_operator.section-1 to None, run_after=None
[2024-02-23T16:38:56.192+0000] {logging_mixin.py:188} INFO - [2024-02-23T16:38:56.192+0000] {dag.py:3823} INFO - Setting next_dagrun for example_subdag_operator.section-2 to None, run_after=None
[2024-02-23T16:38:56.206+0000] {logging_mixin.py:188} INFO - [2024-02-23T16:38:56.206+0000] {dag.py:3036} INFO - Sync 2 DAGs
[2024-02-23T16:38:56.217+0000] {logging_mixin.py:188} INFO - [2024-02-23T16:38:56.217+0000] {dag.py:3823} INFO - Setting next_dagrun for example_subdag_operator.section-1 to None, run_after=None
[2024-02-23T16:38:56.218+0000] {logging_mixin.py:188} INFO - [2024-02-23T16:38:56.218+0000] {dag.py:3823} INFO - Setting next_dagrun for example_subdag_operator.section-2 to None, run_after=None
[2024-02-23T16:38:56.238+0000] {processor.py:183} INFO - Processing /home/airflow/.local/lib/python3.8/site-packages/airflow/example_dags/example_subdag_operator.py took 0.206 seconds
[2024-02-23T16:39:26.433+0000] {processor.py:161} INFO - Started process (PID=755) to work on /home/airflow/.local/lib/python3.8/site-packages/airflow/example_dags/example_subdag_operator.py
[2024-02-23T16:39:26.435+0000] {processor.py:830} INFO - Processing file /home/airflow/.local/lib/python3.8/site-packages/airflow/example_dags/example_subdag_operator.py for tasks to queue
[2024-02-23T16:39:26.438+0000] {logging_mixin.py:188} INFO - [2024-02-23T16:39:26.437+0000] {dagbag.py:538} INFO - Filling up the DagBag from /home/airflow/.local/lib/python3.8/site-packages/airflow/example_dags/example_subdag_operator.py
[2024-02-23T16:39:26.491+0000] {processor.py:840} INFO - DAG(s) 'example_subdag_operator.section-1', 'example_subdag_operator.section-2', 'example_subdag_operator' retrieved from /home/airflow/.local/lib/python3.8/site-packages/airflow/example_dags/example_subdag_operator.py
[2024-02-23T16:39:26.530+0000] {logging_mixin.py:188} INFO - [2024-02-23T16:39:26.529+0000] {dag.py:3036} INFO - Sync 3 DAGs
[2024-02-23T16:39:26.573+0000] {logging_mixin.py:188} INFO - [2024-02-23T16:39:26.572+0000] {dag.py:3823} INFO - Setting next_dagrun for example_subdag_operator to 2022-01-01 00:00:00+00:00, run_after=2022-01-01 00:00:00+00:00
[2024-02-23T16:39:26.581+0000] {logging_mixin.py:188} INFO - [2024-02-23T16:39:26.580+0000] {dag.py:3823} INFO - Setting next_dagrun for example_subdag_operator.section-1 to None, run_after=None
[2024-02-23T16:39:26.584+0000] {logging_mixin.py:188} INFO - [2024-02-23T16:39:26.583+0000] {dag.py:3823} INFO - Setting next_dagrun for example_subdag_operator.section-2 to None, run_after=None
[2024-02-23T16:39:26.596+0000] {logging_mixin.py:188} INFO - [2024-02-23T16:39:26.596+0000] {dag.py:3036} INFO - Sync 2 DAGs
[2024-02-23T16:39:26.606+0000] {logging_mixin.py:188} INFO - [2024-02-23T16:39:26.606+0000] {dag.py:3823} INFO - Setting next_dagrun for example_subdag_operator.section-1 to None, run_after=None
[2024-02-23T16:39:26.607+0000] {logging_mixin.py:188} INFO - [2024-02-23T16:39:26.607+0000] {dag.py:3823} INFO - Setting next_dagrun for example_subdag_operator.section-2 to None, run_after=None
[2024-02-23T16:39:26.624+0000] {processor.py:183} INFO - Processing /home/airflow/.local/lib/python3.8/site-packages/airflow/example_dags/example_subdag_operator.py took 0.197 seconds
[2024-02-23T16:39:57.317+0000] {processor.py:161} INFO - Started process (PID=811) to work on /home/airflow/.local/lib/python3.8/site-packages/airflow/example_dags/example_subdag_operator.py
[2024-02-23T16:39:57.319+0000] {processor.py:830} INFO - Processing file /home/airflow/.local/lib/python3.8/site-packages/airflow/example_dags/example_subdag_operator.py for tasks to queue
[2024-02-23T16:39:57.321+0000] {logging_mixin.py:188} INFO - [2024-02-23T16:39:57.321+0000] {dagbag.py:538} INFO - Filling up the DagBag from /home/airflow/.local/lib/python3.8/site-packages/airflow/example_dags/example_subdag_operator.py
[2024-02-23T16:39:57.358+0000] {processor.py:840} INFO - DAG(s) 'example_subdag_operator.section-1', 'example_subdag_operator.section-2', 'example_subdag_operator' retrieved from /home/airflow/.local/lib/python3.8/site-packages/airflow/example_dags/example_subdag_operator.py
[2024-02-23T16:39:57.389+0000] {logging_mixin.py:188} INFO - [2024-02-23T16:39:57.389+0000] {dag.py:3036} INFO - Sync 3 DAGs
[2024-02-23T16:39:57.427+0000] {logging_mixin.py:188} INFO - [2024-02-23T16:39:57.427+0000] {dag.py:3823} INFO - Setting next_dagrun for example_subdag_operator to 2022-01-01 00:00:00+00:00, run_after=2022-01-01 00:00:00+00:00
[2024-02-23T16:39:57.433+0000] {logging_mixin.py:188} INFO - [2024-02-23T16:39:57.433+0000] {dag.py:3823} INFO - Setting next_dagrun for example_subdag_operator.section-1 to None, run_after=None
[2024-02-23T16:39:57.435+0000] {logging_mixin.py:188} INFO - [2024-02-23T16:39:57.435+0000] {dag.py:3823} INFO - Setting next_dagrun for example_subdag_operator.section-2 to None, run_after=None
[2024-02-23T16:39:57.448+0000] {logging_mixin.py:188} INFO - [2024-02-23T16:39:57.447+0000] {dag.py:3036} INFO - Sync 2 DAGs
[2024-02-23T16:39:57.457+0000] {logging_mixin.py:188} INFO - [2024-02-23T16:39:57.457+0000] {dag.py:3823} INFO - Setting next_dagrun for example_subdag_operator.section-1 to None, run_after=None
[2024-02-23T16:39:57.458+0000] {logging_mixin.py:188} INFO - [2024-02-23T16:39:57.457+0000] {dag.py:3823} INFO - Setting next_dagrun for example_subdag_operator.section-2 to None, run_after=None
[2024-02-23T16:39:57.479+0000] {processor.py:183} INFO - Processing /home/airflow/.local/lib/python3.8/site-packages/airflow/example_dags/example_subdag_operator.py took 0.167 seconds
[2024-02-23T16:40:27.689+0000] {processor.py:161} INFO - Started process (PID=868) to work on /home/airflow/.local/lib/python3.8/site-packages/airflow/example_dags/example_subdag_operator.py
[2024-02-23T16:40:27.691+0000] {processor.py:830} INFO - Processing file /home/airflow/.local/lib/python3.8/site-packages/airflow/example_dags/example_subdag_operator.py for tasks to queue
[2024-02-23T16:40:27.694+0000] {logging_mixin.py:188} INFO - [2024-02-23T16:40:27.694+0000] {dagbag.py:538} INFO - Filling up the DagBag from /home/airflow/.local/lib/python3.8/site-packages/airflow/example_dags/example_subdag_operator.py
[2024-02-23T16:40:27.749+0000] {processor.py:840} INFO - DAG(s) 'example_subdag_operator.section-1', 'example_subdag_operator.section-2', 'example_subdag_operator' retrieved from /home/airflow/.local/lib/python3.8/site-packages/airflow/example_dags/example_subdag_operator.py
[2024-02-23T16:40:27.794+0000] {logging_mixin.py:188} INFO - [2024-02-23T16:40:27.794+0000] {dag.py:3036} INFO - Sync 3 DAGs
[2024-02-23T16:40:27.845+0000] {logging_mixin.py:188} INFO - [2024-02-23T16:40:27.844+0000] {dag.py:3823} INFO - Setting next_dagrun for example_subdag_operator to 2022-01-01 00:00:00+00:00, run_after=2022-01-01 00:00:00+00:00
[2024-02-23T16:40:27.853+0000] {logging_mixin.py:188} INFO - [2024-02-23T16:40:27.853+0000] {dag.py:3823} INFO - Setting next_dagrun for example_subdag_operator.section-1 to None, run_after=None
[2024-02-23T16:40:27.857+0000] {logging_mixin.py:188} INFO - [2024-02-23T16:40:27.856+0000] {dag.py:3823} INFO - Setting next_dagrun for example_subdag_operator.section-2 to None, run_after=None
[2024-02-23T16:40:27.873+0000] {logging_mixin.py:188} INFO - [2024-02-23T16:40:27.872+0000] {dag.py:3036} INFO - Sync 2 DAGs
[2024-02-23T16:40:27.884+0000] {logging_mixin.py:188} INFO - [2024-02-23T16:40:27.884+0000] {dag.py:3823} INFO - Setting next_dagrun for example_subdag_operator.section-1 to None, run_after=None
[2024-02-23T16:40:27.885+0000] {logging_mixin.py:188} INFO - [2024-02-23T16:40:27.885+0000] {dag.py:3823} INFO - Setting next_dagrun for example_subdag_operator.section-2 to None, run_after=None
[2024-02-23T16:40:27.907+0000] {processor.py:183} INFO - Processing /home/airflow/.local/lib/python3.8/site-packages/airflow/example_dags/example_subdag_operator.py took 0.225 seconds
[2024-02-23T16:40:58.709+0000] {processor.py:161} INFO - Started process (PID=926) to work on /home/airflow/.local/lib/python3.8/site-packages/airflow/example_dags/example_subdag_operator.py
[2024-02-23T16:40:58.711+0000] {processor.py:830} INFO - Processing file /home/airflow/.local/lib/python3.8/site-packages/airflow/example_dags/example_subdag_operator.py for tasks to queue
[2024-02-23T16:40:58.714+0000] {logging_mixin.py:188} INFO - [2024-02-23T16:40:58.714+0000] {dagbag.py:538} INFO - Filling up the DagBag from /home/airflow/.local/lib/python3.8/site-packages/airflow/example_dags/example_subdag_operator.py
[2024-02-23T16:40:58.764+0000] {processor.py:840} INFO - DAG(s) 'example_subdag_operator.section-1', 'example_subdag_operator.section-2', 'example_subdag_operator' retrieved from /home/airflow/.local/lib/python3.8/site-packages/airflow/example_dags/example_subdag_operator.py
[2024-02-23T16:40:58.804+0000] {logging_mixin.py:188} INFO - [2024-02-23T16:40:58.803+0000] {dag.py:3036} INFO - Sync 3 DAGs
[2024-02-23T16:40:58.849+0000] {logging_mixin.py:188} INFO - [2024-02-23T16:40:58.849+0000] {dag.py:3823} INFO - Setting next_dagrun for example_subdag_operator to 2022-01-01 00:00:00+00:00, run_after=2022-01-01 00:00:00+00:00
[2024-02-23T16:40:58.856+0000] {logging_mixin.py:188} INFO - [2024-02-23T16:40:58.856+0000] {dag.py:3823} INFO - Setting next_dagrun for example_subdag_operator.section-1 to None, run_after=None
[2024-02-23T16:40:58.858+0000] {logging_mixin.py:188} INFO - [2024-02-23T16:40:58.858+0000] {dag.py:3823} INFO - Setting next_dagrun for example_subdag_operator.section-2 to None, run_after=None
[2024-02-23T16:40:58.873+0000] {logging_mixin.py:188} INFO - [2024-02-23T16:40:58.872+0000] {dag.py:3036} INFO - Sync 2 DAGs
[2024-02-23T16:40:58.884+0000] {logging_mixin.py:188} INFO - [2024-02-23T16:40:58.884+0000] {dag.py:3823} INFO - Setting next_dagrun for example_subdag_operator.section-1 to None, run_after=None
[2024-02-23T16:40:58.885+0000] {logging_mixin.py:188} INFO - [2024-02-23T16:40:58.885+0000] {dag.py:3823} INFO - Setting next_dagrun for example_subdag_operator.section-2 to None, run_after=None
[2024-02-23T16:40:58.909+0000] {processor.py:183} INFO - Processing /home/airflow/.local/lib/python3.8/site-packages/airflow/example_dags/example_subdag_operator.py took 0.206 seconds
[2024-02-23T16:41:29.710+0000] {processor.py:161} INFO - Started process (PID=983) to work on /home/airflow/.local/lib/python3.8/site-packages/airflow/example_dags/example_subdag_operator.py
[2024-02-23T16:41:29.711+0000] {processor.py:830} INFO - Processing file /home/airflow/.local/lib/python3.8/site-packages/airflow/example_dags/example_subdag_operator.py for tasks to queue
[2024-02-23T16:41:29.714+0000] {logging_mixin.py:188} INFO - [2024-02-23T16:41:29.714+0000] {dagbag.py:538} INFO - Filling up the DagBag from /home/airflow/.local/lib/python3.8/site-packages/airflow/example_dags/example_subdag_operator.py
[2024-02-23T16:41:29.753+0000] {processor.py:840} INFO - DAG(s) 'example_subdag_operator.section-1', 'example_subdag_operator.section-2', 'example_subdag_operator' retrieved from /home/airflow/.local/lib/python3.8/site-packages/airflow/example_dags/example_subdag_operator.py
[2024-02-23T16:41:29.787+0000] {logging_mixin.py:188} INFO - [2024-02-23T16:41:29.787+0000] {dag.py:3036} INFO - Sync 3 DAGs
[2024-02-23T16:41:29.829+0000] {logging_mixin.py:188} INFO - [2024-02-23T16:41:29.829+0000] {dag.py:3823} INFO - Setting next_dagrun for example_subdag_operator to 2022-01-01 00:00:00+00:00, run_after=2022-01-01 00:00:00+00:00
[2024-02-23T16:41:29.840+0000] {logging_mixin.py:188} INFO - [2024-02-23T16:41:29.839+0000] {dag.py:3823} INFO - Setting next_dagrun for example_subdag_operator.section-1 to None, run_after=None
[2024-02-23T16:41:29.842+0000] {logging_mixin.py:188} INFO - [2024-02-23T16:41:29.842+0000] {dag.py:3823} INFO - Setting next_dagrun for example_subdag_operator.section-2 to None, run_after=None
[2024-02-23T16:41:29.855+0000] {logging_mixin.py:188} INFO - [2024-02-23T16:41:29.855+0000] {dag.py:3036} INFO - Sync 2 DAGs
[2024-02-23T16:41:29.865+0000] {logging_mixin.py:188} INFO - [2024-02-23T16:41:29.865+0000] {dag.py:3823} INFO - Setting next_dagrun for example_subdag_operator.section-1 to None, run_after=None
[2024-02-23T16:41:29.866+0000] {logging_mixin.py:188} INFO - [2024-02-23T16:41:29.865+0000] {dag.py:3823} INFO - Setting next_dagrun for example_subdag_operator.section-2 to None, run_after=None
[2024-02-23T16:41:29.885+0000] {processor.py:183} INFO - Processing /home/airflow/.local/lib/python3.8/site-packages/airflow/example_dags/example_subdag_operator.py took 0.181 seconds
[2024-02-23T16:43:08.664+0000] {processor.py:161} INFO - Started process (PID=70) to work on /home/airflow/.local/lib/python3.8/site-packages/airflow/example_dags/example_subdag_operator.py
[2024-02-23T16:43:08.666+0000] {processor.py:830} INFO - Processing file /home/airflow/.local/lib/python3.8/site-packages/airflow/example_dags/example_subdag_operator.py for tasks to queue
[2024-02-23T16:43:08.671+0000] {logging_mixin.py:188} INFO - [2024-02-23T16:43:08.671+0000] {dagbag.py:538} INFO - Filling up the DagBag from /home/airflow/.local/lib/python3.8/site-packages/airflow/example_dags/example_subdag_operator.py
[2024-02-23T16:43:08.717+0000] {processor.py:840} INFO - DAG(s) 'example_subdag_operator.section-1', 'example_subdag_operator.section-2', 'example_subdag_operator' retrieved from /home/airflow/.local/lib/python3.8/site-packages/airflow/example_dags/example_subdag_operator.py
[2024-02-23T16:43:09.028+0000] {logging_mixin.py:188} INFO - [2024-02-23T16:43:09.027+0000] {dag.py:3036} INFO - Sync 3 DAGs
[2024-02-23T16:43:09.089+0000] {logging_mixin.py:188} INFO - [2024-02-23T16:43:09.088+0000] {dag.py:3823} INFO - Setting next_dagrun for example_subdag_operator to 2022-01-01 00:00:00+00:00, run_after=2022-01-01 00:00:00+00:00
[2024-02-23T16:43:09.098+0000] {logging_mixin.py:188} INFO - [2024-02-23T16:43:09.097+0000] {dag.py:3823} INFO - Setting next_dagrun for example_subdag_operator.section-1 to None, run_after=None
[2024-02-23T16:43:09.102+0000] {logging_mixin.py:188} INFO - [2024-02-23T16:43:09.101+0000] {dag.py:3823} INFO - Setting next_dagrun for example_subdag_operator.section-2 to None, run_after=None
[2024-02-23T16:43:09.125+0000] {logging_mixin.py:188} INFO - [2024-02-23T16:43:09.125+0000] {dag.py:3036} INFO - Sync 2 DAGs
[2024-02-23T16:43:09.139+0000] {logging_mixin.py:188} INFO - [2024-02-23T16:43:09.139+0000] {dag.py:3823} INFO - Setting next_dagrun for example_subdag_operator.section-1 to None, run_after=None
[2024-02-23T16:43:09.141+0000] {logging_mixin.py:188} INFO - [2024-02-23T16:43:09.140+0000] {dag.py:3823} INFO - Setting next_dagrun for example_subdag_operator.section-2 to None, run_after=None
[2024-02-23T16:43:09.169+0000] {processor.py:183} INFO - Processing /home/airflow/.local/lib/python3.8/site-packages/airflow/example_dags/example_subdag_operator.py took 0.512 seconds
[2024-02-23T16:43:39.849+0000] {processor.py:161} INFO - Started process (PID=127) to work on /home/airflow/.local/lib/python3.8/site-packages/airflow/example_dags/example_subdag_operator.py
[2024-02-23T16:43:39.850+0000] {processor.py:830} INFO - Processing file /home/airflow/.local/lib/python3.8/site-packages/airflow/example_dags/example_subdag_operator.py for tasks to queue
[2024-02-23T16:43:39.853+0000] {logging_mixin.py:188} INFO - [2024-02-23T16:43:39.853+0000] {dagbag.py:538} INFO - Filling up the DagBag from /home/airflow/.local/lib/python3.8/site-packages/airflow/example_dags/example_subdag_operator.py
[2024-02-23T16:43:39.897+0000] {processor.py:840} INFO - DAG(s) 'example_subdag_operator.section-1', 'example_subdag_operator.section-2', 'example_subdag_operator' retrieved from /home/airflow/.local/lib/python3.8/site-packages/airflow/example_dags/example_subdag_operator.py
[2024-02-23T16:43:39.936+0000] {logging_mixin.py:188} INFO - [2024-02-23T16:43:39.935+0000] {dag.py:3036} INFO - Sync 3 DAGs
[2024-02-23T16:43:39.982+0000] {logging_mixin.py:188} INFO - [2024-02-23T16:43:39.982+0000] {dag.py:3823} INFO - Setting next_dagrun for example_subdag_operator to 2022-01-01 00:00:00+00:00, run_after=2022-01-01 00:00:00+00:00
[2024-02-23T16:43:39.989+0000] {logging_mixin.py:188} INFO - [2024-02-23T16:43:39.989+0000] {dag.py:3823} INFO - Setting next_dagrun for example_subdag_operator.section-1 to None, run_after=None
[2024-02-23T16:43:39.992+0000] {logging_mixin.py:188} INFO - [2024-02-23T16:43:39.992+0000] {dag.py:3823} INFO - Setting next_dagrun for example_subdag_operator.section-2 to None, run_after=None
[2024-02-23T16:43:40.005+0000] {logging_mixin.py:188} INFO - [2024-02-23T16:43:40.004+0000] {dag.py:3036} INFO - Sync 2 DAGs
[2024-02-23T16:43:40.015+0000] {logging_mixin.py:188} INFO - [2024-02-23T16:43:40.014+0000] {dag.py:3823} INFO - Setting next_dagrun for example_subdag_operator.section-1 to None, run_after=None
[2024-02-23T16:43:40.015+0000] {logging_mixin.py:188} INFO - [2024-02-23T16:43:40.015+0000] {dag.py:3823} INFO - Setting next_dagrun for example_subdag_operator.section-2 to None, run_after=None
[2024-02-23T16:43:40.034+0000] {processor.py:183} INFO - Processing /home/airflow/.local/lib/python3.8/site-packages/airflow/example_dags/example_subdag_operator.py took 0.190 seconds
[2024-02-23T16:44:10.094+0000] {processor.py:161} INFO - Started process (PID=184) to work on /home/airflow/.local/lib/python3.8/site-packages/airflow/example_dags/example_subdag_operator.py
[2024-02-23T16:44:10.095+0000] {processor.py:830} INFO - Processing file /home/airflow/.local/lib/python3.8/site-packages/airflow/example_dags/example_subdag_operator.py for tasks to queue
[2024-02-23T16:44:10.098+0000] {logging_mixin.py:188} INFO - [2024-02-23T16:44:10.098+0000] {dagbag.py:538} INFO - Filling up the DagBag from /home/airflow/.local/lib/python3.8/site-packages/airflow/example_dags/example_subdag_operator.py
[2024-02-23T16:44:10.139+0000] {processor.py:840} INFO - DAG(s) 'example_subdag_operator.section-1', 'example_subdag_operator.section-2', 'example_subdag_operator' retrieved from /home/airflow/.local/lib/python3.8/site-packages/airflow/example_dags/example_subdag_operator.py
[2024-02-23T16:44:10.172+0000] {logging_mixin.py:188} INFO - [2024-02-23T16:44:10.172+0000] {dag.py:3036} INFO - Sync 3 DAGs
[2024-02-23T16:44:10.213+0000] {logging_mixin.py:188} INFO - [2024-02-23T16:44:10.212+0000] {dag.py:3823} INFO - Setting next_dagrun for example_subdag_operator to 2022-01-01 00:00:00+00:00, run_after=2022-01-01 00:00:00+00:00
[2024-02-23T16:44:10.219+0000] {logging_mixin.py:188} INFO - [2024-02-23T16:44:10.218+0000] {dag.py:3823} INFO - Setting next_dagrun for example_subdag_operator.section-1 to None, run_after=None
[2024-02-23T16:44:10.221+0000] {logging_mixin.py:188} INFO - [2024-02-23T16:44:10.221+0000] {dag.py:3823} INFO - Setting next_dagrun for example_subdag_operator.section-2 to None, run_after=None
[2024-02-23T16:44:10.233+0000] {logging_mixin.py:188} INFO - [2024-02-23T16:44:10.233+0000] {dag.py:3036} INFO - Sync 2 DAGs
[2024-02-23T16:44:10.242+0000] {logging_mixin.py:188} INFO - [2024-02-23T16:44:10.242+0000] {dag.py:3823} INFO - Setting next_dagrun for example_subdag_operator.section-1 to None, run_after=None
[2024-02-23T16:44:10.243+0000] {logging_mixin.py:188} INFO - [2024-02-23T16:44:10.243+0000] {dag.py:3823} INFO - Setting next_dagrun for example_subdag_operator.section-2 to None, run_after=None
[2024-02-23T16:44:10.261+0000] {processor.py:183} INFO - Processing /home/airflow/.local/lib/python3.8/site-packages/airflow/example_dags/example_subdag_operator.py took 0.173 seconds
[2024-02-23T16:44:40.540+0000] {processor.py:161} INFO - Started process (PID=241) to work on /home/airflow/.local/lib/python3.8/site-packages/airflow/example_dags/example_subdag_operator.py
[2024-02-23T16:44:40.542+0000] {processor.py:830} INFO - Processing file /home/airflow/.local/lib/python3.8/site-packages/airflow/example_dags/example_subdag_operator.py for tasks to queue
[2024-02-23T16:44:40.545+0000] {logging_mixin.py:188} INFO - [2024-02-23T16:44:40.544+0000] {dagbag.py:538} INFO - Filling up the DagBag from /home/airflow/.local/lib/python3.8/site-packages/airflow/example_dags/example_subdag_operator.py
[2024-02-23T16:44:40.591+0000] {processor.py:840} INFO - DAG(s) 'example_subdag_operator.section-1', 'example_subdag_operator.section-2', 'example_subdag_operator' retrieved from /home/airflow/.local/lib/python3.8/site-packages/airflow/example_dags/example_subdag_operator.py
[2024-02-23T16:44:40.624+0000] {logging_mixin.py:188} INFO - [2024-02-23T16:44:40.624+0000] {dag.py:3036} INFO - Sync 3 DAGs
[2024-02-23T16:44:40.676+0000] {logging_mixin.py:188} INFO - [2024-02-23T16:44:40.675+0000] {dag.py:3823} INFO - Setting next_dagrun for example_subdag_operator to 2022-01-01 00:00:00+00:00, run_after=2022-01-01 00:00:00+00:00
[2024-02-23T16:44:40.684+0000] {logging_mixin.py:188} INFO - [2024-02-23T16:44:40.684+0000] {dag.py:3823} INFO - Setting next_dagrun for example_subdag_operator.section-1 to None, run_after=None
[2024-02-23T16:44:40.687+0000] {logging_mixin.py:188} INFO - [2024-02-23T16:44:40.687+0000] {dag.py:3823} INFO - Setting next_dagrun for example_subdag_operator.section-2 to None, run_after=None
[2024-02-23T16:44:40.703+0000] {logging_mixin.py:188} INFO - [2024-02-23T16:44:40.703+0000] {dag.py:3036} INFO - Sync 2 DAGs
[2024-02-23T16:44:40.715+0000] {logging_mixin.py:188} INFO - [2024-02-23T16:44:40.714+0000] {dag.py:3823} INFO - Setting next_dagrun for example_subdag_operator.section-1 to None, run_after=None
[2024-02-23T16:44:40.716+0000] {logging_mixin.py:188} INFO - [2024-02-23T16:44:40.715+0000] {dag.py:3823} INFO - Setting next_dagrun for example_subdag_operator.section-2 to None, run_after=None
[2024-02-23T16:44:40.740+0000] {processor.py:183} INFO - Processing /home/airflow/.local/lib/python3.8/site-packages/airflow/example_dags/example_subdag_operator.py took 0.205 seconds
[2024-02-23T16:45:11.076+0000] {processor.py:161} INFO - Started process (PID=298) to work on /home/airflow/.local/lib/python3.8/site-packages/airflow/example_dags/example_subdag_operator.py
[2024-02-23T16:45:11.078+0000] {processor.py:830} INFO - Processing file /home/airflow/.local/lib/python3.8/site-packages/airflow/example_dags/example_subdag_operator.py for tasks to queue
[2024-02-23T16:45:11.081+0000] {logging_mixin.py:188} INFO - [2024-02-23T16:45:11.080+0000] {dagbag.py:538} INFO - Filling up the DagBag from /home/airflow/.local/lib/python3.8/site-packages/airflow/example_dags/example_subdag_operator.py
[2024-02-23T16:45:11.121+0000] {processor.py:840} INFO - DAG(s) 'example_subdag_operator.section-1', 'example_subdag_operator.section-2', 'example_subdag_operator' retrieved from /home/airflow/.local/lib/python3.8/site-packages/airflow/example_dags/example_subdag_operator.py
[2024-02-23T16:45:11.153+0000] {logging_mixin.py:188} INFO - [2024-02-23T16:45:11.153+0000] {dag.py:3036} INFO - Sync 3 DAGs
[2024-02-23T16:45:11.196+0000] {logging_mixin.py:188} INFO - [2024-02-23T16:45:11.195+0000] {dag.py:3823} INFO - Setting next_dagrun for example_subdag_operator to 2022-01-01 00:00:00+00:00, run_after=2022-01-01 00:00:00+00:00
[2024-02-23T16:45:11.202+0000] {logging_mixin.py:188} INFO - [2024-02-23T16:45:11.202+0000] {dag.py:3823} INFO - Setting next_dagrun for example_subdag_operator.section-1 to None, run_after=None
[2024-02-23T16:45:11.205+0000] {logging_mixin.py:188} INFO - [2024-02-23T16:45:11.204+0000] {dag.py:3823} INFO - Setting next_dagrun for example_subdag_operator.section-2 to None, run_after=None
[2024-02-23T16:45:11.218+0000] {logging_mixin.py:188} INFO - [2024-02-23T16:45:11.217+0000] {dag.py:3036} INFO - Sync 2 DAGs
[2024-02-23T16:45:11.228+0000] {logging_mixin.py:188} INFO - [2024-02-23T16:45:11.227+0000] {dag.py:3823} INFO - Setting next_dagrun for example_subdag_operator.section-1 to None, run_after=None
[2024-02-23T16:45:11.228+0000] {logging_mixin.py:188} INFO - [2024-02-23T16:45:11.228+0000] {dag.py:3823} INFO - Setting next_dagrun for example_subdag_operator.section-2 to None, run_after=None
[2024-02-23T16:45:11.249+0000] {processor.py:183} INFO - Processing /home/airflow/.local/lib/python3.8/site-packages/airflow/example_dags/example_subdag_operator.py took 0.179 seconds
[2024-02-23T16:45:41.529+0000] {processor.py:161} INFO - Started process (PID=354) to work on /home/airflow/.local/lib/python3.8/site-packages/airflow/example_dags/example_subdag_operator.py
[2024-02-23T16:45:41.531+0000] {processor.py:830} INFO - Processing file /home/airflow/.local/lib/python3.8/site-packages/airflow/example_dags/example_subdag_operator.py for tasks to queue
[2024-02-23T16:45:41.535+0000] {logging_mixin.py:188} INFO - [2024-02-23T16:45:41.534+0000] {dagbag.py:538} INFO - Filling up the DagBag from /home/airflow/.local/lib/python3.8/site-packages/airflow/example_dags/example_subdag_operator.py
[2024-02-23T16:45:41.584+0000] {processor.py:840} INFO - DAG(s) 'example_subdag_operator.section-1', 'example_subdag_operator.section-2', 'example_subdag_operator' retrieved from /home/airflow/.local/lib/python3.8/site-packages/airflow/example_dags/example_subdag_operator.py
[2024-02-23T16:45:41.619+0000] {logging_mixin.py:188} INFO - [2024-02-23T16:45:41.618+0000] {dag.py:3036} INFO - Sync 3 DAGs
[2024-02-23T16:45:41.657+0000] {logging_mixin.py:188} INFO - [2024-02-23T16:45:41.657+0000] {dag.py:3823} INFO - Setting next_dagrun for example_subdag_operator to 2022-01-01 00:00:00+00:00, run_after=2022-01-01 00:00:00+00:00
[2024-02-23T16:45:41.663+0000] {logging_mixin.py:188} INFO - [2024-02-23T16:45:41.663+0000] {dag.py:3823} INFO - Setting next_dagrun for example_subdag_operator.section-1 to None, run_after=None
[2024-02-23T16:45:41.666+0000] {logging_mixin.py:188} INFO - [2024-02-23T16:45:41.665+0000] {dag.py:3823} INFO - Setting next_dagrun for example_subdag_operator.section-2 to None, run_after=None
[2024-02-23T16:45:41.678+0000] {logging_mixin.py:188} INFO - [2024-02-23T16:45:41.677+0000] {dag.py:3036} INFO - Sync 2 DAGs
[2024-02-23T16:45:41.686+0000] {logging_mixin.py:188} INFO - [2024-02-23T16:45:41.686+0000] {dag.py:3823} INFO - Setting next_dagrun for example_subdag_operator.section-1 to None, run_after=None
[2024-02-23T16:45:41.687+0000] {logging_mixin.py:188} INFO - [2024-02-23T16:45:41.687+0000] {dag.py:3823} INFO - Setting next_dagrun for example_subdag_operator.section-2 to None, run_after=None
[2024-02-23T16:45:41.705+0000] {processor.py:183} INFO - Processing /home/airflow/.local/lib/python3.8/site-packages/airflow/example_dags/example_subdag_operator.py took 0.183 seconds
[2024-02-23T16:46:11.774+0000] {processor.py:161} INFO - Started process (PID=411) to work on /home/airflow/.local/lib/python3.8/site-packages/airflow/example_dags/example_subdag_operator.py
[2024-02-23T16:46:11.777+0000] {processor.py:830} INFO - Processing file /home/airflow/.local/lib/python3.8/site-packages/airflow/example_dags/example_subdag_operator.py for tasks to queue
[2024-02-23T16:46:11.779+0000] {logging_mixin.py:188} INFO - [2024-02-23T16:46:11.779+0000] {dagbag.py:538} INFO - Filling up the DagBag from /home/airflow/.local/lib/python3.8/site-packages/airflow/example_dags/example_subdag_operator.py
[2024-02-23T16:46:11.820+0000] {processor.py:840} INFO - DAG(s) 'example_subdag_operator.section-1', 'example_subdag_operator.section-2', 'example_subdag_operator' retrieved from /home/airflow/.local/lib/python3.8/site-packages/airflow/example_dags/example_subdag_operator.py
[2024-02-23T16:46:11.852+0000] {logging_mixin.py:188} INFO - [2024-02-23T16:46:11.852+0000] {dag.py:3036} INFO - Sync 3 DAGs
[2024-02-23T16:46:11.891+0000] {logging_mixin.py:188} INFO - [2024-02-23T16:46:11.890+0000] {dag.py:3823} INFO - Setting next_dagrun for example_subdag_operator to 2022-01-01 00:00:00+00:00, run_after=2022-01-01 00:00:00+00:00
[2024-02-23T16:46:11.897+0000] {logging_mixin.py:188} INFO - [2024-02-23T16:46:11.897+0000] {dag.py:3823} INFO - Setting next_dagrun for example_subdag_operator.section-1 to None, run_after=None
[2024-02-23T16:46:11.899+0000] {logging_mixin.py:188} INFO - [2024-02-23T16:46:11.899+0000] {dag.py:3823} INFO - Setting next_dagrun for example_subdag_operator.section-2 to None, run_after=None
[2024-02-23T16:46:11.912+0000] {logging_mixin.py:188} INFO - [2024-02-23T16:46:11.912+0000] {dag.py:3036} INFO - Sync 2 DAGs
[2024-02-23T16:46:11.921+0000] {logging_mixin.py:188} INFO - [2024-02-23T16:46:11.921+0000] {dag.py:3823} INFO - Setting next_dagrun for example_subdag_operator.section-1 to None, run_after=None
[2024-02-23T16:46:11.922+0000] {logging_mixin.py:188} INFO - [2024-02-23T16:46:11.922+0000] {dag.py:3823} INFO - Setting next_dagrun for example_subdag_operator.section-2 to None, run_after=None
[2024-02-23T16:46:11.941+0000] {processor.py:183} INFO - Processing /home/airflow/.local/lib/python3.8/site-packages/airflow/example_dags/example_subdag_operator.py took 0.173 seconds
[2024-02-23T16:46:42.538+0000] {processor.py:161} INFO - Started process (PID=468) to work on /home/airflow/.local/lib/python3.8/site-packages/airflow/example_dags/example_subdag_operator.py
[2024-02-23T16:46:42.540+0000] {processor.py:830} INFO - Processing file /home/airflow/.local/lib/python3.8/site-packages/airflow/example_dags/example_subdag_operator.py for tasks to queue
[2024-02-23T16:46:42.544+0000] {logging_mixin.py:188} INFO - [2024-02-23T16:46:42.543+0000] {dagbag.py:538} INFO - Filling up the DagBag from /home/airflow/.local/lib/python3.8/site-packages/airflow/example_dags/example_subdag_operator.py
[2024-02-23T16:46:42.584+0000] {processor.py:840} INFO - DAG(s) 'example_subdag_operator.section-1', 'example_subdag_operator.section-2', 'example_subdag_operator' retrieved from /home/airflow/.local/lib/python3.8/site-packages/airflow/example_dags/example_subdag_operator.py
[2024-02-23T16:46:42.620+0000] {logging_mixin.py:188} INFO - [2024-02-23T16:46:42.619+0000] {dag.py:3036} INFO - Sync 3 DAGs
[2024-02-23T16:46:42.662+0000] {logging_mixin.py:188} INFO - [2024-02-23T16:46:42.662+0000] {dag.py:3823} INFO - Setting next_dagrun for example_subdag_operator to 2022-01-01 00:00:00+00:00, run_after=2022-01-01 00:00:00+00:00
[2024-02-23T16:46:42.669+0000] {logging_mixin.py:188} INFO - [2024-02-23T16:46:42.668+0000] {dag.py:3823} INFO - Setting next_dagrun for example_subdag_operator.section-1 to None, run_after=None
[2024-02-23T16:46:42.671+0000] {logging_mixin.py:188} INFO - [2024-02-23T16:46:42.671+0000] {dag.py:3823} INFO - Setting next_dagrun for example_subdag_operator.section-2 to None, run_after=None
[2024-02-23T16:46:42.686+0000] {logging_mixin.py:188} INFO - [2024-02-23T16:46:42.685+0000] {dag.py:3036} INFO - Sync 2 DAGs
[2024-02-23T16:46:42.695+0000] {logging_mixin.py:188} INFO - [2024-02-23T16:46:42.695+0000] {dag.py:3823} INFO - Setting next_dagrun for example_subdag_operator.section-1 to None, run_after=None
[2024-02-23T16:46:42.696+0000] {logging_mixin.py:188} INFO - [2024-02-23T16:46:42.696+0000] {dag.py:3823} INFO - Setting next_dagrun for example_subdag_operator.section-2 to None, run_after=None
[2024-02-23T16:46:42.718+0000] {processor.py:183} INFO - Processing /home/airflow/.local/lib/python3.8/site-packages/airflow/example_dags/example_subdag_operator.py took 0.184 seconds
[2024-02-23T16:47:13.005+0000] {processor.py:161} INFO - Started process (PID=525) to work on /home/airflow/.local/lib/python3.8/site-packages/airflow/example_dags/example_subdag_operator.py
[2024-02-23T16:47:13.007+0000] {processor.py:830} INFO - Processing file /home/airflow/.local/lib/python3.8/site-packages/airflow/example_dags/example_subdag_operator.py for tasks to queue
[2024-02-23T16:47:13.010+0000] {logging_mixin.py:188} INFO - [2024-02-23T16:47:13.009+0000] {dagbag.py:538} INFO - Filling up the DagBag from /home/airflow/.local/lib/python3.8/site-packages/airflow/example_dags/example_subdag_operator.py
[2024-02-23T16:47:13.078+0000] {processor.py:840} INFO - DAG(s) 'example_subdag_operator.section-1', 'example_subdag_operator.section-2', 'example_subdag_operator' retrieved from /home/airflow/.local/lib/python3.8/site-packages/airflow/example_dags/example_subdag_operator.py
[2024-02-23T16:47:13.121+0000] {logging_mixin.py:188} INFO - [2024-02-23T16:47:13.121+0000] {dag.py:3036} INFO - Sync 3 DAGs
[2024-02-23T16:47:13.192+0000] {logging_mixin.py:188} INFO - [2024-02-23T16:47:13.191+0000] {dag.py:3823} INFO - Setting next_dagrun for example_subdag_operator to 2022-01-01 00:00:00+00:00, run_after=2022-01-01 00:00:00+00:00
[2024-02-23T16:47:13.201+0000] {logging_mixin.py:188} INFO - [2024-02-23T16:47:13.200+0000] {dag.py:3823} INFO - Setting next_dagrun for example_subdag_operator.section-1 to None, run_after=None
[2024-02-23T16:47:13.204+0000] {logging_mixin.py:188} INFO - [2024-02-23T16:47:13.203+0000] {dag.py:3823} INFO - Setting next_dagrun for example_subdag_operator.section-2 to None, run_after=None
[2024-02-23T16:47:13.219+0000] {logging_mixin.py:188} INFO - [2024-02-23T16:47:13.219+0000] {dag.py:3036} INFO - Sync 2 DAGs
[2024-02-23T16:47:13.231+0000] {logging_mixin.py:188} INFO - [2024-02-23T16:47:13.231+0000] {dag.py:3823} INFO - Setting next_dagrun for example_subdag_operator.section-1 to None, run_after=None
[2024-02-23T16:47:13.232+0000] {logging_mixin.py:188} INFO - [2024-02-23T16:47:13.232+0000] {dag.py:3823} INFO - Setting next_dagrun for example_subdag_operator.section-2 to None, run_after=None
[2024-02-23T16:47:13.252+0000] {processor.py:183} INFO - Processing /home/airflow/.local/lib/python3.8/site-packages/airflow/example_dags/example_subdag_operator.py took 0.253 seconds
[2024-02-23T16:48:40.659+0000] {processor.py:161} INFO - Started process (PID=70) to work on /home/airflow/.local/lib/python3.8/site-packages/airflow/example_dags/example_subdag_operator.py
[2024-02-23T16:48:40.661+0000] {processor.py:830} INFO - Processing file /home/airflow/.local/lib/python3.8/site-packages/airflow/example_dags/example_subdag_operator.py for tasks to queue
[2024-02-23T16:48:40.664+0000] {logging_mixin.py:188} INFO - [2024-02-23T16:48:40.664+0000] {dagbag.py:538} INFO - Filling up the DagBag from /home/airflow/.local/lib/python3.8/site-packages/airflow/example_dags/example_subdag_operator.py
[2024-02-23T16:48:40.706+0000] {processor.py:840} INFO - DAG(s) 'example_subdag_operator.section-1', 'example_subdag_operator.section-2', 'example_subdag_operator' retrieved from /home/airflow/.local/lib/python3.8/site-packages/airflow/example_dags/example_subdag_operator.py
[2024-02-23T16:48:40.909+0000] {logging_mixin.py:188} INFO - [2024-02-23T16:48:40.909+0000] {dag.py:3036} INFO - Sync 3 DAGs
[2024-02-23T16:48:40.950+0000] {logging_mixin.py:188} INFO - [2024-02-23T16:48:40.950+0000] {dag.py:3823} INFO - Setting next_dagrun for example_subdag_operator to 2022-01-01 00:00:00+00:00, run_after=2022-01-01 00:00:00+00:00
[2024-02-23T16:48:40.957+0000] {logging_mixin.py:188} INFO - [2024-02-23T16:48:40.957+0000] {dag.py:3823} INFO - Setting next_dagrun for example_subdag_operator.section-1 to None, run_after=None
[2024-02-23T16:48:40.960+0000] {logging_mixin.py:188} INFO - [2024-02-23T16:48:40.959+0000] {dag.py:3823} INFO - Setting next_dagrun for example_subdag_operator.section-2 to None, run_after=None
[2024-02-23T16:48:40.978+0000] {logging_mixin.py:188} INFO - [2024-02-23T16:48:40.977+0000] {dag.py:3036} INFO - Sync 2 DAGs
[2024-02-23T16:48:40.988+0000] {logging_mixin.py:188} INFO - [2024-02-23T16:48:40.988+0000] {dag.py:3823} INFO - Setting next_dagrun for example_subdag_operator.section-1 to None, run_after=None
[2024-02-23T16:48:40.989+0000] {logging_mixin.py:188} INFO - [2024-02-23T16:48:40.989+0000] {dag.py:3823} INFO - Setting next_dagrun for example_subdag_operator.section-2 to None, run_after=None
[2024-02-23T16:48:41.009+0000] {processor.py:183} INFO - Processing /home/airflow/.local/lib/python3.8/site-packages/airflow/example_dags/example_subdag_operator.py took 0.356 seconds
[2024-02-23T16:51:59.809+0000] {processor.py:161} INFO - Started process (PID=62) to work on /home/airflow/.local/lib/python3.8/site-packages/airflow/example_dags/example_subdag_operator.py
[2024-02-23T16:51:59.811+0000] {processor.py:830} INFO - Processing file /home/airflow/.local/lib/python3.8/site-packages/airflow/example_dags/example_subdag_operator.py for tasks to queue
[2024-02-23T16:51:59.814+0000] {logging_mixin.py:188} INFO - [2024-02-23T16:51:59.813+0000] {dagbag.py:538} INFO - Filling up the DagBag from /home/airflow/.local/lib/python3.8/site-packages/airflow/example_dags/example_subdag_operator.py
[2024-02-23T16:51:59.861+0000] {processor.py:840} INFO - DAG(s) 'example_subdag_operator.section-1', 'example_subdag_operator.section-2', 'example_subdag_operator' retrieved from /home/airflow/.local/lib/python3.8/site-packages/airflow/example_dags/example_subdag_operator.py
[2024-02-23T16:52:00.114+0000] {logging_mixin.py:188} INFO - [2024-02-23T16:52:00.114+0000] {dag.py:3036} INFO - Sync 3 DAGs
[2024-02-23T16:52:00.174+0000] {logging_mixin.py:188} INFO - [2024-02-23T16:52:00.174+0000] {dag.py:3823} INFO - Setting next_dagrun for example_subdag_operator to 2022-01-01 00:00:00+00:00, run_after=2022-01-01 00:00:00+00:00
[2024-02-23T16:52:00.182+0000] {logging_mixin.py:188} INFO - [2024-02-23T16:52:00.181+0000] {dag.py:3823} INFO - Setting next_dagrun for example_subdag_operator.section-1 to None, run_after=None
[2024-02-23T16:52:00.186+0000] {logging_mixin.py:188} INFO - [2024-02-23T16:52:00.186+0000] {dag.py:3823} INFO - Setting next_dagrun for example_subdag_operator.section-2 to None, run_after=None
[2024-02-23T16:52:00.207+0000] {logging_mixin.py:188} INFO - [2024-02-23T16:52:00.206+0000] {dag.py:3036} INFO - Sync 2 DAGs
[2024-02-23T16:52:00.224+0000] {logging_mixin.py:188} INFO - [2024-02-23T16:52:00.223+0000] {dag.py:3823} INFO - Setting next_dagrun for example_subdag_operator.section-1 to None, run_after=None
[2024-02-23T16:52:00.225+0000] {logging_mixin.py:188} INFO - [2024-02-23T16:52:00.224+0000] {dag.py:3823} INFO - Setting next_dagrun for example_subdag_operator.section-2 to None, run_after=None
[2024-02-23T16:52:00.252+0000] {processor.py:183} INFO - Processing /home/airflow/.local/lib/python3.8/site-packages/airflow/example_dags/example_subdag_operator.py took 0.450 seconds
[2024-02-23T16:52:30.973+0000] {processor.py:161} INFO - Started process (PID=120) to work on /home/airflow/.local/lib/python3.8/site-packages/airflow/example_dags/example_subdag_operator.py
[2024-02-23T16:52:30.975+0000] {processor.py:830} INFO - Processing file /home/airflow/.local/lib/python3.8/site-packages/airflow/example_dags/example_subdag_operator.py for tasks to queue
[2024-02-23T16:52:30.978+0000] {logging_mixin.py:188} INFO - [2024-02-23T16:52:30.977+0000] {dagbag.py:538} INFO - Filling up the DagBag from /home/airflow/.local/lib/python3.8/site-packages/airflow/example_dags/example_subdag_operator.py
[2024-02-23T16:52:31.018+0000] {processor.py:840} INFO - DAG(s) 'example_subdag_operator.section-1', 'example_subdag_operator.section-2', 'example_subdag_operator' retrieved from /home/airflow/.local/lib/python3.8/site-packages/airflow/example_dags/example_subdag_operator.py
[2024-02-23T16:52:31.051+0000] {logging_mixin.py:188} INFO - [2024-02-23T16:52:31.050+0000] {dag.py:3036} INFO - Sync 3 DAGs
[2024-02-23T16:52:31.096+0000] {logging_mixin.py:188} INFO - [2024-02-23T16:52:31.095+0000] {dag.py:3823} INFO - Setting next_dagrun for example_subdag_operator to 2022-01-01 00:00:00+00:00, run_after=2022-01-01 00:00:00+00:00
[2024-02-23T16:52:31.102+0000] {logging_mixin.py:188} INFO - [2024-02-23T16:52:31.102+0000] {dag.py:3823} INFO - Setting next_dagrun for example_subdag_operator.section-1 to None, run_after=None
[2024-02-23T16:52:31.110+0000] {logging_mixin.py:188} INFO - [2024-02-23T16:52:31.110+0000] {dag.py:3823} INFO - Setting next_dagrun for example_subdag_operator.section-2 to None, run_after=None
[2024-02-23T16:52:31.122+0000] {logging_mixin.py:188} INFO - [2024-02-23T16:52:31.122+0000] {dag.py:3036} INFO - Sync 2 DAGs
[2024-02-23T16:52:31.131+0000] {logging_mixin.py:188} INFO - [2024-02-23T16:52:31.131+0000] {dag.py:3823} INFO - Setting next_dagrun for example_subdag_operator.section-1 to None, run_after=None
[2024-02-23T16:52:31.132+0000] {logging_mixin.py:188} INFO - [2024-02-23T16:52:31.132+0000] {dag.py:3823} INFO - Setting next_dagrun for example_subdag_operator.section-2 to None, run_after=None
[2024-02-23T16:52:31.151+0000] {processor.py:183} INFO - Processing /home/airflow/.local/lib/python3.8/site-packages/airflow/example_dags/example_subdag_operator.py took 0.184 seconds
[2024-02-23T16:53:01.604+0000] {processor.py:161} INFO - Started process (PID=184) to work on /home/airflow/.local/lib/python3.8/site-packages/airflow/example_dags/example_subdag_operator.py
[2024-02-23T16:53:01.605+0000] {processor.py:830} INFO - Processing file /home/airflow/.local/lib/python3.8/site-packages/airflow/example_dags/example_subdag_operator.py for tasks to queue
[2024-02-23T16:53:01.607+0000] {logging_mixin.py:188} INFO - [2024-02-23T16:53:01.607+0000] {dagbag.py:538} INFO - Filling up the DagBag from /home/airflow/.local/lib/python3.8/site-packages/airflow/example_dags/example_subdag_operator.py
[2024-02-23T16:53:01.658+0000] {processor.py:840} INFO - DAG(s) 'example_subdag_operator.section-1', 'example_subdag_operator.section-2', 'example_subdag_operator' retrieved from /home/airflow/.local/lib/python3.8/site-packages/airflow/example_dags/example_subdag_operator.py
[2024-02-23T16:53:01.691+0000] {logging_mixin.py:188} INFO - [2024-02-23T16:53:01.691+0000] {dag.py:3036} INFO - Sync 3 DAGs
[2024-02-23T16:53:01.732+0000] {logging_mixin.py:188} INFO - [2024-02-23T16:53:01.732+0000] {dag.py:3823} INFO - Setting next_dagrun for example_subdag_operator to 2022-01-01 00:00:00+00:00, run_after=2022-01-01 00:00:00+00:00
[2024-02-23T16:53:01.739+0000] {logging_mixin.py:188} INFO - [2024-02-23T16:53:01.738+0000] {dag.py:3823} INFO - Setting next_dagrun for example_subdag_operator.section-1 to None, run_after=None
[2024-02-23T16:53:01.741+0000] {logging_mixin.py:188} INFO - [2024-02-23T16:53:01.741+0000] {dag.py:3823} INFO - Setting next_dagrun for example_subdag_operator.section-2 to None, run_after=None
[2024-02-23T16:53:01.753+0000] {logging_mixin.py:188} INFO - [2024-02-23T16:53:01.753+0000] {dag.py:3036} INFO - Sync 2 DAGs
[2024-02-23T16:53:01.762+0000] {logging_mixin.py:188} INFO - [2024-02-23T16:53:01.761+0000] {dag.py:3823} INFO - Setting next_dagrun for example_subdag_operator.section-1 to None, run_after=None
[2024-02-23T16:53:01.762+0000] {logging_mixin.py:188} INFO - [2024-02-23T16:53:01.762+0000] {dag.py:3823} INFO - Setting next_dagrun for example_subdag_operator.section-2 to None, run_after=None
[2024-02-23T16:53:01.781+0000] {processor.py:183} INFO - Processing /home/airflow/.local/lib/python3.8/site-packages/airflow/example_dags/example_subdag_operator.py took 0.192 seconds
