[2024-02-23T16:33:16.420+0000] {processor.py:161} INFO - Started process (PID=56) to work on /home/airflow/.local/lib/python3.8/site-packages/airflow/example_dags/example_python_operator.py
[2024-02-23T16:33:16.421+0000] {processor.py:830} INFO - Processing file /home/airflow/.local/lib/python3.8/site-packages/airflow/example_dags/example_python_operator.py for tasks to queue
[2024-02-23T16:33:16.425+0000] {logging_mixin.py:188} INFO - [2024-02-23T16:33:16.424+0000] {dagbag.py:538} INFO - Filling up the DagBag from /home/airflow/.local/lib/python3.8/site-packages/airflow/example_dags/example_python_operator.py
[2024-02-23T16:33:16.456+0000] {processor.py:840} INFO - DAG(s) 'example_python_operator' retrieved from /home/airflow/.local/lib/python3.8/site-packages/airflow/example_dags/example_python_operator.py
[2024-02-23T16:33:16.771+0000] {logging_mixin.py:188} INFO - [2024-02-23T16:33:16.771+0000] {dag.py:3036} INFO - Sync 1 DAGs
[2024-02-23T16:33:16.796+0000] {logging_mixin.py:188} INFO - [2024-02-23T16:33:16.796+0000] {dag.py:3823} INFO - Setting next_dagrun for example_python_operator to None, run_after=None
[2024-02-23T16:33:16.837+0000] {processor.py:183} INFO - Processing /home/airflow/.local/lib/python3.8/site-packages/airflow/example_dags/example_python_operator.py took 0.423 seconds
[2024-02-23T16:33:47.431+0000] {processor.py:161} INFO - Started process (PID=113) to work on /home/airflow/.local/lib/python3.8/site-packages/airflow/example_dags/example_python_operator.py
[2024-02-23T16:33:47.433+0000] {processor.py:830} INFO - Processing file /home/airflow/.local/lib/python3.8/site-packages/airflow/example_dags/example_python_operator.py for tasks to queue
[2024-02-23T16:33:47.436+0000] {logging_mixin.py:188} INFO - [2024-02-23T16:33:47.435+0000] {dagbag.py:538} INFO - Filling up the DagBag from /home/airflow/.local/lib/python3.8/site-packages/airflow/example_dags/example_python_operator.py
[2024-02-23T16:33:47.458+0000] {processor.py:840} INFO - DAG(s) 'example_python_operator' retrieved from /home/airflow/.local/lib/python3.8/site-packages/airflow/example_dags/example_python_operator.py
[2024-02-23T16:33:47.502+0000] {logging_mixin.py:188} INFO - [2024-02-23T16:33:47.502+0000] {dag.py:3036} INFO - Sync 1 DAGs
[2024-02-23T16:33:47.529+0000] {logging_mixin.py:188} INFO - [2024-02-23T16:33:47.528+0000] {dag.py:3823} INFO - Setting next_dagrun for example_python_operator to None, run_after=None
[2024-02-23T16:33:47.563+0000] {processor.py:183} INFO - Processing /home/airflow/.local/lib/python3.8/site-packages/airflow/example_dags/example_python_operator.py took 0.137 seconds
[2024-02-23T16:34:18.763+0000] {processor.py:161} INFO - Started process (PID=170) to work on /home/airflow/.local/lib/python3.8/site-packages/airflow/example_dags/example_python_operator.py
[2024-02-23T16:34:18.765+0000] {processor.py:830} INFO - Processing file /home/airflow/.local/lib/python3.8/site-packages/airflow/example_dags/example_python_operator.py for tasks to queue
[2024-02-23T16:34:18.768+0000] {logging_mixin.py:188} INFO - [2024-02-23T16:34:18.767+0000] {dagbag.py:538} INFO - Filling up the DagBag from /home/airflow/.local/lib/python3.8/site-packages/airflow/example_dags/example_python_operator.py
[2024-02-23T16:34:18.790+0000] {processor.py:840} INFO - DAG(s) 'example_python_operator' retrieved from /home/airflow/.local/lib/python3.8/site-packages/airflow/example_dags/example_python_operator.py
[2024-02-23T16:34:18.842+0000] {logging_mixin.py:188} INFO - [2024-02-23T16:34:18.841+0000] {dag.py:3036} INFO - Sync 1 DAGs
[2024-02-23T16:34:18.872+0000] {logging_mixin.py:188} INFO - [2024-02-23T16:34:18.871+0000] {dag.py:3823} INFO - Setting next_dagrun for example_python_operator to None, run_after=None
[2024-02-23T16:34:18.920+0000] {processor.py:183} INFO - Processing /home/airflow/.local/lib/python3.8/site-packages/airflow/example_dags/example_python_operator.py took 0.162 seconds
[2024-02-23T16:34:49.099+0000] {processor.py:161} INFO - Started process (PID=227) to work on /home/airflow/.local/lib/python3.8/site-packages/airflow/example_dags/example_python_operator.py
[2024-02-23T16:34:49.101+0000] {processor.py:830} INFO - Processing file /home/airflow/.local/lib/python3.8/site-packages/airflow/example_dags/example_python_operator.py for tasks to queue
[2024-02-23T16:34:49.105+0000] {logging_mixin.py:188} INFO - [2024-02-23T16:34:49.104+0000] {dagbag.py:538} INFO - Filling up the DagBag from /home/airflow/.local/lib/python3.8/site-packages/airflow/example_dags/example_python_operator.py
[2024-02-23T16:34:49.129+0000] {processor.py:840} INFO - DAG(s) 'example_python_operator' retrieved from /home/airflow/.local/lib/python3.8/site-packages/airflow/example_dags/example_python_operator.py
[2024-02-23T16:34:49.169+0000] {logging_mixin.py:188} INFO - [2024-02-23T16:34:49.169+0000] {dag.py:3036} INFO - Sync 1 DAGs
[2024-02-23T16:34:49.191+0000] {logging_mixin.py:188} INFO - [2024-02-23T16:34:49.190+0000] {dag.py:3823} INFO - Setting next_dagrun for example_python_operator to None, run_after=None
[2024-02-23T16:34:49.227+0000] {processor.py:183} INFO - Processing /home/airflow/.local/lib/python3.8/site-packages/airflow/example_dags/example_python_operator.py took 0.134 seconds
[2024-02-23T16:35:19.897+0000] {processor.py:161} INFO - Started process (PID=284) to work on /home/airflow/.local/lib/python3.8/site-packages/airflow/example_dags/example_python_operator.py
[2024-02-23T16:35:19.899+0000] {processor.py:830} INFO - Processing file /home/airflow/.local/lib/python3.8/site-packages/airflow/example_dags/example_python_operator.py for tasks to queue
[2024-02-23T16:35:19.902+0000] {logging_mixin.py:188} INFO - [2024-02-23T16:35:19.902+0000] {dagbag.py:538} INFO - Filling up the DagBag from /home/airflow/.local/lib/python3.8/site-packages/airflow/example_dags/example_python_operator.py
[2024-02-23T16:35:19.923+0000] {processor.py:840} INFO - DAG(s) 'example_python_operator' retrieved from /home/airflow/.local/lib/python3.8/site-packages/airflow/example_dags/example_python_operator.py
[2024-02-23T16:35:19.973+0000] {logging_mixin.py:188} INFO - [2024-02-23T16:35:19.973+0000] {dag.py:3036} INFO - Sync 1 DAGs
[2024-02-23T16:35:20.005+0000] {logging_mixin.py:188} INFO - [2024-02-23T16:35:20.004+0000] {dag.py:3823} INFO - Setting next_dagrun for example_python_operator to None, run_after=None
[2024-02-23T16:35:20.052+0000] {processor.py:183} INFO - Processing /home/airflow/.local/lib/python3.8/site-packages/airflow/example_dags/example_python_operator.py took 0.161 seconds
[2024-02-23T16:35:50.089+0000] {processor.py:161} INFO - Started process (PID=342) to work on /home/airflow/.local/lib/python3.8/site-packages/airflow/example_dags/example_python_operator.py
[2024-02-23T16:35:50.090+0000] {processor.py:830} INFO - Processing file /home/airflow/.local/lib/python3.8/site-packages/airflow/example_dags/example_python_operator.py for tasks to queue
[2024-02-23T16:35:50.093+0000] {logging_mixin.py:188} INFO - [2024-02-23T16:35:50.093+0000] {dagbag.py:538} INFO - Filling up the DagBag from /home/airflow/.local/lib/python3.8/site-packages/airflow/example_dags/example_python_operator.py
[2024-02-23T16:35:50.112+0000] {processor.py:840} INFO - DAG(s) 'example_python_operator' retrieved from /home/airflow/.local/lib/python3.8/site-packages/airflow/example_dags/example_python_operator.py
[2024-02-23T16:35:50.153+0000] {logging_mixin.py:188} INFO - [2024-02-23T16:35:50.153+0000] {dag.py:3036} INFO - Sync 1 DAGs
[2024-02-23T16:35:50.177+0000] {logging_mixin.py:188} INFO - [2024-02-23T16:35:50.176+0000] {dag.py:3823} INFO - Setting next_dagrun for example_python_operator to None, run_after=None
[2024-02-23T16:35:50.208+0000] {processor.py:183} INFO - Processing /home/airflow/.local/lib/python3.8/site-packages/airflow/example_dags/example_python_operator.py took 0.125 seconds
[2024-02-23T16:36:20.513+0000] {processor.py:161} INFO - Started process (PID=399) to work on /home/airflow/.local/lib/python3.8/site-packages/airflow/example_dags/example_python_operator.py
[2024-02-23T16:36:20.515+0000] {processor.py:830} INFO - Processing file /home/airflow/.local/lib/python3.8/site-packages/airflow/example_dags/example_python_operator.py for tasks to queue
[2024-02-23T16:36:20.518+0000] {logging_mixin.py:188} INFO - [2024-02-23T16:36:20.517+0000] {dagbag.py:538} INFO - Filling up the DagBag from /home/airflow/.local/lib/python3.8/site-packages/airflow/example_dags/example_python_operator.py
[2024-02-23T16:36:20.539+0000] {processor.py:840} INFO - DAG(s) 'example_python_operator' retrieved from /home/airflow/.local/lib/python3.8/site-packages/airflow/example_dags/example_python_operator.py
[2024-02-23T16:36:20.600+0000] {logging_mixin.py:188} INFO - [2024-02-23T16:36:20.600+0000] {dag.py:3036} INFO - Sync 1 DAGs
[2024-02-23T16:36:20.630+0000] {logging_mixin.py:188} INFO - [2024-02-23T16:36:20.630+0000] {dag.py:3823} INFO - Setting next_dagrun for example_python_operator to None, run_after=None
[2024-02-23T16:36:20.670+0000] {processor.py:183} INFO - Processing /home/airflow/.local/lib/python3.8/site-packages/airflow/example_dags/example_python_operator.py took 0.162 seconds
[2024-02-23T16:36:51.380+0000] {processor.py:161} INFO - Started process (PID=456) to work on /home/airflow/.local/lib/python3.8/site-packages/airflow/example_dags/example_python_operator.py
[2024-02-23T16:36:51.382+0000] {processor.py:830} INFO - Processing file /home/airflow/.local/lib/python3.8/site-packages/airflow/example_dags/example_python_operator.py for tasks to queue
[2024-02-23T16:36:51.386+0000] {logging_mixin.py:188} INFO - [2024-02-23T16:36:51.385+0000] {dagbag.py:538} INFO - Filling up the DagBag from /home/airflow/.local/lib/python3.8/site-packages/airflow/example_dags/example_python_operator.py
[2024-02-23T16:36:51.410+0000] {processor.py:840} INFO - DAG(s) 'example_python_operator' retrieved from /home/airflow/.local/lib/python3.8/site-packages/airflow/example_dags/example_python_operator.py
[2024-02-23T16:36:51.459+0000] {logging_mixin.py:188} INFO - [2024-02-23T16:36:51.458+0000] {dag.py:3036} INFO - Sync 1 DAGs
[2024-02-23T16:36:51.489+0000] {logging_mixin.py:188} INFO - [2024-02-23T16:36:51.488+0000] {dag.py:3823} INFO - Setting next_dagrun for example_python_operator to None, run_after=None
[2024-02-23T16:36:51.545+0000] {processor.py:183} INFO - Processing /home/airflow/.local/lib/python3.8/site-packages/airflow/example_dags/example_python_operator.py took 0.172 seconds
[2024-02-23T16:37:21.752+0000] {processor.py:161} INFO - Started process (PID=513) to work on /home/airflow/.local/lib/python3.8/site-packages/airflow/example_dags/example_python_operator.py
[2024-02-23T16:37:21.754+0000] {processor.py:830} INFO - Processing file /home/airflow/.local/lib/python3.8/site-packages/airflow/example_dags/example_python_operator.py for tasks to queue
[2024-02-23T16:37:21.757+0000] {logging_mixin.py:188} INFO - [2024-02-23T16:37:21.757+0000] {dagbag.py:538} INFO - Filling up the DagBag from /home/airflow/.local/lib/python3.8/site-packages/airflow/example_dags/example_python_operator.py
[2024-02-23T16:37:21.779+0000] {processor.py:840} INFO - DAG(s) 'example_python_operator' retrieved from /home/airflow/.local/lib/python3.8/site-packages/airflow/example_dags/example_python_operator.py
[2024-02-23T16:37:21.825+0000] {logging_mixin.py:188} INFO - [2024-02-23T16:37:21.825+0000] {dag.py:3036} INFO - Sync 1 DAGs
[2024-02-23T16:37:21.850+0000] {logging_mixin.py:188} INFO - [2024-02-23T16:37:21.850+0000] {dag.py:3823} INFO - Setting next_dagrun for example_python_operator to None, run_after=None
[2024-02-23T16:37:21.889+0000] {processor.py:183} INFO - Processing /home/airflow/.local/lib/python3.8/site-packages/airflow/example_dags/example_python_operator.py took 0.144 seconds
[2024-02-23T16:37:52.362+0000] {processor.py:161} INFO - Started process (PID=570) to work on /home/airflow/.local/lib/python3.8/site-packages/airflow/example_dags/example_python_operator.py
[2024-02-23T16:37:52.364+0000] {processor.py:830} INFO - Processing file /home/airflow/.local/lib/python3.8/site-packages/airflow/example_dags/example_python_operator.py for tasks to queue
[2024-02-23T16:37:52.367+0000] {logging_mixin.py:188} INFO - [2024-02-23T16:37:52.366+0000] {dagbag.py:538} INFO - Filling up the DagBag from /home/airflow/.local/lib/python3.8/site-packages/airflow/example_dags/example_python_operator.py
[2024-02-23T16:37:52.385+0000] {processor.py:840} INFO - DAG(s) 'example_python_operator' retrieved from /home/airflow/.local/lib/python3.8/site-packages/airflow/example_dags/example_python_operator.py
[2024-02-23T16:37:52.431+0000] {logging_mixin.py:188} INFO - [2024-02-23T16:37:52.431+0000] {dag.py:3036} INFO - Sync 1 DAGs
[2024-02-23T16:37:52.456+0000] {logging_mixin.py:188} INFO - [2024-02-23T16:37:52.456+0000] {dag.py:3823} INFO - Setting next_dagrun for example_python_operator to None, run_after=None
[2024-02-23T16:37:52.489+0000] {processor.py:183} INFO - Processing /home/airflow/.local/lib/python3.8/site-packages/airflow/example_dags/example_python_operator.py took 0.132 seconds
[2024-02-23T16:38:23.322+0000] {processor.py:161} INFO - Started process (PID=627) to work on /home/airflow/.local/lib/python3.8/site-packages/airflow/example_dags/example_python_operator.py
[2024-02-23T16:38:23.323+0000] {processor.py:830} INFO - Processing file /home/airflow/.local/lib/python3.8/site-packages/airflow/example_dags/example_python_operator.py for tasks to queue
[2024-02-23T16:38:23.326+0000] {logging_mixin.py:188} INFO - [2024-02-23T16:38:23.326+0000] {dagbag.py:538} INFO - Filling up the DagBag from /home/airflow/.local/lib/python3.8/site-packages/airflow/example_dags/example_python_operator.py
[2024-02-23T16:38:23.345+0000] {processor.py:840} INFO - DAG(s) 'example_python_operator' retrieved from /home/airflow/.local/lib/python3.8/site-packages/airflow/example_dags/example_python_operator.py
[2024-02-23T16:38:23.383+0000] {logging_mixin.py:188} INFO - [2024-02-23T16:38:23.383+0000] {dag.py:3036} INFO - Sync 1 DAGs
[2024-02-23T16:38:23.405+0000] {logging_mixin.py:188} INFO - [2024-02-23T16:38:23.405+0000] {dag.py:3823} INFO - Setting next_dagrun for example_python_operator to None, run_after=None
[2024-02-23T16:38:23.437+0000] {processor.py:183} INFO - Processing /home/airflow/.local/lib/python3.8/site-packages/airflow/example_dags/example_python_operator.py took 0.120 seconds
[2024-02-23T16:38:53.696+0000] {processor.py:161} INFO - Started process (PID=683) to work on /home/airflow/.local/lib/python3.8/site-packages/airflow/example_dags/example_python_operator.py
[2024-02-23T16:38:53.698+0000] {processor.py:830} INFO - Processing file /home/airflow/.local/lib/python3.8/site-packages/airflow/example_dags/example_python_operator.py for tasks to queue
[2024-02-23T16:38:53.701+0000] {logging_mixin.py:188} INFO - [2024-02-23T16:38:53.700+0000] {dagbag.py:538} INFO - Filling up the DagBag from /home/airflow/.local/lib/python3.8/site-packages/airflow/example_dags/example_python_operator.py
[2024-02-23T16:38:53.722+0000] {processor.py:840} INFO - DAG(s) 'example_python_operator' retrieved from /home/airflow/.local/lib/python3.8/site-packages/airflow/example_dags/example_python_operator.py
[2024-02-23T16:38:53.767+0000] {logging_mixin.py:188} INFO - [2024-02-23T16:38:53.767+0000] {dag.py:3036} INFO - Sync 1 DAGs
[2024-02-23T16:38:53.795+0000] {logging_mixin.py:188} INFO - [2024-02-23T16:38:53.794+0000] {dag.py:3823} INFO - Setting next_dagrun for example_python_operator to None, run_after=None
[2024-02-23T16:38:53.833+0000] {processor.py:183} INFO - Processing /home/airflow/.local/lib/python3.8/site-packages/airflow/example_dags/example_python_operator.py took 0.144 seconds
[2024-02-23T16:39:24.034+0000] {processor.py:161} INFO - Started process (PID=740) to work on /home/airflow/.local/lib/python3.8/site-packages/airflow/example_dags/example_python_operator.py
[2024-02-23T16:39:24.037+0000] {processor.py:830} INFO - Processing file /home/airflow/.local/lib/python3.8/site-packages/airflow/example_dags/example_python_operator.py for tasks to queue
[2024-02-23T16:39:24.040+0000] {logging_mixin.py:188} INFO - [2024-02-23T16:39:24.040+0000] {dagbag.py:538} INFO - Filling up the DagBag from /home/airflow/.local/lib/python3.8/site-packages/airflow/example_dags/example_python_operator.py
[2024-02-23T16:39:24.065+0000] {processor.py:840} INFO - DAG(s) 'example_python_operator' retrieved from /home/airflow/.local/lib/python3.8/site-packages/airflow/example_dags/example_python_operator.py
[2024-02-23T16:39:24.140+0000] {logging_mixin.py:188} INFO - [2024-02-23T16:39:24.139+0000] {dag.py:3036} INFO - Sync 1 DAGs
[2024-02-23T16:39:24.170+0000] {logging_mixin.py:188} INFO - [2024-02-23T16:39:24.169+0000] {dag.py:3823} INFO - Setting next_dagrun for example_python_operator to None, run_after=None
[2024-02-23T16:39:24.233+0000] {processor.py:183} INFO - Processing /home/airflow/.local/lib/python3.8/site-packages/airflow/example_dags/example_python_operator.py took 0.206 seconds
[2024-02-23T16:39:55.170+0000] {processor.py:161} INFO - Started process (PID=797) to work on /home/airflow/.local/lib/python3.8/site-packages/airflow/example_dags/example_python_operator.py
[2024-02-23T16:39:55.172+0000] {processor.py:830} INFO - Processing file /home/airflow/.local/lib/python3.8/site-packages/airflow/example_dags/example_python_operator.py for tasks to queue
[2024-02-23T16:39:55.175+0000] {logging_mixin.py:188} INFO - [2024-02-23T16:39:55.174+0000] {dagbag.py:538} INFO - Filling up the DagBag from /home/airflow/.local/lib/python3.8/site-packages/airflow/example_dags/example_python_operator.py
[2024-02-23T16:39:55.194+0000] {processor.py:840} INFO - DAG(s) 'example_python_operator' retrieved from /home/airflow/.local/lib/python3.8/site-packages/airflow/example_dags/example_python_operator.py
[2024-02-23T16:39:55.240+0000] {logging_mixin.py:188} INFO - [2024-02-23T16:39:55.239+0000] {dag.py:3036} INFO - Sync 1 DAGs
[2024-02-23T16:39:55.266+0000] {logging_mixin.py:188} INFO - [2024-02-23T16:39:55.266+0000] {dag.py:3823} INFO - Setting next_dagrun for example_python_operator to None, run_after=None
[2024-02-23T16:39:55.299+0000] {processor.py:183} INFO - Processing /home/airflow/.local/lib/python3.8/site-packages/airflow/example_dags/example_python_operator.py took 0.134 seconds
[2024-02-23T16:40:26.243+0000] {processor.py:161} INFO - Started process (PID=854) to work on /home/airflow/.local/lib/python3.8/site-packages/airflow/example_dags/example_python_operator.py
[2024-02-23T16:40:26.245+0000] {processor.py:830} INFO - Processing file /home/airflow/.local/lib/python3.8/site-packages/airflow/example_dags/example_python_operator.py for tasks to queue
[2024-02-23T16:40:26.249+0000] {logging_mixin.py:188} INFO - [2024-02-23T16:40:26.248+0000] {dagbag.py:538} INFO - Filling up the DagBag from /home/airflow/.local/lib/python3.8/site-packages/airflow/example_dags/example_python_operator.py
[2024-02-23T16:40:26.270+0000] {processor.py:840} INFO - DAG(s) 'example_python_operator' retrieved from /home/airflow/.local/lib/python3.8/site-packages/airflow/example_dags/example_python_operator.py
[2024-02-23T16:40:26.318+0000] {logging_mixin.py:188} INFO - [2024-02-23T16:40:26.317+0000] {dag.py:3036} INFO - Sync 1 DAGs
[2024-02-23T16:40:26.345+0000] {logging_mixin.py:188} INFO - [2024-02-23T16:40:26.344+0000] {dag.py:3823} INFO - Setting next_dagrun for example_python_operator to None, run_after=None
[2024-02-23T16:40:26.380+0000] {processor.py:183} INFO - Processing /home/airflow/.local/lib/python3.8/site-packages/airflow/example_dags/example_python_operator.py took 0.142 seconds
[2024-02-23T16:40:57.198+0000] {processor.py:161} INFO - Started process (PID=912) to work on /home/airflow/.local/lib/python3.8/site-packages/airflow/example_dags/example_python_operator.py
[2024-02-23T16:40:57.200+0000] {processor.py:830} INFO - Processing file /home/airflow/.local/lib/python3.8/site-packages/airflow/example_dags/example_python_operator.py for tasks to queue
[2024-02-23T16:40:57.203+0000] {logging_mixin.py:188} INFO - [2024-02-23T16:40:57.203+0000] {dagbag.py:538} INFO - Filling up the DagBag from /home/airflow/.local/lib/python3.8/site-packages/airflow/example_dags/example_python_operator.py
[2024-02-23T16:40:57.224+0000] {processor.py:840} INFO - DAG(s) 'example_python_operator' retrieved from /home/airflow/.local/lib/python3.8/site-packages/airflow/example_dags/example_python_operator.py
[2024-02-23T16:40:57.283+0000] {logging_mixin.py:188} INFO - [2024-02-23T16:40:57.282+0000] {dag.py:3036} INFO - Sync 1 DAGs
[2024-02-23T16:40:57.311+0000] {logging_mixin.py:188} INFO - [2024-02-23T16:40:57.310+0000] {dag.py:3823} INFO - Setting next_dagrun for example_python_operator to None, run_after=None
[2024-02-23T16:40:57.361+0000] {processor.py:183} INFO - Processing /home/airflow/.local/lib/python3.8/site-packages/airflow/example_dags/example_python_operator.py took 0.169 seconds
[2024-02-23T16:41:27.442+0000] {processor.py:161} INFO - Started process (PID=969) to work on /home/airflow/.local/lib/python3.8/site-packages/airflow/example_dags/example_python_operator.py
[2024-02-23T16:41:27.443+0000] {processor.py:830} INFO - Processing file /home/airflow/.local/lib/python3.8/site-packages/airflow/example_dags/example_python_operator.py for tasks to queue
[2024-02-23T16:41:27.447+0000] {logging_mixin.py:188} INFO - [2024-02-23T16:41:27.446+0000] {dagbag.py:538} INFO - Filling up the DagBag from /home/airflow/.local/lib/python3.8/site-packages/airflow/example_dags/example_python_operator.py
[2024-02-23T16:41:27.468+0000] {processor.py:840} INFO - DAG(s) 'example_python_operator' retrieved from /home/airflow/.local/lib/python3.8/site-packages/airflow/example_dags/example_python_operator.py
[2024-02-23T16:41:27.513+0000] {logging_mixin.py:188} INFO - [2024-02-23T16:41:27.513+0000] {dag.py:3036} INFO - Sync 1 DAGs
[2024-02-23T16:41:27.536+0000] {logging_mixin.py:188} INFO - [2024-02-23T16:41:27.536+0000] {dag.py:3823} INFO - Setting next_dagrun for example_python_operator to None, run_after=None
[2024-02-23T16:41:27.569+0000] {processor.py:183} INFO - Processing /home/airflow/.local/lib/python3.8/site-packages/airflow/example_dags/example_python_operator.py took 0.134 seconds
[2024-02-23T16:43:05.740+0000] {processor.py:161} INFO - Started process (PID=56) to work on /home/airflow/.local/lib/python3.8/site-packages/airflow/example_dags/example_python_operator.py
[2024-02-23T16:43:05.742+0000] {processor.py:830} INFO - Processing file /home/airflow/.local/lib/python3.8/site-packages/airflow/example_dags/example_python_operator.py for tasks to queue
[2024-02-23T16:43:05.744+0000] {logging_mixin.py:188} INFO - [2024-02-23T16:43:05.744+0000] {dagbag.py:538} INFO - Filling up the DagBag from /home/airflow/.local/lib/python3.8/site-packages/airflow/example_dags/example_python_operator.py
[2024-02-23T16:43:05.768+0000] {processor.py:840} INFO - DAG(s) 'example_python_operator' retrieved from /home/airflow/.local/lib/python3.8/site-packages/airflow/example_dags/example_python_operator.py
[2024-02-23T16:43:05.974+0000] {logging_mixin.py:188} INFO - [2024-02-23T16:43:05.973+0000] {dag.py:3036} INFO - Sync 1 DAGs
[2024-02-23T16:43:05.994+0000] {logging_mixin.py:188} INFO - [2024-02-23T16:43:05.993+0000] {dag.py:3823} INFO - Setting next_dagrun for example_python_operator to None, run_after=None
[2024-02-23T16:43:06.032+0000] {processor.py:183} INFO - Processing /home/airflow/.local/lib/python3.8/site-packages/airflow/example_dags/example_python_operator.py took 0.298 seconds
[2024-02-23T16:43:36.461+0000] {processor.py:161} INFO - Started process (PID=113) to work on /home/airflow/.local/lib/python3.8/site-packages/airflow/example_dags/example_python_operator.py
[2024-02-23T16:43:36.462+0000] {processor.py:830} INFO - Processing file /home/airflow/.local/lib/python3.8/site-packages/airflow/example_dags/example_python_operator.py for tasks to queue
[2024-02-23T16:43:36.465+0000] {logging_mixin.py:188} INFO - [2024-02-23T16:43:36.465+0000] {dagbag.py:538} INFO - Filling up the DagBag from /home/airflow/.local/lib/python3.8/site-packages/airflow/example_dags/example_python_operator.py
[2024-02-23T16:43:36.484+0000] {processor.py:840} INFO - DAG(s) 'example_python_operator' retrieved from /home/airflow/.local/lib/python3.8/site-packages/airflow/example_dags/example_python_operator.py
[2024-02-23T16:43:36.523+0000] {logging_mixin.py:188} INFO - [2024-02-23T16:43:36.523+0000] {dag.py:3036} INFO - Sync 1 DAGs
[2024-02-23T16:43:36.545+0000] {logging_mixin.py:188} INFO - [2024-02-23T16:43:36.545+0000] {dag.py:3823} INFO - Setting next_dagrun for example_python_operator to None, run_after=None
[2024-02-23T16:43:36.575+0000] {processor.py:183} INFO - Processing /home/airflow/.local/lib/python3.8/site-packages/airflow/example_dags/example_python_operator.py took 0.120 seconds
[2024-02-23T16:44:06.681+0000] {processor.py:161} INFO - Started process (PID=170) to work on /home/airflow/.local/lib/python3.8/site-packages/airflow/example_dags/example_python_operator.py
[2024-02-23T16:44:06.683+0000] {processor.py:830} INFO - Processing file /home/airflow/.local/lib/python3.8/site-packages/airflow/example_dags/example_python_operator.py for tasks to queue
[2024-02-23T16:44:06.686+0000] {logging_mixin.py:188} INFO - [2024-02-23T16:44:06.685+0000] {dagbag.py:538} INFO - Filling up the DagBag from /home/airflow/.local/lib/python3.8/site-packages/airflow/example_dags/example_python_operator.py
[2024-02-23T16:44:06.703+0000] {processor.py:840} INFO - DAG(s) 'example_python_operator' retrieved from /home/airflow/.local/lib/python3.8/site-packages/airflow/example_dags/example_python_operator.py
[2024-02-23T16:44:06.742+0000] {logging_mixin.py:188} INFO - [2024-02-23T16:44:06.742+0000] {dag.py:3036} INFO - Sync 1 DAGs
[2024-02-23T16:44:06.764+0000] {logging_mixin.py:188} INFO - [2024-02-23T16:44:06.763+0000] {dag.py:3823} INFO - Setting next_dagrun for example_python_operator to None, run_after=None
[2024-02-23T16:44:06.798+0000] {processor.py:183} INFO - Processing /home/airflow/.local/lib/python3.8/site-packages/airflow/example_dags/example_python_operator.py took 0.122 seconds
[2024-02-23T16:44:37.301+0000] {processor.py:161} INFO - Started process (PID=227) to work on /home/airflow/.local/lib/python3.8/site-packages/airflow/example_dags/example_python_operator.py
[2024-02-23T16:44:37.302+0000] {processor.py:830} INFO - Processing file /home/airflow/.local/lib/python3.8/site-packages/airflow/example_dags/example_python_operator.py for tasks to queue
[2024-02-23T16:44:37.305+0000] {logging_mixin.py:188} INFO - [2024-02-23T16:44:37.305+0000] {dagbag.py:538} INFO - Filling up the DagBag from /home/airflow/.local/lib/python3.8/site-packages/airflow/example_dags/example_python_operator.py
[2024-02-23T16:44:37.327+0000] {processor.py:840} INFO - DAG(s) 'example_python_operator' retrieved from /home/airflow/.local/lib/python3.8/site-packages/airflow/example_dags/example_python_operator.py
[2024-02-23T16:44:37.373+0000] {logging_mixin.py:188} INFO - [2024-02-23T16:44:37.373+0000] {dag.py:3036} INFO - Sync 1 DAGs
[2024-02-23T16:44:37.399+0000] {logging_mixin.py:188} INFO - [2024-02-23T16:44:37.398+0000] {dag.py:3823} INFO - Setting next_dagrun for example_python_operator to None, run_after=None
[2024-02-23T16:44:37.433+0000] {processor.py:183} INFO - Processing /home/airflow/.local/lib/python3.8/site-packages/airflow/example_dags/example_python_operator.py took 0.139 seconds
[2024-02-23T16:45:07.855+0000] {processor.py:161} INFO - Started process (PID=284) to work on /home/airflow/.local/lib/python3.8/site-packages/airflow/example_dags/example_python_operator.py
[2024-02-23T16:45:07.856+0000] {processor.py:830} INFO - Processing file /home/airflow/.local/lib/python3.8/site-packages/airflow/example_dags/example_python_operator.py for tasks to queue
[2024-02-23T16:45:07.859+0000] {logging_mixin.py:188} INFO - [2024-02-23T16:45:07.859+0000] {dagbag.py:538} INFO - Filling up the DagBag from /home/airflow/.local/lib/python3.8/site-packages/airflow/example_dags/example_python_operator.py
[2024-02-23T16:45:07.879+0000] {processor.py:840} INFO - DAG(s) 'example_python_operator' retrieved from /home/airflow/.local/lib/python3.8/site-packages/airflow/example_dags/example_python_operator.py
[2024-02-23T16:45:07.916+0000] {logging_mixin.py:188} INFO - [2024-02-23T16:45:07.915+0000] {dag.py:3036} INFO - Sync 1 DAGs
[2024-02-23T16:45:07.938+0000] {logging_mixin.py:188} INFO - [2024-02-23T16:45:07.938+0000] {dag.py:3823} INFO - Setting next_dagrun for example_python_operator to None, run_after=None
[2024-02-23T16:45:07.972+0000] {processor.py:183} INFO - Processing /home/airflow/.local/lib/python3.8/site-packages/airflow/example_dags/example_python_operator.py took 0.123 seconds
[2024-02-23T16:45:38.163+0000] {processor.py:161} INFO - Started process (PID=340) to work on /home/airflow/.local/lib/python3.8/site-packages/airflow/example_dags/example_python_operator.py
[2024-02-23T16:45:38.165+0000] {processor.py:830} INFO - Processing file /home/airflow/.local/lib/python3.8/site-packages/airflow/example_dags/example_python_operator.py for tasks to queue
[2024-02-23T16:45:38.168+0000] {logging_mixin.py:188} INFO - [2024-02-23T16:45:38.167+0000] {dagbag.py:538} INFO - Filling up the DagBag from /home/airflow/.local/lib/python3.8/site-packages/airflow/example_dags/example_python_operator.py
[2024-02-23T16:45:38.189+0000] {processor.py:840} INFO - DAG(s) 'example_python_operator' retrieved from /home/airflow/.local/lib/python3.8/site-packages/airflow/example_dags/example_python_operator.py
[2024-02-23T16:45:38.230+0000] {logging_mixin.py:188} INFO - [2024-02-23T16:45:38.230+0000] {dag.py:3036} INFO - Sync 1 DAGs
[2024-02-23T16:45:38.255+0000] {logging_mixin.py:188} INFO - [2024-02-23T16:45:38.255+0000] {dag.py:3823} INFO - Setting next_dagrun for example_python_operator to None, run_after=None
[2024-02-23T16:45:38.291+0000] {processor.py:183} INFO - Processing /home/airflow/.local/lib/python3.8/site-packages/airflow/example_dags/example_python_operator.py took 0.133 seconds
[2024-02-23T16:46:08.563+0000] {processor.py:161} INFO - Started process (PID=397) to work on /home/airflow/.local/lib/python3.8/site-packages/airflow/example_dags/example_python_operator.py
[2024-02-23T16:46:08.565+0000] {processor.py:830} INFO - Processing file /home/airflow/.local/lib/python3.8/site-packages/airflow/example_dags/example_python_operator.py for tasks to queue
[2024-02-23T16:46:08.568+0000] {logging_mixin.py:188} INFO - [2024-02-23T16:46:08.568+0000] {dagbag.py:538} INFO - Filling up the DagBag from /home/airflow/.local/lib/python3.8/site-packages/airflow/example_dags/example_python_operator.py
[2024-02-23T16:46:08.592+0000] {processor.py:840} INFO - DAG(s) 'example_python_operator' retrieved from /home/airflow/.local/lib/python3.8/site-packages/airflow/example_dags/example_python_operator.py
[2024-02-23T16:46:08.637+0000] {logging_mixin.py:188} INFO - [2024-02-23T16:46:08.636+0000] {dag.py:3036} INFO - Sync 1 DAGs
[2024-02-23T16:46:08.664+0000] {logging_mixin.py:188} INFO - [2024-02-23T16:46:08.663+0000] {dag.py:3823} INFO - Setting next_dagrun for example_python_operator to None, run_after=None
[2024-02-23T16:46:08.700+0000] {processor.py:183} INFO - Processing /home/airflow/.local/lib/python3.8/site-packages/airflow/example_dags/example_python_operator.py took 0.145 seconds
[2024-02-23T16:46:39.263+0000] {processor.py:161} INFO - Started process (PID=454) to work on /home/airflow/.local/lib/python3.8/site-packages/airflow/example_dags/example_python_operator.py
[2024-02-23T16:46:39.264+0000] {processor.py:830} INFO - Processing file /home/airflow/.local/lib/python3.8/site-packages/airflow/example_dags/example_python_operator.py for tasks to queue
[2024-02-23T16:46:39.267+0000] {logging_mixin.py:188} INFO - [2024-02-23T16:46:39.266+0000] {dagbag.py:538} INFO - Filling up the DagBag from /home/airflow/.local/lib/python3.8/site-packages/airflow/example_dags/example_python_operator.py
[2024-02-23T16:46:39.286+0000] {processor.py:840} INFO - DAG(s) 'example_python_operator' retrieved from /home/airflow/.local/lib/python3.8/site-packages/airflow/example_dags/example_python_operator.py
[2024-02-23T16:46:39.326+0000] {logging_mixin.py:188} INFO - [2024-02-23T16:46:39.325+0000] {dag.py:3036} INFO - Sync 1 DAGs
[2024-02-23T16:46:39.351+0000] {logging_mixin.py:188} INFO - [2024-02-23T16:46:39.351+0000] {dag.py:3823} INFO - Setting next_dagrun for example_python_operator to None, run_after=None
[2024-02-23T16:46:39.383+0000] {processor.py:183} INFO - Processing /home/airflow/.local/lib/python3.8/site-packages/airflow/example_dags/example_python_operator.py took 0.125 seconds
[2024-02-23T16:47:09.627+0000] {processor.py:161} INFO - Started process (PID=511) to work on /home/airflow/.local/lib/python3.8/site-packages/airflow/example_dags/example_python_operator.py
[2024-02-23T16:47:09.629+0000] {processor.py:830} INFO - Processing file /home/airflow/.local/lib/python3.8/site-packages/airflow/example_dags/example_python_operator.py for tasks to queue
[2024-02-23T16:47:09.631+0000] {logging_mixin.py:188} INFO - [2024-02-23T16:47:09.631+0000] {dagbag.py:538} INFO - Filling up the DagBag from /home/airflow/.local/lib/python3.8/site-packages/airflow/example_dags/example_python_operator.py
[2024-02-23T16:47:09.650+0000] {processor.py:840} INFO - DAG(s) 'example_python_operator' retrieved from /home/airflow/.local/lib/python3.8/site-packages/airflow/example_dags/example_python_operator.py
[2024-02-23T16:47:09.693+0000] {logging_mixin.py:188} INFO - [2024-02-23T16:47:09.693+0000] {dag.py:3036} INFO - Sync 1 DAGs
[2024-02-23T16:47:09.717+0000] {logging_mixin.py:188} INFO - [2024-02-23T16:47:09.717+0000] {dag.py:3823} INFO - Setting next_dagrun for example_python_operator to None, run_after=None
[2024-02-23T16:47:09.759+0000] {processor.py:183} INFO - Processing /home/airflow/.local/lib/python3.8/site-packages/airflow/example_dags/example_python_operator.py took 0.137 seconds
[2024-02-23T16:48:37.622+0000] {processor.py:161} INFO - Started process (PID=56) to work on /home/airflow/.local/lib/python3.8/site-packages/airflow/example_dags/example_python_operator.py
[2024-02-23T16:48:37.624+0000] {processor.py:830} INFO - Processing file /home/airflow/.local/lib/python3.8/site-packages/airflow/example_dags/example_python_operator.py for tasks to queue
[2024-02-23T16:48:37.628+0000] {logging_mixin.py:188} INFO - [2024-02-23T16:48:37.627+0000] {dagbag.py:538} INFO - Filling up the DagBag from /home/airflow/.local/lib/python3.8/site-packages/airflow/example_dags/example_python_operator.py
[2024-02-23T16:48:37.662+0000] {processor.py:840} INFO - DAG(s) 'example_python_operator' retrieved from /home/airflow/.local/lib/python3.8/site-packages/airflow/example_dags/example_python_operator.py
[2024-02-23T16:48:37.927+0000] {logging_mixin.py:188} INFO - [2024-02-23T16:48:37.927+0000] {dag.py:3036} INFO - Sync 1 DAGs
[2024-02-23T16:48:37.950+0000] {logging_mixin.py:188} INFO - [2024-02-23T16:48:37.950+0000] {dag.py:3823} INFO - Setting next_dagrun for example_python_operator to None, run_after=None
[2024-02-23T16:48:37.993+0000] {processor.py:183} INFO - Processing /home/airflow/.local/lib/python3.8/site-packages/airflow/example_dags/example_python_operator.py took 0.376 seconds
[2024-02-23T16:51:57.411+0000] {processor.py:161} INFO - Started process (PID=48) to work on /home/airflow/.local/lib/python3.8/site-packages/airflow/example_dags/example_python_operator.py
[2024-02-23T16:51:57.412+0000] {processor.py:830} INFO - Processing file /home/airflow/.local/lib/python3.8/site-packages/airflow/example_dags/example_python_operator.py for tasks to queue
[2024-02-23T16:51:57.415+0000] {logging_mixin.py:188} INFO - [2024-02-23T16:51:57.415+0000] {dagbag.py:538} INFO - Filling up the DagBag from /home/airflow/.local/lib/python3.8/site-packages/airflow/example_dags/example_python_operator.py
[2024-02-23T16:51:57.439+0000] {processor.py:840} INFO - DAG(s) 'example_python_operator' retrieved from /home/airflow/.local/lib/python3.8/site-packages/airflow/example_dags/example_python_operator.py
[2024-02-23T16:51:57.664+0000] {logging_mixin.py:188} INFO - [2024-02-23T16:51:57.664+0000] {dag.py:3036} INFO - Sync 1 DAGs
[2024-02-23T16:51:57.683+0000] {logging_mixin.py:188} INFO - [2024-02-23T16:51:57.682+0000] {dag.py:3823} INFO - Setting next_dagrun for example_python_operator to None, run_after=None
[2024-02-23T16:51:57.714+0000] {processor.py:183} INFO - Processing /home/airflow/.local/lib/python3.8/site-packages/airflow/example_dags/example_python_operator.py took 0.309 seconds
[2024-02-23T16:52:27.765+0000] {processor.py:161} INFO - Started process (PID=106) to work on /home/airflow/.local/lib/python3.8/site-packages/airflow/example_dags/example_python_operator.py
[2024-02-23T16:52:27.767+0000] {processor.py:830} INFO - Processing file /home/airflow/.local/lib/python3.8/site-packages/airflow/example_dags/example_python_operator.py for tasks to queue
[2024-02-23T16:52:27.770+0000] {logging_mixin.py:188} INFO - [2024-02-23T16:52:27.769+0000] {dagbag.py:538} INFO - Filling up the DagBag from /home/airflow/.local/lib/python3.8/site-packages/airflow/example_dags/example_python_operator.py
[2024-02-23T16:52:27.789+0000] {processor.py:840} INFO - DAG(s) 'example_python_operator' retrieved from /home/airflow/.local/lib/python3.8/site-packages/airflow/example_dags/example_python_operator.py
[2024-02-23T16:52:27.825+0000] {logging_mixin.py:188} INFO - [2024-02-23T16:52:27.825+0000] {dag.py:3036} INFO - Sync 1 DAGs
[2024-02-23T16:52:27.849+0000] {logging_mixin.py:188} INFO - [2024-02-23T16:52:27.849+0000] {dag.py:3823} INFO - Setting next_dagrun for example_python_operator to None, run_after=None
[2024-02-23T16:52:27.879+0000] {processor.py:183} INFO - Processing /home/airflow/.local/lib/python3.8/site-packages/airflow/example_dags/example_python_operator.py took 0.118 seconds
[2024-02-23T16:52:58.478+0000] {processor.py:161} INFO - Started process (PID=164) to work on /home/airflow/.local/lib/python3.8/site-packages/airflow/example_dags/example_python_operator.py
[2024-02-23T16:52:58.480+0000] {processor.py:830} INFO - Processing file /home/airflow/.local/lib/python3.8/site-packages/airflow/example_dags/example_python_operator.py for tasks to queue
[2024-02-23T16:52:58.484+0000] {logging_mixin.py:188} INFO - [2024-02-23T16:52:58.484+0000] {dagbag.py:538} INFO - Filling up the DagBag from /home/airflow/.local/lib/python3.8/site-packages/airflow/example_dags/example_python_operator.py
[2024-02-23T16:52:58.509+0000] {processor.py:840} INFO - DAG(s) 'example_python_operator' retrieved from /home/airflow/.local/lib/python3.8/site-packages/airflow/example_dags/example_python_operator.py
[2024-02-23T16:52:58.564+0000] {logging_mixin.py:188} INFO - [2024-02-23T16:52:58.563+0000] {dag.py:3036} INFO - Sync 1 DAGs
[2024-02-23T16:52:58.596+0000] {logging_mixin.py:188} INFO - [2024-02-23T16:52:58.595+0000] {dag.py:3823} INFO - Setting next_dagrun for example_python_operator to None, run_after=None
[2024-02-23T16:52:58.643+0000] {processor.py:183} INFO - Processing /home/airflow/.local/lib/python3.8/site-packages/airflow/example_dags/example_python_operator.py took 0.171 seconds
