[2024-02-23T16:33:17.334+0000] {processor.py:161} INFO - Started process (PID=61) to work on /home/airflow/.local/lib/python3.8/site-packages/airflow/example_dags/example_setup_teardown.py
[2024-02-23T16:33:17.336+0000] {processor.py:830} INFO - Processing file /home/airflow/.local/lib/python3.8/site-packages/airflow/example_dags/example_setup_teardown.py for tasks to queue
[2024-02-23T16:33:17.339+0000] {logging_mixin.py:188} INFO - [2024-02-23T16:33:17.338+0000] {dagbag.py:538} INFO - Filling up the DagBag from /home/airflow/.local/lib/python3.8/site-packages/airflow/example_dags/example_setup_teardown.py
[2024-02-23T16:33:17.356+0000] {processor.py:840} INFO - DAG(s) 'example_setup_teardown' retrieved from /home/airflow/.local/lib/python3.8/site-packages/airflow/example_dags/example_setup_teardown.py
[2024-02-23T16:33:17.579+0000] {logging_mixin.py:188} INFO - [2024-02-23T16:33:17.579+0000] {dag.py:3036} INFO - Sync 1 DAGs
[2024-02-23T16:33:17.626+0000] {logging_mixin.py:188} INFO - [2024-02-23T16:33:17.625+0000] {dag.py:3823} INFO - Setting next_dagrun for example_setup_teardown to 2024-02-22 00:00:00+00:00, run_after=2024-02-23 00:00:00+00:00
[2024-02-23T16:33:17.655+0000] {processor.py:183} INFO - Processing /home/airflow/.local/lib/python3.8/site-packages/airflow/example_dags/example_setup_teardown.py took 0.327 seconds
[2024-02-23T16:33:48.313+0000] {processor.py:161} INFO - Started process (PID=118) to work on /home/airflow/.local/lib/python3.8/site-packages/airflow/example_dags/example_setup_teardown.py
[2024-02-23T16:33:48.315+0000] {processor.py:830} INFO - Processing file /home/airflow/.local/lib/python3.8/site-packages/airflow/example_dags/example_setup_teardown.py for tasks to queue
[2024-02-23T16:33:48.317+0000] {logging_mixin.py:188} INFO - [2024-02-23T16:33:48.317+0000] {dagbag.py:538} INFO - Filling up the DagBag from /home/airflow/.local/lib/python3.8/site-packages/airflow/example_dags/example_setup_teardown.py
[2024-02-23T16:33:48.329+0000] {processor.py:840} INFO - DAG(s) 'example_setup_teardown' retrieved from /home/airflow/.local/lib/python3.8/site-packages/airflow/example_dags/example_setup_teardown.py
[2024-02-23T16:33:48.366+0000] {logging_mixin.py:188} INFO - [2024-02-23T16:33:48.365+0000] {dag.py:3036} INFO - Sync 1 DAGs
[2024-02-23T16:33:48.407+0000] {logging_mixin.py:188} INFO - [2024-02-23T16:33:48.406+0000] {dag.py:3823} INFO - Setting next_dagrun for example_setup_teardown to 2024-02-22 00:00:00+00:00, run_after=2024-02-23 00:00:00+00:00
[2024-02-23T16:33:48.436+0000] {processor.py:183} INFO - Processing /home/airflow/.local/lib/python3.8/site-packages/airflow/example_dags/example_setup_teardown.py took 0.128 seconds
[2024-02-23T16:34:19.153+0000] {processor.py:161} INFO - Started process (PID=175) to work on /home/airflow/.local/lib/python3.8/site-packages/airflow/example_dags/example_setup_teardown.py
[2024-02-23T16:34:19.154+0000] {processor.py:830} INFO - Processing file /home/airflow/.local/lib/python3.8/site-packages/airflow/example_dags/example_setup_teardown.py for tasks to queue
[2024-02-23T16:34:19.157+0000] {logging_mixin.py:188} INFO - [2024-02-23T16:34:19.156+0000] {dagbag.py:538} INFO - Filling up the DagBag from /home/airflow/.local/lib/python3.8/site-packages/airflow/example_dags/example_setup_teardown.py
[2024-02-23T16:34:19.169+0000] {processor.py:840} INFO - DAG(s) 'example_setup_teardown' retrieved from /home/airflow/.local/lib/python3.8/site-packages/airflow/example_dags/example_setup_teardown.py
[2024-02-23T16:34:19.203+0000] {logging_mixin.py:188} INFO - [2024-02-23T16:34:19.203+0000] {dag.py:3036} INFO - Sync 1 DAGs
[2024-02-23T16:34:19.247+0000] {logging_mixin.py:188} INFO - [2024-02-23T16:34:19.246+0000] {dag.py:3823} INFO - Setting next_dagrun for example_setup_teardown to 2024-02-22 00:00:00+00:00, run_after=2024-02-23 00:00:00+00:00
[2024-02-23T16:34:19.280+0000] {processor.py:183} INFO - Processing /home/airflow/.local/lib/python3.8/site-packages/airflow/example_dags/example_setup_teardown.py took 0.132 seconds
[2024-02-23T16:34:49.446+0000] {processor.py:161} INFO - Started process (PID=232) to work on /home/airflow/.local/lib/python3.8/site-packages/airflow/example_dags/example_setup_teardown.py
[2024-02-23T16:34:49.447+0000] {processor.py:830} INFO - Processing file /home/airflow/.local/lib/python3.8/site-packages/airflow/example_dags/example_setup_teardown.py for tasks to queue
[2024-02-23T16:34:49.450+0000] {logging_mixin.py:188} INFO - [2024-02-23T16:34:49.450+0000] {dagbag.py:538} INFO - Filling up the DagBag from /home/airflow/.local/lib/python3.8/site-packages/airflow/example_dags/example_setup_teardown.py
[2024-02-23T16:34:49.462+0000] {processor.py:840} INFO - DAG(s) 'example_setup_teardown' retrieved from /home/airflow/.local/lib/python3.8/site-packages/airflow/example_dags/example_setup_teardown.py
[2024-02-23T16:34:49.496+0000] {logging_mixin.py:188} INFO - [2024-02-23T16:34:49.495+0000] {dag.py:3036} INFO - Sync 1 DAGs
[2024-02-23T16:34:49.536+0000] {logging_mixin.py:188} INFO - [2024-02-23T16:34:49.535+0000] {dag.py:3823} INFO - Setting next_dagrun for example_setup_teardown to 2024-02-22 00:00:00+00:00, run_after=2024-02-23 00:00:00+00:00
[2024-02-23T16:34:49.571+0000] {processor.py:183} INFO - Processing /home/airflow/.local/lib/python3.8/site-packages/airflow/example_dags/example_setup_teardown.py took 0.131 seconds
[2024-02-23T16:35:20.322+0000] {processor.py:161} INFO - Started process (PID=289) to work on /home/airflow/.local/lib/python3.8/site-packages/airflow/example_dags/example_setup_teardown.py
[2024-02-23T16:35:20.323+0000] {processor.py:830} INFO - Processing file /home/airflow/.local/lib/python3.8/site-packages/airflow/example_dags/example_setup_teardown.py for tasks to queue
[2024-02-23T16:35:20.326+0000] {logging_mixin.py:188} INFO - [2024-02-23T16:35:20.325+0000] {dagbag.py:538} INFO - Filling up the DagBag from /home/airflow/.local/lib/python3.8/site-packages/airflow/example_dags/example_setup_teardown.py
[2024-02-23T16:35:20.338+0000] {processor.py:840} INFO - DAG(s) 'example_setup_teardown' retrieved from /home/airflow/.local/lib/python3.8/site-packages/airflow/example_dags/example_setup_teardown.py
[2024-02-23T16:35:20.373+0000] {logging_mixin.py:188} INFO - [2024-02-23T16:35:20.372+0000] {dag.py:3036} INFO - Sync 1 DAGs
[2024-02-23T16:35:20.414+0000] {logging_mixin.py:188} INFO - [2024-02-23T16:35:20.414+0000] {dag.py:3823} INFO - Setting next_dagrun for example_setup_teardown to 2024-02-22 00:00:00+00:00, run_after=2024-02-23 00:00:00+00:00
[2024-02-23T16:35:20.444+0000] {processor.py:183} INFO - Processing /home/airflow/.local/lib/python3.8/site-packages/airflow/example_dags/example_setup_teardown.py took 0.127 seconds
[2024-02-23T16:35:50.509+0000] {processor.py:161} INFO - Started process (PID=347) to work on /home/airflow/.local/lib/python3.8/site-packages/airflow/example_dags/example_setup_teardown.py
[2024-02-23T16:35:50.511+0000] {processor.py:830} INFO - Processing file /home/airflow/.local/lib/python3.8/site-packages/airflow/example_dags/example_setup_teardown.py for tasks to queue
[2024-02-23T16:35:50.514+0000] {logging_mixin.py:188} INFO - [2024-02-23T16:35:50.514+0000] {dagbag.py:538} INFO - Filling up the DagBag from /home/airflow/.local/lib/python3.8/site-packages/airflow/example_dags/example_setup_teardown.py
[2024-02-23T16:35:50.529+0000] {processor.py:840} INFO - DAG(s) 'example_setup_teardown' retrieved from /home/airflow/.local/lib/python3.8/site-packages/airflow/example_dags/example_setup_teardown.py
[2024-02-23T16:35:50.567+0000] {logging_mixin.py:188} INFO - [2024-02-23T16:35:50.567+0000] {dag.py:3036} INFO - Sync 1 DAGs
[2024-02-23T16:35:50.612+0000] {logging_mixin.py:188} INFO - [2024-02-23T16:35:50.612+0000] {dag.py:3823} INFO - Setting next_dagrun for example_setup_teardown to 2024-02-22 00:00:00+00:00, run_after=2024-02-23 00:00:00+00:00
[2024-02-23T16:35:50.647+0000] {processor.py:183} INFO - Processing /home/airflow/.local/lib/python3.8/site-packages/airflow/example_dags/example_setup_teardown.py took 0.143 seconds
[2024-02-23T16:36:21.010+0000] {processor.py:161} INFO - Started process (PID=404) to work on /home/airflow/.local/lib/python3.8/site-packages/airflow/example_dags/example_setup_teardown.py
[2024-02-23T16:36:21.011+0000] {processor.py:830} INFO - Processing file /home/airflow/.local/lib/python3.8/site-packages/airflow/example_dags/example_setup_teardown.py for tasks to queue
[2024-02-23T16:36:21.014+0000] {logging_mixin.py:188} INFO - [2024-02-23T16:36:21.014+0000] {dagbag.py:538} INFO - Filling up the DagBag from /home/airflow/.local/lib/python3.8/site-packages/airflow/example_dags/example_setup_teardown.py
[2024-02-23T16:36:21.025+0000] {processor.py:840} INFO - DAG(s) 'example_setup_teardown' retrieved from /home/airflow/.local/lib/python3.8/site-packages/airflow/example_dags/example_setup_teardown.py
[2024-02-23T16:36:21.059+0000] {logging_mixin.py:188} INFO - [2024-02-23T16:36:21.058+0000] {dag.py:3036} INFO - Sync 1 DAGs
[2024-02-23T16:36:21.105+0000] {logging_mixin.py:188} INFO - [2024-02-23T16:36:21.105+0000] {dag.py:3823} INFO - Setting next_dagrun for example_setup_teardown to 2024-02-22 00:00:00+00:00, run_after=2024-02-23 00:00:00+00:00
[2024-02-23T16:36:21.150+0000] {processor.py:183} INFO - Processing /home/airflow/.local/lib/python3.8/site-packages/airflow/example_dags/example_setup_teardown.py took 0.146 seconds
[2024-02-23T16:36:51.783+0000] {processor.py:161} INFO - Started process (PID=461) to work on /home/airflow/.local/lib/python3.8/site-packages/airflow/example_dags/example_setup_teardown.py
[2024-02-23T16:36:51.785+0000] {processor.py:830} INFO - Processing file /home/airflow/.local/lib/python3.8/site-packages/airflow/example_dags/example_setup_teardown.py for tasks to queue
[2024-02-23T16:36:51.788+0000] {logging_mixin.py:188} INFO - [2024-02-23T16:36:51.787+0000] {dagbag.py:538} INFO - Filling up the DagBag from /home/airflow/.local/lib/python3.8/site-packages/airflow/example_dags/example_setup_teardown.py
[2024-02-23T16:36:51.802+0000] {processor.py:840} INFO - DAG(s) 'example_setup_teardown' retrieved from /home/airflow/.local/lib/python3.8/site-packages/airflow/example_dags/example_setup_teardown.py
[2024-02-23T16:36:51.847+0000] {logging_mixin.py:188} INFO - [2024-02-23T16:36:51.847+0000] {dag.py:3036} INFO - Sync 1 DAGs
[2024-02-23T16:36:51.906+0000] {logging_mixin.py:188} INFO - [2024-02-23T16:36:51.905+0000] {dag.py:3823} INFO - Setting next_dagrun for example_setup_teardown to 2024-02-22 00:00:00+00:00, run_after=2024-02-23 00:00:00+00:00
[2024-02-23T16:36:51.951+0000] {processor.py:183} INFO - Processing /home/airflow/.local/lib/python3.8/site-packages/airflow/example_dags/example_setup_teardown.py took 0.175 seconds
[2024-02-23T16:37:22.274+0000] {processor.py:161} INFO - Started process (PID=518) to work on /home/airflow/.local/lib/python3.8/site-packages/airflow/example_dags/example_setup_teardown.py
[2024-02-23T16:37:22.276+0000] {processor.py:830} INFO - Processing file /home/airflow/.local/lib/python3.8/site-packages/airflow/example_dags/example_setup_teardown.py for tasks to queue
[2024-02-23T16:37:22.278+0000] {logging_mixin.py:188} INFO - [2024-02-23T16:37:22.278+0000] {dagbag.py:538} INFO - Filling up the DagBag from /home/airflow/.local/lib/python3.8/site-packages/airflow/example_dags/example_setup_teardown.py
[2024-02-23T16:37:22.289+0000] {processor.py:840} INFO - DAG(s) 'example_setup_teardown' retrieved from /home/airflow/.local/lib/python3.8/site-packages/airflow/example_dags/example_setup_teardown.py
[2024-02-23T16:37:22.322+0000] {logging_mixin.py:188} INFO - [2024-02-23T16:37:22.322+0000] {dag.py:3036} INFO - Sync 1 DAGs
[2024-02-23T16:37:22.363+0000] {logging_mixin.py:188} INFO - [2024-02-23T16:37:22.362+0000] {dag.py:3823} INFO - Setting next_dagrun for example_setup_teardown to 2024-02-22 00:00:00+00:00, run_after=2024-02-23 00:00:00+00:00
[2024-02-23T16:37:22.396+0000] {processor.py:183} INFO - Processing /home/airflow/.local/lib/python3.8/site-packages/airflow/example_dags/example_setup_teardown.py took 0.127 seconds
[2024-02-23T16:37:52.813+0000] {processor.py:161} INFO - Started process (PID=575) to work on /home/airflow/.local/lib/python3.8/site-packages/airflow/example_dags/example_setup_teardown.py
[2024-02-23T16:37:52.815+0000] {processor.py:830} INFO - Processing file /home/airflow/.local/lib/python3.8/site-packages/airflow/example_dags/example_setup_teardown.py for tasks to queue
[2024-02-23T16:37:52.817+0000] {logging_mixin.py:188} INFO - [2024-02-23T16:37:52.817+0000] {dagbag.py:538} INFO - Filling up the DagBag from /home/airflow/.local/lib/python3.8/site-packages/airflow/example_dags/example_setup_teardown.py
[2024-02-23T16:37:52.828+0000] {processor.py:840} INFO - DAG(s) 'example_setup_teardown' retrieved from /home/airflow/.local/lib/python3.8/site-packages/airflow/example_dags/example_setup_teardown.py
[2024-02-23T16:37:52.868+0000] {logging_mixin.py:188} INFO - [2024-02-23T16:37:52.868+0000] {dag.py:3036} INFO - Sync 1 DAGs
[2024-02-23T16:37:52.909+0000] {logging_mixin.py:188} INFO - [2024-02-23T16:37:52.908+0000] {dag.py:3823} INFO - Setting next_dagrun for example_setup_teardown to 2024-02-22 00:00:00+00:00, run_after=2024-02-23 00:00:00+00:00
[2024-02-23T16:37:52.943+0000] {processor.py:183} INFO - Processing /home/airflow/.local/lib/python3.8/site-packages/airflow/example_dags/example_setup_teardown.py took 0.135 seconds
[2024-02-23T16:38:23.608+0000] {processor.py:161} INFO - Started process (PID=632) to work on /home/airflow/.local/lib/python3.8/site-packages/airflow/example_dags/example_setup_teardown.py
[2024-02-23T16:38:23.609+0000] {processor.py:830} INFO - Processing file /home/airflow/.local/lib/python3.8/site-packages/airflow/example_dags/example_setup_teardown.py for tasks to queue
[2024-02-23T16:38:23.612+0000] {logging_mixin.py:188} INFO - [2024-02-23T16:38:23.611+0000] {dagbag.py:538} INFO - Filling up the DagBag from /home/airflow/.local/lib/python3.8/site-packages/airflow/example_dags/example_setup_teardown.py
[2024-02-23T16:38:23.625+0000] {processor.py:840} INFO - DAG(s) 'example_setup_teardown' retrieved from /home/airflow/.local/lib/python3.8/site-packages/airflow/example_dags/example_setup_teardown.py
[2024-02-23T16:38:23.672+0000] {logging_mixin.py:188} INFO - [2024-02-23T16:38:23.671+0000] {dag.py:3036} INFO - Sync 1 DAGs
[2024-02-23T16:38:23.733+0000] {logging_mixin.py:188} INFO - [2024-02-23T16:38:23.732+0000] {dag.py:3823} INFO - Setting next_dagrun for example_setup_teardown to 2024-02-22 00:00:00+00:00, run_after=2024-02-23 00:00:00+00:00
[2024-02-23T16:38:23.779+0000] {processor.py:183} INFO - Processing /home/airflow/.local/lib/python3.8/site-packages/airflow/example_dags/example_setup_teardown.py took 0.177 seconds
[2024-02-23T16:38:54.177+0000] {processor.py:161} INFO - Started process (PID=688) to work on /home/airflow/.local/lib/python3.8/site-packages/airflow/example_dags/example_setup_teardown.py
[2024-02-23T16:38:54.178+0000] {processor.py:830} INFO - Processing file /home/airflow/.local/lib/python3.8/site-packages/airflow/example_dags/example_setup_teardown.py for tasks to queue
[2024-02-23T16:38:54.182+0000] {logging_mixin.py:188} INFO - [2024-02-23T16:38:54.181+0000] {dagbag.py:538} INFO - Filling up the DagBag from /home/airflow/.local/lib/python3.8/site-packages/airflow/example_dags/example_setup_teardown.py
[2024-02-23T16:38:54.195+0000] {processor.py:840} INFO - DAG(s) 'example_setup_teardown' retrieved from /home/airflow/.local/lib/python3.8/site-packages/airflow/example_dags/example_setup_teardown.py
[2024-02-23T16:38:54.238+0000] {logging_mixin.py:188} INFO - [2024-02-23T16:38:54.237+0000] {dag.py:3036} INFO - Sync 1 DAGs
[2024-02-23T16:38:54.291+0000] {logging_mixin.py:188} INFO - [2024-02-23T16:38:54.290+0000] {dag.py:3823} INFO - Setting next_dagrun for example_setup_teardown to 2024-02-22 00:00:00+00:00, run_after=2024-02-23 00:00:00+00:00
[2024-02-23T16:38:54.332+0000] {processor.py:183} INFO - Processing /home/airflow/.local/lib/python3.8/site-packages/airflow/example_dags/example_setup_teardown.py took 0.162 seconds
[2024-02-23T16:39:24.500+0000] {processor.py:161} INFO - Started process (PID=745) to work on /home/airflow/.local/lib/python3.8/site-packages/airflow/example_dags/example_setup_teardown.py
[2024-02-23T16:39:24.503+0000] {processor.py:830} INFO - Processing file /home/airflow/.local/lib/python3.8/site-packages/airflow/example_dags/example_setup_teardown.py for tasks to queue
[2024-02-23T16:39:24.506+0000] {logging_mixin.py:188} INFO - [2024-02-23T16:39:24.505+0000] {dagbag.py:538} INFO - Filling up the DagBag from /home/airflow/.local/lib/python3.8/site-packages/airflow/example_dags/example_setup_teardown.py
[2024-02-23T16:39:24.520+0000] {processor.py:840} INFO - DAG(s) 'example_setup_teardown' retrieved from /home/airflow/.local/lib/python3.8/site-packages/airflow/example_dags/example_setup_teardown.py
[2024-02-23T16:39:24.562+0000] {logging_mixin.py:188} INFO - [2024-02-23T16:39:24.561+0000] {dag.py:3036} INFO - Sync 1 DAGs
[2024-02-23T16:39:24.614+0000] {logging_mixin.py:188} INFO - [2024-02-23T16:39:24.613+0000] {dag.py:3823} INFO - Setting next_dagrun for example_setup_teardown to 2024-02-22 00:00:00+00:00, run_after=2024-02-23 00:00:00+00:00
[2024-02-23T16:39:24.661+0000] {processor.py:183} INFO - Processing /home/airflow/.local/lib/python3.8/site-packages/airflow/example_dags/example_setup_teardown.py took 0.170 seconds
[2024-02-23T16:39:55.478+0000] {processor.py:161} INFO - Started process (PID=802) to work on /home/airflow/.local/lib/python3.8/site-packages/airflow/example_dags/example_setup_teardown.py
[2024-02-23T16:39:55.479+0000] {processor.py:830} INFO - Processing file /home/airflow/.local/lib/python3.8/site-packages/airflow/example_dags/example_setup_teardown.py for tasks to queue
[2024-02-23T16:39:55.482+0000] {logging_mixin.py:188} INFO - [2024-02-23T16:39:55.481+0000] {dagbag.py:538} INFO - Filling up the DagBag from /home/airflow/.local/lib/python3.8/site-packages/airflow/example_dags/example_setup_teardown.py
[2024-02-23T16:39:55.493+0000] {processor.py:840} INFO - DAG(s) 'example_setup_teardown' retrieved from /home/airflow/.local/lib/python3.8/site-packages/airflow/example_dags/example_setup_teardown.py
[2024-02-23T16:39:55.531+0000] {logging_mixin.py:188} INFO - [2024-02-23T16:39:55.531+0000] {dag.py:3036} INFO - Sync 1 DAGs
[2024-02-23T16:39:55.575+0000] {logging_mixin.py:188} INFO - [2024-02-23T16:39:55.574+0000] {dag.py:3823} INFO - Setting next_dagrun for example_setup_teardown to 2024-02-22 00:00:00+00:00, run_after=2024-02-23 00:00:00+00:00
[2024-02-23T16:39:55.613+0000] {processor.py:183} INFO - Processing /home/airflow/.local/lib/python3.8/site-packages/airflow/example_dags/example_setup_teardown.py took 0.141 seconds
[2024-02-23T16:40:26.719+0000] {processor.py:161} INFO - Started process (PID=859) to work on /home/airflow/.local/lib/python3.8/site-packages/airflow/example_dags/example_setup_teardown.py
[2024-02-23T16:40:26.721+0000] {processor.py:830} INFO - Processing file /home/airflow/.local/lib/python3.8/site-packages/airflow/example_dags/example_setup_teardown.py for tasks to queue
[2024-02-23T16:40:26.727+0000] {logging_mixin.py:188} INFO - [2024-02-23T16:40:26.726+0000] {dagbag.py:538} INFO - Filling up the DagBag from /home/airflow/.local/lib/python3.8/site-packages/airflow/example_dags/example_setup_teardown.py
[2024-02-23T16:40:26.743+0000] {processor.py:840} INFO - DAG(s) 'example_setup_teardown' retrieved from /home/airflow/.local/lib/python3.8/site-packages/airflow/example_dags/example_setup_teardown.py
[2024-02-23T16:40:26.792+0000] {logging_mixin.py:188} INFO - [2024-02-23T16:40:26.791+0000] {dag.py:3036} INFO - Sync 1 DAGs
[2024-02-23T16:40:26.858+0000] {logging_mixin.py:188} INFO - [2024-02-23T16:40:26.857+0000] {dag.py:3823} INFO - Setting next_dagrun for example_setup_teardown to 2024-02-22 00:00:00+00:00, run_after=2024-02-23 00:00:00+00:00
[2024-02-23T16:40:26.905+0000] {processor.py:183} INFO - Processing /home/airflow/.local/lib/python3.8/site-packages/airflow/example_dags/example_setup_teardown.py took 0.192 seconds
[2024-02-23T16:40:57.774+0000] {processor.py:161} INFO - Started process (PID=917) to work on /home/airflow/.local/lib/python3.8/site-packages/airflow/example_dags/example_setup_teardown.py
[2024-02-23T16:40:57.777+0000] {processor.py:830} INFO - Processing file /home/airflow/.local/lib/python3.8/site-packages/airflow/example_dags/example_setup_teardown.py for tasks to queue
[2024-02-23T16:40:57.780+0000] {logging_mixin.py:188} INFO - [2024-02-23T16:40:57.780+0000] {dagbag.py:538} INFO - Filling up the DagBag from /home/airflow/.local/lib/python3.8/site-packages/airflow/example_dags/example_setup_teardown.py
[2024-02-23T16:40:57.795+0000] {processor.py:840} INFO - DAG(s) 'example_setup_teardown' retrieved from /home/airflow/.local/lib/python3.8/site-packages/airflow/example_dags/example_setup_teardown.py
[2024-02-23T16:40:57.836+0000] {logging_mixin.py:188} INFO - [2024-02-23T16:40:57.836+0000] {dag.py:3036} INFO - Sync 1 DAGs
[2024-02-23T16:40:57.884+0000] {logging_mixin.py:188} INFO - [2024-02-23T16:40:57.884+0000] {dag.py:3823} INFO - Setting next_dagrun for example_setup_teardown to 2024-02-22 00:00:00+00:00, run_after=2024-02-23 00:00:00+00:00
[2024-02-23T16:40:57.931+0000] {processor.py:183} INFO - Processing /home/airflow/.local/lib/python3.8/site-packages/airflow/example_dags/example_setup_teardown.py took 0.169 seconds
[2024-02-23T16:41:28.805+0000] {processor.py:161} INFO - Started process (PID=974) to work on /home/airflow/.local/lib/python3.8/site-packages/airflow/example_dags/example_setup_teardown.py
[2024-02-23T16:41:28.807+0000] {processor.py:830} INFO - Processing file /home/airflow/.local/lib/python3.8/site-packages/airflow/example_dags/example_setup_teardown.py for tasks to queue
[2024-02-23T16:41:28.810+0000] {logging_mixin.py:188} INFO - [2024-02-23T16:41:28.809+0000] {dagbag.py:538} INFO - Filling up the DagBag from /home/airflow/.local/lib/python3.8/site-packages/airflow/example_dags/example_setup_teardown.py
[2024-02-23T16:41:28.821+0000] {processor.py:840} INFO - DAG(s) 'example_setup_teardown' retrieved from /home/airflow/.local/lib/python3.8/site-packages/airflow/example_dags/example_setup_teardown.py
[2024-02-23T16:41:28.864+0000] {logging_mixin.py:188} INFO - [2024-02-23T16:41:28.863+0000] {dag.py:3036} INFO - Sync 1 DAGs
[2024-02-23T16:41:28.915+0000] {logging_mixin.py:188} INFO - [2024-02-23T16:41:28.914+0000] {dag.py:3823} INFO - Setting next_dagrun for example_setup_teardown to 2024-02-22 00:00:00+00:00, run_after=2024-02-23 00:00:00+00:00
[2024-02-23T16:41:28.959+0000] {processor.py:183} INFO - Processing /home/airflow/.local/lib/python3.8/site-packages/airflow/example_dags/example_setup_teardown.py took 0.160 seconds
[2024-02-23T16:43:06.477+0000] {processor.py:161} INFO - Started process (PID=61) to work on /home/airflow/.local/lib/python3.8/site-packages/airflow/example_dags/example_setup_teardown.py
[2024-02-23T16:43:06.479+0000] {processor.py:830} INFO - Processing file /home/airflow/.local/lib/python3.8/site-packages/airflow/example_dags/example_setup_teardown.py for tasks to queue
[2024-02-23T16:43:06.481+0000] {logging_mixin.py:188} INFO - [2024-02-23T16:43:06.481+0000] {dagbag.py:538} INFO - Filling up the DagBag from /home/airflow/.local/lib/python3.8/site-packages/airflow/example_dags/example_setup_teardown.py
[2024-02-23T16:43:06.498+0000] {processor.py:840} INFO - DAG(s) 'example_setup_teardown' retrieved from /home/airflow/.local/lib/python3.8/site-packages/airflow/example_dags/example_setup_teardown.py
[2024-02-23T16:43:06.711+0000] {logging_mixin.py:188} INFO - [2024-02-23T16:43:06.710+0000] {dag.py:3036} INFO - Sync 1 DAGs
[2024-02-23T16:43:06.776+0000] {logging_mixin.py:188} INFO - [2024-02-23T16:43:06.776+0000] {dag.py:3823} INFO - Setting next_dagrun for example_setup_teardown to 2024-02-22 00:00:00+00:00, run_after=2024-02-23 00:00:00+00:00
[2024-02-23T16:43:06.816+0000] {processor.py:183} INFO - Processing /home/airflow/.local/lib/python3.8/site-packages/airflow/example_dags/example_setup_teardown.py took 0.344 seconds
[2024-02-23T16:43:36.885+0000] {processor.py:161} INFO - Started process (PID=118) to work on /home/airflow/.local/lib/python3.8/site-packages/airflow/example_dags/example_setup_teardown.py
[2024-02-23T16:43:36.886+0000] {processor.py:830} INFO - Processing file /home/airflow/.local/lib/python3.8/site-packages/airflow/example_dags/example_setup_teardown.py for tasks to queue
[2024-02-23T16:43:36.890+0000] {logging_mixin.py:188} INFO - [2024-02-23T16:43:36.889+0000] {dagbag.py:538} INFO - Filling up the DagBag from /home/airflow/.local/lib/python3.8/site-packages/airflow/example_dags/example_setup_teardown.py
[2024-02-23T16:43:36.902+0000] {processor.py:840} INFO - DAG(s) 'example_setup_teardown' retrieved from /home/airflow/.local/lib/python3.8/site-packages/airflow/example_dags/example_setup_teardown.py
[2024-02-23T16:43:36.943+0000] {logging_mixin.py:188} INFO - [2024-02-23T16:43:36.943+0000] {dag.py:3036} INFO - Sync 1 DAGs
[2024-02-23T16:43:36.985+0000] {logging_mixin.py:188} INFO - [2024-02-23T16:43:36.985+0000] {dag.py:3823} INFO - Setting next_dagrun for example_setup_teardown to 2024-02-22 00:00:00+00:00, run_after=2024-02-23 00:00:00+00:00
[2024-02-23T16:43:37.018+0000] {processor.py:183} INFO - Processing /home/airflow/.local/lib/python3.8/site-packages/airflow/example_dags/example_setup_teardown.py took 0.139 seconds
[2024-02-23T16:44:07.099+0000] {processor.py:161} INFO - Started process (PID=175) to work on /home/airflow/.local/lib/python3.8/site-packages/airflow/example_dags/example_setup_teardown.py
[2024-02-23T16:44:07.101+0000] {processor.py:830} INFO - Processing file /home/airflow/.local/lib/python3.8/site-packages/airflow/example_dags/example_setup_teardown.py for tasks to queue
[2024-02-23T16:44:07.105+0000] {logging_mixin.py:188} INFO - [2024-02-23T16:44:07.103+0000] {dagbag.py:538} INFO - Filling up the DagBag from /home/airflow/.local/lib/python3.8/site-packages/airflow/example_dags/example_setup_teardown.py
[2024-02-23T16:44:07.115+0000] {processor.py:840} INFO - DAG(s) 'example_setup_teardown' retrieved from /home/airflow/.local/lib/python3.8/site-packages/airflow/example_dags/example_setup_teardown.py
[2024-02-23T16:44:07.148+0000] {logging_mixin.py:188} INFO - [2024-02-23T16:44:07.148+0000] {dag.py:3036} INFO - Sync 1 DAGs
[2024-02-23T16:44:07.191+0000] {logging_mixin.py:188} INFO - [2024-02-23T16:44:07.190+0000] {dag.py:3823} INFO - Setting next_dagrun for example_setup_teardown to 2024-02-22 00:00:00+00:00, run_after=2024-02-23 00:00:00+00:00
[2024-02-23T16:44:07.220+0000] {processor.py:183} INFO - Processing /home/airflow/.local/lib/python3.8/site-packages/airflow/example_dags/example_setup_teardown.py took 0.125 seconds
[2024-02-23T16:44:37.671+0000] {processor.py:161} INFO - Started process (PID=232) to work on /home/airflow/.local/lib/python3.8/site-packages/airflow/example_dags/example_setup_teardown.py
[2024-02-23T16:44:37.673+0000] {processor.py:830} INFO - Processing file /home/airflow/.local/lib/python3.8/site-packages/airflow/example_dags/example_setup_teardown.py for tasks to queue
[2024-02-23T16:44:37.676+0000] {logging_mixin.py:188} INFO - [2024-02-23T16:44:37.675+0000] {dagbag.py:538} INFO - Filling up the DagBag from /home/airflow/.local/lib/python3.8/site-packages/airflow/example_dags/example_setup_teardown.py
[2024-02-23T16:44:37.688+0000] {processor.py:840} INFO - DAG(s) 'example_setup_teardown' retrieved from /home/airflow/.local/lib/python3.8/site-packages/airflow/example_dags/example_setup_teardown.py
[2024-02-23T16:44:37.731+0000] {logging_mixin.py:188} INFO - [2024-02-23T16:44:37.731+0000] {dag.py:3036} INFO - Sync 1 DAGs
[2024-02-23T16:44:37.790+0000] {logging_mixin.py:188} INFO - [2024-02-23T16:44:37.789+0000] {dag.py:3823} INFO - Setting next_dagrun for example_setup_teardown to 2024-02-22 00:00:00+00:00, run_after=2024-02-23 00:00:00+00:00
[2024-02-23T16:44:37.833+0000] {processor.py:183} INFO - Processing /home/airflow/.local/lib/python3.8/site-packages/airflow/example_dags/example_setup_teardown.py took 0.169 seconds
[2024-02-23T16:45:08.180+0000] {processor.py:161} INFO - Started process (PID=289) to work on /home/airflow/.local/lib/python3.8/site-packages/airflow/example_dags/example_setup_teardown.py
[2024-02-23T16:45:08.181+0000] {processor.py:830} INFO - Processing file /home/airflow/.local/lib/python3.8/site-packages/airflow/example_dags/example_setup_teardown.py for tasks to queue
[2024-02-23T16:45:08.185+0000] {logging_mixin.py:188} INFO - [2024-02-23T16:45:08.184+0000] {dagbag.py:538} INFO - Filling up the DagBag from /home/airflow/.local/lib/python3.8/site-packages/airflow/example_dags/example_setup_teardown.py
[2024-02-23T16:45:08.200+0000] {processor.py:840} INFO - DAG(s) 'example_setup_teardown' retrieved from /home/airflow/.local/lib/python3.8/site-packages/airflow/example_dags/example_setup_teardown.py
[2024-02-23T16:45:08.258+0000] {logging_mixin.py:188} INFO - [2024-02-23T16:45:08.258+0000] {dag.py:3036} INFO - Sync 1 DAGs
[2024-02-23T16:45:08.305+0000] {logging_mixin.py:188} INFO - [2024-02-23T16:45:08.305+0000] {dag.py:3823} INFO - Setting next_dagrun for example_setup_teardown to 2024-02-22 00:00:00+00:00, run_after=2024-02-23 00:00:00+00:00
[2024-02-23T16:45:08.339+0000] {processor.py:183} INFO - Processing /home/airflow/.local/lib/python3.8/site-packages/airflow/example_dags/example_setup_teardown.py took 0.166 seconds
[2024-02-23T16:45:38.473+0000] {processor.py:161} INFO - Started process (PID=345) to work on /home/airflow/.local/lib/python3.8/site-packages/airflow/example_dags/example_setup_teardown.py
[2024-02-23T16:45:38.474+0000] {processor.py:830} INFO - Processing file /home/airflow/.local/lib/python3.8/site-packages/airflow/example_dags/example_setup_teardown.py for tasks to queue
[2024-02-23T16:45:38.477+0000] {logging_mixin.py:188} INFO - [2024-02-23T16:45:38.476+0000] {dagbag.py:538} INFO - Filling up the DagBag from /home/airflow/.local/lib/python3.8/site-packages/airflow/example_dags/example_setup_teardown.py
[2024-02-23T16:45:38.488+0000] {processor.py:840} INFO - DAG(s) 'example_setup_teardown' retrieved from /home/airflow/.local/lib/python3.8/site-packages/airflow/example_dags/example_setup_teardown.py
[2024-02-23T16:45:38.524+0000] {logging_mixin.py:188} INFO - [2024-02-23T16:45:38.523+0000] {dag.py:3036} INFO - Sync 1 DAGs
[2024-02-23T16:45:38.560+0000] {logging_mixin.py:188} INFO - [2024-02-23T16:45:38.560+0000] {dag.py:3823} INFO - Setting next_dagrun for example_setup_teardown to 2024-02-22 00:00:00+00:00, run_after=2024-02-23 00:00:00+00:00
[2024-02-23T16:45:38.587+0000] {processor.py:183} INFO - Processing /home/airflow/.local/lib/python3.8/site-packages/airflow/example_dags/example_setup_teardown.py took 0.119 seconds
[2024-02-23T16:46:09.026+0000] {processor.py:161} INFO - Started process (PID=402) to work on /home/airflow/.local/lib/python3.8/site-packages/airflow/example_dags/example_setup_teardown.py
[2024-02-23T16:46:09.027+0000] {processor.py:830} INFO - Processing file /home/airflow/.local/lib/python3.8/site-packages/airflow/example_dags/example_setup_teardown.py for tasks to queue
[2024-02-23T16:46:09.031+0000] {logging_mixin.py:188} INFO - [2024-02-23T16:46:09.030+0000] {dagbag.py:538} INFO - Filling up the DagBag from /home/airflow/.local/lib/python3.8/site-packages/airflow/example_dags/example_setup_teardown.py
[2024-02-23T16:46:09.044+0000] {processor.py:840} INFO - DAG(s) 'example_setup_teardown' retrieved from /home/airflow/.local/lib/python3.8/site-packages/airflow/example_dags/example_setup_teardown.py
[2024-02-23T16:46:09.093+0000] {logging_mixin.py:188} INFO - [2024-02-23T16:46:09.092+0000] {dag.py:3036} INFO - Sync 1 DAGs
[2024-02-23T16:46:09.142+0000] {logging_mixin.py:188} INFO - [2024-02-23T16:46:09.141+0000] {dag.py:3823} INFO - Setting next_dagrun for example_setup_teardown to 2024-02-22 00:00:00+00:00, run_after=2024-02-23 00:00:00+00:00
[2024-02-23T16:46:09.173+0000] {processor.py:183} INFO - Processing /home/airflow/.local/lib/python3.8/site-packages/airflow/example_dags/example_setup_teardown.py took 0.154 seconds
[2024-02-23T16:46:39.570+0000] {processor.py:161} INFO - Started process (PID=459) to work on /home/airflow/.local/lib/python3.8/site-packages/airflow/example_dags/example_setup_teardown.py
[2024-02-23T16:46:39.572+0000] {processor.py:830} INFO - Processing file /home/airflow/.local/lib/python3.8/site-packages/airflow/example_dags/example_setup_teardown.py for tasks to queue
[2024-02-23T16:46:39.575+0000] {logging_mixin.py:188} INFO - [2024-02-23T16:46:39.574+0000] {dagbag.py:538} INFO - Filling up the DagBag from /home/airflow/.local/lib/python3.8/site-packages/airflow/example_dags/example_setup_teardown.py
[2024-02-23T16:46:39.588+0000] {processor.py:840} INFO - DAG(s) 'example_setup_teardown' retrieved from /home/airflow/.local/lib/python3.8/site-packages/airflow/example_dags/example_setup_teardown.py
[2024-02-23T16:46:39.636+0000] {logging_mixin.py:188} INFO - [2024-02-23T16:46:39.635+0000] {dag.py:3036} INFO - Sync 1 DAGs
[2024-02-23T16:46:39.684+0000] {logging_mixin.py:188} INFO - [2024-02-23T16:46:39.684+0000] {dag.py:3823} INFO - Setting next_dagrun for example_setup_teardown to 2024-02-22 00:00:00+00:00, run_after=2024-02-23 00:00:00+00:00
[2024-02-23T16:46:39.718+0000] {processor.py:183} INFO - Processing /home/airflow/.local/lib/python3.8/site-packages/airflow/example_dags/example_setup_teardown.py took 0.154 seconds
[2024-02-23T16:47:10.108+0000] {processor.py:161} INFO - Started process (PID=516) to work on /home/airflow/.local/lib/python3.8/site-packages/airflow/example_dags/example_setup_teardown.py
[2024-02-23T16:47:10.109+0000] {processor.py:830} INFO - Processing file /home/airflow/.local/lib/python3.8/site-packages/airflow/example_dags/example_setup_teardown.py for tasks to queue
[2024-02-23T16:47:10.112+0000] {logging_mixin.py:188} INFO - [2024-02-23T16:47:10.112+0000] {dagbag.py:538} INFO - Filling up the DagBag from /home/airflow/.local/lib/python3.8/site-packages/airflow/example_dags/example_setup_teardown.py
[2024-02-23T16:47:10.124+0000] {processor.py:840} INFO - DAG(s) 'example_setup_teardown' retrieved from /home/airflow/.local/lib/python3.8/site-packages/airflow/example_dags/example_setup_teardown.py
[2024-02-23T16:47:10.160+0000] {logging_mixin.py:188} INFO - [2024-02-23T16:47:10.159+0000] {dag.py:3036} INFO - Sync 1 DAGs
[2024-02-23T16:47:10.202+0000] {logging_mixin.py:188} INFO - [2024-02-23T16:47:10.202+0000] {dag.py:3823} INFO - Setting next_dagrun for example_setup_teardown to 2024-02-22 00:00:00+00:00, run_after=2024-02-23 00:00:00+00:00
[2024-02-23T16:47:10.235+0000] {processor.py:183} INFO - Processing /home/airflow/.local/lib/python3.8/site-packages/airflow/example_dags/example_setup_teardown.py took 0.132 seconds
[2024-02-23T16:48:38.726+0000] {processor.py:161} INFO - Started process (PID=61) to work on /home/airflow/.local/lib/python3.8/site-packages/airflow/example_dags/example_setup_teardown.py
[2024-02-23T16:48:38.728+0000] {processor.py:830} INFO - Processing file /home/airflow/.local/lib/python3.8/site-packages/airflow/example_dags/example_setup_teardown.py for tasks to queue
[2024-02-23T16:48:38.730+0000] {logging_mixin.py:188} INFO - [2024-02-23T16:48:38.730+0000] {dagbag.py:538} INFO - Filling up the DagBag from /home/airflow/.local/lib/python3.8/site-packages/airflow/example_dags/example_setup_teardown.py
[2024-02-23T16:48:38.747+0000] {processor.py:840} INFO - DAG(s) 'example_setup_teardown' retrieved from /home/airflow/.local/lib/python3.8/site-packages/airflow/example_dags/example_setup_teardown.py
[2024-02-23T16:48:38.985+0000] {logging_mixin.py:188} INFO - [2024-02-23T16:48:38.984+0000] {dag.py:3036} INFO - Sync 1 DAGs
[2024-02-23T16:48:39.034+0000] {logging_mixin.py:188} INFO - [2024-02-23T16:48:39.033+0000] {dag.py:3823} INFO - Setting next_dagrun for example_setup_teardown to 2024-02-22 00:00:00+00:00, run_after=2024-02-23 00:00:00+00:00
[2024-02-23T16:48:39.073+0000] {processor.py:183} INFO - Processing /home/airflow/.local/lib/python3.8/site-packages/airflow/example_dags/example_setup_teardown.py took 0.352 seconds
[2024-02-23T16:51:58.374+0000] {processor.py:161} INFO - Started process (PID=53) to work on /home/airflow/.local/lib/python3.8/site-packages/airflow/example_dags/example_setup_teardown.py
[2024-02-23T16:51:58.375+0000] {processor.py:830} INFO - Processing file /home/airflow/.local/lib/python3.8/site-packages/airflow/example_dags/example_setup_teardown.py for tasks to queue
[2024-02-23T16:51:58.378+0000] {logging_mixin.py:188} INFO - [2024-02-23T16:51:58.377+0000] {dagbag.py:538} INFO - Filling up the DagBag from /home/airflow/.local/lib/python3.8/site-packages/airflow/example_dags/example_setup_teardown.py
[2024-02-23T16:51:58.392+0000] {processor.py:840} INFO - DAG(s) 'example_setup_teardown' retrieved from /home/airflow/.local/lib/python3.8/site-packages/airflow/example_dags/example_setup_teardown.py
[2024-02-23T16:51:58.594+0000] {logging_mixin.py:188} INFO - [2024-02-23T16:51:58.593+0000] {dag.py:3036} INFO - Sync 1 DAGs
[2024-02-23T16:51:58.639+0000] {logging_mixin.py:188} INFO - [2024-02-23T16:51:58.638+0000] {dag.py:3823} INFO - Setting next_dagrun for example_setup_teardown to 2024-02-22 00:00:00+00:00, run_after=2024-02-23 00:00:00+00:00
[2024-02-23T16:51:58.701+0000] {processor.py:183} INFO - Processing /home/airflow/.local/lib/python3.8/site-packages/airflow/example_dags/example_setup_teardown.py took 0.332 seconds
[2024-02-23T16:52:29.115+0000] {processor.py:161} INFO - Started process (PID=111) to work on /home/airflow/.local/lib/python3.8/site-packages/airflow/example_dags/example_setup_teardown.py
[2024-02-23T16:52:29.117+0000] {processor.py:830} INFO - Processing file /home/airflow/.local/lib/python3.8/site-packages/airflow/example_dags/example_setup_teardown.py for tasks to queue
[2024-02-23T16:52:29.120+0000] {logging_mixin.py:188} INFO - [2024-02-23T16:52:29.119+0000] {dagbag.py:538} INFO - Filling up the DagBag from /home/airflow/.local/lib/python3.8/site-packages/airflow/example_dags/example_setup_teardown.py
[2024-02-23T16:52:29.132+0000] {processor.py:840} INFO - DAG(s) 'example_setup_teardown' retrieved from /home/airflow/.local/lib/python3.8/site-packages/airflow/example_dags/example_setup_teardown.py
[2024-02-23T16:52:29.169+0000] {logging_mixin.py:188} INFO - [2024-02-23T16:52:29.169+0000] {dag.py:3036} INFO - Sync 1 DAGs
[2024-02-23T16:52:29.217+0000] {logging_mixin.py:188} INFO - [2024-02-23T16:52:29.217+0000] {dag.py:3823} INFO - Setting next_dagrun for example_setup_teardown to 2024-02-22 00:00:00+00:00, run_after=2024-02-23 00:00:00+00:00
[2024-02-23T16:52:29.248+0000] {processor.py:183} INFO - Processing /home/airflow/.local/lib/python3.8/site-packages/airflow/example_dags/example_setup_teardown.py took 0.139 seconds
[2024-02-23T16:52:59.827+0000] {processor.py:161} INFO - Started process (PID=169) to work on /home/airflow/.local/lib/python3.8/site-packages/airflow/example_dags/example_setup_teardown.py
[2024-02-23T16:52:59.829+0000] {processor.py:830} INFO - Processing file /home/airflow/.local/lib/python3.8/site-packages/airflow/example_dags/example_setup_teardown.py for tasks to queue
[2024-02-23T16:52:59.831+0000] {logging_mixin.py:188} INFO - [2024-02-23T16:52:59.831+0000] {dagbag.py:538} INFO - Filling up the DagBag from /home/airflow/.local/lib/python3.8/site-packages/airflow/example_dags/example_setup_teardown.py
[2024-02-23T16:52:59.842+0000] {processor.py:840} INFO - DAG(s) 'example_setup_teardown' retrieved from /home/airflow/.local/lib/python3.8/site-packages/airflow/example_dags/example_setup_teardown.py
[2024-02-23T16:52:59.881+0000] {logging_mixin.py:188} INFO - [2024-02-23T16:52:59.881+0000] {dag.py:3036} INFO - Sync 1 DAGs
[2024-02-23T16:52:59.929+0000] {logging_mixin.py:188} INFO - [2024-02-23T16:52:59.929+0000] {dag.py:3823} INFO - Setting next_dagrun for example_setup_teardown to 2024-02-22 00:00:00+00:00, run_after=2024-02-23 00:00:00+00:00
[2024-02-23T16:52:59.967+0000] {processor.py:183} INFO - Processing /home/airflow/.local/lib/python3.8/site-packages/airflow/example_dags/example_setup_teardown.py took 0.144 seconds
