[2024-02-23T16:33:17.681+0000] {processor.py:161} INFO - Started process (PID=63) to work on /home/airflow/.local/lib/python3.8/site-packages/airflow/example_dags/example_branch_operator.py
[2024-02-23T16:33:17.682+0000] {processor.py:830} INFO - Processing file /home/airflow/.local/lib/python3.8/site-packages/airflow/example_dags/example_branch_operator.py for tasks to queue
[2024-02-23T16:33:17.685+0000] {logging_mixin.py:188} INFO - [2024-02-23T16:33:17.685+0000] {dagbag.py:538} INFO - Filling up the DagBag from /home/airflow/.local/lib/python3.8/site-packages/airflow/example_dags/example_branch_operator.py
[2024-02-23T16:33:17.728+0000] {processor.py:840} INFO - DAG(s) 'example_branch_operator' retrieved from /home/airflow/.local/lib/python3.8/site-packages/airflow/example_dags/example_branch_operator.py
[2024-02-23T16:33:18.019+0000] {logging_mixin.py:188} INFO - [2024-02-23T16:33:18.018+0000] {dag.py:3036} INFO - Sync 1 DAGs
[2024-02-23T16:33:18.069+0000] {logging_mixin.py:188} INFO - [2024-02-23T16:33:18.069+0000] {dag.py:3823} INFO - Setting next_dagrun for example_branch_operator to 2024-02-22 00:00:00+00:00, run_after=2024-02-23 00:00:00+00:00
[2024-02-23T16:33:18.112+0000] {processor.py:183} INFO - Processing /home/airflow/.local/lib/python3.8/site-packages/airflow/example_dags/example_branch_operator.py took 0.436 seconds
[2024-02-23T16:33:48.464+0000] {processor.py:161} INFO - Started process (PID=120) to work on /home/airflow/.local/lib/python3.8/site-packages/airflow/example_dags/example_branch_operator.py
[2024-02-23T16:33:48.465+0000] {processor.py:830} INFO - Processing file /home/airflow/.local/lib/python3.8/site-packages/airflow/example_dags/example_branch_operator.py for tasks to queue
[2024-02-23T16:33:48.468+0000] {logging_mixin.py:188} INFO - [2024-02-23T16:33:48.467+0000] {dagbag.py:538} INFO - Filling up the DagBag from /home/airflow/.local/lib/python3.8/site-packages/airflow/example_dags/example_branch_operator.py
[2024-02-23T16:33:48.510+0000] {processor.py:840} INFO - DAG(s) 'example_branch_operator' retrieved from /home/airflow/.local/lib/python3.8/site-packages/airflow/example_dags/example_branch_operator.py
[2024-02-23T16:33:48.569+0000] {logging_mixin.py:188} INFO - [2024-02-23T16:33:48.569+0000] {dag.py:3036} INFO - Sync 1 DAGs
[2024-02-23T16:33:48.617+0000] {logging_mixin.py:188} INFO - [2024-02-23T16:33:48.616+0000] {dag.py:3823} INFO - Setting next_dagrun for example_branch_operator to 2024-02-22 00:00:00+00:00, run_after=2024-02-23 00:00:00+00:00
[2024-02-23T16:33:48.650+0000] {processor.py:183} INFO - Processing /home/airflow/.local/lib/python3.8/site-packages/airflow/example_dags/example_branch_operator.py took 0.192 seconds
[2024-02-23T16:34:19.307+0000] {processor.py:161} INFO - Started process (PID=177) to work on /home/airflow/.local/lib/python3.8/site-packages/airflow/example_dags/example_branch_operator.py
[2024-02-23T16:34:19.308+0000] {processor.py:830} INFO - Processing file /home/airflow/.local/lib/python3.8/site-packages/airflow/example_dags/example_branch_operator.py for tasks to queue
[2024-02-23T16:34:19.310+0000] {logging_mixin.py:188} INFO - [2024-02-23T16:34:19.310+0000] {dagbag.py:538} INFO - Filling up the DagBag from /home/airflow/.local/lib/python3.8/site-packages/airflow/example_dags/example_branch_operator.py
[2024-02-23T16:34:19.343+0000] {processor.py:840} INFO - DAG(s) 'example_branch_operator' retrieved from /home/airflow/.local/lib/python3.8/site-packages/airflow/example_dags/example_branch_operator.py
[2024-02-23T16:34:19.398+0000] {logging_mixin.py:188} INFO - [2024-02-23T16:34:19.398+0000] {dag.py:3036} INFO - Sync 1 DAGs
[2024-02-23T16:34:19.440+0000] {logging_mixin.py:188} INFO - [2024-02-23T16:34:19.439+0000] {dag.py:3823} INFO - Setting next_dagrun for example_branch_operator to 2024-02-22 00:00:00+00:00, run_after=2024-02-23 00:00:00+00:00
[2024-02-23T16:34:19.470+0000] {processor.py:183} INFO - Processing /home/airflow/.local/lib/python3.8/site-packages/airflow/example_dags/example_branch_operator.py took 0.168 seconds
[2024-02-23T16:34:49.600+0000] {processor.py:161} INFO - Started process (PID=234) to work on /home/airflow/.local/lib/python3.8/site-packages/airflow/example_dags/example_branch_operator.py
[2024-02-23T16:34:49.601+0000] {processor.py:830} INFO - Processing file /home/airflow/.local/lib/python3.8/site-packages/airflow/example_dags/example_branch_operator.py for tasks to queue
[2024-02-23T16:34:49.603+0000] {logging_mixin.py:188} INFO - [2024-02-23T16:34:49.603+0000] {dagbag.py:538} INFO - Filling up the DagBag from /home/airflow/.local/lib/python3.8/site-packages/airflow/example_dags/example_branch_operator.py
[2024-02-23T16:34:49.636+0000] {processor.py:840} INFO - DAG(s) 'example_branch_operator' retrieved from /home/airflow/.local/lib/python3.8/site-packages/airflow/example_dags/example_branch_operator.py
[2024-02-23T16:34:49.703+0000] {logging_mixin.py:188} INFO - [2024-02-23T16:34:49.702+0000] {dag.py:3036} INFO - Sync 1 DAGs
[2024-02-23T16:34:49.747+0000] {logging_mixin.py:188} INFO - [2024-02-23T16:34:49.747+0000] {dag.py:3823} INFO - Setting next_dagrun for example_branch_operator to 2024-02-22 00:00:00+00:00, run_after=2024-02-23 00:00:00+00:00
[2024-02-23T16:34:49.777+0000] {processor.py:183} INFO - Processing /home/airflow/.local/lib/python3.8/site-packages/airflow/example_dags/example_branch_operator.py took 0.183 seconds
[2024-02-23T16:35:20.472+0000] {processor.py:161} INFO - Started process (PID=291) to work on /home/airflow/.local/lib/python3.8/site-packages/airflow/example_dags/example_branch_operator.py
[2024-02-23T16:35:20.474+0000] {processor.py:830} INFO - Processing file /home/airflow/.local/lib/python3.8/site-packages/airflow/example_dags/example_branch_operator.py for tasks to queue
[2024-02-23T16:35:20.476+0000] {logging_mixin.py:188} INFO - [2024-02-23T16:35:20.476+0000] {dagbag.py:538} INFO - Filling up the DagBag from /home/airflow/.local/lib/python3.8/site-packages/airflow/example_dags/example_branch_operator.py
[2024-02-23T16:35:20.514+0000] {processor.py:840} INFO - DAG(s) 'example_branch_operator' retrieved from /home/airflow/.local/lib/python3.8/site-packages/airflow/example_dags/example_branch_operator.py
[2024-02-23T16:35:20.574+0000] {logging_mixin.py:188} INFO - [2024-02-23T16:35:20.573+0000] {dag.py:3036} INFO - Sync 1 DAGs
[2024-02-23T16:35:20.617+0000] {logging_mixin.py:188} INFO - [2024-02-23T16:35:20.617+0000] {dag.py:3823} INFO - Setting next_dagrun for example_branch_operator to 2024-02-22 00:00:00+00:00, run_after=2024-02-23 00:00:00+00:00
[2024-02-23T16:35:20.654+0000] {processor.py:183} INFO - Processing /home/airflow/.local/lib/python3.8/site-packages/airflow/example_dags/example_branch_operator.py took 0.188 seconds
[2024-02-23T16:35:50.704+0000] {processor.py:161} INFO - Started process (PID=349) to work on /home/airflow/.local/lib/python3.8/site-packages/airflow/example_dags/example_branch_operator.py
[2024-02-23T16:35:50.706+0000] {processor.py:830} INFO - Processing file /home/airflow/.local/lib/python3.8/site-packages/airflow/example_dags/example_branch_operator.py for tasks to queue
[2024-02-23T16:35:50.708+0000] {logging_mixin.py:188} INFO - [2024-02-23T16:35:50.708+0000] {dagbag.py:538} INFO - Filling up the DagBag from /home/airflow/.local/lib/python3.8/site-packages/airflow/example_dags/example_branch_operator.py
[2024-02-23T16:35:50.747+0000] {processor.py:840} INFO - DAG(s) 'example_branch_operator' retrieved from /home/airflow/.local/lib/python3.8/site-packages/airflow/example_dags/example_branch_operator.py
[2024-02-23T16:35:50.813+0000] {logging_mixin.py:188} INFO - [2024-02-23T16:35:50.813+0000] {dag.py:3036} INFO - Sync 1 DAGs
[2024-02-23T16:35:50.860+0000] {logging_mixin.py:188} INFO - [2024-02-23T16:35:50.860+0000] {dag.py:3823} INFO - Setting next_dagrun for example_branch_operator to 2024-02-22 00:00:00+00:00, run_after=2024-02-23 00:00:00+00:00
[2024-02-23T16:35:50.894+0000] {processor.py:183} INFO - Processing /home/airflow/.local/lib/python3.8/site-packages/airflow/example_dags/example_branch_operator.py took 0.195 seconds
[2024-02-23T16:36:21.330+0000] {processor.py:161} INFO - Started process (PID=406) to work on /home/airflow/.local/lib/python3.8/site-packages/airflow/example_dags/example_branch_operator.py
[2024-02-23T16:36:21.332+0000] {processor.py:830} INFO - Processing file /home/airflow/.local/lib/python3.8/site-packages/airflow/example_dags/example_branch_operator.py for tasks to queue
[2024-02-23T16:36:21.335+0000] {logging_mixin.py:188} INFO - [2024-02-23T16:36:21.335+0000] {dagbag.py:538} INFO - Filling up the DagBag from /home/airflow/.local/lib/python3.8/site-packages/airflow/example_dags/example_branch_operator.py
[2024-02-23T16:36:21.370+0000] {processor.py:840} INFO - DAG(s) 'example_branch_operator' retrieved from /home/airflow/.local/lib/python3.8/site-packages/airflow/example_dags/example_branch_operator.py
[2024-02-23T16:36:21.431+0000] {logging_mixin.py:188} INFO - [2024-02-23T16:36:21.430+0000] {dag.py:3036} INFO - Sync 1 DAGs
[2024-02-23T16:36:21.478+0000] {logging_mixin.py:188} INFO - [2024-02-23T16:36:21.477+0000] {dag.py:3823} INFO - Setting next_dagrun for example_branch_operator to 2024-02-22 00:00:00+00:00, run_after=2024-02-23 00:00:00+00:00
[2024-02-23T16:36:21.515+0000] {processor.py:183} INFO - Processing /home/airflow/.local/lib/python3.8/site-packages/airflow/example_dags/example_branch_operator.py took 0.191 seconds
[2024-02-23T16:36:51.990+0000] {processor.py:161} INFO - Started process (PID=463) to work on /home/airflow/.local/lib/python3.8/site-packages/airflow/example_dags/example_branch_operator.py
[2024-02-23T16:36:51.992+0000] {processor.py:830} INFO - Processing file /home/airflow/.local/lib/python3.8/site-packages/airflow/example_dags/example_branch_operator.py for tasks to queue
[2024-02-23T16:36:51.996+0000] {logging_mixin.py:188} INFO - [2024-02-23T16:36:51.995+0000] {dagbag.py:538} INFO - Filling up the DagBag from /home/airflow/.local/lib/python3.8/site-packages/airflow/example_dags/example_branch_operator.py
[2024-02-23T16:36:52.053+0000] {processor.py:840} INFO - DAG(s) 'example_branch_operator' retrieved from /home/airflow/.local/lib/python3.8/site-packages/airflow/example_dags/example_branch_operator.py
[2024-02-23T16:36:52.125+0000] {logging_mixin.py:188} INFO - [2024-02-23T16:36:52.125+0000] {dag.py:3036} INFO - Sync 1 DAGs
[2024-02-23T16:36:52.183+0000] {logging_mixin.py:188} INFO - [2024-02-23T16:36:52.183+0000] {dag.py:3823} INFO - Setting next_dagrun for example_branch_operator to 2024-02-22 00:00:00+00:00, run_after=2024-02-23 00:00:00+00:00
[2024-02-23T16:36:52.223+0000] {processor.py:183} INFO - Processing /home/airflow/.local/lib/python3.8/site-packages/airflow/example_dags/example_branch_operator.py took 0.238 seconds
[2024-02-23T16:37:22.434+0000] {processor.py:161} INFO - Started process (PID=520) to work on /home/airflow/.local/lib/python3.8/site-packages/airflow/example_dags/example_branch_operator.py
[2024-02-23T16:37:22.435+0000] {processor.py:830} INFO - Processing file /home/airflow/.local/lib/python3.8/site-packages/airflow/example_dags/example_branch_operator.py for tasks to queue
[2024-02-23T16:37:22.438+0000] {logging_mixin.py:188} INFO - [2024-02-23T16:37:22.438+0000] {dagbag.py:538} INFO - Filling up the DagBag from /home/airflow/.local/lib/python3.8/site-packages/airflow/example_dags/example_branch_operator.py
[2024-02-23T16:37:22.483+0000] {processor.py:840} INFO - DAG(s) 'example_branch_operator' retrieved from /home/airflow/.local/lib/python3.8/site-packages/airflow/example_dags/example_branch_operator.py
[2024-02-23T16:37:22.560+0000] {logging_mixin.py:188} INFO - [2024-02-23T16:37:22.560+0000] {dag.py:3036} INFO - Sync 1 DAGs
[2024-02-23T16:37:22.618+0000] {logging_mixin.py:188} INFO - [2024-02-23T16:37:22.617+0000] {dag.py:3823} INFO - Setting next_dagrun for example_branch_operator to 2024-02-22 00:00:00+00:00, run_after=2024-02-23 00:00:00+00:00
[2024-02-23T16:37:22.659+0000] {processor.py:183} INFO - Processing /home/airflow/.local/lib/python3.8/site-packages/airflow/example_dags/example_branch_operator.py took 0.232 seconds
[2024-02-23T16:37:52.977+0000] {processor.py:161} INFO - Started process (PID=577) to work on /home/airflow/.local/lib/python3.8/site-packages/airflow/example_dags/example_branch_operator.py
[2024-02-23T16:37:52.979+0000] {processor.py:830} INFO - Processing file /home/airflow/.local/lib/python3.8/site-packages/airflow/example_dags/example_branch_operator.py for tasks to queue
[2024-02-23T16:37:52.982+0000] {logging_mixin.py:188} INFO - [2024-02-23T16:37:52.981+0000] {dagbag.py:538} INFO - Filling up the DagBag from /home/airflow/.local/lib/python3.8/site-packages/airflow/example_dags/example_branch_operator.py
[2024-02-23T16:37:53.017+0000] {processor.py:840} INFO - DAG(s) 'example_branch_operator' retrieved from /home/airflow/.local/lib/python3.8/site-packages/airflow/example_dags/example_branch_operator.py
[2024-02-23T16:37:53.088+0000] {logging_mixin.py:188} INFO - [2024-02-23T16:37:53.088+0000] {dag.py:3036} INFO - Sync 1 DAGs
[2024-02-23T16:37:53.138+0000] {logging_mixin.py:188} INFO - [2024-02-23T16:37:53.138+0000] {dag.py:3823} INFO - Setting next_dagrun for example_branch_operator to 2024-02-22 00:00:00+00:00, run_after=2024-02-23 00:00:00+00:00
[2024-02-23T16:37:53.178+0000] {processor.py:183} INFO - Processing /home/airflow/.local/lib/python3.8/site-packages/airflow/example_dags/example_branch_operator.py took 0.208 seconds
[2024-02-23T16:38:23.819+0000] {processor.py:161} INFO - Started process (PID=634) to work on /home/airflow/.local/lib/python3.8/site-packages/airflow/example_dags/example_branch_operator.py
[2024-02-23T16:38:23.821+0000] {processor.py:830} INFO - Processing file /home/airflow/.local/lib/python3.8/site-packages/airflow/example_dags/example_branch_operator.py for tasks to queue
[2024-02-23T16:38:23.824+0000] {logging_mixin.py:188} INFO - [2024-02-23T16:38:23.824+0000] {dagbag.py:538} INFO - Filling up the DagBag from /home/airflow/.local/lib/python3.8/site-packages/airflow/example_dags/example_branch_operator.py
[2024-02-23T16:38:23.874+0000] {processor.py:840} INFO - DAG(s) 'example_branch_operator' retrieved from /home/airflow/.local/lib/python3.8/site-packages/airflow/example_dags/example_branch_operator.py
[2024-02-23T16:38:23.946+0000] {logging_mixin.py:188} INFO - [2024-02-23T16:38:23.946+0000] {dag.py:3036} INFO - Sync 1 DAGs
[2024-02-23T16:38:24.000+0000] {logging_mixin.py:188} INFO - [2024-02-23T16:38:24.000+0000] {dag.py:3823} INFO - Setting next_dagrun for example_branch_operator to 2024-02-22 00:00:00+00:00, run_after=2024-02-23 00:00:00+00:00
[2024-02-23T16:38:24.038+0000] {processor.py:183} INFO - Processing /home/airflow/.local/lib/python3.8/site-packages/airflow/example_dags/example_branch_operator.py took 0.227 seconds
[2024-02-23T16:38:54.370+0000] {processor.py:161} INFO - Started process (PID=690) to work on /home/airflow/.local/lib/python3.8/site-packages/airflow/example_dags/example_branch_operator.py
[2024-02-23T16:38:54.372+0000] {processor.py:830} INFO - Processing file /home/airflow/.local/lib/python3.8/site-packages/airflow/example_dags/example_branch_operator.py for tasks to queue
[2024-02-23T16:38:54.375+0000] {logging_mixin.py:188} INFO - [2024-02-23T16:38:54.374+0000] {dagbag.py:538} INFO - Filling up the DagBag from /home/airflow/.local/lib/python3.8/site-packages/airflow/example_dags/example_branch_operator.py
[2024-02-23T16:38:54.427+0000] {processor.py:840} INFO - DAG(s) 'example_branch_operator' retrieved from /home/airflow/.local/lib/python3.8/site-packages/airflow/example_dags/example_branch_operator.py
[2024-02-23T16:38:54.495+0000] {logging_mixin.py:188} INFO - [2024-02-23T16:38:54.494+0000] {dag.py:3036} INFO - Sync 1 DAGs
[2024-02-23T16:38:54.545+0000] {logging_mixin.py:188} INFO - [2024-02-23T16:38:54.544+0000] {dag.py:3823} INFO - Setting next_dagrun for example_branch_operator to 2024-02-22 00:00:00+00:00, run_after=2024-02-23 00:00:00+00:00
[2024-02-23T16:38:54.594+0000] {processor.py:183} INFO - Processing /home/airflow/.local/lib/python3.8/site-packages/airflow/example_dags/example_branch_operator.py took 0.231 seconds
[2024-02-23T16:39:24.703+0000] {processor.py:161} INFO - Started process (PID=747) to work on /home/airflow/.local/lib/python3.8/site-packages/airflow/example_dags/example_branch_operator.py
[2024-02-23T16:39:24.705+0000] {processor.py:830} INFO - Processing file /home/airflow/.local/lib/python3.8/site-packages/airflow/example_dags/example_branch_operator.py for tasks to queue
[2024-02-23T16:39:24.708+0000] {logging_mixin.py:188} INFO - [2024-02-23T16:39:24.707+0000] {dagbag.py:538} INFO - Filling up the DagBag from /home/airflow/.local/lib/python3.8/site-packages/airflow/example_dags/example_branch_operator.py
[2024-02-23T16:39:24.761+0000] {processor.py:840} INFO - DAG(s) 'example_branch_operator' retrieved from /home/airflow/.local/lib/python3.8/site-packages/airflow/example_dags/example_branch_operator.py
[2024-02-23T16:39:24.843+0000] {logging_mixin.py:188} INFO - [2024-02-23T16:39:24.842+0000] {dag.py:3036} INFO - Sync 1 DAGs
[2024-02-23T16:39:24.897+0000] {logging_mixin.py:188} INFO - [2024-02-23T16:39:24.896+0000] {dag.py:3823} INFO - Setting next_dagrun for example_branch_operator to 2024-02-22 00:00:00+00:00, run_after=2024-02-23 00:00:00+00:00
[2024-02-23T16:39:24.931+0000] {processor.py:183} INFO - Processing /home/airflow/.local/lib/python3.8/site-packages/airflow/example_dags/example_branch_operator.py took 0.235 seconds
[2024-02-23T16:39:55.645+0000] {processor.py:161} INFO - Started process (PID=804) to work on /home/airflow/.local/lib/python3.8/site-packages/airflow/example_dags/example_branch_operator.py
[2024-02-23T16:39:55.647+0000] {processor.py:830} INFO - Processing file /home/airflow/.local/lib/python3.8/site-packages/airflow/example_dags/example_branch_operator.py for tasks to queue
[2024-02-23T16:39:55.650+0000] {logging_mixin.py:188} INFO - [2024-02-23T16:39:55.650+0000] {dagbag.py:538} INFO - Filling up the DagBag from /home/airflow/.local/lib/python3.8/site-packages/airflow/example_dags/example_branch_operator.py
[2024-02-23T16:39:55.690+0000] {processor.py:840} INFO - DAG(s) 'example_branch_operator' retrieved from /home/airflow/.local/lib/python3.8/site-packages/airflow/example_dags/example_branch_operator.py
[2024-02-23T16:39:55.752+0000] {logging_mixin.py:188} INFO - [2024-02-23T16:39:55.752+0000] {dag.py:3036} INFO - Sync 1 DAGs
[2024-02-23T16:39:55.813+0000] {logging_mixin.py:188} INFO - [2024-02-23T16:39:55.813+0000] {dag.py:3823} INFO - Setting next_dagrun for example_branch_operator to 2024-02-22 00:00:00+00:00, run_after=2024-02-23 00:00:00+00:00
[2024-02-23T16:39:55.856+0000] {processor.py:183} INFO - Processing /home/airflow/.local/lib/python3.8/site-packages/airflow/example_dags/example_branch_operator.py took 0.217 seconds
[2024-02-23T16:40:26.936+0000] {processor.py:161} INFO - Started process (PID=861) to work on /home/airflow/.local/lib/python3.8/site-packages/airflow/example_dags/example_branch_operator.py
[2024-02-23T16:40:26.938+0000] {processor.py:830} INFO - Processing file /home/airflow/.local/lib/python3.8/site-packages/airflow/example_dags/example_branch_operator.py for tasks to queue
[2024-02-23T16:40:26.940+0000] {logging_mixin.py:188} INFO - [2024-02-23T16:40:26.940+0000] {dagbag.py:538} INFO - Filling up the DagBag from /home/airflow/.local/lib/python3.8/site-packages/airflow/example_dags/example_branch_operator.py
[2024-02-23T16:40:26.976+0000] {processor.py:840} INFO - DAG(s) 'example_branch_operator' retrieved from /home/airflow/.local/lib/python3.8/site-packages/airflow/example_dags/example_branch_operator.py
[2024-02-23T16:40:27.031+0000] {logging_mixin.py:188} INFO - [2024-02-23T16:40:27.030+0000] {dag.py:3036} INFO - Sync 1 DAGs
[2024-02-23T16:40:27.086+0000] {logging_mixin.py:188} INFO - [2024-02-23T16:40:27.085+0000] {dag.py:3823} INFO - Setting next_dagrun for example_branch_operator to 2024-02-22 00:00:00+00:00, run_after=2024-02-23 00:00:00+00:00
[2024-02-23T16:40:27.130+0000] {processor.py:183} INFO - Processing /home/airflow/.local/lib/python3.8/site-packages/airflow/example_dags/example_branch_operator.py took 0.201 seconds
[2024-02-23T16:40:57.963+0000] {processor.py:161} INFO - Started process (PID=919) to work on /home/airflow/.local/lib/python3.8/site-packages/airflow/example_dags/example_branch_operator.py
[2024-02-23T16:40:57.964+0000] {processor.py:830} INFO - Processing file /home/airflow/.local/lib/python3.8/site-packages/airflow/example_dags/example_branch_operator.py for tasks to queue
[2024-02-23T16:40:57.971+0000] {logging_mixin.py:188} INFO - [2024-02-23T16:40:57.970+0000] {dagbag.py:538} INFO - Filling up the DagBag from /home/airflow/.local/lib/python3.8/site-packages/airflow/example_dags/example_branch_operator.py
[2024-02-23T16:40:58.014+0000] {processor.py:840} INFO - DAG(s) 'example_branch_operator' retrieved from /home/airflow/.local/lib/python3.8/site-packages/airflow/example_dags/example_branch_operator.py
[2024-02-23T16:40:58.085+0000] {logging_mixin.py:188} INFO - [2024-02-23T16:40:58.084+0000] {dag.py:3036} INFO - Sync 1 DAGs
[2024-02-23T16:40:58.137+0000] {logging_mixin.py:188} INFO - [2024-02-23T16:40:58.136+0000] {dag.py:3823} INFO - Setting next_dagrun for example_branch_operator to 2024-02-22 00:00:00+00:00, run_after=2024-02-23 00:00:00+00:00
[2024-02-23T16:40:58.176+0000] {processor.py:183} INFO - Processing /home/airflow/.local/lib/python3.8/site-packages/airflow/example_dags/example_branch_operator.py took 0.220 seconds
[2024-02-23T16:41:28.991+0000] {processor.py:161} INFO - Started process (PID=976) to work on /home/airflow/.local/lib/python3.8/site-packages/airflow/example_dags/example_branch_operator.py
[2024-02-23T16:41:28.992+0000] {processor.py:830} INFO - Processing file /home/airflow/.local/lib/python3.8/site-packages/airflow/example_dags/example_branch_operator.py for tasks to queue
[2024-02-23T16:41:28.996+0000] {logging_mixin.py:188} INFO - [2024-02-23T16:41:28.996+0000] {dagbag.py:538} INFO - Filling up the DagBag from /home/airflow/.local/lib/python3.8/site-packages/airflow/example_dags/example_branch_operator.py
[2024-02-23T16:41:29.037+0000] {processor.py:840} INFO - DAG(s) 'example_branch_operator' retrieved from /home/airflow/.local/lib/python3.8/site-packages/airflow/example_dags/example_branch_operator.py
[2024-02-23T16:41:29.110+0000] {logging_mixin.py:188} INFO - [2024-02-23T16:41:29.109+0000] {dag.py:3036} INFO - Sync 1 DAGs
[2024-02-23T16:41:29.164+0000] {logging_mixin.py:188} INFO - [2024-02-23T16:41:29.164+0000] {dag.py:3823} INFO - Setting next_dagrun for example_branch_operator to 2024-02-22 00:00:00+00:00, run_after=2024-02-23 00:00:00+00:00
[2024-02-23T16:41:29.197+0000] {processor.py:183} INFO - Processing /home/airflow/.local/lib/python3.8/site-packages/airflow/example_dags/example_branch_operator.py took 0.213 seconds
[2024-02-23T16:43:06.854+0000] {processor.py:161} INFO - Started process (PID=63) to work on /home/airflow/.local/lib/python3.8/site-packages/airflow/example_dags/example_branch_operator.py
[2024-02-23T16:43:06.857+0000] {processor.py:830} INFO - Processing file /home/airflow/.local/lib/python3.8/site-packages/airflow/example_dags/example_branch_operator.py for tasks to queue
[2024-02-23T16:43:06.864+0000] {logging_mixin.py:188} INFO - [2024-02-23T16:43:06.863+0000] {dagbag.py:538} INFO - Filling up the DagBag from /home/airflow/.local/lib/python3.8/site-packages/airflow/example_dags/example_branch_operator.py
[2024-02-23T16:43:06.925+0000] {processor.py:840} INFO - DAG(s) 'example_branch_operator' retrieved from /home/airflow/.local/lib/python3.8/site-packages/airflow/example_dags/example_branch_operator.py
[2024-02-23T16:43:07.297+0000] {logging_mixin.py:188} INFO - [2024-02-23T16:43:07.297+0000] {dag.py:3036} INFO - Sync 1 DAGs
[2024-02-23T16:43:07.348+0000] {logging_mixin.py:188} INFO - [2024-02-23T16:43:07.347+0000] {dag.py:3823} INFO - Setting next_dagrun for example_branch_operator to 2024-02-22 00:00:00+00:00, run_after=2024-02-23 00:00:00+00:00
[2024-02-23T16:43:07.398+0000] {processor.py:183} INFO - Processing /home/airflow/.local/lib/python3.8/site-packages/airflow/example_dags/example_branch_operator.py took 0.551 seconds
[2024-02-23T16:43:37.908+0000] {processor.py:161} INFO - Started process (PID=120) to work on /home/airflow/.local/lib/python3.8/site-packages/airflow/example_dags/example_branch_operator.py
[2024-02-23T16:43:37.910+0000] {processor.py:830} INFO - Processing file /home/airflow/.local/lib/python3.8/site-packages/airflow/example_dags/example_branch_operator.py for tasks to queue
[2024-02-23T16:43:37.912+0000] {logging_mixin.py:188} INFO - [2024-02-23T16:43:37.912+0000] {dagbag.py:538} INFO - Filling up the DagBag from /home/airflow/.local/lib/python3.8/site-packages/airflow/example_dags/example_branch_operator.py
[2024-02-23T16:43:37.948+0000] {processor.py:840} INFO - DAG(s) 'example_branch_operator' retrieved from /home/airflow/.local/lib/python3.8/site-packages/airflow/example_dags/example_branch_operator.py
[2024-02-23T16:43:38.161+0000] {logging_mixin.py:188} INFO - [2024-02-23T16:43:38.160+0000] {dag.py:3036} INFO - Sync 1 DAGs
[2024-02-23T16:43:38.214+0000] {logging_mixin.py:188} INFO - [2024-02-23T16:43:38.214+0000] {dag.py:3823} INFO - Setting next_dagrun for example_branch_operator to 2024-02-22 00:00:00+00:00, run_after=2024-02-23 00:00:00+00:00
[2024-02-23T16:43:38.246+0000] {processor.py:183} INFO - Processing /home/airflow/.local/lib/python3.8/site-packages/airflow/example_dags/example_branch_operator.py took 0.343 seconds
[2024-02-23T16:44:08.407+0000] {processor.py:161} INFO - Started process (PID=177) to work on /home/airflow/.local/lib/python3.8/site-packages/airflow/example_dags/example_branch_operator.py
[2024-02-23T16:44:08.409+0000] {processor.py:830} INFO - Processing file /home/airflow/.local/lib/python3.8/site-packages/airflow/example_dags/example_branch_operator.py for tasks to queue
[2024-02-23T16:44:08.411+0000] {logging_mixin.py:188} INFO - [2024-02-23T16:44:08.411+0000] {dagbag.py:538} INFO - Filling up the DagBag from /home/airflow/.local/lib/python3.8/site-packages/airflow/example_dags/example_branch_operator.py
[2024-02-23T16:44:08.442+0000] {processor.py:840} INFO - DAG(s) 'example_branch_operator' retrieved from /home/airflow/.local/lib/python3.8/site-packages/airflow/example_dags/example_branch_operator.py
[2024-02-23T16:44:08.497+0000] {logging_mixin.py:188} INFO - [2024-02-23T16:44:08.497+0000] {dag.py:3036} INFO - Sync 1 DAGs
[2024-02-23T16:44:08.550+0000] {logging_mixin.py:188} INFO - [2024-02-23T16:44:08.550+0000] {dag.py:3823} INFO - Setting next_dagrun for example_branch_operator to 2024-02-22 00:00:00+00:00, run_after=2024-02-23 00:00:00+00:00
[2024-02-23T16:44:08.584+0000] {processor.py:183} INFO - Processing /home/airflow/.local/lib/python3.8/site-packages/airflow/example_dags/example_branch_operator.py took 0.181 seconds
[2024-02-23T16:44:38.822+0000] {processor.py:161} INFO - Started process (PID=234) to work on /home/airflow/.local/lib/python3.8/site-packages/airflow/example_dags/example_branch_operator.py
[2024-02-23T16:44:38.824+0000] {processor.py:830} INFO - Processing file /home/airflow/.local/lib/python3.8/site-packages/airflow/example_dags/example_branch_operator.py for tasks to queue
[2024-02-23T16:44:38.827+0000] {logging_mixin.py:188} INFO - [2024-02-23T16:44:38.826+0000] {dagbag.py:538} INFO - Filling up the DagBag from /home/airflow/.local/lib/python3.8/site-packages/airflow/example_dags/example_branch_operator.py
[2024-02-23T16:44:38.866+0000] {processor.py:840} INFO - DAG(s) 'example_branch_operator' retrieved from /home/airflow/.local/lib/python3.8/site-packages/airflow/example_dags/example_branch_operator.py
[2024-02-23T16:44:38.930+0000] {logging_mixin.py:188} INFO - [2024-02-23T16:44:38.929+0000] {dag.py:3036} INFO - Sync 1 DAGs
[2024-02-23T16:44:38.979+0000] {logging_mixin.py:188} INFO - [2024-02-23T16:44:38.978+0000] {dag.py:3823} INFO - Setting next_dagrun for example_branch_operator to 2024-02-22 00:00:00+00:00, run_after=2024-02-23 00:00:00+00:00
[2024-02-23T16:44:39.019+0000] {processor.py:183} INFO - Processing /home/airflow/.local/lib/python3.8/site-packages/airflow/example_dags/example_branch_operator.py took 0.202 seconds
[2024-02-23T16:45:09.351+0000] {processor.py:161} INFO - Started process (PID=291) to work on /home/airflow/.local/lib/python3.8/site-packages/airflow/example_dags/example_branch_operator.py
[2024-02-23T16:45:09.352+0000] {processor.py:830} INFO - Processing file /home/airflow/.local/lib/python3.8/site-packages/airflow/example_dags/example_branch_operator.py for tasks to queue
[2024-02-23T16:45:09.356+0000] {logging_mixin.py:188} INFO - [2024-02-23T16:45:09.355+0000] {dagbag.py:538} INFO - Filling up the DagBag from /home/airflow/.local/lib/python3.8/site-packages/airflow/example_dags/example_branch_operator.py
[2024-02-23T16:45:09.395+0000] {processor.py:840} INFO - DAG(s) 'example_branch_operator' retrieved from /home/airflow/.local/lib/python3.8/site-packages/airflow/example_dags/example_branch_operator.py
[2024-02-23T16:45:09.455+0000] {logging_mixin.py:188} INFO - [2024-02-23T16:45:09.455+0000] {dag.py:3036} INFO - Sync 1 DAGs
[2024-02-23T16:45:09.500+0000] {logging_mixin.py:188} INFO - [2024-02-23T16:45:09.500+0000] {dag.py:3823} INFO - Setting next_dagrun for example_branch_operator to 2024-02-22 00:00:00+00:00, run_after=2024-02-23 00:00:00+00:00
[2024-02-23T16:45:09.538+0000] {processor.py:183} INFO - Processing /home/airflow/.local/lib/python3.8/site-packages/airflow/example_dags/example_branch_operator.py took 0.193 seconds
[2024-02-23T16:45:39.601+0000] {processor.py:161} INFO - Started process (PID=347) to work on /home/airflow/.local/lib/python3.8/site-packages/airflow/example_dags/example_branch_operator.py
[2024-02-23T16:45:39.603+0000] {processor.py:830} INFO - Processing file /home/airflow/.local/lib/python3.8/site-packages/airflow/example_dags/example_branch_operator.py for tasks to queue
[2024-02-23T16:45:39.605+0000] {logging_mixin.py:188} INFO - [2024-02-23T16:45:39.605+0000] {dagbag.py:538} INFO - Filling up the DagBag from /home/airflow/.local/lib/python3.8/site-packages/airflow/example_dags/example_branch_operator.py
[2024-02-23T16:45:39.638+0000] {processor.py:840} INFO - DAG(s) 'example_branch_operator' retrieved from /home/airflow/.local/lib/python3.8/site-packages/airflow/example_dags/example_branch_operator.py
[2024-02-23T16:45:39.696+0000] {logging_mixin.py:188} INFO - [2024-02-23T16:45:39.695+0000] {dag.py:3036} INFO - Sync 1 DAGs
[2024-02-23T16:45:39.741+0000] {logging_mixin.py:188} INFO - [2024-02-23T16:45:39.740+0000] {dag.py:3823} INFO - Setting next_dagrun for example_branch_operator to 2024-02-22 00:00:00+00:00, run_after=2024-02-23 00:00:00+00:00
[2024-02-23T16:45:39.771+0000] {processor.py:183} INFO - Processing /home/airflow/.local/lib/python3.8/site-packages/airflow/example_dags/example_branch_operator.py took 0.175 seconds
[2024-02-23T16:46:10.129+0000] {processor.py:161} INFO - Started process (PID=404) to work on /home/airflow/.local/lib/python3.8/site-packages/airflow/example_dags/example_branch_operator.py
[2024-02-23T16:46:10.134+0000] {processor.py:830} INFO - Processing file /home/airflow/.local/lib/python3.8/site-packages/airflow/example_dags/example_branch_operator.py for tasks to queue
[2024-02-23T16:46:10.138+0000] {logging_mixin.py:188} INFO - [2024-02-23T16:46:10.137+0000] {dagbag.py:538} INFO - Filling up the DagBag from /home/airflow/.local/lib/python3.8/site-packages/airflow/example_dags/example_branch_operator.py
[2024-02-23T16:46:10.185+0000] {processor.py:840} INFO - DAG(s) 'example_branch_operator' retrieved from /home/airflow/.local/lib/python3.8/site-packages/airflow/example_dags/example_branch_operator.py
[2024-02-23T16:46:10.238+0000] {logging_mixin.py:188} INFO - [2024-02-23T16:46:10.238+0000] {dag.py:3036} INFO - Sync 1 DAGs
[2024-02-23T16:46:10.283+0000] {logging_mixin.py:188} INFO - [2024-02-23T16:46:10.282+0000] {dag.py:3823} INFO - Setting next_dagrun for example_branch_operator to 2024-02-22 00:00:00+00:00, run_after=2024-02-23 00:00:00+00:00
[2024-02-23T16:46:10.316+0000] {processor.py:183} INFO - Processing /home/airflow/.local/lib/python3.8/site-packages/airflow/example_dags/example_branch_operator.py took 0.194 seconds
[2024-02-23T16:46:40.734+0000] {processor.py:161} INFO - Started process (PID=461) to work on /home/airflow/.local/lib/python3.8/site-packages/airflow/example_dags/example_branch_operator.py
[2024-02-23T16:46:40.735+0000] {processor.py:830} INFO - Processing file /home/airflow/.local/lib/python3.8/site-packages/airflow/example_dags/example_branch_operator.py for tasks to queue
[2024-02-23T16:46:40.739+0000] {logging_mixin.py:188} INFO - [2024-02-23T16:46:40.739+0000] {dagbag.py:538} INFO - Filling up the DagBag from /home/airflow/.local/lib/python3.8/site-packages/airflow/example_dags/example_branch_operator.py
[2024-02-23T16:46:40.781+0000] {processor.py:840} INFO - DAG(s) 'example_branch_operator' retrieved from /home/airflow/.local/lib/python3.8/site-packages/airflow/example_dags/example_branch_operator.py
[2024-02-23T16:46:40.858+0000] {logging_mixin.py:188} INFO - [2024-02-23T16:46:40.858+0000] {dag.py:3036} INFO - Sync 1 DAGs
[2024-02-23T16:46:40.911+0000] {logging_mixin.py:188} INFO - [2024-02-23T16:46:40.911+0000] {dag.py:3823} INFO - Setting next_dagrun for example_branch_operator to 2024-02-22 00:00:00+00:00, run_after=2024-02-23 00:00:00+00:00
[2024-02-23T16:46:40.950+0000] {processor.py:183} INFO - Processing /home/airflow/.local/lib/python3.8/site-packages/airflow/example_dags/example_branch_operator.py took 0.223 seconds
[2024-02-23T16:47:11.169+0000] {processor.py:161} INFO - Started process (PID=518) to work on /home/airflow/.local/lib/python3.8/site-packages/airflow/example_dags/example_branch_operator.py
[2024-02-23T16:47:11.171+0000] {processor.py:830} INFO - Processing file /home/airflow/.local/lib/python3.8/site-packages/airflow/example_dags/example_branch_operator.py for tasks to queue
[2024-02-23T16:47:11.174+0000] {logging_mixin.py:188} INFO - [2024-02-23T16:47:11.174+0000] {dagbag.py:538} INFO - Filling up the DagBag from /home/airflow/.local/lib/python3.8/site-packages/airflow/example_dags/example_branch_operator.py
[2024-02-23T16:47:11.217+0000] {processor.py:840} INFO - DAG(s) 'example_branch_operator' retrieved from /home/airflow/.local/lib/python3.8/site-packages/airflow/example_dags/example_branch_operator.py
[2024-02-23T16:47:11.295+0000] {logging_mixin.py:188} INFO - [2024-02-23T16:47:11.294+0000] {dag.py:3036} INFO - Sync 1 DAGs
[2024-02-23T16:47:11.358+0000] {logging_mixin.py:188} INFO - [2024-02-23T16:47:11.357+0000] {dag.py:3823} INFO - Setting next_dagrun for example_branch_operator to 2024-02-22 00:00:00+00:00, run_after=2024-02-23 00:00:00+00:00
[2024-02-23T16:47:11.418+0000] {processor.py:183} INFO - Processing /home/airflow/.local/lib/python3.8/site-packages/airflow/example_dags/example_branch_operator.py took 0.255 seconds
[2024-02-23T16:48:39.111+0000] {processor.py:161} INFO - Started process (PID=63) to work on /home/airflow/.local/lib/python3.8/site-packages/airflow/example_dags/example_branch_operator.py
[2024-02-23T16:48:39.113+0000] {processor.py:830} INFO - Processing file /home/airflow/.local/lib/python3.8/site-packages/airflow/example_dags/example_branch_operator.py for tasks to queue
[2024-02-23T16:48:39.116+0000] {logging_mixin.py:188} INFO - [2024-02-23T16:48:39.115+0000] {dagbag.py:538} INFO - Filling up the DagBag from /home/airflow/.local/lib/python3.8/site-packages/airflow/example_dags/example_branch_operator.py
[2024-02-23T16:48:39.165+0000] {processor.py:840} INFO - DAG(s) 'example_branch_operator' retrieved from /home/airflow/.local/lib/python3.8/site-packages/airflow/example_dags/example_branch_operator.py
[2024-02-23T16:48:39.424+0000] {logging_mixin.py:188} INFO - [2024-02-23T16:48:39.424+0000] {dag.py:3036} INFO - Sync 1 DAGs
[2024-02-23T16:48:39.463+0000] {logging_mixin.py:188} INFO - [2024-02-23T16:48:39.463+0000] {dag.py:3823} INFO - Setting next_dagrun for example_branch_operator to 2024-02-22 00:00:00+00:00, run_after=2024-02-23 00:00:00+00:00
[2024-02-23T16:48:39.498+0000] {processor.py:183} INFO - Processing /home/airflow/.local/lib/python3.8/site-packages/airflow/example_dags/example_branch_operator.py took 0.393 seconds
[2024-02-23T16:51:58.745+0000] {processor.py:161} INFO - Started process (PID=55) to work on /home/airflow/.local/lib/python3.8/site-packages/airflow/example_dags/example_branch_operator.py
[2024-02-23T16:51:58.746+0000] {processor.py:830} INFO - Processing file /home/airflow/.local/lib/python3.8/site-packages/airflow/example_dags/example_branch_operator.py for tasks to queue
[2024-02-23T16:51:58.749+0000] {logging_mixin.py:188} INFO - [2024-02-23T16:51:58.749+0000] {dagbag.py:538} INFO - Filling up the DagBag from /home/airflow/.local/lib/python3.8/site-packages/airflow/example_dags/example_branch_operator.py
[2024-02-23T16:51:58.795+0000] {processor.py:840} INFO - DAG(s) 'example_branch_operator' retrieved from /home/airflow/.local/lib/python3.8/site-packages/airflow/example_dags/example_branch_operator.py
[2024-02-23T16:51:59.018+0000] {logging_mixin.py:188} INFO - [2024-02-23T16:51:59.017+0000] {dag.py:3036} INFO - Sync 1 DAGs
[2024-02-23T16:51:59.061+0000] {logging_mixin.py:188} INFO - [2024-02-23T16:51:59.061+0000] {dag.py:3823} INFO - Setting next_dagrun for example_branch_operator to 2024-02-22 00:00:00+00:00, run_after=2024-02-23 00:00:00+00:00
[2024-02-23T16:51:59.094+0000] {processor.py:183} INFO - Processing /home/airflow/.local/lib/python3.8/site-packages/airflow/example_dags/example_branch_operator.py took 0.357 seconds
[2024-02-23T16:52:29.280+0000] {processor.py:161} INFO - Started process (PID=113) to work on /home/airflow/.local/lib/python3.8/site-packages/airflow/example_dags/example_branch_operator.py
[2024-02-23T16:52:29.282+0000] {processor.py:830} INFO - Processing file /home/airflow/.local/lib/python3.8/site-packages/airflow/example_dags/example_branch_operator.py for tasks to queue
[2024-02-23T16:52:29.284+0000] {logging_mixin.py:188} INFO - [2024-02-23T16:52:29.284+0000] {dagbag.py:538} INFO - Filling up the DagBag from /home/airflow/.local/lib/python3.8/site-packages/airflow/example_dags/example_branch_operator.py
[2024-02-23T16:52:29.321+0000] {processor.py:840} INFO - DAG(s) 'example_branch_operator' retrieved from /home/airflow/.local/lib/python3.8/site-packages/airflow/example_dags/example_branch_operator.py
[2024-02-23T16:52:29.382+0000] {logging_mixin.py:188} INFO - [2024-02-23T16:52:29.381+0000] {dag.py:3036} INFO - Sync 1 DAGs
[2024-02-23T16:52:29.424+0000] {logging_mixin.py:188} INFO - [2024-02-23T16:52:29.423+0000] {dag.py:3823} INFO - Setting next_dagrun for example_branch_operator to 2024-02-22 00:00:00+00:00, run_after=2024-02-23 00:00:00+00:00
[2024-02-23T16:52:29.456+0000] {processor.py:183} INFO - Processing /home/airflow/.local/lib/python3.8/site-packages/airflow/example_dags/example_branch_operator.py took 0.182 seconds
[2024-02-23T16:52:59.997+0000] {processor.py:161} INFO - Started process (PID=171) to work on /home/airflow/.local/lib/python3.8/site-packages/airflow/example_dags/example_branch_operator.py
[2024-02-23T16:52:59.999+0000] {processor.py:830} INFO - Processing file /home/airflow/.local/lib/python3.8/site-packages/airflow/example_dags/example_branch_operator.py for tasks to queue
[2024-02-23T16:53:00.003+0000] {logging_mixin.py:188} INFO - [2024-02-23T16:53:00.002+0000] {dagbag.py:538} INFO - Filling up the DagBag from /home/airflow/.local/lib/python3.8/site-packages/airflow/example_dags/example_branch_operator.py
[2024-02-23T16:53:00.048+0000] {processor.py:840} INFO - DAG(s) 'example_branch_operator' retrieved from /home/airflow/.local/lib/python3.8/site-packages/airflow/example_dags/example_branch_operator.py
[2024-02-23T16:53:00.130+0000] {logging_mixin.py:188} INFO - [2024-02-23T16:53:00.130+0000] {dag.py:3036} INFO - Sync 1 DAGs
[2024-02-23T16:53:00.176+0000] {logging_mixin.py:188} INFO - [2024-02-23T16:53:00.176+0000] {dag.py:3823} INFO - Setting next_dagrun for example_branch_operator to 2024-02-22 00:00:00+00:00, run_after=2024-02-23 00:00:00+00:00
[2024-02-23T16:53:00.205+0000] {processor.py:183} INFO - Processing /home/airflow/.local/lib/python3.8/site-packages/airflow/example_dags/example_branch_operator.py took 0.213 seconds
