[2024-02-23T16:33:19.990+0000] {processor.py:161} INFO - Started process (PID=74) to work on /home/airflow/.local/lib/python3.8/site-packages/airflow/example_dags/example_complex.py
[2024-02-23T16:33:19.991+0000] {processor.py:830} INFO - Processing file /home/airflow/.local/lib/python3.8/site-packages/airflow/example_dags/example_complex.py for tasks to queue
[2024-02-23T16:33:19.993+0000] {logging_mixin.py:188} INFO - [2024-02-23T16:33:19.993+0000] {dagbag.py:538} INFO - Filling up the DagBag from /home/airflow/.local/lib/python3.8/site-packages/airflow/example_dags/example_complex.py
[2024-02-23T16:33:20.023+0000] {processor.py:840} INFO - DAG(s) 'example_complex' retrieved from /home/airflow/.local/lib/python3.8/site-packages/airflow/example_dags/example_complex.py
[2024-02-23T16:33:20.309+0000] {logging_mixin.py:188} INFO - [2024-02-23T16:33:20.308+0000] {dag.py:3036} INFO - Sync 1 DAGs
[2024-02-23T16:33:20.337+0000] {logging_mixin.py:188} INFO - [2024-02-23T16:33:20.337+0000] {dag.py:3823} INFO - Setting next_dagrun for example_complex to None, run_after=None
[2024-02-23T16:33:20.385+0000] {processor.py:183} INFO - Processing /home/airflow/.local/lib/python3.8/site-packages/airflow/example_dags/example_complex.py took 0.400 seconds
[2024-02-23T16:33:50.570+0000] {processor.py:161} INFO - Started process (PID=131) to work on /home/airflow/.local/lib/python3.8/site-packages/airflow/example_dags/example_complex.py
[2024-02-23T16:33:50.572+0000] {processor.py:830} INFO - Processing file /home/airflow/.local/lib/python3.8/site-packages/airflow/example_dags/example_complex.py for tasks to queue
[2024-02-23T16:33:50.575+0000] {logging_mixin.py:188} INFO - [2024-02-23T16:33:50.574+0000] {dagbag.py:538} INFO - Filling up the DagBag from /home/airflow/.local/lib/python3.8/site-packages/airflow/example_dags/example_complex.py
[2024-02-23T16:33:50.608+0000] {processor.py:840} INFO - DAG(s) 'example_complex' retrieved from /home/airflow/.local/lib/python3.8/site-packages/airflow/example_dags/example_complex.py
[2024-02-23T16:33:50.681+0000] {logging_mixin.py:188} INFO - [2024-02-23T16:33:50.680+0000] {dag.py:3036} INFO - Sync 1 DAGs
[2024-02-23T16:33:50.703+0000] {logging_mixin.py:188} INFO - [2024-02-23T16:33:50.703+0000] {dag.py:3823} INFO - Setting next_dagrun for example_complex to None, run_after=None
[2024-02-23T16:33:50.736+0000] {processor.py:183} INFO - Processing /home/airflow/.local/lib/python3.8/site-packages/airflow/example_dags/example_complex.py took 0.172 seconds
[2024-02-23T16:34:21.320+0000] {processor.py:161} INFO - Started process (PID=188) to work on /home/airflow/.local/lib/python3.8/site-packages/airflow/example_dags/example_complex.py
[2024-02-23T16:34:21.321+0000] {processor.py:830} INFO - Processing file /home/airflow/.local/lib/python3.8/site-packages/airflow/example_dags/example_complex.py for tasks to queue
[2024-02-23T16:34:21.324+0000] {logging_mixin.py:188} INFO - [2024-02-23T16:34:21.324+0000] {dagbag.py:538} INFO - Filling up the DagBag from /home/airflow/.local/lib/python3.8/site-packages/airflow/example_dags/example_complex.py
[2024-02-23T16:34:21.351+0000] {processor.py:840} INFO - DAG(s) 'example_complex' retrieved from /home/airflow/.local/lib/python3.8/site-packages/airflow/example_dags/example_complex.py
[2024-02-23T16:34:21.426+0000] {logging_mixin.py:188} INFO - [2024-02-23T16:34:21.426+0000] {dag.py:3036} INFO - Sync 1 DAGs
[2024-02-23T16:34:21.452+0000] {logging_mixin.py:188} INFO - [2024-02-23T16:34:21.452+0000] {dag.py:3823} INFO - Setting next_dagrun for example_complex to None, run_after=None
[2024-02-23T16:34:21.488+0000] {processor.py:183} INFO - Processing /home/airflow/.local/lib/python3.8/site-packages/airflow/example_dags/example_complex.py took 0.173 seconds
[2024-02-23T16:34:51.750+0000] {processor.py:161} INFO - Started process (PID=245) to work on /home/airflow/.local/lib/python3.8/site-packages/airflow/example_dags/example_complex.py
[2024-02-23T16:34:51.752+0000] {processor.py:830} INFO - Processing file /home/airflow/.local/lib/python3.8/site-packages/airflow/example_dags/example_complex.py for tasks to queue
[2024-02-23T16:34:51.754+0000] {logging_mixin.py:188} INFO - [2024-02-23T16:34:51.754+0000] {dagbag.py:538} INFO - Filling up the DagBag from /home/airflow/.local/lib/python3.8/site-packages/airflow/example_dags/example_complex.py
[2024-02-23T16:34:51.777+0000] {processor.py:840} INFO - DAG(s) 'example_complex' retrieved from /home/airflow/.local/lib/python3.8/site-packages/airflow/example_dags/example_complex.py
[2024-02-23T16:34:51.839+0000] {logging_mixin.py:188} INFO - [2024-02-23T16:34:51.839+0000] {dag.py:3036} INFO - Sync 1 DAGs
[2024-02-23T16:34:51.861+0000] {logging_mixin.py:188} INFO - [2024-02-23T16:34:51.860+0000] {dag.py:3823} INFO - Setting next_dagrun for example_complex to None, run_after=None
[2024-02-23T16:34:51.893+0000] {processor.py:183} INFO - Processing /home/airflow/.local/lib/python3.8/site-packages/airflow/example_dags/example_complex.py took 0.147 seconds
[2024-02-23T16:35:22.483+0000] {processor.py:161} INFO - Started process (PID=302) to work on /home/airflow/.local/lib/python3.8/site-packages/airflow/example_dags/example_complex.py
[2024-02-23T16:35:22.485+0000] {processor.py:830} INFO - Processing file /home/airflow/.local/lib/python3.8/site-packages/airflow/example_dags/example_complex.py for tasks to queue
[2024-02-23T16:35:22.488+0000] {logging_mixin.py:188} INFO - [2024-02-23T16:35:22.487+0000] {dagbag.py:538} INFO - Filling up the DagBag from /home/airflow/.local/lib/python3.8/site-packages/airflow/example_dags/example_complex.py
[2024-02-23T16:35:22.511+0000] {processor.py:840} INFO - DAG(s) 'example_complex' retrieved from /home/airflow/.local/lib/python3.8/site-packages/airflow/example_dags/example_complex.py
[2024-02-23T16:35:22.580+0000] {logging_mixin.py:188} INFO - [2024-02-23T16:35:22.580+0000] {dag.py:3036} INFO - Sync 1 DAGs
[2024-02-23T16:35:22.602+0000] {logging_mixin.py:188} INFO - [2024-02-23T16:35:22.602+0000] {dag.py:3823} INFO - Setting next_dagrun for example_complex to None, run_after=None
[2024-02-23T16:35:22.633+0000] {processor.py:183} INFO - Processing /home/airflow/.local/lib/python3.8/site-packages/airflow/example_dags/example_complex.py took 0.155 seconds
[2024-02-23T16:35:52.845+0000] {processor.py:161} INFO - Started process (PID=360) to work on /home/airflow/.local/lib/python3.8/site-packages/airflow/example_dags/example_complex.py
[2024-02-23T16:35:52.847+0000] {processor.py:830} INFO - Processing file /home/airflow/.local/lib/python3.8/site-packages/airflow/example_dags/example_complex.py for tasks to queue
[2024-02-23T16:35:52.851+0000] {logging_mixin.py:188} INFO - [2024-02-23T16:35:52.850+0000] {dagbag.py:538} INFO - Filling up the DagBag from /home/airflow/.local/lib/python3.8/site-packages/airflow/example_dags/example_complex.py
[2024-02-23T16:35:52.889+0000] {processor.py:840} INFO - DAG(s) 'example_complex' retrieved from /home/airflow/.local/lib/python3.8/site-packages/airflow/example_dags/example_complex.py
[2024-02-23T16:35:52.998+0000] {logging_mixin.py:188} INFO - [2024-02-23T16:35:52.997+0000] {dag.py:3036} INFO - Sync 1 DAGs
[2024-02-23T16:35:53.028+0000] {logging_mixin.py:188} INFO - [2024-02-23T16:35:53.028+0000] {dag.py:3823} INFO - Setting next_dagrun for example_complex to None, run_after=None
[2024-02-23T16:35:53.091+0000] {processor.py:183} INFO - Processing /home/airflow/.local/lib/python3.8/site-packages/airflow/example_dags/example_complex.py took 0.253 seconds
[2024-02-23T16:36:23.281+0000] {processor.py:161} INFO - Started process (PID=417) to work on /home/airflow/.local/lib/python3.8/site-packages/airflow/example_dags/example_complex.py
[2024-02-23T16:36:23.283+0000] {processor.py:830} INFO - Processing file /home/airflow/.local/lib/python3.8/site-packages/airflow/example_dags/example_complex.py for tasks to queue
[2024-02-23T16:36:23.286+0000] {logging_mixin.py:188} INFO - [2024-02-23T16:36:23.286+0000] {dagbag.py:538} INFO - Filling up the DagBag from /home/airflow/.local/lib/python3.8/site-packages/airflow/example_dags/example_complex.py
[2024-02-23T16:36:23.314+0000] {processor.py:840} INFO - DAG(s) 'example_complex' retrieved from /home/airflow/.local/lib/python3.8/site-packages/airflow/example_dags/example_complex.py
[2024-02-23T16:36:23.384+0000] {logging_mixin.py:188} INFO - [2024-02-23T16:36:23.384+0000] {dag.py:3036} INFO - Sync 1 DAGs
[2024-02-23T16:36:23.406+0000] {logging_mixin.py:188} INFO - [2024-02-23T16:36:23.406+0000] {dag.py:3823} INFO - Setting next_dagrun for example_complex to None, run_after=None
[2024-02-23T16:36:23.439+0000] {processor.py:183} INFO - Processing /home/airflow/.local/lib/python3.8/site-packages/airflow/example_dags/example_complex.py took 0.163 seconds
[2024-02-23T16:36:54.207+0000] {processor.py:161} INFO - Started process (PID=474) to work on /home/airflow/.local/lib/python3.8/site-packages/airflow/example_dags/example_complex.py
[2024-02-23T16:36:54.208+0000] {processor.py:830} INFO - Processing file /home/airflow/.local/lib/python3.8/site-packages/airflow/example_dags/example_complex.py for tasks to queue
[2024-02-23T16:36:54.211+0000] {logging_mixin.py:188} INFO - [2024-02-23T16:36:54.211+0000] {dagbag.py:538} INFO - Filling up the DagBag from /home/airflow/.local/lib/python3.8/site-packages/airflow/example_dags/example_complex.py
[2024-02-23T16:36:54.241+0000] {processor.py:840} INFO - DAG(s) 'example_complex' retrieved from /home/airflow/.local/lib/python3.8/site-packages/airflow/example_dags/example_complex.py
[2024-02-23T16:36:54.302+0000] {logging_mixin.py:188} INFO - [2024-02-23T16:36:54.302+0000] {dag.py:3036} INFO - Sync 1 DAGs
[2024-02-23T16:36:54.324+0000] {logging_mixin.py:188} INFO - [2024-02-23T16:36:54.324+0000] {dag.py:3823} INFO - Setting next_dagrun for example_complex to None, run_after=None
[2024-02-23T16:36:54.380+0000] {processor.py:183} INFO - Processing /home/airflow/.local/lib/python3.8/site-packages/airflow/example_dags/example_complex.py took 0.179 seconds
[2024-02-23T16:37:24.604+0000] {processor.py:161} INFO - Started process (PID=531) to work on /home/airflow/.local/lib/python3.8/site-packages/airflow/example_dags/example_complex.py
[2024-02-23T16:37:24.606+0000] {processor.py:830} INFO - Processing file /home/airflow/.local/lib/python3.8/site-packages/airflow/example_dags/example_complex.py for tasks to queue
[2024-02-23T16:37:24.609+0000] {logging_mixin.py:188} INFO - [2024-02-23T16:37:24.608+0000] {dagbag.py:538} INFO - Filling up the DagBag from /home/airflow/.local/lib/python3.8/site-packages/airflow/example_dags/example_complex.py
[2024-02-23T16:37:24.641+0000] {processor.py:840} INFO - DAG(s) 'example_complex' retrieved from /home/airflow/.local/lib/python3.8/site-packages/airflow/example_dags/example_complex.py
[2024-02-23T16:37:24.729+0000] {logging_mixin.py:188} INFO - [2024-02-23T16:37:24.728+0000] {dag.py:3036} INFO - Sync 1 DAGs
[2024-02-23T16:37:24.756+0000] {logging_mixin.py:188} INFO - [2024-02-23T16:37:24.756+0000] {dag.py:3823} INFO - Setting next_dagrun for example_complex to None, run_after=None
[2024-02-23T16:37:24.813+0000] {processor.py:183} INFO - Processing /home/airflow/.local/lib/python3.8/site-packages/airflow/example_dags/example_complex.py took 0.216 seconds
[2024-02-23T16:37:55.128+0000] {processor.py:161} INFO - Started process (PID=588) to work on /home/airflow/.local/lib/python3.8/site-packages/airflow/example_dags/example_complex.py
[2024-02-23T16:37:55.130+0000] {processor.py:830} INFO - Processing file /home/airflow/.local/lib/python3.8/site-packages/airflow/example_dags/example_complex.py for tasks to queue
[2024-02-23T16:37:55.135+0000] {logging_mixin.py:188} INFO - [2024-02-23T16:37:55.134+0000] {dagbag.py:538} INFO - Filling up the DagBag from /home/airflow/.local/lib/python3.8/site-packages/airflow/example_dags/example_complex.py
[2024-02-23T16:37:55.170+0000] {processor.py:840} INFO - DAG(s) 'example_complex' retrieved from /home/airflow/.local/lib/python3.8/site-packages/airflow/example_dags/example_complex.py
[2024-02-23T16:37:55.247+0000] {logging_mixin.py:188} INFO - [2024-02-23T16:37:55.247+0000] {dag.py:3036} INFO - Sync 1 DAGs
[2024-02-23T16:37:55.273+0000] {logging_mixin.py:188} INFO - [2024-02-23T16:37:55.273+0000] {dag.py:3823} INFO - Setting next_dagrun for example_complex to None, run_after=None
[2024-02-23T16:37:55.315+0000] {processor.py:183} INFO - Processing /home/airflow/.local/lib/python3.8/site-packages/airflow/example_dags/example_complex.py took 0.196 seconds
[2024-02-23T16:38:25.938+0000] {processor.py:161} INFO - Started process (PID=645) to work on /home/airflow/.local/lib/python3.8/site-packages/airflow/example_dags/example_complex.py
[2024-02-23T16:38:25.940+0000] {processor.py:830} INFO - Processing file /home/airflow/.local/lib/python3.8/site-packages/airflow/example_dags/example_complex.py for tasks to queue
[2024-02-23T16:38:25.943+0000] {logging_mixin.py:188} INFO - [2024-02-23T16:38:25.942+0000] {dagbag.py:538} INFO - Filling up the DagBag from /home/airflow/.local/lib/python3.8/site-packages/airflow/example_dags/example_complex.py
[2024-02-23T16:38:25.967+0000] {processor.py:840} INFO - DAG(s) 'example_complex' retrieved from /home/airflow/.local/lib/python3.8/site-packages/airflow/example_dags/example_complex.py
[2024-02-23T16:38:26.037+0000] {logging_mixin.py:188} INFO - [2024-02-23T16:38:26.036+0000] {dag.py:3036} INFO - Sync 1 DAGs
[2024-02-23T16:38:26.065+0000] {logging_mixin.py:188} INFO - [2024-02-23T16:38:26.064+0000] {dag.py:3823} INFO - Setting next_dagrun for example_complex to None, run_after=None
[2024-02-23T16:38:26.103+0000] {processor.py:183} INFO - Processing /home/airflow/.local/lib/python3.8/site-packages/airflow/example_dags/example_complex.py took 0.170 seconds
[2024-02-23T16:38:56.330+0000] {processor.py:161} INFO - Started process (PID=701) to work on /home/airflow/.local/lib/python3.8/site-packages/airflow/example_dags/example_complex.py
[2024-02-23T16:38:56.332+0000] {processor.py:830} INFO - Processing file /home/airflow/.local/lib/python3.8/site-packages/airflow/example_dags/example_complex.py for tasks to queue
[2024-02-23T16:38:56.335+0000] {logging_mixin.py:188} INFO - [2024-02-23T16:38:56.334+0000] {dagbag.py:538} INFO - Filling up the DagBag from /home/airflow/.local/lib/python3.8/site-packages/airflow/example_dags/example_complex.py
[2024-02-23T16:38:56.362+0000] {processor.py:840} INFO - DAG(s) 'example_complex' retrieved from /home/airflow/.local/lib/python3.8/site-packages/airflow/example_dags/example_complex.py
[2024-02-23T16:38:56.434+0000] {logging_mixin.py:188} INFO - [2024-02-23T16:38:56.434+0000] {dag.py:3036} INFO - Sync 1 DAGs
[2024-02-23T16:38:56.460+0000] {logging_mixin.py:188} INFO - [2024-02-23T16:38:56.460+0000] {dag.py:3823} INFO - Setting next_dagrun for example_complex to None, run_after=None
[2024-02-23T16:38:56.494+0000] {processor.py:183} INFO - Processing /home/airflow/.local/lib/python3.8/site-packages/airflow/example_dags/example_complex.py took 0.170 seconds
[2024-02-23T16:39:26.738+0000] {processor.py:161} INFO - Started process (PID=758) to work on /home/airflow/.local/lib/python3.8/site-packages/airflow/example_dags/example_complex.py
[2024-02-23T16:39:26.740+0000] {processor.py:830} INFO - Processing file /home/airflow/.local/lib/python3.8/site-packages/airflow/example_dags/example_complex.py for tasks to queue
[2024-02-23T16:39:26.743+0000] {logging_mixin.py:188} INFO - [2024-02-23T16:39:26.742+0000] {dagbag.py:538} INFO - Filling up the DagBag from /home/airflow/.local/lib/python3.8/site-packages/airflow/example_dags/example_complex.py
[2024-02-23T16:39:26.770+0000] {processor.py:840} INFO - DAG(s) 'example_complex' retrieved from /home/airflow/.local/lib/python3.8/site-packages/airflow/example_dags/example_complex.py
[2024-02-23T16:39:26.856+0000] {logging_mixin.py:188} INFO - [2024-02-23T16:39:26.855+0000] {dag.py:3036} INFO - Sync 1 DAGs
[2024-02-23T16:39:26.885+0000] {logging_mixin.py:188} INFO - [2024-02-23T16:39:26.884+0000] {dag.py:3823} INFO - Setting next_dagrun for example_complex to None, run_after=None
[2024-02-23T16:39:26.922+0000] {processor.py:183} INFO - Processing /home/airflow/.local/lib/python3.8/site-packages/airflow/example_dags/example_complex.py took 0.190 seconds
[2024-02-23T16:39:57.690+0000] {processor.py:161} INFO - Started process (PID=815) to work on /home/airflow/.local/lib/python3.8/site-packages/airflow/example_dags/example_complex.py
[2024-02-23T16:39:57.691+0000] {processor.py:830} INFO - Processing file /home/airflow/.local/lib/python3.8/site-packages/airflow/example_dags/example_complex.py for tasks to queue
[2024-02-23T16:39:57.694+0000] {logging_mixin.py:188} INFO - [2024-02-23T16:39:57.693+0000] {dagbag.py:538} INFO - Filling up the DagBag from /home/airflow/.local/lib/python3.8/site-packages/airflow/example_dags/example_complex.py
[2024-02-23T16:39:57.720+0000] {processor.py:840} INFO - DAG(s) 'example_complex' retrieved from /home/airflow/.local/lib/python3.8/site-packages/airflow/example_dags/example_complex.py
[2024-02-23T16:39:57.786+0000] {logging_mixin.py:188} INFO - [2024-02-23T16:39:57.786+0000] {dag.py:3036} INFO - Sync 1 DAGs
[2024-02-23T16:39:57.816+0000] {logging_mixin.py:188} INFO - [2024-02-23T16:39:57.815+0000] {dag.py:3823} INFO - Setting next_dagrun for example_complex to None, run_after=None
[2024-02-23T16:39:57.849+0000] {processor.py:183} INFO - Processing /home/airflow/.local/lib/python3.8/site-packages/airflow/example_dags/example_complex.py took 0.165 seconds
[2024-02-23T16:40:28.110+0000] {processor.py:161} INFO - Started process (PID=872) to work on /home/airflow/.local/lib/python3.8/site-packages/airflow/example_dags/example_complex.py
[2024-02-23T16:40:28.112+0000] {processor.py:830} INFO - Processing file /home/airflow/.local/lib/python3.8/site-packages/airflow/example_dags/example_complex.py for tasks to queue
[2024-02-23T16:40:28.116+0000] {logging_mixin.py:188} INFO - [2024-02-23T16:40:28.115+0000] {dagbag.py:538} INFO - Filling up the DagBag from /home/airflow/.local/lib/python3.8/site-packages/airflow/example_dags/example_complex.py
[2024-02-23T16:40:28.145+0000] {processor.py:840} INFO - DAG(s) 'example_complex' retrieved from /home/airflow/.local/lib/python3.8/site-packages/airflow/example_dags/example_complex.py
[2024-02-23T16:40:28.225+0000] {logging_mixin.py:188} INFO - [2024-02-23T16:40:28.224+0000] {dag.py:3036} INFO - Sync 1 DAGs
[2024-02-23T16:40:28.254+0000] {logging_mixin.py:188} INFO - [2024-02-23T16:40:28.253+0000] {dag.py:3823} INFO - Setting next_dagrun for example_complex to None, run_after=None
[2024-02-23T16:40:28.298+0000] {processor.py:183} INFO - Processing /home/airflow/.local/lib/python3.8/site-packages/airflow/example_dags/example_complex.py took 0.193 seconds
[2024-02-23T16:40:59.167+0000] {processor.py:161} INFO - Started process (PID=930) to work on /home/airflow/.local/lib/python3.8/site-packages/airflow/example_dags/example_complex.py
[2024-02-23T16:40:59.169+0000] {processor.py:830} INFO - Processing file /home/airflow/.local/lib/python3.8/site-packages/airflow/example_dags/example_complex.py for tasks to queue
[2024-02-23T16:40:59.172+0000] {logging_mixin.py:188} INFO - [2024-02-23T16:40:59.171+0000] {dagbag.py:538} INFO - Filling up the DagBag from /home/airflow/.local/lib/python3.8/site-packages/airflow/example_dags/example_complex.py
[2024-02-23T16:40:59.209+0000] {processor.py:840} INFO - DAG(s) 'example_complex' retrieved from /home/airflow/.local/lib/python3.8/site-packages/airflow/example_dags/example_complex.py
[2024-02-23T16:40:59.295+0000] {logging_mixin.py:188} INFO - [2024-02-23T16:40:59.295+0000] {dag.py:3036} INFO - Sync 1 DAGs
[2024-02-23T16:40:59.322+0000] {logging_mixin.py:188} INFO - [2024-02-23T16:40:59.322+0000] {dag.py:3823} INFO - Setting next_dagrun for example_complex to None, run_after=None
[2024-02-23T16:40:59.359+0000] {processor.py:183} INFO - Processing /home/airflow/.local/lib/python3.8/site-packages/airflow/example_dags/example_complex.py took 0.197 seconds
[2024-02-23T16:41:30.107+0000] {processor.py:161} INFO - Started process (PID=987) to work on /home/airflow/.local/lib/python3.8/site-packages/airflow/example_dags/example_complex.py
[2024-02-23T16:41:30.109+0000] {processor.py:830} INFO - Processing file /home/airflow/.local/lib/python3.8/site-packages/airflow/example_dags/example_complex.py for tasks to queue
[2024-02-23T16:41:30.115+0000] {logging_mixin.py:188} INFO - [2024-02-23T16:41:30.113+0000] {dagbag.py:538} INFO - Filling up the DagBag from /home/airflow/.local/lib/python3.8/site-packages/airflow/example_dags/example_complex.py
[2024-02-23T16:41:30.152+0000] {processor.py:840} INFO - DAG(s) 'example_complex' retrieved from /home/airflow/.local/lib/python3.8/site-packages/airflow/example_dags/example_complex.py
[2024-02-23T16:41:30.253+0000] {logging_mixin.py:188} INFO - [2024-02-23T16:41:30.253+0000] {dag.py:3036} INFO - Sync 1 DAGs
[2024-02-23T16:41:30.290+0000] {logging_mixin.py:188} INFO - [2024-02-23T16:41:30.290+0000] {dag.py:3823} INFO - Setting next_dagrun for example_complex to None, run_after=None
[2024-02-23T16:41:30.338+0000] {processor.py:183} INFO - Processing /home/airflow/.local/lib/python3.8/site-packages/airflow/example_dags/example_complex.py took 0.240 seconds
[2024-02-23T16:43:09.637+0000] {processor.py:161} INFO - Started process (PID=74) to work on /home/airflow/.local/lib/python3.8/site-packages/airflow/example_dags/example_complex.py
[2024-02-23T16:43:09.639+0000] {processor.py:830} INFO - Processing file /home/airflow/.local/lib/python3.8/site-packages/airflow/example_dags/example_complex.py for tasks to queue
[2024-02-23T16:43:09.642+0000] {logging_mixin.py:188} INFO - [2024-02-23T16:43:09.641+0000] {dagbag.py:538} INFO - Filling up the DagBag from /home/airflow/.local/lib/python3.8/site-packages/airflow/example_dags/example_complex.py
[2024-02-23T16:43:09.676+0000] {processor.py:840} INFO - DAG(s) 'example_complex' retrieved from /home/airflow/.local/lib/python3.8/site-packages/airflow/example_dags/example_complex.py
[2024-02-23T16:43:09.991+0000] {logging_mixin.py:188} INFO - [2024-02-23T16:43:09.991+0000] {dag.py:3036} INFO - Sync 1 DAGs
[2024-02-23T16:43:10.023+0000] {logging_mixin.py:188} INFO - [2024-02-23T16:43:10.022+0000] {dag.py:3823} INFO - Setting next_dagrun for example_complex to None, run_after=None
[2024-02-23T16:43:10.065+0000] {processor.py:183} INFO - Processing /home/airflow/.local/lib/python3.8/site-packages/airflow/example_dags/example_complex.py took 0.434 seconds
[2024-02-23T16:43:40.192+0000] {processor.py:161} INFO - Started process (PID=131) to work on /home/airflow/.local/lib/python3.8/site-packages/airflow/example_dags/example_complex.py
[2024-02-23T16:43:40.194+0000] {processor.py:830} INFO - Processing file /home/airflow/.local/lib/python3.8/site-packages/airflow/example_dags/example_complex.py for tasks to queue
[2024-02-23T16:43:40.198+0000] {logging_mixin.py:188} INFO - [2024-02-23T16:43:40.196+0000] {dagbag.py:538} INFO - Filling up the DagBag from /home/airflow/.local/lib/python3.8/site-packages/airflow/example_dags/example_complex.py
[2024-02-23T16:43:40.231+0000] {processor.py:840} INFO - DAG(s) 'example_complex' retrieved from /home/airflow/.local/lib/python3.8/site-packages/airflow/example_dags/example_complex.py
[2024-02-23T16:43:40.308+0000] {logging_mixin.py:188} INFO - [2024-02-23T16:43:40.307+0000] {dag.py:3036} INFO - Sync 1 DAGs
[2024-02-23T16:43:40.340+0000] {logging_mixin.py:188} INFO - [2024-02-23T16:43:40.340+0000] {dag.py:3823} INFO - Setting next_dagrun for example_complex to None, run_after=None
[2024-02-23T16:43:40.383+0000] {processor.py:183} INFO - Processing /home/airflow/.local/lib/python3.8/site-packages/airflow/example_dags/example_complex.py took 0.198 seconds
[2024-02-23T16:44:10.458+0000] {processor.py:161} INFO - Started process (PID=188) to work on /home/airflow/.local/lib/python3.8/site-packages/airflow/example_dags/example_complex.py
[2024-02-23T16:44:10.460+0000] {processor.py:830} INFO - Processing file /home/airflow/.local/lib/python3.8/site-packages/airflow/example_dags/example_complex.py for tasks to queue
[2024-02-23T16:44:10.463+0000] {logging_mixin.py:188} INFO - [2024-02-23T16:44:10.462+0000] {dagbag.py:538} INFO - Filling up the DagBag from /home/airflow/.local/lib/python3.8/site-packages/airflow/example_dags/example_complex.py
[2024-02-23T16:44:10.490+0000] {processor.py:840} INFO - DAG(s) 'example_complex' retrieved from /home/airflow/.local/lib/python3.8/site-packages/airflow/example_dags/example_complex.py
[2024-02-23T16:44:10.568+0000] {logging_mixin.py:188} INFO - [2024-02-23T16:44:10.568+0000] {dag.py:3036} INFO - Sync 1 DAGs
[2024-02-23T16:44:10.591+0000] {logging_mixin.py:188} INFO - [2024-02-23T16:44:10.590+0000] {dag.py:3823} INFO - Setting next_dagrun for example_complex to None, run_after=None
[2024-02-23T16:44:10.618+0000] {processor.py:183} INFO - Processing /home/airflow/.local/lib/python3.8/site-packages/airflow/example_dags/example_complex.py took 0.166 seconds
[2024-02-23T16:44:40.895+0000] {processor.py:161} INFO - Started process (PID=245) to work on /home/airflow/.local/lib/python3.8/site-packages/airflow/example_dags/example_complex.py
[2024-02-23T16:44:40.896+0000] {processor.py:830} INFO - Processing file /home/airflow/.local/lib/python3.8/site-packages/airflow/example_dags/example_complex.py for tasks to queue
[2024-02-23T16:44:40.899+0000] {logging_mixin.py:188} INFO - [2024-02-23T16:44:40.898+0000] {dagbag.py:538} INFO - Filling up the DagBag from /home/airflow/.local/lib/python3.8/site-packages/airflow/example_dags/example_complex.py
[2024-02-23T16:44:40.930+0000] {processor.py:840} INFO - DAG(s) 'example_complex' retrieved from /home/airflow/.local/lib/python3.8/site-packages/airflow/example_dags/example_complex.py
[2024-02-23T16:44:41.010+0000] {logging_mixin.py:188} INFO - [2024-02-23T16:44:41.010+0000] {dag.py:3036} INFO - Sync 1 DAGs
[2024-02-23T16:44:41.040+0000] {logging_mixin.py:188} INFO - [2024-02-23T16:44:41.040+0000] {dag.py:3823} INFO - Setting next_dagrun for example_complex to None, run_after=None
[2024-02-23T16:44:41.083+0000] {processor.py:183} INFO - Processing /home/airflow/.local/lib/python3.8/site-packages/airflow/example_dags/example_complex.py took 0.194 seconds
[2024-02-23T16:45:11.419+0000] {processor.py:161} INFO - Started process (PID=302) to work on /home/airflow/.local/lib/python3.8/site-packages/airflow/example_dags/example_complex.py
[2024-02-23T16:45:11.421+0000] {processor.py:830} INFO - Processing file /home/airflow/.local/lib/python3.8/site-packages/airflow/example_dags/example_complex.py for tasks to queue
[2024-02-23T16:45:11.424+0000] {logging_mixin.py:188} INFO - [2024-02-23T16:45:11.423+0000] {dagbag.py:538} INFO - Filling up the DagBag from /home/airflow/.local/lib/python3.8/site-packages/airflow/example_dags/example_complex.py
[2024-02-23T16:45:11.456+0000] {processor.py:840} INFO - DAG(s) 'example_complex' retrieved from /home/airflow/.local/lib/python3.8/site-packages/airflow/example_dags/example_complex.py
[2024-02-23T16:45:11.532+0000] {logging_mixin.py:188} INFO - [2024-02-23T16:45:11.531+0000] {dag.py:3036} INFO - Sync 1 DAGs
[2024-02-23T16:45:11.558+0000] {logging_mixin.py:188} INFO - [2024-02-23T16:45:11.557+0000] {dag.py:3823} INFO - Setting next_dagrun for example_complex to None, run_after=None
[2024-02-23T16:45:11.596+0000] {processor.py:183} INFO - Processing /home/airflow/.local/lib/python3.8/site-packages/airflow/example_dags/example_complex.py took 0.181 seconds
[2024-02-23T16:45:41.841+0000] {processor.py:161} INFO - Started process (PID=358) to work on /home/airflow/.local/lib/python3.8/site-packages/airflow/example_dags/example_complex.py
[2024-02-23T16:45:41.842+0000] {processor.py:830} INFO - Processing file /home/airflow/.local/lib/python3.8/site-packages/airflow/example_dags/example_complex.py for tasks to queue
[2024-02-23T16:45:41.846+0000] {logging_mixin.py:188} INFO - [2024-02-23T16:45:41.845+0000] {dagbag.py:538} INFO - Filling up the DagBag from /home/airflow/.local/lib/python3.8/site-packages/airflow/example_dags/example_complex.py
[2024-02-23T16:45:41.877+0000] {processor.py:840} INFO - DAG(s) 'example_complex' retrieved from /home/airflow/.local/lib/python3.8/site-packages/airflow/example_dags/example_complex.py
[2024-02-23T16:45:41.967+0000] {logging_mixin.py:188} INFO - [2024-02-23T16:45:41.966+0000] {dag.py:3036} INFO - Sync 1 DAGs
[2024-02-23T16:45:42.001+0000] {logging_mixin.py:188} INFO - [2024-02-23T16:45:42.001+0000] {dag.py:3823} INFO - Setting next_dagrun for example_complex to None, run_after=None
[2024-02-23T16:45:42.040+0000] {processor.py:183} INFO - Processing /home/airflow/.local/lib/python3.8/site-packages/airflow/example_dags/example_complex.py took 0.207 seconds
[2024-02-23T16:46:12.094+0000] {processor.py:161} INFO - Started process (PID=415) to work on /home/airflow/.local/lib/python3.8/site-packages/airflow/example_dags/example_complex.py
[2024-02-23T16:46:12.095+0000] {processor.py:830} INFO - Processing file /home/airflow/.local/lib/python3.8/site-packages/airflow/example_dags/example_complex.py for tasks to queue
[2024-02-23T16:46:12.099+0000] {logging_mixin.py:188} INFO - [2024-02-23T16:46:12.098+0000] {dagbag.py:538} INFO - Filling up the DagBag from /home/airflow/.local/lib/python3.8/site-packages/airflow/example_dags/example_complex.py
[2024-02-23T16:46:12.124+0000] {processor.py:840} INFO - DAG(s) 'example_complex' retrieved from /home/airflow/.local/lib/python3.8/site-packages/airflow/example_dags/example_complex.py
[2024-02-23T16:46:12.188+0000] {logging_mixin.py:188} INFO - [2024-02-23T16:46:12.187+0000] {dag.py:3036} INFO - Sync 1 DAGs
[2024-02-23T16:46:12.210+0000] {logging_mixin.py:188} INFO - [2024-02-23T16:46:12.210+0000] {dag.py:3823} INFO - Setting next_dagrun for example_complex to None, run_after=None
[2024-02-23T16:46:12.244+0000] {processor.py:183} INFO - Processing /home/airflow/.local/lib/python3.8/site-packages/airflow/example_dags/example_complex.py took 0.155 seconds
[2024-02-23T16:46:42.852+0000] {processor.py:161} INFO - Started process (PID=472) to work on /home/airflow/.local/lib/python3.8/site-packages/airflow/example_dags/example_complex.py
[2024-02-23T16:46:42.853+0000] {processor.py:830} INFO - Processing file /home/airflow/.local/lib/python3.8/site-packages/airflow/example_dags/example_complex.py for tasks to queue
[2024-02-23T16:46:42.856+0000] {logging_mixin.py:188} INFO - [2024-02-23T16:46:42.855+0000] {dagbag.py:538} INFO - Filling up the DagBag from /home/airflow/.local/lib/python3.8/site-packages/airflow/example_dags/example_complex.py
[2024-02-23T16:46:42.881+0000] {processor.py:840} INFO - DAG(s) 'example_complex' retrieved from /home/airflow/.local/lib/python3.8/site-packages/airflow/example_dags/example_complex.py
[2024-02-23T16:46:42.953+0000] {logging_mixin.py:188} INFO - [2024-02-23T16:46:42.953+0000] {dag.py:3036} INFO - Sync 1 DAGs
[2024-02-23T16:46:42.978+0000] {logging_mixin.py:188} INFO - [2024-02-23T16:46:42.978+0000] {dag.py:3823} INFO - Setting next_dagrun for example_complex to None, run_after=None
[2024-02-23T16:46:43.010+0000] {processor.py:183} INFO - Processing /home/airflow/.local/lib/python3.8/site-packages/airflow/example_dags/example_complex.py took 0.163 seconds
[2024-02-23T16:47:13.387+0000] {processor.py:161} INFO - Started process (PID=529) to work on /home/airflow/.local/lib/python3.8/site-packages/airflow/example_dags/example_complex.py
[2024-02-23T16:47:13.388+0000] {processor.py:830} INFO - Processing file /home/airflow/.local/lib/python3.8/site-packages/airflow/example_dags/example_complex.py for tasks to queue
[2024-02-23T16:47:13.391+0000] {logging_mixin.py:188} INFO - [2024-02-23T16:47:13.391+0000] {dagbag.py:538} INFO - Filling up the DagBag from /home/airflow/.local/lib/python3.8/site-packages/airflow/example_dags/example_complex.py
[2024-02-23T16:47:13.416+0000] {processor.py:840} INFO - DAG(s) 'example_complex' retrieved from /home/airflow/.local/lib/python3.8/site-packages/airflow/example_dags/example_complex.py
[2024-02-23T16:47:13.500+0000] {logging_mixin.py:188} INFO - [2024-02-23T16:47:13.499+0000] {dag.py:3036} INFO - Sync 1 DAGs
[2024-02-23T16:47:13.525+0000] {logging_mixin.py:188} INFO - [2024-02-23T16:47:13.525+0000] {dag.py:3823} INFO - Setting next_dagrun for example_complex to None, run_after=None
[2024-02-23T16:47:13.564+0000] {processor.py:183} INFO - Processing /home/airflow/.local/lib/python3.8/site-packages/airflow/example_dags/example_complex.py took 0.182 seconds
[2024-02-23T16:48:41.432+0000] {processor.py:161} INFO - Started process (PID=74) to work on /home/airflow/.local/lib/python3.8/site-packages/airflow/example_dags/example_complex.py
[2024-02-23T16:48:41.434+0000] {processor.py:830} INFO - Processing file /home/airflow/.local/lib/python3.8/site-packages/airflow/example_dags/example_complex.py for tasks to queue
[2024-02-23T16:48:41.438+0000] {logging_mixin.py:188} INFO - [2024-02-23T16:48:41.437+0000] {dagbag.py:538} INFO - Filling up the DagBag from /home/airflow/.local/lib/python3.8/site-packages/airflow/example_dags/example_complex.py
[2024-02-23T16:48:41.471+0000] {processor.py:840} INFO - DAG(s) 'example_complex' retrieved from /home/airflow/.local/lib/python3.8/site-packages/airflow/example_dags/example_complex.py
[2024-02-23T16:48:41.758+0000] {logging_mixin.py:188} INFO - [2024-02-23T16:48:41.757+0000] {dag.py:3036} INFO - Sync 1 DAGs
[2024-02-23T16:48:41.783+0000] {logging_mixin.py:188} INFO - [2024-02-23T16:48:41.782+0000] {dag.py:3823} INFO - Setting next_dagrun for example_complex to None, run_after=None
[2024-02-23T16:48:41.821+0000] {processor.py:183} INFO - Processing /home/airflow/.local/lib/python3.8/site-packages/airflow/example_dags/example_complex.py took 0.395 seconds
[2024-02-23T16:52:00.834+0000] {processor.py:161} INFO - Started process (PID=66) to work on /home/airflow/.local/lib/python3.8/site-packages/airflow/example_dags/example_complex.py
[2024-02-23T16:52:00.836+0000] {processor.py:830} INFO - Processing file /home/airflow/.local/lib/python3.8/site-packages/airflow/example_dags/example_complex.py for tasks to queue
[2024-02-23T16:52:00.842+0000] {logging_mixin.py:188} INFO - [2024-02-23T16:52:00.840+0000] {dagbag.py:538} INFO - Filling up the DagBag from /home/airflow/.local/lib/python3.8/site-packages/airflow/example_dags/example_complex.py
[2024-02-23T16:52:00.875+0000] {processor.py:840} INFO - DAG(s) 'example_complex' retrieved from /home/airflow/.local/lib/python3.8/site-packages/airflow/example_dags/example_complex.py
[2024-02-23T16:52:01.218+0000] {logging_mixin.py:188} INFO - [2024-02-23T16:52:01.218+0000] {dag.py:3036} INFO - Sync 1 DAGs
[2024-02-23T16:52:01.258+0000] {logging_mixin.py:188} INFO - [2024-02-23T16:52:01.257+0000] {dag.py:3823} INFO - Setting next_dagrun for example_complex to None, run_after=None
[2024-02-23T16:52:01.313+0000] {processor.py:183} INFO - Processing /home/airflow/.local/lib/python3.8/site-packages/airflow/example_dags/example_complex.py took 0.485 seconds
[2024-02-23T16:52:31.385+0000] {processor.py:161} INFO - Started process (PID=131) to work on /home/airflow/.local/lib/python3.8/site-packages/airflow/example_dags/example_complex.py
[2024-02-23T16:52:31.387+0000] {processor.py:830} INFO - Processing file /home/airflow/.local/lib/python3.8/site-packages/airflow/example_dags/example_complex.py for tasks to queue
[2024-02-23T16:52:31.391+0000] {logging_mixin.py:188} INFO - [2024-02-23T16:52:31.390+0000] {dagbag.py:538} INFO - Filling up the DagBag from /home/airflow/.local/lib/python3.8/site-packages/airflow/example_dags/example_complex.py
[2024-02-23T16:52:31.420+0000] {processor.py:840} INFO - DAG(s) 'example_complex' retrieved from /home/airflow/.local/lib/python3.8/site-packages/airflow/example_dags/example_complex.py
[2024-02-23T16:52:31.978+0000] {logging_mixin.py:188} INFO - [2024-02-23T16:52:31.978+0000] {dag.py:3036} INFO - Sync 1 DAGs
[2024-02-23T16:52:32.000+0000] {logging_mixin.py:188} INFO - [2024-02-23T16:52:31.999+0000] {dag.py:3823} INFO - Setting next_dagrun for example_complex to None, run_after=None
[2024-02-23T16:52:32.036+0000] {processor.py:183} INFO - Processing /home/airflow/.local/lib/python3.8/site-packages/airflow/example_dags/example_complex.py took 0.657 seconds
[2024-02-23T16:53:03.014+0000] {processor.py:161} INFO - Started process (PID=188) to work on /home/airflow/.local/lib/python3.8/site-packages/airflow/example_dags/example_complex.py
[2024-02-23T16:53:03.016+0000] {processor.py:830} INFO - Processing file /home/airflow/.local/lib/python3.8/site-packages/airflow/example_dags/example_complex.py for tasks to queue
[2024-02-23T16:53:03.018+0000] {logging_mixin.py:188} INFO - [2024-02-23T16:53:03.018+0000] {dagbag.py:538} INFO - Filling up the DagBag from /home/airflow/.local/lib/python3.8/site-packages/airflow/example_dags/example_complex.py
[2024-02-23T16:53:03.047+0000] {processor.py:840} INFO - DAG(s) 'example_complex' retrieved from /home/airflow/.local/lib/python3.8/site-packages/airflow/example_dags/example_complex.py
[2024-02-23T16:53:03.124+0000] {logging_mixin.py:188} INFO - [2024-02-23T16:53:03.123+0000] {dag.py:3036} INFO - Sync 1 DAGs
[2024-02-23T16:53:03.153+0000] {logging_mixin.py:188} INFO - [2024-02-23T16:53:03.153+0000] {dag.py:3823} INFO - Setting next_dagrun for example_complex to None, run_after=None
[2024-02-23T16:53:03.187+0000] {processor.py:183} INFO - Processing /home/airflow/.local/lib/python3.8/site-packages/airflow/example_dags/example_complex.py took 0.179 seconds
