[2024-02-23T16:33:18.857+0000] {processor.py:161} INFO - Started process (PID=69) to work on /home/airflow/.local/lib/python3.8/site-packages/airflow/example_dags/tutorial.py
[2024-02-23T16:33:18.859+0000] {processor.py:830} INFO - Processing file /home/airflow/.local/lib/python3.8/site-packages/airflow/example_dags/tutorial.py for tasks to queue
[2024-02-23T16:33:18.862+0000] {logging_mixin.py:188} INFO - [2024-02-23T16:33:18.862+0000] {dagbag.py:538} INFO - Filling up the DagBag from /home/airflow/.local/lib/python3.8/site-packages/airflow/example_dags/tutorial.py
[2024-02-23T16:33:18.884+0000] {processor.py:840} INFO - DAG(s) 'tutorial' retrieved from /home/airflow/.local/lib/python3.8/site-packages/airflow/example_dags/tutorial.py
[2024-02-23T16:33:19.156+0000] {logging_mixin.py:188} INFO - [2024-02-23T16:33:19.155+0000] {dag.py:3036} INFO - Sync 1 DAGs
[2024-02-23T16:33:19.214+0000] {logging_mixin.py:188} INFO - [2024-02-23T16:33:19.213+0000] {dag.py:3823} INFO - Setting next_dagrun for tutorial to 2024-02-22 00:00:00+00:00, run_after=2024-02-23 00:00:00+00:00
[2024-02-23T16:33:19.260+0000] {processor.py:183} INFO - Processing /home/airflow/.local/lib/python3.8/site-packages/airflow/example_dags/tutorial.py took 0.409 seconds
[2024-02-23T16:33:49.867+0000] {processor.py:161} INFO - Started process (PID=126) to work on /home/airflow/.local/lib/python3.8/site-packages/airflow/example_dags/tutorial.py
[2024-02-23T16:33:49.869+0000] {processor.py:830} INFO - Processing file /home/airflow/.local/lib/python3.8/site-packages/airflow/example_dags/tutorial.py for tasks to queue
[2024-02-23T16:33:49.872+0000] {logging_mixin.py:188} INFO - [2024-02-23T16:33:49.871+0000] {dagbag.py:538} INFO - Filling up the DagBag from /home/airflow/.local/lib/python3.8/site-packages/airflow/example_dags/tutorial.py
[2024-02-23T16:33:49.881+0000] {processor.py:840} INFO - DAG(s) 'tutorial' retrieved from /home/airflow/.local/lib/python3.8/site-packages/airflow/example_dags/tutorial.py
[2024-02-23T16:33:49.927+0000] {logging_mixin.py:188} INFO - [2024-02-23T16:33:49.927+0000] {dag.py:3036} INFO - Sync 1 DAGs
[2024-02-23T16:33:49.974+0000] {logging_mixin.py:188} INFO - [2024-02-23T16:33:49.973+0000] {dag.py:3823} INFO - Setting next_dagrun for tutorial to 2024-02-22 00:00:00+00:00, run_after=2024-02-23 00:00:00+00:00
[2024-02-23T16:33:50.009+0000] {processor.py:183} INFO - Processing /home/airflow/.local/lib/python3.8/site-packages/airflow/example_dags/tutorial.py took 0.148 seconds
[2024-02-23T16:34:20.740+0000] {processor.py:161} INFO - Started process (PID=183) to work on /home/airflow/.local/lib/python3.8/site-packages/airflow/example_dags/tutorial.py
[2024-02-23T16:34:20.742+0000] {processor.py:830} INFO - Processing file /home/airflow/.local/lib/python3.8/site-packages/airflow/example_dags/tutorial.py for tasks to queue
[2024-02-23T16:34:20.744+0000] {logging_mixin.py:188} INFO - [2024-02-23T16:34:20.743+0000] {dagbag.py:538} INFO - Filling up the DagBag from /home/airflow/.local/lib/python3.8/site-packages/airflow/example_dags/tutorial.py
[2024-02-23T16:34:20.755+0000] {processor.py:840} INFO - DAG(s) 'tutorial' retrieved from /home/airflow/.local/lib/python3.8/site-packages/airflow/example_dags/tutorial.py
[2024-02-23T16:34:20.795+0000] {logging_mixin.py:188} INFO - [2024-02-23T16:34:20.794+0000] {dag.py:3036} INFO - Sync 1 DAGs
[2024-02-23T16:34:20.848+0000] {logging_mixin.py:188} INFO - [2024-02-23T16:34:20.847+0000] {dag.py:3823} INFO - Setting next_dagrun for tutorial to 2024-02-22 00:00:00+00:00, run_after=2024-02-23 00:00:00+00:00
[2024-02-23T16:34:20.886+0000] {processor.py:183} INFO - Processing /home/airflow/.local/lib/python3.8/site-packages/airflow/example_dags/tutorial.py took 0.151 seconds
[2024-02-23T16:34:51.131+0000] {processor.py:161} INFO - Started process (PID=240) to work on /home/airflow/.local/lib/python3.8/site-packages/airflow/example_dags/tutorial.py
[2024-02-23T16:34:51.133+0000] {processor.py:830} INFO - Processing file /home/airflow/.local/lib/python3.8/site-packages/airflow/example_dags/tutorial.py for tasks to queue
[2024-02-23T16:34:51.137+0000] {logging_mixin.py:188} INFO - [2024-02-23T16:34:51.136+0000] {dagbag.py:538} INFO - Filling up the DagBag from /home/airflow/.local/lib/python3.8/site-packages/airflow/example_dags/tutorial.py
[2024-02-23T16:34:51.146+0000] {processor.py:840} INFO - DAG(s) 'tutorial' retrieved from /home/airflow/.local/lib/python3.8/site-packages/airflow/example_dags/tutorial.py
[2024-02-23T16:34:51.182+0000] {logging_mixin.py:188} INFO - [2024-02-23T16:34:51.181+0000] {dag.py:3036} INFO - Sync 1 DAGs
[2024-02-23T16:34:51.228+0000] {logging_mixin.py:188} INFO - [2024-02-23T16:34:51.227+0000] {dag.py:3823} INFO - Setting next_dagrun for tutorial to 2024-02-22 00:00:00+00:00, run_after=2024-02-23 00:00:00+00:00
[2024-02-23T16:34:51.259+0000] {processor.py:183} INFO - Processing /home/airflow/.local/lib/python3.8/site-packages/airflow/example_dags/tutorial.py took 0.133 seconds
[2024-02-23T16:35:21.988+0000] {processor.py:161} INFO - Started process (PID=297) to work on /home/airflow/.local/lib/python3.8/site-packages/airflow/example_dags/tutorial.py
[2024-02-23T16:35:21.989+0000] {processor.py:830} INFO - Processing file /home/airflow/.local/lib/python3.8/site-packages/airflow/example_dags/tutorial.py for tasks to queue
[2024-02-23T16:35:21.992+0000] {logging_mixin.py:188} INFO - [2024-02-23T16:35:21.991+0000] {dagbag.py:538} INFO - Filling up the DagBag from /home/airflow/.local/lib/python3.8/site-packages/airflow/example_dags/tutorial.py
[2024-02-23T16:35:22.001+0000] {processor.py:840} INFO - DAG(s) 'tutorial' retrieved from /home/airflow/.local/lib/python3.8/site-packages/airflow/example_dags/tutorial.py
[2024-02-23T16:35:22.032+0000] {logging_mixin.py:188} INFO - [2024-02-23T16:35:22.032+0000] {dag.py:3036} INFO - Sync 1 DAGs
[2024-02-23T16:35:22.074+0000] {logging_mixin.py:188} INFO - [2024-02-23T16:35:22.074+0000] {dag.py:3823} INFO - Setting next_dagrun for tutorial to 2024-02-22 00:00:00+00:00, run_after=2024-02-23 00:00:00+00:00
[2024-02-23T16:35:22.105+0000] {processor.py:183} INFO - Processing /home/airflow/.local/lib/python3.8/site-packages/airflow/example_dags/tutorial.py took 0.123 seconds
[2024-02-23T16:35:52.211+0000] {processor.py:161} INFO - Started process (PID=355) to work on /home/airflow/.local/lib/python3.8/site-packages/airflow/example_dags/tutorial.py
[2024-02-23T16:35:52.213+0000] {processor.py:830} INFO - Processing file /home/airflow/.local/lib/python3.8/site-packages/airflow/example_dags/tutorial.py for tasks to queue
[2024-02-23T16:35:52.215+0000] {logging_mixin.py:188} INFO - [2024-02-23T16:35:52.215+0000] {dagbag.py:538} INFO - Filling up the DagBag from /home/airflow/.local/lib/python3.8/site-packages/airflow/example_dags/tutorial.py
[2024-02-23T16:35:52.228+0000] {processor.py:840} INFO - DAG(s) 'tutorial' retrieved from /home/airflow/.local/lib/python3.8/site-packages/airflow/example_dags/tutorial.py
[2024-02-23T16:35:52.274+0000] {logging_mixin.py:188} INFO - [2024-02-23T16:35:52.273+0000] {dag.py:3036} INFO - Sync 1 DAGs
[2024-02-23T16:35:52.329+0000] {logging_mixin.py:188} INFO - [2024-02-23T16:35:52.328+0000] {dag.py:3823} INFO - Setting next_dagrun for tutorial to 2024-02-22 00:00:00+00:00, run_after=2024-02-23 00:00:00+00:00
[2024-02-23T16:35:52.367+0000] {processor.py:183} INFO - Processing /home/airflow/.local/lib/python3.8/site-packages/airflow/example_dags/tutorial.py took 0.161 seconds
[2024-02-23T16:36:22.749+0000] {processor.py:161} INFO - Started process (PID=412) to work on /home/airflow/.local/lib/python3.8/site-packages/airflow/example_dags/tutorial.py
[2024-02-23T16:36:22.750+0000] {processor.py:830} INFO - Processing file /home/airflow/.local/lib/python3.8/site-packages/airflow/example_dags/tutorial.py for tasks to queue
[2024-02-23T16:36:22.753+0000] {logging_mixin.py:188} INFO - [2024-02-23T16:36:22.753+0000] {dagbag.py:538} INFO - Filling up the DagBag from /home/airflow/.local/lib/python3.8/site-packages/airflow/example_dags/tutorial.py
[2024-02-23T16:36:22.762+0000] {processor.py:840} INFO - DAG(s) 'tutorial' retrieved from /home/airflow/.local/lib/python3.8/site-packages/airflow/example_dags/tutorial.py
[2024-02-23T16:36:22.796+0000] {logging_mixin.py:188} INFO - [2024-02-23T16:36:22.795+0000] {dag.py:3036} INFO - Sync 1 DAGs
[2024-02-23T16:36:22.843+0000] {logging_mixin.py:188} INFO - [2024-02-23T16:36:22.843+0000] {dag.py:3823} INFO - Setting next_dagrun for tutorial to 2024-02-22 00:00:00+00:00, run_after=2024-02-23 00:00:00+00:00
[2024-02-23T16:36:22.886+0000] {processor.py:183} INFO - Processing /home/airflow/.local/lib/python3.8/site-packages/airflow/example_dags/tutorial.py took 0.142 seconds
[2024-02-23T16:36:53.580+0000] {processor.py:161} INFO - Started process (PID=469) to work on /home/airflow/.local/lib/python3.8/site-packages/airflow/example_dags/tutorial.py
[2024-02-23T16:36:53.581+0000] {processor.py:830} INFO - Processing file /home/airflow/.local/lib/python3.8/site-packages/airflow/example_dags/tutorial.py for tasks to queue
[2024-02-23T16:36:53.584+0000] {logging_mixin.py:188} INFO - [2024-02-23T16:36:53.584+0000] {dagbag.py:538} INFO - Filling up the DagBag from /home/airflow/.local/lib/python3.8/site-packages/airflow/example_dags/tutorial.py
[2024-02-23T16:36:53.596+0000] {processor.py:840} INFO - DAG(s) 'tutorial' retrieved from /home/airflow/.local/lib/python3.8/site-packages/airflow/example_dags/tutorial.py
[2024-02-23T16:36:53.636+0000] {logging_mixin.py:188} INFO - [2024-02-23T16:36:53.636+0000] {dag.py:3036} INFO - Sync 1 DAGs
[2024-02-23T16:36:53.686+0000] {logging_mixin.py:188} INFO - [2024-02-23T16:36:53.685+0000] {dag.py:3823} INFO - Setting next_dagrun for tutorial to 2024-02-22 00:00:00+00:00, run_after=2024-02-23 00:00:00+00:00
[2024-02-23T16:36:53.725+0000] {processor.py:183} INFO - Processing /home/airflow/.local/lib/python3.8/site-packages/airflow/example_dags/tutorial.py took 0.151 seconds
[2024-02-23T16:37:23.969+0000] {processor.py:161} INFO - Started process (PID=526) to work on /home/airflow/.local/lib/python3.8/site-packages/airflow/example_dags/tutorial.py
[2024-02-23T16:37:23.971+0000] {processor.py:830} INFO - Processing file /home/airflow/.local/lib/python3.8/site-packages/airflow/example_dags/tutorial.py for tasks to queue
[2024-02-23T16:37:23.974+0000] {logging_mixin.py:188} INFO - [2024-02-23T16:37:23.973+0000] {dagbag.py:538} INFO - Filling up the DagBag from /home/airflow/.local/lib/python3.8/site-packages/airflow/example_dags/tutorial.py
[2024-02-23T16:37:23.984+0000] {processor.py:840} INFO - DAG(s) 'tutorial' retrieved from /home/airflow/.local/lib/python3.8/site-packages/airflow/example_dags/tutorial.py
[2024-02-23T16:37:24.029+0000] {logging_mixin.py:188} INFO - [2024-02-23T16:37:24.028+0000] {dag.py:3036} INFO - Sync 1 DAGs
[2024-02-23T16:37:24.077+0000] {logging_mixin.py:188} INFO - [2024-02-23T16:37:24.076+0000] {dag.py:3823} INFO - Setting next_dagrun for tutorial to 2024-02-22 00:00:00+00:00, run_after=2024-02-23 00:00:00+00:00
[2024-02-23T16:37:24.119+0000] {processor.py:183} INFO - Processing /home/airflow/.local/lib/python3.8/site-packages/airflow/example_dags/tutorial.py took 0.155 seconds
[2024-02-23T16:37:54.379+0000] {processor.py:161} INFO - Started process (PID=583) to work on /home/airflow/.local/lib/python3.8/site-packages/airflow/example_dags/tutorial.py
[2024-02-23T16:37:54.381+0000] {processor.py:830} INFO - Processing file /home/airflow/.local/lib/python3.8/site-packages/airflow/example_dags/tutorial.py for tasks to queue
[2024-02-23T16:37:54.385+0000] {logging_mixin.py:188} INFO - [2024-02-23T16:37:54.384+0000] {dagbag.py:538} INFO - Filling up the DagBag from /home/airflow/.local/lib/python3.8/site-packages/airflow/example_dags/tutorial.py
[2024-02-23T16:37:54.396+0000] {processor.py:840} INFO - DAG(s) 'tutorial' retrieved from /home/airflow/.local/lib/python3.8/site-packages/airflow/example_dags/tutorial.py
[2024-02-23T16:37:54.450+0000] {logging_mixin.py:188} INFO - [2024-02-23T16:37:54.449+0000] {dag.py:3036} INFO - Sync 1 DAGs
[2024-02-23T16:37:54.513+0000] {logging_mixin.py:188} INFO - [2024-02-23T16:37:54.512+0000] {dag.py:3823} INFO - Setting next_dagrun for tutorial to 2024-02-22 00:00:00+00:00, run_after=2024-02-23 00:00:00+00:00
[2024-02-23T16:37:54.586+0000] {processor.py:183} INFO - Processing /home/airflow/.local/lib/python3.8/site-packages/airflow/example_dags/tutorial.py took 0.214 seconds
[2024-02-23T16:38:25.350+0000] {processor.py:161} INFO - Started process (PID=640) to work on /home/airflow/.local/lib/python3.8/site-packages/airflow/example_dags/tutorial.py
[2024-02-23T16:38:25.352+0000] {processor.py:830} INFO - Processing file /home/airflow/.local/lib/python3.8/site-packages/airflow/example_dags/tutorial.py for tasks to queue
[2024-02-23T16:38:25.354+0000] {logging_mixin.py:188} INFO - [2024-02-23T16:38:25.354+0000] {dagbag.py:538} INFO - Filling up the DagBag from /home/airflow/.local/lib/python3.8/site-packages/airflow/example_dags/tutorial.py
[2024-02-23T16:38:25.363+0000] {processor.py:840} INFO - DAG(s) 'tutorial' retrieved from /home/airflow/.local/lib/python3.8/site-packages/airflow/example_dags/tutorial.py
[2024-02-23T16:38:25.400+0000] {logging_mixin.py:188} INFO - [2024-02-23T16:38:25.399+0000] {dag.py:3036} INFO - Sync 1 DAGs
[2024-02-23T16:38:25.449+0000] {logging_mixin.py:188} INFO - [2024-02-23T16:38:25.448+0000] {dag.py:3823} INFO - Setting next_dagrun for tutorial to 2024-02-22 00:00:00+00:00, run_after=2024-02-23 00:00:00+00:00
[2024-02-23T16:38:25.503+0000] {processor.py:183} INFO - Processing /home/airflow/.local/lib/python3.8/site-packages/airflow/example_dags/tutorial.py took 0.158 seconds
[2024-02-23T16:38:55.802+0000] {processor.py:161} INFO - Started process (PID=696) to work on /home/airflow/.local/lib/python3.8/site-packages/airflow/example_dags/tutorial.py
[2024-02-23T16:38:55.804+0000] {processor.py:830} INFO - Processing file /home/airflow/.local/lib/python3.8/site-packages/airflow/example_dags/tutorial.py for tasks to queue
[2024-02-23T16:38:55.808+0000] {logging_mixin.py:188} INFO - [2024-02-23T16:38:55.807+0000] {dagbag.py:538} INFO - Filling up the DagBag from /home/airflow/.local/lib/python3.8/site-packages/airflow/example_dags/tutorial.py
[2024-02-23T16:38:55.820+0000] {processor.py:840} INFO - DAG(s) 'tutorial' retrieved from /home/airflow/.local/lib/python3.8/site-packages/airflow/example_dags/tutorial.py
[2024-02-23T16:38:55.860+0000] {logging_mixin.py:188} INFO - [2024-02-23T16:38:55.859+0000] {dag.py:3036} INFO - Sync 1 DAGs
[2024-02-23T16:38:55.904+0000] {logging_mixin.py:188} INFO - [2024-02-23T16:38:55.903+0000] {dag.py:3823} INFO - Setting next_dagrun for tutorial to 2024-02-22 00:00:00+00:00, run_after=2024-02-23 00:00:00+00:00
[2024-02-23T16:38:55.938+0000] {processor.py:183} INFO - Processing /home/airflow/.local/lib/python3.8/site-packages/airflow/example_dags/tutorial.py took 0.143 seconds
[2024-02-23T16:39:26.251+0000] {processor.py:161} INFO - Started process (PID=753) to work on /home/airflow/.local/lib/python3.8/site-packages/airflow/example_dags/tutorial.py
[2024-02-23T16:39:26.253+0000] {processor.py:830} INFO - Processing file /home/airflow/.local/lib/python3.8/site-packages/airflow/example_dags/tutorial.py for tasks to queue
[2024-02-23T16:39:26.255+0000] {logging_mixin.py:188} INFO - [2024-02-23T16:39:26.255+0000] {dagbag.py:538} INFO - Filling up the DagBag from /home/airflow/.local/lib/python3.8/site-packages/airflow/example_dags/tutorial.py
[2024-02-23T16:39:26.265+0000] {processor.py:840} INFO - DAG(s) 'tutorial' retrieved from /home/airflow/.local/lib/python3.8/site-packages/airflow/example_dags/tutorial.py
[2024-02-23T16:39:26.308+0000] {logging_mixin.py:188} INFO - [2024-02-23T16:39:26.308+0000] {dag.py:3036} INFO - Sync 1 DAGs
[2024-02-23T16:39:26.354+0000] {logging_mixin.py:188} INFO - [2024-02-23T16:39:26.354+0000] {dag.py:3823} INFO - Setting next_dagrun for tutorial to 2024-02-22 00:00:00+00:00, run_after=2024-02-23 00:00:00+00:00
[2024-02-23T16:39:26.383+0000] {processor.py:183} INFO - Processing /home/airflow/.local/lib/python3.8/site-packages/airflow/example_dags/tutorial.py took 0.137 seconds
[2024-02-23T16:39:57.149+0000] {processor.py:161} INFO - Started process (PID=810) to work on /home/airflow/.local/lib/python3.8/site-packages/airflow/example_dags/tutorial.py
[2024-02-23T16:39:57.152+0000] {processor.py:830} INFO - Processing file /home/airflow/.local/lib/python3.8/site-packages/airflow/example_dags/tutorial.py for tasks to queue
[2024-02-23T16:39:57.155+0000] {logging_mixin.py:188} INFO - [2024-02-23T16:39:57.154+0000] {dagbag.py:538} INFO - Filling up the DagBag from /home/airflow/.local/lib/python3.8/site-packages/airflow/example_dags/tutorial.py
[2024-02-23T16:39:57.166+0000] {processor.py:840} INFO - DAG(s) 'tutorial' retrieved from /home/airflow/.local/lib/python3.8/site-packages/airflow/example_dags/tutorial.py
[2024-02-23T16:39:57.207+0000] {logging_mixin.py:188} INFO - [2024-02-23T16:39:57.207+0000] {dag.py:3036} INFO - Sync 1 DAGs
[2024-02-23T16:39:57.254+0000] {logging_mixin.py:188} INFO - [2024-02-23T16:39:57.253+0000] {dag.py:3823} INFO - Setting next_dagrun for tutorial to 2024-02-22 00:00:00+00:00, run_after=2024-02-23 00:00:00+00:00
[2024-02-23T16:39:57.291+0000] {processor.py:183} INFO - Processing /home/airflow/.local/lib/python3.8/site-packages/airflow/example_dags/tutorial.py took 0.148 seconds
[2024-02-23T16:40:27.545+0000] {processor.py:161} INFO - Started process (PID=867) to work on /home/airflow/.local/lib/python3.8/site-packages/airflow/example_dags/tutorial.py
[2024-02-23T16:40:27.547+0000] {processor.py:830} INFO - Processing file /home/airflow/.local/lib/python3.8/site-packages/airflow/example_dags/tutorial.py for tasks to queue
[2024-02-23T16:40:27.550+0000] {logging_mixin.py:188} INFO - [2024-02-23T16:40:27.549+0000] {dagbag.py:538} INFO - Filling up the DagBag from /home/airflow/.local/lib/python3.8/site-packages/airflow/example_dags/tutorial.py
[2024-02-23T16:40:27.559+0000] {processor.py:840} INFO - DAG(s) 'tutorial' retrieved from /home/airflow/.local/lib/python3.8/site-packages/airflow/example_dags/tutorial.py
[2024-02-23T16:40:27.599+0000] {logging_mixin.py:188} INFO - [2024-02-23T16:40:27.598+0000] {dag.py:3036} INFO - Sync 1 DAGs
[2024-02-23T16:40:27.668+0000] {logging_mixin.py:188} INFO - [2024-02-23T16:40:27.667+0000] {dag.py:3823} INFO - Setting next_dagrun for tutorial to 2024-02-22 00:00:00+00:00, run_after=2024-02-23 00:00:00+00:00
[2024-02-23T16:40:27.710+0000] {processor.py:183} INFO - Processing /home/airflow/.local/lib/python3.8/site-packages/airflow/example_dags/tutorial.py took 0.170 seconds
[2024-02-23T16:40:58.700+0000] {processor.py:161} INFO - Started process (PID=925) to work on /home/airflow/.local/lib/python3.8/site-packages/airflow/example_dags/tutorial.py
[2024-02-23T16:40:58.702+0000] {processor.py:830} INFO - Processing file /home/airflow/.local/lib/python3.8/site-packages/airflow/example_dags/tutorial.py for tasks to queue
[2024-02-23T16:40:58.705+0000] {logging_mixin.py:188} INFO - [2024-02-23T16:40:58.704+0000] {dagbag.py:538} INFO - Filling up the DagBag from /home/airflow/.local/lib/python3.8/site-packages/airflow/example_dags/tutorial.py
[2024-02-23T16:40:58.715+0000] {processor.py:840} INFO - DAG(s) 'tutorial' retrieved from /home/airflow/.local/lib/python3.8/site-packages/airflow/example_dags/tutorial.py
[2024-02-23T16:40:58.755+0000] {logging_mixin.py:188} INFO - [2024-02-23T16:40:58.755+0000] {dag.py:3036} INFO - Sync 1 DAGs
[2024-02-23T16:40:58.807+0000] {logging_mixin.py:188} INFO - [2024-02-23T16:40:58.807+0000] {dag.py:3823} INFO - Setting next_dagrun for tutorial to 2024-02-22 00:00:00+00:00, run_after=2024-02-23 00:00:00+00:00
[2024-02-23T16:40:58.846+0000] {processor.py:183} INFO - Processing /home/airflow/.local/lib/python3.8/site-packages/airflow/example_dags/tutorial.py took 0.152 seconds
[2024-02-23T16:41:29.692+0000] {processor.py:161} INFO - Started process (PID=982) to work on /home/airflow/.local/lib/python3.8/site-packages/airflow/example_dags/tutorial.py
[2024-02-23T16:41:29.693+0000] {processor.py:830} INFO - Processing file /home/airflow/.local/lib/python3.8/site-packages/airflow/example_dags/tutorial.py for tasks to queue
[2024-02-23T16:41:29.696+0000] {logging_mixin.py:188} INFO - [2024-02-23T16:41:29.695+0000] {dagbag.py:538} INFO - Filling up the DagBag from /home/airflow/.local/lib/python3.8/site-packages/airflow/example_dags/tutorial.py
[2024-02-23T16:41:29.704+0000] {processor.py:840} INFO - DAG(s) 'tutorial' retrieved from /home/airflow/.local/lib/python3.8/site-packages/airflow/example_dags/tutorial.py
[2024-02-23T16:41:29.739+0000] {logging_mixin.py:188} INFO - [2024-02-23T16:41:29.739+0000] {dag.py:3036} INFO - Sync 1 DAGs
[2024-02-23T16:41:29.782+0000] {logging_mixin.py:188} INFO - [2024-02-23T16:41:29.781+0000] {dag.py:3823} INFO - Setting next_dagrun for tutorial to 2024-02-22 00:00:00+00:00, run_after=2024-02-23 00:00:00+00:00
[2024-02-23T16:41:29.813+0000] {processor.py:183} INFO - Processing /home/airflow/.local/lib/python3.8/site-packages/airflow/example_dags/tutorial.py took 0.125 seconds
[2024-02-23T16:43:08.324+0000] {processor.py:161} INFO - Started process (PID=69) to work on /home/airflow/.local/lib/python3.8/site-packages/airflow/example_dags/tutorial.py
[2024-02-23T16:43:08.326+0000] {processor.py:830} INFO - Processing file /home/airflow/.local/lib/python3.8/site-packages/airflow/example_dags/tutorial.py for tasks to queue
[2024-02-23T16:43:08.332+0000] {logging_mixin.py:188} INFO - [2024-02-23T16:43:08.331+0000] {dagbag.py:538} INFO - Filling up the DagBag from /home/airflow/.local/lib/python3.8/site-packages/airflow/example_dags/tutorial.py
[2024-02-23T16:43:08.354+0000] {processor.py:840} INFO - DAG(s) 'tutorial' retrieved from /home/airflow/.local/lib/python3.8/site-packages/airflow/example_dags/tutorial.py
[2024-02-23T16:43:08.693+0000] {logging_mixin.py:188} INFO - [2024-02-23T16:43:08.693+0000] {dag.py:3036} INFO - Sync 1 DAGs
[2024-02-23T16:43:08.735+0000] {logging_mixin.py:188} INFO - [2024-02-23T16:43:08.734+0000] {dag.py:3823} INFO - Setting next_dagrun for tutorial to 2024-02-22 00:00:00+00:00, run_after=2024-02-23 00:00:00+00:00
[2024-02-23T16:43:08.774+0000] {processor.py:183} INFO - Processing /home/airflow/.local/lib/python3.8/site-packages/airflow/example_dags/tutorial.py took 0.460 seconds
[2024-02-23T16:43:38.840+0000] {processor.py:161} INFO - Started process (PID=126) to work on /home/airflow/.local/lib/python3.8/site-packages/airflow/example_dags/tutorial.py
[2024-02-23T16:43:38.842+0000] {processor.py:830} INFO - Processing file /home/airflow/.local/lib/python3.8/site-packages/airflow/example_dags/tutorial.py for tasks to queue
[2024-02-23T16:43:38.845+0000] {logging_mixin.py:188} INFO - [2024-02-23T16:43:38.844+0000] {dagbag.py:538} INFO - Filling up the DagBag from /home/airflow/.local/lib/python3.8/site-packages/airflow/example_dags/tutorial.py
[2024-02-23T16:43:38.854+0000] {processor.py:840} INFO - DAG(s) 'tutorial' retrieved from /home/airflow/.local/lib/python3.8/site-packages/airflow/example_dags/tutorial.py
[2024-02-23T16:43:38.893+0000] {logging_mixin.py:188} INFO - [2024-02-23T16:43:38.892+0000] {dag.py:3036} INFO - Sync 1 DAGs
[2024-02-23T16:43:38.951+0000] {logging_mixin.py:188} INFO - [2024-02-23T16:43:38.950+0000] {dag.py:3823} INFO - Setting next_dagrun for tutorial to 2024-02-22 00:00:00+00:00, run_after=2024-02-23 00:00:00+00:00
[2024-02-23T16:43:38.992+0000] {processor.py:183} INFO - Processing /home/airflow/.local/lib/python3.8/site-packages/airflow/example_dags/tutorial.py took 0.159 seconds
[2024-02-23T16:44:09.061+0000] {processor.py:161} INFO - Started process (PID=183) to work on /home/airflow/.local/lib/python3.8/site-packages/airflow/example_dags/tutorial.py
[2024-02-23T16:44:09.062+0000] {processor.py:830} INFO - Processing file /home/airflow/.local/lib/python3.8/site-packages/airflow/example_dags/tutorial.py for tasks to queue
[2024-02-23T16:44:09.065+0000] {logging_mixin.py:188} INFO - [2024-02-23T16:44:09.064+0000] {dagbag.py:538} INFO - Filling up the DagBag from /home/airflow/.local/lib/python3.8/site-packages/airflow/example_dags/tutorial.py
[2024-02-23T16:44:09.073+0000] {processor.py:840} INFO - DAG(s) 'tutorial' retrieved from /home/airflow/.local/lib/python3.8/site-packages/airflow/example_dags/tutorial.py
[2024-02-23T16:44:09.104+0000] {logging_mixin.py:188} INFO - [2024-02-23T16:44:09.104+0000] {dag.py:3036} INFO - Sync 1 DAGs
[2024-02-23T16:44:09.141+0000] {logging_mixin.py:188} INFO - [2024-02-23T16:44:09.141+0000] {dag.py:3823} INFO - Setting next_dagrun for tutorial to 2024-02-22 00:00:00+00:00, run_after=2024-02-23 00:00:00+00:00
[2024-02-23T16:44:09.170+0000] {processor.py:183} INFO - Processing /home/airflow/.local/lib/python3.8/site-packages/airflow/example_dags/tutorial.py took 0.114 seconds
[2024-02-23T16:44:39.414+0000] {processor.py:161} INFO - Started process (PID=240) to work on /home/airflow/.local/lib/python3.8/site-packages/airflow/example_dags/tutorial.py
[2024-02-23T16:44:39.416+0000] {processor.py:830} INFO - Processing file /home/airflow/.local/lib/python3.8/site-packages/airflow/example_dags/tutorial.py for tasks to queue
[2024-02-23T16:44:39.418+0000] {logging_mixin.py:188} INFO - [2024-02-23T16:44:39.418+0000] {dagbag.py:538} INFO - Filling up the DagBag from /home/airflow/.local/lib/python3.8/site-packages/airflow/example_dags/tutorial.py
[2024-02-23T16:44:39.428+0000] {processor.py:840} INFO - DAG(s) 'tutorial' retrieved from /home/airflow/.local/lib/python3.8/site-packages/airflow/example_dags/tutorial.py
[2024-02-23T16:44:39.460+0000] {logging_mixin.py:188} INFO - [2024-02-23T16:44:39.460+0000] {dag.py:3036} INFO - Sync 1 DAGs
[2024-02-23T16:44:39.502+0000] {logging_mixin.py:188} INFO - [2024-02-23T16:44:39.502+0000] {dag.py:3823} INFO - Setting next_dagrun for tutorial to 2024-02-22 00:00:00+00:00, run_after=2024-02-23 00:00:00+00:00
[2024-02-23T16:44:39.533+0000] {processor.py:183} INFO - Processing /home/airflow/.local/lib/python3.8/site-packages/airflow/example_dags/tutorial.py took 0.125 seconds
[2024-02-23T16:45:09.951+0000] {processor.py:161} INFO - Started process (PID=297) to work on /home/airflow/.local/lib/python3.8/site-packages/airflow/example_dags/tutorial.py
[2024-02-23T16:45:09.953+0000] {processor.py:830} INFO - Processing file /home/airflow/.local/lib/python3.8/site-packages/airflow/example_dags/tutorial.py for tasks to queue
[2024-02-23T16:45:09.956+0000] {logging_mixin.py:188} INFO - [2024-02-23T16:45:09.956+0000] {dagbag.py:538} INFO - Filling up the DagBag from /home/airflow/.local/lib/python3.8/site-packages/airflow/example_dags/tutorial.py
[2024-02-23T16:45:09.966+0000] {processor.py:840} INFO - DAG(s) 'tutorial' retrieved from /home/airflow/.local/lib/python3.8/site-packages/airflow/example_dags/tutorial.py
[2024-02-23T16:45:09.997+0000] {logging_mixin.py:188} INFO - [2024-02-23T16:45:09.997+0000] {dag.py:3036} INFO - Sync 1 DAGs
[2024-02-23T16:45:10.036+0000] {logging_mixin.py:188} INFO - [2024-02-23T16:45:10.036+0000] {dag.py:3823} INFO - Setting next_dagrun for tutorial to 2024-02-22 00:00:00+00:00, run_after=2024-02-23 00:00:00+00:00
[2024-02-23T16:45:10.068+0000] {processor.py:183} INFO - Processing /home/airflow/.local/lib/python3.8/site-packages/airflow/example_dags/tutorial.py took 0.121 seconds
[2024-02-23T16:45:40.367+0000] {processor.py:161} INFO - Started process (PID=353) to work on /home/airflow/.local/lib/python3.8/site-packages/airflow/example_dags/tutorial.py
[2024-02-23T16:45:40.369+0000] {processor.py:830} INFO - Processing file /home/airflow/.local/lib/python3.8/site-packages/airflow/example_dags/tutorial.py for tasks to queue
[2024-02-23T16:45:40.371+0000] {logging_mixin.py:188} INFO - [2024-02-23T16:45:40.371+0000] {dagbag.py:538} INFO - Filling up the DagBag from /home/airflow/.local/lib/python3.8/site-packages/airflow/example_dags/tutorial.py
[2024-02-23T16:45:40.382+0000] {processor.py:840} INFO - DAG(s) 'tutorial' retrieved from /home/airflow/.local/lib/python3.8/site-packages/airflow/example_dags/tutorial.py
[2024-02-23T16:45:40.420+0000] {logging_mixin.py:188} INFO - [2024-02-23T16:45:40.420+0000] {dag.py:3036} INFO - Sync 1 DAGs
[2024-02-23T16:45:40.459+0000] {logging_mixin.py:188} INFO - [2024-02-23T16:45:40.459+0000] {dag.py:3823} INFO - Setting next_dagrun for tutorial to 2024-02-22 00:00:00+00:00, run_after=2024-02-23 00:00:00+00:00
[2024-02-23T16:45:40.487+0000] {processor.py:183} INFO - Processing /home/airflow/.local/lib/python3.8/site-packages/airflow/example_dags/tutorial.py took 0.125 seconds
[2024-02-23T16:46:10.675+0000] {processor.py:161} INFO - Started process (PID=410) to work on /home/airflow/.local/lib/python3.8/site-packages/airflow/example_dags/tutorial.py
[2024-02-23T16:46:10.676+0000] {processor.py:830} INFO - Processing file /home/airflow/.local/lib/python3.8/site-packages/airflow/example_dags/tutorial.py for tasks to queue
[2024-02-23T16:46:10.679+0000] {logging_mixin.py:188} INFO - [2024-02-23T16:46:10.679+0000] {dagbag.py:538} INFO - Filling up the DagBag from /home/airflow/.local/lib/python3.8/site-packages/airflow/example_dags/tutorial.py
[2024-02-23T16:46:10.688+0000] {processor.py:840} INFO - DAG(s) 'tutorial' retrieved from /home/airflow/.local/lib/python3.8/site-packages/airflow/example_dags/tutorial.py
[2024-02-23T16:46:10.720+0000] {logging_mixin.py:188} INFO - [2024-02-23T16:46:10.720+0000] {dag.py:3036} INFO - Sync 1 DAGs
[2024-02-23T16:46:10.759+0000] {logging_mixin.py:188} INFO - [2024-02-23T16:46:10.759+0000] {dag.py:3823} INFO - Setting next_dagrun for tutorial to 2024-02-22 00:00:00+00:00, run_after=2024-02-23 00:00:00+00:00
[2024-02-23T16:46:10.800+0000] {processor.py:183} INFO - Processing /home/airflow/.local/lib/python3.8/site-packages/airflow/example_dags/tutorial.py took 0.130 seconds
[2024-02-23T16:46:41.367+0000] {processor.py:161} INFO - Started process (PID=467) to work on /home/airflow/.local/lib/python3.8/site-packages/airflow/example_dags/tutorial.py
[2024-02-23T16:46:41.369+0000] {processor.py:830} INFO - Processing file /home/airflow/.local/lib/python3.8/site-packages/airflow/example_dags/tutorial.py for tasks to queue
[2024-02-23T16:46:41.373+0000] {logging_mixin.py:188} INFO - [2024-02-23T16:46:41.372+0000] {dagbag.py:538} INFO - Filling up the DagBag from /home/airflow/.local/lib/python3.8/site-packages/airflow/example_dags/tutorial.py
[2024-02-23T16:46:41.384+0000] {processor.py:840} INFO - DAG(s) 'tutorial' retrieved from /home/airflow/.local/lib/python3.8/site-packages/airflow/example_dags/tutorial.py
[2024-02-23T16:46:41.424+0000] {logging_mixin.py:188} INFO - [2024-02-23T16:46:41.424+0000] {dag.py:3036} INFO - Sync 1 DAGs
[2024-02-23T16:46:41.475+0000] {logging_mixin.py:188} INFO - [2024-02-23T16:46:41.475+0000] {dag.py:3823} INFO - Setting next_dagrun for tutorial to 2024-02-22 00:00:00+00:00, run_after=2024-02-23 00:00:00+00:00
[2024-02-23T16:46:41.511+0000] {processor.py:183} INFO - Processing /home/airflow/.local/lib/python3.8/site-packages/airflow/example_dags/tutorial.py took 0.151 seconds
[2024-02-23T16:47:11.875+0000] {processor.py:161} INFO - Started process (PID=524) to work on /home/airflow/.local/lib/python3.8/site-packages/airflow/example_dags/tutorial.py
[2024-02-23T16:47:11.877+0000] {processor.py:830} INFO - Processing file /home/airflow/.local/lib/python3.8/site-packages/airflow/example_dags/tutorial.py for tasks to queue
[2024-02-23T16:47:11.883+0000] {logging_mixin.py:188} INFO - [2024-02-23T16:47:11.882+0000] {dagbag.py:538} INFO - Filling up the DagBag from /home/airflow/.local/lib/python3.8/site-packages/airflow/example_dags/tutorial.py
[2024-02-23T16:47:11.896+0000] {processor.py:840} INFO - DAG(s) 'tutorial' retrieved from /home/airflow/.local/lib/python3.8/site-packages/airflow/example_dags/tutorial.py
[2024-02-23T16:47:11.946+0000] {logging_mixin.py:188} INFO - [2024-02-23T16:47:11.946+0000] {dag.py:3036} INFO - Sync 1 DAGs
[2024-02-23T16:47:12.010+0000] {logging_mixin.py:188} INFO - [2024-02-23T16:47:12.009+0000] {dag.py:3823} INFO - Setting next_dagrun for tutorial to 2024-02-22 00:00:00+00:00, run_after=2024-02-23 00:00:00+00:00
[2024-02-23T16:47:12.056+0000] {processor.py:183} INFO - Processing /home/airflow/.local/lib/python3.8/site-packages/airflow/example_dags/tutorial.py took 0.188 seconds
[2024-02-23T16:48:40.280+0000] {processor.py:161} INFO - Started process (PID=69) to work on /home/airflow/.local/lib/python3.8/site-packages/airflow/example_dags/tutorial.py
[2024-02-23T16:48:40.283+0000] {processor.py:830} INFO - Processing file /home/airflow/.local/lib/python3.8/site-packages/airflow/example_dags/tutorial.py for tasks to queue
[2024-02-23T16:48:40.286+0000] {logging_mixin.py:188} INFO - [2024-02-23T16:48:40.285+0000] {dagbag.py:538} INFO - Filling up the DagBag from /home/airflow/.local/lib/python3.8/site-packages/airflow/example_dags/tutorial.py
[2024-02-23T16:48:40.299+0000] {processor.py:840} INFO - DAG(s) 'tutorial' retrieved from /home/airflow/.local/lib/python3.8/site-packages/airflow/example_dags/tutorial.py
[2024-02-23T16:48:40.532+0000] {logging_mixin.py:188} INFO - [2024-02-23T16:48:40.532+0000] {dag.py:3036} INFO - Sync 1 DAGs
[2024-02-23T16:48:40.581+0000] {logging_mixin.py:188} INFO - [2024-02-23T16:48:40.581+0000] {dag.py:3823} INFO - Setting next_dagrun for tutorial to 2024-02-22 00:00:00+00:00, run_after=2024-02-23 00:00:00+00:00
[2024-02-23T16:48:40.618+0000] {processor.py:183} INFO - Processing /home/airflow/.local/lib/python3.8/site-packages/airflow/example_dags/tutorial.py took 0.343 seconds
[2024-02-23T16:51:59.764+0000] {processor.py:161} INFO - Started process (PID=61) to work on /home/airflow/.local/lib/python3.8/site-packages/airflow/example_dags/tutorial.py
[2024-02-23T16:51:59.765+0000] {processor.py:830} INFO - Processing file /home/airflow/.local/lib/python3.8/site-packages/airflow/example_dags/tutorial.py for tasks to queue
[2024-02-23T16:51:59.768+0000] {logging_mixin.py:188} INFO - [2024-02-23T16:51:59.767+0000] {dagbag.py:538} INFO - Filling up the DagBag from /home/airflow/.local/lib/python3.8/site-packages/airflow/example_dags/tutorial.py
[2024-02-23T16:51:59.784+0000] {processor.py:840} INFO - DAG(s) 'tutorial' retrieved from /home/airflow/.local/lib/python3.8/site-packages/airflow/example_dags/tutorial.py
[2024-02-23T16:52:00.020+0000] {logging_mixin.py:188} INFO - [2024-02-23T16:52:00.019+0000] {dag.py:3036} INFO - Sync 1 DAGs
[2024-02-23T16:52:00.077+0000] {logging_mixin.py:188} INFO - [2024-02-23T16:52:00.077+0000] {dag.py:3823} INFO - Setting next_dagrun for tutorial to 2024-02-22 00:00:00+00:00, run_after=2024-02-23 00:00:00+00:00
[2024-02-23T16:52:00.144+0000] {processor.py:183} INFO - Processing /home/airflow/.local/lib/python3.8/site-packages/airflow/example_dags/tutorial.py took 0.386 seconds
[2024-02-23T16:52:30.826+0000] {processor.py:161} INFO - Started process (PID=119) to work on /home/airflow/.local/lib/python3.8/site-packages/airflow/example_dags/tutorial.py
[2024-02-23T16:52:30.827+0000] {processor.py:830} INFO - Processing file /home/airflow/.local/lib/python3.8/site-packages/airflow/example_dags/tutorial.py for tasks to queue
[2024-02-23T16:52:30.830+0000] {logging_mixin.py:188} INFO - [2024-02-23T16:52:30.830+0000] {dagbag.py:538} INFO - Filling up the DagBag from /home/airflow/.local/lib/python3.8/site-packages/airflow/example_dags/tutorial.py
[2024-02-23T16:52:30.839+0000] {processor.py:840} INFO - DAG(s) 'tutorial' retrieved from /home/airflow/.local/lib/python3.8/site-packages/airflow/example_dags/tutorial.py
[2024-02-23T16:52:30.874+0000] {logging_mixin.py:188} INFO - [2024-02-23T16:52:30.874+0000] {dag.py:3036} INFO - Sync 1 DAGs
[2024-02-23T16:52:30.916+0000] {logging_mixin.py:188} INFO - [2024-02-23T16:52:30.915+0000] {dag.py:3823} INFO - Setting next_dagrun for tutorial to 2024-02-22 00:00:00+00:00, run_after=2024-02-23 00:00:00+00:00
[2024-02-23T16:52:30.947+0000] {processor.py:183} INFO - Processing /home/airflow/.local/lib/python3.8/site-packages/airflow/example_dags/tutorial.py took 0.126 seconds
[2024-02-23T16:53:01.574+0000] {processor.py:161} INFO - Started process (PID=183) to work on /home/airflow/.local/lib/python3.8/site-packages/airflow/example_dags/tutorial.py
[2024-02-23T16:53:01.575+0000] {processor.py:830} INFO - Processing file /home/airflow/.local/lib/python3.8/site-packages/airflow/example_dags/tutorial.py for tasks to queue
[2024-02-23T16:53:01.578+0000] {logging_mixin.py:188} INFO - [2024-02-23T16:53:01.577+0000] {dagbag.py:538} INFO - Filling up the DagBag from /home/airflow/.local/lib/python3.8/site-packages/airflow/example_dags/tutorial.py
[2024-02-23T16:53:01.587+0000] {processor.py:840} INFO - DAG(s) 'tutorial' retrieved from /home/airflow/.local/lib/python3.8/site-packages/airflow/example_dags/tutorial.py
[2024-02-23T16:53:01.616+0000] {logging_mixin.py:188} INFO - [2024-02-23T16:53:01.615+0000] {dag.py:3036} INFO - Sync 1 DAGs
[2024-02-23T16:53:01.657+0000] {logging_mixin.py:188} INFO - [2024-02-23T16:53:01.657+0000] {dag.py:3823} INFO - Setting next_dagrun for tutorial to 2024-02-22 00:00:00+00:00, run_after=2024-02-23 00:00:00+00:00
[2024-02-23T16:53:01.687+0000] {processor.py:183} INFO - Processing /home/airflow/.local/lib/python3.8/site-packages/airflow/example_dags/tutorial.py took 0.118 seconds
