[2024-03-01T17:26:02.935+0000] {processor.py:161} INFO - Started process (PID=190) to work on /opt/airflow/dags/run_chicago_crime_dag.py
[2024-03-01T17:26:02.936+0000] {processor.py:830} INFO - Processing file /opt/airflow/dags/run_chicago_crime_dag.py for tasks to queue
[2024-03-01T17:26:02.938+0000] {logging_mixin.py:188} INFO - [2024-03-01T17:26:02.937+0000] {dagbag.py:538} INFO - Filling up the DagBag from /opt/airflow/dags/run_chicago_crime_dag.py
[2024-03-01T17:26:02.976+0000] {processor.py:840} INFO - DAG(s) 'chicago_crime_dag' retrieved from /opt/airflow/dags/run_chicago_crime_dag.py
[2024-03-01T17:26:03.038+0000] {logging_mixin.py:188} INFO - [2024-03-01T17:26:03.038+0000] {dag.py:3036} INFO - Sync 1 DAGs
[2024-03-01T17:26:03.119+0000] {logging_mixin.py:188} INFO - [2024-03-01T17:26:03.119+0000] {dag.py:3823} INFO - Setting next_dagrun for chicago_crime_dag to 2024-03-01 16:00:00+00:00, run_after=2024-03-01 17:00:00+00:00
[2024-03-01T17:26:03.165+0000] {processor.py:183} INFO - Processing /opt/airflow/dags/run_chicago_crime_dag.py took 0.237 seconds
[2024-03-01T17:26:33.674+0000] {processor.py:161} INFO - Started process (PID=217) to work on /opt/airflow/dags/run_chicago_crime_dag.py
[2024-03-01T17:26:33.676+0000] {processor.py:830} INFO - Processing file /opt/airflow/dags/run_chicago_crime_dag.py for tasks to queue
[2024-03-01T17:26:33.679+0000] {logging_mixin.py:188} INFO - [2024-03-01T17:26:33.678+0000] {dagbag.py:538} INFO - Filling up the DagBag from /opt/airflow/dags/run_chicago_crime_dag.py
[2024-03-01T17:26:33.729+0000] {processor.py:840} INFO - DAG(s) 'chicago_crime_dag' retrieved from /opt/airflow/dags/run_chicago_crime_dag.py
[2024-03-01T17:26:33.792+0000] {logging_mixin.py:188} INFO - [2024-03-01T17:26:33.791+0000] {dag.py:3036} INFO - Sync 1 DAGs
[2024-03-01T17:26:33.875+0000] {logging_mixin.py:188} INFO - [2024-03-01T17:26:33.874+0000] {dag.py:3823} INFO - Setting next_dagrun for chicago_crime_dag to 2024-03-01 16:00:00+00:00, run_after=2024-03-01 17:00:00+00:00
[2024-03-01T17:26:33.954+0000] {processor.py:183} INFO - Processing /opt/airflow/dags/run_chicago_crime_dag.py took 0.289 seconds
[2024-03-01T17:27:04.422+0000] {processor.py:161} INFO - Started process (PID=248) to work on /opt/airflow/dags/run_chicago_crime_dag.py
[2024-03-01T17:27:04.426+0000] {processor.py:830} INFO - Processing file /opt/airflow/dags/run_chicago_crime_dag.py for tasks to queue
[2024-03-01T17:27:04.430+0000] {logging_mixin.py:188} INFO - [2024-03-01T17:27:04.429+0000] {dagbag.py:538} INFO - Filling up the DagBag from /opt/airflow/dags/run_chicago_crime_dag.py
[2024-03-01T17:27:04.487+0000] {processor.py:840} INFO - DAG(s) 'chicago_crime_dag' retrieved from /opt/airflow/dags/run_chicago_crime_dag.py
[2024-03-01T17:27:04.575+0000] {logging_mixin.py:188} INFO - [2024-03-01T17:27:04.574+0000] {dag.py:3036} INFO - Sync 1 DAGs
[2024-03-01T17:27:04.666+0000] {logging_mixin.py:188} INFO - [2024-03-01T17:27:04.665+0000] {dag.py:3823} INFO - Setting next_dagrun for chicago_crime_dag to 2024-03-01 16:00:00+00:00, run_after=2024-03-01 17:00:00+00:00
[2024-03-01T17:27:04.716+0000] {processor.py:183} INFO - Processing /opt/airflow/dags/run_chicago_crime_dag.py took 0.306 seconds
[2024-03-01T17:27:34.973+0000] {processor.py:161} INFO - Started process (PID=270) to work on /opt/airflow/dags/run_chicago_crime_dag.py
[2024-03-01T17:27:34.974+0000] {processor.py:830} INFO - Processing file /opt/airflow/dags/run_chicago_crime_dag.py for tasks to queue
[2024-03-01T17:27:34.975+0000] {logging_mixin.py:188} INFO - [2024-03-01T17:27:34.975+0000] {dagbag.py:538} INFO - Filling up the DagBag from /opt/airflow/dags/run_chicago_crime_dag.py
[2024-03-01T17:27:35.014+0000] {processor.py:840} INFO - DAG(s) 'chicago_crime_dag' retrieved from /opt/airflow/dags/run_chicago_crime_dag.py
[2024-03-01T17:27:35.069+0000] {logging_mixin.py:188} INFO - [2024-03-01T17:27:35.068+0000] {dag.py:3036} INFO - Sync 1 DAGs
[2024-03-01T17:27:35.138+0000] {logging_mixin.py:188} INFO - [2024-03-01T17:27:35.137+0000] {dag.py:3823} INFO - Setting next_dagrun for chicago_crime_dag to 2024-03-01 16:00:00+00:00, run_after=2024-03-01 17:00:00+00:00
[2024-03-01T17:27:35.180+0000] {processor.py:183} INFO - Processing /opt/airflow/dags/run_chicago_crime_dag.py took 0.215 seconds
[2024-03-01T17:28:05.671+0000] {processor.py:161} INFO - Started process (PID=300) to work on /opt/airflow/dags/run_chicago_crime_dag.py
[2024-03-01T17:28:05.675+0000] {processor.py:830} INFO - Processing file /opt/airflow/dags/run_chicago_crime_dag.py for tasks to queue
[2024-03-01T17:28:05.677+0000] {logging_mixin.py:188} INFO - [2024-03-01T17:28:05.676+0000] {dagbag.py:538} INFO - Filling up the DagBag from /opt/airflow/dags/run_chicago_crime_dag.py
[2024-03-01T17:28:05.735+0000] {processor.py:840} INFO - DAG(s) 'chicago_crime_dag' retrieved from /opt/airflow/dags/run_chicago_crime_dag.py
[2024-03-01T17:28:05.822+0000] {logging_mixin.py:188} INFO - [2024-03-01T17:28:05.821+0000] {dag.py:3036} INFO - Sync 1 DAGs
[2024-03-01T17:28:05.925+0000] {logging_mixin.py:188} INFO - [2024-03-01T17:28:05.924+0000] {dag.py:3823} INFO - Setting next_dagrun for chicago_crime_dag to 2024-03-01 16:00:00+00:00, run_after=2024-03-01 17:00:00+00:00
[2024-03-01T17:28:05.990+0000] {processor.py:183} INFO - Processing /opt/airflow/dags/run_chicago_crime_dag.py took 0.327 seconds
[2024-03-01T17:28:36.222+0000] {processor.py:161} INFO - Started process (PID=322) to work on /opt/airflow/dags/run_chicago_crime_dag.py
[2024-03-01T17:28:36.224+0000] {processor.py:830} INFO - Processing file /opt/airflow/dags/run_chicago_crime_dag.py for tasks to queue
[2024-03-01T17:28:36.226+0000] {logging_mixin.py:188} INFO - [2024-03-01T17:28:36.225+0000] {dagbag.py:538} INFO - Filling up the DagBag from /opt/airflow/dags/run_chicago_crime_dag.py
[2024-03-01T17:28:36.269+0000] {processor.py:840} INFO - DAG(s) 'chicago_crime_dag' retrieved from /opt/airflow/dags/run_chicago_crime_dag.py
[2024-03-01T17:28:36.332+0000] {logging_mixin.py:188} INFO - [2024-03-01T17:28:36.331+0000] {dag.py:3036} INFO - Sync 1 DAGs
[2024-03-01T17:28:36.416+0000] {logging_mixin.py:188} INFO - [2024-03-01T17:28:36.415+0000] {dag.py:3823} INFO - Setting next_dagrun for chicago_crime_dag to 2024-03-01 16:00:00+00:00, run_after=2024-03-01 17:00:00+00:00
[2024-03-01T17:28:36.472+0000] {processor.py:183} INFO - Processing /opt/airflow/dags/run_chicago_crime_dag.py took 0.258 seconds
[2024-03-01T17:31:26.832+0000] {processor.py:161} INFO - Started process (PID=43) to work on /opt/airflow/dags/run_chicago_crime_dag.py
[2024-03-01T17:31:26.835+0000] {processor.py:830} INFO - Processing file /opt/airflow/dags/run_chicago_crime_dag.py for tasks to queue
[2024-03-01T17:31:26.840+0000] {logging_mixin.py:188} INFO - [2024-03-01T17:31:26.839+0000] {dagbag.py:538} INFO - Filling up the DagBag from /opt/airflow/dags/run_chicago_crime_dag.py
[2024-03-01T17:31:26.881+0000] {processor.py:840} INFO - DAG(s) 'chicago_crime_dag' retrieved from /opt/airflow/dags/run_chicago_crime_dag.py
[2024-03-01T17:31:27.278+0000] {logging_mixin.py:188} INFO - [2024-03-01T17:31:27.277+0000] {dag.py:3036} INFO - Sync 1 DAGs
[2024-03-01T17:31:27.355+0000] {logging_mixin.py:188} INFO - [2024-03-01T17:31:27.354+0000] {dag.py:3823} INFO - Setting next_dagrun for chicago_crime_dag to 2024-03-01 16:00:00+00:00, run_after=2024-03-01 17:00:00+00:00
[2024-03-01T17:31:27.418+0000] {processor.py:183} INFO - Processing /opt/airflow/dags/run_chicago_crime_dag.py took 0.597 seconds
[2024-03-01T17:31:57.953+0000] {processor.py:161} INFO - Started process (PID=101) to work on /opt/airflow/dags/run_chicago_crime_dag.py
[2024-03-01T17:31:57.955+0000] {processor.py:830} INFO - Processing file /opt/airflow/dags/run_chicago_crime_dag.py for tasks to queue
[2024-03-01T17:31:57.961+0000] {logging_mixin.py:188} INFO - [2024-03-01T17:31:57.960+0000] {dagbag.py:538} INFO - Filling up the DagBag from /opt/airflow/dags/run_chicago_crime_dag.py
[2024-03-01T17:31:57.977+0000] {processor.py:840} INFO - DAG(s) 'chicago_crime_dag' retrieved from /opt/airflow/dags/run_chicago_crime_dag.py
[2024-03-01T17:31:58.023+0000] {logging_mixin.py:188} INFO - [2024-03-01T17:31:58.022+0000] {dag.py:3036} INFO - Sync 1 DAGs
[2024-03-01T17:31:58.094+0000] {logging_mixin.py:188} INFO - [2024-03-01T17:31:58.093+0000] {dag.py:3823} INFO - Setting next_dagrun for chicago_crime_dag to 2024-03-01 16:00:00+00:00, run_after=2024-03-01 17:00:00+00:00
[2024-03-01T17:31:58.148+0000] {processor.py:183} INFO - Processing /opt/airflow/dags/run_chicago_crime_dag.py took 0.201 seconds
[2024-03-01T17:32:28.829+0000] {processor.py:161} INFO - Started process (PID=158) to work on /opt/airflow/dags/run_chicago_crime_dag.py
[2024-03-01T17:32:28.832+0000] {processor.py:830} INFO - Processing file /opt/airflow/dags/run_chicago_crime_dag.py for tasks to queue
[2024-03-01T17:32:28.837+0000] {logging_mixin.py:188} INFO - [2024-03-01T17:32:28.836+0000] {dagbag.py:538} INFO - Filling up the DagBag from /opt/airflow/dags/run_chicago_crime_dag.py
[2024-03-01T17:32:28.855+0000] {processor.py:840} INFO - DAG(s) 'chicago_crime_dag' retrieved from /opt/airflow/dags/run_chicago_crime_dag.py
[2024-03-01T17:32:28.913+0000] {logging_mixin.py:188} INFO - [2024-03-01T17:32:28.912+0000] {dag.py:3036} INFO - Sync 1 DAGs
[2024-03-01T17:32:28.995+0000] {logging_mixin.py:188} INFO - [2024-03-01T17:32:28.994+0000] {dag.py:3823} INFO - Setting next_dagrun for chicago_crime_dag to 2024-03-01 16:00:00+00:00, run_after=2024-03-01 17:00:00+00:00
[2024-03-01T17:32:29.053+0000] {processor.py:183} INFO - Processing /opt/airflow/dags/run_chicago_crime_dag.py took 0.235 seconds
[2024-03-01T17:32:59.184+0000] {processor.py:161} INFO - Started process (PID=216) to work on /opt/airflow/dags/run_chicago_crime_dag.py
[2024-03-01T17:32:59.187+0000] {processor.py:830} INFO - Processing file /opt/airflow/dags/run_chicago_crime_dag.py for tasks to queue
[2024-03-01T17:32:59.194+0000] {logging_mixin.py:188} INFO - [2024-03-01T17:32:59.193+0000] {dagbag.py:538} INFO - Filling up the DagBag from /opt/airflow/dags/run_chicago_crime_dag.py
[2024-03-01T17:32:59.216+0000] {processor.py:840} INFO - DAG(s) 'chicago_crime_dag' retrieved from /opt/airflow/dags/run_chicago_crime_dag.py
[2024-03-01T17:32:59.265+0000] {logging_mixin.py:188} INFO - [2024-03-01T17:32:59.264+0000] {dag.py:3036} INFO - Sync 1 DAGs
[2024-03-01T17:32:59.345+0000] {logging_mixin.py:188} INFO - [2024-03-01T17:32:59.344+0000] {dag.py:3823} INFO - Setting next_dagrun for chicago_crime_dag to 2024-03-01 16:00:00+00:00, run_after=2024-03-01 17:00:00+00:00
[2024-03-01T17:32:59.409+0000] {processor.py:183} INFO - Processing /opt/airflow/dags/run_chicago_crime_dag.py took 0.237 seconds
[2024-03-01T17:33:29.691+0000] {processor.py:161} INFO - Started process (PID=274) to work on /opt/airflow/dags/run_chicago_crime_dag.py
[2024-03-01T17:33:29.693+0000] {processor.py:830} INFO - Processing file /opt/airflow/dags/run_chicago_crime_dag.py for tasks to queue
[2024-03-01T17:33:29.697+0000] {logging_mixin.py:188} INFO - [2024-03-01T17:33:29.697+0000] {dagbag.py:538} INFO - Filling up the DagBag from /opt/airflow/dags/run_chicago_crime_dag.py
[2024-03-01T17:33:29.720+0000] {processor.py:840} INFO - DAG(s) 'chicago_crime_dag' retrieved from /opt/airflow/dags/run_chicago_crime_dag.py
[2024-03-01T17:33:29.767+0000] {logging_mixin.py:188} INFO - [2024-03-01T17:33:29.767+0000] {dag.py:3036} INFO - Sync 1 DAGs
[2024-03-01T17:33:29.838+0000] {logging_mixin.py:188} INFO - [2024-03-01T17:33:29.838+0000] {dag.py:3823} INFO - Setting next_dagrun for chicago_crime_dag to 2024-03-01 16:00:00+00:00, run_after=2024-03-01 17:00:00+00:00
[2024-03-01T17:33:29.890+0000] {processor.py:183} INFO - Processing /opt/airflow/dags/run_chicago_crime_dag.py took 0.206 seconds
[2024-03-01T17:39:59.386+0000] {processor.py:161} INFO - Started process (PID=43) to work on /opt/airflow/dags/run_chicago_crime_dag.py
[2024-03-01T17:39:59.390+0000] {processor.py:830} INFO - Processing file /opt/airflow/dags/run_chicago_crime_dag.py for tasks to queue
[2024-03-01T17:39:59.395+0000] {logging_mixin.py:188} INFO - [2024-03-01T17:39:59.394+0000] {dagbag.py:538} INFO - Filling up the DagBag from /opt/airflow/dags/run_chicago_crime_dag.py
[2024-03-01T17:39:59.443+0000] {processor.py:840} INFO - DAG(s) 'chicago_crime_dag' retrieved from /opt/airflow/dags/run_chicago_crime_dag.py
[2024-03-01T17:39:59.908+0000] {logging_mixin.py:188} INFO - [2024-03-01T17:39:59.908+0000] {dag.py:3036} INFO - Sync 1 DAGs
[2024-03-01T17:39:59.984+0000] {logging_mixin.py:188} INFO - [2024-03-01T17:39:59.983+0000] {dag.py:3823} INFO - Setting next_dagrun for chicago_crime_dag to 2024-03-01 16:00:00+00:00, run_after=2024-03-01 17:00:00+00:00
[2024-03-01T17:40:00.051+0000] {processor.py:183} INFO - Processing /opt/airflow/dags/run_chicago_crime_dag.py took 0.674 seconds
[2024-03-01T17:40:30.913+0000] {processor.py:161} INFO - Started process (PID=100) to work on /opt/airflow/dags/run_chicago_crime_dag.py
[2024-03-01T17:40:30.916+0000] {processor.py:830} INFO - Processing file /opt/airflow/dags/run_chicago_crime_dag.py for tasks to queue
[2024-03-01T17:40:30.924+0000] {logging_mixin.py:188} INFO - [2024-03-01T17:40:30.923+0000] {dagbag.py:538} INFO - Filling up the DagBag from /opt/airflow/dags/run_chicago_crime_dag.py
[2024-03-01T17:40:30.941+0000] {processor.py:840} INFO - DAG(s) 'chicago_crime_dag' retrieved from /opt/airflow/dags/run_chicago_crime_dag.py
[2024-03-01T17:40:30.987+0000] {logging_mixin.py:188} INFO - [2024-03-01T17:40:30.987+0000] {dag.py:3036} INFO - Sync 1 DAGs
[2024-03-01T17:40:31.061+0000] {logging_mixin.py:188} INFO - [2024-03-01T17:40:31.060+0000] {dag.py:3823} INFO - Setting next_dagrun for chicago_crime_dag to 2024-03-01 16:00:00+00:00, run_after=2024-03-01 17:00:00+00:00
[2024-03-01T17:40:31.159+0000] {processor.py:183} INFO - Processing /opt/airflow/dags/run_chicago_crime_dag.py took 0.253 seconds
[2024-03-01T17:41:01.666+0000] {processor.py:161} INFO - Started process (PID=157) to work on /opt/airflow/dags/run_chicago_crime_dag.py
[2024-03-01T17:41:01.671+0000] {processor.py:830} INFO - Processing file /opt/airflow/dags/run_chicago_crime_dag.py for tasks to queue
[2024-03-01T17:41:01.676+0000] {logging_mixin.py:188} INFO - [2024-03-01T17:41:01.676+0000] {dagbag.py:538} INFO - Filling up the DagBag from /opt/airflow/dags/run_chicago_crime_dag.py
[2024-03-01T17:41:01.709+0000] {processor.py:840} INFO - DAG(s) 'chicago_crime_dag' retrieved from /opt/airflow/dags/run_chicago_crime_dag.py
[2024-03-01T17:41:01.797+0000] {logging_mixin.py:188} INFO - [2024-03-01T17:41:01.796+0000] {dag.py:3036} INFO - Sync 1 DAGs
[2024-03-01T17:41:01.927+0000] {logging_mixin.py:188} INFO - [2024-03-01T17:41:01.926+0000] {dag.py:3823} INFO - Setting next_dagrun for chicago_crime_dag to 2024-03-01 16:00:00+00:00, run_after=2024-03-01 17:00:00+00:00
[2024-03-01T17:41:02.001+0000] {processor.py:183} INFO - Processing /opt/airflow/dags/run_chicago_crime_dag.py took 0.345 seconds
[2024-03-01T17:41:32.240+0000] {processor.py:161} INFO - Started process (PID=215) to work on /opt/airflow/dags/run_chicago_crime_dag.py
[2024-03-01T17:41:32.244+0000] {processor.py:830} INFO - Processing file /opt/airflow/dags/run_chicago_crime_dag.py for tasks to queue
[2024-03-01T17:41:32.255+0000] {logging_mixin.py:188} INFO - [2024-03-01T17:41:32.253+0000] {dagbag.py:538} INFO - Filling up the DagBag from /opt/airflow/dags/run_chicago_crime_dag.py
[2024-03-01T17:41:32.278+0000] {processor.py:840} INFO - DAG(s) 'chicago_crime_dag' retrieved from /opt/airflow/dags/run_chicago_crime_dag.py
[2024-03-01T17:41:32.343+0000] {logging_mixin.py:188} INFO - [2024-03-01T17:41:32.342+0000] {dag.py:3036} INFO - Sync 1 DAGs
[2024-03-01T17:41:32.436+0000] {logging_mixin.py:188} INFO - [2024-03-01T17:41:32.435+0000] {dag.py:3823} INFO - Setting next_dagrun for chicago_crime_dag to 2024-03-01 16:00:00+00:00, run_after=2024-03-01 17:00:00+00:00
[2024-03-01T17:41:32.502+0000] {processor.py:183} INFO - Processing /opt/airflow/dags/run_chicago_crime_dag.py took 0.273 seconds
[2024-03-01T17:42:03.105+0000] {processor.py:161} INFO - Started process (PID=273) to work on /opt/airflow/dags/run_chicago_crime_dag.py
[2024-03-01T17:42:03.108+0000] {processor.py:830} INFO - Processing file /opt/airflow/dags/run_chicago_crime_dag.py for tasks to queue
[2024-03-01T17:42:03.113+0000] {logging_mixin.py:188} INFO - [2024-03-01T17:42:03.112+0000] {dagbag.py:538} INFO - Filling up the DagBag from /opt/airflow/dags/run_chicago_crime_dag.py
[2024-03-01T17:42:03.137+0000] {processor.py:840} INFO - DAG(s) 'chicago_crime_dag' retrieved from /opt/airflow/dags/run_chicago_crime_dag.py
[2024-03-01T17:42:03.187+0000] {logging_mixin.py:188} INFO - [2024-03-01T17:42:03.187+0000] {dag.py:3036} INFO - Sync 1 DAGs
[2024-03-01T17:42:03.269+0000] {logging_mixin.py:188} INFO - [2024-03-01T17:42:03.269+0000] {dag.py:3823} INFO - Setting next_dagrun for chicago_crime_dag to 2024-03-01 16:00:00+00:00, run_after=2024-03-01 17:00:00+00:00
[2024-03-01T17:42:03.337+0000] {processor.py:183} INFO - Processing /opt/airflow/dags/run_chicago_crime_dag.py took 0.244 seconds
[2024-03-01T17:42:33.594+0000] {processor.py:161} INFO - Started process (PID=337) to work on /opt/airflow/dags/run_chicago_crime_dag.py
[2024-03-01T17:42:33.596+0000] {processor.py:830} INFO - Processing file /opt/airflow/dags/run_chicago_crime_dag.py for tasks to queue
[2024-03-01T17:42:33.600+0000] {logging_mixin.py:188} INFO - [2024-03-01T17:42:33.599+0000] {dagbag.py:538} INFO - Filling up the DagBag from /opt/airflow/dags/run_chicago_crime_dag.py
[2024-03-01T17:42:33.617+0000] {processor.py:840} INFO - DAG(s) 'chicago_crime_dag' retrieved from /opt/airflow/dags/run_chicago_crime_dag.py
[2024-03-01T17:42:33.656+0000] {logging_mixin.py:188} INFO - [2024-03-01T17:42:33.655+0000] {dag.py:3036} INFO - Sync 1 DAGs
[2024-03-01T17:42:33.716+0000] {logging_mixin.py:188} INFO - [2024-03-01T17:42:33.715+0000] {dag.py:3823} INFO - Setting next_dagrun for chicago_crime_dag to 2024-03-01 16:00:00+00:00, run_after=2024-03-01 17:00:00+00:00
[2024-03-01T17:42:33.752+0000] {processor.py:183} INFO - Processing /opt/airflow/dags/run_chicago_crime_dag.py took 0.168 seconds
[2024-03-01T17:43:03.812+0000] {processor.py:161} INFO - Started process (PID=393) to work on /opt/airflow/dags/run_chicago_crime_dag.py
[2024-03-01T17:43:03.814+0000] {processor.py:830} INFO - Processing file /opt/airflow/dags/run_chicago_crime_dag.py for tasks to queue
[2024-03-01T17:43:03.817+0000] {logging_mixin.py:188} INFO - [2024-03-01T17:43:03.816+0000] {dagbag.py:538} INFO - Filling up the DagBag from /opt/airflow/dags/run_chicago_crime_dag.py
[2024-03-01T17:43:03.831+0000] {processor.py:840} INFO - DAG(s) 'chicago_crime_dag' retrieved from /opt/airflow/dags/run_chicago_crime_dag.py
[2024-03-01T17:43:03.869+0000] {logging_mixin.py:188} INFO - [2024-03-01T17:43:03.868+0000] {dag.py:3036} INFO - Sync 1 DAGs
[2024-03-01T17:43:03.926+0000] {logging_mixin.py:188} INFO - [2024-03-01T17:43:03.925+0000] {dag.py:3823} INFO - Setting next_dagrun for chicago_crime_dag to 2024-03-01 16:00:00+00:00, run_after=2024-03-01 17:00:00+00:00
[2024-03-01T17:43:03.962+0000] {processor.py:183} INFO - Processing /opt/airflow/dags/run_chicago_crime_dag.py took 0.157 seconds
[2024-03-01T17:43:34.593+0000] {processor.py:161} INFO - Started process (PID=452) to work on /opt/airflow/dags/run_chicago_crime_dag.py
[2024-03-01T17:43:34.595+0000] {processor.py:830} INFO - Processing file /opt/airflow/dags/run_chicago_crime_dag.py for tasks to queue
[2024-03-01T17:43:34.598+0000] {logging_mixin.py:188} INFO - [2024-03-01T17:43:34.598+0000] {dagbag.py:538} INFO - Filling up the DagBag from /opt/airflow/dags/run_chicago_crime_dag.py
[2024-03-01T17:43:34.611+0000] {processor.py:840} INFO - DAG(s) 'chicago_crime_dag' retrieved from /opt/airflow/dags/run_chicago_crime_dag.py
[2024-03-01T17:43:34.645+0000] {logging_mixin.py:188} INFO - [2024-03-01T17:43:34.645+0000] {dag.py:3036} INFO - Sync 1 DAGs
[2024-03-01T17:43:34.692+0000] {logging_mixin.py:188} INFO - [2024-03-01T17:43:34.692+0000] {dag.py:3823} INFO - Setting next_dagrun for chicago_crime_dag to 2024-03-01 16:00:00+00:00, run_after=2024-03-01 17:00:00+00:00
[2024-03-01T17:43:34.774+0000] {processor.py:183} INFO - Processing /opt/airflow/dags/run_chicago_crime_dag.py took 0.189 seconds
[2024-03-01T18:00:28.711+0000] {processor.py:161} INFO - Started process (PID=66) to work on /opt/airflow/dags/run_chicago_crime_dag.py
[2024-03-01T18:00:28.730+0000] {processor.py:830} INFO - Processing file /opt/airflow/dags/run_chicago_crime_dag.py for tasks to queue
[2024-03-01T18:00:28.752+0000] {logging_mixin.py:188} INFO - [2024-03-01T18:00:28.751+0000] {dagbag.py:538} INFO - Filling up the DagBag from /opt/airflow/dags/run_chicago_crime_dag.py
[2024-03-01T18:00:28.847+0000] {processor.py:840} INFO - DAG(s) 'chicago_crime_dag' retrieved from /opt/airflow/dags/run_chicago_crime_dag.py
[2024-03-01T18:00:29.308+0000] {logging_mixin.py:188} INFO - [2024-03-01T18:00:29.307+0000] {dag.py:3036} INFO - Sync 1 DAGs
[2024-03-01T18:00:29.760+0000] {logging_mixin.py:188} INFO - [2024-03-01T18:00:29.759+0000] {dag.py:3823} INFO - Setting next_dagrun for chicago_crime_dag to 2024-03-01 17:00:00+00:00, run_after=2024-03-01 18:00:00+00:00
[2024-03-01T18:00:30.035+0000] {processor.py:183} INFO - Processing /opt/airflow/dags/run_chicago_crime_dag.py took 1.392 seconds
[2024-03-01T18:01:17.705+0000] {processor.py:161} INFO - Started process (PID=123) to work on /opt/airflow/dags/run_chicago_crime_dag.py
[2024-03-01T18:01:17.717+0000] {processor.py:830} INFO - Processing file /opt/airflow/dags/run_chicago_crime_dag.py for tasks to queue
[2024-03-01T18:01:17.737+0000] {logging_mixin.py:188} INFO - [2024-03-01T18:01:17.731+0000] {dagbag.py:538} INFO - Filling up the DagBag from /opt/airflow/dags/run_chicago_crime_dag.py
[2024-03-01T18:01:17.823+0000] {processor.py:840} INFO - DAG(s) 'chicago_crime_dag' retrieved from /opt/airflow/dags/run_chicago_crime_dag.py
[2024-03-01T18:01:18.070+0000] {logging_mixin.py:188} INFO - [2024-03-01T18:01:18.068+0000] {dag.py:3036} INFO - Sync 1 DAGs
[2024-03-01T18:01:18.654+0000] {logging_mixin.py:188} INFO - [2024-03-01T18:01:18.653+0000] {dag.py:3823} INFO - Setting next_dagrun for chicago_crime_dag to 2024-03-01 17:00:00+00:00, run_after=2024-03-01 18:00:00+00:00
[2024-03-01T18:01:19.210+0000] {processor.py:183} INFO - Processing /opt/airflow/dags/run_chicago_crime_dag.py took 1.587 seconds
[2024-03-01T18:01:53.264+0000] {processor.py:161} INFO - Started process (PID=167) to work on /opt/airflow/dags/run_chicago_crime_dag.py
[2024-03-01T18:01:53.275+0000] {processor.py:830} INFO - Processing file /opt/airflow/dags/run_chicago_crime_dag.py for tasks to queue
[2024-03-01T18:01:53.291+0000] {logging_mixin.py:188} INFO - [2024-03-01T18:01:53.285+0000] {dagbag.py:538} INFO - Filling up the DagBag from /opt/airflow/dags/run_chicago_crime_dag.py
[2024-03-01T18:01:53.373+0000] {processor.py:840} INFO - DAG(s) 'chicago_crime_dag' retrieved from /opt/airflow/dags/run_chicago_crime_dag.py
[2024-03-01T18:01:53.722+0000] {logging_mixin.py:188} INFO - [2024-03-01T18:01:53.720+0000] {dag.py:3036} INFO - Sync 1 DAGs
[2024-03-01T18:01:54.041+0000] {logging_mixin.py:188} INFO - [2024-03-01T18:01:54.032+0000] {dag.py:3823} INFO - Setting next_dagrun for chicago_crime_dag to 2024-03-01 17:00:00+00:00, run_after=2024-03-01 18:00:00+00:00
[2024-03-01T18:01:54.303+0000] {processor.py:183} INFO - Processing /opt/airflow/dags/run_chicago_crime_dag.py took 1.079 seconds
[2024-03-01T18:02:25.007+0000] {processor.py:161} INFO - Started process (PID=225) to work on /opt/airflow/dags/run_chicago_crime_dag.py
[2024-03-01T18:02:25.013+0000] {processor.py:830} INFO - Processing file /opt/airflow/dags/run_chicago_crime_dag.py for tasks to queue
[2024-03-01T18:02:25.023+0000] {logging_mixin.py:188} INFO - [2024-03-01T18:02:25.021+0000] {dagbag.py:538} INFO - Filling up the DagBag from /opt/airflow/dags/run_chicago_crime_dag.py
[2024-03-01T18:02:25.068+0000] {processor.py:840} INFO - DAG(s) 'chicago_crime_dag' retrieved from /opt/airflow/dags/run_chicago_crime_dag.py
[2024-03-01T18:02:25.207+0000] {logging_mixin.py:188} INFO - [2024-03-01T18:02:25.206+0000] {dag.py:3036} INFO - Sync 1 DAGs
[2024-03-01T18:02:25.411+0000] {logging_mixin.py:188} INFO - [2024-03-01T18:02:25.410+0000] {dag.py:3823} INFO - Setting next_dagrun for chicago_crime_dag to 2024-03-01 17:00:00+00:00, run_after=2024-03-01 18:00:00+00:00
[2024-03-01T18:02:25.571+0000] {processor.py:183} INFO - Processing /opt/airflow/dags/run_chicago_crime_dag.py took 0.586 seconds
[2024-03-01T18:02:56.120+0000] {processor.py:161} INFO - Started process (PID=282) to work on /opt/airflow/dags/run_chicago_crime_dag.py
[2024-03-01T18:02:56.126+0000] {processor.py:830} INFO - Processing file /opt/airflow/dags/run_chicago_crime_dag.py for tasks to queue
[2024-03-01T18:02:56.134+0000] {logging_mixin.py:188} INFO - [2024-03-01T18:02:56.132+0000] {dagbag.py:538} INFO - Filling up the DagBag from /opt/airflow/dags/run_chicago_crime_dag.py
[2024-03-01T18:02:56.177+0000] {processor.py:840} INFO - DAG(s) 'chicago_crime_dag' retrieved from /opt/airflow/dags/run_chicago_crime_dag.py
[2024-03-01T18:02:56.325+0000] {logging_mixin.py:188} INFO - [2024-03-01T18:02:56.323+0000] {dag.py:3036} INFO - Sync 1 DAGs
[2024-03-01T18:02:56.544+0000] {logging_mixin.py:188} INFO - [2024-03-01T18:02:56.543+0000] {dag.py:3823} INFO - Setting next_dagrun for chicago_crime_dag to 2024-03-01 17:00:00+00:00, run_after=2024-03-01 18:00:00+00:00
[2024-03-01T18:02:56.683+0000] {processor.py:183} INFO - Processing /opt/airflow/dags/run_chicago_crime_dag.py took 0.577 seconds
[2024-03-01T18:03:28.683+0000] {processor.py:161} INFO - Started process (PID=340) to work on /opt/airflow/dags/run_chicago_crime_dag.py
[2024-03-01T18:03:28.690+0000] {processor.py:830} INFO - Processing file /opt/airflow/dags/run_chicago_crime_dag.py for tasks to queue
[2024-03-01T18:03:28.698+0000] {logging_mixin.py:188} INFO - [2024-03-01T18:03:28.697+0000] {dagbag.py:538} INFO - Filling up the DagBag from /opt/airflow/dags/run_chicago_crime_dag.py
[2024-03-01T18:03:28.738+0000] {processor.py:840} INFO - DAG(s) 'chicago_crime_dag' retrieved from /opt/airflow/dags/run_chicago_crime_dag.py
[2024-03-01T18:03:28.847+0000] {logging_mixin.py:188} INFO - [2024-03-01T18:03:28.846+0000] {dag.py:3036} INFO - Sync 1 DAGs
[2024-03-01T18:03:29.039+0000] {logging_mixin.py:188} INFO - [2024-03-01T18:03:29.038+0000] {dag.py:3823} INFO - Setting next_dagrun for chicago_crime_dag to 2024-03-01 17:00:00+00:00, run_after=2024-03-01 18:00:00+00:00
[2024-03-01T18:03:29.209+0000] {processor.py:183} INFO - Processing /opt/airflow/dags/run_chicago_crime_dag.py took 0.548 seconds
[2024-03-01T18:07:24.017+0000] {processor.py:161} INFO - Started process (PID=54) to work on /opt/airflow/dags/run_chicago_crime_dag.py
[2024-03-01T18:07:24.023+0000] {processor.py:830} INFO - Processing file /opt/airflow/dags/run_chicago_crime_dag.py for tasks to queue
[2024-03-01T18:07:24.035+0000] {logging_mixin.py:188} INFO - [2024-03-01T18:07:24.031+0000] {dagbag.py:538} INFO - Filling up the DagBag from /opt/airflow/dags/run_chicago_crime_dag.py
[2024-03-01T18:07:24.143+0000] {processor.py:840} INFO - DAG(s) 'chicago_crime_dag' retrieved from /opt/airflow/dags/run_chicago_crime_dag.py
[2024-03-01T18:07:25.209+0000] {logging_mixin.py:188} INFO - [2024-03-01T18:07:25.206+0000] {dag.py:3036} INFO - Sync 1 DAGs
[2024-03-01T18:07:25.500+0000] {logging_mixin.py:188} INFO - [2024-03-01T18:07:25.497+0000] {dag.py:3823} INFO - Setting next_dagrun for chicago_crime_dag to 2024-03-01 17:00:00+00:00, run_after=2024-03-01 18:00:00+00:00
[2024-03-01T18:07:25.822+0000] {processor.py:183} INFO - Processing /opt/airflow/dags/run_chicago_crime_dag.py took 1.822 seconds
[2024-03-01T18:08:00.656+0000] {processor.py:161} INFO - Started process (PID=118) to work on /opt/airflow/dags/run_chicago_crime_dag.py
[2024-03-01T18:08:00.660+0000] {processor.py:830} INFO - Processing file /opt/airflow/dags/run_chicago_crime_dag.py for tasks to queue
[2024-03-01T18:08:00.667+0000] {logging_mixin.py:188} INFO - [2024-03-01T18:08:00.666+0000] {dagbag.py:538} INFO - Filling up the DagBag from /opt/airflow/dags/run_chicago_crime_dag.py
[2024-03-01T18:08:00.704+0000] {processor.py:840} INFO - DAG(s) 'chicago_crime_dag' retrieved from /opt/airflow/dags/run_chicago_crime_dag.py
[2024-03-01T18:08:00.800+0000] {logging_mixin.py:188} INFO - [2024-03-01T18:08:00.799+0000] {dag.py:3036} INFO - Sync 1 DAGs
[2024-03-01T18:08:00.962+0000] {logging_mixin.py:188} INFO - [2024-03-01T18:08:00.961+0000] {dag.py:3823} INFO - Setting next_dagrun for chicago_crime_dag to 2024-03-01 17:00:00+00:00, run_after=2024-03-01 18:00:00+00:00
[2024-03-01T18:08:01.079+0000] {processor.py:183} INFO - Processing /opt/airflow/dags/run_chicago_crime_dag.py took 0.437 seconds
[2024-03-01T18:08:31.278+0000] {processor.py:161} INFO - Started process (PID=174) to work on /opt/airflow/dags/run_chicago_crime_dag.py
[2024-03-01T18:08:31.282+0000] {processor.py:830} INFO - Processing file /opt/airflow/dags/run_chicago_crime_dag.py for tasks to queue
[2024-03-01T18:08:31.291+0000] {logging_mixin.py:188} INFO - [2024-03-01T18:08:31.289+0000] {dagbag.py:538} INFO - Filling up the DagBag from /opt/airflow/dags/run_chicago_crime_dag.py
[2024-03-01T18:08:31.331+0000] {processor.py:840} INFO - DAG(s) 'chicago_crime_dag' retrieved from /opt/airflow/dags/run_chicago_crime_dag.py
[2024-03-01T18:08:31.440+0000] {logging_mixin.py:188} INFO - [2024-03-01T18:08:31.438+0000] {dag.py:3036} INFO - Sync 1 DAGs
[2024-03-01T18:08:31.618+0000] {logging_mixin.py:188} INFO - [2024-03-01T18:08:31.617+0000] {dag.py:3823} INFO - Setting next_dagrun for chicago_crime_dag to 2024-03-01 17:00:00+00:00, run_after=2024-03-01 18:00:00+00:00
[2024-03-01T18:08:31.777+0000] {processor.py:183} INFO - Processing /opt/airflow/dags/run_chicago_crime_dag.py took 0.514 seconds
[2024-03-01T18:09:02.376+0000] {processor.py:161} INFO - Started process (PID=232) to work on /opt/airflow/dags/run_chicago_crime_dag.py
[2024-03-01T18:09:02.395+0000] {processor.py:830} INFO - Processing file /opt/airflow/dags/run_chicago_crime_dag.py for tasks to queue
[2024-03-01T18:09:02.404+0000] {logging_mixin.py:188} INFO - [2024-03-01T18:09:02.402+0000] {dagbag.py:538} INFO - Filling up the DagBag from /opt/airflow/dags/run_chicago_crime_dag.py
[2024-03-01T18:09:02.490+0000] {processor.py:840} INFO - DAG(s) 'chicago_crime_dag' retrieved from /opt/airflow/dags/run_chicago_crime_dag.py
[2024-03-01T18:09:02.683+0000] {logging_mixin.py:188} INFO - [2024-03-01T18:09:02.681+0000] {dag.py:3036} INFO - Sync 1 DAGs
[2024-03-01T18:09:02.901+0000] {logging_mixin.py:188} INFO - [2024-03-01T18:09:02.900+0000] {dag.py:3823} INFO - Setting next_dagrun for chicago_crime_dag to 2024-03-01 17:00:00+00:00, run_after=2024-03-01 18:00:00+00:00
[2024-03-01T18:09:03.099+0000] {processor.py:183} INFO - Processing /opt/airflow/dags/run_chicago_crime_dag.py took 0.741 seconds
[2024-03-01T18:09:34.245+0000] {processor.py:161} INFO - Started process (PID=290) to work on /opt/airflow/dags/run_chicago_crime_dag.py
[2024-03-01T18:09:34.249+0000] {processor.py:830} INFO - Processing file /opt/airflow/dags/run_chicago_crime_dag.py for tasks to queue
[2024-03-01T18:09:34.260+0000] {logging_mixin.py:188} INFO - [2024-03-01T18:09:34.258+0000] {dagbag.py:538} INFO - Filling up the DagBag from /opt/airflow/dags/run_chicago_crime_dag.py
[2024-03-01T18:09:34.314+0000] {processor.py:840} INFO - DAG(s) 'chicago_crime_dag' retrieved from /opt/airflow/dags/run_chicago_crime_dag.py
[2024-03-01T18:09:34.516+0000] {logging_mixin.py:188} INFO - [2024-03-01T18:09:34.515+0000] {dag.py:3036} INFO - Sync 1 DAGs
[2024-03-01T18:09:34.773+0000] {logging_mixin.py:188} INFO - [2024-03-01T18:09:34.771+0000] {dag.py:3823} INFO - Setting next_dagrun for chicago_crime_dag to 2024-03-01 17:00:00+00:00, run_after=2024-03-01 18:00:00+00:00
[2024-03-01T18:09:34.958+0000] {processor.py:183} INFO - Processing /opt/airflow/dags/run_chicago_crime_dag.py took 0.743 seconds
[2024-03-01T18:10:05.242+0000] {processor.py:161} INFO - Started process (PID=347) to work on /opt/airflow/dags/run_chicago_crime_dag.py
[2024-03-01T18:10:05.264+0000] {processor.py:830} INFO - Processing file /opt/airflow/dags/run_chicago_crime_dag.py for tasks to queue
[2024-03-01T18:10:05.281+0000] {logging_mixin.py:188} INFO - [2024-03-01T18:10:05.276+0000] {dagbag.py:538} INFO - Filling up the DagBag from /opt/airflow/dags/run_chicago_crime_dag.py
[2024-03-01T18:10:05.355+0000] {processor.py:840} INFO - DAG(s) 'chicago_crime_dag' retrieved from /opt/airflow/dags/run_chicago_crime_dag.py
[2024-03-01T18:10:05.523+0000] {logging_mixin.py:188} INFO - [2024-03-01T18:10:05.521+0000] {dag.py:3036} INFO - Sync 1 DAGs
[2024-03-01T18:10:05.785+0000] {logging_mixin.py:188} INFO - [2024-03-01T18:10:05.783+0000] {dag.py:3823} INFO - Setting next_dagrun for chicago_crime_dag to 2024-03-01 17:00:00+00:00, run_after=2024-03-01 18:00:00+00:00
[2024-03-01T18:10:05.954+0000] {processor.py:183} INFO - Processing /opt/airflow/dags/run_chicago_crime_dag.py took 0.752 seconds
[2024-03-01T18:10:36.275+0000] {processor.py:161} INFO - Started process (PID=405) to work on /opt/airflow/dags/run_chicago_crime_dag.py
[2024-03-01T18:10:36.279+0000] {processor.py:830} INFO - Processing file /opt/airflow/dags/run_chicago_crime_dag.py for tasks to queue
[2024-03-01T18:10:36.287+0000] {logging_mixin.py:188} INFO - [2024-03-01T18:10:36.286+0000] {dagbag.py:538} INFO - Filling up the DagBag from /opt/airflow/dags/run_chicago_crime_dag.py
[2024-03-01T18:10:36.330+0000] {processor.py:840} INFO - DAG(s) 'chicago_crime_dag' retrieved from /opt/airflow/dags/run_chicago_crime_dag.py
[2024-03-01T18:10:36.474+0000] {logging_mixin.py:188} INFO - [2024-03-01T18:10:36.473+0000] {dag.py:3036} INFO - Sync 1 DAGs
[2024-03-01T18:10:36.665+0000] {logging_mixin.py:188} INFO - [2024-03-01T18:10:36.663+0000] {dag.py:3823} INFO - Setting next_dagrun for chicago_crime_dag to 2024-03-01 17:00:00+00:00, run_after=2024-03-01 18:00:00+00:00
[2024-03-01T18:10:36.790+0000] {processor.py:183} INFO - Processing /opt/airflow/dags/run_chicago_crime_dag.py took 0.533 seconds
[2024-03-01T18:11:07.026+0000] {processor.py:161} INFO - Started process (PID=464) to work on /opt/airflow/dags/run_chicago_crime_dag.py
[2024-03-01T18:11:07.031+0000] {processor.py:830} INFO - Processing file /opt/airflow/dags/run_chicago_crime_dag.py for tasks to queue
[2024-03-01T18:11:07.038+0000] {logging_mixin.py:188} INFO - [2024-03-01T18:11:07.037+0000] {dagbag.py:538} INFO - Filling up the DagBag from /opt/airflow/dags/run_chicago_crime_dag.py
[2024-03-01T18:11:07.086+0000] {processor.py:840} INFO - DAG(s) 'chicago_crime_dag' retrieved from /opt/airflow/dags/run_chicago_crime_dag.py
[2024-03-01T18:11:07.165+0000] {logging_mixin.py:188} INFO - [2024-03-01T18:11:07.164+0000] {dag.py:3036} INFO - Sync 1 DAGs
[2024-03-01T18:11:07.275+0000] {logging_mixin.py:188} INFO - [2024-03-01T18:11:07.274+0000] {dag.py:3823} INFO - Setting next_dagrun for chicago_crime_dag to 2024-03-01 17:00:00+00:00, run_after=2024-03-01 18:00:00+00:00
[2024-03-01T18:11:07.363+0000] {processor.py:183} INFO - Processing /opt/airflow/dags/run_chicago_crime_dag.py took 0.351 seconds
[2024-03-01T18:11:37.978+0000] {processor.py:161} INFO - Started process (PID=522) to work on /opt/airflow/dags/run_chicago_crime_dag.py
[2024-03-01T18:11:37.994+0000] {processor.py:830} INFO - Processing file /opt/airflow/dags/run_chicago_crime_dag.py for tasks to queue
[2024-03-01T18:11:38.007+0000] {logging_mixin.py:188} INFO - [2024-03-01T18:11:38.006+0000] {dagbag.py:538} INFO - Filling up the DagBag from /opt/airflow/dags/run_chicago_crime_dag.py
[2024-03-01T18:11:38.047+0000] {processor.py:840} INFO - DAG(s) 'chicago_crime_dag' retrieved from /opt/airflow/dags/run_chicago_crime_dag.py
[2024-03-01T18:11:38.166+0000] {logging_mixin.py:188} INFO - [2024-03-01T18:11:38.165+0000] {dag.py:3036} INFO - Sync 1 DAGs
[2024-03-01T18:11:38.353+0000] {logging_mixin.py:188} INFO - [2024-03-01T18:11:38.352+0000] {dag.py:3823} INFO - Setting next_dagrun for chicago_crime_dag to 2024-03-01 17:00:00+00:00, run_after=2024-03-01 18:00:00+00:00
[2024-03-01T18:11:38.487+0000] {processor.py:183} INFO - Processing /opt/airflow/dags/run_chicago_crime_dag.py took 0.527 seconds
[2024-03-01T18:12:14.275+0000] {processor.py:161} INFO - Started process (PID=580) to work on /opt/airflow/dags/run_chicago_crime_dag.py
[2024-03-01T18:12:14.283+0000] {processor.py:830} INFO - Processing file /opt/airflow/dags/run_chicago_crime_dag.py for tasks to queue
[2024-03-01T18:12:14.293+0000] {logging_mixin.py:188} INFO - [2024-03-01T18:12:14.291+0000] {dagbag.py:538} INFO - Filling up the DagBag from /opt/airflow/dags/run_chicago_crime_dag.py
[2024-03-01T18:12:14.356+0000] {processor.py:840} INFO - DAG(s) 'chicago_crime_dag' retrieved from /opt/airflow/dags/run_chicago_crime_dag.py
[2024-03-01T18:12:14.591+0000] {logging_mixin.py:188} INFO - [2024-03-01T18:12:14.588+0000] {dag.py:3036} INFO - Sync 1 DAGs
[2024-03-01T18:12:14.823+0000] {logging_mixin.py:188} INFO - [2024-03-01T18:12:14.822+0000] {dag.py:3823} INFO - Setting next_dagrun for chicago_crime_dag to 2024-03-01 17:00:00+00:00, run_after=2024-03-01 18:00:00+00:00
[2024-03-01T18:12:14.992+0000] {processor.py:183} INFO - Processing /opt/airflow/dags/run_chicago_crime_dag.py took 0.740 seconds
[2024-03-01T18:12:45.354+0000] {processor.py:161} INFO - Started process (PID=636) to work on /opt/airflow/dags/run_chicago_crime_dag.py
[2024-03-01T18:12:45.363+0000] {processor.py:830} INFO - Processing file /opt/airflow/dags/run_chicago_crime_dag.py for tasks to queue
[2024-03-01T18:12:45.372+0000] {logging_mixin.py:188} INFO - [2024-03-01T18:12:45.370+0000] {dagbag.py:538} INFO - Filling up the DagBag from /opt/airflow/dags/run_chicago_crime_dag.py
[2024-03-01T18:12:45.427+0000] {processor.py:840} INFO - DAG(s) 'chicago_crime_dag' retrieved from /opt/airflow/dags/run_chicago_crime_dag.py
[2024-03-01T18:12:45.580+0000] {logging_mixin.py:188} INFO - [2024-03-01T18:12:45.578+0000] {dag.py:3036} INFO - Sync 1 DAGs
[2024-03-01T18:12:45.868+0000] {logging_mixin.py:188} INFO - [2024-03-01T18:12:45.867+0000] {dag.py:3823} INFO - Setting next_dagrun for chicago_crime_dag to 2024-03-01 17:00:00+00:00, run_after=2024-03-01 18:00:00+00:00
[2024-03-01T18:12:46.017+0000] {processor.py:183} INFO - Processing /opt/airflow/dags/run_chicago_crime_dag.py took 0.684 seconds
[2024-03-01T18:13:16.155+0000] {processor.py:161} INFO - Started process (PID=694) to work on /opt/airflow/dags/run_chicago_crime_dag.py
[2024-03-01T18:13:16.160+0000] {processor.py:830} INFO - Processing file /opt/airflow/dags/run_chicago_crime_dag.py for tasks to queue
[2024-03-01T18:13:16.168+0000] {logging_mixin.py:188} INFO - [2024-03-01T18:13:16.167+0000] {dagbag.py:538} INFO - Filling up the DagBag from /opt/airflow/dags/run_chicago_crime_dag.py
[2024-03-01T18:13:16.200+0000] {processor.py:840} INFO - DAG(s) 'chicago_crime_dag' retrieved from /opt/airflow/dags/run_chicago_crime_dag.py
[2024-03-01T18:13:16.302+0000] {logging_mixin.py:188} INFO - [2024-03-01T18:13:16.301+0000] {dag.py:3036} INFO - Sync 1 DAGs
[2024-03-01T18:13:16.430+0000] {logging_mixin.py:188} INFO - [2024-03-01T18:13:16.428+0000] {dag.py:3823} INFO - Setting next_dagrun for chicago_crime_dag to 2024-03-01 17:00:00+00:00, run_after=2024-03-01 18:00:00+00:00
[2024-03-01T18:13:16.512+0000] {processor.py:183} INFO - Processing /opt/airflow/dags/run_chicago_crime_dag.py took 0.369 seconds
[2024-03-01T18:17:48.360+0000] {processor.py:161} INFO - Started process (PID=54) to work on /opt/airflow/dags/run_chicago_crime_dag.py
[2024-03-01T18:17:48.365+0000] {processor.py:830} INFO - Processing file /opt/airflow/dags/run_chicago_crime_dag.py for tasks to queue
[2024-03-01T18:17:48.374+0000] {logging_mixin.py:188} INFO - [2024-03-01T18:17:48.373+0000] {dagbag.py:538} INFO - Filling up the DagBag from /opt/airflow/dags/run_chicago_crime_dag.py
[2024-03-01T18:17:48.468+0000] {processor.py:840} INFO - DAG(s) 'chicago_crime_dag' retrieved from /opt/airflow/dags/run_chicago_crime_dag.py
[2024-03-01T18:17:49.319+0000] {logging_mixin.py:188} INFO - [2024-03-01T18:17:49.316+0000] {dag.py:3036} INFO - Sync 1 DAGs
[2024-03-01T18:17:49.484+0000] {logging_mixin.py:188} INFO - [2024-03-01T18:17:49.483+0000] {dag.py:3823} INFO - Setting next_dagrun for chicago_crime_dag to 2024-03-01 17:00:00+00:00, run_after=2024-03-01 18:00:00+00:00
[2024-03-01T18:17:49.596+0000] {processor.py:183} INFO - Processing /opt/airflow/dags/run_chicago_crime_dag.py took 1.252 seconds
[2024-03-01T18:18:23.259+0000] {processor.py:161} INFO - Started process (PID=112) to work on /opt/airflow/dags/run_chicago_crime_dag.py
[2024-03-01T18:18:23.263+0000] {processor.py:830} INFO - Processing file /opt/airflow/dags/run_chicago_crime_dag.py for tasks to queue
[2024-03-01T18:18:23.271+0000] {logging_mixin.py:188} INFO - [2024-03-01T18:18:23.269+0000] {dagbag.py:538} INFO - Filling up the DagBag from /opt/airflow/dags/run_chicago_crime_dag.py
[2024-03-01T18:18:23.318+0000] {processor.py:840} INFO - DAG(s) 'chicago_crime_dag' retrieved from /opt/airflow/dags/run_chicago_crime_dag.py
[2024-03-01T18:18:23.441+0000] {logging_mixin.py:188} INFO - [2024-03-01T18:18:23.437+0000] {dag.py:3036} INFO - Sync 1 DAGs
[2024-03-01T18:18:23.650+0000] {logging_mixin.py:188} INFO - [2024-03-01T18:18:23.648+0000] {dag.py:3823} INFO - Setting next_dagrun for chicago_crime_dag to 2024-03-01 17:00:00+00:00, run_after=2024-03-01 18:00:00+00:00
[2024-03-01T18:18:23.773+0000] {processor.py:183} INFO - Processing /opt/airflow/dags/run_chicago_crime_dag.py took 0.526 seconds
[2024-03-01T18:18:53.880+0000] {processor.py:161} INFO - Started process (PID=168) to work on /opt/airflow/dags/run_chicago_crime_dag.py
[2024-03-01T18:18:53.883+0000] {processor.py:830} INFO - Processing file /opt/airflow/dags/run_chicago_crime_dag.py for tasks to queue
[2024-03-01T18:18:53.889+0000] {logging_mixin.py:188} INFO - [2024-03-01T18:18:53.888+0000] {dagbag.py:538} INFO - Filling up the DagBag from /opt/airflow/dags/run_chicago_crime_dag.py
[2024-03-01T18:18:53.934+0000] {processor.py:840} INFO - DAG(s) 'chicago_crime_dag' retrieved from /opt/airflow/dags/run_chicago_crime_dag.py
[2024-03-01T18:18:54.050+0000] {logging_mixin.py:188} INFO - [2024-03-01T18:18:54.049+0000] {dag.py:3036} INFO - Sync 1 DAGs
[2024-03-01T18:18:54.241+0000] {logging_mixin.py:188} INFO - [2024-03-01T18:18:54.239+0000] {dag.py:3823} INFO - Setting next_dagrun for chicago_crime_dag to 2024-03-01 17:00:00+00:00, run_after=2024-03-01 18:00:00+00:00
[2024-03-01T18:18:54.346+0000] {processor.py:183} INFO - Processing /opt/airflow/dags/run_chicago_crime_dag.py took 0.476 seconds
[2024-03-01T18:19:25.266+0000] {processor.py:161} INFO - Started process (PID=226) to work on /opt/airflow/dags/run_chicago_crime_dag.py
[2024-03-01T18:19:25.274+0000] {processor.py:830} INFO - Processing file /opt/airflow/dags/run_chicago_crime_dag.py for tasks to queue
[2024-03-01T18:19:25.284+0000] {logging_mixin.py:188} INFO - [2024-03-01T18:19:25.282+0000] {dagbag.py:538} INFO - Filling up the DagBag from /opt/airflow/dags/run_chicago_crime_dag.py
[2024-03-01T18:19:25.320+0000] {processor.py:840} INFO - DAG(s) 'chicago_crime_dag' retrieved from /opt/airflow/dags/run_chicago_crime_dag.py
[2024-03-01T18:19:25.439+0000] {logging_mixin.py:188} INFO - [2024-03-01T18:19:25.438+0000] {dag.py:3036} INFO - Sync 1 DAGs
[2024-03-01T18:19:25.623+0000] {logging_mixin.py:188} INFO - [2024-03-01T18:19:25.622+0000] {dag.py:3823} INFO - Setting next_dagrun for chicago_crime_dag to 2024-03-01 17:00:00+00:00, run_after=2024-03-01 18:00:00+00:00
[2024-03-01T18:19:25.735+0000] {processor.py:183} INFO - Processing /opt/airflow/dags/run_chicago_crime_dag.py took 0.490 seconds
[2024-03-01T18:19:55.931+0000] {processor.py:161} INFO - Started process (PID=283) to work on /opt/airflow/dags/run_chicago_crime_dag.py
[2024-03-01T18:19:55.935+0000] {processor.py:830} INFO - Processing file /opt/airflow/dags/run_chicago_crime_dag.py for tasks to queue
[2024-03-01T18:19:55.946+0000] {logging_mixin.py:188} INFO - [2024-03-01T18:19:55.944+0000] {dagbag.py:538} INFO - Filling up the DagBag from /opt/airflow/dags/run_chicago_crime_dag.py
[2024-03-01T18:19:55.999+0000] {processor.py:840} INFO - DAG(s) 'chicago_crime_dag' retrieved from /opt/airflow/dags/run_chicago_crime_dag.py
[2024-03-01T18:19:56.180+0000] {logging_mixin.py:188} INFO - [2024-03-01T18:19:56.178+0000] {dag.py:3036} INFO - Sync 1 DAGs
[2024-03-01T18:19:56.407+0000] {logging_mixin.py:188} INFO - [2024-03-01T18:19:56.405+0000] {dag.py:3823} INFO - Setting next_dagrun for chicago_crime_dag to 2024-03-01 17:00:00+00:00, run_after=2024-03-01 18:00:00+00:00
[2024-03-01T18:19:56.591+0000] {processor.py:183} INFO - Processing /opt/airflow/dags/run_chicago_crime_dag.py took 0.680 seconds
[2024-03-01T18:20:26.918+0000] {processor.py:161} INFO - Started process (PID=349) to work on /opt/airflow/dags/run_chicago_crime_dag.py
[2024-03-01T18:20:26.932+0000] {processor.py:830} INFO - Processing file /opt/airflow/dags/run_chicago_crime_dag.py for tasks to queue
[2024-03-01T18:20:26.942+0000] {logging_mixin.py:188} INFO - [2024-03-01T18:20:26.940+0000] {dagbag.py:538} INFO - Filling up the DagBag from /opt/airflow/dags/run_chicago_crime_dag.py
[2024-03-01T18:20:26.994+0000] {processor.py:840} INFO - DAG(s) 'chicago_crime_dag' retrieved from /opt/airflow/dags/run_chicago_crime_dag.py
[2024-03-01T18:20:27.156+0000] {logging_mixin.py:188} INFO - [2024-03-01T18:20:27.155+0000] {dag.py:3036} INFO - Sync 1 DAGs
[2024-03-01T18:20:27.374+0000] {logging_mixin.py:188} INFO - [2024-03-01T18:20:27.373+0000] {dag.py:3823} INFO - Setting next_dagrun for chicago_crime_dag to 2024-03-01 17:00:00+00:00, run_after=2024-03-01 18:00:00+00:00
[2024-03-01T18:20:27.534+0000] {processor.py:183} INFO - Processing /opt/airflow/dags/run_chicago_crime_dag.py took 0.639 seconds
[2024-03-01T18:20:57.812+0000] {processor.py:161} INFO - Started process (PID=407) to work on /opt/airflow/dags/run_chicago_crime_dag.py
[2024-03-01T18:20:57.816+0000] {processor.py:830} INFO - Processing file /opt/airflow/dags/run_chicago_crime_dag.py for tasks to queue
[2024-03-01T18:20:57.827+0000] {logging_mixin.py:188} INFO - [2024-03-01T18:20:57.826+0000] {dagbag.py:538} INFO - Filling up the DagBag from /opt/airflow/dags/run_chicago_crime_dag.py
[2024-03-01T18:20:57.870+0000] {processor.py:840} INFO - DAG(s) 'chicago_crime_dag' retrieved from /opt/airflow/dags/run_chicago_crime_dag.py
[2024-03-01T18:20:57.974+0000] {logging_mixin.py:188} INFO - [2024-03-01T18:20:57.973+0000] {dag.py:3036} INFO - Sync 1 DAGs
[2024-03-01T18:20:58.172+0000] {logging_mixin.py:188} INFO - [2024-03-01T18:20:58.170+0000] {dag.py:3823} INFO - Setting next_dagrun for chicago_crime_dag to 2024-03-01 17:00:00+00:00, run_after=2024-03-01 18:00:00+00:00
[2024-03-01T18:20:58.332+0000] {processor.py:183} INFO - Processing /opt/airflow/dags/run_chicago_crime_dag.py took 0.541 seconds
[2024-03-01T18:21:28.574+0000] {processor.py:161} INFO - Started process (PID=465) to work on /opt/airflow/dags/run_chicago_crime_dag.py
[2024-03-01T18:21:28.584+0000] {processor.py:830} INFO - Processing file /opt/airflow/dags/run_chicago_crime_dag.py for tasks to queue
[2024-03-01T18:21:28.592+0000] {logging_mixin.py:188} INFO - [2024-03-01T18:21:28.591+0000] {dagbag.py:538} INFO - Filling up the DagBag from /opt/airflow/dags/run_chicago_crime_dag.py
[2024-03-01T18:21:28.635+0000] {processor.py:840} INFO - DAG(s) 'chicago_crime_dag' retrieved from /opt/airflow/dags/run_chicago_crime_dag.py
[2024-03-01T18:21:28.840+0000] {logging_mixin.py:188} INFO - [2024-03-01T18:21:28.838+0000] {dag.py:3036} INFO - Sync 1 DAGs
[2024-03-01T18:21:29.191+0000] {logging_mixin.py:188} INFO - [2024-03-01T18:21:29.190+0000] {dag.py:3823} INFO - Setting next_dagrun for chicago_crime_dag to 2024-03-01 17:00:00+00:00, run_after=2024-03-01 18:00:00+00:00
[2024-03-01T18:21:29.421+0000] {processor.py:183} INFO - Processing /opt/airflow/dags/run_chicago_crime_dag.py took 0.869 seconds
[2024-03-01T18:21:59.569+0000] {processor.py:161} INFO - Started process (PID=522) to work on /opt/airflow/dags/run_chicago_crime_dag.py
[2024-03-01T18:21:59.582+0000] {processor.py:830} INFO - Processing file /opt/airflow/dags/run_chicago_crime_dag.py for tasks to queue
[2024-03-01T18:21:59.601+0000] {logging_mixin.py:188} INFO - [2024-03-01T18:21:59.591+0000] {dagbag.py:538} INFO - Filling up the DagBag from /opt/airflow/dags/run_chicago_crime_dag.py
[2024-03-01T18:21:59.642+0000] {processor.py:840} INFO - DAG(s) 'chicago_crime_dag' retrieved from /opt/airflow/dags/run_chicago_crime_dag.py
[2024-03-01T18:21:59.807+0000] {logging_mixin.py:188} INFO - [2024-03-01T18:21:59.806+0000] {dag.py:3036} INFO - Sync 1 DAGs
[2024-03-01T18:22:00.121+0000] {logging_mixin.py:188} INFO - [2024-03-01T18:22:00.120+0000] {dag.py:3823} INFO - Setting next_dagrun for chicago_crime_dag to 2024-03-01 17:00:00+00:00, run_after=2024-03-01 18:00:00+00:00
[2024-03-01T18:22:00.448+0000] {processor.py:183} INFO - Processing /opt/airflow/dags/run_chicago_crime_dag.py took 0.905 seconds
[2024-03-01T18:22:31.295+0000] {processor.py:161} INFO - Started process (PID=581) to work on /opt/airflow/dags/run_chicago_crime_dag.py
[2024-03-01T18:22:31.299+0000] {processor.py:830} INFO - Processing file /opt/airflow/dags/run_chicago_crime_dag.py for tasks to queue
[2024-03-01T18:22:31.310+0000] {logging_mixin.py:188} INFO - [2024-03-01T18:22:31.308+0000] {dagbag.py:538} INFO - Filling up the DagBag from /opt/airflow/dags/run_chicago_crime_dag.py
[2024-03-01T18:22:31.355+0000] {processor.py:840} INFO - DAG(s) 'chicago_crime_dag' retrieved from /opt/airflow/dags/run_chicago_crime_dag.py
[2024-03-01T18:22:31.508+0000] {logging_mixin.py:188} INFO - [2024-03-01T18:22:31.506+0000] {dag.py:3036} INFO - Sync 1 DAGs
[2024-03-01T18:22:31.740+0000] {logging_mixin.py:188} INFO - [2024-03-01T18:22:31.739+0000] {dag.py:3823} INFO - Setting next_dagrun for chicago_crime_dag to 2024-03-01 17:00:00+00:00, run_after=2024-03-01 18:00:00+00:00
[2024-03-01T18:22:31.881+0000] {processor.py:183} INFO - Processing /opt/airflow/dags/run_chicago_crime_dag.py took 0.610 seconds
[2024-03-01T18:23:02.132+0000] {processor.py:161} INFO - Started process (PID=638) to work on /opt/airflow/dags/run_chicago_crime_dag.py
[2024-03-01T18:23:02.138+0000] {processor.py:830} INFO - Processing file /opt/airflow/dags/run_chicago_crime_dag.py for tasks to queue
[2024-03-01T18:23:02.153+0000] {logging_mixin.py:188} INFO - [2024-03-01T18:23:02.151+0000] {dagbag.py:538} INFO - Filling up the DagBag from /opt/airflow/dags/run_chicago_crime_dag.py
[2024-03-01T18:23:02.198+0000] {processor.py:840} INFO - DAG(s) 'chicago_crime_dag' retrieved from /opt/airflow/dags/run_chicago_crime_dag.py
[2024-03-01T18:23:02.303+0000] {logging_mixin.py:188} INFO - [2024-03-01T18:23:02.302+0000] {dag.py:3036} INFO - Sync 1 DAGs
[2024-03-01T18:23:02.471+0000] {logging_mixin.py:188} INFO - [2024-03-01T18:23:02.470+0000] {dag.py:3823} INFO - Setting next_dagrun for chicago_crime_dag to 2024-03-01 17:00:00+00:00, run_after=2024-03-01 18:00:00+00:00
[2024-03-01T18:23:02.549+0000] {processor.py:183} INFO - Processing /opt/airflow/dags/run_chicago_crime_dag.py took 0.435 seconds
[2024-03-01T18:23:35.046+0000] {processor.py:161} INFO - Started process (PID=693) to work on /opt/airflow/dags/run_chicago_crime_dag.py
[2024-03-01T18:23:35.050+0000] {processor.py:830} INFO - Processing file /opt/airflow/dags/run_chicago_crime_dag.py for tasks to queue
[2024-03-01T18:23:35.060+0000] {logging_mixin.py:188} INFO - [2024-03-01T18:23:35.057+0000] {dagbag.py:538} INFO - Filling up the DagBag from /opt/airflow/dags/run_chicago_crime_dag.py
[2024-03-01T18:23:35.095+0000] {processor.py:840} INFO - DAG(s) 'chicago_crime_dag' retrieved from /opt/airflow/dags/run_chicago_crime_dag.py
[2024-03-01T18:23:35.199+0000] {logging_mixin.py:188} INFO - [2024-03-01T18:23:35.198+0000] {dag.py:3036} INFO - Sync 1 DAGs
[2024-03-01T18:23:35.369+0000] {logging_mixin.py:188} INFO - [2024-03-01T18:23:35.368+0000] {dag.py:3823} INFO - Setting next_dagrun for chicago_crime_dag to 2024-03-01 17:00:00+00:00, run_after=2024-03-01 18:00:00+00:00
[2024-03-01T18:23:35.481+0000] {processor.py:183} INFO - Processing /opt/airflow/dags/run_chicago_crime_dag.py took 0.452 seconds
[2024-03-01T18:24:08.879+0000] {processor.py:161} INFO - Started process (PID=750) to work on /opt/airflow/dags/run_chicago_crime_dag.py
[2024-03-01T18:24:08.884+0000] {processor.py:830} INFO - Processing file /opt/airflow/dags/run_chicago_crime_dag.py for tasks to queue
[2024-03-01T18:24:08.897+0000] {logging_mixin.py:188} INFO - [2024-03-01T18:24:08.892+0000] {dagbag.py:538} INFO - Filling up the DagBag from /opt/airflow/dags/run_chicago_crime_dag.py
[2024-03-01T18:24:08.971+0000] {processor.py:840} INFO - DAG(s) 'chicago_crime_dag' retrieved from /opt/airflow/dags/run_chicago_crime_dag.py
[2024-03-01T18:24:09.154+0000] {logging_mixin.py:188} INFO - [2024-03-01T18:24:09.153+0000] {dag.py:3036} INFO - Sync 1 DAGs
[2024-03-01T18:24:09.467+0000] {logging_mixin.py:188} INFO - [2024-03-01T18:24:09.463+0000] {dag.py:3823} INFO - Setting next_dagrun for chicago_crime_dag to 2024-03-01 17:00:00+00:00, run_after=2024-03-01 18:00:00+00:00
[2024-03-01T18:24:09.603+0000] {processor.py:183} INFO - Processing /opt/airflow/dags/run_chicago_crime_dag.py took 0.787 seconds
[2024-03-01T18:24:39.803+0000] {processor.py:161} INFO - Started process (PID=806) to work on /opt/airflow/dags/run_chicago_crime_dag.py
[2024-03-01T18:24:39.810+0000] {processor.py:830} INFO - Processing file /opt/airflow/dags/run_chicago_crime_dag.py for tasks to queue
[2024-03-01T18:24:39.832+0000] {logging_mixin.py:188} INFO - [2024-03-01T18:24:39.830+0000] {dagbag.py:538} INFO - Filling up the DagBag from /opt/airflow/dags/run_chicago_crime_dag.py
[2024-03-01T18:24:39.913+0000] {processor.py:840} INFO - DAG(s) 'chicago_crime_dag' retrieved from /opt/airflow/dags/run_chicago_crime_dag.py
[2024-03-01T18:24:40.091+0000] {logging_mixin.py:188} INFO - [2024-03-01T18:24:40.087+0000] {dag.py:3036} INFO - Sync 1 DAGs
[2024-03-01T18:24:40.369+0000] {logging_mixin.py:188} INFO - [2024-03-01T18:24:40.366+0000] {dag.py:3823} INFO - Setting next_dagrun for chicago_crime_dag to 2024-03-01 17:00:00+00:00, run_after=2024-03-01 18:00:00+00:00
[2024-03-01T18:24:40.588+0000] {processor.py:183} INFO - Processing /opt/airflow/dags/run_chicago_crime_dag.py took 0.814 seconds
[2024-03-01T18:25:11.451+0000] {processor.py:161} INFO - Started process (PID=866) to work on /opt/airflow/dags/run_chicago_crime_dag.py
[2024-03-01T18:25:11.456+0000] {processor.py:830} INFO - Processing file /opt/airflow/dags/run_chicago_crime_dag.py for tasks to queue
[2024-03-01T18:25:11.474+0000] {logging_mixin.py:188} INFO - [2024-03-01T18:25:11.471+0000] {dagbag.py:538} INFO - Filling up the DagBag from /opt/airflow/dags/run_chicago_crime_dag.py
[2024-03-01T18:25:11.535+0000] {processor.py:840} INFO - DAG(s) 'chicago_crime_dag' retrieved from /opt/airflow/dags/run_chicago_crime_dag.py
[2024-03-01T18:25:11.662+0000] {logging_mixin.py:188} INFO - [2024-03-01T18:25:11.661+0000] {dag.py:3036} INFO - Sync 1 DAGs
[2024-03-01T18:25:11.824+0000] {logging_mixin.py:188} INFO - [2024-03-01T18:25:11.823+0000] {dag.py:3823} INFO - Setting next_dagrun for chicago_crime_dag to 2024-03-01 17:00:00+00:00, run_after=2024-03-01 18:00:00+00:00
[2024-03-01T18:25:12.033+0000] {processor.py:183} INFO - Processing /opt/airflow/dags/run_chicago_crime_dag.py took 0.612 seconds
[2024-03-01T18:25:42.964+0000] {processor.py:161} INFO - Started process (PID=928) to work on /opt/airflow/dags/run_chicago_crime_dag.py
[2024-03-01T18:25:42.972+0000] {processor.py:830} INFO - Processing file /opt/airflow/dags/run_chicago_crime_dag.py for tasks to queue
[2024-03-01T18:25:42.991+0000] {logging_mixin.py:188} INFO - [2024-03-01T18:25:42.988+0000] {dagbag.py:538} INFO - Filling up the DagBag from /opt/airflow/dags/run_chicago_crime_dag.py
[2024-03-01T18:25:43.046+0000] {processor.py:840} INFO - DAG(s) 'chicago_crime_dag' retrieved from /opt/airflow/dags/run_chicago_crime_dag.py
[2024-03-01T18:25:43.182+0000] {logging_mixin.py:188} INFO - [2024-03-01T18:25:43.181+0000] {dag.py:3036} INFO - Sync 1 DAGs
[2024-03-01T18:25:43.429+0000] {logging_mixin.py:188} INFO - [2024-03-01T18:25:43.426+0000] {dag.py:3823} INFO - Setting next_dagrun for chicago_crime_dag to 2024-03-01 17:00:00+00:00, run_after=2024-03-01 18:00:00+00:00
[2024-03-01T18:25:43.603+0000] {processor.py:183} INFO - Processing /opt/airflow/dags/run_chicago_crime_dag.py took 0.667 seconds
[2024-03-01T18:26:14.119+0000] {processor.py:161} INFO - Started process (PID=986) to work on /opt/airflow/dags/run_chicago_crime_dag.py
[2024-03-01T18:26:14.124+0000] {processor.py:830} INFO - Processing file /opt/airflow/dags/run_chicago_crime_dag.py for tasks to queue
[2024-03-01T18:26:14.137+0000] {logging_mixin.py:188} INFO - [2024-03-01T18:26:14.134+0000] {dagbag.py:538} INFO - Filling up the DagBag from /opt/airflow/dags/run_chicago_crime_dag.py
[2024-03-01T18:26:14.189+0000] {processor.py:840} INFO - DAG(s) 'chicago_crime_dag' retrieved from /opt/airflow/dags/run_chicago_crime_dag.py
[2024-03-01T18:26:14.353+0000] {logging_mixin.py:188} INFO - [2024-03-01T18:26:14.352+0000] {dag.py:3036} INFO - Sync 1 DAGs
[2024-03-01T18:26:14.629+0000] {logging_mixin.py:188} INFO - [2024-03-01T18:26:14.627+0000] {dag.py:3823} INFO - Setting next_dagrun for chicago_crime_dag to 2024-03-01 17:00:00+00:00, run_after=2024-03-01 18:00:00+00:00
[2024-03-01T18:26:14.794+0000] {processor.py:183} INFO - Processing /opt/airflow/dags/run_chicago_crime_dag.py took 0.693 seconds
[2024-03-01T18:26:45.747+0000] {processor.py:161} INFO - Started process (PID=1044) to work on /opt/airflow/dags/run_chicago_crime_dag.py
[2024-03-01T18:26:45.753+0000] {processor.py:830} INFO - Processing file /opt/airflow/dags/run_chicago_crime_dag.py for tasks to queue
[2024-03-01T18:26:45.770+0000] {logging_mixin.py:188} INFO - [2024-03-01T18:26:45.768+0000] {dagbag.py:538} INFO - Filling up the DagBag from /opt/airflow/dags/run_chicago_crime_dag.py
[2024-03-01T18:26:45.820+0000] {processor.py:840} INFO - DAG(s) 'chicago_crime_dag' retrieved from /opt/airflow/dags/run_chicago_crime_dag.py
[2024-03-01T18:26:46.012+0000] {logging_mixin.py:188} INFO - [2024-03-01T18:26:46.010+0000] {dag.py:3036} INFO - Sync 1 DAGs
[2024-03-01T18:26:46.257+0000] {logging_mixin.py:188} INFO - [2024-03-01T18:26:46.255+0000] {dag.py:3823} INFO - Setting next_dagrun for chicago_crime_dag to 2024-03-01 17:00:00+00:00, run_after=2024-03-01 18:00:00+00:00
[2024-03-01T18:26:46.452+0000] {processor.py:183} INFO - Processing /opt/airflow/dags/run_chicago_crime_dag.py took 0.733 seconds
[2024-03-01T18:27:16.800+0000] {processor.py:161} INFO - Started process (PID=1102) to work on /opt/airflow/dags/run_chicago_crime_dag.py
[2024-03-01T18:27:16.804+0000] {processor.py:830} INFO - Processing file /opt/airflow/dags/run_chicago_crime_dag.py for tasks to queue
[2024-03-01T18:27:16.815+0000] {logging_mixin.py:188} INFO - [2024-03-01T18:27:16.813+0000] {dagbag.py:538} INFO - Filling up the DagBag from /opt/airflow/dags/run_chicago_crime_dag.py
[2024-03-01T18:27:16.854+0000] {processor.py:840} INFO - DAG(s) 'chicago_crime_dag' retrieved from /opt/airflow/dags/run_chicago_crime_dag.py
[2024-03-01T18:27:16.984+0000] {logging_mixin.py:188} INFO - [2024-03-01T18:27:16.982+0000] {dag.py:3036} INFO - Sync 1 DAGs
[2024-03-01T18:27:17.170+0000] {logging_mixin.py:188} INFO - [2024-03-01T18:27:17.169+0000] {dag.py:3823} INFO - Setting next_dagrun for chicago_crime_dag to 2024-03-01 17:00:00+00:00, run_after=2024-03-01 18:00:00+00:00
[2024-03-01T18:27:17.297+0000] {processor.py:183} INFO - Processing /opt/airflow/dags/run_chicago_crime_dag.py took 0.517 seconds
[2024-03-01T18:27:49.068+0000] {processor.py:161} INFO - Started process (PID=1156) to work on /opt/airflow/dags/run_chicago_crime_dag.py
[2024-03-01T18:27:49.074+0000] {processor.py:830} INFO - Processing file /opt/airflow/dags/run_chicago_crime_dag.py for tasks to queue
[2024-03-01T18:27:49.084+0000] {logging_mixin.py:188} INFO - [2024-03-01T18:27:49.082+0000] {dagbag.py:538} INFO - Filling up the DagBag from /opt/airflow/dags/run_chicago_crime_dag.py
[2024-03-01T18:27:49.135+0000] {processor.py:840} INFO - DAG(s) 'chicago_crime_dag' retrieved from /opt/airflow/dags/run_chicago_crime_dag.py
[2024-03-01T18:27:49.281+0000] {logging_mixin.py:188} INFO - [2024-03-01T18:27:49.280+0000] {dag.py:3036} INFO - Sync 1 DAGs
[2024-03-01T18:27:49.544+0000] {logging_mixin.py:188} INFO - [2024-03-01T18:27:49.542+0000] {dag.py:3823} INFO - Setting next_dagrun for chicago_crime_dag to 2024-03-01 17:00:00+00:00, run_after=2024-03-01 18:00:00+00:00
[2024-03-01T18:27:49.703+0000] {processor.py:183} INFO - Processing /opt/airflow/dags/run_chicago_crime_dag.py took 0.660 seconds
[2024-03-01T18:28:22.768+0000] {processor.py:161} INFO - Started process (PID=1213) to work on /opt/airflow/dags/run_chicago_crime_dag.py
[2024-03-01T18:28:22.774+0000] {processor.py:830} INFO - Processing file /opt/airflow/dags/run_chicago_crime_dag.py for tasks to queue
[2024-03-01T18:28:22.790+0000] {logging_mixin.py:188} INFO - [2024-03-01T18:28:22.789+0000] {dagbag.py:538} INFO - Filling up the DagBag from /opt/airflow/dags/run_chicago_crime_dag.py
[2024-03-01T18:28:22.844+0000] {processor.py:840} INFO - DAG(s) 'chicago_crime_dag' retrieved from /opt/airflow/dags/run_chicago_crime_dag.py
[2024-03-01T18:28:23.027+0000] {logging_mixin.py:188} INFO - [2024-03-01T18:28:23.022+0000] {dag.py:3036} INFO - Sync 1 DAGs
[2024-03-01T18:28:23.301+0000] {logging_mixin.py:188} INFO - [2024-03-01T18:28:23.299+0000] {dag.py:3823} INFO - Setting next_dagrun for chicago_crime_dag to 2024-03-01 17:00:00+00:00, run_after=2024-03-01 18:00:00+00:00
[2024-03-01T18:28:23.509+0000] {processor.py:183} INFO - Processing /opt/airflow/dags/run_chicago_crime_dag.py took 0.763 seconds
[2024-03-01T18:28:54.896+0000] {processor.py:161} INFO - Started process (PID=1270) to work on /opt/airflow/dags/run_chicago_crime_dag.py
[2024-03-01T18:28:54.913+0000] {processor.py:830} INFO - Processing file /opt/airflow/dags/run_chicago_crime_dag.py for tasks to queue
[2024-03-01T18:28:54.931+0000] {logging_mixin.py:188} INFO - [2024-03-01T18:28:54.929+0000] {dagbag.py:538} INFO - Filling up the DagBag from /opt/airflow/dags/run_chicago_crime_dag.py
[2024-03-01T18:28:55.026+0000] {processor.py:840} INFO - DAG(s) 'chicago_crime_dag' retrieved from /opt/airflow/dags/run_chicago_crime_dag.py
[2024-03-01T18:28:55.202+0000] {logging_mixin.py:188} INFO - [2024-03-01T18:28:55.200+0000] {dag.py:3036} INFO - Sync 1 DAGs
[2024-03-01T18:28:55.463+0000] {logging_mixin.py:188} INFO - [2024-03-01T18:28:55.457+0000] {dag.py:3823} INFO - Setting next_dagrun for chicago_crime_dag to 2024-03-01 17:00:00+00:00, run_after=2024-03-01 18:00:00+00:00
[2024-03-01T18:28:55.668+0000] {processor.py:183} INFO - Processing /opt/airflow/dags/run_chicago_crime_dag.py took 0.792 seconds
[2024-03-01T18:29:27.284+0000] {processor.py:161} INFO - Started process (PID=1325) to work on /opt/airflow/dags/run_chicago_crime_dag.py
[2024-03-01T18:29:27.291+0000] {processor.py:830} INFO - Processing file /opt/airflow/dags/run_chicago_crime_dag.py for tasks to queue
[2024-03-01T18:29:27.313+0000] {logging_mixin.py:188} INFO - [2024-03-01T18:29:27.311+0000] {dagbag.py:538} INFO - Filling up the DagBag from /opt/airflow/dags/run_chicago_crime_dag.py
[2024-03-01T18:29:27.382+0000] {processor.py:840} INFO - DAG(s) 'chicago_crime_dag' retrieved from /opt/airflow/dags/run_chicago_crime_dag.py
[2024-03-01T18:29:27.570+0000] {logging_mixin.py:188} INFO - [2024-03-01T18:29:27.567+0000] {dag.py:3036} INFO - Sync 1 DAGs
[2024-03-01T18:29:27.879+0000] {logging_mixin.py:188} INFO - [2024-03-01T18:29:27.876+0000] {dag.py:3823} INFO - Setting next_dagrun for chicago_crime_dag to 2024-03-01 17:00:00+00:00, run_after=2024-03-01 18:00:00+00:00
[2024-03-01T18:29:28.103+0000] {processor.py:183} INFO - Processing /opt/airflow/dags/run_chicago_crime_dag.py took 0.849 seconds
[2024-03-01T18:30:00.376+0000] {processor.py:161} INFO - Started process (PID=1387) to work on /opt/airflow/dags/run_chicago_crime_dag.py
[2024-03-01T18:30:00.389+0000] {processor.py:830} INFO - Processing file /opt/airflow/dags/run_chicago_crime_dag.py for tasks to queue
[2024-03-01T18:30:00.409+0000] {logging_mixin.py:188} INFO - [2024-03-01T18:30:00.404+0000] {dagbag.py:538} INFO - Filling up the DagBag from /opt/airflow/dags/run_chicago_crime_dag.py
[2024-03-01T18:30:00.514+0000] {processor.py:840} INFO - DAG(s) 'chicago_crime_dag' retrieved from /opt/airflow/dags/run_chicago_crime_dag.py
[2024-03-01T18:30:00.779+0000] {logging_mixin.py:188} INFO - [2024-03-01T18:30:00.777+0000] {dag.py:3036} INFO - Sync 1 DAGs
[2024-03-01T18:30:01.334+0000] {logging_mixin.py:188} INFO - [2024-03-01T18:30:01.331+0000] {dag.py:3823} INFO - Setting next_dagrun for chicago_crime_dag to 2024-03-01 17:00:00+00:00, run_after=2024-03-01 18:00:00+00:00
[2024-03-01T18:30:01.623+0000] {processor.py:183} INFO - Processing /opt/airflow/dags/run_chicago_crime_dag.py took 1.280 seconds
[2024-03-01T18:30:33.215+0000] {processor.py:161} INFO - Started process (PID=1445) to work on /opt/airflow/dags/run_chicago_crime_dag.py
[2024-03-01T18:30:33.234+0000] {processor.py:830} INFO - Processing file /opt/airflow/dags/run_chicago_crime_dag.py for tasks to queue
[2024-03-01T18:30:33.243+0000] {logging_mixin.py:188} INFO - [2024-03-01T18:30:33.241+0000] {dagbag.py:538} INFO - Filling up the DagBag from /opt/airflow/dags/run_chicago_crime_dag.py
[2024-03-01T18:30:33.287+0000] {processor.py:840} INFO - DAG(s) 'chicago_crime_dag' retrieved from /opt/airflow/dags/run_chicago_crime_dag.py
[2024-03-01T18:30:33.415+0000] {logging_mixin.py:188} INFO - [2024-03-01T18:30:33.414+0000] {dag.py:3036} INFO - Sync 1 DAGs
[2024-03-01T18:30:33.657+0000] {logging_mixin.py:188} INFO - [2024-03-01T18:30:33.655+0000] {dag.py:3823} INFO - Setting next_dagrun for chicago_crime_dag to 2024-03-01 17:00:00+00:00, run_after=2024-03-01 18:00:00+00:00
[2024-03-01T18:30:33.860+0000] {processor.py:183} INFO - Processing /opt/airflow/dags/run_chicago_crime_dag.py took 0.670 seconds
[2024-03-01T18:31:10.223+0000] {processor.py:161} INFO - Started process (PID=1503) to work on /opt/airflow/dags/run_chicago_crime_dag.py
[2024-03-01T18:31:10.235+0000] {processor.py:830} INFO - Processing file /opt/airflow/dags/run_chicago_crime_dag.py for tasks to queue
[2024-03-01T18:31:10.249+0000] {logging_mixin.py:188} INFO - [2024-03-01T18:31:10.247+0000] {dagbag.py:538} INFO - Filling up the DagBag from /opt/airflow/dags/run_chicago_crime_dag.py
[2024-03-01T18:31:10.338+0000] {processor.py:840} INFO - DAG(s) 'chicago_crime_dag' retrieved from /opt/airflow/dags/run_chicago_crime_dag.py
[2024-03-01T18:31:10.560+0000] {logging_mixin.py:188} INFO - [2024-03-01T18:31:10.556+0000] {dag.py:3036} INFO - Sync 1 DAGs
[2024-03-01T18:31:10.849+0000] {logging_mixin.py:188} INFO - [2024-03-01T18:31:10.847+0000] {dag.py:3823} INFO - Setting next_dagrun for chicago_crime_dag to 2024-03-01 17:00:00+00:00, run_after=2024-03-01 18:00:00+00:00
[2024-03-01T18:31:11.036+0000] {processor.py:183} INFO - Processing /opt/airflow/dags/run_chicago_crime_dag.py took 0.858 seconds
[2024-03-01T18:31:42.177+0000] {processor.py:161} INFO - Started process (PID=1560) to work on /opt/airflow/dags/run_chicago_crime_dag.py
[2024-03-01T18:31:42.186+0000] {processor.py:830} INFO - Processing file /opt/airflow/dags/run_chicago_crime_dag.py for tasks to queue
[2024-03-01T18:31:42.234+0000] {logging_mixin.py:188} INFO - [2024-03-01T18:31:42.220+0000] {dagbag.py:538} INFO - Filling up the DagBag from /opt/airflow/dags/run_chicago_crime_dag.py
[2024-03-01T18:31:42.341+0000] {processor.py:840} INFO - DAG(s) 'chicago_crime_dag' retrieved from /opt/airflow/dags/run_chicago_crime_dag.py
[2024-03-01T18:31:42.733+0000] {logging_mixin.py:188} INFO - [2024-03-01T18:31:42.727+0000] {dag.py:3036} INFO - Sync 1 DAGs
[2024-03-01T18:31:43.076+0000] {logging_mixin.py:188} INFO - [2024-03-01T18:31:43.064+0000] {dag.py:3823} INFO - Setting next_dagrun for chicago_crime_dag to 2024-03-01 17:00:00+00:00, run_after=2024-03-01 18:00:00+00:00
[2024-03-01T18:31:43.370+0000] {processor.py:183} INFO - Processing /opt/airflow/dags/run_chicago_crime_dag.py took 1.326 seconds
[2024-03-01T18:32:13.780+0000] {processor.py:161} INFO - Started process (PID=1618) to work on /opt/airflow/dags/run_chicago_crime_dag.py
[2024-03-01T18:32:13.789+0000] {processor.py:830} INFO - Processing file /opt/airflow/dags/run_chicago_crime_dag.py for tasks to queue
[2024-03-01T18:32:13.798+0000] {logging_mixin.py:188} INFO - [2024-03-01T18:32:13.796+0000] {dagbag.py:538} INFO - Filling up the DagBag from /opt/airflow/dags/run_chicago_crime_dag.py
[2024-03-01T18:32:13.843+0000] {processor.py:840} INFO - DAG(s) 'chicago_crime_dag' retrieved from /opt/airflow/dags/run_chicago_crime_dag.py
[2024-03-01T18:32:13.985+0000] {logging_mixin.py:188} INFO - [2024-03-01T18:32:13.984+0000] {dag.py:3036} INFO - Sync 1 DAGs
[2024-03-01T18:32:14.133+0000] {logging_mixin.py:188} INFO - [2024-03-01T18:32:14.132+0000] {dag.py:3823} INFO - Setting next_dagrun for chicago_crime_dag to 2024-03-01 17:00:00+00:00, run_after=2024-03-01 18:00:00+00:00
[2024-03-01T18:32:14.286+0000] {processor.py:183} INFO - Processing /opt/airflow/dags/run_chicago_crime_dag.py took 0.525 seconds
[2024-03-01T18:32:44.854+0000] {processor.py:161} INFO - Started process (PID=1675) to work on /opt/airflow/dags/run_chicago_crime_dag.py
[2024-03-01T18:32:44.861+0000] {processor.py:830} INFO - Processing file /opt/airflow/dags/run_chicago_crime_dag.py for tasks to queue
[2024-03-01T18:32:44.881+0000] {logging_mixin.py:188} INFO - [2024-03-01T18:32:44.872+0000] {dagbag.py:538} INFO - Filling up the DagBag from /opt/airflow/dags/run_chicago_crime_dag.py
[2024-03-01T18:32:44.931+0000] {processor.py:840} INFO - DAG(s) 'chicago_crime_dag' retrieved from /opt/airflow/dags/run_chicago_crime_dag.py
[2024-03-01T18:32:45.067+0000] {logging_mixin.py:188} INFO - [2024-03-01T18:32:45.066+0000] {dag.py:3036} INFO - Sync 1 DAGs
[2024-03-01T18:32:45.272+0000] {logging_mixin.py:188} INFO - [2024-03-01T18:32:45.270+0000] {dag.py:3823} INFO - Setting next_dagrun for chicago_crime_dag to 2024-03-01 17:00:00+00:00, run_after=2024-03-01 18:00:00+00:00
[2024-03-01T18:32:45.411+0000] {processor.py:183} INFO - Processing /opt/airflow/dags/run_chicago_crime_dag.py took 0.580 seconds
[2024-03-01T18:33:15.611+0000] {processor.py:161} INFO - Started process (PID=1733) to work on /opt/airflow/dags/run_chicago_crime_dag.py
[2024-03-01T18:33:15.616+0000] {processor.py:830} INFO - Processing file /opt/airflow/dags/run_chicago_crime_dag.py for tasks to queue
[2024-03-01T18:33:15.625+0000] {logging_mixin.py:188} INFO - [2024-03-01T18:33:15.623+0000] {dagbag.py:538} INFO - Filling up the DagBag from /opt/airflow/dags/run_chicago_crime_dag.py
[2024-03-01T18:33:15.683+0000] {processor.py:840} INFO - DAG(s) 'chicago_crime_dag' retrieved from /opt/airflow/dags/run_chicago_crime_dag.py
[2024-03-01T18:33:15.811+0000] {logging_mixin.py:188} INFO - [2024-03-01T18:33:15.810+0000] {dag.py:3036} INFO - Sync 1 DAGs
[2024-03-01T18:33:16.025+0000] {logging_mixin.py:188} INFO - [2024-03-01T18:33:16.024+0000] {dag.py:3823} INFO - Setting next_dagrun for chicago_crime_dag to 2024-03-01 17:00:00+00:00, run_after=2024-03-01 18:00:00+00:00
[2024-03-01T18:33:16.131+0000] {processor.py:183} INFO - Processing /opt/airflow/dags/run_chicago_crime_dag.py took 0.544 seconds
[2024-03-01T18:33:52.068+0000] {processor.py:161} INFO - Started process (PID=1799) to work on /opt/airflow/dags/run_chicago_crime_dag.py
[2024-03-01T18:33:52.078+0000] {processor.py:830} INFO - Processing file /opt/airflow/dags/run_chicago_crime_dag.py for tasks to queue
[2024-03-01T18:33:52.093+0000] {logging_mixin.py:188} INFO - [2024-03-01T18:33:52.090+0000] {dagbag.py:538} INFO - Filling up the DagBag from /opt/airflow/dags/run_chicago_crime_dag.py
[2024-03-01T18:33:52.148+0000] {processor.py:840} INFO - DAG(s) 'chicago_crime_dag' retrieved from /opt/airflow/dags/run_chicago_crime_dag.py
[2024-03-01T18:33:52.338+0000] {logging_mixin.py:188} INFO - [2024-03-01T18:33:52.335+0000] {dag.py:3036} INFO - Sync 1 DAGs
[2024-03-01T18:33:52.699+0000] {logging_mixin.py:188} INFO - [2024-03-01T18:33:52.697+0000] {dag.py:3823} INFO - Setting next_dagrun for chicago_crime_dag to 2024-03-01 17:00:00+00:00, run_after=2024-03-01 18:00:00+00:00
[2024-03-01T18:33:52.954+0000] {processor.py:183} INFO - Processing /opt/airflow/dags/run_chicago_crime_dag.py took 0.908 seconds
[2024-03-01T18:34:23.211+0000] {processor.py:161} INFO - Started process (PID=1856) to work on /opt/airflow/dags/run_chicago_crime_dag.py
[2024-03-01T18:34:23.214+0000] {processor.py:830} INFO - Processing file /opt/airflow/dags/run_chicago_crime_dag.py for tasks to queue
[2024-03-01T18:34:23.221+0000] {logging_mixin.py:188} INFO - [2024-03-01T18:34:23.220+0000] {dagbag.py:538} INFO - Filling up the DagBag from /opt/airflow/dags/run_chicago_crime_dag.py
[2024-03-01T18:34:23.248+0000] {processor.py:840} INFO - DAG(s) 'chicago_crime_dag' retrieved from /opt/airflow/dags/run_chicago_crime_dag.py
[2024-03-01T18:34:23.325+0000] {logging_mixin.py:188} INFO - [2024-03-01T18:34:23.324+0000] {dag.py:3036} INFO - Sync 1 DAGs
[2024-03-01T18:34:23.450+0000] {logging_mixin.py:188} INFO - [2024-03-01T18:34:23.449+0000] {dag.py:3823} INFO - Setting next_dagrun for chicago_crime_dag to 2024-03-01 17:00:00+00:00, run_after=2024-03-01 18:00:00+00:00
[2024-03-01T18:34:23.622+0000] {processor.py:183} INFO - Processing /opt/airflow/dags/run_chicago_crime_dag.py took 0.429 seconds
[2024-03-01T18:34:54.294+0000] {processor.py:161} INFO - Started process (PID=1915) to work on /opt/airflow/dags/run_chicago_crime_dag.py
[2024-03-01T18:34:54.306+0000] {processor.py:830} INFO - Processing file /opt/airflow/dags/run_chicago_crime_dag.py for tasks to queue
[2024-03-01T18:34:54.323+0000] {logging_mixin.py:188} INFO - [2024-03-01T18:34:54.321+0000] {dagbag.py:538} INFO - Filling up the DagBag from /opt/airflow/dags/run_chicago_crime_dag.py
[2024-03-01T18:34:54.435+0000] {processor.py:840} INFO - DAG(s) 'chicago_crime_dag' retrieved from /opt/airflow/dags/run_chicago_crime_dag.py
[2024-03-01T18:34:54.753+0000] {logging_mixin.py:188} INFO - [2024-03-01T18:34:54.750+0000] {dag.py:3036} INFO - Sync 1 DAGs
[2024-03-01T18:34:55.047+0000] {logging_mixin.py:188} INFO - [2024-03-01T18:34:55.046+0000] {dag.py:3823} INFO - Setting next_dagrun for chicago_crime_dag to 2024-03-01 17:00:00+00:00, run_after=2024-03-01 18:00:00+00:00
[2024-03-01T18:34:55.230+0000] {processor.py:183} INFO - Processing /opt/airflow/dags/run_chicago_crime_dag.py took 0.959 seconds
[2024-03-01T18:35:25.352+0000] {processor.py:161} INFO - Started process (PID=1972) to work on /opt/airflow/dags/run_chicago_crime_dag.py
[2024-03-01T18:35:25.358+0000] {processor.py:830} INFO - Processing file /opt/airflow/dags/run_chicago_crime_dag.py for tasks to queue
[2024-03-01T18:35:25.368+0000] {logging_mixin.py:188} INFO - [2024-03-01T18:35:25.366+0000] {dagbag.py:538} INFO - Filling up the DagBag from /opt/airflow/dags/run_chicago_crime_dag.py
[2024-03-01T18:35:25.404+0000] {processor.py:840} INFO - DAG(s) 'chicago_crime_dag' retrieved from /opt/airflow/dags/run_chicago_crime_dag.py
[2024-03-01T18:35:25.524+0000] {logging_mixin.py:188} INFO - [2024-03-01T18:35:25.522+0000] {dag.py:3036} INFO - Sync 1 DAGs
[2024-03-01T18:35:25.698+0000] {logging_mixin.py:188} INFO - [2024-03-01T18:35:25.696+0000] {dag.py:3823} INFO - Setting next_dagrun for chicago_crime_dag to 2024-03-01 17:00:00+00:00, run_after=2024-03-01 18:00:00+00:00
[2024-03-01T18:35:25.826+0000] {processor.py:183} INFO - Processing /opt/airflow/dags/run_chicago_crime_dag.py took 0.496 seconds
[2024-03-01T18:35:55.935+0000] {processor.py:161} INFO - Started process (PID=2030) to work on /opt/airflow/dags/run_chicago_crime_dag.py
[2024-03-01T18:35:55.940+0000] {processor.py:830} INFO - Processing file /opt/airflow/dags/run_chicago_crime_dag.py for tasks to queue
[2024-03-01T18:35:55.949+0000] {logging_mixin.py:188} INFO - [2024-03-01T18:35:55.947+0000] {dagbag.py:538} INFO - Filling up the DagBag from /opt/airflow/dags/run_chicago_crime_dag.py
[2024-03-01T18:35:55.990+0000] {processor.py:840} INFO - DAG(s) 'chicago_crime_dag' retrieved from /opt/airflow/dags/run_chicago_crime_dag.py
[2024-03-01T18:35:56.085+0000] {logging_mixin.py:188} INFO - [2024-03-01T18:35:56.083+0000] {dag.py:3036} INFO - Sync 1 DAGs
[2024-03-01T18:35:56.269+0000] {logging_mixin.py:188} INFO - [2024-03-01T18:35:56.267+0000] {dag.py:3823} INFO - Setting next_dagrun for chicago_crime_dag to 2024-03-01 17:00:00+00:00, run_after=2024-03-01 18:00:00+00:00
[2024-03-01T18:35:56.378+0000] {processor.py:183} INFO - Processing /opt/airflow/dags/run_chicago_crime_dag.py took 0.467 seconds
[2024-03-01T18:36:28.359+0000] {processor.py:161} INFO - Started process (PID=2084) to work on /opt/airflow/dags/run_chicago_crime_dag.py
[2024-03-01T18:36:28.368+0000] {processor.py:830} INFO - Processing file /opt/airflow/dags/run_chicago_crime_dag.py for tasks to queue
[2024-03-01T18:36:28.379+0000] {logging_mixin.py:188} INFO - [2024-03-01T18:36:28.378+0000] {dagbag.py:538} INFO - Filling up the DagBag from /opt/airflow/dags/run_chicago_crime_dag.py
[2024-03-01T18:36:28.448+0000] {processor.py:840} INFO - DAG(s) 'chicago_crime_dag' retrieved from /opt/airflow/dags/run_chicago_crime_dag.py
[2024-03-01T18:36:28.592+0000] {logging_mixin.py:188} INFO - [2024-03-01T18:36:28.591+0000] {dag.py:3036} INFO - Sync 1 DAGs
[2024-03-01T18:36:28.804+0000] {logging_mixin.py:188} INFO - [2024-03-01T18:36:28.802+0000] {dag.py:3823} INFO - Setting next_dagrun for chicago_crime_dag to 2024-03-01 17:00:00+00:00, run_after=2024-03-01 18:00:00+00:00
[2024-03-01T18:36:28.939+0000] {processor.py:183} INFO - Processing /opt/airflow/dags/run_chicago_crime_dag.py took 0.600 seconds
[2024-03-01T18:37:00.949+0000] {processor.py:161} INFO - Started process (PID=2141) to work on /opt/airflow/dags/run_chicago_crime_dag.py
[2024-03-01T18:37:00.953+0000] {processor.py:830} INFO - Processing file /opt/airflow/dags/run_chicago_crime_dag.py for tasks to queue
[2024-03-01T18:37:00.984+0000] {logging_mixin.py:188} INFO - [2024-03-01T18:37:00.982+0000] {dagbag.py:538} INFO - Filling up the DagBag from /opt/airflow/dags/run_chicago_crime_dag.py
[2024-03-01T18:37:01.063+0000] {processor.py:840} INFO - DAG(s) 'chicago_crime_dag' retrieved from /opt/airflow/dags/run_chicago_crime_dag.py
[2024-03-01T18:37:01.261+0000] {logging_mixin.py:188} INFO - [2024-03-01T18:37:01.260+0000] {dag.py:3036} INFO - Sync 1 DAGs
[2024-03-01T18:37:01.534+0000] {logging_mixin.py:188} INFO - [2024-03-01T18:37:01.533+0000] {dag.py:3823} INFO - Setting next_dagrun for chicago_crime_dag to 2024-03-01 17:00:00+00:00, run_after=2024-03-01 18:00:00+00:00
[2024-03-01T18:37:01.899+0000] {processor.py:183} INFO - Processing /opt/airflow/dags/run_chicago_crime_dag.py took 0.989 seconds
[2024-03-01T18:37:32.267+0000] {processor.py:161} INFO - Started process (PID=2200) to work on /opt/airflow/dags/run_chicago_crime_dag.py
[2024-03-01T18:37:32.272+0000] {processor.py:830} INFO - Processing file /opt/airflow/dags/run_chicago_crime_dag.py for tasks to queue
[2024-03-01T18:37:32.283+0000] {logging_mixin.py:188} INFO - [2024-03-01T18:37:32.281+0000] {dagbag.py:538} INFO - Filling up the DagBag from /opt/airflow/dags/run_chicago_crime_dag.py
[2024-03-01T18:37:32.321+0000] {processor.py:840} INFO - DAG(s) 'chicago_crime_dag' retrieved from /opt/airflow/dags/run_chicago_crime_dag.py
[2024-03-01T18:37:32.437+0000] {logging_mixin.py:188} INFO - [2024-03-01T18:37:32.435+0000] {dag.py:3036} INFO - Sync 1 DAGs
[2024-03-01T18:37:32.625+0000] {logging_mixin.py:188} INFO - [2024-03-01T18:37:32.623+0000] {dag.py:3823} INFO - Setting next_dagrun for chicago_crime_dag to 2024-03-01 17:00:00+00:00, run_after=2024-03-01 18:00:00+00:00
[2024-03-01T18:37:32.883+0000] {processor.py:183} INFO - Processing /opt/airflow/dags/run_chicago_crime_dag.py took 0.634 seconds
[2024-03-01T18:38:03.588+0000] {processor.py:161} INFO - Started process (PID=2257) to work on /opt/airflow/dags/run_chicago_crime_dag.py
[2024-03-01T18:38:03.596+0000] {processor.py:830} INFO - Processing file /opt/airflow/dags/run_chicago_crime_dag.py for tasks to queue
[2024-03-01T18:38:03.610+0000] {logging_mixin.py:188} INFO - [2024-03-01T18:38:03.604+0000] {dagbag.py:538} INFO - Filling up the DagBag from /opt/airflow/dags/run_chicago_crime_dag.py
[2024-03-01T18:38:03.672+0000] {processor.py:840} INFO - DAG(s) 'chicago_crime_dag' retrieved from /opt/airflow/dags/run_chicago_crime_dag.py
[2024-03-01T18:38:03.824+0000] {logging_mixin.py:188} INFO - [2024-03-01T18:38:03.823+0000] {dag.py:3036} INFO - Sync 1 DAGs
[2024-03-01T18:38:04.090+0000] {logging_mixin.py:188} INFO - [2024-03-01T18:38:04.089+0000] {dag.py:3823} INFO - Setting next_dagrun for chicago_crime_dag to 2024-03-01 17:00:00+00:00, run_after=2024-03-01 18:00:00+00:00
[2024-03-01T18:38:04.243+0000] {processor.py:183} INFO - Processing /opt/airflow/dags/run_chicago_crime_dag.py took 0.698 seconds
[2024-03-01T18:38:34.620+0000] {processor.py:161} INFO - Started process (PID=2313) to work on /opt/airflow/dags/run_chicago_crime_dag.py
[2024-03-01T18:38:34.624+0000] {processor.py:830} INFO - Processing file /opt/airflow/dags/run_chicago_crime_dag.py for tasks to queue
[2024-03-01T18:38:34.633+0000] {logging_mixin.py:188} INFO - [2024-03-01T18:38:34.631+0000] {dagbag.py:538} INFO - Filling up the DagBag from /opt/airflow/dags/run_chicago_crime_dag.py
[2024-03-01T18:38:34.666+0000] {processor.py:840} INFO - DAG(s) 'chicago_crime_dag' retrieved from /opt/airflow/dags/run_chicago_crime_dag.py
[2024-03-01T18:38:34.753+0000] {logging_mixin.py:188} INFO - [2024-03-01T18:38:34.752+0000] {dag.py:3036} INFO - Sync 1 DAGs
[2024-03-01T18:38:34.897+0000] {logging_mixin.py:188} INFO - [2024-03-01T18:38:34.896+0000] {dag.py:3823} INFO - Setting next_dagrun for chicago_crime_dag to 2024-03-01 17:00:00+00:00, run_after=2024-03-01 18:00:00+00:00
[2024-03-01T18:38:34.991+0000] {processor.py:183} INFO - Processing /opt/airflow/dags/run_chicago_crime_dag.py took 0.385 seconds
[2024-03-01T18:39:05.183+0000] {processor.py:161} INFO - Started process (PID=2371) to work on /opt/airflow/dags/run_chicago_crime_dag.py
[2024-03-01T18:39:05.188+0000] {processor.py:830} INFO - Processing file /opt/airflow/dags/run_chicago_crime_dag.py for tasks to queue
[2024-03-01T18:39:05.197+0000] {logging_mixin.py:188} INFO - [2024-03-01T18:39:05.195+0000] {dagbag.py:538} INFO - Filling up the DagBag from /opt/airflow/dags/run_chicago_crime_dag.py
[2024-03-01T18:39:05.275+0000] {processor.py:840} INFO - DAG(s) 'chicago_crime_dag' retrieved from /opt/airflow/dags/run_chicago_crime_dag.py
[2024-03-01T18:39:05.545+0000] {logging_mixin.py:188} INFO - [2024-03-01T18:39:05.526+0000] {dag.py:3036} INFO - Sync 1 DAGs
[2024-03-01T18:39:06.034+0000] {logging_mixin.py:188} INFO - [2024-03-01T18:39:06.023+0000] {dag.py:3823} INFO - Setting next_dagrun for chicago_crime_dag to 2024-03-01 17:00:00+00:00, run_after=2024-03-01 18:00:00+00:00
[2024-03-01T18:39:06.297+0000] {processor.py:183} INFO - Processing /opt/airflow/dags/run_chicago_crime_dag.py took 1.134 seconds
