[2024-03-01T17:26:02.384+0000] {processor.py:161} INFO - Started process (PID=182) to work on /opt/airflow/dags/update_data.py
[2024-03-01T17:26:02.390+0000] {processor.py:830} INFO - Processing file /opt/airflow/dags/update_data.py for tasks to queue
[2024-03-01T17:26:02.393+0000] {logging_mixin.py:188} INFO - [2024-03-01T17:26:02.391+0000] {dagbag.py:538} INFO - Filling up the DagBag from /opt/airflow/dags/update_data.py
[2024-03-01T17:26:02.535+0000] {processor.py:840} INFO - DAG(s) 'update_chicago_crime_data' retrieved from /opt/airflow/dags/update_data.py
[2024-03-01T17:26:02.727+0000] {logging_mixin.py:188} INFO - [2024-03-01T17:26:02.726+0000] {dag.py:3036} INFO - Sync 1 DAGs
[2024-03-01T17:26:02.816+0000] {logging_mixin.py:188} INFO - [2024-03-01T17:26:02.816+0000] {dag.py:3823} INFO - Setting next_dagrun for update_chicago_crime_data to 2024-02-25 00:00:00+00:00, run_after=2024-03-03 00:00:00+00:00
[2024-03-01T17:26:02.886+0000] {processor.py:183} INFO - Processing /opt/airflow/dags/update_data.py took 0.518 seconds
[2024-03-01T17:26:33.282+0000] {processor.py:161} INFO - Started process (PID=212) to work on /opt/airflow/dags/update_data.py
[2024-03-01T17:26:33.284+0000] {processor.py:830} INFO - Processing file /opt/airflow/dags/update_data.py for tasks to queue
[2024-03-01T17:26:33.288+0000] {logging_mixin.py:188} INFO - [2024-03-01T17:26:33.287+0000] {dagbag.py:538} INFO - Filling up the DagBag from /opt/airflow/dags/update_data.py
[2024-03-01T17:26:33.357+0000] {processor.py:840} INFO - DAG(s) 'update_chicago_crime_data' retrieved from /opt/airflow/dags/update_data.py
[2024-03-01T17:26:33.469+0000] {logging_mixin.py:188} INFO - [2024-03-01T17:26:33.468+0000] {dag.py:3036} INFO - Sync 1 DAGs
[2024-03-01T17:26:33.571+0000] {logging_mixin.py:188} INFO - [2024-03-01T17:26:33.570+0000] {dag.py:3823} INFO - Setting next_dagrun for update_chicago_crime_data to 2024-02-25 00:00:00+00:00, run_after=2024-03-03 00:00:00+00:00
[2024-03-01T17:26:33.646+0000] {processor.py:183} INFO - Processing /opt/airflow/dags/update_data.py took 0.379 seconds
[2024-03-01T17:27:04.004+0000] {processor.py:161} INFO - Started process (PID=234) to work on /opt/airflow/dags/update_data.py
[2024-03-01T17:27:04.007+0000] {processor.py:830} INFO - Processing file /opt/airflow/dags/update_data.py for tasks to queue
[2024-03-01T17:27:04.010+0000] {logging_mixin.py:188} INFO - [2024-03-01T17:27:04.009+0000] {dagbag.py:538} INFO - Filling up the DagBag from /opt/airflow/dags/update_data.py
[2024-03-01T17:27:04.065+0000] {processor.py:840} INFO - DAG(s) 'update_chicago_crime_data' retrieved from /opt/airflow/dags/update_data.py
[2024-03-01T17:27:04.220+0000] {logging_mixin.py:188} INFO - [2024-03-01T17:27:04.219+0000] {dag.py:3036} INFO - Sync 1 DAGs
[2024-03-01T17:27:04.307+0000] {logging_mixin.py:188} INFO - [2024-03-01T17:27:04.306+0000] {dag.py:3823} INFO - Setting next_dagrun for update_chicago_crime_data to 2024-02-25 00:00:00+00:00, run_after=2024-03-03 00:00:00+00:00
[2024-03-01T17:27:04.364+0000] {processor.py:183} INFO - Processing /opt/airflow/dags/update_data.py took 0.368 seconds
[2024-03-01T17:27:34.690+0000] {processor.py:161} INFO - Started process (PID=263) to work on /opt/airflow/dags/update_data.py
[2024-03-01T17:27:34.691+0000] {processor.py:830} INFO - Processing file /opt/airflow/dags/update_data.py for tasks to queue
[2024-03-01T17:27:34.693+0000] {logging_mixin.py:188} INFO - [2024-03-01T17:27:34.692+0000] {dagbag.py:538} INFO - Filling up the DagBag from /opt/airflow/dags/update_data.py
[2024-03-01T17:27:34.744+0000] {processor.py:840} INFO - DAG(s) 'update_chicago_crime_data' retrieved from /opt/airflow/dags/update_data.py
[2024-03-01T17:27:34.806+0000] {logging_mixin.py:188} INFO - [2024-03-01T17:27:34.805+0000] {dag.py:3036} INFO - Sync 1 DAGs
[2024-03-01T17:27:34.871+0000] {logging_mixin.py:188} INFO - [2024-03-01T17:27:34.870+0000] {dag.py:3823} INFO - Setting next_dagrun for update_chicago_crime_data to 2024-02-25 00:00:00+00:00, run_after=2024-03-03 00:00:00+00:00
[2024-03-01T17:27:34.927+0000] {processor.py:183} INFO - Processing /opt/airflow/dags/update_data.py took 0.244 seconds
[2024-03-01T17:28:05.232+0000] {processor.py:161} INFO - Started process (PID=293) to work on /opt/airflow/dags/update_data.py
[2024-03-01T17:28:05.240+0000] {processor.py:830} INFO - Processing file /opt/airflow/dags/update_data.py for tasks to queue
[2024-03-01T17:28:05.242+0000] {logging_mixin.py:188} INFO - [2024-03-01T17:28:05.241+0000] {dagbag.py:538} INFO - Filling up the DagBag from /opt/airflow/dags/update_data.py
[2024-03-01T17:28:05.329+0000] {processor.py:840} INFO - DAG(s) 'update_chicago_crime_data' retrieved from /opt/airflow/dags/update_data.py
[2024-03-01T17:28:05.453+0000] {logging_mixin.py:188} INFO - [2024-03-01T17:28:05.452+0000] {dag.py:3036} INFO - Sync 1 DAGs
[2024-03-01T17:28:05.553+0000] {logging_mixin.py:188} INFO - [2024-03-01T17:28:05.553+0000] {dag.py:3823} INFO - Setting next_dagrun for update_chicago_crime_data to 2024-02-25 00:00:00+00:00, run_after=2024-03-03 00:00:00+00:00
[2024-03-01T17:28:05.625+0000] {processor.py:183} INFO - Processing /opt/airflow/dags/update_data.py took 0.402 seconds
[2024-03-01T17:28:35.951+0000] {processor.py:161} INFO - Started process (PID=315) to work on /opt/airflow/dags/update_data.py
[2024-03-01T17:28:35.954+0000] {processor.py:830} INFO - Processing file /opt/airflow/dags/update_data.py for tasks to queue
[2024-03-01T17:28:35.957+0000] {logging_mixin.py:188} INFO - [2024-03-01T17:28:35.956+0000] {dagbag.py:538} INFO - Filling up the DagBag from /opt/airflow/dags/update_data.py
[2024-03-01T17:28:36.001+0000] {processor.py:840} INFO - DAG(s) 'update_chicago_crime_data' retrieved from /opt/airflow/dags/update_data.py
[2024-03-01T17:28:36.067+0000] {logging_mixin.py:188} INFO - [2024-03-01T17:28:36.066+0000] {dag.py:3036} INFO - Sync 1 DAGs
[2024-03-01T17:28:36.131+0000] {logging_mixin.py:188} INFO - [2024-03-01T17:28:36.130+0000] {dag.py:3823} INFO - Setting next_dagrun for update_chicago_crime_data to 2024-02-25 00:00:00+00:00, run_after=2024-03-03 00:00:00+00:00
[2024-03-01T17:28:36.178+0000] {processor.py:183} INFO - Processing /opt/airflow/dags/update_data.py took 0.236 seconds
[2024-03-01T17:31:25.884+0000] {processor.py:161} INFO - Started process (PID=42) to work on /opt/airflow/dags/update_data.py
[2024-03-01T17:31:25.887+0000] {processor.py:830} INFO - Processing file /opt/airflow/dags/update_data.py for tasks to queue
[2024-03-01T17:31:25.891+0000] {logging_mixin.py:188} INFO - [2024-03-01T17:31:25.890+0000] {dagbag.py:538} INFO - Filling up the DagBag from /opt/airflow/dags/update_data.py
[2024-03-01T17:31:25.970+0000] {processor.py:840} INFO - DAG(s) 'update_chicago_crime_data' retrieved from /opt/airflow/dags/update_data.py
[2024-03-01T17:31:26.641+0000] {logging_mixin.py:188} INFO - [2024-03-01T17:31:26.641+0000] {dag.py:3036} INFO - Sync 1 DAGs
[2024-03-01T17:31:26.725+0000] {logging_mixin.py:188} INFO - [2024-03-01T17:31:26.724+0000] {dag.py:3823} INFO - Setting next_dagrun for update_chicago_crime_data to 2024-02-25 00:00:00+00:00, run_after=2024-03-03 00:00:00+00:00
[2024-03-01T17:31:26.791+0000] {processor.py:183} INFO - Processing /opt/airflow/dags/update_data.py took 0.919 seconds
[2024-03-01T17:31:56.924+0000] {processor.py:161} INFO - Started process (PID=100) to work on /opt/airflow/dags/update_data.py
[2024-03-01T17:31:56.925+0000] {processor.py:830} INFO - Processing file /opt/airflow/dags/update_data.py for tasks to queue
[2024-03-01T17:31:56.928+0000] {logging_mixin.py:188} INFO - [2024-03-01T17:31:56.927+0000] {dagbag.py:538} INFO - Filling up the DagBag from /opt/airflow/dags/update_data.py
[2024-03-01T17:31:56.950+0000] {processor.py:840} INFO - DAG(s) 'update_chicago_crime_data' retrieved from /opt/airflow/dags/update_data.py
[2024-03-01T17:31:57.003+0000] {logging_mixin.py:188} INFO - [2024-03-01T17:31:57.002+0000] {dag.py:3036} INFO - Sync 1 DAGs
[2024-03-01T17:31:57.072+0000] {logging_mixin.py:188} INFO - [2024-03-01T17:31:57.072+0000] {dag.py:3823} INFO - Setting next_dagrun for update_chicago_crime_data to 2024-02-25 00:00:00+00:00, run_after=2024-03-03 00:00:00+00:00
[2024-03-01T17:31:57.116+0000] {processor.py:183} INFO - Processing /opt/airflow/dags/update_data.py took 0.198 seconds
[2024-03-01T17:32:27.535+0000] {processor.py:161} INFO - Started process (PID=157) to work on /opt/airflow/dags/update_data.py
[2024-03-01T17:32:27.539+0000] {processor.py:830} INFO - Processing file /opt/airflow/dags/update_data.py for tasks to queue
[2024-03-01T17:32:27.543+0000] {logging_mixin.py:188} INFO - [2024-03-01T17:32:27.542+0000] {dagbag.py:538} INFO - Filling up the DagBag from /opt/airflow/dags/update_data.py
[2024-03-01T17:32:27.569+0000] {processor.py:840} INFO - DAG(s) 'update_chicago_crime_data' retrieved from /opt/airflow/dags/update_data.py
[2024-03-01T17:32:27.624+0000] {logging_mixin.py:188} INFO - [2024-03-01T17:32:27.623+0000] {dag.py:3036} INFO - Sync 1 DAGs
[2024-03-01T17:32:27.729+0000] {logging_mixin.py:188} INFO - [2024-03-01T17:32:27.729+0000] {dag.py:3823} INFO - Setting next_dagrun for update_chicago_crime_data to 2024-02-25 00:00:00+00:00, run_after=2024-03-03 00:00:00+00:00
[2024-03-01T17:32:27.786+0000] {processor.py:183} INFO - Processing /opt/airflow/dags/update_data.py took 0.261 seconds
[2024-03-01T17:32:57.936+0000] {processor.py:161} INFO - Started process (PID=215) to work on /opt/airflow/dags/update_data.py
[2024-03-01T17:32:57.938+0000] {processor.py:830} INFO - Processing file /opt/airflow/dags/update_data.py for tasks to queue
[2024-03-01T17:32:57.946+0000] {logging_mixin.py:188} INFO - [2024-03-01T17:32:57.945+0000] {dagbag.py:538} INFO - Filling up the DagBag from /opt/airflow/dags/update_data.py
[2024-03-01T17:32:57.968+0000] {processor.py:840} INFO - DAG(s) 'update_chicago_crime_data' retrieved from /opt/airflow/dags/update_data.py
[2024-03-01T17:32:58.036+0000] {logging_mixin.py:188} INFO - [2024-03-01T17:32:58.036+0000] {dag.py:3036} INFO - Sync 1 DAGs
[2024-03-01T17:32:58.110+0000] {logging_mixin.py:188} INFO - [2024-03-01T17:32:58.109+0000] {dag.py:3823} INFO - Setting next_dagrun for update_chicago_crime_data to 2024-02-25 00:00:00+00:00, run_after=2024-03-03 00:00:00+00:00
[2024-03-01T17:32:58.152+0000] {processor.py:183} INFO - Processing /opt/airflow/dags/update_data.py took 0.225 seconds
[2024-03-01T17:33:28.417+0000] {processor.py:161} INFO - Started process (PID=273) to work on /opt/airflow/dags/update_data.py
[2024-03-01T17:33:28.420+0000] {processor.py:830} INFO - Processing file /opt/airflow/dags/update_data.py for tasks to queue
[2024-03-01T17:33:28.426+0000] {logging_mixin.py:188} INFO - [2024-03-01T17:33:28.426+0000] {dagbag.py:538} INFO - Filling up the DagBag from /opt/airflow/dags/update_data.py
[2024-03-01T17:33:28.449+0000] {processor.py:840} INFO - DAG(s) 'update_chicago_crime_data' retrieved from /opt/airflow/dags/update_data.py
[2024-03-01T17:33:28.510+0000] {logging_mixin.py:188} INFO - [2024-03-01T17:33:28.510+0000] {dag.py:3036} INFO - Sync 1 DAGs
[2024-03-01T17:33:28.591+0000] {logging_mixin.py:188} INFO - [2024-03-01T17:33:28.591+0000] {dag.py:3823} INFO - Setting next_dagrun for update_chicago_crime_data to 2024-02-25 00:00:00+00:00, run_after=2024-03-03 00:00:00+00:00
[2024-03-01T17:33:28.642+0000] {processor.py:183} INFO - Processing /opt/airflow/dags/update_data.py took 0.232 seconds
[2024-03-01T17:39:58.318+0000] {processor.py:161} INFO - Started process (PID=42) to work on /opt/airflow/dags/update_data.py
[2024-03-01T17:39:58.321+0000] {processor.py:830} INFO - Processing file /opt/airflow/dags/update_data.py for tasks to queue
[2024-03-01T17:39:58.324+0000] {logging_mixin.py:188} INFO - [2024-03-01T17:39:58.324+0000] {dagbag.py:538} INFO - Filling up the DagBag from /opt/airflow/dags/update_data.py
[2024-03-01T17:39:58.399+0000] {processor.py:840} INFO - DAG(s) 'update_chicago_crime_data' retrieved from /opt/airflow/dags/update_data.py
[2024-03-01T17:39:59.200+0000] {logging_mixin.py:188} INFO - [2024-03-01T17:39:59.199+0000] {dag.py:3036} INFO - Sync 1 DAGs
[2024-03-01T17:39:59.281+0000] {logging_mixin.py:188} INFO - [2024-03-01T17:39:59.280+0000] {dag.py:3823} INFO - Setting next_dagrun for update_chicago_crime_data to 2024-02-25 00:00:00+00:00, run_after=2024-03-03 00:00:00+00:00
[2024-03-01T17:39:59.342+0000] {processor.py:183} INFO - Processing /opt/airflow/dags/update_data.py took 1.038 seconds
[2024-03-01T17:40:29.616+0000] {processor.py:161} INFO - Started process (PID=99) to work on /opt/airflow/dags/update_data.py
[2024-03-01T17:40:29.618+0000] {processor.py:830} INFO - Processing file /opt/airflow/dags/update_data.py for tasks to queue
[2024-03-01T17:40:29.625+0000] {logging_mixin.py:188} INFO - [2024-03-01T17:40:29.624+0000] {dagbag.py:538} INFO - Filling up the DagBag from /opt/airflow/dags/update_data.py
[2024-03-01T17:40:29.650+0000] {processor.py:840} INFO - DAG(s) 'update_chicago_crime_data' retrieved from /opt/airflow/dags/update_data.py
[2024-03-01T17:40:29.700+0000] {logging_mixin.py:188} INFO - [2024-03-01T17:40:29.699+0000] {dag.py:3036} INFO - Sync 1 DAGs
[2024-03-01T17:40:29.784+0000] {logging_mixin.py:188} INFO - [2024-03-01T17:40:29.783+0000] {dag.py:3823} INFO - Setting next_dagrun for update_chicago_crime_data to 2024-02-25 00:00:00+00:00, run_after=2024-03-03 00:00:00+00:00
[2024-03-01T17:40:29.901+0000] {processor.py:183} INFO - Processing /opt/airflow/dags/update_data.py took 0.294 seconds
[2024-03-01T17:41:00.288+0000] {processor.py:161} INFO - Started process (PID=156) to work on /opt/airflow/dags/update_data.py
[2024-03-01T17:41:00.300+0000] {processor.py:830} INFO - Processing file /opt/airflow/dags/update_data.py for tasks to queue
[2024-03-01T17:41:00.307+0000] {logging_mixin.py:188} INFO - [2024-03-01T17:41:00.306+0000] {dagbag.py:538} INFO - Filling up the DagBag from /opt/airflow/dags/update_data.py
[2024-03-01T17:41:00.335+0000] {processor.py:840} INFO - DAG(s) 'update_chicago_crime_data' retrieved from /opt/airflow/dags/update_data.py
[2024-03-01T17:41:00.418+0000] {logging_mixin.py:188} INFO - [2024-03-01T17:41:00.417+0000] {dag.py:3036} INFO - Sync 1 DAGs
[2024-03-01T17:41:00.557+0000] {logging_mixin.py:188} INFO - [2024-03-01T17:41:00.557+0000] {dag.py:3823} INFO - Setting next_dagrun for update_chicago_crime_data to 2024-02-25 00:00:00+00:00, run_after=2024-03-03 00:00:00+00:00
[2024-03-01T17:41:00.630+0000] {processor.py:183} INFO - Processing /opt/airflow/dags/update_data.py took 0.350 seconds
[2024-03-01T17:41:30.897+0000] {processor.py:161} INFO - Started process (PID=214) to work on /opt/airflow/dags/update_data.py
[2024-03-01T17:41:30.901+0000] {processor.py:830} INFO - Processing file /opt/airflow/dags/update_data.py for tasks to queue
[2024-03-01T17:41:30.906+0000] {logging_mixin.py:188} INFO - [2024-03-01T17:41:30.905+0000] {dagbag.py:538} INFO - Filling up the DagBag from /opt/airflow/dags/update_data.py
[2024-03-01T17:41:30.936+0000] {processor.py:840} INFO - DAG(s) 'update_chicago_crime_data' retrieved from /opt/airflow/dags/update_data.py
[2024-03-01T17:41:31.022+0000] {logging_mixin.py:188} INFO - [2024-03-01T17:41:31.022+0000] {dag.py:3036} INFO - Sync 1 DAGs
[2024-03-01T17:41:31.125+0000] {logging_mixin.py:188} INFO - [2024-03-01T17:41:31.124+0000] {dag.py:3823} INFO - Setting next_dagrun for update_chicago_crime_data to 2024-02-25 00:00:00+00:00, run_after=2024-03-03 00:00:00+00:00
[2024-03-01T17:41:31.205+0000] {processor.py:183} INFO - Processing /opt/airflow/dags/update_data.py took 0.321 seconds
[2024-03-01T17:42:01.955+0000] {processor.py:161} INFO - Started process (PID=272) to work on /opt/airflow/dags/update_data.py
[2024-03-01T17:42:01.957+0000] {processor.py:830} INFO - Processing file /opt/airflow/dags/update_data.py for tasks to queue
[2024-03-01T17:42:01.962+0000] {logging_mixin.py:188} INFO - [2024-03-01T17:42:01.961+0000] {dagbag.py:538} INFO - Filling up the DagBag from /opt/airflow/dags/update_data.py
[2024-03-01T17:42:01.986+0000] {processor.py:840} INFO - DAG(s) 'update_chicago_crime_data' retrieved from /opt/airflow/dags/update_data.py
[2024-03-01T17:42:02.056+0000] {logging_mixin.py:188} INFO - [2024-03-01T17:42:02.055+0000] {dag.py:3036} INFO - Sync 1 DAGs
[2024-03-01T17:42:02.145+0000] {logging_mixin.py:188} INFO - [2024-03-01T17:42:02.145+0000] {dag.py:3823} INFO - Setting next_dagrun for update_chicago_crime_data to 2024-02-25 00:00:00+00:00, run_after=2024-03-03 00:00:00+00:00
[2024-03-01T17:42:02.203+0000] {processor.py:183} INFO - Processing /opt/airflow/dags/update_data.py took 0.262 seconds
[2024-03-01T17:42:32.401+0000] {processor.py:161} INFO - Started process (PID=330) to work on /opt/airflow/dags/update_data.py
[2024-03-01T17:42:32.402+0000] {processor.py:830} INFO - Processing file /opt/airflow/dags/update_data.py for tasks to queue
[2024-03-01T17:42:32.405+0000] {logging_mixin.py:188} INFO - [2024-03-01T17:42:32.404+0000] {dagbag.py:538} INFO - Filling up the DagBag from /opt/airflow/dags/update_data.py
[2024-03-01T17:42:32.419+0000] {processor.py:840} INFO - DAG(s) 'update_chicago_crime_data' retrieved from /opt/airflow/dags/update_data.py
[2024-03-01T17:42:32.458+0000] {logging_mixin.py:188} INFO - [2024-03-01T17:42:32.457+0000] {dag.py:3036} INFO - Sync 1 DAGs
[2024-03-01T17:42:32.520+0000] {logging_mixin.py:188} INFO - [2024-03-01T17:42:32.520+0000] {dag.py:3823} INFO - Setting next_dagrun for update_chicago_crime_data to 2024-02-25 00:00:00+00:00, run_after=2024-03-03 00:00:00+00:00
[2024-03-01T17:42:32.554+0000] {processor.py:183} INFO - Processing /opt/airflow/dags/update_data.py took 0.159 seconds
[2024-03-01T17:43:02.597+0000] {processor.py:161} INFO - Started process (PID=386) to work on /opt/airflow/dags/update_data.py
[2024-03-01T17:43:02.600+0000] {processor.py:830} INFO - Processing file /opt/airflow/dags/update_data.py for tasks to queue
[2024-03-01T17:43:02.604+0000] {logging_mixin.py:188} INFO - [2024-03-01T17:43:02.604+0000] {dagbag.py:538} INFO - Filling up the DagBag from /opt/airflow/dags/update_data.py
[2024-03-01T17:43:02.622+0000] {processor.py:840} INFO - DAG(s) 'update_chicago_crime_data' retrieved from /opt/airflow/dags/update_data.py
[2024-03-01T17:43:02.668+0000] {logging_mixin.py:188} INFO - [2024-03-01T17:43:02.667+0000] {dag.py:3036} INFO - Sync 1 DAGs
[2024-03-01T17:43:02.737+0000] {logging_mixin.py:188} INFO - [2024-03-01T17:43:02.736+0000] {dag.py:3823} INFO - Setting next_dagrun for update_chicago_crime_data to 2024-02-25 00:00:00+00:00, run_after=2024-03-03 00:00:00+00:00
[2024-03-01T17:43:02.785+0000] {processor.py:183} INFO - Processing /opt/airflow/dags/update_data.py took 0.195 seconds
[2024-03-01T17:43:33.420+0000] {processor.py:161} INFO - Started process (PID=444) to work on /opt/airflow/dags/update_data.py
[2024-03-01T17:43:33.422+0000] {processor.py:830} INFO - Processing file /opt/airflow/dags/update_data.py for tasks to queue
[2024-03-01T17:43:33.426+0000] {logging_mixin.py:188} INFO - [2024-03-01T17:43:33.425+0000] {dagbag.py:538} INFO - Filling up the DagBag from /opt/airflow/dags/update_data.py
[2024-03-01T17:43:33.442+0000] {processor.py:840} INFO - DAG(s) 'update_chicago_crime_data' retrieved from /opt/airflow/dags/update_data.py
[2024-03-01T17:43:33.477+0000] {logging_mixin.py:188} INFO - [2024-03-01T17:43:33.476+0000] {dag.py:3036} INFO - Sync 1 DAGs
[2024-03-01T17:43:33.542+0000] {logging_mixin.py:188} INFO - [2024-03-01T17:43:33.541+0000] {dag.py:3823} INFO - Setting next_dagrun for update_chicago_crime_data to 2024-02-25 00:00:00+00:00, run_after=2024-03-03 00:00:00+00:00
[2024-03-01T17:43:33.576+0000] {processor.py:183} INFO - Processing /opt/airflow/dags/update_data.py took 0.161 seconds
[2024-03-01T18:00:26.665+0000] {processor.py:161} INFO - Started process (PID=65) to work on /opt/airflow/dags/update_data.py
[2024-03-01T18:00:26.681+0000] {processor.py:830} INFO - Processing file /opt/airflow/dags/update_data.py for tasks to queue
[2024-03-01T18:00:26.698+0000] {logging_mixin.py:188} INFO - [2024-03-01T18:00:26.697+0000] {dagbag.py:538} INFO - Filling up the DagBag from /opt/airflow/dags/update_data.py
[2024-03-01T18:00:27.143+0000] {processor.py:840} INFO - DAG(s) 'update_chicago_crime_data' retrieved from /opt/airflow/dags/update_data.py
[2024-03-01T18:00:27.733+0000] {logging_mixin.py:188} INFO - [2024-03-01T18:00:27.732+0000] {dag.py:3036} INFO - Sync 1 DAGs
[2024-03-01T18:00:28.038+0000] {logging_mixin.py:188} INFO - [2024-03-01T18:00:28.036+0000] {dag.py:3823} INFO - Setting next_dagrun for update_chicago_crime_data to 2024-02-25 00:00:00+00:00, run_after=2024-03-03 00:00:00+00:00
[2024-03-01T18:00:28.529+0000] {processor.py:183} INFO - Processing /opt/airflow/dags/update_data.py took 1.931 seconds
[2024-03-01T18:01:16.081+0000] {processor.py:161} INFO - Started process (PID=121) to work on /opt/airflow/dags/update_data.py
[2024-03-01T18:01:16.092+0000] {processor.py:830} INFO - Processing file /opt/airflow/dags/update_data.py for tasks to queue
[2024-03-01T18:01:16.114+0000] {logging_mixin.py:188} INFO - [2024-03-01T18:01:16.113+0000] {dagbag.py:538} INFO - Filling up the DagBag from /opt/airflow/dags/update_data.py
[2024-03-01T18:01:16.284+0000] {processor.py:840} INFO - DAG(s) 'update_chicago_crime_data' retrieved from /opt/airflow/dags/update_data.py
[2024-03-01T18:01:16.667+0000] {logging_mixin.py:188} INFO - [2024-03-01T18:01:16.666+0000] {dag.py:3036} INFO - Sync 1 DAGs
[2024-03-01T18:01:17.187+0000] {logging_mixin.py:188} INFO - [2024-03-01T18:01:17.103+0000] {dag.py:3823} INFO - Setting next_dagrun for update_chicago_crime_data to 2024-02-25 00:00:00+00:00, run_after=2024-03-03 00:00:00+00:00
[2024-03-01T18:01:17.389+0000] {processor.py:183} INFO - Processing /opt/airflow/dags/update_data.py took 1.369 seconds
[2024-03-01T18:01:52.440+0000] {processor.py:161} INFO - Started process (PID=166) to work on /opt/airflow/dags/update_data.py
[2024-03-01T18:01:52.479+0000] {processor.py:830} INFO - Processing file /opt/airflow/dags/update_data.py for tasks to queue
[2024-03-01T18:01:52.499+0000] {logging_mixin.py:188} INFO - [2024-03-01T18:01:52.497+0000] {dagbag.py:538} INFO - Filling up the DagBag from /opt/airflow/dags/update_data.py
[2024-03-01T18:01:52.579+0000] {processor.py:840} INFO - DAG(s) 'update_chicago_crime_data' retrieved from /opt/airflow/dags/update_data.py
[2024-03-01T18:01:52.833+0000] {logging_mixin.py:188} INFO - [2024-03-01T18:01:52.832+0000] {dag.py:3036} INFO - Sync 1 DAGs
[2024-03-01T18:01:53.093+0000] {logging_mixin.py:188} INFO - [2024-03-01T18:01:53.092+0000] {dag.py:3823} INFO - Setting next_dagrun for update_chicago_crime_data to 2024-02-25 00:00:00+00:00, run_after=2024-03-03 00:00:00+00:00
[2024-03-01T18:01:53.576+0000] {processor.py:183} INFO - Processing /opt/airflow/dags/update_data.py took 1.193 seconds
[2024-03-01T18:02:24.228+0000] {processor.py:161} INFO - Started process (PID=224) to work on /opt/airflow/dags/update_data.py
[2024-03-01T18:02:24.246+0000] {processor.py:830} INFO - Processing file /opt/airflow/dags/update_data.py for tasks to queue
[2024-03-01T18:02:24.260+0000] {logging_mixin.py:188} INFO - [2024-03-01T18:02:24.253+0000] {dagbag.py:538} INFO - Filling up the DagBag from /opt/airflow/dags/update_data.py
[2024-03-01T18:02:24.323+0000] {processor.py:840} INFO - DAG(s) 'update_chicago_crime_data' retrieved from /opt/airflow/dags/update_data.py
[2024-03-01T18:02:24.475+0000] {logging_mixin.py:188} INFO - [2024-03-01T18:02:24.474+0000] {dag.py:3036} INFO - Sync 1 DAGs
[2024-03-01T18:02:24.735+0000] {logging_mixin.py:188} INFO - [2024-03-01T18:02:24.733+0000] {dag.py:3823} INFO - Setting next_dagrun for update_chicago_crime_data to 2024-02-25 00:00:00+00:00, run_after=2024-03-03 00:00:00+00:00
[2024-03-01T18:02:24.891+0000] {processor.py:183} INFO - Processing /opt/airflow/dags/update_data.py took 0.688 seconds
[2024-03-01T18:02:55.094+0000] {processor.py:161} INFO - Started process (PID=281) to work on /opt/airflow/dags/update_data.py
[2024-03-01T18:02:55.098+0000] {processor.py:830} INFO - Processing file /opt/airflow/dags/update_data.py for tasks to queue
[2024-03-01T18:02:55.105+0000] {logging_mixin.py:188} INFO - [2024-03-01T18:02:55.104+0000] {dagbag.py:538} INFO - Filling up the DagBag from /opt/airflow/dags/update_data.py
[2024-03-01T18:02:55.167+0000] {processor.py:840} INFO - DAG(s) 'update_chicago_crime_data' retrieved from /opt/airflow/dags/update_data.py
[2024-03-01T18:02:55.270+0000] {logging_mixin.py:188} INFO - [2024-03-01T18:02:55.268+0000] {dag.py:3036} INFO - Sync 1 DAGs
[2024-03-01T18:02:55.414+0000] {logging_mixin.py:188} INFO - [2024-03-01T18:02:55.413+0000] {dag.py:3823} INFO - Setting next_dagrun for update_chicago_crime_data to 2024-02-25 00:00:00+00:00, run_after=2024-03-03 00:00:00+00:00
[2024-03-01T18:02:55.544+0000] {processor.py:183} INFO - Processing /opt/airflow/dags/update_data.py took 0.474 seconds
[2024-03-01T18:03:26.345+0000] {processor.py:161} INFO - Started process (PID=334) to work on /opt/airflow/dags/update_data.py
[2024-03-01T18:03:26.350+0000] {processor.py:830} INFO - Processing file /opt/airflow/dags/update_data.py for tasks to queue
[2024-03-01T18:03:26.362+0000] {logging_mixin.py:188} INFO - [2024-03-01T18:03:26.360+0000] {dagbag.py:538} INFO - Filling up the DagBag from /opt/airflow/dags/update_data.py
[2024-03-01T18:03:26.421+0000] {processor.py:840} INFO - DAG(s) 'update_chicago_crime_data' retrieved from /opt/airflow/dags/update_data.py
[2024-03-01T18:03:26.525+0000] {logging_mixin.py:188} INFO - [2024-03-01T18:03:26.524+0000] {dag.py:3036} INFO - Sync 1 DAGs
[2024-03-01T18:03:26.673+0000] {logging_mixin.py:188} INFO - [2024-03-01T18:03:26.672+0000] {dag.py:3823} INFO - Setting next_dagrun for update_chicago_crime_data to 2024-02-25 00:00:00+00:00, run_after=2024-03-03 00:00:00+00:00
[2024-03-01T18:03:26.761+0000] {processor.py:183} INFO - Processing /opt/airflow/dags/update_data.py took 0.441 seconds
[2024-03-01T18:07:21.322+0000] {processor.py:161} INFO - Started process (PID=53) to work on /opt/airflow/dags/update_data.py
[2024-03-01T18:07:21.340+0000] {processor.py:830} INFO - Processing file /opt/airflow/dags/update_data.py for tasks to queue
[2024-03-01T18:07:21.349+0000] {logging_mixin.py:188} INFO - [2024-03-01T18:07:21.347+0000] {dagbag.py:538} INFO - Filling up the DagBag from /opt/airflow/dags/update_data.py
[2024-03-01T18:07:21.543+0000] {processor.py:840} INFO - DAG(s) 'update_chicago_crime_data' retrieved from /opt/airflow/dags/update_data.py
[2024-03-01T18:07:23.516+0000] {logging_mixin.py:188} INFO - [2024-03-01T18:07:23.515+0000] {dag.py:3036} INFO - Sync 1 DAGs
[2024-03-01T18:07:23.709+0000] {logging_mixin.py:188} INFO - [2024-03-01T18:07:23.708+0000] {dag.py:3823} INFO - Setting next_dagrun for update_chicago_crime_data to 2024-02-25 00:00:00+00:00, run_after=2024-03-03 00:00:00+00:00
[2024-03-01T18:07:23.917+0000] {processor.py:183} INFO - Processing /opt/airflow/dags/update_data.py took 2.634 seconds
[2024-03-01T18:07:59.895+0000] {processor.py:161} INFO - Started process (PID=111) to work on /opt/airflow/dags/update_data.py
[2024-03-01T18:07:59.919+0000] {processor.py:830} INFO - Processing file /opt/airflow/dags/update_data.py for tasks to queue
[2024-03-01T18:07:59.930+0000] {logging_mixin.py:188} INFO - [2024-03-01T18:07:59.929+0000] {dagbag.py:538} INFO - Filling up the DagBag from /opt/airflow/dags/update_data.py
[2024-03-01T18:08:00.020+0000] {processor.py:840} INFO - DAG(s) 'update_chicago_crime_data' retrieved from /opt/airflow/dags/update_data.py
[2024-03-01T18:08:00.178+0000] {logging_mixin.py:188} INFO - [2024-03-01T18:08:00.177+0000] {dag.py:3036} INFO - Sync 1 DAGs
[2024-03-01T18:08:00.446+0000] {logging_mixin.py:188} INFO - [2024-03-01T18:08:00.444+0000] {dag.py:3823} INFO - Setting next_dagrun for update_chicago_crime_data to 2024-02-25 00:00:00+00:00, run_after=2024-03-03 00:00:00+00:00
[2024-03-01T18:08:00.568+0000] {processor.py:183} INFO - Processing /opt/airflow/dags/update_data.py took 0.717 seconds
[2024-03-01T18:08:30.702+0000] {processor.py:161} INFO - Started process (PID=173) to work on /opt/airflow/dags/update_data.py
[2024-03-01T18:08:30.707+0000] {processor.py:830} INFO - Processing file /opt/airflow/dags/update_data.py for tasks to queue
[2024-03-01T18:08:30.717+0000] {logging_mixin.py:188} INFO - [2024-03-01T18:08:30.715+0000] {dagbag.py:538} INFO - Filling up the DagBag from /opt/airflow/dags/update_data.py
[2024-03-01T18:08:30.776+0000] {processor.py:840} INFO - DAG(s) 'update_chicago_crime_data' retrieved from /opt/airflow/dags/update_data.py
[2024-03-01T18:08:30.905+0000] {logging_mixin.py:188} INFO - [2024-03-01T18:08:30.903+0000] {dag.py:3036} INFO - Sync 1 DAGs
[2024-03-01T18:08:31.115+0000] {logging_mixin.py:188} INFO - [2024-03-01T18:08:31.114+0000] {dag.py:3823} INFO - Setting next_dagrun for update_chicago_crime_data to 2024-02-25 00:00:00+00:00, run_after=2024-03-03 00:00:00+00:00
[2024-03-01T18:08:31.271+0000] {processor.py:183} INFO - Processing /opt/airflow/dags/update_data.py took 0.589 seconds
[2024-03-01T18:09:02.243+0000] {processor.py:161} INFO - Started process (PID=231) to work on /opt/airflow/dags/update_data.py
[2024-03-01T18:09:02.247+0000] {processor.py:830} INFO - Processing file /opt/airflow/dags/update_data.py for tasks to queue
[2024-03-01T18:09:02.258+0000] {logging_mixin.py:188} INFO - [2024-03-01T18:09:02.255+0000] {dagbag.py:538} INFO - Filling up the DagBag from /opt/airflow/dags/update_data.py
[2024-03-01T18:09:02.302+0000] {processor.py:840} INFO - DAG(s) 'update_chicago_crime_data' retrieved from /opt/airflow/dags/update_data.py
[2024-03-01T18:09:02.502+0000] {logging_mixin.py:188} INFO - [2024-03-01T18:09:02.500+0000] {dag.py:3036} INFO - Sync 1 DAGs
[2024-03-01T18:09:02.775+0000] {logging_mixin.py:188} INFO - [2024-03-01T18:09:02.774+0000] {dag.py:3823} INFO - Setting next_dagrun for update_chicago_crime_data to 2024-02-25 00:00:00+00:00, run_after=2024-03-03 00:00:00+00:00
[2024-03-01T18:09:02.929+0000] {processor.py:183} INFO - Processing /opt/airflow/dags/update_data.py took 0.710 seconds
[2024-03-01T18:09:33.067+0000] {processor.py:161} INFO - Started process (PID=288) to work on /opt/airflow/dags/update_data.py
[2024-03-01T18:09:33.071+0000] {processor.py:830} INFO - Processing file /opt/airflow/dags/update_data.py for tasks to queue
[2024-03-01T18:09:33.082+0000] {logging_mixin.py:188} INFO - [2024-03-01T18:09:33.079+0000] {dagbag.py:538} INFO - Filling up the DagBag from /opt/airflow/dags/update_data.py
[2024-03-01T18:09:33.143+0000] {processor.py:840} INFO - DAG(s) 'update_chicago_crime_data' retrieved from /opt/airflow/dags/update_data.py
[2024-03-01T18:09:33.391+0000] {logging_mixin.py:188} INFO - [2024-03-01T18:09:33.328+0000] {dag.py:3036} INFO - Sync 1 DAGs
[2024-03-01T18:09:33.789+0000] {logging_mixin.py:188} INFO - [2024-03-01T18:09:33.786+0000] {dag.py:3823} INFO - Setting next_dagrun for update_chicago_crime_data to 2024-02-25 00:00:00+00:00, run_after=2024-03-03 00:00:00+00:00
[2024-03-01T18:09:33.990+0000] {processor.py:183} INFO - Processing /opt/airflow/dags/update_data.py took 0.940 seconds
[2024-03-01T18:09:58.112+0000] {processor.py:161} INFO - Started process (PID=327) to work on /opt/airflow/dags/update_data.py
[2024-03-01T18:09:58.122+0000] {processor.py:830} INFO - Processing file /opt/airflow/dags/update_data.py for tasks to queue
[2024-03-01T18:09:58.143+0000] {logging_mixin.py:188} INFO - [2024-03-01T18:09:58.136+0000] {dagbag.py:538} INFO - Filling up the DagBag from /opt/airflow/dags/update_data.py
[2024-03-01T18:09:58.220+0000] {processor.py:840} INFO - DAG(s) 'update_chicago_crime_data' retrieved from /opt/airflow/dags/update_data.py
[2024-03-01T18:09:58.397+0000] {logging_mixin.py:188} INFO - [2024-03-01T18:09:58.395+0000] {dag.py:3036} INFO - Sync 1 DAGs
[2024-03-01T18:09:58.678+0000] {logging_mixin.py:188} INFO - [2024-03-01T18:09:58.676+0000] {dag.py:3823} INFO - Setting next_dagrun for update_chicago_crime_data to 2024-02-25 00:00:00+00:00, run_after=2024-03-03 00:00:00+00:00
[2024-03-01T18:09:58.887+0000] {processor.py:183} INFO - Processing /opt/airflow/dags/update_data.py took 0.812 seconds
[2024-03-01T18:10:29.277+0000] {processor.py:161} INFO - Started process (PID=385) to work on /opt/airflow/dags/update_data.py
[2024-03-01T18:10:29.285+0000] {processor.py:830} INFO - Processing file /opt/airflow/dags/update_data.py for tasks to queue
[2024-03-01T18:10:29.301+0000] {logging_mixin.py:188} INFO - [2024-03-01T18:10:29.298+0000] {dagbag.py:538} INFO - Filling up the DagBag from /opt/airflow/dags/update_data.py
[2024-03-01T18:10:29.350+0000] {processor.py:840} INFO - DAG(s) 'update_chicago_crime_data' retrieved from /opt/airflow/dags/update_data.py
[2024-03-01T18:10:29.528+0000] {logging_mixin.py:188} INFO - [2024-03-01T18:10:29.526+0000] {dag.py:3036} INFO - Sync 1 DAGs
[2024-03-01T18:10:29.766+0000] {logging_mixin.py:188} INFO - [2024-03-01T18:10:29.764+0000] {dag.py:3823} INFO - Setting next_dagrun for update_chicago_crime_data to 2024-02-25 00:00:00+00:00, run_after=2024-03-03 00:00:00+00:00
[2024-03-01T18:10:29.893+0000] {processor.py:183} INFO - Processing /opt/airflow/dags/update_data.py took 0.636 seconds
[2024-03-01T18:10:42.082+0000] {processor.py:161} INFO - Started process (PID=413) to work on /opt/airflow/dags/update_data.py
[2024-03-01T18:10:42.092+0000] {processor.py:830} INFO - Processing file /opt/airflow/dags/update_data.py for tasks to queue
[2024-03-01T18:10:42.106+0000] {logging_mixin.py:188} INFO - [2024-03-01T18:10:42.105+0000] {dagbag.py:538} INFO - Filling up the DagBag from /opt/airflow/dags/update_data.py
[2024-03-01T18:10:42.218+0000] {processor.py:840} INFO - DAG(s) 'update_chicago_crime_data' retrieved from /opt/airflow/dags/update_data.py
[2024-03-01T18:10:42.478+0000] {logging_mixin.py:188} INFO - [2024-03-01T18:10:42.477+0000] {dag.py:3036} INFO - Sync 1 DAGs
[2024-03-01T18:10:42.753+0000] {logging_mixin.py:188} INFO - [2024-03-01T18:10:42.746+0000] {dag.py:3823} INFO - Setting next_dagrun for update_chicago_crime_data to 2024-02-25 00:00:00+00:00, run_after=2024-03-03 00:00:00+00:00
[2024-03-01T18:10:43.103+0000] {processor.py:183} INFO - Processing /opt/airflow/dags/update_data.py took 1.040 seconds
[2024-03-01T18:10:50.577+0000] {processor.py:161} INFO - Started process (PID=421) to work on /opt/airflow/dags/update_data.py
[2024-03-01T18:10:50.590+0000] {processor.py:830} INFO - Processing file /opt/airflow/dags/update_data.py for tasks to queue
[2024-03-01T18:10:50.613+0000] {logging_mixin.py:188} INFO - [2024-03-01T18:10:50.611+0000] {dagbag.py:538} INFO - Filling up the DagBag from /opt/airflow/dags/update_data.py
[2024-03-01T18:10:50.713+0000] {processor.py:840} INFO - DAG(s) 'update_chicago_crime_data' retrieved from /opt/airflow/dags/update_data.py
[2024-03-01T18:10:51.064+0000] {logging_mixin.py:188} INFO - [2024-03-01T18:10:51.062+0000] {dag.py:3036} INFO - Sync 1 DAGs
[2024-03-01T18:10:51.302+0000] {logging_mixin.py:188} INFO - [2024-03-01T18:10:51.301+0000] {dag.py:3823} INFO - Setting next_dagrun for update_chicago_crime_data to 2024-02-25 00:00:00+00:00, run_after=2024-03-03 00:00:00+00:00
[2024-03-01T18:10:51.497+0000] {processor.py:183} INFO - Processing /opt/airflow/dags/update_data.py took 0.975 seconds
[2024-03-01T18:11:21.841+0000] {processor.py:161} INFO - Started process (PID=479) to work on /opt/airflow/dags/update_data.py
[2024-03-01T18:11:21.845+0000] {processor.py:830} INFO - Processing file /opt/airflow/dags/update_data.py for tasks to queue
[2024-03-01T18:11:21.856+0000] {logging_mixin.py:188} INFO - [2024-03-01T18:11:21.854+0000] {dagbag.py:538} INFO - Filling up the DagBag from /opt/airflow/dags/update_data.py
[2024-03-01T18:11:21.890+0000] {processor.py:840} INFO - DAG(s) 'update_chicago_crime_data' retrieved from /opt/airflow/dags/update_data.py
[2024-03-01T18:11:21.996+0000] {logging_mixin.py:188} INFO - [2024-03-01T18:11:21.995+0000] {dag.py:3036} INFO - Sync 1 DAGs
[2024-03-01T18:11:22.172+0000] {logging_mixin.py:188} INFO - [2024-03-01T18:11:22.171+0000] {dag.py:3823} INFO - Setting next_dagrun for update_chicago_crime_data to 2024-02-25 00:00:00+00:00, run_after=2024-03-03 00:00:00+00:00
[2024-03-01T18:11:22.307+0000] {processor.py:183} INFO - Processing /opt/airflow/dags/update_data.py took 0.481 seconds
[2024-03-01T18:11:52.754+0000] {processor.py:161} INFO - Started process (PID=537) to work on /opt/airflow/dags/update_data.py
[2024-03-01T18:11:52.762+0000] {processor.py:830} INFO - Processing file /opt/airflow/dags/update_data.py for tasks to queue
[2024-03-01T18:11:52.770+0000] {logging_mixin.py:188} INFO - [2024-03-01T18:11:52.768+0000] {dagbag.py:538} INFO - Filling up the DagBag from /opt/airflow/dags/update_data.py
[2024-03-01T18:11:52.828+0000] {processor.py:840} INFO - DAG(s) 'update_chicago_crime_data' retrieved from /opt/airflow/dags/update_data.py
[2024-03-01T18:11:52.926+0000] {logging_mixin.py:188} INFO - [2024-03-01T18:11:52.925+0000] {dag.py:3036} INFO - Sync 1 DAGs
[2024-03-01T18:11:53.091+0000] {logging_mixin.py:188} INFO - [2024-03-01T18:11:53.089+0000] {dag.py:3823} INFO - Setting next_dagrun for update_chicago_crime_data to 2024-02-25 00:00:00+00:00, run_after=2024-03-03 00:00:00+00:00
[2024-03-01T18:11:53.221+0000] {processor.py:183} INFO - Processing /opt/airflow/dags/update_data.py took 0.482 seconds
[2024-03-01T18:12:24.202+0000] {processor.py:161} INFO - Started process (PID=595) to work on /opt/airflow/dags/update_data.py
[2024-03-01T18:12:24.206+0000] {processor.py:830} INFO - Processing file /opt/airflow/dags/update_data.py for tasks to queue
[2024-03-01T18:12:24.216+0000] {logging_mixin.py:188} INFO - [2024-03-01T18:12:24.214+0000] {dagbag.py:538} INFO - Filling up the DagBag from /opt/airflow/dags/update_data.py
[2024-03-01T18:12:24.261+0000] {processor.py:840} INFO - DAG(s) 'update_chicago_crime_data' retrieved from /opt/airflow/dags/update_data.py
[2024-03-01T18:12:24.376+0000] {logging_mixin.py:188} INFO - [2024-03-01T18:12:24.375+0000] {dag.py:3036} INFO - Sync 1 DAGs
[2024-03-01T18:12:24.557+0000] {logging_mixin.py:188} INFO - [2024-03-01T18:12:24.556+0000] {dag.py:3823} INFO - Setting next_dagrun for update_chicago_crime_data to 2024-02-25 00:00:00+00:00, run_after=2024-03-03 00:00:00+00:00
[2024-03-01T18:12:24.687+0000] {processor.py:183} INFO - Processing /opt/airflow/dags/update_data.py took 0.499 seconds
[2024-03-01T18:12:55.082+0000] {processor.py:161} INFO - Started process (PID=653) to work on /opt/airflow/dags/update_data.py
[2024-03-01T18:12:55.087+0000] {processor.py:830} INFO - Processing file /opt/airflow/dags/update_data.py for tasks to queue
[2024-03-01T18:12:55.097+0000] {logging_mixin.py:188} INFO - [2024-03-01T18:12:55.095+0000] {dagbag.py:538} INFO - Filling up the DagBag from /opt/airflow/dags/update_data.py
[2024-03-01T18:12:55.152+0000] {processor.py:840} INFO - DAG(s) 'update_chicago_crime_data' retrieved from /opt/airflow/dags/update_data.py
[2024-03-01T18:12:55.300+0000] {logging_mixin.py:188} INFO - [2024-03-01T18:12:55.298+0000] {dag.py:3036} INFO - Sync 1 DAGs
[2024-03-01T18:12:55.486+0000] {logging_mixin.py:188} INFO - [2024-03-01T18:12:55.485+0000] {dag.py:3823} INFO - Setting next_dagrun for update_chicago_crime_data to 2024-02-25 00:00:00+00:00, run_after=2024-03-03 00:00:00+00:00
[2024-03-01T18:12:55.783+0000] {processor.py:183} INFO - Processing /opt/airflow/dags/update_data.py took 0.719 seconds
[2024-03-01T18:13:26.130+0000] {processor.py:161} INFO - Started process (PID=711) to work on /opt/airflow/dags/update_data.py
[2024-03-01T18:13:26.135+0000] {processor.py:830} INFO - Processing file /opt/airflow/dags/update_data.py for tasks to queue
[2024-03-01T18:13:26.143+0000] {logging_mixin.py:188} INFO - [2024-03-01T18:13:26.141+0000] {dagbag.py:538} INFO - Filling up the DagBag from /opt/airflow/dags/update_data.py
[2024-03-01T18:13:26.174+0000] {processor.py:840} INFO - DAG(s) 'update_chicago_crime_data' retrieved from /opt/airflow/dags/update_data.py
[2024-03-01T18:13:26.264+0000] {logging_mixin.py:188} INFO - [2024-03-01T18:13:26.263+0000] {dag.py:3036} INFO - Sync 1 DAGs
[2024-03-01T18:13:26.403+0000] {logging_mixin.py:188} INFO - [2024-03-01T18:13:26.402+0000] {dag.py:3823} INFO - Setting next_dagrun for update_chicago_crime_data to 2024-02-25 00:00:00+00:00, run_after=2024-03-03 00:00:00+00:00
[2024-03-01T18:13:26.518+0000] {processor.py:183} INFO - Processing /opt/airflow/dags/update_data.py took 0.403 seconds
[2024-03-01T18:17:46.356+0000] {processor.py:161} INFO - Started process (PID=52) to work on /opt/airflow/dags/update_data.py
[2024-03-01T18:17:46.362+0000] {processor.py:830} INFO - Processing file /opt/airflow/dags/update_data.py for tasks to queue
[2024-03-01T18:17:46.371+0000] {logging_mixin.py:188} INFO - [2024-03-01T18:17:46.369+0000] {dagbag.py:538} INFO - Filling up the DagBag from /opt/airflow/dags/update_data.py
[2024-03-01T18:17:46.529+0000] {processor.py:840} INFO - DAG(s) 'update_chicago_crime_data' retrieved from /opt/airflow/dags/update_data.py
[2024-03-01T18:17:47.965+0000] {logging_mixin.py:188} INFO - [2024-03-01T18:17:47.964+0000] {dag.py:3036} INFO - Sync 1 DAGs
[2024-03-01T18:17:48.125+0000] {logging_mixin.py:188} INFO - [2024-03-01T18:17:48.123+0000] {dag.py:3823} INFO - Setting next_dagrun for update_chicago_crime_data to 2024-02-25 00:00:00+00:00, run_after=2024-03-03 00:00:00+00:00
[2024-03-01T18:17:48.289+0000] {processor.py:183} INFO - Processing /opt/airflow/dags/update_data.py took 1.950 seconds
[2024-03-01T18:18:22.178+0000] {processor.py:161} INFO - Started process (PID=109) to work on /opt/airflow/dags/update_data.py
[2024-03-01T18:18:22.182+0000] {processor.py:830} INFO - Processing file /opt/airflow/dags/update_data.py for tasks to queue
[2024-03-01T18:18:22.188+0000] {logging_mixin.py:188} INFO - [2024-03-01T18:18:22.187+0000] {dagbag.py:538} INFO - Filling up the DagBag from /opt/airflow/dags/update_data.py
[2024-03-01T18:18:22.223+0000] {processor.py:840} INFO - DAG(s) 'update_chicago_crime_data' retrieved from /opt/airflow/dags/update_data.py
[2024-03-01T18:18:22.319+0000] {logging_mixin.py:188} INFO - [2024-03-01T18:18:22.318+0000] {dag.py:3036} INFO - Sync 1 DAGs
[2024-03-01T18:18:22.485+0000] {logging_mixin.py:188} INFO - [2024-03-01T18:18:22.484+0000] {dag.py:3823} INFO - Setting next_dagrun for update_chicago_crime_data to 2024-02-25 00:00:00+00:00, run_after=2024-03-03 00:00:00+00:00
[2024-03-01T18:18:22.600+0000] {processor.py:183} INFO - Processing /opt/airflow/dags/update_data.py took 0.437 seconds
[2024-03-01T18:18:52.923+0000] {processor.py:161} INFO - Started process (PID=166) to work on /opt/airflow/dags/update_data.py
[2024-03-01T18:18:52.929+0000] {processor.py:830} INFO - Processing file /opt/airflow/dags/update_data.py for tasks to queue
[2024-03-01T18:18:52.941+0000] {logging_mixin.py:188} INFO - [2024-03-01T18:18:52.939+0000] {dagbag.py:538} INFO - Filling up the DagBag from /opt/airflow/dags/update_data.py
[2024-03-01T18:18:52.985+0000] {processor.py:840} INFO - DAG(s) 'update_chicago_crime_data' retrieved from /opt/airflow/dags/update_data.py
[2024-03-01T18:18:53.114+0000] {logging_mixin.py:188} INFO - [2024-03-01T18:18:53.113+0000] {dag.py:3036} INFO - Sync 1 DAGs
[2024-03-01T18:18:53.258+0000] {logging_mixin.py:188} INFO - [2024-03-01T18:18:53.257+0000] {dag.py:3823} INFO - Setting next_dagrun for update_chicago_crime_data to 2024-02-25 00:00:00+00:00, run_after=2024-03-03 00:00:00+00:00
[2024-03-01T18:18:53.360+0000] {processor.py:183} INFO - Processing /opt/airflow/dags/update_data.py took 0.460 seconds
[2024-03-01T18:19:23.708+0000] {processor.py:161} INFO - Started process (PID=224) to work on /opt/airflow/dags/update_data.py
[2024-03-01T18:19:23.712+0000] {processor.py:830} INFO - Processing file /opt/airflow/dags/update_data.py for tasks to queue
[2024-03-01T18:19:23.724+0000] {logging_mixin.py:188} INFO - [2024-03-01T18:19:23.721+0000] {dagbag.py:538} INFO - Filling up the DagBag from /opt/airflow/dags/update_data.py
[2024-03-01T18:19:23.778+0000] {processor.py:840} INFO - DAG(s) 'update_chicago_crime_data' retrieved from /opt/airflow/dags/update_data.py
[2024-03-01T18:19:23.928+0000] {logging_mixin.py:188} INFO - [2024-03-01T18:19:23.926+0000] {dag.py:3036} INFO - Sync 1 DAGs
[2024-03-01T18:19:24.122+0000] {logging_mixin.py:188} INFO - [2024-03-01T18:19:24.120+0000] {dag.py:3823} INFO - Setting next_dagrun for update_chicago_crime_data to 2024-02-25 00:00:00+00:00, run_after=2024-03-03 00:00:00+00:00
[2024-03-01T18:19:24.261+0000] {processor.py:183} INFO - Processing /opt/airflow/dags/update_data.py took 0.574 seconds
[2024-03-01T18:19:54.361+0000] {processor.py:161} INFO - Started process (PID=281) to work on /opt/airflow/dags/update_data.py
[2024-03-01T18:19:54.365+0000] {processor.py:830} INFO - Processing file /opt/airflow/dags/update_data.py for tasks to queue
[2024-03-01T18:19:54.375+0000] {logging_mixin.py:188} INFO - [2024-03-01T18:19:54.372+0000] {dagbag.py:538} INFO - Filling up the DagBag from /opt/airflow/dags/update_data.py
[2024-03-01T18:19:54.420+0000] {processor.py:840} INFO - DAG(s) 'update_chicago_crime_data' retrieved from /opt/airflow/dags/update_data.py
[2024-03-01T18:19:54.527+0000] {logging_mixin.py:188} INFO - [2024-03-01T18:19:54.526+0000] {dag.py:3036} INFO - Sync 1 DAGs
[2024-03-01T18:19:54.671+0000] {logging_mixin.py:188} INFO - [2024-03-01T18:19:54.670+0000] {dag.py:3823} INFO - Setting next_dagrun for update_chicago_crime_data to 2024-02-25 00:00:00+00:00, run_after=2024-03-03 00:00:00+00:00
[2024-03-01T18:19:54.850+0000] {processor.py:183} INFO - Processing /opt/airflow/dags/update_data.py took 0.506 seconds
[2024-03-01T18:20:24.988+0000] {processor.py:161} INFO - Started process (PID=346) to work on /opt/airflow/dags/update_data.py
[2024-03-01T18:20:24.993+0000] {processor.py:830} INFO - Processing file /opt/airflow/dags/update_data.py for tasks to queue
[2024-03-01T18:20:25.001+0000] {logging_mixin.py:188} INFO - [2024-03-01T18:20:24.999+0000] {dagbag.py:538} INFO - Filling up the DagBag from /opt/airflow/dags/update_data.py
[2024-03-01T18:20:25.042+0000] {processor.py:840} INFO - DAG(s) 'update_chicago_crime_data' retrieved from /opt/airflow/dags/update_data.py
[2024-03-01T18:20:25.174+0000] {logging_mixin.py:188} INFO - [2024-03-01T18:20:25.173+0000] {dag.py:3036} INFO - Sync 1 DAGs
[2024-03-01T18:20:25.343+0000] {logging_mixin.py:188} INFO - [2024-03-01T18:20:25.341+0000] {dag.py:3823} INFO - Setting next_dagrun for update_chicago_crime_data to 2024-02-25 00:00:00+00:00, run_after=2024-03-03 00:00:00+00:00
[2024-03-01T18:20:25.548+0000] {processor.py:183} INFO - Processing /opt/airflow/dags/update_data.py took 0.577 seconds
[2024-03-01T18:20:55.877+0000] {processor.py:161} INFO - Started process (PID=404) to work on /opt/airflow/dags/update_data.py
[2024-03-01T18:20:55.883+0000] {processor.py:830} INFO - Processing file /opt/airflow/dags/update_data.py for tasks to queue
[2024-03-01T18:20:55.894+0000] {logging_mixin.py:188} INFO - [2024-03-01T18:20:55.893+0000] {dagbag.py:538} INFO - Filling up the DagBag from /opt/airflow/dags/update_data.py
[2024-03-01T18:20:55.942+0000] {processor.py:840} INFO - DAG(s) 'update_chicago_crime_data' retrieved from /opt/airflow/dags/update_data.py
[2024-03-01T18:20:56.095+0000] {logging_mixin.py:188} INFO - [2024-03-01T18:20:56.094+0000] {dag.py:3036} INFO - Sync 1 DAGs
[2024-03-01T18:20:56.300+0000] {logging_mixin.py:188} INFO - [2024-03-01T18:20:56.298+0000] {dag.py:3823} INFO - Setting next_dagrun for update_chicago_crime_data to 2024-02-25 00:00:00+00:00, run_after=2024-03-03 00:00:00+00:00
[2024-03-01T18:20:56.443+0000] {processor.py:183} INFO - Processing /opt/airflow/dags/update_data.py took 0.587 seconds
[2024-03-01T18:21:26.794+0000] {processor.py:161} INFO - Started process (PID=462) to work on /opt/airflow/dags/update_data.py
[2024-03-01T18:21:26.804+0000] {processor.py:830} INFO - Processing file /opt/airflow/dags/update_data.py for tasks to queue
[2024-03-01T18:21:26.813+0000] {logging_mixin.py:188} INFO - [2024-03-01T18:21:26.810+0000] {dagbag.py:538} INFO - Filling up the DagBag from /opt/airflow/dags/update_data.py
[2024-03-01T18:21:26.864+0000] {processor.py:840} INFO - DAG(s) 'update_chicago_crime_data' retrieved from /opt/airflow/dags/update_data.py
[2024-03-01T18:21:27.041+0000] {logging_mixin.py:188} INFO - [2024-03-01T18:21:27.028+0000] {dag.py:3036} INFO - Sync 1 DAGs
[2024-03-01T18:21:27.276+0000] {logging_mixin.py:188} INFO - [2024-03-01T18:21:27.275+0000] {dag.py:3823} INFO - Setting next_dagrun for update_chicago_crime_data to 2024-02-25 00:00:00+00:00, run_after=2024-03-03 00:00:00+00:00
[2024-03-01T18:21:27.410+0000] {processor.py:183} INFO - Processing /opt/airflow/dags/update_data.py took 0.637 seconds
[2024-03-01T18:21:57.583+0000] {processor.py:161} INFO - Started process (PID=516) to work on /opt/airflow/dags/update_data.py
[2024-03-01T18:21:57.590+0000] {processor.py:830} INFO - Processing file /opt/airflow/dags/update_data.py for tasks to queue
[2024-03-01T18:21:57.602+0000] {logging_mixin.py:188} INFO - [2024-03-01T18:21:57.599+0000] {dagbag.py:538} INFO - Filling up the DagBag from /opt/airflow/dags/update_data.py
[2024-03-01T18:21:57.657+0000] {processor.py:840} INFO - DAG(s) 'update_chicago_crime_data' retrieved from /opt/airflow/dags/update_data.py
[2024-03-01T18:21:57.763+0000] {logging_mixin.py:188} INFO - [2024-03-01T18:21:57.762+0000] {dag.py:3036} INFO - Sync 1 DAGs
[2024-03-01T18:21:57.956+0000] {logging_mixin.py:188} INFO - [2024-03-01T18:21:57.954+0000] {dag.py:3823} INFO - Setting next_dagrun for update_chicago_crime_data to 2024-02-25 00:00:00+00:00, run_after=2024-03-03 00:00:00+00:00
[2024-03-01T18:21:58.101+0000] {processor.py:183} INFO - Processing /opt/airflow/dags/update_data.py took 0.542 seconds
[2024-03-01T18:22:01.519+0000] {processor.py:161} INFO - Started process (PID=524) to work on /opt/airflow/dags/update_data.py
[2024-03-01T18:22:01.523+0000] {processor.py:830} INFO - Processing file /opt/airflow/dags/update_data.py for tasks to queue
[2024-03-01T18:22:01.533+0000] {logging_mixin.py:188} INFO - [2024-03-01T18:22:01.531+0000] {dagbag.py:538} INFO - Filling up the DagBag from /opt/airflow/dags/update_data.py
[2024-03-01T18:22:01.632+0000] {processor.py:840} INFO - DAG(s) 'update_chicago_crime_data' retrieved from /opt/airflow/dags/update_data.py
[2024-03-01T18:22:01.803+0000] {logging_mixin.py:188} INFO - [2024-03-01T18:22:01.802+0000] {dag.py:3036} INFO - Sync 1 DAGs
[2024-03-01T18:22:02.100+0000] {logging_mixin.py:188} INFO - [2024-03-01T18:22:02.099+0000] {dag.py:3823} INFO - Setting next_dagrun for update_chicago_crime_data to 2024-02-25 00:00:00+00:00, run_after=2024-03-03 00:00:00+00:00
[2024-03-01T18:22:02.427+0000] {processor.py:183} INFO - Processing /opt/airflow/dags/update_data.py took 0.930 seconds
[2024-03-01T18:22:32.952+0000] {processor.py:161} INFO - Started process (PID=582) to work on /opt/airflow/dags/update_data.py
[2024-03-01T18:22:32.957+0000] {processor.py:830} INFO - Processing file /opt/airflow/dags/update_data.py for tasks to queue
[2024-03-01T18:22:32.967+0000] {logging_mixin.py:188} INFO - [2024-03-01T18:22:32.964+0000] {dagbag.py:538} INFO - Filling up the DagBag from /opt/airflow/dags/update_data.py
[2024-03-01T18:22:33.018+0000] {processor.py:840} INFO - DAG(s) 'update_chicago_crime_data' retrieved from /opt/airflow/dags/update_data.py
[2024-03-01T18:22:33.158+0000] {logging_mixin.py:188} INFO - [2024-03-01T18:22:33.156+0000] {dag.py:3036} INFO - Sync 1 DAGs
[2024-03-01T18:22:33.345+0000] {logging_mixin.py:188} INFO - [2024-03-01T18:22:33.344+0000] {dag.py:3823} INFO - Setting next_dagrun for update_chicago_crime_data to 2024-02-25 00:00:00+00:00, run_after=2024-03-03 00:00:00+00:00
[2024-03-01T18:22:33.503+0000] {processor.py:183} INFO - Processing /opt/airflow/dags/update_data.py took 0.575 seconds
[2024-03-01T18:23:03.563+0000] {processor.py:161} INFO - Started process (PID=639) to work on /opt/airflow/dags/update_data.py
[2024-03-01T18:23:03.567+0000] {processor.py:830} INFO - Processing file /opt/airflow/dags/update_data.py for tasks to queue
[2024-03-01T18:23:03.572+0000] {logging_mixin.py:188} INFO - [2024-03-01T18:23:03.571+0000] {dagbag.py:538} INFO - Filling up the DagBag from /opt/airflow/dags/update_data.py
[2024-03-01T18:23:03.613+0000] {processor.py:840} INFO - DAG(s) 'update_chicago_crime_data' retrieved from /opt/airflow/dags/update_data.py
[2024-03-01T18:23:03.698+0000] {logging_mixin.py:188} INFO - [2024-03-01T18:23:03.696+0000] {dag.py:3036} INFO - Sync 1 DAGs
[2024-03-01T18:23:03.832+0000] {logging_mixin.py:188} INFO - [2024-03-01T18:23:03.831+0000] {dag.py:3823} INFO - Setting next_dagrun for update_chicago_crime_data to 2024-02-25 00:00:00+00:00, run_after=2024-03-03 00:00:00+00:00
[2024-03-01T18:23:03.910+0000] {processor.py:183} INFO - Processing /opt/airflow/dags/update_data.py took 0.359 seconds
[2024-03-01T18:23:34.215+0000] {processor.py:161} INFO - Started process (PID=691) to work on /opt/airflow/dags/update_data.py
[2024-03-01T18:23:34.234+0000] {processor.py:830} INFO - Processing file /opt/airflow/dags/update_data.py for tasks to queue
[2024-03-01T18:23:34.252+0000] {logging_mixin.py:188} INFO - [2024-03-01T18:23:34.250+0000] {dagbag.py:538} INFO - Filling up the DagBag from /opt/airflow/dags/update_data.py
[2024-03-01T18:23:34.313+0000] {processor.py:840} INFO - DAG(s) 'update_chicago_crime_data' retrieved from /opt/airflow/dags/update_data.py
[2024-03-01T18:23:34.610+0000] {logging_mixin.py:188} INFO - [2024-03-01T18:23:34.608+0000] {dag.py:3036} INFO - Sync 1 DAGs
[2024-03-01T18:23:34.811+0000] {logging_mixin.py:188} INFO - [2024-03-01T18:23:34.810+0000] {dag.py:3823} INFO - Setting next_dagrun for update_chicago_crime_data to 2024-02-25 00:00:00+00:00, run_after=2024-03-03 00:00:00+00:00
[2024-03-01T18:23:34.944+0000] {processor.py:183} INFO - Processing /opt/airflow/dags/update_data.py took 0.760 seconds
[2024-03-01T18:24:07.108+0000] {processor.py:161} INFO - Started process (PID=748) to work on /opt/airflow/dags/update_data.py
[2024-03-01T18:24:07.114+0000] {processor.py:830} INFO - Processing file /opt/airflow/dags/update_data.py for tasks to queue
[2024-03-01T18:24:07.132+0000] {logging_mixin.py:188} INFO - [2024-03-01T18:24:07.130+0000] {dagbag.py:538} INFO - Filling up the DagBag from /opt/airflow/dags/update_data.py
[2024-03-01T18:24:07.194+0000] {processor.py:840} INFO - DAG(s) 'update_chicago_crime_data' retrieved from /opt/airflow/dags/update_data.py
[2024-03-01T18:24:07.367+0000] {logging_mixin.py:188} INFO - [2024-03-01T18:24:07.366+0000] {dag.py:3036} INFO - Sync 1 DAGs
[2024-03-01T18:24:07.601+0000] {logging_mixin.py:188} INFO - [2024-03-01T18:24:07.599+0000] {dag.py:3823} INFO - Setting next_dagrun for update_chicago_crime_data to 2024-02-25 00:00:00+00:00, run_after=2024-03-03 00:00:00+00:00
[2024-03-01T18:24:07.759+0000] {processor.py:183} INFO - Processing /opt/airflow/dags/update_data.py took 0.698 seconds
[2024-03-01T18:24:38.075+0000] {processor.py:161} INFO - Started process (PID=804) to work on /opt/airflow/dags/update_data.py
[2024-03-01T18:24:38.082+0000] {processor.py:830} INFO - Processing file /opt/airflow/dags/update_data.py for tasks to queue
[2024-03-01T18:24:38.099+0000] {logging_mixin.py:188} INFO - [2024-03-01T18:24:38.097+0000] {dagbag.py:538} INFO - Filling up the DagBag from /opt/airflow/dags/update_data.py
[2024-03-01T18:24:38.153+0000] {processor.py:840} INFO - DAG(s) 'update_chicago_crime_data' retrieved from /opt/airflow/dags/update_data.py
[2024-03-01T18:24:38.326+0000] {logging_mixin.py:188} INFO - [2024-03-01T18:24:38.323+0000] {dag.py:3036} INFO - Sync 1 DAGs
[2024-03-01T18:24:38.582+0000] {logging_mixin.py:188} INFO - [2024-03-01T18:24:38.580+0000] {dag.py:3823} INFO - Setting next_dagrun for update_chicago_crime_data to 2024-02-25 00:00:00+00:00, run_after=2024-03-03 00:00:00+00:00
[2024-03-01T18:24:38.775+0000] {processor.py:183} INFO - Processing /opt/airflow/dags/update_data.py took 0.724 seconds
[2024-03-01T18:25:09.057+0000] {processor.py:161} INFO - Started process (PID=862) to work on /opt/airflow/dags/update_data.py
[2024-03-01T18:25:09.064+0000] {processor.py:830} INFO - Processing file /opt/airflow/dags/update_data.py for tasks to queue
[2024-03-01T18:25:09.076+0000] {logging_mixin.py:188} INFO - [2024-03-01T18:25:09.073+0000] {dagbag.py:538} INFO - Filling up the DagBag from /opt/airflow/dags/update_data.py
[2024-03-01T18:25:09.137+0000] {processor.py:840} INFO - DAG(s) 'update_chicago_crime_data' retrieved from /opt/airflow/dags/update_data.py
[2024-03-01T18:25:09.291+0000] {logging_mixin.py:188} INFO - [2024-03-01T18:25:09.290+0000] {dag.py:3036} INFO - Sync 1 DAGs
[2024-03-01T18:25:09.511+0000] {logging_mixin.py:188} INFO - [2024-03-01T18:25:09.508+0000] {dag.py:3823} INFO - Setting next_dagrun for update_chicago_crime_data to 2024-02-25 00:00:00+00:00, run_after=2024-03-03 00:00:00+00:00
[2024-03-01T18:25:09.682+0000] {processor.py:183} INFO - Processing /opt/airflow/dags/update_data.py took 0.646 seconds
[2024-03-01T18:25:41.826+0000] {processor.py:161} INFO - Started process (PID=919) to work on /opt/airflow/dags/update_data.py
[2024-03-01T18:25:41.834+0000] {processor.py:830} INFO - Processing file /opt/airflow/dags/update_data.py for tasks to queue
[2024-03-01T18:25:41.844+0000] {logging_mixin.py:188} INFO - [2024-03-01T18:25:41.842+0000] {dagbag.py:538} INFO - Filling up the DagBag from /opt/airflow/dags/update_data.py
[2024-03-01T18:25:41.921+0000] {processor.py:840} INFO - DAG(s) 'update_chicago_crime_data' retrieved from /opt/airflow/dags/update_data.py
[2024-03-01T18:25:42.197+0000] {logging_mixin.py:188} INFO - [2024-03-01T18:25:42.195+0000] {dag.py:3036} INFO - Sync 1 DAGs
[2024-03-01T18:25:42.518+0000] {logging_mixin.py:188} INFO - [2024-03-01T18:25:42.517+0000] {dag.py:3823} INFO - Setting next_dagrun for update_chicago_crime_data to 2024-02-25 00:00:00+00:00, run_after=2024-03-03 00:00:00+00:00
[2024-03-01T18:25:42.806+0000] {processor.py:183} INFO - Processing /opt/airflow/dags/update_data.py took 0.998 seconds
[2024-03-01T18:26:13.277+0000] {processor.py:161} INFO - Started process (PID=984) to work on /opt/airflow/dags/update_data.py
[2024-03-01T18:26:13.294+0000] {processor.py:830} INFO - Processing file /opt/airflow/dags/update_data.py for tasks to queue
[2024-03-01T18:26:13.320+0000] {logging_mixin.py:188} INFO - [2024-03-01T18:26:13.318+0000] {dagbag.py:538} INFO - Filling up the DagBag from /opt/airflow/dags/update_data.py
[2024-03-01T18:26:13.391+0000] {processor.py:840} INFO - DAG(s) 'update_chicago_crime_data' retrieved from /opt/airflow/dags/update_data.py
[2024-03-01T18:26:13.557+0000] {logging_mixin.py:188} INFO - [2024-03-01T18:26:13.555+0000] {dag.py:3036} INFO - Sync 1 DAGs
[2024-03-01T18:26:13.790+0000] {logging_mixin.py:188} INFO - [2024-03-01T18:26:13.789+0000] {dag.py:3823} INFO - Setting next_dagrun for update_chicago_crime_data to 2024-02-25 00:00:00+00:00, run_after=2024-03-03 00:00:00+00:00
[2024-03-01T18:26:13.982+0000] {processor.py:183} INFO - Processing /opt/airflow/dags/update_data.py took 0.743 seconds
[2024-03-01T18:26:44.631+0000] {processor.py:161} INFO - Started process (PID=1041) to work on /opt/airflow/dags/update_data.py
[2024-03-01T18:26:44.635+0000] {processor.py:830} INFO - Processing file /opt/airflow/dags/update_data.py for tasks to queue
[2024-03-01T18:26:44.654+0000] {logging_mixin.py:188} INFO - [2024-03-01T18:26:44.650+0000] {dagbag.py:538} INFO - Filling up the DagBag from /opt/airflow/dags/update_data.py
[2024-03-01T18:26:44.721+0000] {processor.py:840} INFO - DAG(s) 'update_chicago_crime_data' retrieved from /opt/airflow/dags/update_data.py
[2024-03-01T18:26:44.895+0000] {logging_mixin.py:188} INFO - [2024-03-01T18:26:44.893+0000] {dag.py:3036} INFO - Sync 1 DAGs
[2024-03-01T18:26:45.143+0000] {logging_mixin.py:188} INFO - [2024-03-01T18:26:45.140+0000] {dag.py:3823} INFO - Setting next_dagrun for update_chicago_crime_data to 2024-02-25 00:00:00+00:00, run_after=2024-03-03 00:00:00+00:00
[2024-03-01T18:26:45.296+0000] {processor.py:183} INFO - Processing /opt/airflow/dags/update_data.py took 0.692 seconds
[2024-03-01T18:27:15.559+0000] {processor.py:161} INFO - Started process (PID=1099) to work on /opt/airflow/dags/update_data.py
[2024-03-01T18:27:15.565+0000] {processor.py:830} INFO - Processing file /opt/airflow/dags/update_data.py for tasks to queue
[2024-03-01T18:27:15.578+0000] {logging_mixin.py:188} INFO - [2024-03-01T18:27:15.577+0000] {dagbag.py:538} INFO - Filling up the DagBag from /opt/airflow/dags/update_data.py
[2024-03-01T18:27:15.627+0000] {processor.py:840} INFO - DAG(s) 'update_chicago_crime_data' retrieved from /opt/airflow/dags/update_data.py
[2024-03-01T18:27:15.756+0000] {logging_mixin.py:188} INFO - [2024-03-01T18:27:15.754+0000] {dag.py:3036} INFO - Sync 1 DAGs
[2024-03-01T18:27:15.941+0000] {logging_mixin.py:188} INFO - [2024-03-01T18:27:15.939+0000] {dag.py:3823} INFO - Setting next_dagrun for update_chicago_crime_data to 2024-02-25 00:00:00+00:00, run_after=2024-03-03 00:00:00+00:00
[2024-03-01T18:27:16.065+0000] {processor.py:183} INFO - Processing /opt/airflow/dags/update_data.py took 0.527 seconds
[2024-03-01T18:27:48.310+0000] {processor.py:161} INFO - Started process (PID=1154) to work on /opt/airflow/dags/update_data.py
[2024-03-01T18:27:48.319+0000] {processor.py:830} INFO - Processing file /opt/airflow/dags/update_data.py for tasks to queue
[2024-03-01T18:27:48.333+0000] {logging_mixin.py:188} INFO - [2024-03-01T18:27:48.330+0000] {dagbag.py:538} INFO - Filling up the DagBag from /opt/airflow/dags/update_data.py
[2024-03-01T18:27:48.386+0000] {processor.py:840} INFO - DAG(s) 'update_chicago_crime_data' retrieved from /opt/airflow/dags/update_data.py
[2024-03-01T18:27:48.524+0000] {logging_mixin.py:188} INFO - [2024-03-01T18:27:48.523+0000] {dag.py:3036} INFO - Sync 1 DAGs
[2024-03-01T18:27:48.738+0000] {logging_mixin.py:188} INFO - [2024-03-01T18:27:48.736+0000] {dag.py:3823} INFO - Setting next_dagrun for update_chicago_crime_data to 2024-02-25 00:00:00+00:00, run_after=2024-03-03 00:00:00+00:00
[2024-03-01T18:27:48.893+0000] {processor.py:183} INFO - Processing /opt/airflow/dags/update_data.py took 0.610 seconds
[2024-03-01T18:28:19.527+0000] {processor.py:161} INFO - Started process (PID=1205) to work on /opt/airflow/dags/update_data.py
[2024-03-01T18:28:19.536+0000] {processor.py:830} INFO - Processing file /opt/airflow/dags/update_data.py for tasks to queue
[2024-03-01T18:28:19.548+0000] {logging_mixin.py:188} INFO - [2024-03-01T18:28:19.545+0000] {dagbag.py:538} INFO - Filling up the DagBag from /opt/airflow/dags/update_data.py
[2024-03-01T18:28:19.638+0000] {processor.py:840} INFO - DAG(s) 'update_chicago_crime_data' retrieved from /opt/airflow/dags/update_data.py
[2024-03-01T18:28:19.777+0000] {logging_mixin.py:188} INFO - [2024-03-01T18:28:19.776+0000] {dag.py:3036} INFO - Sync 1 DAGs
[2024-03-01T18:28:20.003+0000] {logging_mixin.py:188} INFO - [2024-03-01T18:28:20.001+0000] {dag.py:3823} INFO - Setting next_dagrun for update_chicago_crime_data to 2024-02-25 00:00:00+00:00, run_after=2024-03-03 00:00:00+00:00
[2024-03-01T18:28:20.190+0000] {processor.py:183} INFO - Processing /opt/airflow/dags/update_data.py took 0.688 seconds
[2024-03-01T18:28:50.798+0000] {processor.py:161} INFO - Started process (PID=1262) to work on /opt/airflow/dags/update_data.py
[2024-03-01T18:28:50.805+0000] {processor.py:830} INFO - Processing file /opt/airflow/dags/update_data.py for tasks to queue
[2024-03-01T18:28:50.819+0000] {logging_mixin.py:188} INFO - [2024-03-01T18:28:50.813+0000] {dagbag.py:538} INFO - Filling up the DagBag from /opt/airflow/dags/update_data.py
[2024-03-01T18:28:50.897+0000] {processor.py:840} INFO - DAG(s) 'update_chicago_crime_data' retrieved from /opt/airflow/dags/update_data.py
[2024-03-01T18:28:51.085+0000] {logging_mixin.py:188} INFO - [2024-03-01T18:28:51.082+0000] {dag.py:3036} INFO - Sync 1 DAGs
[2024-03-01T18:28:51.321+0000] {logging_mixin.py:188} INFO - [2024-03-01T18:28:51.319+0000] {dag.py:3823} INFO - Setting next_dagrun for update_chicago_crime_data to 2024-02-25 00:00:00+00:00, run_after=2024-03-03 00:00:00+00:00
[2024-03-01T18:28:51.473+0000] {processor.py:183} INFO - Processing /opt/airflow/dags/update_data.py took 0.722 seconds
[2024-03-01T18:29:22.044+0000] {processor.py:161} INFO - Started process (PID=1319) to work on /opt/airflow/dags/update_data.py
[2024-03-01T18:29:22.049+0000] {processor.py:830} INFO - Processing file /opt/airflow/dags/update_data.py for tasks to queue
[2024-03-01T18:29:22.062+0000] {logging_mixin.py:188} INFO - [2024-03-01T18:29:22.059+0000] {dagbag.py:538} INFO - Filling up the DagBag from /opt/airflow/dags/update_data.py
[2024-03-01T18:29:22.138+0000] {processor.py:840} INFO - DAG(s) 'update_chicago_crime_data' retrieved from /opt/airflow/dags/update_data.py
[2024-03-01T18:29:22.275+0000] {logging_mixin.py:188} INFO - [2024-03-01T18:29:22.273+0000] {dag.py:3036} INFO - Sync 1 DAGs
[2024-03-01T18:29:22.482+0000] {logging_mixin.py:188} INFO - [2024-03-01T18:29:22.481+0000] {dag.py:3823} INFO - Setting next_dagrun for update_chicago_crime_data to 2024-02-25 00:00:00+00:00, run_after=2024-03-03 00:00:00+00:00
[2024-03-01T18:29:22.678+0000] {processor.py:183} INFO - Processing /opt/airflow/dags/update_data.py took 0.666 seconds
[2024-03-01T18:29:49.143+0000] {processor.py:161} INFO - Started process (PID=1369) to work on /opt/airflow/dags/update_data.py
[2024-03-01T18:29:49.174+0000] {processor.py:830} INFO - Processing file /opt/airflow/dags/update_data.py for tasks to queue
[2024-03-01T18:29:49.192+0000] {logging_mixin.py:188} INFO - [2024-03-01T18:29:49.190+0000] {dagbag.py:538} INFO - Filling up the DagBag from /opt/airflow/dags/update_data.py
[2024-03-01T18:29:49.321+0000] {processor.py:840} INFO - DAG(s) 'update_chicago_crime_data' retrieved from /opt/airflow/dags/update_data.py
[2024-03-01T18:29:49.574+0000] {logging_mixin.py:188} INFO - [2024-03-01T18:29:49.572+0000] {dag.py:3036} INFO - Sync 1 DAGs
[2024-03-01T18:29:49.822+0000] {logging_mixin.py:188} INFO - [2024-03-01T18:29:49.820+0000] {dag.py:3823} INFO - Setting next_dagrun for update_chicago_crime_data to 2024-02-25 00:00:00+00:00, run_after=2024-03-03 00:00:00+00:00
[2024-03-01T18:29:50.094+0000] {processor.py:183} INFO - Processing /opt/airflow/dags/update_data.py took 0.976 seconds
[2024-03-01T18:30:22.404+0000] {processor.py:161} INFO - Started process (PID=1425) to work on /opt/airflow/dags/update_data.py
[2024-03-01T18:30:22.413+0000] {processor.py:830} INFO - Processing file /opt/airflow/dags/update_data.py for tasks to queue
[2024-03-01T18:30:22.422+0000] {logging_mixin.py:188} INFO - [2024-03-01T18:30:22.420+0000] {dagbag.py:538} INFO - Filling up the DagBag from /opt/airflow/dags/update_data.py
[2024-03-01T18:30:22.477+0000] {processor.py:840} INFO - DAG(s) 'update_chicago_crime_data' retrieved from /opt/airflow/dags/update_data.py
[2024-03-01T18:30:22.592+0000] {logging_mixin.py:188} INFO - [2024-03-01T18:30:22.591+0000] {dag.py:3036} INFO - Sync 1 DAGs
[2024-03-01T18:30:22.780+0000] {logging_mixin.py:188} INFO - [2024-03-01T18:30:22.779+0000] {dag.py:3823} INFO - Setting next_dagrun for update_chicago_crime_data to 2024-02-25 00:00:00+00:00, run_after=2024-03-03 00:00:00+00:00
[2024-03-01T18:30:22.930+0000] {processor.py:183} INFO - Processing /opt/airflow/dags/update_data.py took 0.553 seconds
[2024-03-01T18:30:53.667+0000] {processor.py:161} INFO - Started process (PID=1482) to work on /opt/airflow/dags/update_data.py
[2024-03-01T18:30:53.672+0000] {processor.py:830} INFO - Processing file /opt/airflow/dags/update_data.py for tasks to queue
[2024-03-01T18:30:53.692+0000] {logging_mixin.py:188} INFO - [2024-03-01T18:30:53.690+0000] {dagbag.py:538} INFO - Filling up the DagBag from /opt/airflow/dags/update_data.py
[2024-03-01T18:30:53.815+0000] {processor.py:840} INFO - DAG(s) 'update_chicago_crime_data' retrieved from /opt/airflow/dags/update_data.py
[2024-03-01T18:30:54.062+0000] {logging_mixin.py:188} INFO - [2024-03-01T18:30:54.061+0000] {dag.py:3036} INFO - Sync 1 DAGs
[2024-03-01T18:30:54.408+0000] {logging_mixin.py:188} INFO - [2024-03-01T18:30:54.404+0000] {dag.py:3823} INFO - Setting next_dagrun for update_chicago_crime_data to 2024-02-25 00:00:00+00:00, run_after=2024-03-03 00:00:00+00:00
[2024-03-01T18:30:54.773+0000] {processor.py:183} INFO - Processing /opt/airflow/dags/update_data.py took 1.135 seconds
[2024-03-01T18:31:25.657+0000] {processor.py:161} INFO - Started process (PID=1538) to work on /opt/airflow/dags/update_data.py
[2024-03-01T18:31:25.663+0000] {processor.py:830} INFO - Processing file /opt/airflow/dags/update_data.py for tasks to queue
[2024-03-01T18:31:25.681+0000] {logging_mixin.py:188} INFO - [2024-03-01T18:31:25.679+0000] {dagbag.py:538} INFO - Filling up the DagBag from /opt/airflow/dags/update_data.py
[2024-03-01T18:31:25.767+0000] {processor.py:840} INFO - DAG(s) 'update_chicago_crime_data' retrieved from /opt/airflow/dags/update_data.py
[2024-03-01T18:31:26.012+0000] {logging_mixin.py:188} INFO - [2024-03-01T18:31:26.010+0000] {dag.py:3036} INFO - Sync 1 DAGs
[2024-03-01T18:31:26.444+0000] {logging_mixin.py:188} INFO - [2024-03-01T18:31:26.442+0000] {dag.py:3823} INFO - Setting next_dagrun for update_chicago_crime_data to 2024-02-25 00:00:00+00:00, run_after=2024-03-03 00:00:00+00:00
[2024-03-01T18:31:26.804+0000] {processor.py:183} INFO - Processing /opt/airflow/dags/update_data.py took 1.182 seconds
[2024-03-01T18:31:32.258+0000] {processor.py:161} INFO - Started process (PID=1546) to work on /opt/airflow/dags/update_data.py
[2024-03-01T18:31:32.271+0000] {processor.py:830} INFO - Processing file /opt/airflow/dags/update_data.py for tasks to queue
[2024-03-01T18:31:32.282+0000] {logging_mixin.py:188} INFO - [2024-03-01T18:31:32.279+0000] {dagbag.py:538} INFO - Filling up the DagBag from /opt/airflow/dags/update_data.py
[2024-03-01T18:31:32.351+0000] {processor.py:840} INFO - DAG(s) 'update_chicago_crime_data' retrieved from /opt/airflow/dags/update_data.py
[2024-03-01T18:31:32.574+0000] {logging_mixin.py:188} INFO - [2024-03-01T18:31:32.572+0000] {dag.py:3036} INFO - Sync 1 DAGs
[2024-03-01T18:31:32.891+0000] {logging_mixin.py:188} INFO - [2024-03-01T18:31:32.889+0000] {dag.py:3823} INFO - Setting next_dagrun for update_chicago_crime_data to 2024-02-25 00:00:00+00:00, run_after=2024-03-03 00:00:00+00:00
[2024-03-01T18:31:33.354+0000] {processor.py:183} INFO - Processing /opt/airflow/dags/update_data.py took 1.154 seconds
[2024-03-01T18:32:03.673+0000] {processor.py:161} INFO - Started process (PID=1604) to work on /opt/airflow/dags/update_data.py
[2024-03-01T18:32:03.683+0000] {processor.py:830} INFO - Processing file /opt/airflow/dags/update_data.py for tasks to queue
[2024-03-01T18:32:03.692+0000] {logging_mixin.py:188} INFO - [2024-03-01T18:32:03.690+0000] {dagbag.py:538} INFO - Filling up the DagBag from /opt/airflow/dags/update_data.py
[2024-03-01T18:32:03.760+0000] {processor.py:840} INFO - DAG(s) 'update_chicago_crime_data' retrieved from /opt/airflow/dags/update_data.py
[2024-03-01T18:32:03.969+0000] {logging_mixin.py:188} INFO - [2024-03-01T18:32:03.968+0000] {dag.py:3036} INFO - Sync 1 DAGs
[2024-03-01T18:32:04.275+0000] {logging_mixin.py:188} INFO - [2024-03-01T18:32:04.273+0000] {dag.py:3823} INFO - Setting next_dagrun for update_chicago_crime_data to 2024-02-25 00:00:00+00:00, run_after=2024-03-03 00:00:00+00:00
[2024-03-01T18:32:04.487+0000] {processor.py:183} INFO - Processing /opt/airflow/dags/update_data.py took 0.850 seconds
[2024-03-01T18:32:35.106+0000] {processor.py:161} INFO - Started process (PID=1661) to work on /opt/airflow/dags/update_data.py
[2024-03-01T18:32:35.111+0000] {processor.py:830} INFO - Processing file /opt/airflow/dags/update_data.py for tasks to queue
[2024-03-01T18:32:35.126+0000] {logging_mixin.py:188} INFO - [2024-03-01T18:32:35.122+0000] {dagbag.py:538} INFO - Filling up the DagBag from /opt/airflow/dags/update_data.py
[2024-03-01T18:32:35.193+0000] {processor.py:840} INFO - DAG(s) 'update_chicago_crime_data' retrieved from /opt/airflow/dags/update_data.py
[2024-03-01T18:32:35.362+0000] {logging_mixin.py:188} INFO - [2024-03-01T18:32:35.360+0000] {dag.py:3036} INFO - Sync 1 DAGs
[2024-03-01T18:32:35.605+0000] {logging_mixin.py:188} INFO - [2024-03-01T18:32:35.603+0000] {dag.py:3823} INFO - Setting next_dagrun for update_chicago_crime_data to 2024-02-25 00:00:00+00:00, run_after=2024-03-03 00:00:00+00:00
[2024-03-01T18:32:35.815+0000] {processor.py:183} INFO - Processing /opt/airflow/dags/update_data.py took 0.737 seconds
[2024-03-01T18:32:40.295+0000] {processor.py:161} INFO - Started process (PID=1670) to work on /opt/airflow/dags/update_data.py
[2024-03-01T18:32:40.301+0000] {processor.py:830} INFO - Processing file /opt/airflow/dags/update_data.py for tasks to queue
[2024-03-01T18:32:40.309+0000] {logging_mixin.py:188} INFO - [2024-03-01T18:32:40.307+0000] {dagbag.py:538} INFO - Filling up the DagBag from /opt/airflow/dags/update_data.py
[2024-03-01T18:32:40.347+0000] {processor.py:840} INFO - DAG(s) 'update_chicago_crime_data' retrieved from /opt/airflow/dags/update_data.py
[2024-03-01T18:32:40.448+0000] {logging_mixin.py:188} INFO - [2024-03-01T18:32:40.447+0000] {dag.py:3036} INFO - Sync 1 DAGs
[2024-03-01T18:32:40.601+0000] {logging_mixin.py:188} INFO - [2024-03-01T18:32:40.600+0000] {dag.py:3823} INFO - Setting next_dagrun for update_chicago_crime_data to 2024-02-25 00:00:00+00:00, run_after=2024-03-03 00:00:00+00:00
[2024-03-01T18:32:40.691+0000] {processor.py:183} INFO - Processing /opt/airflow/dags/update_data.py took 0.412 seconds
[2024-03-01T18:33:10.843+0000] {processor.py:161} INFO - Started process (PID=1726) to work on /opt/airflow/dags/update_data.py
[2024-03-01T18:33:10.849+0000] {processor.py:830} INFO - Processing file /opt/airflow/dags/update_data.py for tasks to queue
[2024-03-01T18:33:10.858+0000] {logging_mixin.py:188} INFO - [2024-03-01T18:33:10.856+0000] {dagbag.py:538} INFO - Filling up the DagBag from /opt/airflow/dags/update_data.py
[2024-03-01T18:33:10.918+0000] {processor.py:840} INFO - DAG(s) 'update_chicago_crime_data' retrieved from /opt/airflow/dags/update_data.py
[2024-03-01T18:33:11.050+0000] {logging_mixin.py:188} INFO - [2024-03-01T18:33:11.047+0000] {dag.py:3036} INFO - Sync 1 DAGs
[2024-03-01T18:33:11.266+0000] {logging_mixin.py:188} INFO - [2024-03-01T18:33:11.264+0000] {dag.py:3823} INFO - Setting next_dagrun for update_chicago_crime_data to 2024-02-25 00:00:00+00:00, run_after=2024-03-03 00:00:00+00:00
[2024-03-01T18:33:11.388+0000] {processor.py:183} INFO - Processing /opt/airflow/dags/update_data.py took 0.561 seconds
[2024-03-01T18:33:44.317+0000] {processor.py:161} INFO - Started process (PID=1775) to work on /opt/airflow/dags/update_data.py
[2024-03-01T18:33:44.323+0000] {processor.py:830} INFO - Processing file /opt/airflow/dags/update_data.py for tasks to queue
[2024-03-01T18:33:44.333+0000] {logging_mixin.py:188} INFO - [2024-03-01T18:33:44.332+0000] {dagbag.py:538} INFO - Filling up the DagBag from /opt/airflow/dags/update_data.py
[2024-03-01T18:33:44.384+0000] {processor.py:840} INFO - DAG(s) 'update_chicago_crime_data' retrieved from /opt/airflow/dags/update_data.py
[2024-03-01T18:33:44.514+0000] {logging_mixin.py:188} INFO - [2024-03-01T18:33:44.508+0000] {dag.py:3036} INFO - Sync 1 DAGs
[2024-03-01T18:33:44.715+0000] {logging_mixin.py:188} INFO - [2024-03-01T18:33:44.713+0000] {dag.py:3823} INFO - Setting next_dagrun for update_chicago_crime_data to 2024-02-25 00:00:00+00:00, run_after=2024-03-03 00:00:00+00:00
[2024-03-01T18:33:44.873+0000] {processor.py:183} INFO - Processing /opt/airflow/dags/update_data.py took 0.574 seconds
[2024-03-01T18:34:15.675+0000] {processor.py:161} INFO - Started process (PID=1837) to work on /opt/airflow/dags/update_data.py
[2024-03-01T18:34:15.687+0000] {processor.py:830} INFO - Processing file /opt/airflow/dags/update_data.py for tasks to queue
[2024-03-01T18:34:15.696+0000] {logging_mixin.py:188} INFO - [2024-03-01T18:34:15.694+0000] {dagbag.py:538} INFO - Filling up the DagBag from /opt/airflow/dags/update_data.py
[2024-03-01T18:34:15.738+0000] {processor.py:840} INFO - DAG(s) 'update_chicago_crime_data' retrieved from /opt/airflow/dags/update_data.py
[2024-03-01T18:34:15.840+0000] {logging_mixin.py:188} INFO - [2024-03-01T18:34:15.838+0000] {dag.py:3036} INFO - Sync 1 DAGs
[2024-03-01T18:34:16.008+0000] {logging_mixin.py:188} INFO - [2024-03-01T18:34:16.007+0000] {dag.py:3823} INFO - Setting next_dagrun for update_chicago_crime_data to 2024-02-25 00:00:00+00:00, run_after=2024-03-03 00:00:00+00:00
[2024-03-01T18:34:16.118+0000] {processor.py:183} INFO - Processing /opt/airflow/dags/update_data.py took 0.459 seconds
[2024-03-01T18:34:47.006+0000] {processor.py:161} INFO - Started process (PID=1894) to work on /opt/airflow/dags/update_data.py
[2024-03-01T18:34:47.014+0000] {processor.py:830} INFO - Processing file /opt/airflow/dags/update_data.py for tasks to queue
[2024-03-01T18:34:47.024+0000] {logging_mixin.py:188} INFO - [2024-03-01T18:34:47.022+0000] {dagbag.py:538} INFO - Filling up the DagBag from /opt/airflow/dags/update_data.py
[2024-03-01T18:34:47.076+0000] {processor.py:840} INFO - DAG(s) 'update_chicago_crime_data' retrieved from /opt/airflow/dags/update_data.py
[2024-03-01T18:34:47.208+0000] {logging_mixin.py:188} INFO - [2024-03-01T18:34:47.207+0000] {dag.py:3036} INFO - Sync 1 DAGs
[2024-03-01T18:34:47.414+0000] {logging_mixin.py:188} INFO - [2024-03-01T18:34:47.412+0000] {dag.py:3823} INFO - Setting next_dagrun for update_chicago_crime_data to 2024-02-25 00:00:00+00:00, run_after=2024-03-03 00:00:00+00:00
[2024-03-01T18:34:47.551+0000] {processor.py:183} INFO - Processing /opt/airflow/dags/update_data.py took 0.569 seconds
[2024-03-01T18:35:18.130+0000] {processor.py:161} INFO - Started process (PID=1949) to work on /opt/airflow/dags/update_data.py
[2024-03-01T18:35:18.138+0000] {processor.py:830} INFO - Processing file /opt/airflow/dags/update_data.py for tasks to queue
[2024-03-01T18:35:18.148+0000] {logging_mixin.py:188} INFO - [2024-03-01T18:35:18.146+0000] {dagbag.py:538} INFO - Filling up the DagBag from /opt/airflow/dags/update_data.py
[2024-03-01T18:35:18.192+0000] {processor.py:840} INFO - DAG(s) 'update_chicago_crime_data' retrieved from /opt/airflow/dags/update_data.py
[2024-03-01T18:35:18.323+0000] {logging_mixin.py:188} INFO - [2024-03-01T18:35:18.321+0000] {dag.py:3036} INFO - Sync 1 DAGs
[2024-03-01T18:35:18.495+0000] {logging_mixin.py:188} INFO - [2024-03-01T18:35:18.493+0000] {dag.py:3823} INFO - Setting next_dagrun for update_chicago_crime_data to 2024-02-25 00:00:00+00:00, run_after=2024-03-03 00:00:00+00:00
[2024-03-01T18:35:18.629+0000] {processor.py:183} INFO - Processing /opt/airflow/dags/update_data.py took 0.519 seconds
[2024-03-01T18:35:49.041+0000] {processor.py:161} INFO - Started process (PID=2004) to work on /opt/airflow/dags/update_data.py
[2024-03-01T18:35:49.046+0000] {processor.py:830} INFO - Processing file /opt/airflow/dags/update_data.py for tasks to queue
[2024-03-01T18:35:49.054+0000] {logging_mixin.py:188} INFO - [2024-03-01T18:35:49.053+0000] {dagbag.py:538} INFO - Filling up the DagBag from /opt/airflow/dags/update_data.py
[2024-03-01T18:35:49.093+0000] {processor.py:840} INFO - DAG(s) 'update_chicago_crime_data' retrieved from /opt/airflow/dags/update_data.py
[2024-03-01T18:35:49.211+0000] {logging_mixin.py:188} INFO - [2024-03-01T18:35:49.209+0000] {dag.py:3036} INFO - Sync 1 DAGs
[2024-03-01T18:35:49.417+0000] {logging_mixin.py:188} INFO - [2024-03-01T18:35:49.416+0000] {dag.py:3823} INFO - Setting next_dagrun for update_chicago_crime_data to 2024-02-25 00:00:00+00:00, run_after=2024-03-03 00:00:00+00:00
[2024-03-01T18:35:49.536+0000] {processor.py:183} INFO - Processing /opt/airflow/dags/update_data.py took 0.509 seconds
[2024-03-01T18:36:19.648+0000] {processor.py:161} INFO - Started process (PID=2059) to work on /opt/airflow/dags/update_data.py
[2024-03-01T18:36:19.652+0000] {processor.py:830} INFO - Processing file /opt/airflow/dags/update_data.py for tasks to queue
[2024-03-01T18:36:19.662+0000] {logging_mixin.py:188} INFO - [2024-03-01T18:36:19.660+0000] {dagbag.py:538} INFO - Filling up the DagBag from /opt/airflow/dags/update_data.py
[2024-03-01T18:36:19.731+0000] {processor.py:840} INFO - DAG(s) 'update_chicago_crime_data' retrieved from /opt/airflow/dags/update_data.py
[2024-03-01T18:36:19.857+0000] {logging_mixin.py:188} INFO - [2024-03-01T18:36:19.856+0000] {dag.py:3036} INFO - Sync 1 DAGs
[2024-03-01T18:36:20.118+0000] {logging_mixin.py:188} INFO - [2024-03-01T18:36:20.116+0000] {dag.py:3823} INFO - Setting next_dagrun for update_chicago_crime_data to 2024-02-25 00:00:00+00:00, run_after=2024-03-03 00:00:00+00:00
[2024-03-01T18:36:20.359+0000] {processor.py:183} INFO - Processing /opt/airflow/dags/update_data.py took 0.731 seconds
[2024-03-01T18:36:50.846+0000] {processor.py:161} INFO - Started process (PID=2117) to work on /opt/airflow/dags/update_data.py
[2024-03-01T18:36:50.850+0000] {processor.py:830} INFO - Processing file /opt/airflow/dags/update_data.py for tasks to queue
[2024-03-01T18:36:50.876+0000] {logging_mixin.py:188} INFO - [2024-03-01T18:36:50.875+0000] {dagbag.py:538} INFO - Filling up the DagBag from /opt/airflow/dags/update_data.py
[2024-03-01T18:36:50.922+0000] {processor.py:840} INFO - DAG(s) 'update_chicago_crime_data' retrieved from /opt/airflow/dags/update_data.py
[2024-03-01T18:36:51.087+0000] {logging_mixin.py:188} INFO - [2024-03-01T18:36:51.085+0000] {dag.py:3036} INFO - Sync 1 DAGs
[2024-03-01T18:36:51.255+0000] {logging_mixin.py:188} INFO - [2024-03-01T18:36:51.253+0000] {dag.py:3823} INFO - Setting next_dagrun for update_chicago_crime_data to 2024-02-25 00:00:00+00:00, run_after=2024-03-03 00:00:00+00:00
[2024-03-01T18:36:51.378+0000] {processor.py:183} INFO - Processing /opt/airflow/dags/update_data.py took 0.555 seconds
[2024-03-01T18:37:21.935+0000] {processor.py:161} INFO - Started process (PID=2175) to work on /opt/airflow/dags/update_data.py
[2024-03-01T18:37:21.950+0000] {processor.py:830} INFO - Processing file /opt/airflow/dags/update_data.py for tasks to queue
[2024-03-01T18:37:21.965+0000] {logging_mixin.py:188} INFO - [2024-03-01T18:37:21.963+0000] {dagbag.py:538} INFO - Filling up the DagBag from /opt/airflow/dags/update_data.py
[2024-03-01T18:37:22.008+0000] {processor.py:840} INFO - DAG(s) 'update_chicago_crime_data' retrieved from /opt/airflow/dags/update_data.py
[2024-03-01T18:37:22.156+0000] {logging_mixin.py:188} INFO - [2024-03-01T18:37:22.154+0000] {dag.py:3036} INFO - Sync 1 DAGs
[2024-03-01T18:37:22.474+0000] {logging_mixin.py:188} INFO - [2024-03-01T18:37:22.473+0000] {dag.py:3823} INFO - Setting next_dagrun for update_chicago_crime_data to 2024-02-25 00:00:00+00:00, run_after=2024-03-03 00:00:00+00:00
[2024-03-01T18:37:22.617+0000] {processor.py:183} INFO - Processing /opt/airflow/dags/update_data.py took 0.708 seconds
[2024-03-01T18:37:53.827+0000] {processor.py:161} INFO - Started process (PID=2235) to work on /opt/airflow/dags/update_data.py
[2024-03-01T18:37:53.830+0000] {processor.py:830} INFO - Processing file /opt/airflow/dags/update_data.py for tasks to queue
[2024-03-01T18:37:53.839+0000] {logging_mixin.py:188} INFO - [2024-03-01T18:37:53.836+0000] {dagbag.py:538} INFO - Filling up the DagBag from /opt/airflow/dags/update_data.py
[2024-03-01T18:37:53.878+0000] {processor.py:840} INFO - DAG(s) 'update_chicago_crime_data' retrieved from /opt/airflow/dags/update_data.py
[2024-03-01T18:37:54.026+0000] {logging_mixin.py:188} INFO - [2024-03-01T18:37:54.024+0000] {dag.py:3036} INFO - Sync 1 DAGs
[2024-03-01T18:37:54.243+0000] {logging_mixin.py:188} INFO - [2024-03-01T18:37:54.242+0000] {dag.py:3823} INFO - Setting next_dagrun for update_chicago_crime_data to 2024-02-25 00:00:00+00:00, run_after=2024-03-03 00:00:00+00:00
[2024-03-01T18:37:54.429+0000] {processor.py:183} INFO - Processing /opt/airflow/dags/update_data.py took 0.618 seconds
[2024-03-01T18:38:25.455+0000] {processor.py:161} INFO - Started process (PID=2299) to work on /opt/airflow/dags/update_data.py
[2024-03-01T18:38:25.463+0000] {processor.py:830} INFO - Processing file /opt/airflow/dags/update_data.py for tasks to queue
[2024-03-01T18:38:25.487+0000] {logging_mixin.py:188} INFO - [2024-03-01T18:38:25.477+0000] {dagbag.py:538} INFO - Filling up the DagBag from /opt/airflow/dags/update_data.py
[2024-03-01T18:38:25.565+0000] {processor.py:840} INFO - DAG(s) 'update_chicago_crime_data' retrieved from /opt/airflow/dags/update_data.py
[2024-03-01T18:38:25.825+0000] {logging_mixin.py:188} INFO - [2024-03-01T18:38:25.824+0000] {dag.py:3036} INFO - Sync 1 DAGs
[2024-03-01T18:38:26.067+0000] {logging_mixin.py:188} INFO - [2024-03-01T18:38:26.066+0000] {dag.py:3823} INFO - Setting next_dagrun for update_chicago_crime_data to 2024-02-25 00:00:00+00:00, run_after=2024-03-03 00:00:00+00:00
[2024-03-01T18:38:26.413+0000] {processor.py:183} INFO - Processing /opt/airflow/dags/update_data.py took 0.990 seconds
[2024-03-01T18:38:56.795+0000] {processor.py:161} INFO - Started process (PID=2355) to work on /opt/airflow/dags/update_data.py
[2024-03-01T18:38:56.799+0000] {processor.py:830} INFO - Processing file /opt/airflow/dags/update_data.py for tasks to queue
[2024-03-01T18:38:56.814+0000] {logging_mixin.py:188} INFO - [2024-03-01T18:38:56.810+0000] {dagbag.py:538} INFO - Filling up the DagBag from /opt/airflow/dags/update_data.py
[2024-03-01T18:38:56.875+0000] {processor.py:840} INFO - DAG(s) 'update_chicago_crime_data' retrieved from /opt/airflow/dags/update_data.py
[2024-03-01T18:38:57.050+0000] {logging_mixin.py:188} INFO - [2024-03-01T18:38:57.049+0000] {dag.py:3036} INFO - Sync 1 DAGs
[2024-03-01T18:38:57.303+0000] {logging_mixin.py:188} INFO - [2024-03-01T18:38:57.300+0000] {dag.py:3823} INFO - Setting next_dagrun for update_chicago_crime_data to 2024-02-25 00:00:00+00:00, run_after=2024-03-03 00:00:00+00:00
[2024-03-01T18:38:57.448+0000] {processor.py:183} INFO - Processing /opt/airflow/dags/update_data.py took 0.682 seconds
[2024-03-01T18:39:27.730+0000] {processor.py:161} INFO - Started process (PID=2415) to work on /opt/airflow/dags/update_data.py
[2024-03-01T18:39:27.736+0000] {processor.py:830} INFO - Processing file /opt/airflow/dags/update_data.py for tasks to queue
[2024-03-01T18:39:27.745+0000] {logging_mixin.py:188} INFO - [2024-03-01T18:39:27.743+0000] {dagbag.py:538} INFO - Filling up the DagBag from /opt/airflow/dags/update_data.py
[2024-03-01T18:39:27.792+0000] {processor.py:840} INFO - DAG(s) 'update_chicago_crime_data' retrieved from /opt/airflow/dags/update_data.py
[2024-03-01T18:39:27.908+0000] {logging_mixin.py:188} INFO - [2024-03-01T18:39:27.907+0000] {dag.py:3036} INFO - Sync 1 DAGs
[2024-03-01T18:39:28.835+0000] {processor.py:186} ERROR - Got an exception! Propagating...
Traceback (most recent call last):
  File "/home/airflow/.local/lib/python3.8/site-packages/sqlalchemy/engine/base.py", line 3371, in _wrap_pool_connect
    return fn()
  File "/home/airflow/.local/lib/python3.8/site-packages/sqlalchemy/pool/base.py", line 327, in connect
    return _ConnectionFairy._checkout(self)
  File "/home/airflow/.local/lib/python3.8/site-packages/sqlalchemy/pool/base.py", line 894, in _checkout
    fairy = _ConnectionRecord.checkout(pool)
  File "/home/airflow/.local/lib/python3.8/site-packages/sqlalchemy/pool/base.py", line 498, in checkout
    rec._checkin_failed(err, _fairy_was_created=False)
  File "/home/airflow/.local/lib/python3.8/site-packages/sqlalchemy/util/langhelpers.py", line 70, in __exit__
    compat.raise_(
  File "/home/airflow/.local/lib/python3.8/site-packages/sqlalchemy/util/compat.py", line 211, in raise_
    raise exception
  File "/home/airflow/.local/lib/python3.8/site-packages/sqlalchemy/pool/base.py", line 495, in checkout
    dbapi_connection = rec.get_connection()
  File "/home/airflow/.local/lib/python3.8/site-packages/sqlalchemy/pool/base.py", line 630, in get_connection
    self.__connect()
  File "/home/airflow/.local/lib/python3.8/site-packages/sqlalchemy/pool/base.py", line 691, in __connect
    pool.logger.debug("Error on connect(): %s", e)
  File "/home/airflow/.local/lib/python3.8/site-packages/sqlalchemy/util/langhelpers.py", line 70, in __exit__
    compat.raise_(
  File "/home/airflow/.local/lib/python3.8/site-packages/sqlalchemy/util/compat.py", line 211, in raise_
    raise exception
  File "/home/airflow/.local/lib/python3.8/site-packages/sqlalchemy/pool/base.py", line 686, in __connect
    self.dbapi_connection = connection = pool._invoke_creator(self)
  File "/home/airflow/.local/lib/python3.8/site-packages/sqlalchemy/engine/create.py", line 574, in connect
    return dialect.connect(*cargs, **cparams)
  File "/home/airflow/.local/lib/python3.8/site-packages/sqlalchemy/engine/default.py", line 598, in connect
    return self.dbapi.connect(*cargs, **cparams)
  File "/home/airflow/.local/lib/python3.8/site-packages/psycopg2/__init__.py", line 122, in connect
    conn = _connect(dsn, connection_factory=connection_factory, **kwasync)
psycopg2.OperationalError: could not translate host name "postgres" to address: Temporary failure in name resolution


The above exception was the direct cause of the following exception:

Traceback (most recent call last):
  File "/home/airflow/.local/lib/python3.8/site-packages/airflow/dag_processing/processor.py", line 182, in _run_file_processor
    _handle_dag_file_processing()
  File "/home/airflow/.local/lib/python3.8/site-packages/airflow/dag_processing/processor.py", line 163, in _handle_dag_file_processing
    result: tuple[int, int] = dag_file_processor.process_file(
  File "/home/airflow/.local/lib/python3.8/site-packages/airflow/utils/session.py", line 79, in wrapper
    return func(*args, session=session, **kwargs)
  File "/home/airflow/.local/lib/python3.8/site-packages/airflow/dag_processing/processor.py", line 859, in process_file
    serialize_errors = DagFileProcessor.save_dag_to_db(
  File "/home/airflow/.local/lib/python3.8/site-packages/airflow/api_internal/internal_api_call.py", line 114, in wrapper
    return func(*args, **kwargs)
  File "/home/airflow/.local/lib/python3.8/site-packages/airflow/utils/session.py", line 79, in wrapper
    return func(*args, session=session, **kwargs)
  File "/home/airflow/.local/lib/python3.8/site-packages/airflow/dag_processing/processor.py", line 895, in save_dag_to_db
    import_errors = DagBag._sync_to_db(dags=dags, processor_subdir=dag_directory, session=session)
  File "/home/airflow/.local/lib/python3.8/site-packages/airflow/utils/session.py", line 76, in wrapper
    return func(*args, **kwargs)
  File "/home/airflow/.local/lib/python3.8/site-packages/airflow/models/dagbag.py", line 657, in _sync_to_db
    for attempt in run_with_db_retries(logger=log):
  File "/home/airflow/.local/lib/python3.8/site-packages/tenacity/__init__.py", line 347, in __iter__
    do = self.iter(retry_state=retry_state)
  File "/home/airflow/.local/lib/python3.8/site-packages/tenacity/__init__.py", line 325, in iter
    raise retry_exc.reraise()
  File "/home/airflow/.local/lib/python3.8/site-packages/tenacity/__init__.py", line 158, in reraise
    raise self.last_attempt.result()
  File "/usr/local/lib/python3.8/concurrent/futures/_base.py", line 437, in result
    return self.__get_result()
  File "/usr/local/lib/python3.8/concurrent/futures/_base.py", line 389, in __get_result
    raise self._exception
  File "/home/airflow/.local/lib/python3.8/site-packages/airflow/models/dagbag.py", line 670, in _sync_to_db
    _serialize_dag_capturing_errors(dag, session, processor_subdir)
  File "/home/airflow/.local/lib/python3.8/site-packages/airflow/models/dagbag.py", line 635, in _serialize_dag_capturing_errors
    dag_was_updated = SerializedDagModel.write_dag(
  File "/home/airflow/.local/lib/python3.8/site-packages/airflow/utils/session.py", line 76, in wrapper
    return func(*args, **kwargs)
  File "/home/airflow/.local/lib/python3.8/site-packages/airflow/models/serialized_dag.py", line 157, in write_dag
    if session.scalar(
  File "/home/airflow/.local/lib/python3.8/site-packages/sqlalchemy/orm/session.py", line 1747, in scalar
    return self.execute(
  File "/home/airflow/.local/lib/python3.8/site-packages/sqlalchemy/orm/session.py", line 1716, in execute
    conn = self._connection_for_bind(bind)
  File "/home/airflow/.local/lib/python3.8/site-packages/sqlalchemy/orm/session.py", line 1555, in _connection_for_bind
    return self._transaction._connection_for_bind(
  File "/home/airflow/.local/lib/python3.8/site-packages/sqlalchemy/orm/session.py", line 750, in _connection_for_bind
    conn = bind.connect()
  File "/home/airflow/.local/lib/python3.8/site-packages/sqlalchemy/future/engine.py", line 412, in connect
    return super(Engine, self).connect()
  File "/home/airflow/.local/lib/python3.8/site-packages/sqlalchemy/engine/base.py", line 3325, in connect
    return self._connection_cls(self, close_with_result=close_with_result)
  File "/home/airflow/.local/lib/python3.8/site-packages/sqlalchemy/engine/base.py", line 96, in __init__
    else engine.raw_connection()
  File "/home/airflow/.local/lib/python3.8/site-packages/sqlalchemy/engine/base.py", line 3404, in raw_connection
    return self._wrap_pool_connect(self.pool.connect, _connection)
  File "/home/airflow/.local/lib/python3.8/site-packages/sqlalchemy/engine/base.py", line 3374, in _wrap_pool_connect
    Connection._handle_dbapi_exception_noconnection(
  File "/home/airflow/.local/lib/python3.8/site-packages/sqlalchemy/engine/base.py", line 2208, in _handle_dbapi_exception_noconnection
    util.raise_(
  File "/home/airflow/.local/lib/python3.8/site-packages/sqlalchemy/util/compat.py", line 211, in raise_
    raise exception
  File "/home/airflow/.local/lib/python3.8/site-packages/sqlalchemy/engine/base.py", line 3371, in _wrap_pool_connect
    return fn()
  File "/home/airflow/.local/lib/python3.8/site-packages/sqlalchemy/pool/base.py", line 327, in connect
    return _ConnectionFairy._checkout(self)
  File "/home/airflow/.local/lib/python3.8/site-packages/sqlalchemy/pool/base.py", line 894, in _checkout
    fairy = _ConnectionRecord.checkout(pool)
  File "/home/airflow/.local/lib/python3.8/site-packages/sqlalchemy/pool/base.py", line 498, in checkout
    rec._checkin_failed(err, _fairy_was_created=False)
  File "/home/airflow/.local/lib/python3.8/site-packages/sqlalchemy/util/langhelpers.py", line 70, in __exit__
    compat.raise_(
  File "/home/airflow/.local/lib/python3.8/site-packages/sqlalchemy/util/compat.py", line 211, in raise_
    raise exception
  File "/home/airflow/.local/lib/python3.8/site-packages/sqlalchemy/pool/base.py", line 495, in checkout
    dbapi_connection = rec.get_connection()
  File "/home/airflow/.local/lib/python3.8/site-packages/sqlalchemy/pool/base.py", line 630, in get_connection
    self.__connect()
  File "/home/airflow/.local/lib/python3.8/site-packages/sqlalchemy/pool/base.py", line 691, in __connect
    pool.logger.debug("Error on connect(): %s", e)
  File "/home/airflow/.local/lib/python3.8/site-packages/sqlalchemy/util/langhelpers.py", line 70, in __exit__
    compat.raise_(
  File "/home/airflow/.local/lib/python3.8/site-packages/sqlalchemy/util/compat.py", line 211, in raise_
    raise exception
  File "/home/airflow/.local/lib/python3.8/site-packages/sqlalchemy/pool/base.py", line 686, in __connect
    self.dbapi_connection = connection = pool._invoke_creator(self)
  File "/home/airflow/.local/lib/python3.8/site-packages/sqlalchemy/engine/create.py", line 574, in connect
    return dialect.connect(*cargs, **cparams)
  File "/home/airflow/.local/lib/python3.8/site-packages/sqlalchemy/engine/default.py", line 598, in connect
    return self.dbapi.connect(*cargs, **cparams)
  File "/home/airflow/.local/lib/python3.8/site-packages/psycopg2/__init__.py", line 122, in connect
    conn = _connect(dsn, connection_factory=connection_factory, **kwasync)
sqlalchemy.exc.OperationalError: (psycopg2.OperationalError) could not translate host name "postgres" to address: Temporary failure in name resolution

(Background on this error at: https://sqlalche.me/e/14/e3q8)
