[2024-03-01T17:31:40.050+0000] {processor.py:161} INFO - Started process (PID=91) to work on /home/airflow/.local/lib/python3.8/site-packages/airflow/example_dags/example_dag_decorator.py
[2024-03-01T17:31:40.055+0000] {processor.py:830} INFO - Processing file /home/airflow/.local/lib/python3.8/site-packages/airflow/example_dags/example_dag_decorator.py for tasks to queue
[2024-03-01T17:31:40.060+0000] {logging_mixin.py:188} INFO - [2024-03-01T17:31:40.059+0000] {dagbag.py:538} INFO - Filling up the DagBag from /home/airflow/.local/lib/python3.8/site-packages/airflow/example_dags/example_dag_decorator.py
[2024-03-01T17:31:40.992+0000] {processor.py:840} INFO - DAG(s) 'example_dag_decorator' retrieved from /home/airflow/.local/lib/python3.8/site-packages/airflow/example_dags/example_dag_decorator.py
[2024-03-01T17:31:41.610+0000] {logging_mixin.py:188} INFO - [2024-03-01T17:31:41.609+0000] {dag.py:3036} INFO - Sync 1 DAGs
[2024-03-01T17:31:41.663+0000] {logging_mixin.py:188} INFO - [2024-03-01T17:31:41.662+0000] {dag.py:3823} INFO - Setting next_dagrun for example_dag_decorator to None, run_after=None
[2024-03-01T17:31:41.770+0000] {processor.py:183} INFO - Processing /home/airflow/.local/lib/python3.8/site-packages/airflow/example_dags/example_dag_decorator.py took 1.732 seconds
[2024-03-01T17:32:12.592+0000] {processor.py:161} INFO - Started process (PID=149) to work on /home/airflow/.local/lib/python3.8/site-packages/airflow/example_dags/example_dag_decorator.py
[2024-03-01T17:32:12.594+0000] {processor.py:830} INFO - Processing file /home/airflow/.local/lib/python3.8/site-packages/airflow/example_dags/example_dag_decorator.py for tasks to queue
[2024-03-01T17:32:12.599+0000] {logging_mixin.py:188} INFO - [2024-03-01T17:32:12.598+0000] {dagbag.py:538} INFO - Filling up the DagBag from /home/airflow/.local/lib/python3.8/site-packages/airflow/example_dags/example_dag_decorator.py
[2024-03-01T17:32:13.027+0000] {processor.py:840} INFO - DAG(s) 'example_dag_decorator' retrieved from /home/airflow/.local/lib/python3.8/site-packages/airflow/example_dags/example_dag_decorator.py
[2024-03-01T17:32:13.440+0000] {logging_mixin.py:188} INFO - [2024-03-01T17:32:13.440+0000] {dag.py:3036} INFO - Sync 1 DAGs
[2024-03-01T17:32:13.481+0000] {logging_mixin.py:188} INFO - [2024-03-01T17:32:13.481+0000] {dag.py:3823} INFO - Setting next_dagrun for example_dag_decorator to None, run_after=None
[2024-03-01T17:32:13.533+0000] {processor.py:183} INFO - Processing /home/airflow/.local/lib/python3.8/site-packages/airflow/example_dags/example_dag_decorator.py took 0.956 seconds
[2024-03-01T17:32:44.421+0000] {processor.py:161} INFO - Started process (PID=211) to work on /home/airflow/.local/lib/python3.8/site-packages/airflow/example_dags/example_dag_decorator.py
[2024-03-01T17:32:44.423+0000] {processor.py:830} INFO - Processing file /home/airflow/.local/lib/python3.8/site-packages/airflow/example_dags/example_dag_decorator.py for tasks to queue
[2024-03-01T17:32:44.426+0000] {logging_mixin.py:188} INFO - [2024-03-01T17:32:44.426+0000] {dagbag.py:538} INFO - Filling up the DagBag from /home/airflow/.local/lib/python3.8/site-packages/airflow/example_dags/example_dag_decorator.py
[2024-03-01T17:32:44.813+0000] {processor.py:840} INFO - DAG(s) 'example_dag_decorator' retrieved from /home/airflow/.local/lib/python3.8/site-packages/airflow/example_dags/example_dag_decorator.py
[2024-03-01T17:32:45.309+0000] {logging_mixin.py:188} INFO - [2024-03-01T17:32:45.308+0000] {dag.py:3036} INFO - Sync 1 DAGs
[2024-03-01T17:32:45.368+0000] {logging_mixin.py:188} INFO - [2024-03-01T17:32:45.368+0000] {dag.py:3823} INFO - Setting next_dagrun for example_dag_decorator to None, run_after=None
[2024-03-01T17:32:45.456+0000] {processor.py:183} INFO - Processing /home/airflow/.local/lib/python3.8/site-packages/airflow/example_dags/example_dag_decorator.py took 1.046 seconds
[2024-03-01T17:33:15.745+0000] {processor.py:161} INFO - Started process (PID=269) to work on /home/airflow/.local/lib/python3.8/site-packages/airflow/example_dags/example_dag_decorator.py
[2024-03-01T17:33:15.748+0000] {processor.py:830} INFO - Processing file /home/airflow/.local/lib/python3.8/site-packages/airflow/example_dags/example_dag_decorator.py for tasks to queue
[2024-03-01T17:33:15.755+0000] {logging_mixin.py:188} INFO - [2024-03-01T17:33:15.754+0000] {dagbag.py:538} INFO - Filling up the DagBag from /home/airflow/.local/lib/python3.8/site-packages/airflow/example_dags/example_dag_decorator.py
[2024-03-01T17:33:16.228+0000] {processor.py:840} INFO - DAG(s) 'example_dag_decorator' retrieved from /home/airflow/.local/lib/python3.8/site-packages/airflow/example_dags/example_dag_decorator.py
[2024-03-01T17:33:16.664+0000] {logging_mixin.py:188} INFO - [2024-03-01T17:33:16.663+0000] {dag.py:3036} INFO - Sync 1 DAGs
[2024-03-01T17:33:16.702+0000] {logging_mixin.py:188} INFO - [2024-03-01T17:33:16.701+0000] {dag.py:3823} INFO - Setting next_dagrun for example_dag_decorator to None, run_after=None
[2024-03-01T17:33:16.768+0000] {processor.py:183} INFO - Processing /home/airflow/.local/lib/python3.8/site-packages/airflow/example_dags/example_dag_decorator.py took 1.032 seconds
[2024-03-01T17:33:47.688+0000] {processor.py:161} INFO - Started process (PID=327) to work on /home/airflow/.local/lib/python3.8/site-packages/airflow/example_dags/example_dag_decorator.py
[2024-03-01T17:33:47.690+0000] {processor.py:830} INFO - Processing file /home/airflow/.local/lib/python3.8/site-packages/airflow/example_dags/example_dag_decorator.py for tasks to queue
[2024-03-01T17:33:47.694+0000] {logging_mixin.py:188} INFO - [2024-03-01T17:33:47.693+0000] {dagbag.py:538} INFO - Filling up the DagBag from /home/airflow/.local/lib/python3.8/site-packages/airflow/example_dags/example_dag_decorator.py
[2024-03-01T17:33:48.039+0000] {processor.py:840} INFO - DAG(s) 'example_dag_decorator' retrieved from /home/airflow/.local/lib/python3.8/site-packages/airflow/example_dags/example_dag_decorator.py
[2024-03-01T17:33:48.406+0000] {logging_mixin.py:188} INFO - [2024-03-01T17:33:48.405+0000] {dag.py:3036} INFO - Sync 1 DAGs
[2024-03-01T17:33:48.443+0000] {logging_mixin.py:188} INFO - [2024-03-01T17:33:48.442+0000] {dag.py:3823} INFO - Setting next_dagrun for example_dag_decorator to None, run_after=None
[2024-03-01T17:33:48.494+0000] {processor.py:183} INFO - Processing /home/airflow/.local/lib/python3.8/site-packages/airflow/example_dags/example_dag_decorator.py took 0.814 seconds
[2024-03-01T17:40:18.521+0000] {processor.py:161} INFO - Started process (PID=90) to work on /home/airflow/.local/lib/python3.8/site-packages/airflow/example_dags/example_dag_decorator.py
[2024-03-01T17:40:18.523+0000] {processor.py:830} INFO - Processing file /home/airflow/.local/lib/python3.8/site-packages/airflow/example_dags/example_dag_decorator.py for tasks to queue
[2024-03-01T17:40:18.529+0000] {logging_mixin.py:188} INFO - [2024-03-01T17:40:18.528+0000] {dagbag.py:538} INFO - Filling up the DagBag from /home/airflow/.local/lib/python3.8/site-packages/airflow/example_dags/example_dag_decorator.py
[2024-03-01T17:40:19.525+0000] {processor.py:840} INFO - DAG(s) 'example_dag_decorator' retrieved from /home/airflow/.local/lib/python3.8/site-packages/airflow/example_dags/example_dag_decorator.py
[2024-03-01T17:40:20.048+0000] {logging_mixin.py:188} INFO - [2024-03-01T17:40:20.048+0000] {dag.py:3036} INFO - Sync 1 DAGs
[2024-03-01T17:40:20.093+0000] {logging_mixin.py:188} INFO - [2024-03-01T17:40:20.092+0000] {dag.py:3823} INFO - Setting next_dagrun for example_dag_decorator to None, run_after=None
[2024-03-01T17:40:20.174+0000] {processor.py:183} INFO - Processing /home/airflow/.local/lib/python3.8/site-packages/airflow/example_dags/example_dag_decorator.py took 1.666 seconds
[2024-03-01T17:40:50.872+0000] {processor.py:161} INFO - Started process (PID=148) to work on /home/airflow/.local/lib/python3.8/site-packages/airflow/example_dags/example_dag_decorator.py
[2024-03-01T17:40:50.874+0000] {processor.py:830} INFO - Processing file /home/airflow/.local/lib/python3.8/site-packages/airflow/example_dags/example_dag_decorator.py for tasks to queue
[2024-03-01T17:40:50.880+0000] {logging_mixin.py:188} INFO - [2024-03-01T17:40:50.878+0000] {dagbag.py:538} INFO - Filling up the DagBag from /home/airflow/.local/lib/python3.8/site-packages/airflow/example_dags/example_dag_decorator.py
[2024-03-01T17:40:51.367+0000] {processor.py:840} INFO - DAG(s) 'example_dag_decorator' retrieved from /home/airflow/.local/lib/python3.8/site-packages/airflow/example_dags/example_dag_decorator.py
[2024-03-01T17:40:51.852+0000] {logging_mixin.py:188} INFO - [2024-03-01T17:40:51.851+0000] {dag.py:3036} INFO - Sync 1 DAGs
[2024-03-01T17:40:51.900+0000] {logging_mixin.py:188} INFO - [2024-03-01T17:40:51.898+0000] {dag.py:3823} INFO - Setting next_dagrun for example_dag_decorator to None, run_after=None
[2024-03-01T17:40:52.058+0000] {processor.py:183} INFO - Processing /home/airflow/.local/lib/python3.8/site-packages/airflow/example_dags/example_dag_decorator.py took 1.197 seconds
[2024-03-01T17:41:22.141+0000] {processor.py:161} INFO - Started process (PID=210) to work on /home/airflow/.local/lib/python3.8/site-packages/airflow/example_dags/example_dag_decorator.py
[2024-03-01T17:41:22.147+0000] {processor.py:830} INFO - Processing file /home/airflow/.local/lib/python3.8/site-packages/airflow/example_dags/example_dag_decorator.py for tasks to queue
[2024-03-01T17:41:22.156+0000] {logging_mixin.py:188} INFO - [2024-03-01T17:41:22.154+0000] {dagbag.py:538} INFO - Filling up the DagBag from /home/airflow/.local/lib/python3.8/site-packages/airflow/example_dags/example_dag_decorator.py
[2024-03-01T17:41:22.671+0000] {processor.py:840} INFO - DAG(s) 'example_dag_decorator' retrieved from /home/airflow/.local/lib/python3.8/site-packages/airflow/example_dags/example_dag_decorator.py
[2024-03-01T17:41:23.157+0000] {logging_mixin.py:188} INFO - [2024-03-01T17:41:23.156+0000] {dag.py:3036} INFO - Sync 1 DAGs
[2024-03-01T17:41:23.191+0000] {logging_mixin.py:188} INFO - [2024-03-01T17:41:23.190+0000] {dag.py:3823} INFO - Setting next_dagrun for example_dag_decorator to None, run_after=None
[2024-03-01T17:41:23.257+0000] {processor.py:183} INFO - Processing /home/airflow/.local/lib/python3.8/site-packages/airflow/example_dags/example_dag_decorator.py took 1.128 seconds
[2024-03-01T17:41:53.478+0000] {processor.py:161} INFO - Started process (PID=268) to work on /home/airflow/.local/lib/python3.8/site-packages/airflow/example_dags/example_dag_decorator.py
[2024-03-01T17:41:53.480+0000] {processor.py:830} INFO - Processing file /home/airflow/.local/lib/python3.8/site-packages/airflow/example_dags/example_dag_decorator.py for tasks to queue
[2024-03-01T17:41:53.486+0000] {logging_mixin.py:188} INFO - [2024-03-01T17:41:53.485+0000] {dagbag.py:538} INFO - Filling up the DagBag from /home/airflow/.local/lib/python3.8/site-packages/airflow/example_dags/example_dag_decorator.py
[2024-03-01T17:41:53.956+0000] {processor.py:840} INFO - DAG(s) 'example_dag_decorator' retrieved from /home/airflow/.local/lib/python3.8/site-packages/airflow/example_dags/example_dag_decorator.py
[2024-03-01T17:41:54.436+0000] {logging_mixin.py:188} INFO - [2024-03-01T17:41:54.436+0000] {dag.py:3036} INFO - Sync 1 DAGs
[2024-03-01T17:41:54.478+0000] {logging_mixin.py:188} INFO - [2024-03-01T17:41:54.477+0000] {dag.py:3823} INFO - Setting next_dagrun for example_dag_decorator to None, run_after=None
[2024-03-01T17:41:54.552+0000] {processor.py:183} INFO - Processing /home/airflow/.local/lib/python3.8/site-packages/airflow/example_dags/example_dag_decorator.py took 1.088 seconds
[2024-03-01T17:42:24.698+0000] {processor.py:161} INFO - Started process (PID=326) to work on /home/airflow/.local/lib/python3.8/site-packages/airflow/example_dags/example_dag_decorator.py
[2024-03-01T17:42:24.702+0000] {processor.py:830} INFO - Processing file /home/airflow/.local/lib/python3.8/site-packages/airflow/example_dags/example_dag_decorator.py for tasks to queue
[2024-03-01T17:42:24.708+0000] {logging_mixin.py:188} INFO - [2024-03-01T17:42:24.707+0000] {dagbag.py:538} INFO - Filling up the DagBag from /home/airflow/.local/lib/python3.8/site-packages/airflow/example_dags/example_dag_decorator.py
[2024-03-01T17:42:25.093+0000] {processor.py:840} INFO - DAG(s) 'example_dag_decorator' retrieved from /home/airflow/.local/lib/python3.8/site-packages/airflow/example_dags/example_dag_decorator.py
[2024-03-01T17:42:25.489+0000] {logging_mixin.py:188} INFO - [2024-03-01T17:42:25.489+0000] {dag.py:3036} INFO - Sync 1 DAGs
[2024-03-01T17:42:25.524+0000] {logging_mixin.py:188} INFO - [2024-03-01T17:42:25.524+0000] {dag.py:3823} INFO - Setting next_dagrun for example_dag_decorator to None, run_after=None
[2024-03-01T17:42:25.577+0000] {processor.py:183} INFO - Processing /home/airflow/.local/lib/python3.8/site-packages/airflow/example_dags/example_dag_decorator.py took 0.900 seconds
[2024-03-01T17:42:56.522+0000] {processor.py:161} INFO - Started process (PID=384) to work on /home/airflow/.local/lib/python3.8/site-packages/airflow/example_dags/example_dag_decorator.py
[2024-03-01T17:42:56.524+0000] {processor.py:830} INFO - Processing file /home/airflow/.local/lib/python3.8/site-packages/airflow/example_dags/example_dag_decorator.py for tasks to queue
[2024-03-01T17:42:56.527+0000] {logging_mixin.py:188} INFO - [2024-03-01T17:42:56.526+0000] {dagbag.py:538} INFO - Filling up the DagBag from /home/airflow/.local/lib/python3.8/site-packages/airflow/example_dags/example_dag_decorator.py
[2024-03-01T17:42:56.810+0000] {processor.py:840} INFO - DAG(s) 'example_dag_decorator' retrieved from /home/airflow/.local/lib/python3.8/site-packages/airflow/example_dags/example_dag_decorator.py
[2024-03-01T17:42:57.056+0000] {logging_mixin.py:188} INFO - [2024-03-01T17:42:57.056+0000] {dag.py:3036} INFO - Sync 1 DAGs
[2024-03-01T17:42:57.081+0000] {logging_mixin.py:188} INFO - [2024-03-01T17:42:57.081+0000] {dag.py:3823} INFO - Setting next_dagrun for example_dag_decorator to None, run_after=None
[2024-03-01T17:42:57.117+0000] {processor.py:183} INFO - Processing /home/airflow/.local/lib/python3.8/site-packages/airflow/example_dags/example_dag_decorator.py took 0.600 seconds
[2024-03-01T17:43:27.536+0000] {processor.py:161} INFO - Started process (PID=442) to work on /home/airflow/.local/lib/python3.8/site-packages/airflow/example_dags/example_dag_decorator.py
[2024-03-01T17:43:27.539+0000] {processor.py:830} INFO - Processing file /home/airflow/.local/lib/python3.8/site-packages/airflow/example_dags/example_dag_decorator.py for tasks to queue
[2024-03-01T17:43:27.544+0000] {logging_mixin.py:188} INFO - [2024-03-01T17:43:27.543+0000] {dagbag.py:538} INFO - Filling up the DagBag from /home/airflow/.local/lib/python3.8/site-packages/airflow/example_dags/example_dag_decorator.py
[2024-03-01T17:43:27.888+0000] {processor.py:840} INFO - DAG(s) 'example_dag_decorator' retrieved from /home/airflow/.local/lib/python3.8/site-packages/airflow/example_dags/example_dag_decorator.py
[2024-03-01T17:43:28.214+0000] {logging_mixin.py:188} INFO - [2024-03-01T17:43:28.213+0000] {dag.py:3036} INFO - Sync 1 DAGs
[2024-03-01T17:43:28.248+0000] {logging_mixin.py:188} INFO - [2024-03-01T17:43:28.247+0000] {dag.py:3823} INFO - Setting next_dagrun for example_dag_decorator to None, run_after=None
[2024-03-01T17:43:28.303+0000] {processor.py:183} INFO - Processing /home/airflow/.local/lib/python3.8/site-packages/airflow/example_dags/example_dag_decorator.py took 0.772 seconds
[2024-03-01T18:01:08.051+0000] {processor.py:161} INFO - Started process (PID=113) to work on /home/airflow/.local/lib/python3.8/site-packages/airflow/example_dags/example_dag_decorator.py
[2024-03-01T18:01:08.066+0000] {processor.py:830} INFO - Processing file /home/airflow/.local/lib/python3.8/site-packages/airflow/example_dags/example_dag_decorator.py for tasks to queue
[2024-03-01T18:01:08.094+0000] {logging_mixin.py:188} INFO - [2024-03-01T18:01:08.083+0000] {dagbag.py:538} INFO - Filling up the DagBag from /home/airflow/.local/lib/python3.8/site-packages/airflow/example_dags/example_dag_decorator.py
[2024-03-01T18:01:11.022+0000] {processor.py:840} INFO - DAG(s) 'example_dag_decorator' retrieved from /home/airflow/.local/lib/python3.8/site-packages/airflow/example_dags/example_dag_decorator.py
[2024-03-01T18:01:12.987+0000] {logging_mixin.py:188} INFO - [2024-03-01T18:01:12.985+0000] {dag.py:3036} INFO - Sync 1 DAGs
[2024-03-01T18:01:13.155+0000] {logging_mixin.py:188} INFO - [2024-03-01T18:01:13.154+0000] {dag.py:3823} INFO - Setting next_dagrun for example_dag_decorator to None, run_after=None
[2024-03-01T18:01:13.345+0000] {processor.py:183} INFO - Processing /home/airflow/.local/lib/python3.8/site-packages/airflow/example_dags/example_dag_decorator.py took 5.358 seconds
[2024-03-01T18:01:57.820+0000] {processor.py:161} INFO - Started process (PID=179) to work on /home/airflow/.local/lib/python3.8/site-packages/airflow/example_dags/example_dag_decorator.py
[2024-03-01T18:01:57.843+0000] {processor.py:830} INFO - Processing file /home/airflow/.local/lib/python3.8/site-packages/airflow/example_dags/example_dag_decorator.py for tasks to queue
[2024-03-01T18:01:57.937+0000] {logging_mixin.py:188} INFO - [2024-03-01T18:01:57.899+0000] {dagbag.py:538} INFO - Filling up the DagBag from /home/airflow/.local/lib/python3.8/site-packages/airflow/example_dags/example_dag_decorator.py
[2024-03-01T18:01:59.624+0000] {processor.py:840} INFO - DAG(s) 'example_dag_decorator' retrieved from /home/airflow/.local/lib/python3.8/site-packages/airflow/example_dags/example_dag_decorator.py
[2024-03-01T18:02:01.960+0000] {logging_mixin.py:188} INFO - [2024-03-01T18:02:01.959+0000] {dag.py:3036} INFO - Sync 1 DAGs
[2024-03-01T18:02:02.180+0000] {logging_mixin.py:188} INFO - [2024-03-01T18:02:02.179+0000] {dag.py:3823} INFO - Setting next_dagrun for example_dag_decorator to None, run_after=None
[2024-03-01T18:02:02.721+0000] {processor.py:183} INFO - Processing /home/airflow/.local/lib/python3.8/site-packages/airflow/example_dags/example_dag_decorator.py took 5.104 seconds
[2024-03-01T18:02:33.581+0000] {processor.py:161} INFO - Started process (PID=237) to work on /home/airflow/.local/lib/python3.8/site-packages/airflow/example_dags/example_dag_decorator.py
[2024-03-01T18:02:33.593+0000] {processor.py:830} INFO - Processing file /home/airflow/.local/lib/python3.8/site-packages/airflow/example_dags/example_dag_decorator.py for tasks to queue
[2024-03-01T18:02:33.608+0000] {logging_mixin.py:188} INFO - [2024-03-01T18:02:33.607+0000] {dagbag.py:538} INFO - Filling up the DagBag from /home/airflow/.local/lib/python3.8/site-packages/airflow/example_dags/example_dag_decorator.py
[2024-03-01T18:02:34.664+0000] {processor.py:840} INFO - DAG(s) 'example_dag_decorator' retrieved from /home/airflow/.local/lib/python3.8/site-packages/airflow/example_dags/example_dag_decorator.py
[2024-03-01T18:02:35.614+0000] {logging_mixin.py:188} INFO - [2024-03-01T18:02:35.613+0000] {dag.py:3036} INFO - Sync 1 DAGs
[2024-03-01T18:02:35.683+0000] {logging_mixin.py:188} INFO - [2024-03-01T18:02:35.682+0000] {dag.py:3823} INFO - Setting next_dagrun for example_dag_decorator to None, run_after=None
[2024-03-01T18:02:35.806+0000] {processor.py:183} INFO - Processing /home/airflow/.local/lib/python3.8/site-packages/airflow/example_dags/example_dag_decorator.py took 2.267 seconds
[2024-03-01T18:03:06.910+0000] {processor.py:161} INFO - Started process (PID=300) to work on /home/airflow/.local/lib/python3.8/site-packages/airflow/example_dags/example_dag_decorator.py
[2024-03-01T18:03:06.914+0000] {processor.py:830} INFO - Processing file /home/airflow/.local/lib/python3.8/site-packages/airflow/example_dags/example_dag_decorator.py for tasks to queue
[2024-03-01T18:03:06.923+0000] {logging_mixin.py:188} INFO - [2024-03-01T18:03:06.921+0000] {dagbag.py:538} INFO - Filling up the DagBag from /home/airflow/.local/lib/python3.8/site-packages/airflow/example_dags/example_dag_decorator.py
[2024-03-01T18:03:07.792+0000] {processor.py:840} INFO - DAG(s) 'example_dag_decorator' retrieved from /home/airflow/.local/lib/python3.8/site-packages/airflow/example_dags/example_dag_decorator.py
[2024-03-01T18:03:08.786+0000] {logging_mixin.py:188} INFO - [2024-03-01T18:03:08.785+0000] {dag.py:3036} INFO - Sync 1 DAGs
[2024-03-01T18:03:08.873+0000] {logging_mixin.py:188} INFO - [2024-03-01T18:03:08.872+0000] {dag.py:3823} INFO - Setting next_dagrun for example_dag_decorator to None, run_after=None
[2024-03-01T18:03:09.095+0000] {processor.py:183} INFO - Processing /home/airflow/.local/lib/python3.8/site-packages/airflow/example_dags/example_dag_decorator.py took 2.203 seconds
[2024-03-01T18:03:39.229+0000] {processor.py:161} INFO - Started process (PID=360) to work on /home/airflow/.local/lib/python3.8/site-packages/airflow/example_dags/example_dag_decorator.py
[2024-03-01T18:03:39.232+0000] {processor.py:830} INFO - Processing file /home/airflow/.local/lib/python3.8/site-packages/airflow/example_dags/example_dag_decorator.py for tasks to queue
[2024-03-01T18:03:39.239+0000] {logging_mixin.py:188} INFO - [2024-03-01T18:03:39.238+0000] {dagbag.py:538} INFO - Filling up the DagBag from /home/airflow/.local/lib/python3.8/site-packages/airflow/example_dags/example_dag_decorator.py
[2024-03-01T18:03:39.803+0000] {processor.py:840} INFO - DAG(s) 'example_dag_decorator' retrieved from /home/airflow/.local/lib/python3.8/site-packages/airflow/example_dags/example_dag_decorator.py
[2024-03-01T18:03:40.305+0000] {logging_mixin.py:188} INFO - [2024-03-01T18:03:40.304+0000] {dag.py:3036} INFO - Sync 1 DAGs
[2024-03-01T18:03:40.350+0000] {logging_mixin.py:188} INFO - [2024-03-01T18:03:40.349+0000] {dag.py:3823} INFO - Setting next_dagrun for example_dag_decorator to None, run_after=None
[2024-03-01T18:03:40.434+0000] {processor.py:183} INFO - Processing /home/airflow/.local/lib/python3.8/site-packages/airflow/example_dags/example_dag_decorator.py took 1.223 seconds
[2024-03-01T18:07:55.115+0000] {processor.py:161} INFO - Started process (PID=102) to work on /home/airflow/.local/lib/python3.8/site-packages/airflow/example_dags/example_dag_decorator.py
[2024-03-01T18:07:55.120+0000] {processor.py:830} INFO - Processing file /home/airflow/.local/lib/python3.8/site-packages/airflow/example_dags/example_dag_decorator.py for tasks to queue
[2024-03-01T18:07:55.136+0000] {logging_mixin.py:188} INFO - [2024-03-01T18:07:55.132+0000] {dagbag.py:538} INFO - Filling up the DagBag from /home/airflow/.local/lib/python3.8/site-packages/airflow/example_dags/example_dag_decorator.py
[2024-03-01T18:07:56.470+0000] {processor.py:840} INFO - DAG(s) 'example_dag_decorator' retrieved from /home/airflow/.local/lib/python3.8/site-packages/airflow/example_dags/example_dag_decorator.py
[2024-03-01T18:07:57.150+0000] {logging_mixin.py:188} INFO - [2024-03-01T18:07:57.148+0000] {dag.py:3036} INFO - Sync 1 DAGs
[2024-03-01T18:07:57.210+0000] {logging_mixin.py:188} INFO - [2024-03-01T18:07:57.209+0000] {dag.py:3823} INFO - Setting next_dagrun for example_dag_decorator to None, run_after=None
[2024-03-01T18:07:57.356+0000] {processor.py:183} INFO - Processing /home/airflow/.local/lib/python3.8/site-packages/airflow/example_dags/example_dag_decorator.py took 2.254 seconds
[2024-03-01T18:08:27.507+0000] {processor.py:161} INFO - Started process (PID=161) to work on /home/airflow/.local/lib/python3.8/site-packages/airflow/example_dags/example_dag_decorator.py
[2024-03-01T18:08:27.511+0000] {processor.py:830} INFO - Processing file /home/airflow/.local/lib/python3.8/site-packages/airflow/example_dags/example_dag_decorator.py for tasks to queue
[2024-03-01T18:08:27.519+0000] {logging_mixin.py:188} INFO - [2024-03-01T18:08:27.518+0000] {dagbag.py:538} INFO - Filling up the DagBag from /home/airflow/.local/lib/python3.8/site-packages/airflow/example_dags/example_dag_decorator.py
[2024-03-01T18:08:28.225+0000] {processor.py:840} INFO - DAG(s) 'example_dag_decorator' retrieved from /home/airflow/.local/lib/python3.8/site-packages/airflow/example_dags/example_dag_decorator.py
[2024-03-01T18:08:28.867+0000] {logging_mixin.py:188} INFO - [2024-03-01T18:08:28.866+0000] {dag.py:3036} INFO - Sync 1 DAGs
[2024-03-01T18:08:28.953+0000] {logging_mixin.py:188} INFO - [2024-03-01T18:08:28.952+0000] {dag.py:3823} INFO - Setting next_dagrun for example_dag_decorator to None, run_after=None
[2024-03-01T18:08:29.042+0000] {processor.py:183} INFO - Processing /home/airflow/.local/lib/python3.8/site-packages/airflow/example_dags/example_dag_decorator.py took 1.549 seconds
[2024-03-01T18:08:59.448+0000] {processor.py:161} INFO - Started process (PID=223) to work on /home/airflow/.local/lib/python3.8/site-packages/airflow/example_dags/example_dag_decorator.py
[2024-03-01T18:08:59.467+0000] {processor.py:830} INFO - Processing file /home/airflow/.local/lib/python3.8/site-packages/airflow/example_dags/example_dag_decorator.py for tasks to queue
[2024-03-01T18:08:59.482+0000] {logging_mixin.py:188} INFO - [2024-03-01T18:08:59.479+0000] {dagbag.py:538} INFO - Filling up the DagBag from /home/airflow/.local/lib/python3.8/site-packages/airflow/example_dags/example_dag_decorator.py
[2024-03-01T18:09:00.406+0000] {processor.py:840} INFO - DAG(s) 'example_dag_decorator' retrieved from /home/airflow/.local/lib/python3.8/site-packages/airflow/example_dags/example_dag_decorator.py
[2024-03-01T18:09:01.716+0000] {logging_mixin.py:188} INFO - [2024-03-01T18:09:01.714+0000] {dag.py:3036} INFO - Sync 1 DAGs
[2024-03-01T18:09:01.883+0000] {logging_mixin.py:188} INFO - [2024-03-01T18:09:01.881+0000] {dag.py:3823} INFO - Setting next_dagrun for example_dag_decorator to None, run_after=None
[2024-03-01T18:09:02.129+0000] {processor.py:183} INFO - Processing /home/airflow/.local/lib/python3.8/site-packages/airflow/example_dags/example_dag_decorator.py took 2.709 seconds
[2024-03-01T18:09:34.089+0000] {processor.py:161} INFO - Started process (PID=289) to work on /home/airflow/.local/lib/python3.8/site-packages/airflow/example_dags/example_dag_decorator.py
[2024-03-01T18:09:34.096+0000] {processor.py:830} INFO - Processing file /home/airflow/.local/lib/python3.8/site-packages/airflow/example_dags/example_dag_decorator.py for tasks to queue
[2024-03-01T18:09:34.113+0000] {logging_mixin.py:188} INFO - [2024-03-01T18:09:34.111+0000] {dagbag.py:538} INFO - Filling up the DagBag from /home/airflow/.local/lib/python3.8/site-packages/airflow/example_dags/example_dag_decorator.py
[2024-03-01T18:09:35.188+0000] {processor.py:840} INFO - DAG(s) 'example_dag_decorator' retrieved from /home/airflow/.local/lib/python3.8/site-packages/airflow/example_dags/example_dag_decorator.py
[2024-03-01T18:09:36.583+0000] {logging_mixin.py:188} INFO - [2024-03-01T18:09:36.581+0000] {dag.py:3036} INFO - Sync 1 DAGs
[2024-03-01T18:09:36.704+0000] {logging_mixin.py:188} INFO - [2024-03-01T18:09:36.703+0000] {dag.py:3823} INFO - Setting next_dagrun for example_dag_decorator to None, run_after=None
[2024-03-01T18:09:36.870+0000] {processor.py:183} INFO - Processing /home/airflow/.local/lib/python3.8/site-packages/airflow/example_dags/example_dag_decorator.py took 2.800 seconds
[2024-03-01T18:10:07.735+0000] {processor.py:161} INFO - Started process (PID=350) to work on /home/airflow/.local/lib/python3.8/site-packages/airflow/example_dags/example_dag_decorator.py
[2024-03-01T18:10:07.745+0000] {processor.py:830} INFO - Processing file /home/airflow/.local/lib/python3.8/site-packages/airflow/example_dags/example_dag_decorator.py for tasks to queue
[2024-03-01T18:10:07.755+0000] {logging_mixin.py:188} INFO - [2024-03-01T18:10:07.753+0000] {dagbag.py:538} INFO - Filling up the DagBag from /home/airflow/.local/lib/python3.8/site-packages/airflow/example_dags/example_dag_decorator.py
[2024-03-01T18:10:08.711+0000] {processor.py:840} INFO - DAG(s) 'example_dag_decorator' retrieved from /home/airflow/.local/lib/python3.8/site-packages/airflow/example_dags/example_dag_decorator.py
[2024-03-01T18:10:08.908+0000] {logging_mixin.py:188} INFO - [2024-03-01T18:10:08.907+0000] {dag.py:3036} INFO - Sync 1 DAGs
[2024-03-01T18:10:09.010+0000] {logging_mixin.py:188} INFO - [2024-03-01T18:10:09.009+0000] {dag.py:3823} INFO - Setting next_dagrun for example_dag_decorator to None, run_after=None
[2024-03-01T18:10:09.142+0000] {processor.py:183} INFO - Processing /home/airflow/.local/lib/python3.8/site-packages/airflow/example_dags/example_dag_decorator.py took 1.433 seconds
[2024-03-01T18:10:39.446+0000] {processor.py:161} INFO - Started process (PID=410) to work on /home/airflow/.local/lib/python3.8/site-packages/airflow/example_dags/example_dag_decorator.py
[2024-03-01T18:10:39.452+0000] {processor.py:830} INFO - Processing file /home/airflow/.local/lib/python3.8/site-packages/airflow/example_dags/example_dag_decorator.py for tasks to queue
[2024-03-01T18:10:39.461+0000] {logging_mixin.py:188} INFO - [2024-03-01T18:10:39.459+0000] {dagbag.py:538} INFO - Filling up the DagBag from /home/airflow/.local/lib/python3.8/site-packages/airflow/example_dags/example_dag_decorator.py
[2024-03-01T18:10:40.355+0000] {processor.py:840} INFO - DAG(s) 'example_dag_decorator' retrieved from /home/airflow/.local/lib/python3.8/site-packages/airflow/example_dags/example_dag_decorator.py
[2024-03-01T18:10:41.637+0000] {logging_mixin.py:188} INFO - [2024-03-01T18:10:41.635+0000] {dag.py:3036} INFO - Sync 1 DAGs
[2024-03-01T18:10:41.726+0000] {logging_mixin.py:188} INFO - [2024-03-01T18:10:41.724+0000] {dag.py:3823} INFO - Setting next_dagrun for example_dag_decorator to None, run_after=None
[2024-03-01T18:10:41.906+0000] {processor.py:183} INFO - Processing /home/airflow/.local/lib/python3.8/site-packages/airflow/example_dags/example_dag_decorator.py took 2.480 seconds
[2024-03-01T18:11:12.055+0000] {processor.py:161} INFO - Started process (PID=470) to work on /home/airflow/.local/lib/python3.8/site-packages/airflow/example_dags/example_dag_decorator.py
[2024-03-01T18:11:12.060+0000] {processor.py:830} INFO - Processing file /home/airflow/.local/lib/python3.8/site-packages/airflow/example_dags/example_dag_decorator.py for tasks to queue
[2024-03-01T18:11:12.069+0000] {logging_mixin.py:188} INFO - [2024-03-01T18:11:12.067+0000] {dagbag.py:538} INFO - Filling up the DagBag from /home/airflow/.local/lib/python3.8/site-packages/airflow/example_dags/example_dag_decorator.py
[2024-03-01T18:11:12.763+0000] {processor.py:840} INFO - DAG(s) 'example_dag_decorator' retrieved from /home/airflow/.local/lib/python3.8/site-packages/airflow/example_dags/example_dag_decorator.py
[2024-03-01T18:11:13.312+0000] {logging_mixin.py:188} INFO - [2024-03-01T18:11:13.311+0000] {dag.py:3036} INFO - Sync 1 DAGs
[2024-03-01T18:11:13.362+0000] {logging_mixin.py:188} INFO - [2024-03-01T18:11:13.362+0000] {dag.py:3823} INFO - Setting next_dagrun for example_dag_decorator to None, run_after=None
[2024-03-01T18:11:13.457+0000] {processor.py:183} INFO - Processing /home/airflow/.local/lib/python3.8/site-packages/airflow/example_dags/example_dag_decorator.py took 1.426 seconds
[2024-03-01T18:11:44.677+0000] {processor.py:161} INFO - Started process (PID=530) to work on /home/airflow/.local/lib/python3.8/site-packages/airflow/example_dags/example_dag_decorator.py
[2024-03-01T18:11:44.680+0000] {processor.py:830} INFO - Processing file /home/airflow/.local/lib/python3.8/site-packages/airflow/example_dags/example_dag_decorator.py for tasks to queue
[2024-03-01T18:11:44.686+0000] {logging_mixin.py:188} INFO - [2024-03-01T18:11:44.685+0000] {dagbag.py:538} INFO - Filling up the DagBag from /home/airflow/.local/lib/python3.8/site-packages/airflow/example_dags/example_dag_decorator.py
[2024-03-01T18:11:45.271+0000] {processor.py:840} INFO - DAG(s) 'example_dag_decorator' retrieved from /home/airflow/.local/lib/python3.8/site-packages/airflow/example_dags/example_dag_decorator.py
[2024-03-01T18:11:45.847+0000] {logging_mixin.py:188} INFO - [2024-03-01T18:11:45.846+0000] {dag.py:3036} INFO - Sync 1 DAGs
[2024-03-01T18:11:45.898+0000] {logging_mixin.py:188} INFO - [2024-03-01T18:11:45.897+0000] {dag.py:3823} INFO - Setting next_dagrun for example_dag_decorator to None, run_after=None
[2024-03-01T18:11:45.981+0000] {processor.py:183} INFO - Processing /home/airflow/.local/lib/python3.8/site-packages/airflow/example_dags/example_dag_decorator.py took 1.316 seconds
[2024-03-01T18:12:18.707+0000] {processor.py:161} INFO - Started process (PID=590) to work on /home/airflow/.local/lib/python3.8/site-packages/airflow/example_dags/example_dag_decorator.py
[2024-03-01T18:12:18.718+0000] {processor.py:830} INFO - Processing file /home/airflow/.local/lib/python3.8/site-packages/airflow/example_dags/example_dag_decorator.py for tasks to queue
[2024-03-01T18:12:18.750+0000] {logging_mixin.py:188} INFO - [2024-03-01T18:12:18.740+0000] {dagbag.py:538} INFO - Filling up the DagBag from /home/airflow/.local/lib/python3.8/site-packages/airflow/example_dags/example_dag_decorator.py
[2024-03-01T18:12:19.655+0000] {processor.py:840} INFO - DAG(s) 'example_dag_decorator' retrieved from /home/airflow/.local/lib/python3.8/site-packages/airflow/example_dags/example_dag_decorator.py
[2024-03-01T18:12:19.797+0000] {logging_mixin.py:188} INFO - [2024-03-01T18:12:19.796+0000] {dag.py:3036} INFO - Sync 1 DAGs
[2024-03-01T18:12:19.879+0000] {logging_mixin.py:188} INFO - [2024-03-01T18:12:19.878+0000] {dag.py:3823} INFO - Setting next_dagrun for example_dag_decorator to None, run_after=None
[2024-03-01T18:12:20.046+0000] {processor.py:183} INFO - Processing /home/airflow/.local/lib/python3.8/site-packages/airflow/example_dags/example_dag_decorator.py took 1.358 seconds
[2024-03-01T18:12:50.347+0000] {processor.py:161} INFO - Started process (PID=649) to work on /home/airflow/.local/lib/python3.8/site-packages/airflow/example_dags/example_dag_decorator.py
[2024-03-01T18:12:50.352+0000] {processor.py:830} INFO - Processing file /home/airflow/.local/lib/python3.8/site-packages/airflow/example_dags/example_dag_decorator.py for tasks to queue
[2024-03-01T18:12:50.382+0000] {logging_mixin.py:188} INFO - [2024-03-01T18:12:50.371+0000] {dagbag.py:538} INFO - Filling up the DagBag from /home/airflow/.local/lib/python3.8/site-packages/airflow/example_dags/example_dag_decorator.py
[2024-03-01T18:12:51.316+0000] {processor.py:840} INFO - DAG(s) 'example_dag_decorator' retrieved from /home/airflow/.local/lib/python3.8/site-packages/airflow/example_dags/example_dag_decorator.py
[2024-03-01T18:12:52.185+0000] {logging_mixin.py:188} INFO - [2024-03-01T18:12:52.184+0000] {dag.py:3036} INFO - Sync 1 DAGs
[2024-03-01T18:12:52.285+0000] {logging_mixin.py:188} INFO - [2024-03-01T18:12:52.283+0000] {dag.py:3823} INFO - Setting next_dagrun for example_dag_decorator to None, run_after=None
[2024-03-01T18:12:52.486+0000] {processor.py:183} INFO - Processing /home/airflow/.local/lib/python3.8/site-packages/airflow/example_dags/example_dag_decorator.py took 2.172 seconds
[2024-03-01T18:13:22.620+0000] {processor.py:161} INFO - Started process (PID=708) to work on /home/airflow/.local/lib/python3.8/site-packages/airflow/example_dags/example_dag_decorator.py
[2024-03-01T18:13:22.624+0000] {processor.py:830} INFO - Processing file /home/airflow/.local/lib/python3.8/site-packages/airflow/example_dags/example_dag_decorator.py for tasks to queue
[2024-03-01T18:13:22.631+0000] {logging_mixin.py:188} INFO - [2024-03-01T18:13:22.630+0000] {dagbag.py:538} INFO - Filling up the DagBag from /home/airflow/.local/lib/python3.8/site-packages/airflow/example_dags/example_dag_decorator.py
[2024-03-01T18:13:23.431+0000] {processor.py:840} INFO - DAG(s) 'example_dag_decorator' retrieved from /home/airflow/.local/lib/python3.8/site-packages/airflow/example_dags/example_dag_decorator.py
[2024-03-01T18:13:24.261+0000] {logging_mixin.py:188} INFO - [2024-03-01T18:13:24.259+0000] {dag.py:3036} INFO - Sync 1 DAGs
[2024-03-01T18:13:24.349+0000] {logging_mixin.py:188} INFO - [2024-03-01T18:13:24.347+0000] {dag.py:3823} INFO - Setting next_dagrun for example_dag_decorator to None, run_after=None
[2024-03-01T18:13:24.494+0000] {processor.py:183} INFO - Processing /home/airflow/.local/lib/python3.8/site-packages/airflow/example_dags/example_dag_decorator.py took 1.892 seconds
[2024-03-01T18:18:18.362+0000] {processor.py:161} INFO - Started process (PID=102) to work on /home/airflow/.local/lib/python3.8/site-packages/airflow/example_dags/example_dag_decorator.py
[2024-03-01T18:18:18.367+0000] {processor.py:830} INFO - Processing file /home/airflow/.local/lib/python3.8/site-packages/airflow/example_dags/example_dag_decorator.py for tasks to queue
[2024-03-01T18:18:18.375+0000] {logging_mixin.py:188} INFO - [2024-03-01T18:18:18.374+0000] {dagbag.py:538} INFO - Filling up the DagBag from /home/airflow/.local/lib/python3.8/site-packages/airflow/example_dags/example_dag_decorator.py
[2024-03-01T18:18:19.993+0000] {processor.py:840} INFO - DAG(s) 'example_dag_decorator' retrieved from /home/airflow/.local/lib/python3.8/site-packages/airflow/example_dags/example_dag_decorator.py
[2024-03-01T18:18:20.859+0000] {logging_mixin.py:188} INFO - [2024-03-01T18:18:20.858+0000] {dag.py:3036} INFO - Sync 1 DAGs
[2024-03-01T18:18:20.924+0000] {logging_mixin.py:188} INFO - [2024-03-01T18:18:20.923+0000] {dag.py:3823} INFO - Setting next_dagrun for example_dag_decorator to None, run_after=None
[2024-03-01T18:18:21.052+0000] {processor.py:183} INFO - Processing /home/airflow/.local/lib/python3.8/site-packages/airflow/example_dags/example_dag_decorator.py took 2.706 seconds
[2024-03-01T18:18:51.140+0000] {processor.py:161} INFO - Started process (PID=160) to work on /home/airflow/.local/lib/python3.8/site-packages/airflow/example_dags/example_dag_decorator.py
[2024-03-01T18:18:51.143+0000] {processor.py:830} INFO - Processing file /home/airflow/.local/lib/python3.8/site-packages/airflow/example_dags/example_dag_decorator.py for tasks to queue
[2024-03-01T18:18:51.151+0000] {logging_mixin.py:188} INFO - [2024-03-01T18:18:51.150+0000] {dagbag.py:538} INFO - Filling up the DagBag from /home/airflow/.local/lib/python3.8/site-packages/airflow/example_dags/example_dag_decorator.py
[2024-03-01T18:18:51.874+0000] {processor.py:840} INFO - DAG(s) 'example_dag_decorator' retrieved from /home/airflow/.local/lib/python3.8/site-packages/airflow/example_dags/example_dag_decorator.py
[2024-03-01T18:18:52.630+0000] {logging_mixin.py:188} INFO - [2024-03-01T18:18:52.629+0000] {dag.py:3036} INFO - Sync 1 DAGs
[2024-03-01T18:18:52.728+0000] {logging_mixin.py:188} INFO - [2024-03-01T18:18:52.727+0000] {dag.py:3823} INFO - Setting next_dagrun for example_dag_decorator to None, run_after=None
[2024-03-01T18:18:52.884+0000] {processor.py:183} INFO - Processing /home/airflow/.local/lib/python3.8/site-packages/airflow/example_dags/example_dag_decorator.py took 1.756 seconds
[2024-03-01T18:19:23.001+0000] {processor.py:161} INFO - Started process (PID=223) to work on /home/airflow/.local/lib/python3.8/site-packages/airflow/example_dags/example_dag_decorator.py
[2024-03-01T18:19:23.005+0000] {processor.py:830} INFO - Processing file /home/airflow/.local/lib/python3.8/site-packages/airflow/example_dags/example_dag_decorator.py for tasks to queue
[2024-03-01T18:19:23.015+0000] {logging_mixin.py:188} INFO - [2024-03-01T18:19:23.013+0000] {dagbag.py:538} INFO - Filling up the DagBag from /home/airflow/.local/lib/python3.8/site-packages/airflow/example_dags/example_dag_decorator.py
[2024-03-01T18:19:23.874+0000] {processor.py:840} INFO - DAG(s) 'example_dag_decorator' retrieved from /home/airflow/.local/lib/python3.8/site-packages/airflow/example_dags/example_dag_decorator.py
[2024-03-01T18:19:24.944+0000] {logging_mixin.py:188} INFO - [2024-03-01T18:19:24.943+0000] {dag.py:3036} INFO - Sync 1 DAGs
[2024-03-01T18:19:25.027+0000] {logging_mixin.py:188} INFO - [2024-03-01T18:19:25.026+0000] {dag.py:3823} INFO - Setting next_dagrun for example_dag_decorator to None, run_after=None
[2024-03-01T18:19:25.176+0000] {processor.py:183} INFO - Processing /home/airflow/.local/lib/python3.8/site-packages/airflow/example_dags/example_dag_decorator.py took 2.193 seconds
[2024-03-01T18:19:56.699+0000] {processor.py:161} INFO - Started process (PID=284) to work on /home/airflow/.local/lib/python3.8/site-packages/airflow/example_dags/example_dag_decorator.py
[2024-03-01T18:19:56.703+0000] {processor.py:830} INFO - Processing file /home/airflow/.local/lib/python3.8/site-packages/airflow/example_dags/example_dag_decorator.py for tasks to queue
[2024-03-01T18:19:56.713+0000] {logging_mixin.py:188} INFO - [2024-03-01T18:19:56.712+0000] {dagbag.py:538} INFO - Filling up the DagBag from /home/airflow/.local/lib/python3.8/site-packages/airflow/example_dags/example_dag_decorator.py
[2024-03-01T18:19:57.676+0000] {processor.py:840} INFO - DAG(s) 'example_dag_decorator' retrieved from /home/airflow/.local/lib/python3.8/site-packages/airflow/example_dags/example_dag_decorator.py
[2024-03-01T18:19:58.866+0000] {logging_mixin.py:188} INFO - [2024-03-01T18:19:58.864+0000] {dag.py:3036} INFO - Sync 1 DAGs
[2024-03-01T18:19:58.952+0000] {logging_mixin.py:188} INFO - [2024-03-01T18:19:58.951+0000] {dag.py:3823} INFO - Setting next_dagrun for example_dag_decorator to None, run_after=None
[2024-03-01T18:19:59.125+0000] {processor.py:183} INFO - Processing /home/airflow/.local/lib/python3.8/site-packages/airflow/example_dags/example_dag_decorator.py took 2.449 seconds
[2024-03-01T18:20:29.543+0000] {processor.py:161} INFO - Started process (PID=351) to work on /home/airflow/.local/lib/python3.8/site-packages/airflow/example_dags/example_dag_decorator.py
[2024-03-01T18:20:29.546+0000] {processor.py:830} INFO - Processing file /home/airflow/.local/lib/python3.8/site-packages/airflow/example_dags/example_dag_decorator.py for tasks to queue
[2024-03-01T18:20:29.556+0000] {logging_mixin.py:188} INFO - [2024-03-01T18:20:29.554+0000] {dagbag.py:538} INFO - Filling up the DagBag from /home/airflow/.local/lib/python3.8/site-packages/airflow/example_dags/example_dag_decorator.py
[2024-03-01T18:20:30.437+0000] {processor.py:840} INFO - DAG(s) 'example_dag_decorator' retrieved from /home/airflow/.local/lib/python3.8/site-packages/airflow/example_dags/example_dag_decorator.py
[2024-03-01T18:20:31.424+0000] {logging_mixin.py:188} INFO - [2024-03-01T18:20:31.416+0000] {dag.py:3036} INFO - Sync 1 DAGs
[2024-03-01T18:20:31.547+0000] {logging_mixin.py:188} INFO - [2024-03-01T18:20:31.546+0000] {dag.py:3823} INFO - Setting next_dagrun for example_dag_decorator to None, run_after=None
[2024-03-01T18:20:31.778+0000] {processor.py:183} INFO - Processing /home/airflow/.local/lib/python3.8/site-packages/airflow/example_dags/example_dag_decorator.py took 2.251 seconds
[2024-03-01T18:21:01.954+0000] {processor.py:161} INFO - Started process (PID=411) to work on /home/airflow/.local/lib/python3.8/site-packages/airflow/example_dags/example_dag_decorator.py
[2024-03-01T18:21:01.958+0000] {processor.py:830} INFO - Processing file /home/airflow/.local/lib/python3.8/site-packages/airflow/example_dags/example_dag_decorator.py for tasks to queue
[2024-03-01T18:21:01.968+0000] {logging_mixin.py:188} INFO - [2024-03-01T18:21:01.966+0000] {dagbag.py:538} INFO - Filling up the DagBag from /home/airflow/.local/lib/python3.8/site-packages/airflow/example_dags/example_dag_decorator.py
[2024-03-01T18:21:03.018+0000] {processor.py:840} INFO - DAG(s) 'example_dag_decorator' retrieved from /home/airflow/.local/lib/python3.8/site-packages/airflow/example_dags/example_dag_decorator.py
[2024-03-01T18:21:04.229+0000] {logging_mixin.py:188} INFO - [2024-03-01T18:21:04.228+0000] {dag.py:3036} INFO - Sync 1 DAGs
[2024-03-01T18:21:04.336+0000] {logging_mixin.py:188} INFO - [2024-03-01T18:21:04.334+0000] {dag.py:3823} INFO - Setting next_dagrun for example_dag_decorator to None, run_after=None
[2024-03-01T18:21:04.506+0000] {processor.py:183} INFO - Processing /home/airflow/.local/lib/python3.8/site-packages/airflow/example_dags/example_dag_decorator.py took 2.570 seconds
[2024-03-01T18:21:34.712+0000] {processor.py:161} INFO - Started process (PID=471) to work on /home/airflow/.local/lib/python3.8/site-packages/airflow/example_dags/example_dag_decorator.py
[2024-03-01T18:21:34.718+0000] {processor.py:830} INFO - Processing file /home/airflow/.local/lib/python3.8/site-packages/airflow/example_dags/example_dag_decorator.py for tasks to queue
[2024-03-01T18:21:34.734+0000] {logging_mixin.py:188} INFO - [2024-03-01T18:21:34.733+0000] {dagbag.py:538} INFO - Filling up the DagBag from /home/airflow/.local/lib/python3.8/site-packages/airflow/example_dags/example_dag_decorator.py
[2024-03-01T18:21:35.723+0000] {processor.py:840} INFO - DAG(s) 'example_dag_decorator' retrieved from /home/airflow/.local/lib/python3.8/site-packages/airflow/example_dags/example_dag_decorator.py
[2024-03-01T18:21:36.551+0000] {logging_mixin.py:188} INFO - [2024-03-01T18:21:36.549+0000] {dag.py:3036} INFO - Sync 1 DAGs
[2024-03-01T18:21:36.629+0000] {logging_mixin.py:188} INFO - [2024-03-01T18:21:36.627+0000] {dag.py:3823} INFO - Setting next_dagrun for example_dag_decorator to None, run_after=None
[2024-03-01T18:21:36.754+0000] {processor.py:183} INFO - Processing /home/airflow/.local/lib/python3.8/site-packages/airflow/example_dags/example_dag_decorator.py took 2.067 seconds
[2024-03-01T18:22:07.347+0000] {processor.py:161} INFO - Started process (PID=533) to work on /home/airflow/.local/lib/python3.8/site-packages/airflow/example_dags/example_dag_decorator.py
[2024-03-01T18:22:07.355+0000] {processor.py:830} INFO - Processing file /home/airflow/.local/lib/python3.8/site-packages/airflow/example_dags/example_dag_decorator.py for tasks to queue
[2024-03-01T18:22:07.367+0000] {logging_mixin.py:188} INFO - [2024-03-01T18:22:07.365+0000] {dagbag.py:538} INFO - Filling up the DagBag from /home/airflow/.local/lib/python3.8/site-packages/airflow/example_dags/example_dag_decorator.py
[2024-03-01T18:22:08.603+0000] {processor.py:840} INFO - DAG(s) 'example_dag_decorator' retrieved from /home/airflow/.local/lib/python3.8/site-packages/airflow/example_dags/example_dag_decorator.py
[2024-03-01T18:22:08.937+0000] {logging_mixin.py:188} INFO - [2024-03-01T18:22:08.935+0000] {dag.py:3036} INFO - Sync 1 DAGs
[2024-03-01T18:22:09.048+0000] {logging_mixin.py:188} INFO - [2024-03-01T18:22:09.047+0000] {dag.py:3823} INFO - Setting next_dagrun for example_dag_decorator to None, run_after=None
[2024-03-01T18:22:09.173+0000] {processor.py:183} INFO - Processing /home/airflow/.local/lib/python3.8/site-packages/airflow/example_dags/example_dag_decorator.py took 1.843 seconds
[2024-03-01T18:22:39.589+0000] {processor.py:161} INFO - Started process (PID=598) to work on /home/airflow/.local/lib/python3.8/site-packages/airflow/example_dags/example_dag_decorator.py
[2024-03-01T18:22:39.595+0000] {processor.py:830} INFO - Processing file /home/airflow/.local/lib/python3.8/site-packages/airflow/example_dags/example_dag_decorator.py for tasks to queue
[2024-03-01T18:22:39.605+0000] {logging_mixin.py:188} INFO - [2024-03-01T18:22:39.603+0000] {dagbag.py:538} INFO - Filling up the DagBag from /home/airflow/.local/lib/python3.8/site-packages/airflow/example_dags/example_dag_decorator.py
[2024-03-01T18:22:40.452+0000] {processor.py:840} INFO - DAG(s) 'example_dag_decorator' retrieved from /home/airflow/.local/lib/python3.8/site-packages/airflow/example_dags/example_dag_decorator.py
[2024-03-01T18:22:40.607+0000] {logging_mixin.py:188} INFO - [2024-03-01T18:22:40.606+0000] {dag.py:3036} INFO - Sync 1 DAGs
[2024-03-01T18:22:40.692+0000] {logging_mixin.py:188} INFO - [2024-03-01T18:22:40.691+0000] {dag.py:3823} INFO - Setting next_dagrun for example_dag_decorator to None, run_after=None
[2024-03-01T18:22:40.844+0000] {processor.py:183} INFO - Processing /home/airflow/.local/lib/python3.8/site-packages/airflow/example_dags/example_dag_decorator.py took 1.272 seconds
[2024-03-01T18:23:10.919+0000] {processor.py:161} INFO - Started process (PID=656) to work on /home/airflow/.local/lib/python3.8/site-packages/airflow/example_dags/example_dag_decorator.py
[2024-03-01T18:23:10.922+0000] {processor.py:830} INFO - Processing file /home/airflow/.local/lib/python3.8/site-packages/airflow/example_dags/example_dag_decorator.py for tasks to queue
[2024-03-01T18:23:10.930+0000] {logging_mixin.py:188} INFO - [2024-03-01T18:23:10.928+0000] {dagbag.py:538} INFO - Filling up the DagBag from /home/airflow/.local/lib/python3.8/site-packages/airflow/example_dags/example_dag_decorator.py
[2024-03-01T18:23:11.576+0000] {processor.py:840} INFO - DAG(s) 'example_dag_decorator' retrieved from /home/airflow/.local/lib/python3.8/site-packages/airflow/example_dags/example_dag_decorator.py
[2024-03-01T18:23:12.201+0000] {logging_mixin.py:188} INFO - [2024-03-01T18:23:12.200+0000] {dag.py:3036} INFO - Sync 1 DAGs
[2024-03-01T18:23:12.257+0000] {logging_mixin.py:188} INFO - [2024-03-01T18:23:12.256+0000] {dag.py:3823} INFO - Setting next_dagrun for example_dag_decorator to None, run_after=None
[2024-03-01T18:23:12.370+0000] {processor.py:183} INFO - Processing /home/airflow/.local/lib/python3.8/site-packages/airflow/example_dags/example_dag_decorator.py took 1.468 seconds
[2024-03-01T18:23:42.498+0000] {processor.py:161} INFO - Started process (PID=714) to work on /home/airflow/.local/lib/python3.8/site-packages/airflow/example_dags/example_dag_decorator.py
[2024-03-01T18:23:42.503+0000] {processor.py:830} INFO - Processing file /home/airflow/.local/lib/python3.8/site-packages/airflow/example_dags/example_dag_decorator.py for tasks to queue
[2024-03-01T18:23:42.510+0000] {logging_mixin.py:188} INFO - [2024-03-01T18:23:42.509+0000] {dagbag.py:538} INFO - Filling up the DagBag from /home/airflow/.local/lib/python3.8/site-packages/airflow/example_dags/example_dag_decorator.py
[2024-03-01T18:23:43.285+0000] {processor.py:840} INFO - DAG(s) 'example_dag_decorator' retrieved from /home/airflow/.local/lib/python3.8/site-packages/airflow/example_dags/example_dag_decorator.py
[2024-03-01T18:23:43.919+0000] {logging_mixin.py:188} INFO - [2024-03-01T18:23:43.918+0000] {dag.py:3036} INFO - Sync 1 DAGs
[2024-03-01T18:23:44.021+0000] {logging_mixin.py:188} INFO - [2024-03-01T18:23:44.019+0000] {dag.py:3823} INFO - Setting next_dagrun for example_dag_decorator to None, run_after=None
[2024-03-01T18:23:44.190+0000] {processor.py:183} INFO - Processing /home/airflow/.local/lib/python3.8/site-packages/airflow/example_dags/example_dag_decorator.py took 1.712 seconds
[2024-03-01T18:24:19.448+0000] {processor.py:161} INFO - Started process (PID=775) to work on /home/airflow/.local/lib/python3.8/site-packages/airflow/example_dags/example_dag_decorator.py
[2024-03-01T18:24:19.467+0000] {processor.py:830} INFO - Processing file /home/airflow/.local/lib/python3.8/site-packages/airflow/example_dags/example_dag_decorator.py for tasks to queue
[2024-03-01T18:24:19.482+0000] {logging_mixin.py:188} INFO - [2024-03-01T18:24:19.481+0000] {dagbag.py:538} INFO - Filling up the DagBag from /home/airflow/.local/lib/python3.8/site-packages/airflow/example_dags/example_dag_decorator.py
[2024-03-01T18:24:20.651+0000] {processor.py:840} INFO - DAG(s) 'example_dag_decorator' retrieved from /home/airflow/.local/lib/python3.8/site-packages/airflow/example_dags/example_dag_decorator.py
[2024-03-01T18:24:21.886+0000] {logging_mixin.py:188} INFO - [2024-03-01T18:24:21.885+0000] {dag.py:3036} INFO - Sync 1 DAGs
[2024-03-01T18:24:21.979+0000] {logging_mixin.py:188} INFO - [2024-03-01T18:24:21.978+0000] {dag.py:3823} INFO - Setting next_dagrun for example_dag_decorator to None, run_after=None
[2024-03-01T18:24:22.188+0000] {processor.py:183} INFO - Processing /home/airflow/.local/lib/python3.8/site-packages/airflow/example_dags/example_dag_decorator.py took 2.770 seconds
[2024-03-01T18:24:53.413+0000] {processor.py:161} INFO - Started process (PID=835) to work on /home/airflow/.local/lib/python3.8/site-packages/airflow/example_dags/example_dag_decorator.py
[2024-03-01T18:24:53.424+0000] {processor.py:830} INFO - Processing file /home/airflow/.local/lib/python3.8/site-packages/airflow/example_dags/example_dag_decorator.py for tasks to queue
[2024-03-01T18:24:53.435+0000] {logging_mixin.py:188} INFO - [2024-03-01T18:24:53.431+0000] {dagbag.py:538} INFO - Filling up the DagBag from /home/airflow/.local/lib/python3.8/site-packages/airflow/example_dags/example_dag_decorator.py
[2024-03-01T18:24:54.551+0000] {processor.py:840} INFO - DAG(s) 'example_dag_decorator' retrieved from /home/airflow/.local/lib/python3.8/site-packages/airflow/example_dags/example_dag_decorator.py
[2024-03-01T18:24:55.656+0000] {logging_mixin.py:188} INFO - [2024-03-01T18:24:55.654+0000] {dag.py:3036} INFO - Sync 1 DAGs
[2024-03-01T18:24:55.771+0000] {logging_mixin.py:188} INFO - [2024-03-01T18:24:55.764+0000] {dag.py:3823} INFO - Setting next_dagrun for example_dag_decorator to None, run_after=None
[2024-03-01T18:24:56.079+0000] {processor.py:183} INFO - Processing /home/airflow/.local/lib/python3.8/site-packages/airflow/example_dags/example_dag_decorator.py took 2.701 seconds
[2024-03-01T18:25:27.722+0000] {processor.py:161} INFO - Started process (PID=896) to work on /home/airflow/.local/lib/python3.8/site-packages/airflow/example_dags/example_dag_decorator.py
[2024-03-01T18:25:27.727+0000] {processor.py:830} INFO - Processing file /home/airflow/.local/lib/python3.8/site-packages/airflow/example_dags/example_dag_decorator.py for tasks to queue
[2024-03-01T18:25:27.744+0000] {logging_mixin.py:188} INFO - [2024-03-01T18:25:27.742+0000] {dagbag.py:538} INFO - Filling up the DagBag from /home/airflow/.local/lib/python3.8/site-packages/airflow/example_dags/example_dag_decorator.py
[2024-03-01T18:25:28.740+0000] {processor.py:840} INFO - DAG(s) 'example_dag_decorator' retrieved from /home/airflow/.local/lib/python3.8/site-packages/airflow/example_dags/example_dag_decorator.py
[2024-03-01T18:25:29.898+0000] {logging_mixin.py:188} INFO - [2024-03-01T18:25:29.896+0000] {dag.py:3036} INFO - Sync 1 DAGs
[2024-03-01T18:25:30.014+0000] {logging_mixin.py:188} INFO - [2024-03-01T18:25:30.013+0000] {dag.py:3823} INFO - Setting next_dagrun for example_dag_decorator to None, run_after=None
[2024-03-01T18:25:30.287+0000] {processor.py:183} INFO - Processing /home/airflow/.local/lib/python3.8/site-packages/airflow/example_dags/example_dag_decorator.py took 2.592 seconds
[2024-03-01T18:26:00.943+0000] {processor.py:161} INFO - Started process (PID=957) to work on /home/airflow/.local/lib/python3.8/site-packages/airflow/example_dags/example_dag_decorator.py
[2024-03-01T18:26:00.950+0000] {processor.py:830} INFO - Processing file /home/airflow/.local/lib/python3.8/site-packages/airflow/example_dags/example_dag_decorator.py for tasks to queue
[2024-03-01T18:26:00.960+0000] {logging_mixin.py:188} INFO - [2024-03-01T18:26:00.959+0000] {dagbag.py:538} INFO - Filling up the DagBag from /home/airflow/.local/lib/python3.8/site-packages/airflow/example_dags/example_dag_decorator.py
[2024-03-01T18:26:01.940+0000] {processor.py:840} INFO - DAG(s) 'example_dag_decorator' retrieved from /home/airflow/.local/lib/python3.8/site-packages/airflow/example_dags/example_dag_decorator.py
[2024-03-01T18:26:02.974+0000] {logging_mixin.py:188} INFO - [2024-03-01T18:26:02.972+0000] {dag.py:3036} INFO - Sync 1 DAGs
[2024-03-01T18:26:03.065+0000] {logging_mixin.py:188} INFO - [2024-03-01T18:26:03.063+0000] {dag.py:3823} INFO - Setting next_dagrun for example_dag_decorator to None, run_after=None
[2024-03-01T18:26:03.279+0000] {processor.py:183} INFO - Processing /home/airflow/.local/lib/python3.8/site-packages/airflow/example_dags/example_dag_decorator.py took 2.380 seconds
[2024-03-01T18:26:33.826+0000] {processor.py:161} INFO - Started process (PID=1016) to work on /home/airflow/.local/lib/python3.8/site-packages/airflow/example_dags/example_dag_decorator.py
[2024-03-01T18:26:33.832+0000] {processor.py:830} INFO - Processing file /home/airflow/.local/lib/python3.8/site-packages/airflow/example_dags/example_dag_decorator.py for tasks to queue
[2024-03-01T18:26:33.847+0000] {logging_mixin.py:188} INFO - [2024-03-01T18:26:33.844+0000] {dagbag.py:538} INFO - Filling up the DagBag from /home/airflow/.local/lib/python3.8/site-packages/airflow/example_dags/example_dag_decorator.py
[2024-03-01T18:26:34.963+0000] {processor.py:840} INFO - DAG(s) 'example_dag_decorator' retrieved from /home/airflow/.local/lib/python3.8/site-packages/airflow/example_dags/example_dag_decorator.py
[2024-03-01T18:26:36.166+0000] {logging_mixin.py:188} INFO - [2024-03-01T18:26:36.164+0000] {dag.py:3036} INFO - Sync 1 DAGs
[2024-03-01T18:26:36.296+0000] {logging_mixin.py:188} INFO - [2024-03-01T18:26:36.294+0000] {dag.py:3823} INFO - Setting next_dagrun for example_dag_decorator to None, run_after=None
[2024-03-01T18:26:36.517+0000] {processor.py:183} INFO - Processing /home/airflow/.local/lib/python3.8/site-packages/airflow/example_dags/example_dag_decorator.py took 2.721 seconds
[2024-03-01T18:27:07.536+0000] {processor.py:161} INFO - Started process (PID=1077) to work on /home/airflow/.local/lib/python3.8/site-packages/airflow/example_dags/example_dag_decorator.py
[2024-03-01T18:27:07.540+0000] {processor.py:830} INFO - Processing file /home/airflow/.local/lib/python3.8/site-packages/airflow/example_dags/example_dag_decorator.py for tasks to queue
[2024-03-01T18:27:07.557+0000] {logging_mixin.py:188} INFO - [2024-03-01T18:27:07.554+0000] {dagbag.py:538} INFO - Filling up the DagBag from /home/airflow/.local/lib/python3.8/site-packages/airflow/example_dags/example_dag_decorator.py
[2024-03-01T18:27:08.422+0000] {processor.py:840} INFO - DAG(s) 'example_dag_decorator' retrieved from /home/airflow/.local/lib/python3.8/site-packages/airflow/example_dags/example_dag_decorator.py
[2024-03-01T18:27:09.167+0000] {logging_mixin.py:188} INFO - [2024-03-01T18:27:09.166+0000] {dag.py:3036} INFO - Sync 1 DAGs
[2024-03-01T18:27:09.229+0000] {logging_mixin.py:188} INFO - [2024-03-01T18:27:09.229+0000] {dag.py:3823} INFO - Setting next_dagrun for example_dag_decorator to None, run_after=None
[2024-03-01T18:27:09.317+0000] {processor.py:183} INFO - Processing /home/airflow/.local/lib/python3.8/site-packages/airflow/example_dags/example_dag_decorator.py took 1.811 seconds
[2024-03-01T18:27:41.322+0000] {processor.py:161} INFO - Started process (PID=1137) to work on /home/airflow/.local/lib/python3.8/site-packages/airflow/example_dags/example_dag_decorator.py
[2024-03-01T18:27:41.332+0000] {processor.py:830} INFO - Processing file /home/airflow/.local/lib/python3.8/site-packages/airflow/example_dags/example_dag_decorator.py for tasks to queue
[2024-03-01T18:27:41.344+0000] {logging_mixin.py:188} INFO - [2024-03-01T18:27:41.342+0000] {dagbag.py:538} INFO - Filling up the DagBag from /home/airflow/.local/lib/python3.8/site-packages/airflow/example_dags/example_dag_decorator.py
[2024-03-01T18:27:42.284+0000] {processor.py:840} INFO - DAG(s) 'example_dag_decorator' retrieved from /home/airflow/.local/lib/python3.8/site-packages/airflow/example_dags/example_dag_decorator.py
[2024-03-01T18:27:43.328+0000] {logging_mixin.py:188} INFO - [2024-03-01T18:27:43.324+0000] {dag.py:3036} INFO - Sync 1 DAGs
[2024-03-01T18:27:43.444+0000] {logging_mixin.py:188} INFO - [2024-03-01T18:27:43.442+0000] {dag.py:3823} INFO - Setting next_dagrun for example_dag_decorator to None, run_after=None
[2024-03-01T18:27:44.598+0000] {processor.py:183} INFO - Processing /home/airflow/.local/lib/python3.8/site-packages/airflow/example_dags/example_dag_decorator.py took 3.298 seconds
[2024-03-01T18:28:16.193+0000] {processor.py:161} INFO - Started process (PID=1201) to work on /home/airflow/.local/lib/python3.8/site-packages/airflow/example_dags/example_dag_decorator.py
[2024-03-01T18:28:16.201+0000] {processor.py:830} INFO - Processing file /home/airflow/.local/lib/python3.8/site-packages/airflow/example_dags/example_dag_decorator.py for tasks to queue
[2024-03-01T18:28:16.218+0000] {logging_mixin.py:188} INFO - [2024-03-01T18:28:16.215+0000] {dagbag.py:538} INFO - Filling up the DagBag from /home/airflow/.local/lib/python3.8/site-packages/airflow/example_dags/example_dag_decorator.py
[2024-03-01T18:28:17.451+0000] {processor.py:840} INFO - DAG(s) 'example_dag_decorator' retrieved from /home/airflow/.local/lib/python3.8/site-packages/airflow/example_dags/example_dag_decorator.py
[2024-03-01T18:28:18.598+0000] {logging_mixin.py:188} INFO - [2024-03-01T18:28:18.596+0000] {dag.py:3036} INFO - Sync 1 DAGs
[2024-03-01T18:28:18.716+0000] {logging_mixin.py:188} INFO - [2024-03-01T18:28:18.715+0000] {dag.py:3823} INFO - Setting next_dagrun for example_dag_decorator to None, run_after=None
[2024-03-01T18:28:18.874+0000] {processor.py:183} INFO - Processing /home/airflow/.local/lib/python3.8/site-packages/airflow/example_dags/example_dag_decorator.py took 2.733 seconds
[2024-03-01T18:28:49.995+0000] {processor.py:161} INFO - Started process (PID=1261) to work on /home/airflow/.local/lib/python3.8/site-packages/airflow/example_dags/example_dag_decorator.py
[2024-03-01T18:28:50.000+0000] {processor.py:830} INFO - Processing file /home/airflow/.local/lib/python3.8/site-packages/airflow/example_dags/example_dag_decorator.py for tasks to queue
[2024-03-01T18:28:50.010+0000] {logging_mixin.py:188} INFO - [2024-03-01T18:28:50.008+0000] {dagbag.py:538} INFO - Filling up the DagBag from /home/airflow/.local/lib/python3.8/site-packages/airflow/example_dags/example_dag_decorator.py
[2024-03-01T18:28:51.011+0000] {processor.py:840} INFO - DAG(s) 'example_dag_decorator' retrieved from /home/airflow/.local/lib/python3.8/site-packages/airflow/example_dags/example_dag_decorator.py
[2024-03-01T18:28:52.071+0000] {logging_mixin.py:188} INFO - [2024-03-01T18:28:52.070+0000] {dag.py:3036} INFO - Sync 1 DAGs
[2024-03-01T18:28:52.195+0000] {logging_mixin.py:188} INFO - [2024-03-01T18:28:52.193+0000] {dag.py:3823} INFO - Setting next_dagrun for example_dag_decorator to None, run_after=None
[2024-03-01T18:28:52.419+0000] {processor.py:183} INFO - Processing /home/airflow/.local/lib/python3.8/site-packages/airflow/example_dags/example_dag_decorator.py took 2.449 seconds
[2024-03-01T18:29:22.924+0000] {processor.py:161} INFO - Started process (PID=1321) to work on /home/airflow/.local/lib/python3.8/site-packages/airflow/example_dags/example_dag_decorator.py
[2024-03-01T18:29:22.934+0000] {processor.py:830} INFO - Processing file /home/airflow/.local/lib/python3.8/site-packages/airflow/example_dags/example_dag_decorator.py for tasks to queue
[2024-03-01T18:29:22.945+0000] {logging_mixin.py:188} INFO - [2024-03-01T18:29:22.943+0000] {dagbag.py:538} INFO - Filling up the DagBag from /home/airflow/.local/lib/python3.8/site-packages/airflow/example_dags/example_dag_decorator.py
[2024-03-01T18:29:24.169+0000] {processor.py:840} INFO - DAG(s) 'example_dag_decorator' retrieved from /home/airflow/.local/lib/python3.8/site-packages/airflow/example_dags/example_dag_decorator.py
[2024-03-01T18:29:25.541+0000] {logging_mixin.py:188} INFO - [2024-03-01T18:29:25.540+0000] {dag.py:3036} INFO - Sync 1 DAGs
[2024-03-01T18:29:25.709+0000] {logging_mixin.py:188} INFO - [2024-03-01T18:29:25.702+0000] {dag.py:3823} INFO - Setting next_dagrun for example_dag_decorator to None, run_after=None
[2024-03-01T18:29:25.972+0000] {processor.py:183} INFO - Processing /home/airflow/.local/lib/python3.8/site-packages/airflow/example_dags/example_dag_decorator.py took 3.068 seconds
[2024-03-01T18:29:56.740+0000] {processor.py:161} INFO - Started process (PID=1384) to work on /home/airflow/.local/lib/python3.8/site-packages/airflow/example_dags/example_dag_decorator.py
[2024-03-01T18:29:56.758+0000] {processor.py:830} INFO - Processing file /home/airflow/.local/lib/python3.8/site-packages/airflow/example_dags/example_dag_decorator.py for tasks to queue
[2024-03-01T18:29:56.773+0000] {logging_mixin.py:188} INFO - [2024-03-01T18:29:56.768+0000] {dagbag.py:538} INFO - Filling up the DagBag from /home/airflow/.local/lib/python3.8/site-packages/airflow/example_dags/example_dag_decorator.py
[2024-03-01T18:29:58.160+0000] {processor.py:840} INFO - DAG(s) 'example_dag_decorator' retrieved from /home/airflow/.local/lib/python3.8/site-packages/airflow/example_dags/example_dag_decorator.py
[2024-03-01T18:29:59.453+0000] {logging_mixin.py:188} INFO - [2024-03-01T18:29:59.452+0000] {dag.py:3036} INFO - Sync 1 DAGs
[2024-03-01T18:29:59.605+0000] {logging_mixin.py:188} INFO - [2024-03-01T18:29:59.604+0000] {dag.py:3823} INFO - Setting next_dagrun for example_dag_decorator to None, run_after=None
[2024-03-01T18:30:00.143+0000] {processor.py:183} INFO - Processing /home/airflow/.local/lib/python3.8/site-packages/airflow/example_dags/example_dag_decorator.py took 3.451 seconds
[2024-03-01T18:30:30.653+0000] {processor.py:161} INFO - Started process (PID=1443) to work on /home/airflow/.local/lib/python3.8/site-packages/airflow/example_dags/example_dag_decorator.py
[2024-03-01T18:30:30.657+0000] {processor.py:830} INFO - Processing file /home/airflow/.local/lib/python3.8/site-packages/airflow/example_dags/example_dag_decorator.py for tasks to queue
[2024-03-01T18:30:30.667+0000] {logging_mixin.py:188} INFO - [2024-03-01T18:30:30.665+0000] {dagbag.py:538} INFO - Filling up the DagBag from /home/airflow/.local/lib/python3.8/site-packages/airflow/example_dags/example_dag_decorator.py
[2024-03-01T18:30:31.522+0000] {processor.py:840} INFO - DAG(s) 'example_dag_decorator' retrieved from /home/airflow/.local/lib/python3.8/site-packages/airflow/example_dags/example_dag_decorator.py
[2024-03-01T18:30:33.272+0000] {logging_mixin.py:188} INFO - [2024-03-01T18:30:33.271+0000] {dag.py:3036} INFO - Sync 1 DAGs
[2024-03-01T18:30:33.367+0000] {logging_mixin.py:188} INFO - [2024-03-01T18:30:33.366+0000] {dag.py:3823} INFO - Setting next_dagrun for example_dag_decorator to None, run_after=None
[2024-03-01T18:30:33.541+0000] {processor.py:183} INFO - Processing /home/airflow/.local/lib/python3.8/site-packages/airflow/example_dags/example_dag_decorator.py took 2.919 seconds
[2024-03-01T18:31:05.267+0000] {processor.py:161} INFO - Started process (PID=1500) to work on /home/airflow/.local/lib/python3.8/site-packages/airflow/example_dags/example_dag_decorator.py
[2024-03-01T18:31:05.278+0000] {processor.py:830} INFO - Processing file /home/airflow/.local/lib/python3.8/site-packages/airflow/example_dags/example_dag_decorator.py for tasks to queue
[2024-03-01T18:31:05.328+0000] {logging_mixin.py:188} INFO - [2024-03-01T18:31:05.325+0000] {dagbag.py:538} INFO - Filling up the DagBag from /home/airflow/.local/lib/python3.8/site-packages/airflow/example_dags/example_dag_decorator.py
[2024-03-01T18:31:06.674+0000] {processor.py:840} INFO - DAG(s) 'example_dag_decorator' retrieved from /home/airflow/.local/lib/python3.8/site-packages/airflow/example_dags/example_dag_decorator.py
[2024-03-01T18:31:08.046+0000] {logging_mixin.py:188} INFO - [2024-03-01T18:31:08.044+0000] {dag.py:3036} INFO - Sync 1 DAGs
[2024-03-01T18:31:09.054+0000] {logging_mixin.py:188} INFO - [2024-03-01T18:31:09.051+0000] {dag.py:3823} INFO - Setting next_dagrun for example_dag_decorator to None, run_after=None
[2024-03-01T18:31:09.327+0000] {processor.py:183} INFO - Processing /home/airflow/.local/lib/python3.8/site-packages/airflow/example_dags/example_dag_decorator.py took 4.095 seconds
[2024-03-01T18:31:43.224+0000] {processor.py:161} INFO - Started process (PID=1561) to work on /home/airflow/.local/lib/python3.8/site-packages/airflow/example_dags/example_dag_decorator.py
[2024-03-01T18:31:43.260+0000] {processor.py:830} INFO - Processing file /home/airflow/.local/lib/python3.8/site-packages/airflow/example_dags/example_dag_decorator.py for tasks to queue
[2024-03-01T18:31:43.284+0000] {logging_mixin.py:188} INFO - [2024-03-01T18:31:43.273+0000] {dagbag.py:538} INFO - Filling up the DagBag from /home/airflow/.local/lib/python3.8/site-packages/airflow/example_dags/example_dag_decorator.py
[2024-03-01T18:31:44.906+0000] {processor.py:840} INFO - DAG(s) 'example_dag_decorator' retrieved from /home/airflow/.local/lib/python3.8/site-packages/airflow/example_dags/example_dag_decorator.py
[2024-03-01T18:31:46.259+0000] {logging_mixin.py:188} INFO - [2024-03-01T18:31:46.257+0000] {dag.py:3036} INFO - Sync 1 DAGs
[2024-03-01T18:31:46.425+0000] {logging_mixin.py:188} INFO - [2024-03-01T18:31:46.423+0000] {dag.py:3823} INFO - Setting next_dagrun for example_dag_decorator to None, run_after=None
[2024-03-01T18:31:47.503+0000] {processor.py:183} INFO - Processing /home/airflow/.local/lib/python3.8/site-packages/airflow/example_dags/example_dag_decorator.py took 4.318 seconds
[2024-03-01T18:32:18.425+0000] {processor.py:161} INFO - Started process (PID=1619) to work on /home/airflow/.local/lib/python3.8/site-packages/airflow/example_dags/example_dag_decorator.py
[2024-03-01T18:32:18.431+0000] {processor.py:830} INFO - Processing file /home/airflow/.local/lib/python3.8/site-packages/airflow/example_dags/example_dag_decorator.py for tasks to queue
[2024-03-01T18:32:18.438+0000] {logging_mixin.py:188} INFO - [2024-03-01T18:32:18.436+0000] {dagbag.py:538} INFO - Filling up the DagBag from /home/airflow/.local/lib/python3.8/site-packages/airflow/example_dags/example_dag_decorator.py
[2024-03-01T18:32:19.206+0000] {processor.py:840} INFO - DAG(s) 'example_dag_decorator' retrieved from /home/airflow/.local/lib/python3.8/site-packages/airflow/example_dags/example_dag_decorator.py
[2024-03-01T18:32:20.000+0000] {logging_mixin.py:188} INFO - [2024-03-01T18:32:19.999+0000] {dag.py:3036} INFO - Sync 1 DAGs
[2024-03-01T18:32:20.064+0000] {logging_mixin.py:188} INFO - [2024-03-01T18:32:20.062+0000] {dag.py:3823} INFO - Setting next_dagrun for example_dag_decorator to None, run_after=None
[2024-03-01T18:32:20.165+0000] {processor.py:183} INFO - Processing /home/airflow/.local/lib/python3.8/site-packages/airflow/example_dags/example_dag_decorator.py took 1.755 seconds
[2024-03-01T18:32:50.462+0000] {processor.py:161} INFO - Started process (PID=1684) to work on /home/airflow/.local/lib/python3.8/site-packages/airflow/example_dags/example_dag_decorator.py
[2024-03-01T18:32:50.471+0000] {processor.py:830} INFO - Processing file /home/airflow/.local/lib/python3.8/site-packages/airflow/example_dags/example_dag_decorator.py for tasks to queue
[2024-03-01T18:32:50.484+0000] {logging_mixin.py:188} INFO - [2024-03-01T18:32:50.482+0000] {dagbag.py:538} INFO - Filling up the DagBag from /home/airflow/.local/lib/python3.8/site-packages/airflow/example_dags/example_dag_decorator.py
[2024-03-01T18:32:51.354+0000] {processor.py:840} INFO - DAG(s) 'example_dag_decorator' retrieved from /home/airflow/.local/lib/python3.8/site-packages/airflow/example_dags/example_dag_decorator.py
[2024-03-01T18:32:53.055+0000] {logging_mixin.py:188} INFO - [2024-03-01T18:32:53.054+0000] {dag.py:3036} INFO - Sync 1 DAGs
[2024-03-01T18:32:53.182+0000] {logging_mixin.py:188} INFO - [2024-03-01T18:32:53.180+0000] {dag.py:3823} INFO - Setting next_dagrun for example_dag_decorator to None, run_after=None
[2024-03-01T18:32:53.417+0000] {processor.py:183} INFO - Processing /home/airflow/.local/lib/python3.8/site-packages/airflow/example_dags/example_dag_decorator.py took 2.986 seconds
[2024-03-01T18:33:24.401+0000] {processor.py:161} INFO - Started process (PID=1744) to work on /home/airflow/.local/lib/python3.8/site-packages/airflow/example_dags/example_dag_decorator.py
[2024-03-01T18:33:24.405+0000] {processor.py:830} INFO - Processing file /home/airflow/.local/lib/python3.8/site-packages/airflow/example_dags/example_dag_decorator.py for tasks to queue
[2024-03-01T18:33:24.415+0000] {logging_mixin.py:188} INFO - [2024-03-01T18:33:24.413+0000] {dagbag.py:538} INFO - Filling up the DagBag from /home/airflow/.local/lib/python3.8/site-packages/airflow/example_dags/example_dag_decorator.py
[2024-03-01T18:33:25.204+0000] {processor.py:840} INFO - DAG(s) 'example_dag_decorator' retrieved from /home/airflow/.local/lib/python3.8/site-packages/airflow/example_dags/example_dag_decorator.py
[2024-03-01T18:33:26.606+0000] {logging_mixin.py:188} INFO - [2024-03-01T18:33:26.605+0000] {dag.py:3036} INFO - Sync 1 DAGs
[2024-03-01T18:33:26.682+0000] {logging_mixin.py:188} INFO - [2024-03-01T18:33:26.681+0000] {dag.py:3823} INFO - Setting next_dagrun for example_dag_decorator to None, run_after=None
[2024-03-01T18:33:26.861+0000] {processor.py:183} INFO - Processing /home/airflow/.local/lib/python3.8/site-packages/airflow/example_dags/example_dag_decorator.py took 2.476 seconds
[2024-03-01T18:33:57.244+0000] {processor.py:161} INFO - Started process (PID=1810) to work on /home/airflow/.local/lib/python3.8/site-packages/airflow/example_dags/example_dag_decorator.py
[2024-03-01T18:33:57.259+0000] {processor.py:830} INFO - Processing file /home/airflow/.local/lib/python3.8/site-packages/airflow/example_dags/example_dag_decorator.py for tasks to queue
[2024-03-01T18:33:57.286+0000] {logging_mixin.py:188} INFO - [2024-03-01T18:33:57.284+0000] {dagbag.py:538} INFO - Filling up the DagBag from /home/airflow/.local/lib/python3.8/site-packages/airflow/example_dags/example_dag_decorator.py
[2024-03-01T18:33:58.263+0000] {processor.py:840} INFO - DAG(s) 'example_dag_decorator' retrieved from /home/airflow/.local/lib/python3.8/site-packages/airflow/example_dags/example_dag_decorator.py
[2024-03-01T18:33:59.871+0000] {logging_mixin.py:188} INFO - [2024-03-01T18:33:59.870+0000] {dag.py:3036} INFO - Sync 1 DAGs
[2024-03-01T18:33:59.961+0000] {logging_mixin.py:188} INFO - [2024-03-01T18:33:59.960+0000] {dag.py:3823} INFO - Setting next_dagrun for example_dag_decorator to None, run_after=None
[2024-03-01T18:34:00.091+0000] {processor.py:183} INFO - Processing /home/airflow/.local/lib/python3.8/site-packages/airflow/example_dags/example_dag_decorator.py took 2.871 seconds
[2024-03-01T18:34:30.683+0000] {processor.py:161} INFO - Started process (PID=1871) to work on /home/airflow/.local/lib/python3.8/site-packages/airflow/example_dags/example_dag_decorator.py
[2024-03-01T18:34:30.689+0000] {processor.py:830} INFO - Processing file /home/airflow/.local/lib/python3.8/site-packages/airflow/example_dags/example_dag_decorator.py for tasks to queue
[2024-03-01T18:34:30.698+0000] {logging_mixin.py:188} INFO - [2024-03-01T18:34:30.696+0000] {dagbag.py:538} INFO - Filling up the DagBag from /home/airflow/.local/lib/python3.8/site-packages/airflow/example_dags/example_dag_decorator.py
[2024-03-01T18:34:31.833+0000] {processor.py:840} INFO - DAG(s) 'example_dag_decorator' retrieved from /home/airflow/.local/lib/python3.8/site-packages/airflow/example_dags/example_dag_decorator.py
[2024-03-01T18:34:32.944+0000] {logging_mixin.py:188} INFO - [2024-03-01T18:34:32.942+0000] {dag.py:3036} INFO - Sync 1 DAGs
[2024-03-01T18:34:33.909+0000] {logging_mixin.py:188} INFO - [2024-03-01T18:34:33.906+0000] {dag.py:3823} INFO - Setting next_dagrun for example_dag_decorator to None, run_after=None
[2024-03-01T18:34:34.133+0000] {processor.py:183} INFO - Processing /home/airflow/.local/lib/python3.8/site-packages/airflow/example_dags/example_dag_decorator.py took 3.472 seconds
[2024-03-01T18:35:05.083+0000] {processor.py:161} INFO - Started process (PID=1931) to work on /home/airflow/.local/lib/python3.8/site-packages/airflow/example_dags/example_dag_decorator.py
[2024-03-01T18:35:05.105+0000] {processor.py:830} INFO - Processing file /home/airflow/.local/lib/python3.8/site-packages/airflow/example_dags/example_dag_decorator.py for tasks to queue
[2024-03-01T18:35:05.123+0000] {logging_mixin.py:188} INFO - [2024-03-01T18:35:05.122+0000] {dagbag.py:538} INFO - Filling up the DagBag from /home/airflow/.local/lib/python3.8/site-packages/airflow/example_dags/example_dag_decorator.py
[2024-03-01T18:35:06.054+0000] {processor.py:840} INFO - DAG(s) 'example_dag_decorator' retrieved from /home/airflow/.local/lib/python3.8/site-packages/airflow/example_dags/example_dag_decorator.py
[2024-03-01T18:35:07.027+0000] {logging_mixin.py:188} INFO - [2024-03-01T18:35:07.025+0000] {dag.py:3036} INFO - Sync 1 DAGs
[2024-03-01T18:35:07.735+0000] {logging_mixin.py:188} INFO - [2024-03-01T18:35:07.733+0000] {dag.py:3823} INFO - Setting next_dagrun for example_dag_decorator to None, run_after=None
[2024-03-01T18:35:07.858+0000] {processor.py:183} INFO - Processing /home/airflow/.local/lib/python3.8/site-packages/airflow/example_dags/example_dag_decorator.py took 2.810 seconds
[2024-03-01T18:35:38.142+0000] {processor.py:161} INFO - Started process (PID=1988) to work on /home/airflow/.local/lib/python3.8/site-packages/airflow/example_dags/example_dag_decorator.py
[2024-03-01T18:35:38.146+0000] {processor.py:830} INFO - Processing file /home/airflow/.local/lib/python3.8/site-packages/airflow/example_dags/example_dag_decorator.py for tasks to queue
[2024-03-01T18:35:38.156+0000] {logging_mixin.py:188} INFO - [2024-03-01T18:35:38.154+0000] {dagbag.py:538} INFO - Filling up the DagBag from /home/airflow/.local/lib/python3.8/site-packages/airflow/example_dags/example_dag_decorator.py
[2024-03-01T18:35:38.816+0000] {processor.py:840} INFO - DAG(s) 'example_dag_decorator' retrieved from /home/airflow/.local/lib/python3.8/site-packages/airflow/example_dags/example_dag_decorator.py
[2024-03-01T18:35:40.143+0000] {logging_mixin.py:188} INFO - [2024-03-01T18:35:40.142+0000] {dag.py:3036} INFO - Sync 1 DAGs
[2024-03-01T18:35:40.215+0000] {logging_mixin.py:188} INFO - [2024-03-01T18:35:40.214+0000] {dag.py:3823} INFO - Setting next_dagrun for example_dag_decorator to None, run_after=None
[2024-03-01T18:35:40.366+0000] {processor.py:183} INFO - Processing /home/airflow/.local/lib/python3.8/site-packages/airflow/example_dags/example_dag_decorator.py took 2.242 seconds
[2024-03-01T18:36:10.906+0000] {processor.py:161} INFO - Started process (PID=2048) to work on /home/airflow/.local/lib/python3.8/site-packages/airflow/example_dags/example_dag_decorator.py
[2024-03-01T18:36:10.912+0000] {processor.py:830} INFO - Processing file /home/airflow/.local/lib/python3.8/site-packages/airflow/example_dags/example_dag_decorator.py for tasks to queue
[2024-03-01T18:36:10.921+0000] {logging_mixin.py:188} INFO - [2024-03-01T18:36:10.919+0000] {dagbag.py:538} INFO - Filling up the DagBag from /home/airflow/.local/lib/python3.8/site-packages/airflow/example_dags/example_dag_decorator.py
[2024-03-01T18:36:11.794+0000] {processor.py:840} INFO - DAG(s) 'example_dag_decorator' retrieved from /home/airflow/.local/lib/python3.8/site-packages/airflow/example_dags/example_dag_decorator.py
[2024-03-01T18:36:13.381+0000] {logging_mixin.py:188} INFO - [2024-03-01T18:36:13.379+0000] {dag.py:3036} INFO - Sync 1 DAGs
[2024-03-01T18:36:13.466+0000] {logging_mixin.py:188} INFO - [2024-03-01T18:36:13.465+0000] {dag.py:3823} INFO - Setting next_dagrun for example_dag_decorator to None, run_after=None
[2024-03-01T18:36:13.626+0000] {processor.py:183} INFO - Processing /home/airflow/.local/lib/python3.8/site-packages/airflow/example_dags/example_dag_decorator.py took 2.751 seconds
[2024-03-01T18:36:44.755+0000] {processor.py:161} INFO - Started process (PID=2109) to work on /home/airflow/.local/lib/python3.8/site-packages/airflow/example_dags/example_dag_decorator.py
[2024-03-01T18:36:44.759+0000] {processor.py:830} INFO - Processing file /home/airflow/.local/lib/python3.8/site-packages/airflow/example_dags/example_dag_decorator.py for tasks to queue
[2024-03-01T18:36:44.765+0000] {logging_mixin.py:188} INFO - [2024-03-01T18:36:44.764+0000] {dagbag.py:538} INFO - Filling up the DagBag from /home/airflow/.local/lib/python3.8/site-packages/airflow/example_dags/example_dag_decorator.py
[2024-03-01T18:36:45.420+0000] {processor.py:840} INFO - DAG(s) 'example_dag_decorator' retrieved from /home/airflow/.local/lib/python3.8/site-packages/airflow/example_dags/example_dag_decorator.py
[2024-03-01T18:36:46.527+0000] {logging_mixin.py:188} INFO - [2024-03-01T18:36:46.526+0000] {dag.py:3036} INFO - Sync 1 DAGs
[2024-03-01T18:36:46.593+0000] {logging_mixin.py:188} INFO - [2024-03-01T18:36:46.592+0000] {dag.py:3823} INFO - Setting next_dagrun for example_dag_decorator to None, run_after=None
[2024-03-01T18:36:46.728+0000] {processor.py:183} INFO - Processing /home/airflow/.local/lib/python3.8/site-packages/airflow/example_dags/example_dag_decorator.py took 1.987 seconds
[2024-03-01T18:37:17.041+0000] {processor.py:161} INFO - Started process (PID=2168) to work on /home/airflow/.local/lib/python3.8/site-packages/airflow/example_dags/example_dag_decorator.py
[2024-03-01T18:37:17.045+0000] {processor.py:830} INFO - Processing file /home/airflow/.local/lib/python3.8/site-packages/airflow/example_dags/example_dag_decorator.py for tasks to queue
[2024-03-01T18:37:17.053+0000] {logging_mixin.py:188} INFO - [2024-03-01T18:37:17.051+0000] {dagbag.py:538} INFO - Filling up the DagBag from /home/airflow/.local/lib/python3.8/site-packages/airflow/example_dags/example_dag_decorator.py
[2024-03-01T18:37:17.773+0000] {processor.py:840} INFO - DAG(s) 'example_dag_decorator' retrieved from /home/airflow/.local/lib/python3.8/site-packages/airflow/example_dags/example_dag_decorator.py
[2024-03-01T18:37:19.116+0000] {logging_mixin.py:188} INFO - [2024-03-01T18:37:19.115+0000] {dag.py:3036} INFO - Sync 1 DAGs
[2024-03-01T18:37:19.172+0000] {logging_mixin.py:188} INFO - [2024-03-01T18:37:19.171+0000] {dag.py:3823} INFO - Setting next_dagrun for example_dag_decorator to None, run_after=None
[2024-03-01T18:37:19.273+0000] {processor.py:183} INFO - Processing /home/airflow/.local/lib/python3.8/site-packages/airflow/example_dags/example_dag_decorator.py took 2.254 seconds
[2024-03-01T18:37:50.622+0000] {processor.py:161} INFO - Started process (PID=2230) to work on /home/airflow/.local/lib/python3.8/site-packages/airflow/example_dags/example_dag_decorator.py
[2024-03-01T18:37:50.633+0000] {processor.py:830} INFO - Processing file /home/airflow/.local/lib/python3.8/site-packages/airflow/example_dags/example_dag_decorator.py for tasks to queue
[2024-03-01T18:37:50.646+0000] {logging_mixin.py:188} INFO - [2024-03-01T18:37:50.643+0000] {dagbag.py:538} INFO - Filling up the DagBag from /home/airflow/.local/lib/python3.8/site-packages/airflow/example_dags/example_dag_decorator.py
[2024-03-01T18:37:51.682+0000] {processor.py:840} INFO - DAG(s) 'example_dag_decorator' retrieved from /home/airflow/.local/lib/python3.8/site-packages/airflow/example_dags/example_dag_decorator.py
[2024-03-01T18:37:53.524+0000] {logging_mixin.py:188} INFO - [2024-03-01T18:37:53.522+0000] {dag.py:3036} INFO - Sync 1 DAGs
[2024-03-01T18:37:53.599+0000] {logging_mixin.py:188} INFO - [2024-03-01T18:37:53.596+0000] {dag.py:3823} INFO - Setting next_dagrun for example_dag_decorator to None, run_after=None
[2024-03-01T18:37:53.729+0000] {processor.py:183} INFO - Processing /home/airflow/.local/lib/python3.8/site-packages/airflow/example_dags/example_dag_decorator.py took 3.133 seconds
[2024-03-01T18:38:25.363+0000] {processor.py:161} INFO - Started process (PID=2298) to work on /home/airflow/.local/lib/python3.8/site-packages/airflow/example_dags/example_dag_decorator.py
[2024-03-01T18:38:25.369+0000] {processor.py:830} INFO - Processing file /home/airflow/.local/lib/python3.8/site-packages/airflow/example_dags/example_dag_decorator.py for tasks to queue
[2024-03-01T18:38:25.383+0000] {logging_mixin.py:188} INFO - [2024-03-01T18:38:25.381+0000] {dagbag.py:538} INFO - Filling up the DagBag from /home/airflow/.local/lib/python3.8/site-packages/airflow/example_dags/example_dag_decorator.py
[2024-03-01T18:38:26.516+0000] {processor.py:840} INFO - DAG(s) 'example_dag_decorator' retrieved from /home/airflow/.local/lib/python3.8/site-packages/airflow/example_dags/example_dag_decorator.py
[2024-03-01T18:38:28.336+0000] {logging_mixin.py:188} INFO - [2024-03-01T18:38:28.335+0000] {dag.py:3036} INFO - Sync 1 DAGs
[2024-03-01T18:38:28.440+0000] {logging_mixin.py:188} INFO - [2024-03-01T18:38:28.439+0000] {dag.py:3823} INFO - Setting next_dagrun for example_dag_decorator to None, run_after=None
[2024-03-01T18:38:28.612+0000] {processor.py:183} INFO - Processing /home/airflow/.local/lib/python3.8/site-packages/airflow/example_dags/example_dag_decorator.py took 3.280 seconds
[2024-03-01T18:38:59.171+0000] {processor.py:161} INFO - Started process (PID=2358) to work on /home/airflow/.local/lib/python3.8/site-packages/airflow/example_dags/example_dag_decorator.py
[2024-03-01T18:38:59.175+0000] {processor.py:830} INFO - Processing file /home/airflow/.local/lib/python3.8/site-packages/airflow/example_dags/example_dag_decorator.py for tasks to queue
[2024-03-01T18:38:59.184+0000] {logging_mixin.py:188} INFO - [2024-03-01T18:38:59.182+0000] {dagbag.py:538} INFO - Filling up the DagBag from /home/airflow/.local/lib/python3.8/site-packages/airflow/example_dags/example_dag_decorator.py
[2024-03-01T18:39:00.332+0000] {processor.py:840} INFO - DAG(s) 'example_dag_decorator' retrieved from /home/airflow/.local/lib/python3.8/site-packages/airflow/example_dags/example_dag_decorator.py
[2024-03-01T18:39:02.211+0000] {logging_mixin.py:188} INFO - [2024-03-01T18:39:02.210+0000] {dag.py:3036} INFO - Sync 1 DAGs
[2024-03-01T18:39:02.333+0000] {logging_mixin.py:188} INFO - [2024-03-01T18:39:02.332+0000] {dag.py:3823} INFO - Setting next_dagrun for example_dag_decorator to None, run_after=None
[2024-03-01T18:39:02.534+0000] {processor.py:183} INFO - Processing /home/airflow/.local/lib/python3.8/site-packages/airflow/example_dags/example_dag_decorator.py took 3.384 seconds
