[2024-03-01T17:31:27.594+0000] {processor.py:161} INFO - Started process (PID=46) to work on /home/airflow/.local/lib/python3.8/site-packages/airflow/example_dags/example_sensors.py
[2024-03-01T17:31:27.595+0000] {processor.py:830} INFO - Processing file /home/airflow/.local/lib/python3.8/site-packages/airflow/example_dags/example_sensors.py for tasks to queue
[2024-03-01T17:31:27.600+0000] {logging_mixin.py:188} INFO - [2024-03-01T17:31:27.598+0000] {dagbag.py:538} INFO - Filling up the DagBag from /home/airflow/.local/lib/python3.8/site-packages/airflow/example_dags/example_sensors.py
[2024-03-01T17:31:27.642+0000] {processor.py:840} INFO - DAG(s) 'example_sensors' retrieved from /home/airflow/.local/lib/python3.8/site-packages/airflow/example_dags/example_sensors.py
[2024-03-01T17:31:28.029+0000] {logging_mixin.py:188} INFO - [2024-03-01T17:31:28.028+0000] {dag.py:3036} INFO - Sync 1 DAGs
[2024-03-01T17:31:28.071+0000] {logging_mixin.py:188} INFO - [2024-03-01T17:31:28.070+0000] {dag.py:3823} INFO - Setting next_dagrun for example_sensors to None, run_after=None
[2024-03-01T17:31:28.134+0000] {processor.py:183} INFO - Processing /home/airflow/.local/lib/python3.8/site-packages/airflow/example_dags/example_sensors.py took 0.547 seconds
[2024-03-01T17:31:58.239+0000] {processor.py:161} INFO - Started process (PID=104) to work on /home/airflow/.local/lib/python3.8/site-packages/airflow/example_dags/example_sensors.py
[2024-03-01T17:31:58.241+0000] {processor.py:830} INFO - Processing file /home/airflow/.local/lib/python3.8/site-packages/airflow/example_dags/example_sensors.py for tasks to queue
[2024-03-01T17:31:58.244+0000] {logging_mixin.py:188} INFO - [2024-03-01T17:31:58.243+0000] {dagbag.py:538} INFO - Filling up the DagBag from /home/airflow/.local/lib/python3.8/site-packages/airflow/example_dags/example_sensors.py
[2024-03-01T17:31:58.271+0000] {processor.py:840} INFO - DAG(s) 'example_sensors' retrieved from /home/airflow/.local/lib/python3.8/site-packages/airflow/example_dags/example_sensors.py
[2024-03-01T17:31:58.342+0000] {logging_mixin.py:188} INFO - [2024-03-01T17:31:58.342+0000] {dag.py:3036} INFO - Sync 1 DAGs
[2024-03-01T17:31:58.388+0000] {logging_mixin.py:188} INFO - [2024-03-01T17:31:58.387+0000] {dag.py:3823} INFO - Setting next_dagrun for example_sensors to None, run_after=None
[2024-03-01T17:31:58.440+0000] {processor.py:183} INFO - Processing /home/airflow/.local/lib/python3.8/site-packages/airflow/example_dags/example_sensors.py took 0.207 seconds
[2024-03-01T17:32:29.148+0000] {processor.py:161} INFO - Started process (PID=161) to work on /home/airflow/.local/lib/python3.8/site-packages/airflow/example_dags/example_sensors.py
[2024-03-01T17:32:29.151+0000] {processor.py:830} INFO - Processing file /home/airflow/.local/lib/python3.8/site-packages/airflow/example_dags/example_sensors.py for tasks to queue
[2024-03-01T17:32:29.158+0000] {logging_mixin.py:188} INFO - [2024-03-01T17:32:29.157+0000] {dagbag.py:538} INFO - Filling up the DagBag from /home/airflow/.local/lib/python3.8/site-packages/airflow/example_dags/example_sensors.py
[2024-03-01T17:32:29.188+0000] {processor.py:840} INFO - DAG(s) 'example_sensors' retrieved from /home/airflow/.local/lib/python3.8/site-packages/airflow/example_dags/example_sensors.py
[2024-03-01T17:32:29.279+0000] {logging_mixin.py:188} INFO - [2024-03-01T17:32:29.279+0000] {dag.py:3036} INFO - Sync 1 DAGs
[2024-03-01T17:32:29.318+0000] {logging_mixin.py:188} INFO - [2024-03-01T17:32:29.318+0000] {dag.py:3823} INFO - Setting next_dagrun for example_sensors to None, run_after=None
[2024-03-01T17:32:29.382+0000] {processor.py:183} INFO - Processing /home/airflow/.local/lib/python3.8/site-packages/airflow/example_dags/example_sensors.py took 0.243 seconds
[2024-03-01T17:32:59.531+0000] {processor.py:161} INFO - Started process (PID=219) to work on /home/airflow/.local/lib/python3.8/site-packages/airflow/example_dags/example_sensors.py
[2024-03-01T17:32:59.539+0000] {processor.py:830} INFO - Processing file /home/airflow/.local/lib/python3.8/site-packages/airflow/example_dags/example_sensors.py for tasks to queue
[2024-03-01T17:32:59.548+0000] {logging_mixin.py:188} INFO - [2024-03-01T17:32:59.547+0000] {dagbag.py:538} INFO - Filling up the DagBag from /home/airflow/.local/lib/python3.8/site-packages/airflow/example_dags/example_sensors.py
[2024-03-01T17:32:59.588+0000] {processor.py:840} INFO - DAG(s) 'example_sensors' retrieved from /home/airflow/.local/lib/python3.8/site-packages/airflow/example_dags/example_sensors.py
[2024-03-01T17:32:59.714+0000] {logging_mixin.py:188} INFO - [2024-03-01T17:32:59.713+0000] {dag.py:3036} INFO - Sync 1 DAGs
[2024-03-01T17:32:59.764+0000] {logging_mixin.py:188} INFO - [2024-03-01T17:32:59.763+0000] {dag.py:3823} INFO - Setting next_dagrun for example_sensors to None, run_after=None
[2024-03-01T17:32:59.846+0000] {processor.py:183} INFO - Processing /home/airflow/.local/lib/python3.8/site-packages/airflow/example_dags/example_sensors.py took 0.328 seconds
[2024-03-01T17:33:29.992+0000] {processor.py:161} INFO - Started process (PID=277) to work on /home/airflow/.local/lib/python3.8/site-packages/airflow/example_dags/example_sensors.py
[2024-03-01T17:33:29.995+0000] {processor.py:830} INFO - Processing file /home/airflow/.local/lib/python3.8/site-packages/airflow/example_dags/example_sensors.py for tasks to queue
[2024-03-01T17:33:29.998+0000] {logging_mixin.py:188} INFO - [2024-03-01T17:33:29.998+0000] {dagbag.py:538} INFO - Filling up the DagBag from /home/airflow/.local/lib/python3.8/site-packages/airflow/example_dags/example_sensors.py
[2024-03-01T17:33:30.036+0000] {processor.py:840} INFO - DAG(s) 'example_sensors' retrieved from /home/airflow/.local/lib/python3.8/site-packages/airflow/example_dags/example_sensors.py
[2024-03-01T17:33:30.127+0000] {logging_mixin.py:188} INFO - [2024-03-01T17:33:30.126+0000] {dag.py:3036} INFO - Sync 1 DAGs
[2024-03-01T17:33:30.177+0000] {logging_mixin.py:188} INFO - [2024-03-01T17:33:30.176+0000] {dag.py:3823} INFO - Setting next_dagrun for example_sensors to None, run_after=None
[2024-03-01T17:33:30.243+0000] {processor.py:183} INFO - Processing /home/airflow/.local/lib/python3.8/site-packages/airflow/example_dags/example_sensors.py took 0.260 seconds
[2024-03-01T17:40:01.057+0000] {processor.py:161} INFO - Started process (PID=46) to work on /home/airflow/.local/lib/python3.8/site-packages/airflow/example_dags/example_sensors.py
[2024-03-01T17:40:01.060+0000] {processor.py:830} INFO - Processing file /home/airflow/.local/lib/python3.8/site-packages/airflow/example_dags/example_sensors.py for tasks to queue
[2024-03-01T17:40:01.072+0000] {logging_mixin.py:188} INFO - [2024-03-01T17:40:01.069+0000] {dagbag.py:538} INFO - Filling up the DagBag from /home/airflow/.local/lib/python3.8/site-packages/airflow/example_dags/example_sensors.py
[2024-03-01T17:40:01.119+0000] {processor.py:840} INFO - DAG(s) 'example_sensors' retrieved from /home/airflow/.local/lib/python3.8/site-packages/airflow/example_dags/example_sensors.py
[2024-03-01T17:40:01.903+0000] {logging_mixin.py:188} INFO - [2024-03-01T17:40:01.902+0000] {dag.py:3036} INFO - Sync 1 DAGs
[2024-03-01T17:40:01.957+0000] {logging_mixin.py:188} INFO - [2024-03-01T17:40:01.957+0000] {dag.py:3823} INFO - Setting next_dagrun for example_sensors to None, run_after=None
[2024-03-01T17:40:02.095+0000] {processor.py:183} INFO - Processing /home/airflow/.local/lib/python3.8/site-packages/airflow/example_dags/example_sensors.py took 1.048 seconds
[2024-03-01T17:40:32.267+0000] {processor.py:161} INFO - Started process (PID=103) to work on /home/airflow/.local/lib/python3.8/site-packages/airflow/example_dags/example_sensors.py
[2024-03-01T17:40:32.271+0000] {processor.py:830} INFO - Processing file /home/airflow/.local/lib/python3.8/site-packages/airflow/example_dags/example_sensors.py for tasks to queue
[2024-03-01T17:40:32.277+0000] {logging_mixin.py:188} INFO - [2024-03-01T17:40:32.276+0000] {dagbag.py:538} INFO - Filling up the DagBag from /home/airflow/.local/lib/python3.8/site-packages/airflow/example_dags/example_sensors.py
[2024-03-01T17:40:32.313+0000] {processor.py:840} INFO - DAG(s) 'example_sensors' retrieved from /home/airflow/.local/lib/python3.8/site-packages/airflow/example_dags/example_sensors.py
[2024-03-01T17:40:32.410+0000] {logging_mixin.py:188} INFO - [2024-03-01T17:40:32.410+0000] {dag.py:3036} INFO - Sync 1 DAGs
[2024-03-01T17:40:32.462+0000] {logging_mixin.py:188} INFO - [2024-03-01T17:40:32.461+0000] {dag.py:3823} INFO - Setting next_dagrun for example_sensors to None, run_after=None
[2024-03-01T17:40:32.553+0000] {processor.py:183} INFO - Processing /home/airflow/.local/lib/python3.8/site-packages/airflow/example_dags/example_sensors.py took 0.296 seconds
[2024-03-01T17:41:03.125+0000] {processor.py:161} INFO - Started process (PID=166) to work on /home/airflow/.local/lib/python3.8/site-packages/airflow/example_dags/example_sensors.py
[2024-03-01T17:41:03.127+0000] {processor.py:830} INFO - Processing file /home/airflow/.local/lib/python3.8/site-packages/airflow/example_dags/example_sensors.py for tasks to queue
[2024-03-01T17:41:03.133+0000] {logging_mixin.py:188} INFO - [2024-03-01T17:41:03.132+0000] {dagbag.py:538} INFO - Filling up the DagBag from /home/airflow/.local/lib/python3.8/site-packages/airflow/example_dags/example_sensors.py
[2024-03-01T17:41:03.170+0000] {processor.py:840} INFO - DAG(s) 'example_sensors' retrieved from /home/airflow/.local/lib/python3.8/site-packages/airflow/example_dags/example_sensors.py
[2024-03-01T17:41:03.255+0000] {logging_mixin.py:188} INFO - [2024-03-01T17:41:03.254+0000] {dag.py:3036} INFO - Sync 1 DAGs
[2024-03-01T17:41:03.297+0000] {logging_mixin.py:188} INFO - [2024-03-01T17:41:03.296+0000] {dag.py:3823} INFO - Setting next_dagrun for example_sensors to None, run_after=None
[2024-03-01T17:41:03.360+0000] {processor.py:183} INFO - Processing /home/airflow/.local/lib/python3.8/site-packages/airflow/example_dags/example_sensors.py took 0.244 seconds
[2024-03-01T17:41:33.604+0000] {processor.py:161} INFO - Started process (PID=224) to work on /home/airflow/.local/lib/python3.8/site-packages/airflow/example_dags/example_sensors.py
[2024-03-01T17:41:33.607+0000] {processor.py:830} INFO - Processing file /home/airflow/.local/lib/python3.8/site-packages/airflow/example_dags/example_sensors.py for tasks to queue
[2024-03-01T17:41:33.612+0000] {logging_mixin.py:188} INFO - [2024-03-01T17:41:33.611+0000] {dagbag.py:538} INFO - Filling up the DagBag from /home/airflow/.local/lib/python3.8/site-packages/airflow/example_dags/example_sensors.py
[2024-03-01T17:41:33.650+0000] {processor.py:840} INFO - DAG(s) 'example_sensors' retrieved from /home/airflow/.local/lib/python3.8/site-packages/airflow/example_dags/example_sensors.py
[2024-03-01T17:41:33.774+0000] {logging_mixin.py:188} INFO - [2024-03-01T17:41:33.773+0000] {dag.py:3036} INFO - Sync 1 DAGs
[2024-03-01T17:41:33.825+0000] {logging_mixin.py:188} INFO - [2024-03-01T17:41:33.822+0000] {dag.py:3823} INFO - Setting next_dagrun for example_sensors to None, run_after=None
[2024-03-01T17:41:33.920+0000] {processor.py:183} INFO - Processing /home/airflow/.local/lib/python3.8/site-packages/airflow/example_dags/example_sensors.py took 0.327 seconds
[2024-03-01T17:42:04.474+0000] {processor.py:161} INFO - Started process (PID=282) to work on /home/airflow/.local/lib/python3.8/site-packages/airflow/example_dags/example_sensors.py
[2024-03-01T17:42:04.476+0000] {processor.py:830} INFO - Processing file /home/airflow/.local/lib/python3.8/site-packages/airflow/example_dags/example_sensors.py for tasks to queue
[2024-03-01T17:42:04.479+0000] {logging_mixin.py:188} INFO - [2024-03-01T17:42:04.478+0000] {dagbag.py:538} INFO - Filling up the DagBag from /home/airflow/.local/lib/python3.8/site-packages/airflow/example_dags/example_sensors.py
[2024-03-01T17:42:04.517+0000] {processor.py:840} INFO - DAG(s) 'example_sensors' retrieved from /home/airflow/.local/lib/python3.8/site-packages/airflow/example_dags/example_sensors.py
[2024-03-01T17:42:04.637+0000] {logging_mixin.py:188} INFO - [2024-03-01T17:42:04.636+0000] {dag.py:3036} INFO - Sync 1 DAGs
[2024-03-01T17:42:04.689+0000] {logging_mixin.py:188} INFO - [2024-03-01T17:42:04.688+0000] {dag.py:3823} INFO - Setting next_dagrun for example_sensors to None, run_after=None
[2024-03-01T17:42:04.760+0000] {processor.py:183} INFO - Processing /home/airflow/.local/lib/python3.8/site-packages/airflow/example_dags/example_sensors.py took 0.291 seconds
[2024-03-01T17:42:34.827+0000] {processor.py:161} INFO - Started process (PID=340) to work on /home/airflow/.local/lib/python3.8/site-packages/airflow/example_dags/example_sensors.py
[2024-03-01T17:42:34.829+0000] {processor.py:830} INFO - Processing file /home/airflow/.local/lib/python3.8/site-packages/airflow/example_dags/example_sensors.py for tasks to queue
[2024-03-01T17:42:34.831+0000] {logging_mixin.py:188} INFO - [2024-03-01T17:42:34.831+0000] {dagbag.py:538} INFO - Filling up the DagBag from /home/airflow/.local/lib/python3.8/site-packages/airflow/example_dags/example_sensors.py
[2024-03-01T17:42:34.851+0000] {processor.py:840} INFO - DAG(s) 'example_sensors' retrieved from /home/airflow/.local/lib/python3.8/site-packages/airflow/example_dags/example_sensors.py
[2024-03-01T17:42:34.907+0000] {logging_mixin.py:188} INFO - [2024-03-01T17:42:34.907+0000] {dag.py:3036} INFO - Sync 1 DAGs
[2024-03-01T17:42:34.930+0000] {logging_mixin.py:188} INFO - [2024-03-01T17:42:34.930+0000] {dag.py:3823} INFO - Setting next_dagrun for example_sensors to None, run_after=None
[2024-03-01T17:42:34.965+0000] {processor.py:183} INFO - Processing /home/airflow/.local/lib/python3.8/site-packages/airflow/example_dags/example_sensors.py took 0.143 seconds
[2024-03-01T17:43:05.247+0000] {processor.py:161} INFO - Started process (PID=398) to work on /home/airflow/.local/lib/python3.8/site-packages/airflow/example_dags/example_sensors.py
[2024-03-01T17:43:05.249+0000] {processor.py:830} INFO - Processing file /home/airflow/.local/lib/python3.8/site-packages/airflow/example_dags/example_sensors.py for tasks to queue
[2024-03-01T17:43:05.253+0000] {logging_mixin.py:188} INFO - [2024-03-01T17:43:05.252+0000] {dagbag.py:538} INFO - Filling up the DagBag from /home/airflow/.local/lib/python3.8/site-packages/airflow/example_dags/example_sensors.py
[2024-03-01T17:43:05.279+0000] {processor.py:840} INFO - DAG(s) 'example_sensors' retrieved from /home/airflow/.local/lib/python3.8/site-packages/airflow/example_dags/example_sensors.py
[2024-03-01T17:43:05.334+0000] {logging_mixin.py:188} INFO - [2024-03-01T17:43:05.333+0000] {dag.py:3036} INFO - Sync 1 DAGs
[2024-03-01T17:43:05.357+0000] {logging_mixin.py:188} INFO - [2024-03-01T17:43:05.357+0000] {dag.py:3823} INFO - Setting next_dagrun for example_sensors to None, run_after=None
[2024-03-01T17:43:05.391+0000] {processor.py:183} INFO - Processing /home/airflow/.local/lib/python3.8/site-packages/airflow/example_dags/example_sensors.py took 0.152 seconds
[2024-03-01T17:43:35.830+0000] {processor.py:161} INFO - Started process (PID=457) to work on /home/airflow/.local/lib/python3.8/site-packages/airflow/example_dags/example_sensors.py
[2024-03-01T17:43:35.831+0000] {processor.py:830} INFO - Processing file /home/airflow/.local/lib/python3.8/site-packages/airflow/example_dags/example_sensors.py for tasks to queue
[2024-03-01T17:43:35.834+0000] {logging_mixin.py:188} INFO - [2024-03-01T17:43:35.834+0000] {dagbag.py:538} INFO - Filling up the DagBag from /home/airflow/.local/lib/python3.8/site-packages/airflow/example_dags/example_sensors.py
[2024-03-01T17:43:35.852+0000] {processor.py:840} INFO - DAG(s) 'example_sensors' retrieved from /home/airflow/.local/lib/python3.8/site-packages/airflow/example_dags/example_sensors.py
[2024-03-01T17:43:35.919+0000] {logging_mixin.py:188} INFO - [2024-03-01T17:43:35.919+0000] {dag.py:3036} INFO - Sync 1 DAGs
[2024-03-01T17:43:35.943+0000] {logging_mixin.py:188} INFO - [2024-03-01T17:43:35.942+0000] {dag.py:3823} INFO - Setting next_dagrun for example_sensors to None, run_after=None
[2024-03-01T17:43:35.978+0000] {processor.py:183} INFO - Processing /home/airflow/.local/lib/python3.8/site-packages/airflow/example_dags/example_sensors.py took 0.154 seconds
[2024-03-01T18:00:32.405+0000] {processor.py:161} INFO - Started process (PID=69) to work on /home/airflow/.local/lib/python3.8/site-packages/airflow/example_dags/example_sensors.py
[2024-03-01T18:00:32.421+0000] {processor.py:830} INFO - Processing file /home/airflow/.local/lib/python3.8/site-packages/airflow/example_dags/example_sensors.py for tasks to queue
[2024-03-01T18:00:32.428+0000] {logging_mixin.py:188} INFO - [2024-03-01T18:00:32.426+0000] {dagbag.py:538} INFO - Filling up the DagBag from /home/airflow/.local/lib/python3.8/site-packages/airflow/example_dags/example_sensors.py
[2024-03-01T18:00:32.529+0000] {processor.py:840} INFO - DAG(s) 'example_sensors' retrieved from /home/airflow/.local/lib/python3.8/site-packages/airflow/example_dags/example_sensors.py
[2024-03-01T18:00:33.076+0000] {logging_mixin.py:188} INFO - [2024-03-01T18:00:33.075+0000] {dag.py:3036} INFO - Sync 1 DAGs
[2024-03-01T18:00:33.204+0000] {logging_mixin.py:188} INFO - [2024-03-01T18:00:33.203+0000] {dag.py:3823} INFO - Setting next_dagrun for example_sensors to None, run_after=None
[2024-03-01T18:00:33.444+0000] {processor.py:183} INFO - Processing /home/airflow/.local/lib/python3.8/site-packages/airflow/example_dags/example_sensors.py took 1.054 seconds
[2024-03-01T18:01:23.311+0000] {processor.py:161} INFO - Started process (PID=126) to work on /home/airflow/.local/lib/python3.8/site-packages/airflow/example_dags/example_sensors.py
[2024-03-01T18:01:23.335+0000] {processor.py:830} INFO - Processing file /home/airflow/.local/lib/python3.8/site-packages/airflow/example_dags/example_sensors.py for tasks to queue
[2024-03-01T18:01:23.384+0000] {logging_mixin.py:188} INFO - [2024-03-01T18:01:23.378+0000] {dagbag.py:538} INFO - Filling up the DagBag from /home/airflow/.local/lib/python3.8/site-packages/airflow/example_dags/example_sensors.py
[2024-03-01T18:01:23.659+0000] {processor.py:840} INFO - DAG(s) 'example_sensors' retrieved from /home/airflow/.local/lib/python3.8/site-packages/airflow/example_dags/example_sensors.py
[2024-03-01T18:01:24.450+0000] {logging_mixin.py:188} INFO - [2024-03-01T18:01:24.446+0000] {dag.py:3036} INFO - Sync 1 DAGs
[2024-03-01T18:01:24.840+0000] {logging_mixin.py:188} INFO - [2024-03-01T18:01:24.839+0000] {dag.py:3823} INFO - Setting next_dagrun for example_sensors to None, run_after=None
[2024-03-01T18:01:25.500+0000] {processor.py:183} INFO - Processing /home/airflow/.local/lib/python3.8/site-packages/airflow/example_dags/example_sensors.py took 2.259 seconds
[2024-03-01T18:02:04.828+0000] {processor.py:161} INFO - Started process (PID=187) to work on /home/airflow/.local/lib/python3.8/site-packages/airflow/example_dags/example_sensors.py
[2024-03-01T18:02:04.832+0000] {processor.py:830} INFO - Processing file /home/airflow/.local/lib/python3.8/site-packages/airflow/example_dags/example_sensors.py for tasks to queue
[2024-03-01T18:02:04.841+0000] {logging_mixin.py:188} INFO - [2024-03-01T18:02:04.839+0000] {dagbag.py:538} INFO - Filling up the DagBag from /home/airflow/.local/lib/python3.8/site-packages/airflow/example_dags/example_sensors.py
[2024-03-01T18:02:04.918+0000] {processor.py:840} INFO - DAG(s) 'example_sensors' retrieved from /home/airflow/.local/lib/python3.8/site-packages/airflow/example_dags/example_sensors.py
[2024-03-01T18:02:05.131+0000] {logging_mixin.py:188} INFO - [2024-03-01T18:02:05.130+0000] {dag.py:3036} INFO - Sync 1 DAGs
[2024-03-01T18:02:05.266+0000] {logging_mixin.py:188} INFO - [2024-03-01T18:02:05.263+0000] {dag.py:3823} INFO - Setting next_dagrun for example_sensors to None, run_after=None
[2024-03-01T18:02:05.442+0000] {processor.py:183} INFO - Processing /home/airflow/.local/lib/python3.8/site-packages/airflow/example_dags/example_sensors.py took 0.632 seconds
[2024-03-01T18:02:36.096+0000] {processor.py:161} INFO - Started process (PID=244) to work on /home/airflow/.local/lib/python3.8/site-packages/airflow/example_dags/example_sensors.py
[2024-03-01T18:02:36.102+0000] {processor.py:830} INFO - Processing file /home/airflow/.local/lib/python3.8/site-packages/airflow/example_dags/example_sensors.py for tasks to queue
[2024-03-01T18:02:36.112+0000] {logging_mixin.py:188} INFO - [2024-03-01T18:02:36.111+0000] {dagbag.py:538} INFO - Filling up the DagBag from /home/airflow/.local/lib/python3.8/site-packages/airflow/example_dags/example_sensors.py
[2024-03-01T18:02:36.211+0000] {processor.py:840} INFO - DAG(s) 'example_sensors' retrieved from /home/airflow/.local/lib/python3.8/site-packages/airflow/example_dags/example_sensors.py
[2024-03-01T18:02:36.384+0000] {logging_mixin.py:188} INFO - [2024-03-01T18:02:36.382+0000] {dag.py:3036} INFO - Sync 1 DAGs
[2024-03-01T18:02:36.458+0000] {logging_mixin.py:188} INFO - [2024-03-01T18:02:36.457+0000] {dag.py:3823} INFO - Setting next_dagrun for example_sensors to None, run_after=None
[2024-03-01T18:02:36.549+0000] {processor.py:183} INFO - Processing /home/airflow/.local/lib/python3.8/site-packages/airflow/example_dags/example_sensors.py took 0.470 seconds
[2024-03-01T18:03:07.948+0000] {processor.py:161} INFO - Started process (PID=302) to work on /home/airflow/.local/lib/python3.8/site-packages/airflow/example_dags/example_sensors.py
[2024-03-01T18:03:07.956+0000] {processor.py:830} INFO - Processing file /home/airflow/.local/lib/python3.8/site-packages/airflow/example_dags/example_sensors.py for tasks to queue
[2024-03-01T18:03:07.964+0000] {logging_mixin.py:188} INFO - [2024-03-01T18:03:07.963+0000] {dagbag.py:538} INFO - Filling up the DagBag from /home/airflow/.local/lib/python3.8/site-packages/airflow/example_dags/example_sensors.py
[2024-03-01T18:03:08.042+0000] {processor.py:840} INFO - DAG(s) 'example_sensors' retrieved from /home/airflow/.local/lib/python3.8/site-packages/airflow/example_dags/example_sensors.py
[2024-03-01T18:03:08.291+0000] {logging_mixin.py:188} INFO - [2024-03-01T18:03:08.289+0000] {dag.py:3036} INFO - Sync 1 DAGs
[2024-03-01T18:03:08.412+0000] {logging_mixin.py:188} INFO - [2024-03-01T18:03:08.411+0000] {dag.py:3823} INFO - Setting next_dagrun for example_sensors to None, run_after=None
[2024-03-01T18:03:08.574+0000] {processor.py:183} INFO - Processing /home/airflow/.local/lib/python3.8/site-packages/airflow/example_dags/example_sensors.py took 0.645 seconds
[2024-03-01T18:03:39.206+0000] {processor.py:161} INFO - Started process (PID=359) to work on /home/airflow/.local/lib/python3.8/site-packages/airflow/example_dags/example_sensors.py
[2024-03-01T18:03:39.210+0000] {processor.py:830} INFO - Processing file /home/airflow/.local/lib/python3.8/site-packages/airflow/example_dags/example_sensors.py for tasks to queue
[2024-03-01T18:03:39.218+0000] {logging_mixin.py:188} INFO - [2024-03-01T18:03:39.215+0000] {dagbag.py:538} INFO - Filling up the DagBag from /home/airflow/.local/lib/python3.8/site-packages/airflow/example_dags/example_sensors.py
[2024-03-01T18:03:39.261+0000] {processor.py:840} INFO - DAG(s) 'example_sensors' retrieved from /home/airflow/.local/lib/python3.8/site-packages/airflow/example_dags/example_sensors.py
[2024-03-01T18:03:39.375+0000] {logging_mixin.py:188} INFO - [2024-03-01T18:03:39.374+0000] {dag.py:3036} INFO - Sync 1 DAGs
[2024-03-01T18:03:39.434+0000] {logging_mixin.py:188} INFO - [2024-03-01T18:03:39.433+0000] {dag.py:3823} INFO - Setting next_dagrun for example_sensors to None, run_after=None
[2024-03-01T18:03:39.512+0000] {processor.py:183} INFO - Processing /home/airflow/.local/lib/python3.8/site-packages/airflow/example_dags/example_sensors.py took 0.319 seconds
[2024-03-01T18:07:27.226+0000] {processor.py:161} INFO - Started process (PID=57) to work on /home/airflow/.local/lib/python3.8/site-packages/airflow/example_dags/example_sensors.py
[2024-03-01T18:07:27.232+0000] {processor.py:830} INFO - Processing file /home/airflow/.local/lib/python3.8/site-packages/airflow/example_dags/example_sensors.py for tasks to queue
[2024-03-01T18:07:27.243+0000] {logging_mixin.py:188} INFO - [2024-03-01T18:07:27.240+0000] {dagbag.py:538} INFO - Filling up the DagBag from /home/airflow/.local/lib/python3.8/site-packages/airflow/example_dags/example_sensors.py
[2024-03-01T18:07:27.326+0000] {processor.py:840} INFO - DAG(s) 'example_sensors' retrieved from /home/airflow/.local/lib/python3.8/site-packages/airflow/example_dags/example_sensors.py
[2024-03-01T18:07:28.209+0000] {logging_mixin.py:188} INFO - [2024-03-01T18:07:28.207+0000] {dag.py:3036} INFO - Sync 1 DAGs
[2024-03-01T18:07:28.297+0000] {logging_mixin.py:188} INFO - [2024-03-01T18:07:28.295+0000] {dag.py:3823} INFO - Setting next_dagrun for example_sensors to None, run_after=None
[2024-03-01T18:07:28.431+0000] {processor.py:183} INFO - Processing /home/airflow/.local/lib/python3.8/site-packages/airflow/example_dags/example_sensors.py took 1.227 seconds
[2024-03-01T18:08:02.606+0000] {processor.py:161} INFO - Started process (PID=121) to work on /home/airflow/.local/lib/python3.8/site-packages/airflow/example_dags/example_sensors.py
[2024-03-01T18:08:02.613+0000] {processor.py:830} INFO - Processing file /home/airflow/.local/lib/python3.8/site-packages/airflow/example_dags/example_sensors.py for tasks to queue
[2024-03-01T18:08:02.630+0000] {logging_mixin.py:188} INFO - [2024-03-01T18:08:02.624+0000] {dagbag.py:538} INFO - Filling up the DagBag from /home/airflow/.local/lib/python3.8/site-packages/airflow/example_dags/example_sensors.py
[2024-03-01T18:08:02.702+0000] {processor.py:840} INFO - DAG(s) 'example_sensors' retrieved from /home/airflow/.local/lib/python3.8/site-packages/airflow/example_dags/example_sensors.py
[2024-03-01T18:08:02.893+0000] {logging_mixin.py:188} INFO - [2024-03-01T18:08:02.892+0000] {dag.py:3036} INFO - Sync 1 DAGs
[2024-03-01T18:08:02.998+0000] {logging_mixin.py:188} INFO - [2024-03-01T18:08:02.996+0000] {dag.py:3823} INFO - Setting next_dagrun for example_sensors to None, run_after=None
[2024-03-01T18:08:03.160+0000] {processor.py:183} INFO - Processing /home/airflow/.local/lib/python3.8/site-packages/airflow/example_dags/example_sensors.py took 0.577 seconds
[2024-03-01T18:08:33.617+0000] {processor.py:161} INFO - Started process (PID=177) to work on /home/airflow/.local/lib/python3.8/site-packages/airflow/example_dags/example_sensors.py
[2024-03-01T18:08:33.623+0000] {processor.py:830} INFO - Processing file /home/airflow/.local/lib/python3.8/site-packages/airflow/example_dags/example_sensors.py for tasks to queue
[2024-03-01T18:08:33.633+0000] {logging_mixin.py:188} INFO - [2024-03-01T18:08:33.631+0000] {dagbag.py:538} INFO - Filling up the DagBag from /home/airflow/.local/lib/python3.8/site-packages/airflow/example_dags/example_sensors.py
[2024-03-01T18:08:33.709+0000] {processor.py:840} INFO - DAG(s) 'example_sensors' retrieved from /home/airflow/.local/lib/python3.8/site-packages/airflow/example_dags/example_sensors.py
[2024-03-01T18:08:33.909+0000] {logging_mixin.py:188} INFO - [2024-03-01T18:08:33.908+0000] {dag.py:3036} INFO - Sync 1 DAGs
[2024-03-01T18:08:33.998+0000] {logging_mixin.py:188} INFO - [2024-03-01T18:08:33.997+0000] {dag.py:3823} INFO - Setting next_dagrun for example_sensors to None, run_after=None
[2024-03-01T18:08:34.102+0000] {processor.py:183} INFO - Processing /home/airflow/.local/lib/python3.8/site-packages/airflow/example_dags/example_sensors.py took 0.507 seconds
[2024-03-01T18:09:04.817+0000] {processor.py:161} INFO - Started process (PID=235) to work on /home/airflow/.local/lib/python3.8/site-packages/airflow/example_dags/example_sensors.py
[2024-03-01T18:09:04.835+0000] {processor.py:830} INFO - Processing file /home/airflow/.local/lib/python3.8/site-packages/airflow/example_dags/example_sensors.py for tasks to queue
[2024-03-01T18:09:04.868+0000] {logging_mixin.py:188} INFO - [2024-03-01T18:09:04.866+0000] {dagbag.py:538} INFO - Filling up the DagBag from /home/airflow/.local/lib/python3.8/site-packages/airflow/example_dags/example_sensors.py
[2024-03-01T18:09:04.971+0000] {processor.py:840} INFO - DAG(s) 'example_sensors' retrieved from /home/airflow/.local/lib/python3.8/site-packages/airflow/example_dags/example_sensors.py
[2024-03-01T18:09:05.224+0000] {logging_mixin.py:188} INFO - [2024-03-01T18:09:05.223+0000] {dag.py:3036} INFO - Sync 1 DAGs
[2024-03-01T18:09:05.385+0000] {logging_mixin.py:188} INFO - [2024-03-01T18:09:05.384+0000] {dag.py:3823} INFO - Setting next_dagrun for example_sensors to None, run_after=None
[2024-03-01T18:09:05.646+0000] {processor.py:183} INFO - Processing /home/airflow/.local/lib/python3.8/site-packages/airflow/example_dags/example_sensors.py took 0.849 seconds
[2024-03-01T18:09:37.019+0000] {processor.py:161} INFO - Started process (PID=293) to work on /home/airflow/.local/lib/python3.8/site-packages/airflow/example_dags/example_sensors.py
[2024-03-01T18:09:37.025+0000] {processor.py:830} INFO - Processing file /home/airflow/.local/lib/python3.8/site-packages/airflow/example_dags/example_sensors.py for tasks to queue
[2024-03-01T18:09:37.036+0000] {logging_mixin.py:188} INFO - [2024-03-01T18:09:37.033+0000] {dagbag.py:538} INFO - Filling up the DagBag from /home/airflow/.local/lib/python3.8/site-packages/airflow/example_dags/example_sensors.py
[2024-03-01T18:09:37.112+0000] {processor.py:840} INFO - DAG(s) 'example_sensors' retrieved from /home/airflow/.local/lib/python3.8/site-packages/airflow/example_dags/example_sensors.py
[2024-03-01T18:09:37.340+0000] {logging_mixin.py:188} INFO - [2024-03-01T18:09:37.339+0000] {dag.py:3036} INFO - Sync 1 DAGs
[2024-03-01T18:09:37.467+0000] {logging_mixin.py:188} INFO - [2024-03-01T18:09:37.465+0000] {dag.py:3823} INFO - Setting next_dagrun for example_sensors to None, run_after=None
[2024-03-01T18:09:37.678+0000] {processor.py:183} INFO - Processing /home/airflow/.local/lib/python3.8/site-packages/airflow/example_dags/example_sensors.py took 0.689 seconds
[2024-03-01T18:10:07.875+0000] {processor.py:161} INFO - Started process (PID=351) to work on /home/airflow/.local/lib/python3.8/site-packages/airflow/example_dags/example_sensors.py
[2024-03-01T18:10:07.882+0000] {processor.py:830} INFO - Processing file /home/airflow/.local/lib/python3.8/site-packages/airflow/example_dags/example_sensors.py for tasks to queue
[2024-03-01T18:10:07.893+0000] {logging_mixin.py:188} INFO - [2024-03-01T18:10:07.890+0000] {dagbag.py:538} INFO - Filling up the DagBag from /home/airflow/.local/lib/python3.8/site-packages/airflow/example_dags/example_sensors.py
[2024-03-01T18:10:07.970+0000] {processor.py:840} INFO - DAG(s) 'example_sensors' retrieved from /home/airflow/.local/lib/python3.8/site-packages/airflow/example_dags/example_sensors.py
[2024-03-01T18:10:08.195+0000] {logging_mixin.py:188} INFO - [2024-03-01T18:10:08.194+0000] {dag.py:3036} INFO - Sync 1 DAGs
[2024-03-01T18:10:08.306+0000] {logging_mixin.py:188} INFO - [2024-03-01T18:10:08.305+0000] {dag.py:3823} INFO - Setting next_dagrun for example_sensors to None, run_after=None
[2024-03-01T18:10:08.481+0000] {processor.py:183} INFO - Processing /home/airflow/.local/lib/python3.8/site-packages/airflow/example_dags/example_sensors.py took 0.623 seconds
[2024-03-01T18:10:38.675+0000] {processor.py:161} INFO - Started process (PID=408) to work on /home/airflow/.local/lib/python3.8/site-packages/airflow/example_dags/example_sensors.py
[2024-03-01T18:10:38.683+0000] {processor.py:830} INFO - Processing file /home/airflow/.local/lib/python3.8/site-packages/airflow/example_dags/example_sensors.py for tasks to queue
[2024-03-01T18:10:38.696+0000] {logging_mixin.py:188} INFO - [2024-03-01T18:10:38.694+0000] {dagbag.py:538} INFO - Filling up the DagBag from /home/airflow/.local/lib/python3.8/site-packages/airflow/example_dags/example_sensors.py
[2024-03-01T18:10:38.784+0000] {processor.py:840} INFO - DAG(s) 'example_sensors' retrieved from /home/airflow/.local/lib/python3.8/site-packages/airflow/example_dags/example_sensors.py
[2024-03-01T18:10:39.044+0000] {logging_mixin.py:188} INFO - [2024-03-01T18:10:39.042+0000] {dag.py:3036} INFO - Sync 1 DAGs
[2024-03-01T18:10:39.164+0000] {logging_mixin.py:188} INFO - [2024-03-01T18:10:39.163+0000] {dag.py:3823} INFO - Setting next_dagrun for example_sensors to None, run_after=None
[2024-03-01T18:10:39.326+0000] {processor.py:183} INFO - Processing /home/airflow/.local/lib/python3.8/site-packages/airflow/example_dags/example_sensors.py took 0.669 seconds
[2024-03-01T18:11:09.583+0000] {processor.py:161} INFO - Started process (PID=467) to work on /home/airflow/.local/lib/python3.8/site-packages/airflow/example_dags/example_sensors.py
[2024-03-01T18:11:09.587+0000] {processor.py:830} INFO - Processing file /home/airflow/.local/lib/python3.8/site-packages/airflow/example_dags/example_sensors.py for tasks to queue
[2024-03-01T18:11:09.598+0000] {logging_mixin.py:188} INFO - [2024-03-01T18:11:09.597+0000] {dagbag.py:538} INFO - Filling up the DagBag from /home/airflow/.local/lib/python3.8/site-packages/airflow/example_dags/example_sensors.py
[2024-03-01T18:11:09.640+0000] {processor.py:840} INFO - DAG(s) 'example_sensors' retrieved from /home/airflow/.local/lib/python3.8/site-packages/airflow/example_dags/example_sensors.py
[2024-03-01T18:11:09.749+0000] {logging_mixin.py:188} INFO - [2024-03-01T18:11:09.748+0000] {dag.py:3036} INFO - Sync 1 DAGs
[2024-03-01T18:11:09.802+0000] {logging_mixin.py:188} INFO - [2024-03-01T18:11:09.802+0000] {dag.py:3823} INFO - Setting next_dagrun for example_sensors to None, run_after=None
[2024-03-01T18:11:09.923+0000] {processor.py:183} INFO - Processing /home/airflow/.local/lib/python3.8/site-packages/airflow/example_dags/example_sensors.py took 0.355 seconds
[2024-03-01T18:11:40.680+0000] {processor.py:161} INFO - Started process (PID=525) to work on /home/airflow/.local/lib/python3.8/site-packages/airflow/example_dags/example_sensors.py
[2024-03-01T18:11:40.690+0000] {processor.py:830} INFO - Processing file /home/airflow/.local/lib/python3.8/site-packages/airflow/example_dags/example_sensors.py for tasks to queue
[2024-03-01T18:11:40.713+0000] {logging_mixin.py:188} INFO - [2024-03-01T18:11:40.710+0000] {dagbag.py:538} INFO - Filling up the DagBag from /home/airflow/.local/lib/python3.8/site-packages/airflow/example_dags/example_sensors.py
[2024-03-01T18:11:40.790+0000] {processor.py:840} INFO - DAG(s) 'example_sensors' retrieved from /home/airflow/.local/lib/python3.8/site-packages/airflow/example_dags/example_sensors.py
[2024-03-01T18:11:41.029+0000] {logging_mixin.py:188} INFO - [2024-03-01T18:11:41.027+0000] {dag.py:3036} INFO - Sync 1 DAGs
[2024-03-01T18:11:41.145+0000] {logging_mixin.py:188} INFO - [2024-03-01T18:11:41.143+0000] {dag.py:3823} INFO - Setting next_dagrun for example_sensors to None, run_after=None
[2024-03-01T18:11:41.342+0000] {processor.py:183} INFO - Processing /home/airflow/.local/lib/python3.8/site-packages/airflow/example_dags/example_sensors.py took 0.686 seconds
[2024-03-01T18:12:15.120+0000] {processor.py:161} INFO - Started process (PID=583) to work on /home/airflow/.local/lib/python3.8/site-packages/airflow/example_dags/example_sensors.py
[2024-03-01T18:12:15.125+0000] {processor.py:830} INFO - Processing file /home/airflow/.local/lib/python3.8/site-packages/airflow/example_dags/example_sensors.py for tasks to queue
[2024-03-01T18:12:15.135+0000] {logging_mixin.py:188} INFO - [2024-03-01T18:12:15.134+0000] {dagbag.py:538} INFO - Filling up the DagBag from /home/airflow/.local/lib/python3.8/site-packages/airflow/example_dags/example_sensors.py
[2024-03-01T18:12:15.201+0000] {processor.py:840} INFO - DAG(s) 'example_sensors' retrieved from /home/airflow/.local/lib/python3.8/site-packages/airflow/example_dags/example_sensors.py
[2024-03-01T18:12:15.403+0000] {logging_mixin.py:188} INFO - [2024-03-01T18:12:15.400+0000] {dag.py:3036} INFO - Sync 1 DAGs
[2024-03-01T18:12:15.535+0000] {logging_mixin.py:188} INFO - [2024-03-01T18:12:15.534+0000] {dag.py:3823} INFO - Setting next_dagrun for example_sensors to None, run_after=None
[2024-03-01T18:12:15.681+0000] {processor.py:183} INFO - Processing /home/airflow/.local/lib/python3.8/site-packages/airflow/example_dags/example_sensors.py took 0.576 seconds
[2024-03-01T18:12:47.146+0000] {processor.py:161} INFO - Started process (PID=641) to work on /home/airflow/.local/lib/python3.8/site-packages/airflow/example_dags/example_sensors.py
[2024-03-01T18:12:47.152+0000] {processor.py:830} INFO - Processing file /home/airflow/.local/lib/python3.8/site-packages/airflow/example_dags/example_sensors.py for tasks to queue
[2024-03-01T18:12:47.162+0000] {logging_mixin.py:188} INFO - [2024-03-01T18:12:47.161+0000] {dagbag.py:538} INFO - Filling up the DagBag from /home/airflow/.local/lib/python3.8/site-packages/airflow/example_dags/example_sensors.py
[2024-03-01T18:12:47.249+0000] {processor.py:840} INFO - DAG(s) 'example_sensors' retrieved from /home/airflow/.local/lib/python3.8/site-packages/airflow/example_dags/example_sensors.py
[2024-03-01T18:12:47.449+0000] {logging_mixin.py:188} INFO - [2024-03-01T18:12:47.448+0000] {dag.py:3036} INFO - Sync 1 DAGs
[2024-03-01T18:12:47.553+0000] {logging_mixin.py:188} INFO - [2024-03-01T18:12:47.552+0000] {dag.py:3823} INFO - Setting next_dagrun for example_sensors to None, run_after=None
[2024-03-01T18:12:47.679+0000] {processor.py:183} INFO - Processing /home/airflow/.local/lib/python3.8/site-packages/airflow/example_dags/example_sensors.py took 0.556 seconds
[2024-03-01T18:13:18.243+0000] {processor.py:161} INFO - Started process (PID=699) to work on /home/airflow/.local/lib/python3.8/site-packages/airflow/example_dags/example_sensors.py
[2024-03-01T18:13:18.249+0000] {processor.py:830} INFO - Processing file /home/airflow/.local/lib/python3.8/site-packages/airflow/example_dags/example_sensors.py for tasks to queue
[2024-03-01T18:13:18.257+0000] {logging_mixin.py:188} INFO - [2024-03-01T18:13:18.255+0000] {dagbag.py:538} INFO - Filling up the DagBag from /home/airflow/.local/lib/python3.8/site-packages/airflow/example_dags/example_sensors.py
[2024-03-01T18:13:18.311+0000] {processor.py:840} INFO - DAG(s) 'example_sensors' retrieved from /home/airflow/.local/lib/python3.8/site-packages/airflow/example_dags/example_sensors.py
[2024-03-01T18:13:18.477+0000] {logging_mixin.py:188} INFO - [2024-03-01T18:13:18.476+0000] {dag.py:3036} INFO - Sync 1 DAGs
[2024-03-01T18:13:18.555+0000] {logging_mixin.py:188} INFO - [2024-03-01T18:13:18.554+0000] {dag.py:3823} INFO - Setting next_dagrun for example_sensors to None, run_after=None
[2024-03-01T18:13:18.655+0000] {processor.py:183} INFO - Processing /home/airflow/.local/lib/python3.8/site-packages/airflow/example_dags/example_sensors.py took 0.428 seconds
[2024-03-01T18:17:50.089+0000] {processor.py:161} INFO - Started process (PID=57) to work on /home/airflow/.local/lib/python3.8/site-packages/airflow/example_dags/example_sensors.py
[2024-03-01T18:17:50.094+0000] {processor.py:830} INFO - Processing file /home/airflow/.local/lib/python3.8/site-packages/airflow/example_dags/example_sensors.py for tasks to queue
[2024-03-01T18:17:50.105+0000] {logging_mixin.py:188} INFO - [2024-03-01T18:17:50.103+0000] {dagbag.py:538} INFO - Filling up the DagBag from /home/airflow/.local/lib/python3.8/site-packages/airflow/example_dags/example_sensors.py
[2024-03-01T18:17:50.185+0000] {processor.py:840} INFO - DAG(s) 'example_sensors' retrieved from /home/airflow/.local/lib/python3.8/site-packages/airflow/example_dags/example_sensors.py
[2024-03-01T18:17:51.202+0000] {logging_mixin.py:188} INFO - [2024-03-01T18:17:51.201+0000] {dag.py:3036} INFO - Sync 1 DAGs
[2024-03-01T18:17:51.318+0000] {logging_mixin.py:188} INFO - [2024-03-01T18:17:51.316+0000] {dag.py:3823} INFO - Setting next_dagrun for example_sensors to None, run_after=None
[2024-03-01T18:17:51.457+0000] {processor.py:183} INFO - Processing /home/airflow/.local/lib/python3.8/site-packages/airflow/example_dags/example_sensors.py took 1.388 seconds
[2024-03-01T18:18:24.947+0000] {processor.py:161} INFO - Started process (PID=115) to work on /home/airflow/.local/lib/python3.8/site-packages/airflow/example_dags/example_sensors.py
[2024-03-01T18:18:24.950+0000] {processor.py:830} INFO - Processing file /home/airflow/.local/lib/python3.8/site-packages/airflow/example_dags/example_sensors.py for tasks to queue
[2024-03-01T18:18:24.958+0000] {logging_mixin.py:188} INFO - [2024-03-01T18:18:24.956+0000] {dagbag.py:538} INFO - Filling up the DagBag from /home/airflow/.local/lib/python3.8/site-packages/airflow/example_dags/example_sensors.py
[2024-03-01T18:18:25.010+0000] {processor.py:840} INFO - DAG(s) 'example_sensors' retrieved from /home/airflow/.local/lib/python3.8/site-packages/airflow/example_dags/example_sensors.py
[2024-03-01T18:18:25.146+0000] {logging_mixin.py:188} INFO - [2024-03-01T18:18:25.145+0000] {dag.py:3036} INFO - Sync 1 DAGs
[2024-03-01T18:18:25.209+0000] {logging_mixin.py:188} INFO - [2024-03-01T18:18:25.208+0000] {dag.py:3823} INFO - Setting next_dagrun for example_sensors to None, run_after=None
[2024-03-01T18:18:25.301+0000] {processor.py:183} INFO - Processing /home/airflow/.local/lib/python3.8/site-packages/airflow/example_dags/example_sensors.py took 0.367 seconds
[2024-03-01T18:18:55.882+0000] {processor.py:161} INFO - Started process (PID=171) to work on /home/airflow/.local/lib/python3.8/site-packages/airflow/example_dags/example_sensors.py
[2024-03-01T18:18:55.885+0000] {processor.py:830} INFO - Processing file /home/airflow/.local/lib/python3.8/site-packages/airflow/example_dags/example_sensors.py for tasks to queue
[2024-03-01T18:18:55.893+0000] {logging_mixin.py:188} INFO - [2024-03-01T18:18:55.892+0000] {dagbag.py:538} INFO - Filling up the DagBag from /home/airflow/.local/lib/python3.8/site-packages/airflow/example_dags/example_sensors.py
[2024-03-01T18:18:55.945+0000] {processor.py:840} INFO - DAG(s) 'example_sensors' retrieved from /home/airflow/.local/lib/python3.8/site-packages/airflow/example_dags/example_sensors.py
[2024-03-01T18:18:56.082+0000] {logging_mixin.py:188} INFO - [2024-03-01T18:18:56.080+0000] {dag.py:3036} INFO - Sync 1 DAGs
[2024-03-01T18:18:56.155+0000] {logging_mixin.py:188} INFO - [2024-03-01T18:18:56.154+0000] {dag.py:3823} INFO - Setting next_dagrun for example_sensors to None, run_after=None
[2024-03-01T18:18:56.248+0000] {processor.py:183} INFO - Processing /home/airflow/.local/lib/python3.8/site-packages/airflow/example_dags/example_sensors.py took 0.379 seconds
[2024-03-01T18:19:26.495+0000] {processor.py:161} INFO - Started process (PID=229) to work on /home/airflow/.local/lib/python3.8/site-packages/airflow/example_dags/example_sensors.py
[2024-03-01T18:19:26.502+0000] {processor.py:830} INFO - Processing file /home/airflow/.local/lib/python3.8/site-packages/airflow/example_dags/example_sensors.py for tasks to queue
[2024-03-01T18:19:26.513+0000] {logging_mixin.py:188} INFO - [2024-03-01T18:19:26.510+0000] {dagbag.py:538} INFO - Filling up the DagBag from /home/airflow/.local/lib/python3.8/site-packages/airflow/example_dags/example_sensors.py
[2024-03-01T18:19:26.582+0000] {processor.py:840} INFO - DAG(s) 'example_sensors' retrieved from /home/airflow/.local/lib/python3.8/site-packages/airflow/example_dags/example_sensors.py
[2024-03-01T18:19:26.806+0000] {logging_mixin.py:188} INFO - [2024-03-01T18:19:26.805+0000] {dag.py:3036} INFO - Sync 1 DAGs
[2024-03-01T18:19:26.901+0000] {logging_mixin.py:188} INFO - [2024-03-01T18:19:26.900+0000] {dag.py:3823} INFO - Setting next_dagrun for example_sensors to None, run_after=None
[2024-03-01T18:19:27.031+0000] {processor.py:183} INFO - Processing /home/airflow/.local/lib/python3.8/site-packages/airflow/example_dags/example_sensors.py took 0.556 seconds
[2024-03-01T18:19:59.266+0000] {processor.py:161} INFO - Started process (PID=287) to work on /home/airflow/.local/lib/python3.8/site-packages/airflow/example_dags/example_sensors.py
[2024-03-01T18:19:59.269+0000] {processor.py:830} INFO - Processing file /home/airflow/.local/lib/python3.8/site-packages/airflow/example_dags/example_sensors.py for tasks to queue
[2024-03-01T18:19:59.279+0000] {logging_mixin.py:188} INFO - [2024-03-01T18:19:59.277+0000] {dagbag.py:538} INFO - Filling up the DagBag from /home/airflow/.local/lib/python3.8/site-packages/airflow/example_dags/example_sensors.py
[2024-03-01T18:19:59.356+0000] {processor.py:840} INFO - DAG(s) 'example_sensors' retrieved from /home/airflow/.local/lib/python3.8/site-packages/airflow/example_dags/example_sensors.py
[2024-03-01T18:19:59.550+0000] {logging_mixin.py:188} INFO - [2024-03-01T18:19:59.549+0000] {dag.py:3036} INFO - Sync 1 DAGs
[2024-03-01T18:19:59.657+0000] {logging_mixin.py:188} INFO - [2024-03-01T18:19:59.655+0000] {dag.py:3823} INFO - Setting next_dagrun for example_sensors to None, run_after=None
[2024-03-01T18:19:59.820+0000] {processor.py:183} INFO - Processing /home/airflow/.local/lib/python3.8/site-packages/airflow/example_dags/example_sensors.py took 0.571 seconds
[2024-03-01T18:20:30.482+0000] {processor.py:161} INFO - Started process (PID=353) to work on /home/airflow/.local/lib/python3.8/site-packages/airflow/example_dags/example_sensors.py
[2024-03-01T18:20:30.486+0000] {processor.py:830} INFO - Processing file /home/airflow/.local/lib/python3.8/site-packages/airflow/example_dags/example_sensors.py for tasks to queue
[2024-03-01T18:20:30.498+0000] {logging_mixin.py:188} INFO - [2024-03-01T18:20:30.497+0000] {dagbag.py:538} INFO - Filling up the DagBag from /home/airflow/.local/lib/python3.8/site-packages/airflow/example_dags/example_sensors.py
[2024-03-01T18:20:30.571+0000] {processor.py:840} INFO - DAG(s) 'example_sensors' retrieved from /home/airflow/.local/lib/python3.8/site-packages/airflow/example_dags/example_sensors.py
[2024-03-01T18:20:30.820+0000] {logging_mixin.py:188} INFO - [2024-03-01T18:20:30.819+0000] {dag.py:3036} INFO - Sync 1 DAGs
[2024-03-01T18:20:30.929+0000] {logging_mixin.py:188} INFO - [2024-03-01T18:20:30.927+0000] {dag.py:3823} INFO - Setting next_dagrun for example_sensors to None, run_after=None
[2024-03-01T18:20:31.115+0000] {processor.py:183} INFO - Processing /home/airflow/.local/lib/python3.8/site-packages/airflow/example_dags/example_sensors.py took 0.653 seconds
[2024-03-01T18:21:01.242+0000] {processor.py:161} INFO - Started process (PID=410) to work on /home/airflow/.local/lib/python3.8/site-packages/airflow/example_dags/example_sensors.py
[2024-03-01T18:21:01.248+0000] {processor.py:830} INFO - Processing file /home/airflow/.local/lib/python3.8/site-packages/airflow/example_dags/example_sensors.py for tasks to queue
[2024-03-01T18:21:01.258+0000] {logging_mixin.py:188} INFO - [2024-03-01T18:21:01.255+0000] {dagbag.py:538} INFO - Filling up the DagBag from /home/airflow/.local/lib/python3.8/site-packages/airflow/example_dags/example_sensors.py
[2024-03-01T18:21:01.334+0000] {processor.py:840} INFO - DAG(s) 'example_sensors' retrieved from /home/airflow/.local/lib/python3.8/site-packages/airflow/example_dags/example_sensors.py
[2024-03-01T18:21:01.567+0000] {logging_mixin.py:188} INFO - [2024-03-01T18:21:01.565+0000] {dag.py:3036} INFO - Sync 1 DAGs
[2024-03-01T18:21:01.676+0000] {logging_mixin.py:188} INFO - [2024-03-01T18:21:01.674+0000] {dag.py:3823} INFO - Setting next_dagrun for example_sensors to None, run_after=None
[2024-03-01T18:21:01.844+0000] {processor.py:183} INFO - Processing /home/airflow/.local/lib/python3.8/site-packages/airflow/example_dags/example_sensors.py took 0.628 seconds
[2024-03-01T18:21:32.356+0000] {processor.py:161} INFO - Started process (PID=468) to work on /home/airflow/.local/lib/python3.8/site-packages/airflow/example_dags/example_sensors.py
[2024-03-01T18:21:32.363+0000] {processor.py:830} INFO - Processing file /home/airflow/.local/lib/python3.8/site-packages/airflow/example_dags/example_sensors.py for tasks to queue
[2024-03-01T18:21:32.379+0000] {logging_mixin.py:188} INFO - [2024-03-01T18:21:32.375+0000] {dagbag.py:538} INFO - Filling up the DagBag from /home/airflow/.local/lib/python3.8/site-packages/airflow/example_dags/example_sensors.py
[2024-03-01T18:21:32.451+0000] {processor.py:840} INFO - DAG(s) 'example_sensors' retrieved from /home/airflow/.local/lib/python3.8/site-packages/airflow/example_dags/example_sensors.py
[2024-03-01T18:21:32.700+0000] {logging_mixin.py:188} INFO - [2024-03-01T18:21:32.696+0000] {dag.py:3036} INFO - Sync 1 DAGs
[2024-03-01T18:21:32.844+0000] {logging_mixin.py:188} INFO - [2024-03-01T18:21:32.842+0000] {dag.py:3823} INFO - Setting next_dagrun for example_sensors to None, run_after=None
[2024-03-01T18:21:33.030+0000] {processor.py:183} INFO - Processing /home/airflow/.local/lib/python3.8/site-packages/airflow/example_dags/example_sensors.py took 0.700 seconds
[2024-03-01T18:22:03.603+0000] {processor.py:161} INFO - Started process (PID=527) to work on /home/airflow/.local/lib/python3.8/site-packages/airflow/example_dags/example_sensors.py
[2024-03-01T18:22:03.634+0000] {processor.py:830} INFO - Processing file /home/airflow/.local/lib/python3.8/site-packages/airflow/example_dags/example_sensors.py for tasks to queue
[2024-03-01T18:22:03.641+0000] {logging_mixin.py:188} INFO - [2024-03-01T18:22:03.640+0000] {dagbag.py:538} INFO - Filling up the DagBag from /home/airflow/.local/lib/python3.8/site-packages/airflow/example_dags/example_sensors.py
[2024-03-01T18:22:03.700+0000] {processor.py:840} INFO - DAG(s) 'example_sensors' retrieved from /home/airflow/.local/lib/python3.8/site-packages/airflow/example_dags/example_sensors.py
[2024-03-01T18:22:03.987+0000] {logging_mixin.py:188} INFO - [2024-03-01T18:22:03.986+0000] {dag.py:3036} INFO - Sync 1 DAGs
[2024-03-01T18:22:04.130+0000] {logging_mixin.py:188} INFO - [2024-03-01T18:22:04.119+0000] {dag.py:3823} INFO - Setting next_dagrun for example_sensors to None, run_after=None
[2024-03-01T18:22:04.297+0000] {processor.py:183} INFO - Processing /home/airflow/.local/lib/python3.8/site-packages/airflow/example_dags/example_sensors.py took 0.713 seconds
[2024-03-01T18:22:34.837+0000] {processor.py:161} INFO - Started process (PID=586) to work on /home/airflow/.local/lib/python3.8/site-packages/airflow/example_dags/example_sensors.py
[2024-03-01T18:22:34.844+0000] {processor.py:830} INFO - Processing file /home/airflow/.local/lib/python3.8/site-packages/airflow/example_dags/example_sensors.py for tasks to queue
[2024-03-01T18:22:34.855+0000] {logging_mixin.py:188} INFO - [2024-03-01T18:22:34.853+0000] {dagbag.py:538} INFO - Filling up the DagBag from /home/airflow/.local/lib/python3.8/site-packages/airflow/example_dags/example_sensors.py
[2024-03-01T18:22:34.930+0000] {processor.py:840} INFO - DAG(s) 'example_sensors' retrieved from /home/airflow/.local/lib/python3.8/site-packages/airflow/example_dags/example_sensors.py
[2024-03-01T18:22:35.183+0000] {logging_mixin.py:188} INFO - [2024-03-01T18:22:35.182+0000] {dag.py:3036} INFO - Sync 1 DAGs
[2024-03-01T18:22:35.323+0000] {logging_mixin.py:188} INFO - [2024-03-01T18:22:35.321+0000] {dag.py:3823} INFO - Setting next_dagrun for example_sensors to None, run_after=None
[2024-03-01T18:22:35.478+0000] {processor.py:183} INFO - Processing /home/airflow/.local/lib/python3.8/site-packages/airflow/example_dags/example_sensors.py took 0.665 seconds
[2024-03-01T18:23:06.105+0000] {processor.py:161} INFO - Started process (PID=643) to work on /home/airflow/.local/lib/python3.8/site-packages/airflow/example_dags/example_sensors.py
[2024-03-01T18:23:06.115+0000] {processor.py:830} INFO - Processing file /home/airflow/.local/lib/python3.8/site-packages/airflow/example_dags/example_sensors.py for tasks to queue
[2024-03-01T18:23:06.126+0000] {logging_mixin.py:188} INFO - [2024-03-01T18:23:06.123+0000] {dagbag.py:538} INFO - Filling up the DagBag from /home/airflow/.local/lib/python3.8/site-packages/airflow/example_dags/example_sensors.py
[2024-03-01T18:23:06.182+0000] {processor.py:840} INFO - DAG(s) 'example_sensors' retrieved from /home/airflow/.local/lib/python3.8/site-packages/airflow/example_dags/example_sensors.py
[2024-03-01T18:23:06.334+0000] {logging_mixin.py:188} INFO - [2024-03-01T18:23:06.332+0000] {dag.py:3036} INFO - Sync 1 DAGs
[2024-03-01T18:23:06.419+0000] {logging_mixin.py:188} INFO - [2024-03-01T18:23:06.418+0000] {dag.py:3823} INFO - Setting next_dagrun for example_sensors to None, run_after=None
[2024-03-01T18:23:06.524+0000] {processor.py:183} INFO - Processing /home/airflow/.local/lib/python3.8/site-packages/airflow/example_dags/example_sensors.py took 0.451 seconds
[2024-03-01T18:23:36.815+0000] {processor.py:161} INFO - Started process (PID=701) to work on /home/airflow/.local/lib/python3.8/site-packages/airflow/example_dags/example_sensors.py
[2024-03-01T18:23:36.818+0000] {processor.py:830} INFO - Processing file /home/airflow/.local/lib/python3.8/site-packages/airflow/example_dags/example_sensors.py for tasks to queue
[2024-03-01T18:23:36.826+0000] {logging_mixin.py:188} INFO - [2024-03-01T18:23:36.825+0000] {dagbag.py:538} INFO - Filling up the DagBag from /home/airflow/.local/lib/python3.8/site-packages/airflow/example_dags/example_sensors.py
[2024-03-01T18:23:36.891+0000] {processor.py:840} INFO - DAG(s) 'example_sensors' retrieved from /home/airflow/.local/lib/python3.8/site-packages/airflow/example_dags/example_sensors.py
[2024-03-01T18:23:37.508+0000] {logging_mixin.py:188} INFO - [2024-03-01T18:23:37.507+0000] {dag.py:3036} INFO - Sync 1 DAGs
[2024-03-01T18:23:37.620+0000] {logging_mixin.py:188} INFO - [2024-03-01T18:23:37.619+0000] {dag.py:3823} INFO - Setting next_dagrun for example_sensors to None, run_after=None
[2024-03-01T18:23:37.865+0000] {processor.py:183} INFO - Processing /home/airflow/.local/lib/python3.8/site-packages/airflow/example_dags/example_sensors.py took 1.067 seconds
[2024-03-01T18:24:12.690+0000] {processor.py:161} INFO - Started process (PID=763) to work on /home/airflow/.local/lib/python3.8/site-packages/airflow/example_dags/example_sensors.py
[2024-03-01T18:24:12.701+0000] {processor.py:830} INFO - Processing file /home/airflow/.local/lib/python3.8/site-packages/airflow/example_dags/example_sensors.py for tasks to queue
[2024-03-01T18:24:12.710+0000] {logging_mixin.py:188} INFO - [2024-03-01T18:24:12.708+0000] {dagbag.py:538} INFO - Filling up the DagBag from /home/airflow/.local/lib/python3.8/site-packages/airflow/example_dags/example_sensors.py
[2024-03-01T18:24:12.809+0000] {processor.py:840} INFO - DAG(s) 'example_sensors' retrieved from /home/airflow/.local/lib/python3.8/site-packages/airflow/example_dags/example_sensors.py
[2024-03-01T18:24:13.144+0000] {logging_mixin.py:188} INFO - [2024-03-01T18:24:13.142+0000] {dag.py:3036} INFO - Sync 1 DAGs
[2024-03-01T18:24:13.295+0000] {logging_mixin.py:188} INFO - [2024-03-01T18:24:13.294+0000] {dag.py:3823} INFO - Setting next_dagrun for example_sensors to None, run_after=None
[2024-03-01T18:24:13.505+0000] {processor.py:183} INFO - Processing /home/airflow/.local/lib/python3.8/site-packages/airflow/example_dags/example_sensors.py took 0.840 seconds
[2024-03-01T18:24:43.843+0000] {processor.py:161} INFO - Started process (PID=817) to work on /home/airflow/.local/lib/python3.8/site-packages/airflow/example_dags/example_sensors.py
[2024-03-01T18:24:43.862+0000] {processor.py:830} INFO - Processing file /home/airflow/.local/lib/python3.8/site-packages/airflow/example_dags/example_sensors.py for tasks to queue
[2024-03-01T18:24:43.878+0000] {logging_mixin.py:188} INFO - [2024-03-01T18:24:43.873+0000] {dagbag.py:538} INFO - Filling up the DagBag from /home/airflow/.local/lib/python3.8/site-packages/airflow/example_dags/example_sensors.py
[2024-03-01T18:24:43.980+0000] {processor.py:840} INFO - DAG(s) 'example_sensors' retrieved from /home/airflow/.local/lib/python3.8/site-packages/airflow/example_dags/example_sensors.py
[2024-03-01T18:24:44.227+0000] {logging_mixin.py:188} INFO - [2024-03-01T18:24:44.223+0000] {dag.py:3036} INFO - Sync 1 DAGs
[2024-03-01T18:24:44.354+0000] {logging_mixin.py:188} INFO - [2024-03-01T18:24:44.350+0000] {dag.py:3823} INFO - Setting next_dagrun for example_sensors to None, run_after=None
[2024-03-01T18:24:44.560+0000] {processor.py:183} INFO - Processing /home/airflow/.local/lib/python3.8/site-packages/airflow/example_dags/example_sensors.py took 0.753 seconds
[2024-03-01T18:25:14.741+0000] {processor.py:161} INFO - Started process (PID=872) to work on /home/airflow/.local/lib/python3.8/site-packages/airflow/example_dags/example_sensors.py
[2024-03-01T18:25:14.744+0000] {processor.py:830} INFO - Processing file /home/airflow/.local/lib/python3.8/site-packages/airflow/example_dags/example_sensors.py for tasks to queue
[2024-03-01T18:25:14.762+0000] {logging_mixin.py:188} INFO - [2024-03-01T18:25:14.759+0000] {dagbag.py:538} INFO - Filling up the DagBag from /home/airflow/.local/lib/python3.8/site-packages/airflow/example_dags/example_sensors.py
[2024-03-01T18:25:14.840+0000] {processor.py:840} INFO - DAG(s) 'example_sensors' retrieved from /home/airflow/.local/lib/python3.8/site-packages/airflow/example_dags/example_sensors.py
[2024-03-01T18:25:15.057+0000] {logging_mixin.py:188} INFO - [2024-03-01T18:25:15.051+0000] {dag.py:3036} INFO - Sync 1 DAGs
[2024-03-01T18:25:15.170+0000] {logging_mixin.py:188} INFO - [2024-03-01T18:25:15.169+0000] {dag.py:3823} INFO - Setting next_dagrun for example_sensors to None, run_after=None
[2024-03-01T18:25:15.342+0000] {processor.py:183} INFO - Processing /home/airflow/.local/lib/python3.8/site-packages/airflow/example_dags/example_sensors.py took 0.626 seconds
[2024-03-01T18:25:45.598+0000] {processor.py:161} INFO - Started process (PID=931) to work on /home/airflow/.local/lib/python3.8/site-packages/airflow/example_dags/example_sensors.py
[2024-03-01T18:25:45.607+0000] {processor.py:830} INFO - Processing file /home/airflow/.local/lib/python3.8/site-packages/airflow/example_dags/example_sensors.py for tasks to queue
[2024-03-01T18:25:45.618+0000] {logging_mixin.py:188} INFO - [2024-03-01T18:25:45.617+0000] {dagbag.py:538} INFO - Filling up the DagBag from /home/airflow/.local/lib/python3.8/site-packages/airflow/example_dags/example_sensors.py
[2024-03-01T18:25:45.687+0000] {processor.py:840} INFO - DAG(s) 'example_sensors' retrieved from /home/airflow/.local/lib/python3.8/site-packages/airflow/example_dags/example_sensors.py
[2024-03-01T18:25:45.918+0000] {logging_mixin.py:188} INFO - [2024-03-01T18:25:45.917+0000] {dag.py:3036} INFO - Sync 1 DAGs
[2024-03-01T18:25:46.045+0000] {logging_mixin.py:188} INFO - [2024-03-01T18:25:46.043+0000] {dag.py:3823} INFO - Setting next_dagrun for example_sensors to None, run_after=None
[2024-03-01T18:25:46.247+0000] {processor.py:183} INFO - Processing /home/airflow/.local/lib/python3.8/site-packages/airflow/example_dags/example_sensors.py took 0.669 seconds
[2024-03-01T18:26:16.390+0000] {processor.py:161} INFO - Started process (PID=989) to work on /home/airflow/.local/lib/python3.8/site-packages/airflow/example_dags/example_sensors.py
[2024-03-01T18:26:16.396+0000] {processor.py:830} INFO - Processing file /home/airflow/.local/lib/python3.8/site-packages/airflow/example_dags/example_sensors.py for tasks to queue
[2024-03-01T18:26:16.407+0000] {logging_mixin.py:188} INFO - [2024-03-01T18:26:16.404+0000] {dagbag.py:538} INFO - Filling up the DagBag from /home/airflow/.local/lib/python3.8/site-packages/airflow/example_dags/example_sensors.py
[2024-03-01T18:26:16.495+0000] {processor.py:840} INFO - DAG(s) 'example_sensors' retrieved from /home/airflow/.local/lib/python3.8/site-packages/airflow/example_dags/example_sensors.py
[2024-03-01T18:26:16.710+0000] {logging_mixin.py:188} INFO - [2024-03-01T18:26:16.709+0000] {dag.py:3036} INFO - Sync 1 DAGs
[2024-03-01T18:26:16.826+0000] {logging_mixin.py:188} INFO - [2024-03-01T18:26:16.824+0000] {dag.py:3823} INFO - Setting next_dagrun for example_sensors to None, run_after=None
[2024-03-01T18:26:17.044+0000] {processor.py:183} INFO - Processing /home/airflow/.local/lib/python3.8/site-packages/airflow/example_dags/example_sensors.py took 0.675 seconds
[2024-03-01T18:26:47.221+0000] {processor.py:161} INFO - Started process (PID=1047) to work on /home/airflow/.local/lib/python3.8/site-packages/airflow/example_dags/example_sensors.py
[2024-03-01T18:26:47.225+0000] {processor.py:830} INFO - Processing file /home/airflow/.local/lib/python3.8/site-packages/airflow/example_dags/example_sensors.py for tasks to queue
[2024-03-01T18:26:47.235+0000] {logging_mixin.py:188} INFO - [2024-03-01T18:26:47.233+0000] {dagbag.py:538} INFO - Filling up the DagBag from /home/airflow/.local/lib/python3.8/site-packages/airflow/example_dags/example_sensors.py
[2024-03-01T18:26:47.316+0000] {processor.py:840} INFO - DAG(s) 'example_sensors' retrieved from /home/airflow/.local/lib/python3.8/site-packages/airflow/example_dags/example_sensors.py
[2024-03-01T18:26:47.564+0000] {logging_mixin.py:188} INFO - [2024-03-01T18:26:47.560+0000] {dag.py:3036} INFO - Sync 1 DAGs
[2024-03-01T18:26:47.699+0000] {logging_mixin.py:188} INFO - [2024-03-01T18:26:47.698+0000] {dag.py:3823} INFO - Setting next_dagrun for example_sensors to None, run_after=None
[2024-03-01T18:26:47.881+0000] {processor.py:183} INFO - Processing /home/airflow/.local/lib/python3.8/site-packages/airflow/example_dags/example_sensors.py took 0.689 seconds
[2024-03-01T18:27:18.060+0000] {processor.py:161} INFO - Started process (PID=1105) to work on /home/airflow/.local/lib/python3.8/site-packages/airflow/example_dags/example_sensors.py
[2024-03-01T18:27:18.070+0000] {processor.py:830} INFO - Processing file /home/airflow/.local/lib/python3.8/site-packages/airflow/example_dags/example_sensors.py for tasks to queue
[2024-03-01T18:27:18.079+0000] {logging_mixin.py:188} INFO - [2024-03-01T18:27:18.077+0000] {dagbag.py:538} INFO - Filling up the DagBag from /home/airflow/.local/lib/python3.8/site-packages/airflow/example_dags/example_sensors.py
[2024-03-01T18:27:18.149+0000] {processor.py:840} INFO - DAG(s) 'example_sensors' retrieved from /home/airflow/.local/lib/python3.8/site-packages/airflow/example_dags/example_sensors.py
[2024-03-01T18:27:18.334+0000] {logging_mixin.py:188} INFO - [2024-03-01T18:27:18.332+0000] {dag.py:3036} INFO - Sync 1 DAGs
[2024-03-01T18:27:18.426+0000] {logging_mixin.py:188} INFO - [2024-03-01T18:27:18.424+0000] {dag.py:3823} INFO - Setting next_dagrun for example_sensors to None, run_after=None
[2024-03-01T18:27:18.606+0000] {processor.py:183} INFO - Processing /home/airflow/.local/lib/python3.8/site-packages/airflow/example_dags/example_sensors.py took 0.567 seconds
[2024-03-01T18:27:51.866+0000] {processor.py:161} INFO - Started process (PID=1162) to work on /home/airflow/.local/lib/python3.8/site-packages/airflow/example_dags/example_sensors.py
[2024-03-01T18:27:51.872+0000] {processor.py:830} INFO - Processing file /home/airflow/.local/lib/python3.8/site-packages/airflow/example_dags/example_sensors.py for tasks to queue
[2024-03-01T18:27:51.883+0000] {logging_mixin.py:188} INFO - [2024-03-01T18:27:51.881+0000] {dagbag.py:538} INFO - Filling up the DagBag from /home/airflow/.local/lib/python3.8/site-packages/airflow/example_dags/example_sensors.py
[2024-03-01T18:27:51.979+0000] {processor.py:840} INFO - DAG(s) 'example_sensors' retrieved from /home/airflow/.local/lib/python3.8/site-packages/airflow/example_dags/example_sensors.py
[2024-03-01T18:27:52.214+0000] {logging_mixin.py:188} INFO - [2024-03-01T18:27:52.212+0000] {dag.py:3036} INFO - Sync 1 DAGs
[2024-03-01T18:27:52.335+0000] {logging_mixin.py:188} INFO - [2024-03-01T18:27:52.333+0000] {dag.py:3823} INFO - Setting next_dagrun for example_sensors to None, run_after=None
[2024-03-01T18:27:52.512+0000] {processor.py:183} INFO - Processing /home/airflow/.local/lib/python3.8/site-packages/airflow/example_dags/example_sensors.py took 0.667 seconds
[2024-03-01T18:28:25.379+0000] {processor.py:161} INFO - Started process (PID=1219) to work on /home/airflow/.local/lib/python3.8/site-packages/airflow/example_dags/example_sensors.py
[2024-03-01T18:28:25.386+0000] {processor.py:830} INFO - Processing file /home/airflow/.local/lib/python3.8/site-packages/airflow/example_dags/example_sensors.py for tasks to queue
[2024-03-01T18:28:25.399+0000] {logging_mixin.py:188} INFO - [2024-03-01T18:28:25.396+0000] {dagbag.py:538} INFO - Filling up the DagBag from /home/airflow/.local/lib/python3.8/site-packages/airflow/example_dags/example_sensors.py
[2024-03-01T18:28:25.498+0000] {processor.py:840} INFO - DAG(s) 'example_sensors' retrieved from /home/airflow/.local/lib/python3.8/site-packages/airflow/example_dags/example_sensors.py
[2024-03-01T18:28:25.764+0000] {logging_mixin.py:188} INFO - [2024-03-01T18:28:25.762+0000] {dag.py:3036} INFO - Sync 1 DAGs
[2024-03-01T18:28:25.890+0000] {logging_mixin.py:188} INFO - [2024-03-01T18:28:25.889+0000] {dag.py:3823} INFO - Setting next_dagrun for example_sensors to None, run_after=None
[2024-03-01T18:28:26.056+0000] {processor.py:183} INFO - Processing /home/airflow/.local/lib/python3.8/site-packages/airflow/example_dags/example_sensors.py took 0.704 seconds
[2024-03-01T18:28:57.094+0000] {processor.py:161} INFO - Started process (PID=1274) to work on /home/airflow/.local/lib/python3.8/site-packages/airflow/example_dags/example_sensors.py
[2024-03-01T18:28:57.103+0000] {processor.py:830} INFO - Processing file /home/airflow/.local/lib/python3.8/site-packages/airflow/example_dags/example_sensors.py for tasks to queue
[2024-03-01T18:28:57.121+0000] {logging_mixin.py:188} INFO - [2024-03-01T18:28:57.119+0000] {dagbag.py:538} INFO - Filling up the DagBag from /home/airflow/.local/lib/python3.8/site-packages/airflow/example_dags/example_sensors.py
[2024-03-01T18:28:57.209+0000] {processor.py:840} INFO - DAG(s) 'example_sensors' retrieved from /home/airflow/.local/lib/python3.8/site-packages/airflow/example_dags/example_sensors.py
[2024-03-01T18:28:57.526+0000] {logging_mixin.py:188} INFO - [2024-03-01T18:28:57.524+0000] {dag.py:3036} INFO - Sync 1 DAGs
[2024-03-01T18:28:57.649+0000] {logging_mixin.py:188} INFO - [2024-03-01T18:28:57.647+0000] {dag.py:3823} INFO - Setting next_dagrun for example_sensors to None, run_after=None
[2024-03-01T18:28:57.927+0000] {processor.py:183} INFO - Processing /home/airflow/.local/lib/python3.8/site-packages/airflow/example_dags/example_sensors.py took 0.855 seconds
[2024-03-01T18:29:30.489+0000] {processor.py:161} INFO - Started process (PID=1331) to work on /home/airflow/.local/lib/python3.8/site-packages/airflow/example_dags/example_sensors.py
[2024-03-01T18:29:30.504+0000] {processor.py:830} INFO - Processing file /home/airflow/.local/lib/python3.8/site-packages/airflow/example_dags/example_sensors.py for tasks to queue
[2024-03-01T18:29:30.527+0000] {logging_mixin.py:188} INFO - [2024-03-01T18:29:30.524+0000] {dagbag.py:538} INFO - Filling up the DagBag from /home/airflow/.local/lib/python3.8/site-packages/airflow/example_dags/example_sensors.py
[2024-03-01T18:29:30.687+0000] {processor.py:840} INFO - DAG(s) 'example_sensors' retrieved from /home/airflow/.local/lib/python3.8/site-packages/airflow/example_dags/example_sensors.py
[2024-03-01T18:29:30.964+0000] {logging_mixin.py:188} INFO - [2024-03-01T18:29:30.962+0000] {dag.py:3036} INFO - Sync 1 DAGs
[2024-03-01T18:29:31.094+0000] {logging_mixin.py:188} INFO - [2024-03-01T18:29:31.092+0000] {dag.py:3823} INFO - Setting next_dagrun for example_sensors to None, run_after=None
[2024-03-01T18:29:31.235+0000] {processor.py:183} INFO - Processing /home/airflow/.local/lib/python3.8/site-packages/airflow/example_dags/example_sensors.py took 0.780 seconds
[2024-03-01T18:30:05.744+0000] {processor.py:161} INFO - Started process (PID=1393) to work on /home/airflow/.local/lib/python3.8/site-packages/airflow/example_dags/example_sensors.py
[2024-03-01T18:30:05.763+0000] {processor.py:830} INFO - Processing file /home/airflow/.local/lib/python3.8/site-packages/airflow/example_dags/example_sensors.py for tasks to queue
[2024-03-01T18:30:05.773+0000] {logging_mixin.py:188} INFO - [2024-03-01T18:30:05.771+0000] {dagbag.py:538} INFO - Filling up the DagBag from /home/airflow/.local/lib/python3.8/site-packages/airflow/example_dags/example_sensors.py
[2024-03-01T18:30:05.946+0000] {processor.py:840} INFO - DAG(s) 'example_sensors' retrieved from /home/airflow/.local/lib/python3.8/site-packages/airflow/example_dags/example_sensors.py
[2024-03-01T18:30:06.324+0000] {logging_mixin.py:188} INFO - [2024-03-01T18:30:06.322+0000] {dag.py:3036} INFO - Sync 1 DAGs
[2024-03-01T18:30:06.507+0000] {logging_mixin.py:188} INFO - [2024-03-01T18:30:06.506+0000] {dag.py:3823} INFO - Setting next_dagrun for example_sensors to None, run_after=None
[2024-03-01T18:30:06.975+0000] {processor.py:183} INFO - Processing /home/airflow/.local/lib/python3.8/site-packages/airflow/example_dags/example_sensors.py took 1.310 seconds
[2024-03-01T18:30:37.521+0000] {processor.py:161} INFO - Started process (PID=1451) to work on /home/airflow/.local/lib/python3.8/site-packages/airflow/example_dags/example_sensors.py
[2024-03-01T18:30:37.526+0000] {processor.py:830} INFO - Processing file /home/airflow/.local/lib/python3.8/site-packages/airflow/example_dags/example_sensors.py for tasks to queue
[2024-03-01T18:30:37.540+0000] {logging_mixin.py:188} INFO - [2024-03-01T18:30:37.538+0000] {dagbag.py:538} INFO - Filling up the DagBag from /home/airflow/.local/lib/python3.8/site-packages/airflow/example_dags/example_sensors.py
[2024-03-01T18:30:37.611+0000] {processor.py:840} INFO - DAG(s) 'example_sensors' retrieved from /home/airflow/.local/lib/python3.8/site-packages/airflow/example_dags/example_sensors.py
[2024-03-01T18:30:37.786+0000] {logging_mixin.py:188} INFO - [2024-03-01T18:30:37.784+0000] {dag.py:3036} INFO - Sync 1 DAGs
[2024-03-01T18:30:37.893+0000] {logging_mixin.py:188} INFO - [2024-03-01T18:30:37.891+0000] {dag.py:3823} INFO - Setting next_dagrun for example_sensors to None, run_after=None
[2024-03-01T18:30:38.026+0000] {processor.py:183} INFO - Processing /home/airflow/.local/lib/python3.8/site-packages/airflow/example_dags/example_sensors.py took 0.527 seconds
[2024-03-01T18:31:13.818+0000] {processor.py:161} INFO - Started process (PID=1509) to work on /home/airflow/.local/lib/python3.8/site-packages/airflow/example_dags/example_sensors.py
[2024-03-01T18:31:13.830+0000] {processor.py:830} INFO - Processing file /home/airflow/.local/lib/python3.8/site-packages/airflow/example_dags/example_sensors.py for tasks to queue
[2024-03-01T18:31:13.845+0000] {logging_mixin.py:188} INFO - [2024-03-01T18:31:13.842+0000] {dagbag.py:538} INFO - Filling up the DagBag from /home/airflow/.local/lib/python3.8/site-packages/airflow/example_dags/example_sensors.py
[2024-03-01T18:31:13.979+0000] {processor.py:840} INFO - DAG(s) 'example_sensors' retrieved from /home/airflow/.local/lib/python3.8/site-packages/airflow/example_dags/example_sensors.py
[2024-03-01T18:31:14.221+0000] {logging_mixin.py:188} INFO - [2024-03-01T18:31:14.219+0000] {dag.py:3036} INFO - Sync 1 DAGs
[2024-03-01T18:31:14.316+0000] {logging_mixin.py:188} INFO - [2024-03-01T18:31:14.314+0000] {dag.py:3823} INFO - Setting next_dagrun for example_sensors to None, run_after=None
[2024-03-01T18:31:14.523+0000] {processor.py:183} INFO - Processing /home/airflow/.local/lib/python3.8/site-packages/airflow/example_dags/example_sensors.py took 0.732 seconds
[2024-03-01T18:31:50.754+0000] {processor.py:161} INFO - Started process (PID=1575) to work on /home/airflow/.local/lib/python3.8/site-packages/airflow/example_dags/example_sensors.py
[2024-03-01T18:31:50.759+0000] {processor.py:830} INFO - Processing file /home/airflow/.local/lib/python3.8/site-packages/airflow/example_dags/example_sensors.py for tasks to queue
[2024-03-01T18:31:50.783+0000] {logging_mixin.py:188} INFO - [2024-03-01T18:31:50.780+0000] {dagbag.py:538} INFO - Filling up the DagBag from /home/airflow/.local/lib/python3.8/site-packages/airflow/example_dags/example_sensors.py
[2024-03-01T18:31:50.916+0000] {processor.py:840} INFO - DAG(s) 'example_sensors' retrieved from /home/airflow/.local/lib/python3.8/site-packages/airflow/example_dags/example_sensors.py
[2024-03-01T18:31:51.318+0000] {logging_mixin.py:188} INFO - [2024-03-01T18:31:51.316+0000] {dag.py:3036} INFO - Sync 1 DAGs
[2024-03-01T18:31:51.447+0000] {logging_mixin.py:188} INFO - [2024-03-01T18:31:51.446+0000] {dag.py:3823} INFO - Setting next_dagrun for example_sensors to None, run_after=None
[2024-03-01T18:31:51.611+0000] {processor.py:183} INFO - Processing /home/airflow/.local/lib/python3.8/site-packages/airflow/example_dags/example_sensors.py took 0.904 seconds
[2024-03-01T18:32:21.998+0000] {processor.py:161} INFO - Started process (PID=1632) to work on /home/airflow/.local/lib/python3.8/site-packages/airflow/example_dags/example_sensors.py
[2024-03-01T18:32:22.006+0000] {processor.py:830} INFO - Processing file /home/airflow/.local/lib/python3.8/site-packages/airflow/example_dags/example_sensors.py for tasks to queue
[2024-03-01T18:32:22.013+0000] {logging_mixin.py:188} INFO - [2024-03-01T18:32:22.012+0000] {dagbag.py:538} INFO - Filling up the DagBag from /home/airflow/.local/lib/python3.8/site-packages/airflow/example_dags/example_sensors.py
[2024-03-01T18:32:22.083+0000] {processor.py:840} INFO - DAG(s) 'example_sensors' retrieved from /home/airflow/.local/lib/python3.8/site-packages/airflow/example_dags/example_sensors.py
[2024-03-01T18:32:22.239+0000] {logging_mixin.py:188} INFO - [2024-03-01T18:32:22.238+0000] {dag.py:3036} INFO - Sync 1 DAGs
[2024-03-01T18:32:22.302+0000] {logging_mixin.py:188} INFO - [2024-03-01T18:32:22.301+0000] {dag.py:3823} INFO - Setting next_dagrun for example_sensors to None, run_after=None
[2024-03-01T18:32:22.412+0000] {processor.py:183} INFO - Processing /home/airflow/.local/lib/python3.8/site-packages/airflow/example_dags/example_sensors.py took 0.430 seconds
[2024-03-01T18:32:52.875+0000] {processor.py:161} INFO - Started process (PID=1687) to work on /home/airflow/.local/lib/python3.8/site-packages/airflow/example_dags/example_sensors.py
[2024-03-01T18:32:52.887+0000] {processor.py:830} INFO - Processing file /home/airflow/.local/lib/python3.8/site-packages/airflow/example_dags/example_sensors.py for tasks to queue
[2024-03-01T18:32:52.896+0000] {logging_mixin.py:188} INFO - [2024-03-01T18:32:52.895+0000] {dagbag.py:538} INFO - Filling up the DagBag from /home/airflow/.local/lib/python3.8/site-packages/airflow/example_dags/example_sensors.py
[2024-03-01T18:32:53.050+0000] {processor.py:840} INFO - DAG(s) 'example_sensors' retrieved from /home/airflow/.local/lib/python3.8/site-packages/airflow/example_dags/example_sensors.py
[2024-03-01T18:32:53.333+0000] {logging_mixin.py:188} INFO - [2024-03-01T18:32:53.331+0000] {dag.py:3036} INFO - Sync 1 DAGs
[2024-03-01T18:32:53.431+0000] {logging_mixin.py:188} INFO - [2024-03-01T18:32:53.429+0000] {dag.py:3823} INFO - Setting next_dagrun for example_sensors to None, run_after=None
[2024-03-01T18:32:53.576+0000] {processor.py:183} INFO - Processing /home/airflow/.local/lib/python3.8/site-packages/airflow/example_dags/example_sensors.py took 0.730 seconds
[2024-03-01T18:33:24.382+0000] {processor.py:161} INFO - Started process (PID=1743) to work on /home/airflow/.local/lib/python3.8/site-packages/airflow/example_dags/example_sensors.py
[2024-03-01T18:33:24.386+0000] {processor.py:830} INFO - Processing file /home/airflow/.local/lib/python3.8/site-packages/airflow/example_dags/example_sensors.py for tasks to queue
[2024-03-01T18:33:24.396+0000] {logging_mixin.py:188} INFO - [2024-03-01T18:33:24.395+0000] {dagbag.py:538} INFO - Filling up the DagBag from /home/airflow/.local/lib/python3.8/site-packages/airflow/example_dags/example_sensors.py
[2024-03-01T18:33:24.464+0000] {processor.py:840} INFO - DAG(s) 'example_sensors' retrieved from /home/airflow/.local/lib/python3.8/site-packages/airflow/example_dags/example_sensors.py
[2024-03-01T18:33:24.675+0000] {logging_mixin.py:188} INFO - [2024-03-01T18:33:24.673+0000] {dag.py:3036} INFO - Sync 1 DAGs
[2024-03-01T18:33:24.761+0000] {logging_mixin.py:188} INFO - [2024-03-01T18:33:24.760+0000] {dag.py:3823} INFO - Setting next_dagrun for example_sensors to None, run_after=None
[2024-03-01T18:33:24.878+0000] {processor.py:183} INFO - Processing /home/airflow/.local/lib/python3.8/site-packages/airflow/example_dags/example_sensors.py took 0.514 seconds
[2024-03-01T18:33:55.212+0000] {processor.py:161} INFO - Started process (PID=1805) to work on /home/airflow/.local/lib/python3.8/site-packages/airflow/example_dags/example_sensors.py
[2024-03-01T18:33:55.220+0000] {processor.py:830} INFO - Processing file /home/airflow/.local/lib/python3.8/site-packages/airflow/example_dags/example_sensors.py for tasks to queue
[2024-03-01T18:33:55.233+0000] {logging_mixin.py:188} INFO - [2024-03-01T18:33:55.231+0000] {dagbag.py:538} INFO - Filling up the DagBag from /home/airflow/.local/lib/python3.8/site-packages/airflow/example_dags/example_sensors.py
[2024-03-01T18:33:55.320+0000] {processor.py:840} INFO - DAG(s) 'example_sensors' retrieved from /home/airflow/.local/lib/python3.8/site-packages/airflow/example_dags/example_sensors.py
[2024-03-01T18:33:55.566+0000] {logging_mixin.py:188} INFO - [2024-03-01T18:33:55.564+0000] {dag.py:3036} INFO - Sync 1 DAGs
[2024-03-01T18:33:55.669+0000] {logging_mixin.py:188} INFO - [2024-03-01T18:33:55.667+0000] {dag.py:3823} INFO - Setting next_dagrun for example_sensors to None, run_after=None
[2024-03-01T18:33:55.821+0000] {processor.py:183} INFO - Processing /home/airflow/.local/lib/python3.8/site-packages/airflow/example_dags/example_sensors.py took 0.631 seconds
[2024-03-01T18:34:26.379+0000] {processor.py:161} INFO - Started process (PID=1862) to work on /home/airflow/.local/lib/python3.8/site-packages/airflow/example_dags/example_sensors.py
[2024-03-01T18:34:26.383+0000] {processor.py:830} INFO - Processing file /home/airflow/.local/lib/python3.8/site-packages/airflow/example_dags/example_sensors.py for tasks to queue
[2024-03-01T18:34:26.393+0000] {logging_mixin.py:188} INFO - [2024-03-01T18:34:26.391+0000] {dagbag.py:538} INFO - Filling up the DagBag from /home/airflow/.local/lib/python3.8/site-packages/airflow/example_dags/example_sensors.py
[2024-03-01T18:34:26.457+0000] {processor.py:840} INFO - DAG(s) 'example_sensors' retrieved from /home/airflow/.local/lib/python3.8/site-packages/airflow/example_dags/example_sensors.py
[2024-03-01T18:34:26.582+0000] {logging_mixin.py:188} INFO - [2024-03-01T18:34:26.581+0000] {dag.py:3036} INFO - Sync 1 DAGs
[2024-03-01T18:34:26.645+0000] {logging_mixin.py:188} INFO - [2024-03-01T18:34:26.644+0000] {dag.py:3823} INFO - Setting next_dagrun for example_sensors to None, run_after=None
[2024-03-01T18:34:26.733+0000] {processor.py:183} INFO - Processing /home/airflow/.local/lib/python3.8/site-packages/airflow/example_dags/example_sensors.py took 0.370 seconds
[2024-03-01T18:34:58.044+0000] {processor.py:161} INFO - Started process (PID=1921) to work on /home/airflow/.local/lib/python3.8/site-packages/airflow/example_dags/example_sensors.py
[2024-03-01T18:34:58.052+0000] {processor.py:830} INFO - Processing file /home/airflow/.local/lib/python3.8/site-packages/airflow/example_dags/example_sensors.py for tasks to queue
[2024-03-01T18:34:58.062+0000] {logging_mixin.py:188} INFO - [2024-03-01T18:34:58.060+0000] {dagbag.py:538} INFO - Filling up the DagBag from /home/airflow/.local/lib/python3.8/site-packages/airflow/example_dags/example_sensors.py
[2024-03-01T18:34:58.133+0000] {processor.py:840} INFO - DAG(s) 'example_sensors' retrieved from /home/airflow/.local/lib/python3.8/site-packages/airflow/example_dags/example_sensors.py
[2024-03-01T18:34:58.331+0000] {logging_mixin.py:188} INFO - [2024-03-01T18:34:58.329+0000] {dag.py:3036} INFO - Sync 1 DAGs
[2024-03-01T18:34:58.439+0000] {logging_mixin.py:188} INFO - [2024-03-01T18:34:58.438+0000] {dag.py:3823} INFO - Setting next_dagrun for example_sensors to None, run_after=None
[2024-03-01T18:34:58.556+0000] {processor.py:183} INFO - Processing /home/airflow/.local/lib/python3.8/site-packages/airflow/example_dags/example_sensors.py took 0.541 seconds
[2024-03-01T18:35:28.885+0000] {processor.py:161} INFO - Started process (PID=1978) to work on /home/airflow/.local/lib/python3.8/site-packages/airflow/example_dags/example_sensors.py
[2024-03-01T18:35:28.891+0000] {processor.py:830} INFO - Processing file /home/airflow/.local/lib/python3.8/site-packages/airflow/example_dags/example_sensors.py for tasks to queue
[2024-03-01T18:35:28.904+0000] {logging_mixin.py:188} INFO - [2024-03-01T18:35:28.903+0000] {dagbag.py:538} INFO - Filling up the DagBag from /home/airflow/.local/lib/python3.8/site-packages/airflow/example_dags/example_sensors.py
[2024-03-01T18:35:28.964+0000] {processor.py:840} INFO - DAG(s) 'example_sensors' retrieved from /home/airflow/.local/lib/python3.8/site-packages/airflow/example_dags/example_sensors.py
[2024-03-01T18:35:29.221+0000] {logging_mixin.py:188} INFO - [2024-03-01T18:35:29.220+0000] {dag.py:3036} INFO - Sync 1 DAGs
[2024-03-01T18:35:29.359+0000] {logging_mixin.py:188} INFO - [2024-03-01T18:35:29.357+0000] {dag.py:3823} INFO - Setting next_dagrun for example_sensors to None, run_after=None
[2024-03-01T18:35:29.517+0000] {processor.py:183} INFO - Processing /home/airflow/.local/lib/python3.8/site-packages/airflow/example_dags/example_sensors.py took 0.654 seconds
[2024-03-01T18:35:59.998+0000] {processor.py:161} INFO - Started process (PID=2036) to work on /home/airflow/.local/lib/python3.8/site-packages/airflow/example_dags/example_sensors.py
[2024-03-01T18:36:00.006+0000] {processor.py:830} INFO - Processing file /home/airflow/.local/lib/python3.8/site-packages/airflow/example_dags/example_sensors.py for tasks to queue
[2024-03-01T18:36:00.016+0000] {logging_mixin.py:188} INFO - [2024-03-01T18:36:00.014+0000] {dagbag.py:538} INFO - Filling up the DagBag from /home/airflow/.local/lib/python3.8/site-packages/airflow/example_dags/example_sensors.py
[2024-03-01T18:36:00.071+0000] {processor.py:840} INFO - DAG(s) 'example_sensors' retrieved from /home/airflow/.local/lib/python3.8/site-packages/airflow/example_dags/example_sensors.py
[2024-03-01T18:36:00.230+0000] {logging_mixin.py:188} INFO - [2024-03-01T18:36:00.227+0000] {dag.py:3036} INFO - Sync 1 DAGs
[2024-03-01T18:36:00.294+0000] {logging_mixin.py:188} INFO - [2024-03-01T18:36:00.293+0000] {dag.py:3823} INFO - Setting next_dagrun for example_sensors to None, run_after=None
[2024-03-01T18:36:00.385+0000] {processor.py:183} INFO - Processing /home/airflow/.local/lib/python3.8/site-packages/airflow/example_dags/example_sensors.py took 0.404 seconds
[2024-03-01T18:36:31.321+0000] {processor.py:161} INFO - Started process (PID=2092) to work on /home/airflow/.local/lib/python3.8/site-packages/airflow/example_dags/example_sensors.py
[2024-03-01T18:36:31.327+0000] {processor.py:830} INFO - Processing file /home/airflow/.local/lib/python3.8/site-packages/airflow/example_dags/example_sensors.py for tasks to queue
[2024-03-01T18:36:31.339+0000] {logging_mixin.py:188} INFO - [2024-03-01T18:36:31.337+0000] {dagbag.py:538} INFO - Filling up the DagBag from /home/airflow/.local/lib/python3.8/site-packages/airflow/example_dags/example_sensors.py
[2024-03-01T18:36:31.416+0000] {processor.py:840} INFO - DAG(s) 'example_sensors' retrieved from /home/airflow/.local/lib/python3.8/site-packages/airflow/example_dags/example_sensors.py
[2024-03-01T18:36:31.640+0000] {logging_mixin.py:188} INFO - [2024-03-01T18:36:31.639+0000] {dag.py:3036} INFO - Sync 1 DAGs
[2024-03-01T18:36:31.748+0000] {logging_mixin.py:188} INFO - [2024-03-01T18:36:31.747+0000] {dag.py:3823} INFO - Setting next_dagrun for example_sensors to None, run_after=None
[2024-03-01T18:36:31.881+0000] {processor.py:183} INFO - Processing /home/airflow/.local/lib/python3.8/site-packages/airflow/example_dags/example_sensors.py took 0.580 seconds
[2024-03-01T18:37:05.327+0000] {processor.py:161} INFO - Started process (PID=2149) to work on /home/airflow/.local/lib/python3.8/site-packages/airflow/example_dags/example_sensors.py
[2024-03-01T18:37:05.333+0000] {processor.py:830} INFO - Processing file /home/airflow/.local/lib/python3.8/site-packages/airflow/example_dags/example_sensors.py for tasks to queue
[2024-03-01T18:37:05.342+0000] {logging_mixin.py:188} INFO - [2024-03-01T18:37:05.340+0000] {dagbag.py:538} INFO - Filling up the DagBag from /home/airflow/.local/lib/python3.8/site-packages/airflow/example_dags/example_sensors.py
[2024-03-01T18:37:05.490+0000] {processor.py:840} INFO - DAG(s) 'example_sensors' retrieved from /home/airflow/.local/lib/python3.8/site-packages/airflow/example_dags/example_sensors.py
[2024-03-01T18:37:05.738+0000] {logging_mixin.py:188} INFO - [2024-03-01T18:37:05.736+0000] {dag.py:3036} INFO - Sync 1 DAGs
[2024-03-01T18:37:05.864+0000] {logging_mixin.py:188} INFO - [2024-03-01T18:37:05.863+0000] {dag.py:3823} INFO - Setting next_dagrun for example_sensors to None, run_after=None
[2024-03-01T18:37:06.028+0000] {processor.py:183} INFO - Processing /home/airflow/.local/lib/python3.8/site-packages/airflow/example_dags/example_sensors.py took 0.738 seconds
[2024-03-01T18:37:36.848+0000] {processor.py:161} INFO - Started process (PID=2208) to work on /home/airflow/.local/lib/python3.8/site-packages/airflow/example_dags/example_sensors.py
[2024-03-01T18:37:36.852+0000] {processor.py:830} INFO - Processing file /home/airflow/.local/lib/python3.8/site-packages/airflow/example_dags/example_sensors.py for tasks to queue
[2024-03-01T18:37:36.862+0000] {logging_mixin.py:188} INFO - [2024-03-01T18:37:36.860+0000] {dagbag.py:538} INFO - Filling up the DagBag from /home/airflow/.local/lib/python3.8/site-packages/airflow/example_dags/example_sensors.py
[2024-03-01T18:37:36.939+0000] {processor.py:840} INFO - DAG(s) 'example_sensors' retrieved from /home/airflow/.local/lib/python3.8/site-packages/airflow/example_dags/example_sensors.py
[2024-03-01T18:37:37.286+0000] {logging_mixin.py:188} INFO - [2024-03-01T18:37:37.285+0000] {dag.py:3036} INFO - Sync 1 DAGs
[2024-03-01T18:37:37.438+0000] {logging_mixin.py:188} INFO - [2024-03-01T18:37:37.435+0000] {dag.py:3823} INFO - Setting next_dagrun for example_sensors to None, run_after=None
[2024-03-01T18:37:37.694+0000] {processor.py:183} INFO - Processing /home/airflow/.local/lib/python3.8/site-packages/airflow/example_dags/example_sensors.py took 0.868 seconds
[2024-03-01T18:38:08.999+0000] {processor.py:161} INFO - Started process (PID=2266) to work on /home/airflow/.local/lib/python3.8/site-packages/airflow/example_dags/example_sensors.py
[2024-03-01T18:38:09.003+0000] {processor.py:830} INFO - Processing file /home/airflow/.local/lib/python3.8/site-packages/airflow/example_dags/example_sensors.py for tasks to queue
[2024-03-01T18:38:09.031+0000] {logging_mixin.py:188} INFO - [2024-03-01T18:38:09.027+0000] {dagbag.py:538} INFO - Filling up the DagBag from /home/airflow/.local/lib/python3.8/site-packages/airflow/example_dags/example_sensors.py
[2024-03-01T18:38:09.111+0000] {processor.py:840} INFO - DAG(s) 'example_sensors' retrieved from /home/airflow/.local/lib/python3.8/site-packages/airflow/example_dags/example_sensors.py
[2024-03-01T18:38:09.395+0000] {logging_mixin.py:188} INFO - [2024-03-01T18:38:09.394+0000] {dag.py:3036} INFO - Sync 1 DAGs
[2024-03-01T18:38:09.516+0000] {logging_mixin.py:188} INFO - [2024-03-01T18:38:09.514+0000] {dag.py:3823} INFO - Setting next_dagrun for example_sensors to None, run_after=None
[2024-03-01T18:38:09.883+0000] {processor.py:183} INFO - Processing /home/airflow/.local/lib/python3.8/site-packages/airflow/example_dags/example_sensors.py took 0.909 seconds
[2024-03-01T18:38:40.522+0000] {processor.py:161} INFO - Started process (PID=2324) to work on /home/airflow/.local/lib/python3.8/site-packages/airflow/example_dags/example_sensors.py
[2024-03-01T18:38:40.526+0000] {processor.py:830} INFO - Processing file /home/airflow/.local/lib/python3.8/site-packages/airflow/example_dags/example_sensors.py for tasks to queue
[2024-03-01T18:38:40.534+0000] {logging_mixin.py:188} INFO - [2024-03-01T18:38:40.533+0000] {dagbag.py:538} INFO - Filling up the DagBag from /home/airflow/.local/lib/python3.8/site-packages/airflow/example_dags/example_sensors.py
[2024-03-01T18:38:40.597+0000] {processor.py:840} INFO - DAG(s) 'example_sensors' retrieved from /home/airflow/.local/lib/python3.8/site-packages/airflow/example_dags/example_sensors.py
[2024-03-01T18:38:40.774+0000] {logging_mixin.py:188} INFO - [2024-03-01T18:38:40.773+0000] {dag.py:3036} INFO - Sync 1 DAGs
[2024-03-01T18:38:40.858+0000] {logging_mixin.py:188} INFO - [2024-03-01T18:38:40.857+0000] {dag.py:3823} INFO - Setting next_dagrun for example_sensors to None, run_after=None
[2024-03-01T18:38:40.961+0000] {processor.py:183} INFO - Processing /home/airflow/.local/lib/python3.8/site-packages/airflow/example_dags/example_sensors.py took 0.460 seconds
[2024-03-01T18:39:13.505+0000] {processor.py:161} INFO - Started process (PID=2385) to work on /home/airflow/.local/lib/python3.8/site-packages/airflow/example_dags/example_sensors.py
[2024-03-01T18:39:13.520+0000] {processor.py:830} INFO - Processing file /home/airflow/.local/lib/python3.8/site-packages/airflow/example_dags/example_sensors.py for tasks to queue
[2024-03-01T18:39:13.533+0000] {logging_mixin.py:188} INFO - [2024-03-01T18:39:13.531+0000] {dagbag.py:538} INFO - Filling up the DagBag from /home/airflow/.local/lib/python3.8/site-packages/airflow/example_dags/example_sensors.py
[2024-03-01T18:39:13.639+0000] {processor.py:840} INFO - DAG(s) 'example_sensors' retrieved from /home/airflow/.local/lib/python3.8/site-packages/airflow/example_dags/example_sensors.py
[2024-03-01T18:39:13.855+0000] {logging_mixin.py:188} INFO - [2024-03-01T18:39:13.854+0000] {dag.py:3036} INFO - Sync 1 DAGs
[2024-03-01T18:39:13.959+0000] {logging_mixin.py:188} INFO - [2024-03-01T18:39:13.958+0000] {dag.py:3823} INFO - Setting next_dagrun for example_sensors to None, run_after=None
[2024-03-01T18:39:14.100+0000] {processor.py:183} INFO - Processing /home/airflow/.local/lib/python3.8/site-packages/airflow/example_dags/example_sensors.py took 0.628 seconds
