[2024-02-27T17:49:08.814+0000] {processor.py:161} INFO - Started process (PID=852) to work on /opt/airflow/dags/run_chicago_crime_dag.py
[2024-02-27T17:49:08.817+0000] {processor.py:830} INFO - Processing file /opt/airflow/dags/run_chicago_crime_dag.py for tasks to queue
[2024-02-27T17:49:08.819+0000] {logging_mixin.py:188} INFO - [2024-02-27T17:49:08.818+0000] {dagbag.py:538} INFO - Filling up the DagBag from /opt/airflow/dags/run_chicago_crime_dag.py
[2024-02-27T17:49:08.873+0000] {processor.py:840} INFO - DAG(s) 'chicago_crime_dag' retrieved from /opt/airflow/dags/run_chicago_crime_dag.py
[2024-02-27T17:49:09.625+0000] {logging_mixin.py:188} INFO - [2024-02-27T17:49:09.623+0000] {override.py:1769} INFO - Created Permission View: can edit on DAG:chicago_crime_dag
[2024-02-27T17:49:09.647+0000] {logging_mixin.py:188} INFO - [2024-02-27T17:49:09.646+0000] {override.py:1769} INFO - Created Permission View: can delete on DAG:chicago_crime_dag
[2024-02-27T17:49:09.663+0000] {logging_mixin.py:188} INFO - [2024-02-27T17:49:09.662+0000] {override.py:1769} INFO - Created Permission View: can read on DAG:chicago_crime_dag
[2024-02-27T17:49:09.665+0000] {logging_mixin.py:188} INFO - [2024-02-27T17:49:09.664+0000] {dag.py:3036} INFO - Sync 1 DAGs
[2024-02-27T17:49:09.694+0000] {logging_mixin.py:188} INFO - [2024-02-27T17:49:09.693+0000] {dag.py:3058} INFO - Creating ORM DAG for chicago_crime_dag
[2024-02-27T17:49:09.724+0000] {logging_mixin.py:188} INFO - [2024-02-27T17:49:09.723+0000] {dag.py:3823} INFO - Setting next_dagrun for chicago_crime_dag to 2024-02-27 16:00:00+00:00, run_after=2024-02-27 17:00:00+00:00
[2024-02-27T17:49:09.761+0000] {processor.py:183} INFO - Processing /opt/airflow/dags/run_chicago_crime_dag.py took 0.956 seconds
[2024-02-27T17:49:40.300+0000] {processor.py:161} INFO - Started process (PID=880) to work on /opt/airflow/dags/run_chicago_crime_dag.py
[2024-02-27T17:49:40.302+0000] {processor.py:830} INFO - Processing file /opt/airflow/dags/run_chicago_crime_dag.py for tasks to queue
[2024-02-27T17:49:40.303+0000] {logging_mixin.py:188} INFO - [2024-02-27T17:49:40.303+0000] {dagbag.py:538} INFO - Filling up the DagBag from /opt/airflow/dags/run_chicago_crime_dag.py
[2024-02-27T17:49:40.332+0000] {processor.py:840} INFO - DAG(s) 'chicago_crime_dag' retrieved from /opt/airflow/dags/run_chicago_crime_dag.py
[2024-02-27T17:49:40.373+0000] {logging_mixin.py:188} INFO - [2024-02-27T17:49:40.372+0000] {dag.py:3036} INFO - Sync 1 DAGs
[2024-02-27T17:49:40.415+0000] {logging_mixin.py:188} INFO - [2024-02-27T17:49:40.415+0000] {dag.py:3823} INFO - Setting next_dagrun for chicago_crime_dag to 2024-02-27 16:00:00+00:00, run_after=2024-02-27 17:00:00+00:00
[2024-02-27T17:49:40.442+0000] {processor.py:183} INFO - Processing /opt/airflow/dags/run_chicago_crime_dag.py took 0.149 seconds
[2024-02-27T17:50:10.660+0000] {processor.py:161} INFO - Started process (PID=909) to work on /opt/airflow/dags/run_chicago_crime_dag.py
[2024-02-27T17:50:10.662+0000] {processor.py:830} INFO - Processing file /opt/airflow/dags/run_chicago_crime_dag.py for tasks to queue
[2024-02-27T17:50:10.663+0000] {logging_mixin.py:188} INFO - [2024-02-27T17:50:10.663+0000] {dagbag.py:538} INFO - Filling up the DagBag from /opt/airflow/dags/run_chicago_crime_dag.py
[2024-02-27T17:50:10.696+0000] {processor.py:840} INFO - DAG(s) 'chicago_crime_dag' retrieved from /opt/airflow/dags/run_chicago_crime_dag.py
[2024-02-27T17:50:10.754+0000] {logging_mixin.py:188} INFO - [2024-02-27T17:50:10.753+0000] {dag.py:3036} INFO - Sync 1 DAGs
[2024-02-27T17:50:10.813+0000] {logging_mixin.py:188} INFO - [2024-02-27T17:50:10.813+0000] {dag.py:3823} INFO - Setting next_dagrun for chicago_crime_dag to 2024-02-27 16:00:00+00:00, run_after=2024-02-27 17:00:00+00:00
[2024-02-27T17:50:10.848+0000] {processor.py:183} INFO - Processing /opt/airflow/dags/run_chicago_crime_dag.py took 0.194 seconds
[2024-02-27T17:50:41.202+0000] {processor.py:161} INFO - Started process (PID=939) to work on /opt/airflow/dags/run_chicago_crime_dag.py
[2024-02-27T17:50:41.203+0000] {processor.py:830} INFO - Processing file /opt/airflow/dags/run_chicago_crime_dag.py for tasks to queue
[2024-02-27T17:50:41.205+0000] {logging_mixin.py:188} INFO - [2024-02-27T17:50:41.205+0000] {dagbag.py:538} INFO - Filling up the DagBag from /opt/airflow/dags/run_chicago_crime_dag.py
[2024-02-27T17:50:41.233+0000] {processor.py:840} INFO - DAG(s) 'chicago_crime_dag' retrieved from /opt/airflow/dags/run_chicago_crime_dag.py
[2024-02-27T17:50:41.273+0000] {logging_mixin.py:188} INFO - [2024-02-27T17:50:41.273+0000] {dag.py:3036} INFO - Sync 1 DAGs
[2024-02-27T17:50:41.328+0000] {logging_mixin.py:188} INFO - [2024-02-27T17:50:41.328+0000] {dag.py:3823} INFO - Setting next_dagrun for chicago_crime_dag to 2024-02-27 16:00:00+00:00, run_after=2024-02-27 17:00:00+00:00
[2024-02-27T17:50:41.359+0000] {processor.py:183} INFO - Processing /opt/airflow/dags/run_chicago_crime_dag.py took 0.163 seconds
[2024-02-27T17:51:11.600+0000] {processor.py:161} INFO - Started process (PID=969) to work on /opt/airflow/dags/run_chicago_crime_dag.py
[2024-02-27T17:51:11.602+0000] {processor.py:830} INFO - Processing file /opt/airflow/dags/run_chicago_crime_dag.py for tasks to queue
[2024-02-27T17:51:11.605+0000] {logging_mixin.py:188} INFO - [2024-02-27T17:51:11.603+0000] {dagbag.py:538} INFO - Filling up the DagBag from /opt/airflow/dags/run_chicago_crime_dag.py
[2024-02-27T17:51:11.632+0000] {processor.py:840} INFO - DAG(s) 'chicago_crime_dag' retrieved from /opt/airflow/dags/run_chicago_crime_dag.py
[2024-02-27T17:51:11.675+0000] {logging_mixin.py:188} INFO - [2024-02-27T17:51:11.675+0000] {dag.py:3036} INFO - Sync 1 DAGs
[2024-02-27T17:51:11.719+0000] {logging_mixin.py:188} INFO - [2024-02-27T17:51:11.719+0000] {dag.py:3823} INFO - Setting next_dagrun for chicago_crime_dag to 2024-02-27 16:00:00+00:00, run_after=2024-02-27 17:00:00+00:00
[2024-02-27T17:51:11.749+0000] {processor.py:183} INFO - Processing /opt/airflow/dags/run_chicago_crime_dag.py took 0.155 seconds
[2024-02-27T17:51:42.101+0000] {processor.py:161} INFO - Started process (PID=998) to work on /opt/airflow/dags/run_chicago_crime_dag.py
[2024-02-27T17:51:42.103+0000] {processor.py:830} INFO - Processing file /opt/airflow/dags/run_chicago_crime_dag.py for tasks to queue
[2024-02-27T17:51:42.104+0000] {logging_mixin.py:188} INFO - [2024-02-27T17:51:42.104+0000] {dagbag.py:538} INFO - Filling up the DagBag from /opt/airflow/dags/run_chicago_crime_dag.py
[2024-02-27T17:51:42.131+0000] {processor.py:840} INFO - DAG(s) 'chicago_crime_dag' retrieved from /opt/airflow/dags/run_chicago_crime_dag.py
[2024-02-27T17:51:42.172+0000] {logging_mixin.py:188} INFO - [2024-02-27T17:51:42.171+0000] {dag.py:3036} INFO - Sync 1 DAGs
[2024-02-27T17:51:42.214+0000] {logging_mixin.py:188} INFO - [2024-02-27T17:51:42.213+0000] {dag.py:3823} INFO - Setting next_dagrun for chicago_crime_dag to 2024-02-27 16:00:00+00:00, run_after=2024-02-27 17:00:00+00:00
[2024-02-27T17:51:42.243+0000] {processor.py:183} INFO - Processing /opt/airflow/dags/run_chicago_crime_dag.py took 0.147 seconds
[2024-02-27T17:52:12.493+0000] {processor.py:161} INFO - Started process (PID=1027) to work on /opt/airflow/dags/run_chicago_crime_dag.py
[2024-02-27T17:52:12.494+0000] {processor.py:830} INFO - Processing file /opt/airflow/dags/run_chicago_crime_dag.py for tasks to queue
[2024-02-27T17:52:12.508+0000] {logging_mixin.py:188} INFO - [2024-02-27T17:52:12.507+0000] {dagbag.py:538} INFO - Filling up the DagBag from /opt/airflow/dags/run_chicago_crime_dag.py
[2024-02-27T17:52:12.532+0000] {processor.py:840} INFO - DAG(s) 'chicago_crime_dag' retrieved from /opt/airflow/dags/run_chicago_crime_dag.py
[2024-02-27T17:52:12.571+0000] {logging_mixin.py:188} INFO - [2024-02-27T17:52:12.571+0000] {dag.py:3036} INFO - Sync 1 DAGs
[2024-02-27T17:52:12.612+0000] {logging_mixin.py:188} INFO - [2024-02-27T17:52:12.612+0000] {dag.py:3823} INFO - Setting next_dagrun for chicago_crime_dag to 2024-02-27 16:00:00+00:00, run_after=2024-02-27 17:00:00+00:00
[2024-02-27T17:52:12.639+0000] {processor.py:183} INFO - Processing /opt/airflow/dags/run_chicago_crime_dag.py took 0.153 seconds
[2024-02-27T17:52:43.016+0000] {processor.py:161} INFO - Started process (PID=1056) to work on /opt/airflow/dags/run_chicago_crime_dag.py
[2024-02-27T17:52:43.018+0000] {processor.py:830} INFO - Processing file /opt/airflow/dags/run_chicago_crime_dag.py for tasks to queue
[2024-02-27T17:52:43.020+0000] {logging_mixin.py:188} INFO - [2024-02-27T17:52:43.019+0000] {dagbag.py:538} INFO - Filling up the DagBag from /opt/airflow/dags/run_chicago_crime_dag.py
[2024-02-27T17:52:43.046+0000] {processor.py:840} INFO - DAG(s) 'chicago_crime_dag' retrieved from /opt/airflow/dags/run_chicago_crime_dag.py
[2024-02-27T17:52:43.084+0000] {logging_mixin.py:188} INFO - [2024-02-27T17:52:43.083+0000] {dag.py:3036} INFO - Sync 1 DAGs
[2024-02-27T17:52:43.126+0000] {logging_mixin.py:188} INFO - [2024-02-27T17:52:43.126+0000] {dag.py:3823} INFO - Setting next_dagrun for chicago_crime_dag to 2024-02-27 16:00:00+00:00, run_after=2024-02-27 17:00:00+00:00
[2024-02-27T17:52:43.153+0000] {processor.py:183} INFO - Processing /opt/airflow/dags/run_chicago_crime_dag.py took 0.143 seconds
[2024-02-27T17:53:13.428+0000] {processor.py:161} INFO - Started process (PID=1086) to work on /opt/airflow/dags/run_chicago_crime_dag.py
[2024-02-27T17:53:13.429+0000] {processor.py:830} INFO - Processing file /opt/airflow/dags/run_chicago_crime_dag.py for tasks to queue
[2024-02-27T17:53:13.431+0000] {logging_mixin.py:188} INFO - [2024-02-27T17:53:13.430+0000] {dagbag.py:538} INFO - Filling up the DagBag from /opt/airflow/dags/run_chicago_crime_dag.py
[2024-02-27T17:53:13.457+0000] {processor.py:840} INFO - DAG(s) 'chicago_crime_dag' retrieved from /opt/airflow/dags/run_chicago_crime_dag.py
[2024-02-27T17:53:13.504+0000] {logging_mixin.py:188} INFO - [2024-02-27T17:53:13.504+0000] {dag.py:3036} INFO - Sync 1 DAGs
[2024-02-27T17:53:13.552+0000] {logging_mixin.py:188} INFO - [2024-02-27T17:53:13.552+0000] {dag.py:3823} INFO - Setting next_dagrun for chicago_crime_dag to 2024-02-27 16:00:00+00:00, run_after=2024-02-27 17:00:00+00:00
[2024-02-27T17:53:13.580+0000] {processor.py:183} INFO - Processing /opt/airflow/dags/run_chicago_crime_dag.py took 0.158 seconds
[2024-02-27T17:53:43.795+0000] {processor.py:161} INFO - Started process (PID=1115) to work on /opt/airflow/dags/run_chicago_crime_dag.py
[2024-02-27T17:53:43.797+0000] {processor.py:830} INFO - Processing file /opt/airflow/dags/run_chicago_crime_dag.py for tasks to queue
[2024-02-27T17:53:43.798+0000] {logging_mixin.py:188} INFO - [2024-02-27T17:53:43.797+0000] {dagbag.py:538} INFO - Filling up the DagBag from /opt/airflow/dags/run_chicago_crime_dag.py
[2024-02-27T17:53:43.822+0000] {processor.py:840} INFO - DAG(s) 'chicago_crime_dag' retrieved from /opt/airflow/dags/run_chicago_crime_dag.py
[2024-02-27T17:53:43.862+0000] {logging_mixin.py:188} INFO - [2024-02-27T17:53:43.862+0000] {dag.py:3036} INFO - Sync 1 DAGs
[2024-02-27T17:53:43.908+0000] {logging_mixin.py:188} INFO - [2024-02-27T17:53:43.908+0000] {dag.py:3823} INFO - Setting next_dagrun for chicago_crime_dag to 2024-02-27 16:00:00+00:00, run_after=2024-02-27 17:00:00+00:00
[2024-02-27T17:53:43.936+0000] {processor.py:183} INFO - Processing /opt/airflow/dags/run_chicago_crime_dag.py took 0.148 seconds
[2024-02-27T17:54:14.315+0000] {processor.py:161} INFO - Started process (PID=1144) to work on /opt/airflow/dags/run_chicago_crime_dag.py
[2024-02-27T17:54:14.317+0000] {processor.py:830} INFO - Processing file /opt/airflow/dags/run_chicago_crime_dag.py for tasks to queue
[2024-02-27T17:54:14.318+0000] {logging_mixin.py:188} INFO - [2024-02-27T17:54:14.318+0000] {dagbag.py:538} INFO - Filling up the DagBag from /opt/airflow/dags/run_chicago_crime_dag.py
[2024-02-27T17:54:14.348+0000] {processor.py:840} INFO - DAG(s) 'chicago_crime_dag' retrieved from /opt/airflow/dags/run_chicago_crime_dag.py
[2024-02-27T17:54:14.394+0000] {logging_mixin.py:188} INFO - [2024-02-27T17:54:14.394+0000] {dag.py:3036} INFO - Sync 1 DAGs
[2024-02-27T17:54:14.438+0000] {logging_mixin.py:188} INFO - [2024-02-27T17:54:14.438+0000] {dag.py:3823} INFO - Setting next_dagrun for chicago_crime_dag to 2024-02-27 16:00:00+00:00, run_after=2024-02-27 17:00:00+00:00
[2024-02-27T17:54:14.466+0000] {processor.py:183} INFO - Processing /opt/airflow/dags/run_chicago_crime_dag.py took 0.156 seconds
[2024-02-27T17:54:44.709+0000] {processor.py:161} INFO - Started process (PID=1173) to work on /opt/airflow/dags/run_chicago_crime_dag.py
[2024-02-27T17:54:44.711+0000] {processor.py:830} INFO - Processing file /opt/airflow/dags/run_chicago_crime_dag.py for tasks to queue
[2024-02-27T17:54:44.713+0000] {logging_mixin.py:188} INFO - [2024-02-27T17:54:44.712+0000] {dagbag.py:538} INFO - Filling up the DagBag from /opt/airflow/dags/run_chicago_crime_dag.py
[2024-02-27T17:54:44.739+0000] {processor.py:840} INFO - DAG(s) 'chicago_crime_dag' retrieved from /opt/airflow/dags/run_chicago_crime_dag.py
[2024-02-27T17:54:44.778+0000] {logging_mixin.py:188} INFO - [2024-02-27T17:54:44.778+0000] {dag.py:3036} INFO - Sync 1 DAGs
[2024-02-27T17:54:44.819+0000] {logging_mixin.py:188} INFO - [2024-02-27T17:54:44.819+0000] {dag.py:3823} INFO - Setting next_dagrun for chicago_crime_dag to 2024-02-27 16:00:00+00:00, run_after=2024-02-27 17:00:00+00:00
[2024-02-27T17:54:44.845+0000] {processor.py:183} INFO - Processing /opt/airflow/dags/run_chicago_crime_dag.py took 0.142 seconds
[2024-02-27T17:55:15.216+0000] {processor.py:161} INFO - Started process (PID=1203) to work on /opt/airflow/dags/run_chicago_crime_dag.py
[2024-02-27T17:55:15.219+0000] {processor.py:830} INFO - Processing file /opt/airflow/dags/run_chicago_crime_dag.py for tasks to queue
[2024-02-27T17:55:15.221+0000] {logging_mixin.py:188} INFO - [2024-02-27T17:55:15.220+0000] {dagbag.py:538} INFO - Filling up the DagBag from /opt/airflow/dags/run_chicago_crime_dag.py
[2024-02-27T17:55:15.246+0000] {processor.py:840} INFO - DAG(s) 'chicago_crime_dag' retrieved from /opt/airflow/dags/run_chicago_crime_dag.py
[2024-02-27T17:55:15.285+0000] {logging_mixin.py:188} INFO - [2024-02-27T17:55:15.284+0000] {dag.py:3036} INFO - Sync 1 DAGs
[2024-02-27T17:55:15.326+0000] {logging_mixin.py:188} INFO - [2024-02-27T17:55:15.326+0000] {dag.py:3823} INFO - Setting next_dagrun for chicago_crime_dag to 2024-02-27 16:00:00+00:00, run_after=2024-02-27 17:00:00+00:00
[2024-02-27T17:55:15.357+0000] {processor.py:183} INFO - Processing /opt/airflow/dags/run_chicago_crime_dag.py took 0.149 seconds
[2024-02-27T17:55:45.630+0000] {processor.py:161} INFO - Started process (PID=1233) to work on /opt/airflow/dags/run_chicago_crime_dag.py
[2024-02-27T17:55:45.632+0000] {processor.py:830} INFO - Processing file /opt/airflow/dags/run_chicago_crime_dag.py for tasks to queue
[2024-02-27T17:55:45.633+0000] {logging_mixin.py:188} INFO - [2024-02-27T17:55:45.633+0000] {dagbag.py:538} INFO - Filling up the DagBag from /opt/airflow/dags/run_chicago_crime_dag.py
[2024-02-27T17:55:45.661+0000] {processor.py:840} INFO - DAG(s) 'chicago_crime_dag' retrieved from /opt/airflow/dags/run_chicago_crime_dag.py
[2024-02-27T17:55:45.702+0000] {logging_mixin.py:188} INFO - [2024-02-27T17:55:45.701+0000] {dag.py:3036} INFO - Sync 1 DAGs
[2024-02-27T17:55:45.743+0000] {logging_mixin.py:188} INFO - [2024-02-27T17:55:45.743+0000] {dag.py:3823} INFO - Setting next_dagrun for chicago_crime_dag to 2024-02-27 16:00:00+00:00, run_after=2024-02-27 17:00:00+00:00
[2024-02-27T17:55:45.772+0000] {processor.py:183} INFO - Processing /opt/airflow/dags/run_chicago_crime_dag.py took 0.148 seconds
[2024-02-27T17:56:16.140+0000] {processor.py:161} INFO - Started process (PID=1262) to work on /opt/airflow/dags/run_chicago_crime_dag.py
[2024-02-27T17:56:16.141+0000] {processor.py:830} INFO - Processing file /opt/airflow/dags/run_chicago_crime_dag.py for tasks to queue
[2024-02-27T17:56:16.143+0000] {logging_mixin.py:188} INFO - [2024-02-27T17:56:16.142+0000] {dagbag.py:538} INFO - Filling up the DagBag from /opt/airflow/dags/run_chicago_crime_dag.py
[2024-02-27T17:56:16.169+0000] {processor.py:840} INFO - DAG(s) 'chicago_crime_dag' retrieved from /opt/airflow/dags/run_chicago_crime_dag.py
[2024-02-27T17:56:16.209+0000] {logging_mixin.py:188} INFO - [2024-02-27T17:56:16.209+0000] {dag.py:3036} INFO - Sync 1 DAGs
[2024-02-27T17:56:16.252+0000] {logging_mixin.py:188} INFO - [2024-02-27T17:56:16.252+0000] {dag.py:3823} INFO - Setting next_dagrun for chicago_crime_dag to 2024-02-27 16:00:00+00:00, run_after=2024-02-27 17:00:00+00:00
[2024-02-27T17:56:16.278+0000] {processor.py:183} INFO - Processing /opt/airflow/dags/run_chicago_crime_dag.py took 0.145 seconds
[2024-02-27T17:56:46.530+0000] {processor.py:161} INFO - Started process (PID=1290) to work on /opt/airflow/dags/run_chicago_crime_dag.py
[2024-02-27T17:56:46.532+0000] {processor.py:830} INFO - Processing file /opt/airflow/dags/run_chicago_crime_dag.py for tasks to queue
[2024-02-27T17:56:46.533+0000] {logging_mixin.py:188} INFO - [2024-02-27T17:56:46.533+0000] {dagbag.py:538} INFO - Filling up the DagBag from /opt/airflow/dags/run_chicago_crime_dag.py
[2024-02-27T17:56:46.562+0000] {processor.py:840} INFO - DAG(s) 'chicago_crime_dag' retrieved from /opt/airflow/dags/run_chicago_crime_dag.py
[2024-02-27T17:56:46.603+0000] {logging_mixin.py:188} INFO - [2024-02-27T17:56:46.603+0000] {dag.py:3036} INFO - Sync 1 DAGs
[2024-02-27T17:56:46.646+0000] {logging_mixin.py:188} INFO - [2024-02-27T17:56:46.645+0000] {dag.py:3823} INFO - Setting next_dagrun for chicago_crime_dag to 2024-02-27 16:00:00+00:00, run_after=2024-02-27 17:00:00+00:00
[2024-02-27T17:56:46.682+0000] {processor.py:183} INFO - Processing /opt/airflow/dags/run_chicago_crime_dag.py took 0.157 seconds
[2024-02-27T17:57:17.025+0000] {processor.py:161} INFO - Started process (PID=1319) to work on /opt/airflow/dags/run_chicago_crime_dag.py
[2024-02-27T17:57:17.028+0000] {processor.py:830} INFO - Processing file /opt/airflow/dags/run_chicago_crime_dag.py for tasks to queue
[2024-02-27T17:57:17.030+0000] {logging_mixin.py:188} INFO - [2024-02-27T17:57:17.029+0000] {dagbag.py:538} INFO - Filling up the DagBag from /opt/airflow/dags/run_chicago_crime_dag.py
[2024-02-27T17:57:17.060+0000] {processor.py:840} INFO - DAG(s) 'chicago_crime_dag' retrieved from /opt/airflow/dags/run_chicago_crime_dag.py
[2024-02-27T17:57:17.108+0000] {logging_mixin.py:188} INFO - [2024-02-27T17:57:17.107+0000] {dag.py:3036} INFO - Sync 1 DAGs
[2024-02-27T17:57:17.157+0000] {logging_mixin.py:188} INFO - [2024-02-27T17:57:17.156+0000] {dag.py:3823} INFO - Setting next_dagrun for chicago_crime_dag to 2024-02-27 16:00:00+00:00, run_after=2024-02-27 17:00:00+00:00
[2024-02-27T17:57:17.188+0000] {processor.py:183} INFO - Processing /opt/airflow/dags/run_chicago_crime_dag.py took 0.169 seconds
[2024-02-27T17:57:47.410+0000] {processor.py:161} INFO - Started process (PID=1348) to work on /opt/airflow/dags/run_chicago_crime_dag.py
[2024-02-27T17:57:47.411+0000] {processor.py:830} INFO - Processing file /opt/airflow/dags/run_chicago_crime_dag.py for tasks to queue
[2024-02-27T17:57:47.413+0000] {logging_mixin.py:188} INFO - [2024-02-27T17:57:47.412+0000] {dagbag.py:538} INFO - Filling up the DagBag from /opt/airflow/dags/run_chicago_crime_dag.py
[2024-02-27T17:57:47.438+0000] {processor.py:840} INFO - DAG(s) 'chicago_crime_dag' retrieved from /opt/airflow/dags/run_chicago_crime_dag.py
[2024-02-27T17:57:47.478+0000] {logging_mixin.py:188} INFO - [2024-02-27T17:57:47.477+0000] {dag.py:3036} INFO - Sync 1 DAGs
[2024-02-27T17:57:47.519+0000] {logging_mixin.py:188} INFO - [2024-02-27T17:57:47.518+0000] {dag.py:3823} INFO - Setting next_dagrun for chicago_crime_dag to 2024-02-27 16:00:00+00:00, run_after=2024-02-27 17:00:00+00:00
[2024-02-27T17:57:47.545+0000] {processor.py:183} INFO - Processing /opt/airflow/dags/run_chicago_crime_dag.py took 0.141 seconds
[2024-02-27T17:58:17.928+0000] {processor.py:161} INFO - Started process (PID=1376) to work on /opt/airflow/dags/run_chicago_crime_dag.py
[2024-02-27T17:58:17.929+0000] {processor.py:830} INFO - Processing file /opt/airflow/dags/run_chicago_crime_dag.py for tasks to queue
[2024-02-27T17:58:17.932+0000] {logging_mixin.py:188} INFO - [2024-02-27T17:58:17.931+0000] {dagbag.py:538} INFO - Filling up the DagBag from /opt/airflow/dags/run_chicago_crime_dag.py
[2024-02-27T17:58:17.959+0000] {processor.py:840} INFO - DAG(s) 'chicago_crime_dag' retrieved from /opt/airflow/dags/run_chicago_crime_dag.py
[2024-02-27T17:58:18.007+0000] {logging_mixin.py:188} INFO - [2024-02-27T17:58:18.007+0000] {dag.py:3036} INFO - Sync 1 DAGs
[2024-02-27T17:58:18.066+0000] {logging_mixin.py:188} INFO - [2024-02-27T17:58:18.066+0000] {dag.py:3823} INFO - Setting next_dagrun for chicago_crime_dag to 2024-02-27 16:00:00+00:00, run_after=2024-02-27 17:00:00+00:00
[2024-02-27T17:58:18.102+0000] {processor.py:183} INFO - Processing /opt/airflow/dags/run_chicago_crime_dag.py took 0.180 seconds
[2024-02-27T17:58:48.322+0000] {processor.py:161} INFO - Started process (PID=1405) to work on /opt/airflow/dags/run_chicago_crime_dag.py
[2024-02-27T17:58:48.323+0000] {processor.py:830} INFO - Processing file /opt/airflow/dags/run_chicago_crime_dag.py for tasks to queue
[2024-02-27T17:58:48.324+0000] {logging_mixin.py:188} INFO - [2024-02-27T17:58:48.324+0000] {dagbag.py:538} INFO - Filling up the DagBag from /opt/airflow/dags/run_chicago_crime_dag.py
[2024-02-27T17:58:48.348+0000] {processor.py:840} INFO - DAG(s) 'chicago_crime_dag' retrieved from /opt/airflow/dags/run_chicago_crime_dag.py
[2024-02-27T17:58:48.390+0000] {logging_mixin.py:188} INFO - [2024-02-27T17:58:48.390+0000] {dag.py:3036} INFO - Sync 1 DAGs
[2024-02-27T17:58:48.434+0000] {logging_mixin.py:188} INFO - [2024-02-27T17:58:48.434+0000] {dag.py:3823} INFO - Setting next_dagrun for chicago_crime_dag to 2024-02-27 16:00:00+00:00, run_after=2024-02-27 17:00:00+00:00
[2024-02-27T17:58:48.463+0000] {processor.py:183} INFO - Processing /opt/airflow/dags/run_chicago_crime_dag.py took 0.147 seconds
[2024-02-27T17:59:18.829+0000] {processor.py:161} INFO - Started process (PID=1435) to work on /opt/airflow/dags/run_chicago_crime_dag.py
[2024-02-27T17:59:18.832+0000] {processor.py:830} INFO - Processing file /opt/airflow/dags/run_chicago_crime_dag.py for tasks to queue
[2024-02-27T17:59:18.833+0000] {logging_mixin.py:188} INFO - [2024-02-27T17:59:18.833+0000] {dagbag.py:538} INFO - Filling up the DagBag from /opt/airflow/dags/run_chicago_crime_dag.py
[2024-02-27T17:59:18.862+0000] {processor.py:840} INFO - DAG(s) 'chicago_crime_dag' retrieved from /opt/airflow/dags/run_chicago_crime_dag.py
[2024-02-27T17:59:18.901+0000] {logging_mixin.py:188} INFO - [2024-02-27T17:59:18.901+0000] {dag.py:3036} INFO - Sync 1 DAGs
[2024-02-27T17:59:18.945+0000] {logging_mixin.py:188} INFO - [2024-02-27T17:59:18.945+0000] {dag.py:3823} INFO - Setting next_dagrun for chicago_crime_dag to 2024-02-27 16:00:00+00:00, run_after=2024-02-27 17:00:00+00:00
[2024-02-27T17:59:18.974+0000] {processor.py:183} INFO - Processing /opt/airflow/dags/run_chicago_crime_dag.py took 0.149 seconds
[2024-02-27T17:59:49.216+0000] {processor.py:161} INFO - Started process (PID=1465) to work on /opt/airflow/dags/run_chicago_crime_dag.py
[2024-02-27T17:59:49.218+0000] {processor.py:830} INFO - Processing file /opt/airflow/dags/run_chicago_crime_dag.py for tasks to queue
[2024-02-27T17:59:49.219+0000] {logging_mixin.py:188} INFO - [2024-02-27T17:59:49.219+0000] {dagbag.py:538} INFO - Filling up the DagBag from /opt/airflow/dags/run_chicago_crime_dag.py
[2024-02-27T17:59:49.243+0000] {processor.py:840} INFO - DAG(s) 'chicago_crime_dag' retrieved from /opt/airflow/dags/run_chicago_crime_dag.py
[2024-02-27T17:59:49.285+0000] {logging_mixin.py:188} INFO - [2024-02-27T17:59:49.284+0000] {dag.py:3036} INFO - Sync 1 DAGs
[2024-02-27T17:59:49.328+0000] {logging_mixin.py:188} INFO - [2024-02-27T17:59:49.328+0000] {dag.py:3823} INFO - Setting next_dagrun for chicago_crime_dag to 2024-02-27 16:00:00+00:00, run_after=2024-02-27 17:00:00+00:00
[2024-02-27T17:59:49.357+0000] {processor.py:183} INFO - Processing /opt/airflow/dags/run_chicago_crime_dag.py took 0.146 seconds
[2024-02-27T18:00:19.684+0000] {processor.py:161} INFO - Started process (PID=1495) to work on /opt/airflow/dags/run_chicago_crime_dag.py
[2024-02-27T18:00:19.685+0000] {processor.py:830} INFO - Processing file /opt/airflow/dags/run_chicago_crime_dag.py for tasks to queue
[2024-02-27T18:00:19.686+0000] {logging_mixin.py:188} INFO - [2024-02-27T18:00:19.686+0000] {dagbag.py:538} INFO - Filling up the DagBag from /opt/airflow/dags/run_chicago_crime_dag.py
[2024-02-27T18:00:19.711+0000] {processor.py:840} INFO - DAG(s) 'chicago_crime_dag' retrieved from /opt/airflow/dags/run_chicago_crime_dag.py
[2024-02-27T18:00:19.751+0000] {logging_mixin.py:188} INFO - [2024-02-27T18:00:19.751+0000] {dag.py:3036} INFO - Sync 1 DAGs
[2024-02-27T18:00:19.801+0000] {logging_mixin.py:188} INFO - [2024-02-27T18:00:19.801+0000] {dag.py:3823} INFO - Setting next_dagrun for chicago_crime_dag to 2024-02-27 17:00:00+00:00, run_after=2024-02-27 18:00:00+00:00
[2024-02-27T18:00:19.831+0000] {processor.py:183} INFO - Processing /opt/airflow/dags/run_chicago_crime_dag.py took 0.153 seconds
[2024-02-27T18:00:50.167+0000] {processor.py:161} INFO - Started process (PID=1525) to work on /opt/airflow/dags/run_chicago_crime_dag.py
[2024-02-27T18:00:50.170+0000] {processor.py:830} INFO - Processing file /opt/airflow/dags/run_chicago_crime_dag.py for tasks to queue
[2024-02-27T18:00:50.171+0000] {logging_mixin.py:188} INFO - [2024-02-27T18:00:50.170+0000] {dagbag.py:538} INFO - Filling up the DagBag from /opt/airflow/dags/run_chicago_crime_dag.py
[2024-02-27T18:00:50.195+0000] {processor.py:840} INFO - DAG(s) 'chicago_crime_dag' retrieved from /opt/airflow/dags/run_chicago_crime_dag.py
[2024-02-27T18:00:50.234+0000] {logging_mixin.py:188} INFO - [2024-02-27T18:00:50.234+0000] {dag.py:3036} INFO - Sync 1 DAGs
[2024-02-27T18:00:50.285+0000] {logging_mixin.py:188} INFO - [2024-02-27T18:00:50.284+0000] {dag.py:3823} INFO - Setting next_dagrun for chicago_crime_dag to 2024-02-27 17:00:00+00:00, run_after=2024-02-27 18:00:00+00:00
[2024-02-27T18:00:50.314+0000] {processor.py:183} INFO - Processing /opt/airflow/dags/run_chicago_crime_dag.py took 0.151 seconds
[2024-02-27T18:01:20.535+0000] {processor.py:161} INFO - Started process (PID=1554) to work on /opt/airflow/dags/run_chicago_crime_dag.py
[2024-02-27T18:01:20.537+0000] {processor.py:830} INFO - Processing file /opt/airflow/dags/run_chicago_crime_dag.py for tasks to queue
[2024-02-27T18:01:20.538+0000] {logging_mixin.py:188} INFO - [2024-02-27T18:01:20.538+0000] {dagbag.py:538} INFO - Filling up the DagBag from /opt/airflow/dags/run_chicago_crime_dag.py
[2024-02-27T18:01:20.562+0000] {processor.py:840} INFO - DAG(s) 'chicago_crime_dag' retrieved from /opt/airflow/dags/run_chicago_crime_dag.py
[2024-02-27T18:01:20.603+0000] {logging_mixin.py:188} INFO - [2024-02-27T18:01:20.603+0000] {dag.py:3036} INFO - Sync 1 DAGs
[2024-02-27T18:01:20.650+0000] {logging_mixin.py:188} INFO - [2024-02-27T18:01:20.649+0000] {dag.py:3823} INFO - Setting next_dagrun for chicago_crime_dag to 2024-02-27 17:00:00+00:00, run_after=2024-02-27 18:00:00+00:00
[2024-02-27T18:01:20.679+0000] {processor.py:183} INFO - Processing /opt/airflow/dags/run_chicago_crime_dag.py took 0.150 seconds
[2024-02-27T18:01:51.039+0000] {processor.py:161} INFO - Started process (PID=1584) to work on /opt/airflow/dags/run_chicago_crime_dag.py
[2024-02-27T18:01:51.041+0000] {processor.py:830} INFO - Processing file /opt/airflow/dags/run_chicago_crime_dag.py for tasks to queue
[2024-02-27T18:01:51.042+0000] {logging_mixin.py:188} INFO - [2024-02-27T18:01:51.042+0000] {dagbag.py:538} INFO - Filling up the DagBag from /opt/airflow/dags/run_chicago_crime_dag.py
[2024-02-27T18:01:51.066+0000] {processor.py:840} INFO - DAG(s) 'chicago_crime_dag' retrieved from /opt/airflow/dags/run_chicago_crime_dag.py
[2024-02-27T18:01:51.111+0000] {logging_mixin.py:188} INFO - [2024-02-27T18:01:51.111+0000] {dag.py:3036} INFO - Sync 1 DAGs
[2024-02-27T18:01:51.173+0000] {logging_mixin.py:188} INFO - [2024-02-27T18:01:51.173+0000] {dag.py:3823} INFO - Setting next_dagrun for chicago_crime_dag to 2024-02-27 17:00:00+00:00, run_after=2024-02-27 18:00:00+00:00
[2024-02-27T18:01:51.207+0000] {processor.py:183} INFO - Processing /opt/airflow/dags/run_chicago_crime_dag.py took 0.175 seconds
[2024-02-27T18:02:21.405+0000] {processor.py:161} INFO - Started process (PID=1613) to work on /opt/airflow/dags/run_chicago_crime_dag.py
[2024-02-27T18:02:21.407+0000] {processor.py:830} INFO - Processing file /opt/airflow/dags/run_chicago_crime_dag.py for tasks to queue
[2024-02-27T18:02:21.408+0000] {logging_mixin.py:188} INFO - [2024-02-27T18:02:21.408+0000] {dagbag.py:538} INFO - Filling up the DagBag from /opt/airflow/dags/run_chicago_crime_dag.py
[2024-02-27T18:02:21.439+0000] {processor.py:840} INFO - DAG(s) 'chicago_crime_dag' retrieved from /opt/airflow/dags/run_chicago_crime_dag.py
[2024-02-27T18:02:21.498+0000] {logging_mixin.py:188} INFO - [2024-02-27T18:02:21.497+0000] {dag.py:3036} INFO - Sync 1 DAGs
[2024-02-27T18:02:21.546+0000] {logging_mixin.py:188} INFO - [2024-02-27T18:02:21.546+0000] {dag.py:3823} INFO - Setting next_dagrun for chicago_crime_dag to 2024-02-27 17:00:00+00:00, run_after=2024-02-27 18:00:00+00:00
[2024-02-27T18:02:21.588+0000] {processor.py:183} INFO - Processing /opt/airflow/dags/run_chicago_crime_dag.py took 0.188 seconds
[2024-02-27T18:02:51.800+0000] {processor.py:161} INFO - Started process (PID=1642) to work on /opt/airflow/dags/run_chicago_crime_dag.py
[2024-02-27T18:02:51.802+0000] {processor.py:830} INFO - Processing file /opt/airflow/dags/run_chicago_crime_dag.py for tasks to queue
[2024-02-27T18:02:51.803+0000] {logging_mixin.py:188} INFO - [2024-02-27T18:02:51.803+0000] {dagbag.py:538} INFO - Filling up the DagBag from /opt/airflow/dags/run_chicago_crime_dag.py
[2024-02-27T18:02:51.839+0000] {processor.py:840} INFO - DAG(s) 'chicago_crime_dag' retrieved from /opt/airflow/dags/run_chicago_crime_dag.py
[2024-02-27T18:02:51.883+0000] {logging_mixin.py:188} INFO - [2024-02-27T18:02:51.883+0000] {dag.py:3036} INFO - Sync 1 DAGs
[2024-02-27T18:02:51.931+0000] {logging_mixin.py:188} INFO - [2024-02-27T18:02:51.931+0000] {dag.py:3823} INFO - Setting next_dagrun for chicago_crime_dag to 2024-02-27 17:00:00+00:00, run_after=2024-02-27 18:00:00+00:00
[2024-02-27T18:02:51.961+0000] {processor.py:183} INFO - Processing /opt/airflow/dags/run_chicago_crime_dag.py took 0.169 seconds
[2024-02-27T18:03:22.306+0000] {processor.py:161} INFO - Started process (PID=1672) to work on /opt/airflow/dags/run_chicago_crime_dag.py
[2024-02-27T18:03:22.308+0000] {processor.py:830} INFO - Processing file /opt/airflow/dags/run_chicago_crime_dag.py for tasks to queue
[2024-02-27T18:03:22.309+0000] {logging_mixin.py:188} INFO - [2024-02-27T18:03:22.309+0000] {dagbag.py:538} INFO - Filling up the DagBag from /opt/airflow/dags/run_chicago_crime_dag.py
[2024-02-27T18:03:22.334+0000] {processor.py:840} INFO - DAG(s) 'chicago_crime_dag' retrieved from /opt/airflow/dags/run_chicago_crime_dag.py
[2024-02-27T18:03:22.379+0000] {logging_mixin.py:188} INFO - [2024-02-27T18:03:22.379+0000] {dag.py:3036} INFO - Sync 1 DAGs
[2024-02-27T18:03:22.424+0000] {logging_mixin.py:188} INFO - [2024-02-27T18:03:22.424+0000] {dag.py:3823} INFO - Setting next_dagrun for chicago_crime_dag to 2024-02-27 17:00:00+00:00, run_after=2024-02-27 18:00:00+00:00
[2024-02-27T18:03:22.455+0000] {processor.py:183} INFO - Processing /opt/airflow/dags/run_chicago_crime_dag.py took 0.154 seconds
[2024-02-27T18:03:52.716+0000] {processor.py:161} INFO - Started process (PID=1701) to work on /opt/airflow/dags/run_chicago_crime_dag.py
[2024-02-27T18:03:52.717+0000] {processor.py:830} INFO - Processing file /opt/airflow/dags/run_chicago_crime_dag.py for tasks to queue
[2024-02-27T18:03:52.719+0000] {logging_mixin.py:188} INFO - [2024-02-27T18:03:52.719+0000] {dagbag.py:538} INFO - Filling up the DagBag from /opt/airflow/dags/run_chicago_crime_dag.py
[2024-02-27T18:03:52.747+0000] {processor.py:840} INFO - DAG(s) 'chicago_crime_dag' retrieved from /opt/airflow/dags/run_chicago_crime_dag.py
[2024-02-27T18:03:52.793+0000] {logging_mixin.py:188} INFO - [2024-02-27T18:03:52.793+0000] {dag.py:3036} INFO - Sync 1 DAGs
[2024-02-27T18:03:52.843+0000] {logging_mixin.py:188} INFO - [2024-02-27T18:03:52.843+0000] {dag.py:3823} INFO - Setting next_dagrun for chicago_crime_dag to 2024-02-27 17:00:00+00:00, run_after=2024-02-27 18:00:00+00:00
[2024-02-27T18:03:52.876+0000] {processor.py:183} INFO - Processing /opt/airflow/dags/run_chicago_crime_dag.py took 0.167 seconds
[2024-02-27T18:04:23.227+0000] {processor.py:161} INFO - Started process (PID=1730) to work on /opt/airflow/dags/run_chicago_crime_dag.py
[2024-02-27T18:04:23.230+0000] {processor.py:830} INFO - Processing file /opt/airflow/dags/run_chicago_crime_dag.py for tasks to queue
[2024-02-27T18:04:23.233+0000] {logging_mixin.py:188} INFO - [2024-02-27T18:04:23.231+0000] {dagbag.py:538} INFO - Filling up the DagBag from /opt/airflow/dags/run_chicago_crime_dag.py
[2024-02-27T18:04:23.267+0000] {processor.py:840} INFO - DAG(s) 'chicago_crime_dag' retrieved from /opt/airflow/dags/run_chicago_crime_dag.py
[2024-02-27T18:04:23.319+0000] {logging_mixin.py:188} INFO - [2024-02-27T18:04:23.319+0000] {dag.py:3036} INFO - Sync 1 DAGs
[2024-02-27T18:04:23.363+0000] {logging_mixin.py:188} INFO - [2024-02-27T18:04:23.363+0000] {dag.py:3823} INFO - Setting next_dagrun for chicago_crime_dag to 2024-02-27 17:00:00+00:00, run_after=2024-02-27 18:00:00+00:00
[2024-02-27T18:04:23.392+0000] {processor.py:183} INFO - Processing /opt/airflow/dags/run_chicago_crime_dag.py took 0.173 seconds
[2024-02-27T18:04:53.790+0000] {processor.py:161} INFO - Started process (PID=1760) to work on /opt/airflow/dags/run_chicago_crime_dag.py
[2024-02-27T18:04:53.792+0000] {processor.py:830} INFO - Processing file /opt/airflow/dags/run_chicago_crime_dag.py for tasks to queue
[2024-02-27T18:04:53.793+0000] {logging_mixin.py:188} INFO - [2024-02-27T18:04:53.793+0000] {dagbag.py:538} INFO - Filling up the DagBag from /opt/airflow/dags/run_chicago_crime_dag.py
[2024-02-27T18:04:53.821+0000] {processor.py:840} INFO - DAG(s) 'chicago_crime_dag' retrieved from /opt/airflow/dags/run_chicago_crime_dag.py
[2024-02-27T18:04:53.868+0000] {logging_mixin.py:188} INFO - [2024-02-27T18:04:53.867+0000] {dag.py:3036} INFO - Sync 1 DAGs
[2024-02-27T18:04:53.908+0000] {logging_mixin.py:188} INFO - [2024-02-27T18:04:53.908+0000] {dag.py:3823} INFO - Setting next_dagrun for chicago_crime_dag to 2024-02-27 17:00:00+00:00, run_after=2024-02-27 18:00:00+00:00
[2024-02-27T18:04:53.936+0000] {processor.py:183} INFO - Processing /opt/airflow/dags/run_chicago_crime_dag.py took 0.152 seconds
[2024-02-27T18:05:24.180+0000] {processor.py:161} INFO - Started process (PID=1789) to work on /opt/airflow/dags/run_chicago_crime_dag.py
[2024-02-27T18:05:24.181+0000] {processor.py:830} INFO - Processing file /opt/airflow/dags/run_chicago_crime_dag.py for tasks to queue
[2024-02-27T18:05:24.183+0000] {logging_mixin.py:188} INFO - [2024-02-27T18:05:24.182+0000] {dagbag.py:538} INFO - Filling up the DagBag from /opt/airflow/dags/run_chicago_crime_dag.py
[2024-02-27T18:05:24.210+0000] {processor.py:840} INFO - DAG(s) 'chicago_crime_dag' retrieved from /opt/airflow/dags/run_chicago_crime_dag.py
[2024-02-27T18:05:24.257+0000] {logging_mixin.py:188} INFO - [2024-02-27T18:05:24.256+0000] {dag.py:3036} INFO - Sync 1 DAGs
[2024-02-27T18:05:24.298+0000] {logging_mixin.py:188} INFO - [2024-02-27T18:05:24.298+0000] {dag.py:3823} INFO - Setting next_dagrun for chicago_crime_dag to 2024-02-27 17:00:00+00:00, run_after=2024-02-27 18:00:00+00:00
[2024-02-27T18:05:24.326+0000] {processor.py:183} INFO - Processing /opt/airflow/dags/run_chicago_crime_dag.py took 0.152 seconds
[2024-02-27T18:05:54.686+0000] {processor.py:161} INFO - Started process (PID=1818) to work on /opt/airflow/dags/run_chicago_crime_dag.py
[2024-02-27T18:05:54.687+0000] {processor.py:830} INFO - Processing file /opt/airflow/dags/run_chicago_crime_dag.py for tasks to queue
[2024-02-27T18:05:54.689+0000] {logging_mixin.py:188} INFO - [2024-02-27T18:05:54.688+0000] {dagbag.py:538} INFO - Filling up the DagBag from /opt/airflow/dags/run_chicago_crime_dag.py
[2024-02-27T18:05:54.720+0000] {processor.py:840} INFO - DAG(s) 'chicago_crime_dag' retrieved from /opt/airflow/dags/run_chicago_crime_dag.py
[2024-02-27T18:05:54.798+0000] {logging_mixin.py:188} INFO - [2024-02-27T18:05:54.797+0000] {dag.py:3036} INFO - Sync 1 DAGs
[2024-02-27T18:05:54.849+0000] {logging_mixin.py:188} INFO - [2024-02-27T18:05:54.849+0000] {dag.py:3823} INFO - Setting next_dagrun for chicago_crime_dag to 2024-02-27 17:00:00+00:00, run_after=2024-02-27 18:00:00+00:00
[2024-02-27T18:05:54.882+0000] {processor.py:183} INFO - Processing /opt/airflow/dags/run_chicago_crime_dag.py took 0.203 seconds
[2024-02-27T18:06:25.193+0000] {processor.py:161} INFO - Started process (PID=1848) to work on /opt/airflow/dags/run_chicago_crime_dag.py
[2024-02-27T18:06:25.194+0000] {processor.py:830} INFO - Processing file /opt/airflow/dags/run_chicago_crime_dag.py for tasks to queue
[2024-02-27T18:06:25.197+0000] {logging_mixin.py:188} INFO - [2024-02-27T18:06:25.196+0000] {dagbag.py:538} INFO - Filling up the DagBag from /opt/airflow/dags/run_chicago_crime_dag.py
[2024-02-27T18:06:25.222+0000] {processor.py:840} INFO - DAG(s) 'chicago_crime_dag' retrieved from /opt/airflow/dags/run_chicago_crime_dag.py
[2024-02-27T18:06:25.271+0000] {logging_mixin.py:188} INFO - [2024-02-27T18:06:25.270+0000] {dag.py:3036} INFO - Sync 1 DAGs
[2024-02-27T18:06:25.316+0000] {logging_mixin.py:188} INFO - [2024-02-27T18:06:25.316+0000] {dag.py:3823} INFO - Setting next_dagrun for chicago_crime_dag to 2024-02-27 17:00:00+00:00, run_after=2024-02-27 18:00:00+00:00
[2024-02-27T18:06:25.349+0000] {processor.py:183} INFO - Processing /opt/airflow/dags/run_chicago_crime_dag.py took 0.163 seconds
[2024-02-27T18:06:55.760+0000] {processor.py:161} INFO - Started process (PID=1879) to work on /opt/airflow/dags/run_chicago_crime_dag.py
[2024-02-27T18:06:55.762+0000] {processor.py:830} INFO - Processing file /opt/airflow/dags/run_chicago_crime_dag.py for tasks to queue
[2024-02-27T18:06:55.764+0000] {logging_mixin.py:188} INFO - [2024-02-27T18:06:55.763+0000] {dagbag.py:538} INFO - Filling up the DagBag from /opt/airflow/dags/run_chicago_crime_dag.py
[2024-02-27T18:06:55.799+0000] {processor.py:840} INFO - DAG(s) 'chicago_crime_dag' retrieved from /opt/airflow/dags/run_chicago_crime_dag.py
[2024-02-27T18:06:55.857+0000] {logging_mixin.py:188} INFO - [2024-02-27T18:06:55.857+0000] {dag.py:3036} INFO - Sync 1 DAGs
[2024-02-27T18:06:55.922+0000] {logging_mixin.py:188} INFO - [2024-02-27T18:06:55.921+0000] {dag.py:3823} INFO - Setting next_dagrun for chicago_crime_dag to 2024-02-27 17:00:00+00:00, run_after=2024-02-27 18:00:00+00:00
[2024-02-27T18:06:55.969+0000] {processor.py:183} INFO - Processing /opt/airflow/dags/run_chicago_crime_dag.py took 0.216 seconds
[2024-02-27T18:07:26.198+0000] {processor.py:161} INFO - Started process (PID=1908) to work on /opt/airflow/dags/run_chicago_crime_dag.py
[2024-02-27T18:07:26.200+0000] {processor.py:830} INFO - Processing file /opt/airflow/dags/run_chicago_crime_dag.py for tasks to queue
[2024-02-27T18:07:26.202+0000] {logging_mixin.py:188} INFO - [2024-02-27T18:07:26.201+0000] {dagbag.py:538} INFO - Filling up the DagBag from /opt/airflow/dags/run_chicago_crime_dag.py
[2024-02-27T18:07:26.237+0000] {processor.py:840} INFO - DAG(s) 'chicago_crime_dag' retrieved from /opt/airflow/dags/run_chicago_crime_dag.py
[2024-02-27T18:07:26.292+0000] {logging_mixin.py:188} INFO - [2024-02-27T18:07:26.292+0000] {dag.py:3036} INFO - Sync 1 DAGs
[2024-02-27T18:07:26.360+0000] {logging_mixin.py:188} INFO - [2024-02-27T18:07:26.360+0000] {dag.py:3823} INFO - Setting next_dagrun for chicago_crime_dag to 2024-02-27 17:00:00+00:00, run_after=2024-02-27 18:00:00+00:00
[2024-02-27T18:07:26.402+0000] {processor.py:183} INFO - Processing /opt/airflow/dags/run_chicago_crime_dag.py took 0.210 seconds
[2024-02-27T18:07:56.749+0000] {processor.py:161} INFO - Started process (PID=1938) to work on /opt/airflow/dags/run_chicago_crime_dag.py
[2024-02-27T18:07:56.751+0000] {processor.py:830} INFO - Processing file /opt/airflow/dags/run_chicago_crime_dag.py for tasks to queue
[2024-02-27T18:07:56.752+0000] {logging_mixin.py:188} INFO - [2024-02-27T18:07:56.752+0000] {dagbag.py:538} INFO - Filling up the DagBag from /opt/airflow/dags/run_chicago_crime_dag.py
[2024-02-27T18:07:56.787+0000] {processor.py:840} INFO - DAG(s) 'chicago_crime_dag' retrieved from /opt/airflow/dags/run_chicago_crime_dag.py
[2024-02-27T18:07:56.838+0000] {logging_mixin.py:188} INFO - [2024-02-27T18:07:56.838+0000] {dag.py:3036} INFO - Sync 1 DAGs
[2024-02-27T18:07:56.896+0000] {logging_mixin.py:188} INFO - [2024-02-27T18:07:56.896+0000] {dag.py:3823} INFO - Setting next_dagrun for chicago_crime_dag to 2024-02-27 17:00:00+00:00, run_after=2024-02-27 18:00:00+00:00
[2024-02-27T18:07:56.956+0000] {processor.py:183} INFO - Processing /opt/airflow/dags/run_chicago_crime_dag.py took 0.213 seconds
[2024-02-27T18:08:27.283+0000] {processor.py:161} INFO - Started process (PID=1968) to work on /opt/airflow/dags/run_chicago_crime_dag.py
[2024-02-27T18:08:27.284+0000] {processor.py:830} INFO - Processing file /opt/airflow/dags/run_chicago_crime_dag.py for tasks to queue
[2024-02-27T18:08:27.286+0000] {logging_mixin.py:188} INFO - [2024-02-27T18:08:27.285+0000] {dagbag.py:538} INFO - Filling up the DagBag from /opt/airflow/dags/run_chicago_crime_dag.py
[2024-02-27T18:08:27.315+0000] {processor.py:840} INFO - DAG(s) 'chicago_crime_dag' retrieved from /opt/airflow/dags/run_chicago_crime_dag.py
[2024-02-27T18:08:27.359+0000] {logging_mixin.py:188} INFO - [2024-02-27T18:08:27.359+0000] {dag.py:3036} INFO - Sync 1 DAGs
[2024-02-27T18:08:27.411+0000] {logging_mixin.py:188} INFO - [2024-02-27T18:08:27.411+0000] {dag.py:3823} INFO - Setting next_dagrun for chicago_crime_dag to 2024-02-27 17:00:00+00:00, run_after=2024-02-27 18:00:00+00:00
[2024-02-27T18:08:27.448+0000] {processor.py:183} INFO - Processing /opt/airflow/dags/run_chicago_crime_dag.py took 0.171 seconds
[2024-02-27T18:08:57.826+0000] {processor.py:161} INFO - Started process (PID=1997) to work on /opt/airflow/dags/run_chicago_crime_dag.py
[2024-02-27T18:08:57.829+0000] {processor.py:830} INFO - Processing file /opt/airflow/dags/run_chicago_crime_dag.py for tasks to queue
[2024-02-27T18:08:57.831+0000] {logging_mixin.py:188} INFO - [2024-02-27T18:08:57.831+0000] {dagbag.py:538} INFO - Filling up the DagBag from /opt/airflow/dags/run_chicago_crime_dag.py
[2024-02-27T18:08:57.864+0000] {processor.py:840} INFO - DAG(s) 'chicago_crime_dag' retrieved from /opt/airflow/dags/run_chicago_crime_dag.py
[2024-02-27T18:08:57.904+0000] {logging_mixin.py:188} INFO - [2024-02-27T18:08:57.903+0000] {dag.py:3036} INFO - Sync 1 DAGs
[2024-02-27T18:08:57.947+0000] {logging_mixin.py:188} INFO - [2024-02-27T18:08:57.947+0000] {dag.py:3823} INFO - Setting next_dagrun for chicago_crime_dag to 2024-02-27 17:00:00+00:00, run_after=2024-02-27 18:00:00+00:00
[2024-02-27T18:08:57.982+0000] {processor.py:183} INFO - Processing /opt/airflow/dags/run_chicago_crime_dag.py took 0.162 seconds
[2024-02-27T18:09:28.273+0000] {processor.py:161} INFO - Started process (PID=2025) to work on /opt/airflow/dags/run_chicago_crime_dag.py
[2024-02-27T18:09:28.274+0000] {processor.py:830} INFO - Processing file /opt/airflow/dags/run_chicago_crime_dag.py for tasks to queue
[2024-02-27T18:09:28.275+0000] {logging_mixin.py:188} INFO - [2024-02-27T18:09:28.275+0000] {dagbag.py:538} INFO - Filling up the DagBag from /opt/airflow/dags/run_chicago_crime_dag.py
[2024-02-27T18:09:28.299+0000] {processor.py:840} INFO - DAG(s) 'chicago_crime_dag' retrieved from /opt/airflow/dags/run_chicago_crime_dag.py
[2024-02-27T18:09:28.797+0000] {logging_mixin.py:188} INFO - [2024-02-27T18:09:28.797+0000] {dag.py:3036} INFO - Sync 1 DAGs
[2024-02-27T18:09:28.843+0000] {logging_mixin.py:188} INFO - [2024-02-27T18:09:28.842+0000] {dag.py:3823} INFO - Setting next_dagrun for chicago_crime_dag to 2024-02-27 17:00:00+00:00, run_after=2024-02-27 18:00:00+00:00
[2024-02-27T18:09:28.871+0000] {processor.py:183} INFO - Processing /opt/airflow/dags/run_chicago_crime_dag.py took 0.604 seconds
[2024-02-27T18:09:59.768+0000] {processor.py:161} INFO - Started process (PID=2055) to work on /opt/airflow/dags/run_chicago_crime_dag.py
[2024-02-27T18:09:59.770+0000] {processor.py:830} INFO - Processing file /opt/airflow/dags/run_chicago_crime_dag.py for tasks to queue
[2024-02-27T18:09:59.772+0000] {logging_mixin.py:188} INFO - [2024-02-27T18:09:59.771+0000] {dagbag.py:538} INFO - Filling up the DagBag from /opt/airflow/dags/run_chicago_crime_dag.py
[2024-02-27T18:09:59.796+0000] {processor.py:840} INFO - DAG(s) 'chicago_crime_dag' retrieved from /opt/airflow/dags/run_chicago_crime_dag.py
[2024-02-27T18:09:59.838+0000] {logging_mixin.py:188} INFO - [2024-02-27T18:09:59.838+0000] {dag.py:3036} INFO - Sync 1 DAGs
[2024-02-27T18:09:59.887+0000] {logging_mixin.py:188} INFO - [2024-02-27T18:09:59.887+0000] {dag.py:3823} INFO - Setting next_dagrun for chicago_crime_dag to 2024-02-27 17:00:00+00:00, run_after=2024-02-27 18:00:00+00:00
[2024-02-27T18:09:59.916+0000] {processor.py:183} INFO - Processing /opt/airflow/dags/run_chicago_crime_dag.py took 0.153 seconds
[2024-02-27T18:10:30.288+0000] {processor.py:161} INFO - Started process (PID=2084) to work on /opt/airflow/dags/run_chicago_crime_dag.py
[2024-02-27T18:10:30.290+0000] {processor.py:830} INFO - Processing file /opt/airflow/dags/run_chicago_crime_dag.py for tasks to queue
[2024-02-27T18:10:30.294+0000] {logging_mixin.py:188} INFO - [2024-02-27T18:10:30.293+0000] {dagbag.py:538} INFO - Filling up the DagBag from /opt/airflow/dags/run_chicago_crime_dag.py
[2024-02-27T18:10:30.330+0000] {processor.py:840} INFO - DAG(s) 'chicago_crime_dag' retrieved from /opt/airflow/dags/run_chicago_crime_dag.py
[2024-02-27T18:10:30.383+0000] {logging_mixin.py:188} INFO - [2024-02-27T18:10:30.382+0000] {dag.py:3036} INFO - Sync 1 DAGs
[2024-02-27T18:10:30.433+0000] {logging_mixin.py:188} INFO - [2024-02-27T18:10:30.432+0000] {dag.py:3823} INFO - Setting next_dagrun for chicago_crime_dag to 2024-02-27 17:00:00+00:00, run_after=2024-02-27 18:00:00+00:00
[2024-02-27T18:10:30.462+0000] {processor.py:183} INFO - Processing /opt/airflow/dags/run_chicago_crime_dag.py took 0.181 seconds
[2024-02-27T18:11:00.810+0000] {processor.py:161} INFO - Started process (PID=2107) to work on /opt/airflow/dags/run_chicago_crime_dag.py
[2024-02-27T18:11:00.813+0000] {processor.py:830} INFO - Processing file /opt/airflow/dags/run_chicago_crime_dag.py for tasks to queue
[2024-02-27T18:11:00.815+0000] {logging_mixin.py:188} INFO - [2024-02-27T18:11:00.814+0000] {dagbag.py:538} INFO - Filling up the DagBag from /opt/airflow/dags/run_chicago_crime_dag.py
[2024-02-27T18:11:00.851+0000] {processor.py:840} INFO - DAG(s) 'chicago_crime_dag' retrieved from /opt/airflow/dags/run_chicago_crime_dag.py
[2024-02-27T18:11:00.902+0000] {logging_mixin.py:188} INFO - [2024-02-27T18:11:00.901+0000] {dag.py:3036} INFO - Sync 1 DAGs
[2024-02-27T18:11:00.955+0000] {logging_mixin.py:188} INFO - [2024-02-27T18:11:00.954+0000] {dag.py:3823} INFO - Setting next_dagrun for chicago_crime_dag to 2024-02-27 17:00:00+00:00, run_after=2024-02-27 18:00:00+00:00
[2024-02-27T18:11:00.990+0000] {processor.py:183} INFO - Processing /opt/airflow/dags/run_chicago_crime_dag.py took 0.187 seconds
[2024-02-27T18:11:31.254+0000] {processor.py:161} INFO - Started process (PID=2136) to work on /opt/airflow/dags/run_chicago_crime_dag.py
[2024-02-27T18:11:31.256+0000] {processor.py:830} INFO - Processing file /opt/airflow/dags/run_chicago_crime_dag.py for tasks to queue
[2024-02-27T18:11:31.258+0000] {logging_mixin.py:188} INFO - [2024-02-27T18:11:31.257+0000] {dagbag.py:538} INFO - Filling up the DagBag from /opt/airflow/dags/run_chicago_crime_dag.py
[2024-02-27T18:11:31.283+0000] {processor.py:840} INFO - DAG(s) 'chicago_crime_dag' retrieved from /opt/airflow/dags/run_chicago_crime_dag.py
[2024-02-27T18:11:31.329+0000] {logging_mixin.py:188} INFO - [2024-02-27T18:11:31.329+0000] {dag.py:3036} INFO - Sync 1 DAGs
[2024-02-27T18:11:31.375+0000] {logging_mixin.py:188} INFO - [2024-02-27T18:11:31.374+0000] {dag.py:3823} INFO - Setting next_dagrun for chicago_crime_dag to 2024-02-27 17:00:00+00:00, run_after=2024-02-27 18:00:00+00:00
[2024-02-27T18:11:31.406+0000] {processor.py:183} INFO - Processing /opt/airflow/dags/run_chicago_crime_dag.py took 0.162 seconds
[2024-02-27T18:12:02.109+0000] {processor.py:161} INFO - Started process (PID=2164) to work on /opt/airflow/dags/run_chicago_crime_dag.py
[2024-02-27T18:12:02.110+0000] {processor.py:830} INFO - Processing file /opt/airflow/dags/run_chicago_crime_dag.py for tasks to queue
[2024-02-27T18:12:02.112+0000] {logging_mixin.py:188} INFO - [2024-02-27T18:12:02.111+0000] {dagbag.py:538} INFO - Filling up the DagBag from /opt/airflow/dags/run_chicago_crime_dag.py
[2024-02-27T18:12:02.138+0000] {processor.py:840} INFO - DAG(s) 'chicago_crime_dag' retrieved from /opt/airflow/dags/run_chicago_crime_dag.py
[2024-02-27T18:12:02.192+0000] {logging_mixin.py:188} INFO - [2024-02-27T18:12:02.191+0000] {dag.py:3036} INFO - Sync 1 DAGs
[2024-02-27T18:12:02.261+0000] {logging_mixin.py:188} INFO - [2024-02-27T18:12:02.260+0000] {dag.py:3823} INFO - Setting next_dagrun for chicago_crime_dag to 2024-02-27 17:00:00+00:00, run_after=2024-02-27 18:00:00+00:00
[2024-02-27T18:12:02.307+0000] {processor.py:183} INFO - Processing /opt/airflow/dags/run_chicago_crime_dag.py took 0.204 seconds
[2024-02-27T18:12:32.947+0000] {processor.py:161} INFO - Started process (PID=2193) to work on /opt/airflow/dags/run_chicago_crime_dag.py
[2024-02-27T18:12:32.949+0000] {processor.py:830} INFO - Processing file /opt/airflow/dags/run_chicago_crime_dag.py for tasks to queue
[2024-02-27T18:12:32.951+0000] {logging_mixin.py:188} INFO - [2024-02-27T18:12:32.950+0000] {dagbag.py:538} INFO - Filling up the DagBag from /opt/airflow/dags/run_chicago_crime_dag.py
[2024-02-27T18:12:32.993+0000] {processor.py:840} INFO - DAG(s) 'chicago_crime_dag' retrieved from /opt/airflow/dags/run_chicago_crime_dag.py
[2024-02-27T18:12:33.083+0000] {logging_mixin.py:188} INFO - [2024-02-27T18:12:33.082+0000] {dag.py:3036} INFO - Sync 1 DAGs
[2024-02-27T18:12:33.165+0000] {logging_mixin.py:188} INFO - [2024-02-27T18:12:33.164+0000] {dag.py:3823} INFO - Setting next_dagrun for chicago_crime_dag to 2024-02-27 17:00:00+00:00, run_after=2024-02-27 18:00:00+00:00
[2024-02-27T18:12:33.233+0000] {processor.py:183} INFO - Processing /opt/airflow/dags/run_chicago_crime_dag.py took 0.295 seconds
[2024-02-27T18:13:03.620+0000] {processor.py:161} INFO - Started process (PID=2226) to work on /opt/airflow/dags/run_chicago_crime_dag.py
[2024-02-27T18:13:03.622+0000] {processor.py:830} INFO - Processing file /opt/airflow/dags/run_chicago_crime_dag.py for tasks to queue
[2024-02-27T18:13:03.624+0000] {logging_mixin.py:188} INFO - [2024-02-27T18:13:03.624+0000] {dagbag.py:538} INFO - Filling up the DagBag from /opt/airflow/dags/run_chicago_crime_dag.py
[2024-02-27T18:13:03.653+0000] {processor.py:840} INFO - DAG(s) 'chicago_crime_dag' retrieved from /opt/airflow/dags/run_chicago_crime_dag.py
[2024-02-27T18:13:03.703+0000] {logging_mixin.py:188} INFO - [2024-02-27T18:13:03.703+0000] {dag.py:3036} INFO - Sync 1 DAGs
[2024-02-27T18:13:03.760+0000] {logging_mixin.py:188} INFO - [2024-02-27T18:13:03.760+0000] {dag.py:3823} INFO - Setting next_dagrun for chicago_crime_dag to 2024-02-27 18:00:00+00:00, run_after=2024-02-27 19:00:00+00:00
[2024-02-27T18:13:03.794+0000] {processor.py:183} INFO - Processing /opt/airflow/dags/run_chicago_crime_dag.py took 0.181 seconds
[2024-02-27T18:13:34.098+0000] {processor.py:161} INFO - Started process (PID=2255) to work on /opt/airflow/dags/run_chicago_crime_dag.py
[2024-02-27T18:13:34.100+0000] {processor.py:830} INFO - Processing file /opt/airflow/dags/run_chicago_crime_dag.py for tasks to queue
[2024-02-27T18:13:34.102+0000] {logging_mixin.py:188} INFO - [2024-02-27T18:13:34.101+0000] {dagbag.py:538} INFO - Filling up the DagBag from /opt/airflow/dags/run_chicago_crime_dag.py
[2024-02-27T18:13:34.136+0000] {processor.py:840} INFO - DAG(s) 'chicago_crime_dag' retrieved from /opt/airflow/dags/run_chicago_crime_dag.py
[2024-02-27T18:13:34.192+0000] {logging_mixin.py:188} INFO - [2024-02-27T18:13:34.191+0000] {dag.py:3036} INFO - Sync 1 DAGs
[2024-02-27T18:13:34.249+0000] {logging_mixin.py:188} INFO - [2024-02-27T18:13:34.249+0000] {dag.py:3823} INFO - Setting next_dagrun for chicago_crime_dag to 2024-02-27 18:00:00+00:00, run_after=2024-02-27 19:00:00+00:00
[2024-02-27T18:13:34.282+0000] {processor.py:183} INFO - Processing /opt/airflow/dags/run_chicago_crime_dag.py took 0.190 seconds
[2024-02-27T18:14:04.538+0000] {processor.py:161} INFO - Started process (PID=2284) to work on /opt/airflow/dags/run_chicago_crime_dag.py
[2024-02-27T18:14:04.541+0000] {processor.py:830} INFO - Processing file /opt/airflow/dags/run_chicago_crime_dag.py for tasks to queue
[2024-02-27T18:14:04.543+0000] {logging_mixin.py:188} INFO - [2024-02-27T18:14:04.542+0000] {dagbag.py:538} INFO - Filling up the DagBag from /opt/airflow/dags/run_chicago_crime_dag.py
[2024-02-27T18:14:04.581+0000] {processor.py:840} INFO - DAG(s) 'chicago_crime_dag' retrieved from /opt/airflow/dags/run_chicago_crime_dag.py
[2024-02-27T18:14:04.646+0000] {logging_mixin.py:188} INFO - [2024-02-27T18:14:04.645+0000] {dag.py:3036} INFO - Sync 1 DAGs
[2024-02-27T18:14:04.717+0000] {logging_mixin.py:188} INFO - [2024-02-27T18:14:04.716+0000] {dag.py:3823} INFO - Setting next_dagrun for chicago_crime_dag to 2024-02-27 18:00:00+00:00, run_after=2024-02-27 19:00:00+00:00
[2024-02-27T18:14:04.765+0000] {processor.py:183} INFO - Processing /opt/airflow/dags/run_chicago_crime_dag.py took 0.234 seconds
[2024-02-27T18:14:35.160+0000] {processor.py:161} INFO - Started process (PID=2313) to work on /opt/airflow/dags/run_chicago_crime_dag.py
[2024-02-27T18:14:35.161+0000] {processor.py:830} INFO - Processing file /opt/airflow/dags/run_chicago_crime_dag.py for tasks to queue
[2024-02-27T18:14:35.162+0000] {logging_mixin.py:188} INFO - [2024-02-27T18:14:35.162+0000] {dagbag.py:538} INFO - Filling up the DagBag from /opt/airflow/dags/run_chicago_crime_dag.py
[2024-02-27T18:14:35.189+0000] {processor.py:840} INFO - DAG(s) 'chicago_crime_dag' retrieved from /opt/airflow/dags/run_chicago_crime_dag.py
[2024-02-27T18:14:35.249+0000] {logging_mixin.py:188} INFO - [2024-02-27T18:14:35.248+0000] {dag.py:3036} INFO - Sync 1 DAGs
[2024-02-27T18:14:35.318+0000] {logging_mixin.py:188} INFO - [2024-02-27T18:14:35.317+0000] {dag.py:3823} INFO - Setting next_dagrun for chicago_crime_dag to 2024-02-27 18:00:00+00:00, run_after=2024-02-27 19:00:00+00:00
[2024-02-27T18:14:35.360+0000] {processor.py:183} INFO - Processing /opt/airflow/dags/run_chicago_crime_dag.py took 0.207 seconds
[2024-02-27T18:15:05.581+0000] {processor.py:161} INFO - Started process (PID=2342) to work on /opt/airflow/dags/run_chicago_crime_dag.py
[2024-02-27T18:15:05.583+0000] {processor.py:830} INFO - Processing file /opt/airflow/dags/run_chicago_crime_dag.py for tasks to queue
[2024-02-27T18:15:05.584+0000] {logging_mixin.py:188} INFO - [2024-02-27T18:15:05.584+0000] {dagbag.py:538} INFO - Filling up the DagBag from /opt/airflow/dags/run_chicago_crime_dag.py
[2024-02-27T18:15:05.608+0000] {processor.py:840} INFO - DAG(s) 'chicago_crime_dag' retrieved from /opt/airflow/dags/run_chicago_crime_dag.py
[2024-02-27T18:15:05.658+0000] {logging_mixin.py:188} INFO - [2024-02-27T18:15:05.657+0000] {dag.py:3036} INFO - Sync 1 DAGs
[2024-02-27T18:15:05.725+0000] {logging_mixin.py:188} INFO - [2024-02-27T18:15:05.725+0000] {dag.py:3823} INFO - Setting next_dagrun for chicago_crime_dag to 2024-02-27 18:00:00+00:00, run_after=2024-02-27 19:00:00+00:00
[2024-02-27T18:15:05.758+0000] {processor.py:183} INFO - Processing /opt/airflow/dags/run_chicago_crime_dag.py took 0.182 seconds
[2024-02-27T18:15:18.687+0000] {processor.py:161} INFO - Started process (PID=2354) to work on /opt/airflow/dags/run_chicago_crime_dag.py
[2024-02-27T18:15:18.690+0000] {processor.py:830} INFO - Processing file /opt/airflow/dags/run_chicago_crime_dag.py for tasks to queue
[2024-02-27T18:15:18.692+0000] {logging_mixin.py:188} INFO - [2024-02-27T18:15:18.691+0000] {dagbag.py:538} INFO - Filling up the DagBag from /opt/airflow/dags/run_chicago_crime_dag.py
[2024-02-27T18:15:18.735+0000] {processor.py:840} INFO - DAG(s) 'chicago_crime_dag' retrieved from /opt/airflow/dags/run_chicago_crime_dag.py
[2024-02-27T18:15:18.809+0000] {logging_mixin.py:188} INFO - [2024-02-27T18:15:18.808+0000] {dag.py:3036} INFO - Sync 1 DAGs
[2024-02-27T18:15:18.904+0000] {logging_mixin.py:188} INFO - [2024-02-27T18:15:18.903+0000] {dag.py:3823} INFO - Setting next_dagrun for chicago_crime_dag to 2024-02-27 18:00:00+00:00, run_after=2024-02-27 19:00:00+00:00
[2024-02-27T18:15:18.974+0000] {processor.py:183} INFO - Processing /opt/airflow/dags/run_chicago_crime_dag.py took 0.297 seconds
[2024-02-27T18:15:43.300+0000] {processor.py:161} INFO - Started process (PID=2378) to work on /opt/airflow/dags/run_chicago_crime_dag.py
[2024-02-27T18:15:43.302+0000] {processor.py:830} INFO - Processing file /opt/airflow/dags/run_chicago_crime_dag.py for tasks to queue
[2024-02-27T18:15:43.303+0000] {logging_mixin.py:188} INFO - [2024-02-27T18:15:43.303+0000] {dagbag.py:538} INFO - Filling up the DagBag from /opt/airflow/dags/run_chicago_crime_dag.py
[2024-02-27T18:15:43.336+0000] {processor.py:840} INFO - DAG(s) 'chicago_crime_dag' retrieved from /opt/airflow/dags/run_chicago_crime_dag.py
[2024-02-27T18:15:43.385+0000] {logging_mixin.py:188} INFO - [2024-02-27T18:15:43.385+0000] {dag.py:3036} INFO - Sync 1 DAGs
[2024-02-27T18:15:43.432+0000] {logging_mixin.py:188} INFO - [2024-02-27T18:15:43.432+0000] {dag.py:3823} INFO - Setting next_dagrun for chicago_crime_dag to 2024-02-27 18:00:00+00:00, run_after=2024-02-27 19:00:00+00:00
[2024-02-27T18:15:43.463+0000] {processor.py:183} INFO - Processing /opt/airflow/dags/run_chicago_crime_dag.py took 0.171 seconds
[2024-02-27T18:16:13.683+0000] {processor.py:161} INFO - Started process (PID=2407) to work on /opt/airflow/dags/run_chicago_crime_dag.py
[2024-02-27T18:16:13.685+0000] {processor.py:830} INFO - Processing file /opt/airflow/dags/run_chicago_crime_dag.py for tasks to queue
[2024-02-27T18:16:13.686+0000] {logging_mixin.py:188} INFO - [2024-02-27T18:16:13.686+0000] {dagbag.py:538} INFO - Filling up the DagBag from /opt/airflow/dags/run_chicago_crime_dag.py
[2024-02-27T18:16:13.714+0000] {processor.py:840} INFO - DAG(s) 'chicago_crime_dag' retrieved from /opt/airflow/dags/run_chicago_crime_dag.py
[2024-02-27T18:16:13.754+0000] {logging_mixin.py:188} INFO - [2024-02-27T18:16:13.754+0000] {dag.py:3036} INFO - Sync 1 DAGs
[2024-02-27T18:16:13.816+0000] {logging_mixin.py:188} INFO - [2024-02-27T18:16:13.815+0000] {dag.py:3823} INFO - Setting next_dagrun for chicago_crime_dag to 2024-02-27 18:00:00+00:00, run_after=2024-02-27 19:00:00+00:00
[2024-02-27T18:16:13.856+0000] {processor.py:183} INFO - Processing /opt/airflow/dags/run_chicago_crime_dag.py took 0.178 seconds
[2024-02-27T18:16:44.095+0000] {processor.py:161} INFO - Started process (PID=2436) to work on /opt/airflow/dags/run_chicago_crime_dag.py
[2024-02-27T18:16:44.097+0000] {processor.py:830} INFO - Processing file /opt/airflow/dags/run_chicago_crime_dag.py for tasks to queue
[2024-02-27T18:16:44.099+0000] {logging_mixin.py:188} INFO - [2024-02-27T18:16:44.098+0000] {dagbag.py:538} INFO - Filling up the DagBag from /opt/airflow/dags/run_chicago_crime_dag.py
[2024-02-27T18:16:44.137+0000] {processor.py:840} INFO - DAG(s) 'chicago_crime_dag' retrieved from /opt/airflow/dags/run_chicago_crime_dag.py
[2024-02-27T18:16:44.204+0000] {logging_mixin.py:188} INFO - [2024-02-27T18:16:44.204+0000] {dag.py:3036} INFO - Sync 1 DAGs
[2024-02-27T18:16:44.271+0000] {logging_mixin.py:188} INFO - [2024-02-27T18:16:44.270+0000] {dag.py:3823} INFO - Setting next_dagrun for chicago_crime_dag to 2024-02-27 18:00:00+00:00, run_after=2024-02-27 19:00:00+00:00
[2024-02-27T18:16:44.313+0000] {processor.py:183} INFO - Processing /opt/airflow/dags/run_chicago_crime_dag.py took 0.225 seconds
[2024-02-27T18:17:14.567+0000] {processor.py:161} INFO - Started process (PID=2467) to work on /opt/airflow/dags/run_chicago_crime_dag.py
[2024-02-27T18:17:14.569+0000] {processor.py:830} INFO - Processing file /opt/airflow/dags/run_chicago_crime_dag.py for tasks to queue
[2024-02-27T18:17:14.570+0000] {logging_mixin.py:188} INFO - [2024-02-27T18:17:14.570+0000] {dagbag.py:538} INFO - Filling up the DagBag from /opt/airflow/dags/run_chicago_crime_dag.py
[2024-02-27T18:17:14.604+0000] {processor.py:840} INFO - DAG(s) 'chicago_crime_dag' retrieved from /opt/airflow/dags/run_chicago_crime_dag.py
[2024-02-27T18:17:14.653+0000] {logging_mixin.py:188} INFO - [2024-02-27T18:17:14.653+0000] {dag.py:3036} INFO - Sync 1 DAGs
[2024-02-27T18:17:14.707+0000] {logging_mixin.py:188} INFO - [2024-02-27T18:17:14.707+0000] {dag.py:3823} INFO - Setting next_dagrun for chicago_crime_dag to 2024-02-27 18:00:00+00:00, run_after=2024-02-27 19:00:00+00:00
[2024-02-27T18:17:14.750+0000] {processor.py:183} INFO - Processing /opt/airflow/dags/run_chicago_crime_dag.py took 0.189 seconds
[2024-02-27T18:17:45.926+0000] {processor.py:161} INFO - Started process (PID=2489) to work on /opt/airflow/dags/run_chicago_crime_dag.py
[2024-02-27T18:17:45.927+0000] {processor.py:830} INFO - Processing file /opt/airflow/dags/run_chicago_crime_dag.py for tasks to queue
[2024-02-27T18:17:45.929+0000] {logging_mixin.py:188} INFO - [2024-02-27T18:17:45.928+0000] {dagbag.py:538} INFO - Filling up the DagBag from /opt/airflow/dags/run_chicago_crime_dag.py
[2024-02-27T18:17:45.960+0000] {processor.py:840} INFO - DAG(s) 'chicago_crime_dag' retrieved from /opt/airflow/dags/run_chicago_crime_dag.py
[2024-02-27T18:17:46.006+0000] {logging_mixin.py:188} INFO - [2024-02-27T18:17:46.006+0000] {dag.py:3036} INFO - Sync 1 DAGs
[2024-02-27T18:17:46.068+0000] {logging_mixin.py:188} INFO - [2024-02-27T18:17:46.068+0000] {dag.py:3823} INFO - Setting next_dagrun for chicago_crime_dag to 2024-02-27 18:00:00+00:00, run_after=2024-02-27 19:00:00+00:00
[2024-02-27T18:17:46.109+0000] {processor.py:183} INFO - Processing /opt/airflow/dags/run_chicago_crime_dag.py took 0.190 seconds
[2024-02-27T18:18:16.359+0000] {processor.py:161} INFO - Started process (PID=2522) to work on /opt/airflow/dags/run_chicago_crime_dag.py
[2024-02-27T18:18:16.361+0000] {processor.py:830} INFO - Processing file /opt/airflow/dags/run_chicago_crime_dag.py for tasks to queue
[2024-02-27T18:18:16.363+0000] {logging_mixin.py:188} INFO - [2024-02-27T18:18:16.362+0000] {dagbag.py:538} INFO - Filling up the DagBag from /opt/airflow/dags/run_chicago_crime_dag.py
[2024-02-27T18:18:16.393+0000] {processor.py:840} INFO - DAG(s) 'chicago_crime_dag' retrieved from /opt/airflow/dags/run_chicago_crime_dag.py
[2024-02-27T18:18:16.442+0000] {logging_mixin.py:188} INFO - [2024-02-27T18:18:16.441+0000] {dag.py:3036} INFO - Sync 1 DAGs
[2024-02-27T18:18:16.495+0000] {logging_mixin.py:188} INFO - [2024-02-27T18:18:16.495+0000] {dag.py:3823} INFO - Setting next_dagrun for chicago_crime_dag to 2024-02-27 18:00:00+00:00, run_after=2024-02-27 19:00:00+00:00
[2024-02-27T18:18:16.528+0000] {processor.py:183} INFO - Processing /opt/airflow/dags/run_chicago_crime_dag.py took 0.177 seconds
[2024-02-27T18:18:47.316+0000] {processor.py:161} INFO - Started process (PID=2551) to work on /opt/airflow/dags/run_chicago_crime_dag.py
[2024-02-27T18:18:47.318+0000] {processor.py:830} INFO - Processing file /opt/airflow/dags/run_chicago_crime_dag.py for tasks to queue
[2024-02-27T18:18:47.319+0000] {logging_mixin.py:188} INFO - [2024-02-27T18:18:47.319+0000] {dagbag.py:538} INFO - Filling up the DagBag from /opt/airflow/dags/run_chicago_crime_dag.py
[2024-02-27T18:18:47.362+0000] {processor.py:840} INFO - DAG(s) 'chicago_crime_dag' retrieved from /opt/airflow/dags/run_chicago_crime_dag.py
[2024-02-27T18:18:47.429+0000] {logging_mixin.py:188} INFO - [2024-02-27T18:18:47.428+0000] {dag.py:3036} INFO - Sync 1 DAGs
[2024-02-27T18:18:47.495+0000] {logging_mixin.py:188} INFO - [2024-02-27T18:18:47.495+0000] {dag.py:3823} INFO - Setting next_dagrun for chicago_crime_dag to 2024-02-27 18:00:00+00:00, run_after=2024-02-27 19:00:00+00:00
[2024-02-27T18:18:47.535+0000] {processor.py:183} INFO - Processing /opt/airflow/dags/run_chicago_crime_dag.py took 0.226 seconds
[2024-02-27T18:19:17.728+0000] {processor.py:161} INFO - Started process (PID=2580) to work on /opt/airflow/dags/run_chicago_crime_dag.py
[2024-02-27T18:19:17.729+0000] {processor.py:830} INFO - Processing file /opt/airflow/dags/run_chicago_crime_dag.py for tasks to queue
[2024-02-27T18:19:17.732+0000] {logging_mixin.py:188} INFO - [2024-02-27T18:19:17.731+0000] {dagbag.py:538} INFO - Filling up the DagBag from /opt/airflow/dags/run_chicago_crime_dag.py
[2024-02-27T18:19:17.763+0000] {processor.py:840} INFO - DAG(s) 'chicago_crime_dag' retrieved from /opt/airflow/dags/run_chicago_crime_dag.py
[2024-02-27T18:19:17.814+0000] {logging_mixin.py:188} INFO - [2024-02-27T18:19:17.814+0000] {dag.py:3036} INFO - Sync 1 DAGs
[2024-02-27T18:19:17.875+0000] {logging_mixin.py:188} INFO - [2024-02-27T18:19:17.875+0000] {dag.py:3823} INFO - Setting next_dagrun for chicago_crime_dag to 2024-02-27 18:00:00+00:00, run_after=2024-02-27 19:00:00+00:00
[2024-02-27T18:19:17.913+0000] {processor.py:183} INFO - Processing /opt/airflow/dags/run_chicago_crime_dag.py took 0.192 seconds
[2024-02-27T18:19:48.151+0000] {processor.py:161} INFO - Started process (PID=2610) to work on /opt/airflow/dags/run_chicago_crime_dag.py
[2024-02-27T18:19:48.154+0000] {processor.py:830} INFO - Processing file /opt/airflow/dags/run_chicago_crime_dag.py for tasks to queue
[2024-02-27T18:19:48.157+0000] {logging_mixin.py:188} INFO - [2024-02-27T18:19:48.156+0000] {dagbag.py:538} INFO - Filling up the DagBag from /opt/airflow/dags/run_chicago_crime_dag.py
[2024-02-27T18:19:48.197+0000] {processor.py:840} INFO - DAG(s) 'chicago_crime_dag' retrieved from /opt/airflow/dags/run_chicago_crime_dag.py
[2024-02-27T18:19:48.263+0000] {logging_mixin.py:188} INFO - [2024-02-27T18:19:48.262+0000] {dag.py:3036} INFO - Sync 1 DAGs
[2024-02-27T18:19:48.345+0000] {logging_mixin.py:188} INFO - [2024-02-27T18:19:48.344+0000] {dag.py:3823} INFO - Setting next_dagrun for chicago_crime_dag to 2024-02-27 18:00:00+00:00, run_after=2024-02-27 19:00:00+00:00
[2024-02-27T18:19:48.408+0000] {processor.py:183} INFO - Processing /opt/airflow/dags/run_chicago_crime_dag.py took 0.264 seconds
[2024-02-27T18:20:18.782+0000] {processor.py:161} INFO - Started process (PID=2639) to work on /opt/airflow/dags/run_chicago_crime_dag.py
[2024-02-27T18:20:18.784+0000] {processor.py:830} INFO - Processing file /opt/airflow/dags/run_chicago_crime_dag.py for tasks to queue
[2024-02-27T18:20:18.785+0000] {logging_mixin.py:188} INFO - [2024-02-27T18:20:18.785+0000] {dagbag.py:538} INFO - Filling up the DagBag from /opt/airflow/dags/run_chicago_crime_dag.py
[2024-02-27T18:20:18.814+0000] {processor.py:840} INFO - DAG(s) 'chicago_crime_dag' retrieved from /opt/airflow/dags/run_chicago_crime_dag.py
[2024-02-27T18:20:18.862+0000] {logging_mixin.py:188} INFO - [2024-02-27T18:20:18.862+0000] {dag.py:3036} INFO - Sync 1 DAGs
[2024-02-27T18:20:18.916+0000] {logging_mixin.py:188} INFO - [2024-02-27T18:20:18.916+0000] {dag.py:3823} INFO - Setting next_dagrun for chicago_crime_dag to 2024-02-27 18:00:00+00:00, run_after=2024-02-27 19:00:00+00:00
[2024-02-27T18:20:18.952+0000] {processor.py:183} INFO - Processing /opt/airflow/dags/run_chicago_crime_dag.py took 0.177 seconds
[2024-02-27T18:20:49.191+0000] {processor.py:161} INFO - Started process (PID=2663) to work on /opt/airflow/dags/run_chicago_crime_dag.py
[2024-02-27T18:20:49.193+0000] {processor.py:830} INFO - Processing file /opt/airflow/dags/run_chicago_crime_dag.py for tasks to queue
[2024-02-27T18:20:49.195+0000] {logging_mixin.py:188} INFO - [2024-02-27T18:20:49.194+0000] {dagbag.py:538} INFO - Filling up the DagBag from /opt/airflow/dags/run_chicago_crime_dag.py
[2024-02-27T18:20:49.236+0000] {processor.py:840} INFO - DAG(s) 'chicago_crime_dag' retrieved from /opt/airflow/dags/run_chicago_crime_dag.py
[2024-02-27T18:20:49.296+0000] {logging_mixin.py:188} INFO - [2024-02-27T18:20:49.295+0000] {dag.py:3036} INFO - Sync 1 DAGs
[2024-02-27T18:20:49.364+0000] {logging_mixin.py:188} INFO - [2024-02-27T18:20:49.364+0000] {dag.py:3823} INFO - Setting next_dagrun for chicago_crime_dag to 2024-02-27 18:00:00+00:00, run_after=2024-02-27 19:00:00+00:00
[2024-02-27T18:20:49.405+0000] {processor.py:183} INFO - Processing /opt/airflow/dags/run_chicago_crime_dag.py took 0.223 seconds
[2024-02-27T18:21:19.680+0000] {processor.py:161} INFO - Started process (PID=2692) to work on /opt/airflow/dags/run_chicago_crime_dag.py
[2024-02-27T18:21:19.681+0000] {processor.py:830} INFO - Processing file /opt/airflow/dags/run_chicago_crime_dag.py for tasks to queue
[2024-02-27T18:21:19.683+0000] {logging_mixin.py:188} INFO - [2024-02-27T18:21:19.682+0000] {dagbag.py:538} INFO - Filling up the DagBag from /opt/airflow/dags/run_chicago_crime_dag.py
[2024-02-27T18:21:19.718+0000] {processor.py:840} INFO - DAG(s) 'chicago_crime_dag' retrieved from /opt/airflow/dags/run_chicago_crime_dag.py
[2024-02-27T18:21:19.778+0000] {logging_mixin.py:188} INFO - [2024-02-27T18:21:19.777+0000] {dag.py:3036} INFO - Sync 1 DAGs
[2024-02-27T18:21:19.836+0000] {logging_mixin.py:188} INFO - [2024-02-27T18:21:19.835+0000] {dag.py:3823} INFO - Setting next_dagrun for chicago_crime_dag to 2024-02-27 18:00:00+00:00, run_after=2024-02-27 19:00:00+00:00
[2024-02-27T18:21:19.879+0000] {processor.py:183} INFO - Processing /opt/airflow/dags/run_chicago_crime_dag.py took 0.206 seconds
[2024-02-27T18:21:50.368+0000] {processor.py:161} INFO - Started process (PID=2720) to work on /opt/airflow/dags/run_chicago_crime_dag.py
[2024-02-27T18:21:50.370+0000] {processor.py:830} INFO - Processing file /opt/airflow/dags/run_chicago_crime_dag.py for tasks to queue
[2024-02-27T18:21:50.372+0000] {logging_mixin.py:188} INFO - [2024-02-27T18:21:50.371+0000] {dagbag.py:538} INFO - Filling up the DagBag from /opt/airflow/dags/run_chicago_crime_dag.py
[2024-02-27T18:21:50.411+0000] {processor.py:840} INFO - DAG(s) 'chicago_crime_dag' retrieved from /opt/airflow/dags/run_chicago_crime_dag.py
[2024-02-27T18:21:50.469+0000] {logging_mixin.py:188} INFO - [2024-02-27T18:21:50.468+0000] {dag.py:3036} INFO - Sync 1 DAGs
[2024-02-27T18:21:50.541+0000] {logging_mixin.py:188} INFO - [2024-02-27T18:21:50.540+0000] {dag.py:3823} INFO - Setting next_dagrun for chicago_crime_dag to 2024-02-27 18:00:00+00:00, run_after=2024-02-27 19:00:00+00:00
[2024-02-27T18:21:50.583+0000] {processor.py:183} INFO - Processing /opt/airflow/dags/run_chicago_crime_dag.py took 0.221 seconds
[2024-02-27T18:22:20.946+0000] {processor.py:161} INFO - Started process (PID=2744) to work on /opt/airflow/dags/run_chicago_crime_dag.py
[2024-02-27T18:22:20.948+0000] {processor.py:830} INFO - Processing file /opt/airflow/dags/run_chicago_crime_dag.py for tasks to queue
[2024-02-27T18:22:20.949+0000] {logging_mixin.py:188} INFO - [2024-02-27T18:22:20.949+0000] {dagbag.py:538} INFO - Filling up the DagBag from /opt/airflow/dags/run_chicago_crime_dag.py
[2024-02-27T18:22:20.980+0000] {processor.py:840} INFO - DAG(s) 'chicago_crime_dag' retrieved from /opt/airflow/dags/run_chicago_crime_dag.py
[2024-02-27T18:22:21.032+0000] {logging_mixin.py:188} INFO - [2024-02-27T18:22:21.032+0000] {dag.py:3036} INFO - Sync 1 DAGs
[2024-02-27T18:22:21.095+0000] {logging_mixin.py:188} INFO - [2024-02-27T18:22:21.095+0000] {dag.py:3823} INFO - Setting next_dagrun for chicago_crime_dag to 2024-02-27 18:00:00+00:00, run_after=2024-02-27 19:00:00+00:00
[2024-02-27T18:22:21.152+0000] {processor.py:183} INFO - Processing /opt/airflow/dags/run_chicago_crime_dag.py took 0.213 seconds
[2024-02-27T18:22:51.481+0000] {processor.py:161} INFO - Started process (PID=2773) to work on /opt/airflow/dags/run_chicago_crime_dag.py
[2024-02-27T18:22:51.483+0000] {processor.py:830} INFO - Processing file /opt/airflow/dags/run_chicago_crime_dag.py for tasks to queue
[2024-02-27T18:22:51.485+0000] {logging_mixin.py:188} INFO - [2024-02-27T18:22:51.484+0000] {dagbag.py:538} INFO - Filling up the DagBag from /opt/airflow/dags/run_chicago_crime_dag.py
[2024-02-27T18:22:51.515+0000] {processor.py:840} INFO - DAG(s) 'chicago_crime_dag' retrieved from /opt/airflow/dags/run_chicago_crime_dag.py
[2024-02-27T18:22:51.565+0000] {logging_mixin.py:188} INFO - [2024-02-27T18:22:51.565+0000] {dag.py:3036} INFO - Sync 1 DAGs
[2024-02-27T18:22:51.619+0000] {logging_mixin.py:188} INFO - [2024-02-27T18:22:51.619+0000] {dag.py:3823} INFO - Setting next_dagrun for chicago_crime_dag to 2024-02-27 18:00:00+00:00, run_after=2024-02-27 19:00:00+00:00
[2024-02-27T18:22:51.656+0000] {processor.py:183} INFO - Processing /opt/airflow/dags/run_chicago_crime_dag.py took 0.182 seconds
[2024-02-27T18:23:22.076+0000] {processor.py:161} INFO - Started process (PID=2802) to work on /opt/airflow/dags/run_chicago_crime_dag.py
[2024-02-27T18:23:22.077+0000] {processor.py:830} INFO - Processing file /opt/airflow/dags/run_chicago_crime_dag.py for tasks to queue
[2024-02-27T18:23:22.079+0000] {logging_mixin.py:188} INFO - [2024-02-27T18:23:22.079+0000] {dagbag.py:538} INFO - Filling up the DagBag from /opt/airflow/dags/run_chicago_crime_dag.py
[2024-02-27T18:23:22.108+0000] {processor.py:840} INFO - DAG(s) 'chicago_crime_dag' retrieved from /opt/airflow/dags/run_chicago_crime_dag.py
[2024-02-27T18:23:22.163+0000] {logging_mixin.py:188} INFO - [2024-02-27T18:23:22.163+0000] {dag.py:3036} INFO - Sync 1 DAGs
[2024-02-27T18:23:22.228+0000] {logging_mixin.py:188} INFO - [2024-02-27T18:23:22.227+0000] {dag.py:3823} INFO - Setting next_dagrun for chicago_crime_dag to 2024-02-27 18:00:00+00:00, run_after=2024-02-27 19:00:00+00:00
[2024-02-27T18:23:22.267+0000] {processor.py:183} INFO - Processing /opt/airflow/dags/run_chicago_crime_dag.py took 0.198 seconds
[2024-02-27T18:23:52.592+0000] {processor.py:161} INFO - Started process (PID=2831) to work on /opt/airflow/dags/run_chicago_crime_dag.py
[2024-02-27T18:23:52.593+0000] {processor.py:830} INFO - Processing file /opt/airflow/dags/run_chicago_crime_dag.py for tasks to queue
[2024-02-27T18:23:52.595+0000] {logging_mixin.py:188} INFO - [2024-02-27T18:23:52.594+0000] {dagbag.py:538} INFO - Filling up the DagBag from /opt/airflow/dags/run_chicago_crime_dag.py
[2024-02-27T18:23:52.624+0000] {processor.py:840} INFO - DAG(s) 'chicago_crime_dag' retrieved from /opt/airflow/dags/run_chicago_crime_dag.py
[2024-02-27T18:23:52.670+0000] {logging_mixin.py:188} INFO - [2024-02-27T18:23:52.670+0000] {dag.py:3036} INFO - Sync 1 DAGs
[2024-02-27T18:23:52.731+0000] {logging_mixin.py:188} INFO - [2024-02-27T18:23:52.730+0000] {dag.py:3823} INFO - Setting next_dagrun for chicago_crime_dag to 2024-02-27 18:00:00+00:00, run_after=2024-02-27 19:00:00+00:00
[2024-02-27T18:23:52.768+0000] {processor.py:183} INFO - Processing /opt/airflow/dags/run_chicago_crime_dag.py took 0.182 seconds
[2024-02-27T18:24:23.052+0000] {processor.py:161} INFO - Started process (PID=2861) to work on /opt/airflow/dags/run_chicago_crime_dag.py
[2024-02-27T18:24:23.053+0000] {processor.py:830} INFO - Processing file /opt/airflow/dags/run_chicago_crime_dag.py for tasks to queue
[2024-02-27T18:24:23.055+0000] {logging_mixin.py:188} INFO - [2024-02-27T18:24:23.054+0000] {dagbag.py:538} INFO - Filling up the DagBag from /opt/airflow/dags/run_chicago_crime_dag.py
[2024-02-27T18:24:23.082+0000] {processor.py:840} INFO - DAG(s) 'chicago_crime_dag' retrieved from /opt/airflow/dags/run_chicago_crime_dag.py
[2024-02-27T18:24:23.133+0000] {logging_mixin.py:188} INFO - [2024-02-27T18:24:23.133+0000] {dag.py:3036} INFO - Sync 1 DAGs
[2024-02-27T18:24:23.185+0000] {logging_mixin.py:188} INFO - [2024-02-27T18:24:23.185+0000] {dag.py:3823} INFO - Setting next_dagrun for chicago_crime_dag to 2024-02-27 18:00:00+00:00, run_after=2024-02-27 19:00:00+00:00
[2024-02-27T18:24:23.220+0000] {processor.py:183} INFO - Processing /opt/airflow/dags/run_chicago_crime_dag.py took 0.173 seconds
[2024-02-27T18:24:53.558+0000] {processor.py:161} INFO - Started process (PID=2890) to work on /opt/airflow/dags/run_chicago_crime_dag.py
[2024-02-27T18:24:53.559+0000] {processor.py:830} INFO - Processing file /opt/airflow/dags/run_chicago_crime_dag.py for tasks to queue
[2024-02-27T18:24:53.561+0000] {logging_mixin.py:188} INFO - [2024-02-27T18:24:53.560+0000] {dagbag.py:538} INFO - Filling up the DagBag from /opt/airflow/dags/run_chicago_crime_dag.py
[2024-02-27T18:24:53.590+0000] {processor.py:840} INFO - DAG(s) 'chicago_crime_dag' retrieved from /opt/airflow/dags/run_chicago_crime_dag.py
[2024-02-27T18:24:53.637+0000] {logging_mixin.py:188} INFO - [2024-02-27T18:24:53.637+0000] {dag.py:3036} INFO - Sync 1 DAGs
[2024-02-27T18:24:53.691+0000] {logging_mixin.py:188} INFO - [2024-02-27T18:24:53.691+0000] {dag.py:3823} INFO - Setting next_dagrun for chicago_crime_dag to 2024-02-27 18:00:00+00:00, run_after=2024-02-27 19:00:00+00:00
[2024-02-27T18:24:53.728+0000] {processor.py:183} INFO - Processing /opt/airflow/dags/run_chicago_crime_dag.py took 0.176 seconds
[2024-02-27T18:25:24.098+0000] {processor.py:161} INFO - Started process (PID=2920) to work on /opt/airflow/dags/run_chicago_crime_dag.py
[2024-02-27T18:25:24.099+0000] {processor.py:830} INFO - Processing file /opt/airflow/dags/run_chicago_crime_dag.py for tasks to queue
[2024-02-27T18:25:24.100+0000] {logging_mixin.py:188} INFO - [2024-02-27T18:25:24.100+0000] {dagbag.py:538} INFO - Filling up the DagBag from /opt/airflow/dags/run_chicago_crime_dag.py
[2024-02-27T18:25:24.129+0000] {processor.py:840} INFO - DAG(s) 'chicago_crime_dag' retrieved from /opt/airflow/dags/run_chicago_crime_dag.py
[2024-02-27T18:25:24.184+0000] {logging_mixin.py:188} INFO - [2024-02-27T18:25:24.183+0000] {dag.py:3036} INFO - Sync 1 DAGs
[2024-02-27T18:25:24.236+0000] {logging_mixin.py:188} INFO - [2024-02-27T18:25:24.235+0000] {dag.py:3823} INFO - Setting next_dagrun for chicago_crime_dag to 2024-02-27 18:00:00+00:00, run_after=2024-02-27 19:00:00+00:00
[2024-02-27T18:25:24.269+0000] {processor.py:183} INFO - Processing /opt/airflow/dags/run_chicago_crime_dag.py took 0.179 seconds
[2024-02-27T18:25:54.585+0000] {processor.py:161} INFO - Started process (PID=2949) to work on /opt/airflow/dags/run_chicago_crime_dag.py
[2024-02-27T18:25:54.588+0000] {processor.py:830} INFO - Processing file /opt/airflow/dags/run_chicago_crime_dag.py for tasks to queue
[2024-02-27T18:25:54.591+0000] {logging_mixin.py:188} INFO - [2024-02-27T18:25:54.590+0000] {dagbag.py:538} INFO - Filling up the DagBag from /opt/airflow/dags/run_chicago_crime_dag.py
[2024-02-27T18:25:54.630+0000] {processor.py:840} INFO - DAG(s) 'chicago_crime_dag' retrieved from /opt/airflow/dags/run_chicago_crime_dag.py
[2024-02-27T18:25:54.695+0000] {logging_mixin.py:188} INFO - [2024-02-27T18:25:54.694+0000] {dag.py:3036} INFO - Sync 1 DAGs
[2024-02-27T18:25:54.768+0000] {logging_mixin.py:188} INFO - [2024-02-27T18:25:54.768+0000] {dag.py:3823} INFO - Setting next_dagrun for chicago_crime_dag to 2024-02-27 18:00:00+00:00, run_after=2024-02-27 19:00:00+00:00
[2024-02-27T18:25:54.825+0000] {processor.py:183} INFO - Processing /opt/airflow/dags/run_chicago_crime_dag.py took 0.247 seconds
