[2024-03-01T18:20:31.183+0000] {taskinstance.py:1956} INFO - Dependencies all met for dep_context=non-requeueable deps ti=<TaskInstance: update_chicago_crime_data.update_crime_data_task manual__2024-02-27T17:40:11.376349+00:00 [queued]>
[2024-03-01T18:20:31.237+0000] {taskinstance.py:1956} INFO - Dependencies all met for dep_context=requeueable deps ti=<TaskInstance: update_chicago_crime_data.update_crime_data_task manual__2024-02-27T17:40:11.376349+00:00 [queued]>
[2024-03-01T18:20:31.238+0000] {taskinstance.py:2170} INFO - Starting attempt 2 of 2
[2024-03-01T18:20:31.339+0000] {taskinstance.py:2191} INFO - Executing <Task(PythonOperator): update_crime_data_task> on 2024-02-27 17:40:11.376349+00:00
[2024-03-01T18:20:31.366+0000] {standard_task_runner.py:60} INFO - Started process 102 to run task
[2024-03-01T18:20:31.380+0000] {standard_task_runner.py:87} INFO - Running: ['***', 'tasks', 'run', 'update_chicago_crime_data', 'update_crime_data_task', 'manual__2024-02-27T17:40:11.376349+00:00', '--job-id', '40', '--raw', '--subdir', 'DAGS_FOLDER/update_data.py', '--cfg-path', '/tmp/tmpikmnty8k']
[2024-03-01T18:20:31.424+0000] {standard_task_runner.py:88} INFO - Job 40: Subtask update_crime_data_task
[2024-03-01T18:20:31.834+0000] {task_command.py:423} INFO - Running <TaskInstance: update_chicago_crime_data.update_crime_data_task manual__2024-02-27T17:40:11.376349+00:00 [running]> on host ba02a707f1e8
[2024-03-01T18:20:32.358+0000] {taskinstance.py:2480} INFO - Exporting env vars: AIRFLOW_CTX_DAG_OWNER='Patricia' AIRFLOW_CTX_DAG_ID='update_chicago_crime_data' AIRFLOW_CTX_TASK_ID='update_crime_data_task' AIRFLOW_CTX_EXECUTION_DATE='2024-02-27T17:40:11.376349+00:00' AIRFLOW_CTX_TRY_NUMBER='2' AIRFLOW_CTX_DAG_RUN_ID='manual__2024-02-27T17:40:11.376349+00:00'
[2024-03-01T18:20:32.373+0000] {taskinstance.py:2698} ERROR - Task failed with exception
Traceback (most recent call last):
  File "/home/airflow/.local/lib/python3.8/site-packages/airflow/models/taskinstance.py", line 433, in _execute_task
    result = execute_callable(context=context, **execute_callable_kwargs)
  File "/home/airflow/.local/lib/python3.8/site-packages/airflow/operators/python.py", line 199, in execute
    return_value = self.execute_callable()
  File "/home/airflow/.local/lib/python3.8/site-packages/airflow/operators/python.py", line 216, in execute_callable
    return self.python_callable(*self.op_args, **self.op_kwargs)
  File "/opt/airflow/dags/update_data.py", line 37, in task_update_crime_data
    from chicago_crime_predictor import ChicagoCrimePredictor
ModuleNotFoundError: No module named 'chicago_crime_predictor'
[2024-03-01T18:20:32.422+0000] {taskinstance.py:1138} INFO - Marking task as FAILED. dag_id=update_chicago_crime_data, task_id=update_crime_data_task, execution_date=20240227T174011, start_date=20240301T182031, end_date=20240301T182032
[2024-03-01T18:20:32.491+0000] {standard_task_runner.py:107} ERROR - Failed to execute job 40 for task update_crime_data_task (No module named 'chicago_crime_predictor'; 102)
[2024-03-01T18:20:32.529+0000] {local_task_job_runner.py:234} INFO - Task exited with return code 1
[2024-03-01T18:20:32.625+0000] {taskinstance.py:3280} INFO - 0 downstream tasks scheduled from follow-on schedule check
