[2024-03-05T14:53:41.658+0000] {taskinstance.py:1956} INFO - Dependencies all met for dep_context=non-requeueable deps ti=<TaskInstance: update_chicago_crime_data.update_crime_data_task manual__2024-03-05T14:53:38.427889+00:00 [queued]>
[2024-03-05T14:53:41.674+0000] {taskinstance.py:1956} INFO - Dependencies all met for dep_context=requeueable deps ti=<TaskInstance: update_chicago_crime_data.update_crime_data_task manual__2024-03-05T14:53:38.427889+00:00 [queued]>
[2024-03-05T14:53:41.674+0000] {taskinstance.py:2170} INFO - Starting attempt 1 of 2
[2024-03-05T14:53:41.700+0000] {taskinstance.py:2191} INFO - Executing <Task(PythonOperator): update_crime_data_task> on 2024-03-05 14:53:38.427889+00:00
[2024-03-05T14:53:41.706+0000] {standard_task_runner.py:60} INFO - Started process 15523 to run task
[2024-03-05T14:53:41.710+0000] {standard_task_runner.py:87} INFO - Running: ['***', 'tasks', 'run', 'update_chicago_crime_data', 'update_crime_data_task', 'manual__2024-03-05T14:53:38.427889+00:00', '--job-id', '65', '--raw', '--subdir', 'DAGS_FOLDER/update_data.py', '--cfg-path', '/tmp/tmpjwv2cqh6']
[2024-03-05T14:53:41.714+0000] {standard_task_runner.py:88} INFO - Job 65: Subtask update_crime_data_task
[2024-03-05T14:53:41.793+0000] {task_command.py:423} INFO - Running <TaskInstance: update_chicago_crime_data.update_crime_data_task manual__2024-03-05T14:53:38.427889+00:00 [running]> on host 40b8387e4777
[2024-03-05T14:53:41.970+0000] {taskinstance.py:2480} INFO - Exporting env vars: AIRFLOW_CTX_DAG_OWNER='Patricia' AIRFLOW_CTX_DAG_ID='update_chicago_crime_data' AIRFLOW_CTX_TASK_ID='update_crime_data_task' AIRFLOW_CTX_EXECUTION_DATE='2024-03-05T14:53:38.427889+00:00' AIRFLOW_CTX_TRY_NUMBER='1' AIRFLOW_CTX_DAG_RUN_ID='manual__2024-03-05T14:53:38.427889+00:00'
[2024-03-05T14:53:41.974+0000] {logging_mixin.py:188} INFO - chemin position /opt/***
[2024-03-05T14:53:41.975+0000] {taskinstance.py:2698} ERROR - Task failed with exception
Traceback (most recent call last):
  File "/home/airflow/.local/lib/python3.9/site-packages/airflow/models/taskinstance.py", line 433, in _execute_task
    result = execute_callable(context=context, **execute_callable_kwargs)
  File "/home/airflow/.local/lib/python3.9/site-packages/airflow/operators/python.py", line 199, in execute
    return_value = self.execute_callable()
  File "/home/airflow/.local/lib/python3.9/site-packages/airflow/operators/python.py", line 216, in execute_callable
    return self.python_callable(*self.op_args, **self.op_kwargs)
  File "/opt/airflow/dags/update_data.py", line 38, in task_update_crime_data
    from chicago_crime_predictor import ChicagoCrimePredictor
ModuleNotFoundError: No module named 'chicago_crime_predictor'
[2024-03-05T14:53:41.988+0000] {taskinstance.py:1138} INFO - Marking task as UP_FOR_RETRY. dag_id=update_chicago_crime_data, task_id=update_crime_data_task, execution_date=20240305T145338, start_date=20240305T145341, end_date=20240305T145341
[2024-03-05T14:53:42.013+0000] {standard_task_runner.py:107} ERROR - Failed to execute job 65 for task update_crime_data_task (No module named 'chicago_crime_predictor'; 15523)
[2024-03-05T14:53:42.054+0000] {local_task_job_runner.py:234} INFO - Task exited with return code 1
[2024-03-05T14:53:42.089+0000] {taskinstance.py:3280} INFO - 0 downstream tasks scheduled from follow-on schedule check
