[2024-02-27T18:21:51.539+0000] {taskinstance.py:1956} INFO - Dependencies all met for dep_context=non-requeueable deps ti=<TaskInstance: chicago_crime_dag.run_main manual__2024-02-27T18:16:48.750410+00:00 [queued]>
[2024-02-27T18:21:51.563+0000] {taskinstance.py:1956} INFO - Dependencies all met for dep_context=requeueable deps ti=<TaskInstance: chicago_crime_dag.run_main manual__2024-02-27T18:16:48.750410+00:00 [queued]>
[2024-02-27T18:21:51.564+0000] {taskinstance.py:2170} INFO - Starting attempt 2 of 2
[2024-02-27T18:21:51.608+0000] {taskinstance.py:2191} INFO - Executing <Task(PythonOperator): run_main> on 2024-02-27 18:16:48.750410+00:00
[2024-02-27T18:21:51.615+0000] {standard_task_runner.py:60} INFO - Started process 2726 to run task
[2024-02-27T18:21:51.622+0000] {standard_task_runner.py:87} INFO - Running: ['***', 'tasks', 'run', 'chicago_crime_dag', 'run_main', 'manual__2024-02-27T18:16:48.750410+00:00', '--job-id', '26', '--raw', '--subdir', 'DAGS_FOLDER/run_chicago_crime_dag.py', '--cfg-path', '/tmp/tmpyefyow9x']
[2024-02-27T18:21:51.626+0000] {standard_task_runner.py:88} INFO - Job 26: Subtask run_main
[2024-02-27T18:21:51.657+0000] {logging_mixin.py:188} WARNING - /home/***/.local/lib/python3.9/site-packages/***/settings.py:194 DeprecationWarning: The sql_alchemy_conn option in [core] has been moved to the sql_alchemy_conn option in [database] - the old setting has been used, but please update your config.
[2024-02-27T18:21:51.736+0000] {task_command.py:423} INFO - Running <TaskInstance: chicago_crime_dag.run_main manual__2024-02-27T18:16:48.750410+00:00 [running]> on host dc4ac1cc2c54
[2024-02-27T18:21:51.934+0000] {taskinstance.py:2480} INFO - Exporting env vars: AIRFLOW_CTX_DAG_OWNER='***' AIRFLOW_CTX_DAG_ID='chicago_crime_dag' AIRFLOW_CTX_TASK_ID='run_main' AIRFLOW_CTX_EXECUTION_DATE='2024-02-27T18:16:48.750410+00:00' AIRFLOW_CTX_TRY_NUMBER='2' AIRFLOW_CTX_DAG_RUN_ID='manual__2024-02-27T18:16:48.750410+00:00'
[2024-02-27T18:21:51.938+0000] {taskinstance.py:2698} ERROR - Task failed with exception
Traceback (most recent call last):
  File "/home/airflow/.local/lib/python3.9/site-packages/airflow/models/taskinstance.py", line 433, in _execute_task
    result = execute_callable(context=context, **execute_callable_kwargs)
  File "/home/airflow/.local/lib/python3.9/site-packages/airflow/operators/python.py", line 199, in execute
    return_value = self.execute_callable()
  File "/home/airflow/.local/lib/python3.9/site-packages/airflow/operators/python.py", line 216, in execute_callable
    return self.python_callable(*self.op_args, **self.op_kwargs)
  File "/opt/airflow/dags/run_chicago_crime_dag.py", line 9, in run_main
    from main import main  # Importez la fonction main depuis le fichier main.py
ModuleNotFoundError: No module named 'main'
[2024-02-27T18:21:51.954+0000] {taskinstance.py:1138} INFO - Marking task as FAILED. dag_id=chicago_crime_dag, task_id=run_main, execution_date=20240227T181648, start_date=20240227T182151, end_date=20240227T182151
[2024-02-27T18:21:51.981+0000] {standard_task_runner.py:107} ERROR - Failed to execute job 26 for task run_main (No module named 'main'; 2726)
[2024-02-27T18:21:52.000+0000] {local_task_job_runner.py:234} INFO - Task exited with return code 1
[2024-02-27T18:21:52.035+0000] {taskinstance.py:3280} INFO - 0 downstream tasks scheduled from follow-on schedule check
