[2024-02-23T16:33:09.893+0000] {processor.py:161} INFO - Started process (PID=42) to work on /opt/airflow/dags/run_main.py
[2024-02-23T16:33:09.895+0000] {processor.py:830} INFO - Processing file /opt/airflow/dags/run_main.py for tasks to queue
[2024-02-23T16:33:09.905+0000] {logging_mixin.py:188} INFO - [2024-02-23T16:33:09.903+0000] {dagbag.py:538} INFO - Filling up the DagBag from /opt/airflow/dags/run_main.py
[2024-02-23T16:33:09.977+0000] {processor.py:840} INFO - DAG(s) 'run_main' retrieved from /opt/airflow/dags/run_main.py
[2024-02-23T16:33:10.651+0000] {logging_mixin.py:188} INFO - [2024-02-23T16:33:10.651+0000] {dag.py:3036} INFO - Sync 1 DAGs
[2024-02-23T16:33:10.717+0000] {logging_mixin.py:188} INFO - [2024-02-23T16:33:10.716+0000] {dag.py:3823} INFO - Setting next_dagrun for run_main to 2024-02-18 00:00:00+00:00, run_after=2024-02-25 00:00:00+00:00
[2024-02-23T16:33:10.789+0000] {processor.py:183} INFO - Processing /opt/airflow/dags/run_main.py took 0.913 seconds
[2024-02-23T16:33:41.181+0000] {processor.py:161} INFO - Started process (PID=99) to work on /opt/airflow/dags/run_main.py
[2024-02-23T16:33:41.182+0000] {processor.py:830} INFO - Processing file /opt/airflow/dags/run_main.py for tasks to queue
[2024-02-23T16:33:41.185+0000] {logging_mixin.py:188} INFO - [2024-02-23T16:33:41.184+0000] {dagbag.py:538} INFO - Filling up the DagBag from /opt/airflow/dags/run_main.py
[2024-02-23T16:33:41.199+0000] {processor.py:840} INFO - DAG(s) 'run_main' retrieved from /opt/airflow/dags/run_main.py
[2024-02-23T16:33:41.241+0000] {logging_mixin.py:188} INFO - [2024-02-23T16:33:41.241+0000] {dag.py:3036} INFO - Sync 1 DAGs
[2024-02-23T16:33:41.295+0000] {logging_mixin.py:188} INFO - [2024-02-23T16:33:41.295+0000] {dag.py:3823} INFO - Setting next_dagrun for run_main to 2024-02-18 00:00:00+00:00, run_after=2024-02-25 00:00:00+00:00
[2024-02-23T16:33:41.327+0000] {processor.py:183} INFO - Processing /opt/airflow/dags/run_main.py took 0.151 seconds
[2024-02-23T16:34:11.448+0000] {processor.py:161} INFO - Started process (PID=156) to work on /opt/airflow/dags/run_main.py
[2024-02-23T16:34:11.449+0000] {processor.py:830} INFO - Processing file /opt/airflow/dags/run_main.py for tasks to queue
[2024-02-23T16:34:11.451+0000] {logging_mixin.py:188} INFO - [2024-02-23T16:34:11.451+0000] {dagbag.py:538} INFO - Filling up the DagBag from /opt/airflow/dags/run_main.py
[2024-02-23T16:34:11.464+0000] {processor.py:840} INFO - DAG(s) 'run_main' retrieved from /opt/airflow/dags/run_main.py
[2024-02-23T16:34:11.494+0000] {logging_mixin.py:188} INFO - [2024-02-23T16:34:11.493+0000] {dag.py:3036} INFO - Sync 1 DAGs
[2024-02-23T16:34:11.535+0000] {logging_mixin.py:188} INFO - [2024-02-23T16:34:11.534+0000] {dag.py:3823} INFO - Setting next_dagrun for run_main to 2024-02-18 00:00:00+00:00, run_after=2024-02-25 00:00:00+00:00
[2024-02-23T16:34:11.565+0000] {processor.py:183} INFO - Processing /opt/airflow/dags/run_main.py took 0.123 seconds
[2024-02-23T16:34:41.901+0000] {processor.py:161} INFO - Started process (PID=213) to work on /opt/airflow/dags/run_main.py
[2024-02-23T16:34:41.903+0000] {processor.py:830} INFO - Processing file /opt/airflow/dags/run_main.py for tasks to queue
[2024-02-23T16:34:41.906+0000] {logging_mixin.py:188} INFO - [2024-02-23T16:34:41.906+0000] {dagbag.py:538} INFO - Filling up the DagBag from /opt/airflow/dags/run_main.py
[2024-02-23T16:34:41.920+0000] {processor.py:840} INFO - DAG(s) 'run_main' retrieved from /opt/airflow/dags/run_main.py
[2024-02-23T16:34:41.949+0000] {logging_mixin.py:188} INFO - [2024-02-23T16:34:41.949+0000] {dag.py:3036} INFO - Sync 1 DAGs
[2024-02-23T16:34:41.987+0000] {logging_mixin.py:188} INFO - [2024-02-23T16:34:41.986+0000] {dag.py:3823} INFO - Setting next_dagrun for run_main to 2024-02-18 00:00:00+00:00, run_after=2024-02-25 00:00:00+00:00
[2024-02-23T16:34:42.025+0000] {processor.py:183} INFO - Processing /opt/airflow/dags/run_main.py took 0.129 seconds
[2024-02-23T16:35:12.491+0000] {processor.py:161} INFO - Started process (PID=270) to work on /opt/airflow/dags/run_main.py
[2024-02-23T16:35:12.492+0000] {processor.py:830} INFO - Processing file /opt/airflow/dags/run_main.py for tasks to queue
[2024-02-23T16:35:12.495+0000] {logging_mixin.py:188} INFO - [2024-02-23T16:35:12.494+0000] {dagbag.py:538} INFO - Filling up the DagBag from /opt/airflow/dags/run_main.py
[2024-02-23T16:35:12.511+0000] {processor.py:840} INFO - DAG(s) 'run_main' retrieved from /opt/airflow/dags/run_main.py
[2024-02-23T16:35:12.550+0000] {logging_mixin.py:188} INFO - [2024-02-23T16:35:12.549+0000] {dag.py:3036} INFO - Sync 1 DAGs
[2024-02-23T16:35:12.600+0000] {logging_mixin.py:188} INFO - [2024-02-23T16:35:12.600+0000] {dag.py:3823} INFO - Setting next_dagrun for run_main to 2024-02-18 00:00:00+00:00, run_after=2024-02-25 00:00:00+00:00
[2024-02-23T16:35:12.632+0000] {processor.py:183} INFO - Processing /opt/airflow/dags/run_main.py took 0.148 seconds
[2024-02-23T16:35:42.718+0000] {processor.py:161} INFO - Started process (PID=328) to work on /opt/airflow/dags/run_main.py
[2024-02-23T16:35:42.720+0000] {processor.py:830} INFO - Processing file /opt/airflow/dags/run_main.py for tasks to queue
[2024-02-23T16:35:42.724+0000] {logging_mixin.py:188} INFO - [2024-02-23T16:35:42.723+0000] {dagbag.py:538} INFO - Filling up the DagBag from /opt/airflow/dags/run_main.py
[2024-02-23T16:35:42.738+0000] {processor.py:840} INFO - DAG(s) 'run_main' retrieved from /opt/airflow/dags/run_main.py
[2024-02-23T16:35:42.773+0000] {logging_mixin.py:188} INFO - [2024-02-23T16:35:42.773+0000] {dag.py:3036} INFO - Sync 1 DAGs
[2024-02-23T16:35:42.822+0000] {logging_mixin.py:188} INFO - [2024-02-23T16:35:42.822+0000] {dag.py:3823} INFO - Setting next_dagrun for run_main to 2024-02-18 00:00:00+00:00, run_after=2024-02-25 00:00:00+00:00
[2024-02-23T16:35:42.855+0000] {processor.py:183} INFO - Processing /opt/airflow/dags/run_main.py took 0.143 seconds
[2024-02-23T16:36:13.174+0000] {processor.py:161} INFO - Started process (PID=385) to work on /opt/airflow/dags/run_main.py
[2024-02-23T16:36:13.175+0000] {processor.py:830} INFO - Processing file /opt/airflow/dags/run_main.py for tasks to queue
[2024-02-23T16:36:13.178+0000] {logging_mixin.py:188} INFO - [2024-02-23T16:36:13.178+0000] {dagbag.py:538} INFO - Filling up the DagBag from /opt/airflow/dags/run_main.py
[2024-02-23T16:36:13.195+0000] {processor.py:840} INFO - DAG(s) 'run_main' retrieved from /opt/airflow/dags/run_main.py
[2024-02-23T16:36:13.235+0000] {logging_mixin.py:188} INFO - [2024-02-23T16:36:13.235+0000] {dag.py:3036} INFO - Sync 1 DAGs
[2024-02-23T16:36:13.283+0000] {logging_mixin.py:188} INFO - [2024-02-23T16:36:13.282+0000] {dag.py:3823} INFO - Setting next_dagrun for run_main to 2024-02-18 00:00:00+00:00, run_after=2024-02-25 00:00:00+00:00
[2024-02-23T16:36:13.316+0000] {processor.py:183} INFO - Processing /opt/airflow/dags/run_main.py took 0.149 seconds
[2024-02-23T16:36:44.119+0000] {processor.py:161} INFO - Started process (PID=442) to work on /opt/airflow/dags/run_main.py
[2024-02-23T16:36:44.121+0000] {processor.py:830} INFO - Processing file /opt/airflow/dags/run_main.py for tasks to queue
[2024-02-23T16:36:44.123+0000] {logging_mixin.py:188} INFO - [2024-02-23T16:36:44.123+0000] {dagbag.py:538} INFO - Filling up the DagBag from /opt/airflow/dags/run_main.py
[2024-02-23T16:36:44.138+0000] {processor.py:840} INFO - DAG(s) 'run_main' retrieved from /opt/airflow/dags/run_main.py
[2024-02-23T16:36:44.166+0000] {logging_mixin.py:188} INFO - [2024-02-23T16:36:44.166+0000] {dag.py:3036} INFO - Sync 1 DAGs
[2024-02-23T16:36:44.209+0000] {logging_mixin.py:188} INFO - [2024-02-23T16:36:44.209+0000] {dag.py:3823} INFO - Setting next_dagrun for run_main to 2024-02-18 00:00:00+00:00, run_after=2024-02-25 00:00:00+00:00
[2024-02-23T16:36:44.242+0000] {processor.py:183} INFO - Processing /opt/airflow/dags/run_main.py took 0.128 seconds
[2024-02-23T16:37:14.317+0000] {processor.py:161} INFO - Started process (PID=499) to work on /opt/airflow/dags/run_main.py
[2024-02-23T16:37:14.319+0000] {processor.py:830} INFO - Processing file /opt/airflow/dags/run_main.py for tasks to queue
[2024-02-23T16:37:14.322+0000] {logging_mixin.py:188} INFO - [2024-02-23T16:37:14.321+0000] {dagbag.py:538} INFO - Filling up the DagBag from /opt/airflow/dags/run_main.py
[2024-02-23T16:37:14.337+0000] {processor.py:840} INFO - DAG(s) 'run_main' retrieved from /opt/airflow/dags/run_main.py
[2024-02-23T16:37:14.370+0000] {logging_mixin.py:188} INFO - [2024-02-23T16:37:14.369+0000] {dag.py:3036} INFO - Sync 1 DAGs
[2024-02-23T16:37:14.411+0000] {logging_mixin.py:188} INFO - [2024-02-23T16:37:14.411+0000] {dag.py:3823} INFO - Setting next_dagrun for run_main to 2024-02-18 00:00:00+00:00, run_after=2024-02-25 00:00:00+00:00
[2024-02-23T16:37:14.447+0000] {processor.py:183} INFO - Processing /opt/airflow/dags/run_main.py took 0.136 seconds
[2024-02-23T16:37:45.138+0000] {processor.py:161} INFO - Started process (PID=556) to work on /opt/airflow/dags/run_main.py
[2024-02-23T16:37:45.141+0000] {processor.py:830} INFO - Processing file /opt/airflow/dags/run_main.py for tasks to queue
[2024-02-23T16:37:45.144+0000] {logging_mixin.py:188} INFO - [2024-02-23T16:37:45.143+0000] {dagbag.py:538} INFO - Filling up the DagBag from /opt/airflow/dags/run_main.py
[2024-02-23T16:37:45.161+0000] {processor.py:840} INFO - DAG(s) 'run_main' retrieved from /opt/airflow/dags/run_main.py
[2024-02-23T16:37:45.199+0000] {logging_mixin.py:188} INFO - [2024-02-23T16:37:45.199+0000] {dag.py:3036} INFO - Sync 1 DAGs
[2024-02-23T16:37:45.253+0000] {logging_mixin.py:188} INFO - [2024-02-23T16:37:45.252+0000] {dag.py:3823} INFO - Setting next_dagrun for run_main to 2024-02-18 00:00:00+00:00, run_after=2024-02-25 00:00:00+00:00
[2024-02-23T16:37:45.287+0000] {processor.py:183} INFO - Processing /opt/airflow/dags/run_main.py took 0.155 seconds
[2024-02-23T16:38:16.157+0000] {processor.py:161} INFO - Started process (PID=613) to work on /opt/airflow/dags/run_main.py
[2024-02-23T16:38:16.158+0000] {processor.py:830} INFO - Processing file /opt/airflow/dags/run_main.py for tasks to queue
[2024-02-23T16:38:16.162+0000] {logging_mixin.py:188} INFO - [2024-02-23T16:38:16.162+0000] {dagbag.py:538} INFO - Filling up the DagBag from /opt/airflow/dags/run_main.py
[2024-02-23T16:38:16.177+0000] {processor.py:840} INFO - DAG(s) 'run_main' retrieved from /opt/airflow/dags/run_main.py
[2024-02-23T16:38:16.223+0000] {logging_mixin.py:188} INFO - [2024-02-23T16:38:16.223+0000] {dag.py:3036} INFO - Sync 1 DAGs
[2024-02-23T16:38:16.271+0000] {logging_mixin.py:188} INFO - [2024-02-23T16:38:16.270+0000] {dag.py:3823} INFO - Setting next_dagrun for run_main to 2024-02-18 00:00:00+00:00, run_after=2024-02-25 00:00:00+00:00
[2024-02-23T16:38:16.300+0000] {processor.py:183} INFO - Processing /opt/airflow/dags/run_main.py took 0.148 seconds
[2024-02-23T16:38:47.063+0000] {processor.py:161} INFO - Started process (PID=669) to work on /opt/airflow/dags/run_main.py
[2024-02-23T16:38:47.069+0000] {processor.py:830} INFO - Processing file /opt/airflow/dags/run_main.py for tasks to queue
[2024-02-23T16:38:47.072+0000] {logging_mixin.py:188} INFO - [2024-02-23T16:38:47.071+0000] {dagbag.py:538} INFO - Filling up the DagBag from /opt/airflow/dags/run_main.py
[2024-02-23T16:38:47.092+0000] {processor.py:840} INFO - DAG(s) 'run_main' retrieved from /opt/airflow/dags/run_main.py
[2024-02-23T16:38:47.131+0000] {logging_mixin.py:188} INFO - [2024-02-23T16:38:47.130+0000] {dag.py:3036} INFO - Sync 1 DAGs
[2024-02-23T16:38:47.179+0000] {logging_mixin.py:188} INFO - [2024-02-23T16:38:47.179+0000] {dag.py:3823} INFO - Setting next_dagrun for run_main to 2024-02-18 00:00:00+00:00, run_after=2024-02-25 00:00:00+00:00
[2024-02-23T16:38:47.212+0000] {processor.py:183} INFO - Processing /opt/airflow/dags/run_main.py took 0.156 seconds
[2024-02-23T16:39:17.671+0000] {processor.py:161} INFO - Started process (PID=726) to work on /opt/airflow/dags/run_main.py
[2024-02-23T16:39:17.673+0000] {processor.py:830} INFO - Processing file /opt/airflow/dags/run_main.py for tasks to queue
[2024-02-23T16:39:17.676+0000] {logging_mixin.py:188} INFO - [2024-02-23T16:39:17.675+0000] {dagbag.py:538} INFO - Filling up the DagBag from /opt/airflow/dags/run_main.py
[2024-02-23T16:39:17.690+0000] {processor.py:840} INFO - DAG(s) 'run_main' retrieved from /opt/airflow/dags/run_main.py
[2024-02-23T16:39:17.723+0000] {logging_mixin.py:188} INFO - [2024-02-23T16:39:17.723+0000] {dag.py:3036} INFO - Sync 1 DAGs
[2024-02-23T16:39:17.768+0000] {logging_mixin.py:188} INFO - [2024-02-23T16:39:17.768+0000] {dag.py:3823} INFO - Setting next_dagrun for run_main to 2024-02-18 00:00:00+00:00, run_after=2024-02-25 00:00:00+00:00
[2024-02-23T16:39:17.804+0000] {processor.py:183} INFO - Processing /opt/airflow/dags/run_main.py took 0.140 seconds
[2024-02-23T16:39:47.977+0000] {processor.py:161} INFO - Started process (PID=783) to work on /opt/airflow/dags/run_main.py
[2024-02-23T16:39:47.979+0000] {processor.py:830} INFO - Processing file /opt/airflow/dags/run_main.py for tasks to queue
[2024-02-23T16:39:47.982+0000] {logging_mixin.py:188} INFO - [2024-02-23T16:39:47.982+0000] {dagbag.py:538} INFO - Filling up the DagBag from /opt/airflow/dags/run_main.py
[2024-02-23T16:39:47.997+0000] {processor.py:840} INFO - DAG(s) 'run_main' retrieved from /opt/airflow/dags/run_main.py
[2024-02-23T16:39:48.035+0000] {logging_mixin.py:188} INFO - [2024-02-23T16:39:48.034+0000] {dag.py:3036} INFO - Sync 1 DAGs
[2024-02-23T16:39:48.080+0000] {logging_mixin.py:188} INFO - [2024-02-23T16:39:48.080+0000] {dag.py:3823} INFO - Setting next_dagrun for run_main to 2024-02-18 00:00:00+00:00, run_after=2024-02-25 00:00:00+00:00
[2024-02-23T16:39:48.120+0000] {processor.py:183} INFO - Processing /opt/airflow/dags/run_main.py took 0.150 seconds
[2024-02-23T16:40:18.886+0000] {processor.py:161} INFO - Started process (PID=840) to work on /opt/airflow/dags/run_main.py
[2024-02-23T16:40:18.890+0000] {processor.py:830} INFO - Processing file /opt/airflow/dags/run_main.py for tasks to queue
[2024-02-23T16:40:18.892+0000] {logging_mixin.py:188} INFO - [2024-02-23T16:40:18.892+0000] {dagbag.py:538} INFO - Filling up the DagBag from /opt/airflow/dags/run_main.py
[2024-02-23T16:40:18.911+0000] {processor.py:840} INFO - DAG(s) 'run_main' retrieved from /opt/airflow/dags/run_main.py
[2024-02-23T16:40:18.955+0000] {logging_mixin.py:188} INFO - [2024-02-23T16:40:18.955+0000] {dag.py:3036} INFO - Sync 1 DAGs
[2024-02-23T16:40:19.018+0000] {logging_mixin.py:188} INFO - [2024-02-23T16:40:19.018+0000] {dag.py:3823} INFO - Setting next_dagrun for run_main to 2024-02-18 00:00:00+00:00, run_after=2024-02-25 00:00:00+00:00
[2024-02-23T16:40:19.079+0000] {processor.py:183} INFO - Processing /opt/airflow/dags/run_main.py took 0.202 seconds
[2024-02-23T16:40:49.671+0000] {processor.py:161} INFO - Started process (PID=898) to work on /opt/airflow/dags/run_main.py
[2024-02-23T16:40:49.732+0000] {processor.py:830} INFO - Processing file /opt/airflow/dags/run_main.py for tasks to queue
[2024-02-23T16:40:49.735+0000] {logging_mixin.py:188} INFO - [2024-02-23T16:40:49.735+0000] {dagbag.py:538} INFO - Filling up the DagBag from /opt/airflow/dags/run_main.py
[2024-02-23T16:40:49.747+0000] {processor.py:840} INFO - DAG(s) 'run_main' retrieved from /opt/airflow/dags/run_main.py
[2024-02-23T16:40:49.778+0000] {logging_mixin.py:188} INFO - [2024-02-23T16:40:49.777+0000] {dag.py:3036} INFO - Sync 1 DAGs
[2024-02-23T16:40:49.829+0000] {logging_mixin.py:188} INFO - [2024-02-23T16:40:49.829+0000] {dag.py:3823} INFO - Setting next_dagrun for run_main to 2024-02-18 00:00:00+00:00, run_after=2024-02-25 00:00:00+00:00
[2024-02-23T16:40:50.025+0000] {processor.py:183} INFO - Processing /opt/airflow/dags/run_main.py took 0.358 seconds
[2024-02-23T16:41:20.066+0000] {processor.py:161} INFO - Started process (PID=955) to work on /opt/airflow/dags/run_main.py
[2024-02-23T16:41:20.068+0000] {processor.py:830} INFO - Processing file /opt/airflow/dags/run_main.py for tasks to queue
[2024-02-23T16:41:20.071+0000] {logging_mixin.py:188} INFO - [2024-02-23T16:41:20.071+0000] {dagbag.py:538} INFO - Filling up the DagBag from /opt/airflow/dags/run_main.py
[2024-02-23T16:41:20.089+0000] {processor.py:840} INFO - DAG(s) 'run_main' retrieved from /opt/airflow/dags/run_main.py
[2024-02-23T16:41:20.119+0000] {logging_mixin.py:188} INFO - [2024-02-23T16:41:20.119+0000] {dag.py:3036} INFO - Sync 1 DAGs
[2024-02-23T16:41:20.160+0000] {logging_mixin.py:188} INFO - [2024-02-23T16:41:20.160+0000] {dag.py:3823} INFO - Setting next_dagrun for run_main to 2024-02-18 00:00:00+00:00, run_after=2024-02-25 00:00:00+00:00
[2024-02-23T16:41:20.194+0000] {processor.py:183} INFO - Processing /opt/airflow/dags/run_main.py took 0.133 seconds
[2024-02-23T16:43:00.798+0000] {processor.py:161} INFO - Started process (PID=42) to work on /opt/airflow/dags/run_main.py
[2024-02-23T16:43:00.803+0000] {processor.py:830} INFO - Processing file /opt/airflow/dags/run_main.py for tasks to queue
[2024-02-23T16:43:00.807+0000] {logging_mixin.py:188} INFO - [2024-02-23T16:43:00.806+0000] {dagbag.py:538} INFO - Filling up the DagBag from /opt/airflow/dags/run_main.py
[2024-02-23T16:43:00.906+0000] {processor.py:840} INFO - DAG(s) 'run_main' retrieved from /opt/airflow/dags/run_main.py
[2024-02-23T16:43:01.661+0000] {logging_mixin.py:188} INFO - [2024-02-23T16:43:01.660+0000] {dag.py:3036} INFO - Sync 1 DAGs
[2024-02-23T16:43:01.745+0000] {logging_mixin.py:188} INFO - [2024-02-23T16:43:01.745+0000] {dag.py:3823} INFO - Setting next_dagrun for run_main to 2024-02-18 00:00:00+00:00, run_after=2024-02-25 00:00:00+00:00
[2024-02-23T16:43:01.843+0000] {processor.py:183} INFO - Processing /opt/airflow/dags/run_main.py took 1.052 seconds
[2024-02-23T16:43:32.113+0000] {processor.py:161} INFO - Started process (PID=99) to work on /opt/airflow/dags/run_main.py
[2024-02-23T16:43:32.114+0000] {processor.py:830} INFO - Processing file /opt/airflow/dags/run_main.py for tasks to queue
[2024-02-23T16:43:32.117+0000] {logging_mixin.py:188} INFO - [2024-02-23T16:43:32.117+0000] {dagbag.py:538} INFO - Filling up the DagBag from /opt/airflow/dags/run_main.py
[2024-02-23T16:43:32.132+0000] {processor.py:840} INFO - DAG(s) 'run_main' retrieved from /opt/airflow/dags/run_main.py
[2024-02-23T16:43:32.161+0000] {logging_mixin.py:188} INFO - [2024-02-23T16:43:32.161+0000] {dag.py:3036} INFO - Sync 1 DAGs
[2024-02-23T16:43:32.203+0000] {logging_mixin.py:188} INFO - [2024-02-23T16:43:32.203+0000] {dag.py:3823} INFO - Setting next_dagrun for run_main to 2024-02-18 00:00:00+00:00, run_after=2024-02-25 00:00:00+00:00
[2024-02-23T16:43:32.235+0000] {processor.py:183} INFO - Processing /opt/airflow/dags/run_main.py took 0.128 seconds
[2024-02-23T16:44:02.396+0000] {processor.py:161} INFO - Started process (PID=156) to work on /opt/airflow/dags/run_main.py
[2024-02-23T16:44:02.398+0000] {processor.py:830} INFO - Processing file /opt/airflow/dags/run_main.py for tasks to queue
[2024-02-23T16:44:02.401+0000] {logging_mixin.py:188} INFO - [2024-02-23T16:44:02.401+0000] {dagbag.py:538} INFO - Filling up the DagBag from /opt/airflow/dags/run_main.py
[2024-02-23T16:44:02.417+0000] {processor.py:840} INFO - DAG(s) 'run_main' retrieved from /opt/airflow/dags/run_main.py
[2024-02-23T16:44:02.448+0000] {logging_mixin.py:188} INFO - [2024-02-23T16:44:02.448+0000] {dag.py:3036} INFO - Sync 1 DAGs
[2024-02-23T16:44:02.493+0000] {logging_mixin.py:188} INFO - [2024-02-23T16:44:02.493+0000] {dag.py:3823} INFO - Setting next_dagrun for run_main to 2024-02-18 00:00:00+00:00, run_after=2024-02-25 00:00:00+00:00
[2024-02-23T16:44:02.524+0000] {processor.py:183} INFO - Processing /opt/airflow/dags/run_main.py took 0.133 seconds
[2024-02-23T16:44:32.786+0000] {processor.py:161} INFO - Started process (PID=213) to work on /opt/airflow/dags/run_main.py
[2024-02-23T16:44:32.788+0000] {processor.py:830} INFO - Processing file /opt/airflow/dags/run_main.py for tasks to queue
[2024-02-23T16:44:32.791+0000] {logging_mixin.py:188} INFO - [2024-02-23T16:44:32.791+0000] {dagbag.py:538} INFO - Filling up the DagBag from /opt/airflow/dags/run_main.py
[2024-02-23T16:44:32.810+0000] {processor.py:840} INFO - DAG(s) 'run_main' retrieved from /opt/airflow/dags/run_main.py
[2024-02-23T16:44:32.850+0000] {logging_mixin.py:188} INFO - [2024-02-23T16:44:32.849+0000] {dag.py:3036} INFO - Sync 1 DAGs
[2024-02-23T16:44:32.903+0000] {logging_mixin.py:188} INFO - [2024-02-23T16:44:32.903+0000] {dag.py:3823} INFO - Setting next_dagrun for run_main to 2024-02-18 00:00:00+00:00, run_after=2024-02-25 00:00:00+00:00
[2024-02-23T16:44:32.946+0000] {processor.py:183} INFO - Processing /opt/airflow/dags/run_main.py took 0.168 seconds
[2024-02-23T16:45:03.562+0000] {processor.py:161} INFO - Started process (PID=270) to work on /opt/airflow/dags/run_main.py
[2024-02-23T16:45:03.563+0000] {processor.py:830} INFO - Processing file /opt/airflow/dags/run_main.py for tasks to queue
[2024-02-23T16:45:03.566+0000] {logging_mixin.py:188} INFO - [2024-02-23T16:45:03.566+0000] {dagbag.py:538} INFO - Filling up the DagBag from /opt/airflow/dags/run_main.py
[2024-02-23T16:45:03.579+0000] {processor.py:840} INFO - DAG(s) 'run_main' retrieved from /opt/airflow/dags/run_main.py
[2024-02-23T16:45:03.608+0000] {logging_mixin.py:188} INFO - [2024-02-23T16:45:03.608+0000] {dag.py:3036} INFO - Sync 1 DAGs
[2024-02-23T16:45:03.654+0000] {logging_mixin.py:188} INFO - [2024-02-23T16:45:03.654+0000] {dag.py:3823} INFO - Setting next_dagrun for run_main to 2024-02-18 00:00:00+00:00, run_after=2024-02-25 00:00:00+00:00
[2024-02-23T16:45:03.687+0000] {processor.py:183} INFO - Processing /opt/airflow/dags/run_main.py took 0.132 seconds
[2024-02-23T16:45:33.828+0000] {processor.py:161} INFO - Started process (PID=326) to work on /opt/airflow/dags/run_main.py
[2024-02-23T16:45:33.830+0000] {processor.py:830} INFO - Processing file /opt/airflow/dags/run_main.py for tasks to queue
[2024-02-23T16:45:33.834+0000] {logging_mixin.py:188} INFO - [2024-02-23T16:45:33.833+0000] {dagbag.py:538} INFO - Filling up the DagBag from /opt/airflow/dags/run_main.py
[2024-02-23T16:45:33.847+0000] {processor.py:840} INFO - DAG(s) 'run_main' retrieved from /opt/airflow/dags/run_main.py
[2024-02-23T16:45:33.880+0000] {logging_mixin.py:188} INFO - [2024-02-23T16:45:33.880+0000] {dag.py:3036} INFO - Sync 1 DAGs
[2024-02-23T16:45:33.928+0000] {logging_mixin.py:188} INFO - [2024-02-23T16:45:33.927+0000] {dag.py:3823} INFO - Setting next_dagrun for run_main to 2024-02-18 00:00:00+00:00, run_after=2024-02-25 00:00:00+00:00
[2024-02-23T16:45:33.971+0000] {processor.py:183} INFO - Processing /opt/airflow/dags/run_main.py took 0.148 seconds
[2024-02-23T16:46:04.074+0000] {processor.py:161} INFO - Started process (PID=383) to work on /opt/airflow/dags/run_main.py
[2024-02-23T16:46:04.076+0000] {processor.py:830} INFO - Processing file /opt/airflow/dags/run_main.py for tasks to queue
[2024-02-23T16:46:04.079+0000] {logging_mixin.py:188} INFO - [2024-02-23T16:46:04.079+0000] {dagbag.py:538} INFO - Filling up the DagBag from /opt/airflow/dags/run_main.py
[2024-02-23T16:46:04.093+0000] {processor.py:840} INFO - DAG(s) 'run_main' retrieved from /opt/airflow/dags/run_main.py
[2024-02-23T16:46:04.125+0000] {logging_mixin.py:188} INFO - [2024-02-23T16:46:04.124+0000] {dag.py:3036} INFO - Sync 1 DAGs
[2024-02-23T16:46:04.168+0000] {logging_mixin.py:188} INFO - [2024-02-23T16:46:04.168+0000] {dag.py:3823} INFO - Setting next_dagrun for run_main to 2024-02-18 00:00:00+00:00, run_after=2024-02-25 00:00:00+00:00
[2024-02-23T16:46:04.199+0000] {processor.py:183} INFO - Processing /opt/airflow/dags/run_main.py took 0.130 seconds
[2024-02-23T16:46:34.947+0000] {processor.py:161} INFO - Started process (PID=440) to work on /opt/airflow/dags/run_main.py
[2024-02-23T16:46:34.948+0000] {processor.py:830} INFO - Processing file /opt/airflow/dags/run_main.py for tasks to queue
[2024-02-23T16:46:34.951+0000] {logging_mixin.py:188} INFO - [2024-02-23T16:46:34.950+0000] {dagbag.py:538} INFO - Filling up the DagBag from /opt/airflow/dags/run_main.py
[2024-02-23T16:46:34.980+0000] {processor.py:840} INFO - DAG(s) 'run_main' retrieved from /opt/airflow/dags/run_main.py
[2024-02-23T16:46:35.033+0000] {logging_mixin.py:188} INFO - [2024-02-23T16:46:35.032+0000] {dag.py:3036} INFO - Sync 1 DAGs
[2024-02-23T16:46:35.082+0000] {logging_mixin.py:188} INFO - [2024-02-23T16:46:35.082+0000] {dag.py:3823} INFO - Setting next_dagrun for run_main to 2024-02-18 00:00:00+00:00, run_after=2024-02-25 00:00:00+00:00
[2024-02-23T16:46:35.112+0000] {processor.py:183} INFO - Processing /opt/airflow/dags/run_main.py took 0.173 seconds
[2024-02-23T16:47:05.483+0000] {processor.py:161} INFO - Started process (PID=497) to work on /opt/airflow/dags/run_main.py
[2024-02-23T16:47:05.485+0000] {processor.py:830} INFO - Processing file /opt/airflow/dags/run_main.py for tasks to queue
[2024-02-23T16:47:05.487+0000] {logging_mixin.py:188} INFO - [2024-02-23T16:47:05.487+0000] {dagbag.py:538} INFO - Filling up the DagBag from /opt/airflow/dags/run_main.py
[2024-02-23T16:47:05.501+0000] {processor.py:840} INFO - DAG(s) 'run_main' retrieved from /opt/airflow/dags/run_main.py
[2024-02-23T16:47:05.530+0000] {logging_mixin.py:188} INFO - [2024-02-23T16:47:05.530+0000] {dag.py:3036} INFO - Sync 1 DAGs
[2024-02-23T16:47:05.571+0000] {logging_mixin.py:188} INFO - [2024-02-23T16:47:05.571+0000] {dag.py:3823} INFO - Setting next_dagrun for run_main to 2024-02-18 00:00:00+00:00, run_after=2024-02-25 00:00:00+00:00
[2024-02-23T16:47:05.608+0000] {processor.py:183} INFO - Processing /opt/airflow/dags/run_main.py took 0.132 seconds
[2024-02-23T16:48:33.451+0000] {processor.py:161} INFO - Started process (PID=42) to work on /opt/airflow/dags/run_main.py
[2024-02-23T16:48:33.453+0000] {processor.py:830} INFO - Processing file /opt/airflow/dags/run_main.py for tasks to queue
[2024-02-23T16:48:33.456+0000] {logging_mixin.py:188} INFO - [2024-02-23T16:48:33.456+0000] {dagbag.py:538} INFO - Filling up the DagBag from /opt/airflow/dags/run_main.py
[2024-02-23T16:48:33.498+0000] {processor.py:840} INFO - DAG(s) 'run_main' retrieved from /opt/airflow/dags/run_main.py
[2024-02-23T16:48:34.062+0000] {logging_mixin.py:188} INFO - [2024-02-23T16:48:34.062+0000] {dag.py:3036} INFO - Sync 1 DAGs
[2024-02-23T16:48:34.124+0000] {logging_mixin.py:188} INFO - [2024-02-23T16:48:34.124+0000] {dag.py:3823} INFO - Setting next_dagrun for run_main to 2024-02-18 00:00:00+00:00, run_after=2024-02-25 00:00:00+00:00
[2024-02-23T16:48:34.183+0000] {processor.py:183} INFO - Processing /opt/airflow/dags/run_main.py took 0.745 seconds
[2024-02-23T16:51:53.828+0000] {processor.py:161} INFO - Started process (PID=34) to work on /opt/airflow/dags/run_main.py
[2024-02-23T16:51:53.830+0000] {processor.py:830} INFO - Processing file /opt/airflow/dags/run_main.py for tasks to queue
[2024-02-23T16:51:53.834+0000] {logging_mixin.py:188} INFO - [2024-02-23T16:51:53.833+0000] {dagbag.py:538} INFO - Filling up the DagBag from /opt/airflow/dags/run_main.py
[2024-02-23T16:51:53.863+0000] {processor.py:840} INFO - DAG(s) 'run_main' retrieved from /opt/airflow/dags/run_main.py
[2024-02-23T16:51:54.181+0000] {logging_mixin.py:188} INFO - [2024-02-23T16:51:54.180+0000] {dag.py:3036} INFO - Sync 1 DAGs
[2024-02-23T16:51:54.226+0000] {logging_mixin.py:188} INFO - [2024-02-23T16:51:54.225+0000] {dag.py:3823} INFO - Setting next_dagrun for run_main to 2024-02-18 00:00:00+00:00, run_after=2024-02-25 00:00:00+00:00
[2024-02-23T16:51:54.272+0000] {processor.py:183} INFO - Processing /opt/airflow/dags/run_main.py took 0.451 seconds
[2024-02-23T16:52:24.361+0000] {processor.py:161} INFO - Started process (PID=92) to work on /opt/airflow/dags/run_main.py
[2024-02-23T16:52:24.363+0000] {processor.py:830} INFO - Processing file /opt/airflow/dags/run_main.py for tasks to queue
[2024-02-23T16:52:24.366+0000] {logging_mixin.py:188} INFO - [2024-02-23T16:52:24.366+0000] {dagbag.py:538} INFO - Filling up the DagBag from /opt/airflow/dags/run_main.py
[2024-02-23T16:52:24.380+0000] {processor.py:840} INFO - DAG(s) 'run_main' retrieved from /opt/airflow/dags/run_main.py
[2024-02-23T16:52:24.419+0000] {logging_mixin.py:188} INFO - [2024-02-23T16:52:24.418+0000] {dag.py:3036} INFO - Sync 1 DAGs
[2024-02-23T16:52:24.467+0000] {logging_mixin.py:188} INFO - [2024-02-23T16:52:24.467+0000] {dag.py:3823} INFO - Setting next_dagrun for run_main to 2024-02-18 00:00:00+00:00, run_after=2024-02-25 00:00:00+00:00
[2024-02-23T16:52:24.504+0000] {processor.py:183} INFO - Processing /opt/airflow/dags/run_main.py took 0.148 seconds
[2024-02-23T16:52:55.223+0000] {processor.py:161} INFO - Started process (PID=150) to work on /opt/airflow/dags/run_main.py
[2024-02-23T16:52:55.225+0000] {processor.py:830} INFO - Processing file /opt/airflow/dags/run_main.py for tasks to queue
[2024-02-23T16:52:55.228+0000] {logging_mixin.py:188} INFO - [2024-02-23T16:52:55.228+0000] {dagbag.py:538} INFO - Filling up the DagBag from /opt/airflow/dags/run_main.py
[2024-02-23T16:52:55.243+0000] {processor.py:840} INFO - DAG(s) 'run_main' retrieved from /opt/airflow/dags/run_main.py
[2024-02-23T16:52:55.274+0000] {logging_mixin.py:188} INFO - [2024-02-23T16:52:55.274+0000] {dag.py:3036} INFO - Sync 1 DAGs
[2024-02-23T16:52:55.312+0000] {logging_mixin.py:188} INFO - [2024-02-23T16:52:55.312+0000] {dag.py:3823} INFO - Setting next_dagrun for run_main to 2024-02-18 00:00:00+00:00, run_after=2024-02-25 00:00:00+00:00
[2024-02-23T16:52:55.341+0000] {processor.py:183} INFO - Processing /opt/airflow/dags/run_main.py took 0.123 seconds
[2024-02-23T16:53:26.079+0000] {processor.py:161} INFO - Started process (PID=207) to work on /opt/airflow/dags/run_main.py
[2024-02-23T16:53:26.081+0000] {processor.py:830} INFO - Processing file /opt/airflow/dags/run_main.py for tasks to queue
[2024-02-23T16:53:26.085+0000] {logging_mixin.py:188} INFO - [2024-02-23T16:53:26.084+0000] {dagbag.py:538} INFO - Filling up the DagBag from /opt/airflow/dags/run_main.py
[2024-02-23T16:53:26.109+0000] {processor.py:840} INFO - DAG(s) 'run_main' retrieved from /opt/airflow/dags/run_main.py
[2024-02-23T16:53:26.172+0000] {logging_mixin.py:188} INFO - [2024-02-23T16:53:26.171+0000] {dag.py:3036} INFO - Sync 1 DAGs
[2024-02-23T16:53:26.218+0000] {logging_mixin.py:188} INFO - [2024-02-23T16:53:26.217+0000] {dag.py:3823} INFO - Setting next_dagrun for run_main to 2024-02-18 00:00:00+00:00, run_after=2024-02-25 00:00:00+00:00
[2024-02-23T16:53:26.251+0000] {processor.py:183} INFO - Processing /opt/airflow/dags/run_main.py took 0.185 seconds
