[2024-03-05T15:00:14.747+0000] {taskinstance.py:1956} INFO - Dependencies all met for dep_context=non-requeueable deps ti=<TaskInstance: update_chicago_crime_data.update_crime_data_task manual__2024-03-05T14:55:08.285934+00:00 [queued]>
[2024-03-05T15:00:14.767+0000] {taskinstance.py:1956} INFO - Dependencies all met for dep_context=requeueable deps ti=<TaskInstance: update_chicago_crime_data.update_crime_data_task manual__2024-03-05T14:55:08.285934+00:00 [queued]>
[2024-03-05T15:00:14.767+0000] {taskinstance.py:2170} INFO - Starting attempt 2 of 2
[2024-03-05T15:00:14.800+0000] {taskinstance.py:2191} INFO - Executing <Task(PythonOperator): update_crime_data_task> on 2024-03-05 14:55:08.285934+00:00
[2024-03-05T15:00:14.808+0000] {standard_task_runner.py:60} INFO - Started process 18870 to run task
[2024-03-05T15:00:14.814+0000] {standard_task_runner.py:87} INFO - Running: ['***', 'tasks', 'run', 'update_chicago_crime_data', 'update_crime_data_task', 'manual__2024-03-05T14:55:08.285934+00:00', '--job-id', '72', '--raw', '--subdir', 'DAGS_FOLDER/update_data.py', '--cfg-path', '/tmp/tmp645tw6h6']
[2024-03-05T15:00:14.817+0000] {standard_task_runner.py:88} INFO - Job 72: Subtask update_crime_data_task
[2024-03-05T15:00:14.889+0000] {task_command.py:423} INFO - Running <TaskInstance: update_chicago_crime_data.update_crime_data_task manual__2024-03-05T14:55:08.285934+00:00 [running]> on host 40b8387e4777
[2024-03-05T15:00:15.016+0000] {taskinstance.py:2480} INFO - Exporting env vars: AIRFLOW_CTX_DAG_OWNER='Patricia' AIRFLOW_CTX_DAG_ID='update_chicago_crime_data' AIRFLOW_CTX_TASK_ID='update_crime_data_task' AIRFLOW_CTX_EXECUTION_DATE='2024-03-05T14:55:08.285934+00:00' AIRFLOW_CTX_TRY_NUMBER='2' AIRFLOW_CTX_DAG_RUN_ID='manual__2024-03-05T14:55:08.285934+00:00'
[2024-03-05T15:00:15.019+0000] {logging_mixin.py:188} INFO - chemin position /opt/***
[2024-03-05T15:00:15.020+0000] {taskinstance.py:2698} ERROR - Task failed with exception
Traceback (most recent call last):
  File "/home/airflow/.local/lib/python3.9/site-packages/airflow/models/taskinstance.py", line 433, in _execute_task
    result = execute_callable(context=context, **execute_callable_kwargs)
  File "/home/airflow/.local/lib/python3.9/site-packages/airflow/operators/python.py", line 199, in execute
    return_value = self.execute_callable()
  File "/home/airflow/.local/lib/python3.9/site-packages/airflow/operators/python.py", line 216, in execute_callable
    return self.python_callable(*self.op_args, **self.op_kwargs)
  File "/opt/airflow/dags/update_data.py", line 40, in task_update_crime_data
    ccp = ChicagoCrimePredictor(months_pred=3, data_dir='/opt/airflow/data')
NameError: name 'ChicagoCrimePredictor' is not defined
[2024-03-05T15:00:15.032+0000] {taskinstance.py:1138} INFO - Marking task as FAILED. dag_id=update_chicago_crime_data, task_id=update_crime_data_task, execution_date=20240305T145508, start_date=20240305T150014, end_date=20240305T150015
[2024-03-05T15:00:15.054+0000] {standard_task_runner.py:107} ERROR - Failed to execute job 72 for task update_crime_data_task (name 'ChicagoCrimePredictor' is not defined; 18870)
[2024-03-05T15:00:15.071+0000] {local_task_job_runner.py:234} INFO - Task exited with return code 1
[2024-03-05T15:00:15.099+0000] {taskinstance.py:3280} INFO - 0 downstream tasks scheduled from follow-on schedule check
