[2024-02-27T17:41:41.677+0000] {taskinstance.py:1956} INFO - Dependencies all met for dep_context=non-requeueable deps ti=<TaskInstance: run_main.run_main_script manual__2024-02-27T17:41:40.069750+00:00 [queued]>
[2024-02-27T17:41:41.701+0000] {taskinstance.py:1956} INFO - Dependencies all met for dep_context=requeueable deps ti=<TaskInstance: run_main.run_main_script manual__2024-02-27T17:41:40.069750+00:00 [queued]>
[2024-02-27T17:41:41.702+0000] {taskinstance.py:2170} INFO - Starting attempt 1 of 2
[2024-02-27T17:41:41.741+0000] {taskinstance.py:2191} INFO - Executing <Task(PythonOperator): run_main_script> on 2024-02-27 17:41:40.069750+00:00
[2024-02-27T17:41:41.748+0000] {standard_task_runner.py:60} INFO - Started process 517 to run task
[2024-02-27T17:41:41.755+0000] {standard_task_runner.py:87} INFO - Running: ['***', 'tasks', 'run', 'run_main', 'run_main_script', 'manual__2024-02-27T17:41:40.069750+00:00', '--job-id', '18', '--raw', '--subdir', 'DAGS_FOLDER/run_main.py', '--cfg-path', '/tmp/tmpyy1sv9eq']
[2024-02-27T17:41:41.759+0000] {standard_task_runner.py:88} INFO - Job 18: Subtask run_main_script
[2024-02-27T17:41:41.795+0000] {logging_mixin.py:188} WARNING - /home/***/.local/lib/python3.9/site-packages/***/settings.py:194 DeprecationWarning: The sql_alchemy_conn option in [core] has been moved to the sql_alchemy_conn option in [database] - the old setting has been used, but please update your config.
[2024-02-27T17:41:41.896+0000] {task_command.py:423} INFO - Running <TaskInstance: run_main.run_main_script manual__2024-02-27T17:41:40.069750+00:00 [running]> on host dc4ac1cc2c54
[2024-02-27T17:41:42.088+0000] {taskinstance.py:2480} INFO - Exporting env vars: AIRFLOW_CTX_DAG_OWNER='Patricia' AIRFLOW_CTX_DAG_ID='run_main' AIRFLOW_CTX_TASK_ID='run_main_script' AIRFLOW_CTX_EXECUTION_DATE='2024-02-27T17:41:40.069750+00:00' AIRFLOW_CTX_TRY_NUMBER='1' AIRFLOW_CTX_DAG_RUN_ID='manual__2024-02-27T17:41:40.069750+00:00'
[2024-02-27T17:41:42.090+0000] {taskinstance.py:2698} ERROR - Task failed with exception
Traceback (most recent call last):
  File "/home/airflow/.local/lib/python3.9/site-packages/airflow/models/taskinstance.py", line 433, in _execute_task
    result = execute_callable(context=context, **execute_callable_kwargs)
  File "/home/airflow/.local/lib/python3.9/site-packages/airflow/operators/python.py", line 199, in execute
    return_value = self.execute_callable()
  File "/home/airflow/.local/lib/python3.9/site-packages/airflow/operators/python.py", line 216, in execute_callable
    return self.python_callable(*self.op_args, **self.op_kwargs)
  File "/opt/airflow/dags/run_main.py", line 37, in run_main_py
    from main import main  # Importez la fonction main depuis le fichier main.py
ModuleNotFoundError: No module named 'main'
[2024-02-27T17:41:42.106+0000] {taskinstance.py:1138} INFO - Marking task as UP_FOR_RETRY. dag_id=run_main, task_id=run_main_script, execution_date=20240227T174140, start_date=20240227T174141, end_date=20240227T174142
[2024-02-27T17:41:42.130+0000] {standard_task_runner.py:107} ERROR - Failed to execute job 18 for task run_main_script (No module named 'main'; 517)
[2024-02-27T17:41:42.178+0000] {local_task_job_runner.py:234} INFO - Task exited with return code 1
[2024-02-27T17:41:42.213+0000] {taskinstance.py:3280} INFO - 0 downstream tasks scheduled from follow-on schedule check
