[2024-02-24T17:04:21.770+0000] {processor.py:161} INFO - Started process (PID=41) to work on /opt/airflow/dags/run_main.py
[2024-02-24T17:04:21.771+0000] {processor.py:830} INFO - Processing file /opt/airflow/dags/run_main.py for tasks to queue
[2024-02-24T17:04:21.777+0000] {logging_mixin.py:188} INFO - [2024-02-24T17:04:21.774+0000] {dagbag.py:538} INFO - Filling up the DagBag from /opt/airflow/dags/run_main.py
[2024-02-24T17:04:21.851+0000] {processor.py:840} INFO - DAG(s) 'run_main' retrieved from /opt/airflow/dags/run_main.py
[2024-02-24T17:04:22.479+0000] {logging_mixin.py:188} INFO - [2024-02-24T17:04:22.476+0000] {dag.py:3036} INFO - Sync 1 DAGs
[2024-02-24T17:04:22.539+0000] {logging_mixin.py:188} INFO - [2024-02-24T17:04:22.539+0000] {dag.py:3823} INFO - Setting next_dagrun for run_main to 2024-02-18 00:00:00+00:00, run_after=2024-02-25 00:00:00+00:00
[2024-02-24T17:04:22.603+0000] {processor.py:183} INFO - Processing /opt/airflow/dags/run_main.py took 0.851 seconds
[2024-02-24T17:04:52.801+0000] {processor.py:161} INFO - Started process (PID=98) to work on /opt/airflow/dags/run_main.py
[2024-02-24T17:04:52.805+0000] {processor.py:830} INFO - Processing file /opt/airflow/dags/run_main.py for tasks to queue
[2024-02-24T17:04:52.811+0000] {logging_mixin.py:188} INFO - [2024-02-24T17:04:52.810+0000] {dagbag.py:538} INFO - Filling up the DagBag from /opt/airflow/dags/run_main.py
[2024-02-24T17:04:52.835+0000] {processor.py:840} INFO - DAG(s) 'run_main' retrieved from /opt/airflow/dags/run_main.py
[2024-02-24T17:04:52.884+0000] {logging_mixin.py:188} INFO - [2024-02-24T17:04:52.884+0000] {dag.py:3036} INFO - Sync 1 DAGs
[2024-02-24T17:04:52.938+0000] {logging_mixin.py:188} INFO - [2024-02-24T17:04:52.938+0000] {dag.py:3823} INFO - Setting next_dagrun for run_main to 2024-02-18 00:00:00+00:00, run_after=2024-02-25 00:00:00+00:00
[2024-02-24T17:04:52.973+0000] {processor.py:183} INFO - Processing /opt/airflow/dags/run_main.py took 0.183 seconds
[2024-02-24T17:05:23.304+0000] {processor.py:161} INFO - Started process (PID=156) to work on /opt/airflow/dags/run_main.py
[2024-02-24T17:05:23.306+0000] {processor.py:830} INFO - Processing file /opt/airflow/dags/run_main.py for tasks to queue
[2024-02-24T17:05:23.308+0000] {logging_mixin.py:188} INFO - [2024-02-24T17:05:23.308+0000] {dagbag.py:538} INFO - Filling up the DagBag from /opt/airflow/dags/run_main.py
[2024-02-24T17:05:23.321+0000] {processor.py:840} INFO - DAG(s) 'run_main' retrieved from /opt/airflow/dags/run_main.py
[2024-02-24T17:05:23.353+0000] {logging_mixin.py:188} INFO - [2024-02-24T17:05:23.352+0000] {dag.py:3036} INFO - Sync 1 DAGs
[2024-02-24T17:05:23.391+0000] {logging_mixin.py:188} INFO - [2024-02-24T17:05:23.391+0000] {dag.py:3823} INFO - Setting next_dagrun for run_main to 2024-02-18 00:00:00+00:00, run_after=2024-02-25 00:00:00+00:00
[2024-02-24T17:05:23.422+0000] {processor.py:183} INFO - Processing /opt/airflow/dags/run_main.py took 0.123 seconds
[2024-02-24T17:05:53.823+0000] {processor.py:161} INFO - Started process (PID=213) to work on /opt/airflow/dags/run_main.py
[2024-02-24T17:05:53.826+0000] {processor.py:830} INFO - Processing file /opt/airflow/dags/run_main.py for tasks to queue
[2024-02-24T17:05:53.830+0000] {logging_mixin.py:188} INFO - [2024-02-24T17:05:53.829+0000] {dagbag.py:538} INFO - Filling up the DagBag from /opt/airflow/dags/run_main.py
[2024-02-24T17:05:53.849+0000] {processor.py:840} INFO - DAG(s) 'run_main' retrieved from /opt/airflow/dags/run_main.py
[2024-02-24T17:05:53.881+0000] {logging_mixin.py:188} INFO - [2024-02-24T17:05:53.881+0000] {dag.py:3036} INFO - Sync 1 DAGs
[2024-02-24T17:05:53.921+0000] {logging_mixin.py:188} INFO - [2024-02-24T17:05:53.921+0000] {dag.py:3823} INFO - Setting next_dagrun for run_main to 2024-02-18 00:00:00+00:00, run_after=2024-02-25 00:00:00+00:00
[2024-02-24T17:05:53.953+0000] {processor.py:183} INFO - Processing /opt/airflow/dags/run_main.py took 0.137 seconds
[2024-02-24T17:06:24.545+0000] {processor.py:161} INFO - Started process (PID=269) to work on /opt/airflow/dags/run_main.py
[2024-02-24T17:06:24.546+0000] {processor.py:830} INFO - Processing file /opt/airflow/dags/run_main.py for tasks to queue
[2024-02-24T17:06:24.548+0000] {logging_mixin.py:188} INFO - [2024-02-24T17:06:24.548+0000] {dagbag.py:538} INFO - Filling up the DagBag from /opt/airflow/dags/run_main.py
[2024-02-24T17:06:24.561+0000] {processor.py:840} INFO - DAG(s) 'run_main' retrieved from /opt/airflow/dags/run_main.py
[2024-02-24T17:06:24.592+0000] {logging_mixin.py:188} INFO - [2024-02-24T17:06:24.591+0000] {dag.py:3036} INFO - Sync 1 DAGs
[2024-02-24T17:06:24.632+0000] {logging_mixin.py:188} INFO - [2024-02-24T17:06:24.632+0000] {dag.py:3823} INFO - Setting next_dagrun for run_main to 2024-02-18 00:00:00+00:00, run_after=2024-02-25 00:00:00+00:00
[2024-02-24T17:06:24.664+0000] {processor.py:183} INFO - Processing /opt/airflow/dags/run_main.py took 0.125 seconds
[2024-02-24T17:06:55.379+0000] {processor.py:161} INFO - Started process (PID=326) to work on /opt/airflow/dags/run_main.py
[2024-02-24T17:06:55.380+0000] {processor.py:830} INFO - Processing file /opt/airflow/dags/run_main.py for tasks to queue
[2024-02-24T17:06:55.383+0000] {logging_mixin.py:188} INFO - [2024-02-24T17:06:55.382+0000] {dagbag.py:538} INFO - Filling up the DagBag from /opt/airflow/dags/run_main.py
[2024-02-24T17:06:55.395+0000] {processor.py:840} INFO - DAG(s) 'run_main' retrieved from /opt/airflow/dags/run_main.py
[2024-02-24T17:06:55.425+0000] {logging_mixin.py:188} INFO - [2024-02-24T17:06:55.425+0000] {dag.py:3036} INFO - Sync 1 DAGs
[2024-02-24T17:06:55.465+0000] {logging_mixin.py:188} INFO - [2024-02-24T17:06:55.464+0000] {dag.py:3823} INFO - Setting next_dagrun for run_main to 2024-02-18 00:00:00+00:00, run_after=2024-02-25 00:00:00+00:00
[2024-02-24T17:06:55.494+0000] {processor.py:183} INFO - Processing /opt/airflow/dags/run_main.py took 0.121 seconds
[2024-02-24T17:07:25.543+0000] {processor.py:161} INFO - Started process (PID=383) to work on /opt/airflow/dags/run_main.py
[2024-02-24T17:07:25.544+0000] {processor.py:830} INFO - Processing file /opt/airflow/dags/run_main.py for tasks to queue
[2024-02-24T17:07:25.547+0000] {logging_mixin.py:188} INFO - [2024-02-24T17:07:25.546+0000] {dagbag.py:538} INFO - Filling up the DagBag from /opt/airflow/dags/run_main.py
[2024-02-24T17:07:25.561+0000] {processor.py:840} INFO - DAG(s) 'run_main' retrieved from /opt/airflow/dags/run_main.py
[2024-02-24T17:07:25.589+0000] {logging_mixin.py:188} INFO - [2024-02-24T17:07:25.588+0000] {dag.py:3036} INFO - Sync 1 DAGs
[2024-02-24T17:07:25.635+0000] {logging_mixin.py:188} INFO - [2024-02-24T17:07:25.635+0000] {dag.py:3823} INFO - Setting next_dagrun for run_main to 2024-02-18 00:00:00+00:00, run_after=2024-02-25 00:00:00+00:00
[2024-02-24T17:07:25.665+0000] {processor.py:183} INFO - Processing /opt/airflow/dags/run_main.py took 0.128 seconds
[2024-02-24T17:07:55.711+0000] {processor.py:161} INFO - Started process (PID=440) to work on /opt/airflow/dags/run_main.py
[2024-02-24T17:07:55.713+0000] {processor.py:830} INFO - Processing file /opt/airflow/dags/run_main.py for tasks to queue
[2024-02-24T17:07:55.716+0000] {logging_mixin.py:188} INFO - [2024-02-24T17:07:55.716+0000] {dagbag.py:538} INFO - Filling up the DagBag from /opt/airflow/dags/run_main.py
[2024-02-24T17:07:55.730+0000] {processor.py:840} INFO - DAG(s) 'run_main' retrieved from /opt/airflow/dags/run_main.py
[2024-02-24T17:07:55.761+0000] {logging_mixin.py:188} INFO - [2024-02-24T17:07:55.761+0000] {dag.py:3036} INFO - Sync 1 DAGs
[2024-02-24T17:07:55.801+0000] {logging_mixin.py:188} INFO - [2024-02-24T17:07:55.801+0000] {dag.py:3823} INFO - Setting next_dagrun for run_main to 2024-02-18 00:00:00+00:00, run_after=2024-02-25 00:00:00+00:00
[2024-02-24T17:07:55.832+0000] {processor.py:183} INFO - Processing /opt/airflow/dags/run_main.py took 0.126 seconds
[2024-02-24T17:08:26.334+0000] {processor.py:161} INFO - Started process (PID=496) to work on /opt/airflow/dags/run_main.py
[2024-02-24T17:08:26.335+0000] {processor.py:830} INFO - Processing file /opt/airflow/dags/run_main.py for tasks to queue
[2024-02-24T17:08:26.338+0000] {logging_mixin.py:188} INFO - [2024-02-24T17:08:26.338+0000] {dagbag.py:538} INFO - Filling up the DagBag from /opt/airflow/dags/run_main.py
[2024-02-24T17:08:26.351+0000] {processor.py:840} INFO - DAG(s) 'run_main' retrieved from /opt/airflow/dags/run_main.py
[2024-02-24T17:08:26.385+0000] {logging_mixin.py:188} INFO - [2024-02-24T17:08:26.384+0000] {dag.py:3036} INFO - Sync 1 DAGs
[2024-02-24T17:08:26.428+0000] {logging_mixin.py:188} INFO - [2024-02-24T17:08:26.427+0000] {dag.py:3823} INFO - Setting next_dagrun for run_main to 2024-02-18 00:00:00+00:00, run_after=2024-02-25 00:00:00+00:00
[2024-02-24T17:08:26.460+0000] {processor.py:183} INFO - Processing /opt/airflow/dags/run_main.py took 0.131 seconds
[2024-02-24T17:22:28.090+0000] {processor.py:161} INFO - Started process (PID=35) to work on /opt/airflow/dags/run_main.py
[2024-02-24T17:22:28.091+0000] {processor.py:830} INFO - Processing file /opt/airflow/dags/run_main.py for tasks to queue
[2024-02-24T17:22:28.093+0000] {logging_mixin.py:188} INFO - [2024-02-24T17:22:28.093+0000] {dagbag.py:538} INFO - Filling up the DagBag from /opt/airflow/dags/run_main.py
[2024-02-24T17:22:28.166+0000] {processor.py:840} INFO - DAG(s) 'run_main' retrieved from /opt/airflow/dags/run_main.py
[2024-02-24T17:22:28.605+0000] {logging_mixin.py:188} INFO - [2024-02-24T17:22:28.605+0000] {dag.py:3036} INFO - Sync 1 DAGs
[2024-02-24T17:22:28.657+0000] {logging_mixin.py:188} INFO - [2024-02-24T17:22:28.656+0000] {dag.py:3823} INFO - Setting next_dagrun for run_main to 2024-02-18 00:00:00+00:00, run_after=2024-02-25 00:00:00+00:00
[2024-02-24T17:22:28.688+0000] {processor.py:183} INFO - Processing /opt/airflow/dags/run_main.py took 0.604 seconds
[2024-02-24T17:22:59.340+0000] {processor.py:161} INFO - Started process (PID=99) to work on /opt/airflow/dags/run_main.py
[2024-02-24T17:22:59.342+0000] {processor.py:830} INFO - Processing file /opt/airflow/dags/run_main.py for tasks to queue
[2024-02-24T17:22:59.347+0000] {logging_mixin.py:188} INFO - [2024-02-24T17:22:59.347+0000] {dagbag.py:538} INFO - Filling up the DagBag from /opt/airflow/dags/run_main.py
[2024-02-24T17:22:59.363+0000] {processor.py:840} INFO - DAG(s) 'run_main' retrieved from /opt/airflow/dags/run_main.py
[2024-02-24T17:22:59.401+0000] {logging_mixin.py:188} INFO - [2024-02-24T17:22:59.401+0000] {dag.py:3036} INFO - Sync 1 DAGs
[2024-02-24T17:22:59.455+0000] {logging_mixin.py:188} INFO - [2024-02-24T17:22:59.455+0000] {dag.py:3823} INFO - Setting next_dagrun for run_main to 2024-02-18 00:00:00+00:00, run_after=2024-02-25 00:00:00+00:00
[2024-02-24T17:22:59.544+0000] {processor.py:183} INFO - Processing /opt/airflow/dags/run_main.py took 0.209 seconds
[2024-02-24T17:23:29.968+0000] {processor.py:161} INFO - Started process (PID=156) to work on /opt/airflow/dags/run_main.py
[2024-02-24T17:23:29.970+0000] {processor.py:830} INFO - Processing file /opt/airflow/dags/run_main.py for tasks to queue
[2024-02-24T17:23:29.973+0000] {logging_mixin.py:188} INFO - [2024-02-24T17:23:29.972+0000] {dagbag.py:538} INFO - Filling up the DagBag from /opt/airflow/dags/run_main.py
[2024-02-24T17:23:29.985+0000] {processor.py:840} INFO - DAG(s) 'run_main' retrieved from /opt/airflow/dags/run_main.py
[2024-02-24T17:23:30.015+0000] {logging_mixin.py:188} INFO - [2024-02-24T17:23:30.015+0000] {dag.py:3036} INFO - Sync 1 DAGs
[2024-02-24T17:23:30.054+0000] {logging_mixin.py:188} INFO - [2024-02-24T17:23:30.054+0000] {dag.py:3823} INFO - Setting next_dagrun for run_main to 2024-02-18 00:00:00+00:00, run_after=2024-02-25 00:00:00+00:00
[2024-02-24T17:23:30.087+0000] {processor.py:183} INFO - Processing /opt/airflow/dags/run_main.py took 0.123 seconds
[2024-02-24T17:24:00.640+0000] {processor.py:161} INFO - Started process (PID=213) to work on /opt/airflow/dags/run_main.py
[2024-02-24T17:24:00.641+0000] {processor.py:830} INFO - Processing file /opt/airflow/dags/run_main.py for tasks to queue
[2024-02-24T17:24:00.643+0000] {logging_mixin.py:188} INFO - [2024-02-24T17:24:00.643+0000] {dagbag.py:538} INFO - Filling up the DagBag from /opt/airflow/dags/run_main.py
[2024-02-24T17:24:00.656+0000] {processor.py:840} INFO - DAG(s) 'run_main' retrieved from /opt/airflow/dags/run_main.py
[2024-02-24T17:24:00.685+0000] {logging_mixin.py:188} INFO - [2024-02-24T17:24:00.685+0000] {dag.py:3036} INFO - Sync 1 DAGs
[2024-02-24T17:24:00.724+0000] {logging_mixin.py:188} INFO - [2024-02-24T17:24:00.724+0000] {dag.py:3823} INFO - Setting next_dagrun for run_main to 2024-02-18 00:00:00+00:00, run_after=2024-02-25 00:00:00+00:00
[2024-02-24T17:24:00.751+0000] {processor.py:183} INFO - Processing /opt/airflow/dags/run_main.py took 0.116 seconds
[2024-02-24T17:24:31.246+0000] {processor.py:161} INFO - Started process (PID=270) to work on /opt/airflow/dags/run_main.py
[2024-02-24T17:24:31.248+0000] {processor.py:830} INFO - Processing file /opt/airflow/dags/run_main.py for tasks to queue
[2024-02-24T17:24:31.251+0000] {logging_mixin.py:188} INFO - [2024-02-24T17:24:31.251+0000] {dagbag.py:538} INFO - Filling up the DagBag from /opt/airflow/dags/run_main.py
[2024-02-24T17:24:31.263+0000] {processor.py:840} INFO - DAG(s) 'run_main' retrieved from /opt/airflow/dags/run_main.py
[2024-02-24T17:24:31.291+0000] {logging_mixin.py:188} INFO - [2024-02-24T17:24:31.291+0000] {dag.py:3036} INFO - Sync 1 DAGs
[2024-02-24T17:24:31.336+0000] {logging_mixin.py:188} INFO - [2024-02-24T17:24:31.336+0000] {dag.py:3823} INFO - Setting next_dagrun for run_main to 2024-02-18 00:00:00+00:00, run_after=2024-02-25 00:00:00+00:00
[2024-02-24T17:24:31.365+0000] {processor.py:183} INFO - Processing /opt/airflow/dags/run_main.py took 0.123 seconds
[2024-02-24T17:25:02.155+0000] {processor.py:161} INFO - Started process (PID=327) to work on /opt/airflow/dags/run_main.py
[2024-02-24T17:25:02.157+0000] {processor.py:830} INFO - Processing file /opt/airflow/dags/run_main.py for tasks to queue
[2024-02-24T17:25:02.160+0000] {logging_mixin.py:188} INFO - [2024-02-24T17:25:02.159+0000] {dagbag.py:538} INFO - Filling up the DagBag from /opt/airflow/dags/run_main.py
[2024-02-24T17:25:02.178+0000] {processor.py:840} INFO - DAG(s) 'run_main' retrieved from /opt/airflow/dags/run_main.py
[2024-02-24T17:25:02.220+0000] {logging_mixin.py:188} INFO - [2024-02-24T17:25:02.220+0000] {dag.py:3036} INFO - Sync 1 DAGs
[2024-02-24T17:25:02.271+0000] {logging_mixin.py:188} INFO - [2024-02-24T17:25:02.271+0000] {dag.py:3823} INFO - Setting next_dagrun for run_main to 2024-02-18 00:00:00+00:00, run_after=2024-02-25 00:00:00+00:00
[2024-02-24T17:25:02.302+0000] {processor.py:183} INFO - Processing /opt/airflow/dags/run_main.py took 0.154 seconds
[2024-02-24T17:25:32.980+0000] {processor.py:161} INFO - Started process (PID=384) to work on /opt/airflow/dags/run_main.py
[2024-02-24T17:25:32.981+0000] {processor.py:830} INFO - Processing file /opt/airflow/dags/run_main.py for tasks to queue
[2024-02-24T17:25:32.984+0000] {logging_mixin.py:188} INFO - [2024-02-24T17:25:32.983+0000] {dagbag.py:538} INFO - Filling up the DagBag from /opt/airflow/dags/run_main.py
[2024-02-24T17:25:32.997+0000] {processor.py:840} INFO - DAG(s) 'run_main' retrieved from /opt/airflow/dags/run_main.py
[2024-02-24T17:25:33.026+0000] {logging_mixin.py:188} INFO - [2024-02-24T17:25:33.025+0000] {dag.py:3036} INFO - Sync 1 DAGs
[2024-02-24T17:25:33.071+0000] {logging_mixin.py:188} INFO - [2024-02-24T17:25:33.071+0000] {dag.py:3823} INFO - Setting next_dagrun for run_main to 2024-02-18 00:00:00+00:00, run_after=2024-02-25 00:00:00+00:00
[2024-02-24T17:25:33.105+0000] {processor.py:183} INFO - Processing /opt/airflow/dags/run_main.py took 0.130 seconds
[2024-02-24T17:26:03.254+0000] {processor.py:161} INFO - Started process (PID=441) to work on /opt/airflow/dags/run_main.py
[2024-02-24T17:26:03.256+0000] {processor.py:830} INFO - Processing file /opt/airflow/dags/run_main.py for tasks to queue
[2024-02-24T17:26:03.259+0000] {logging_mixin.py:188} INFO - [2024-02-24T17:26:03.259+0000] {dagbag.py:538} INFO - Filling up the DagBag from /opt/airflow/dags/run_main.py
[2024-02-24T17:26:03.273+0000] {processor.py:840} INFO - DAG(s) 'run_main' retrieved from /opt/airflow/dags/run_main.py
[2024-02-24T17:26:03.303+0000] {logging_mixin.py:188} INFO - [2024-02-24T17:26:03.302+0000] {dag.py:3036} INFO - Sync 1 DAGs
[2024-02-24T17:26:03.346+0000] {logging_mixin.py:188} INFO - [2024-02-24T17:26:03.345+0000] {dag.py:3823} INFO - Setting next_dagrun for run_main to 2024-02-18 00:00:00+00:00, run_after=2024-02-25 00:00:00+00:00
[2024-02-24T17:26:03.376+0000] {processor.py:183} INFO - Processing /opt/airflow/dags/run_main.py took 0.128 seconds
[2024-02-24T17:26:33.457+0000] {processor.py:161} INFO - Started process (PID=498) to work on /opt/airflow/dags/run_main.py
[2024-02-24T17:26:33.459+0000] {processor.py:830} INFO - Processing file /opt/airflow/dags/run_main.py for tasks to queue
[2024-02-24T17:26:33.461+0000] {logging_mixin.py:188} INFO - [2024-02-24T17:26:33.461+0000] {dagbag.py:538} INFO - Filling up the DagBag from /opt/airflow/dags/run_main.py
[2024-02-24T17:26:33.473+0000] {processor.py:840} INFO - DAG(s) 'run_main' retrieved from /opt/airflow/dags/run_main.py
[2024-02-24T17:26:33.514+0000] {logging_mixin.py:188} INFO - [2024-02-24T17:26:33.513+0000] {dag.py:3036} INFO - Sync 1 DAGs
[2024-02-24T17:26:33.582+0000] {logging_mixin.py:188} INFO - [2024-02-24T17:26:33.581+0000] {dag.py:3823} INFO - Setting next_dagrun for run_main to 2024-02-18 00:00:00+00:00, run_after=2024-02-25 00:00:00+00:00
[2024-02-24T17:26:33.623+0000] {processor.py:183} INFO - Processing /opt/airflow/dags/run_main.py took 0.171 seconds
[2024-02-24T17:32:17.724+0000] {processor.py:161} INFO - Started process (PID=36) to work on /opt/airflow/dags/run_main.py
[2024-02-24T17:32:17.726+0000] {processor.py:830} INFO - Processing file /opt/airflow/dags/run_main.py for tasks to queue
[2024-02-24T17:32:17.728+0000] {logging_mixin.py:188} INFO - [2024-02-24T17:32:17.728+0000] {dagbag.py:538} INFO - Filling up the DagBag from /opt/airflow/dags/run_main.py
[2024-02-24T17:32:17.772+0000] {processor.py:840} INFO - DAG(s) 'run_main' retrieved from /opt/airflow/dags/run_main.py
[2024-02-24T17:32:18.206+0000] {logging_mixin.py:188} INFO - [2024-02-24T17:32:18.206+0000] {dag.py:3036} INFO - Sync 1 DAGs
[2024-02-24T17:32:18.242+0000] {logging_mixin.py:188} INFO - [2024-02-24T17:32:18.242+0000] {dag.py:3823} INFO - Setting next_dagrun for run_main to 2024-02-18 00:00:00+00:00, run_after=2024-02-25 00:00:00+00:00
[2024-02-24T17:32:18.272+0000] {processor.py:183} INFO - Processing /opt/airflow/dags/run_main.py took 0.553 seconds
[2024-02-24T17:32:48.873+0000] {processor.py:161} INFO - Started process (PID=93) to work on /opt/airflow/dags/run_main.py
[2024-02-24T17:32:48.875+0000] {processor.py:830} INFO - Processing file /opt/airflow/dags/run_main.py for tasks to queue
[2024-02-24T17:32:48.879+0000] {logging_mixin.py:188} INFO - [2024-02-24T17:32:48.879+0000] {dagbag.py:538} INFO - Filling up the DagBag from /opt/airflow/dags/run_main.py
[2024-02-24T17:32:48.892+0000] {processor.py:840} INFO - DAG(s) 'run_main' retrieved from /opt/airflow/dags/run_main.py
[2024-02-24T17:32:48.921+0000] {logging_mixin.py:188} INFO - [2024-02-24T17:32:48.921+0000] {dag.py:3036} INFO - Sync 1 DAGs
[2024-02-24T17:32:48.968+0000] {logging_mixin.py:188} INFO - [2024-02-24T17:32:48.968+0000] {dag.py:3823} INFO - Setting next_dagrun for run_main to 2024-02-18 00:00:00+00:00, run_after=2024-02-25 00:00:00+00:00
[2024-02-24T17:32:48.997+0000] {processor.py:183} INFO - Processing /opt/airflow/dags/run_main.py took 0.129 seconds
[2024-02-24T17:33:19.052+0000] {processor.py:161} INFO - Started process (PID=150) to work on /opt/airflow/dags/run_main.py
[2024-02-24T17:33:19.057+0000] {processor.py:830} INFO - Processing file /opt/airflow/dags/run_main.py for tasks to queue
[2024-02-24T17:33:19.061+0000] {logging_mixin.py:188} INFO - [2024-02-24T17:33:19.061+0000] {dagbag.py:538} INFO - Filling up the DagBag from /opt/airflow/dags/run_main.py
[2024-02-24T17:33:19.076+0000] {processor.py:840} INFO - DAG(s) 'run_main' retrieved from /opt/airflow/dags/run_main.py
[2024-02-24T17:33:19.142+0000] {logging_mixin.py:188} INFO - [2024-02-24T17:33:19.142+0000] {dag.py:3036} INFO - Sync 1 DAGs
[2024-02-24T17:33:19.187+0000] {logging_mixin.py:188} INFO - [2024-02-24T17:33:19.187+0000] {dag.py:3823} INFO - Setting next_dagrun for run_main to 2024-02-18 00:00:00+00:00, run_after=2024-02-25 00:00:00+00:00
[2024-02-24T17:33:19.219+0000] {processor.py:183} INFO - Processing /opt/airflow/dags/run_main.py took 0.174 seconds
[2024-02-24T17:33:49.262+0000] {processor.py:161} INFO - Started process (PID=207) to work on /opt/airflow/dags/run_main.py
[2024-02-24T17:33:49.263+0000] {processor.py:830} INFO - Processing file /opt/airflow/dags/run_main.py for tasks to queue
[2024-02-24T17:33:49.266+0000] {logging_mixin.py:188} INFO - [2024-02-24T17:33:49.265+0000] {dagbag.py:538} INFO - Filling up the DagBag from /opt/airflow/dags/run_main.py
[2024-02-24T17:33:49.278+0000] {processor.py:840} INFO - DAG(s) 'run_main' retrieved from /opt/airflow/dags/run_main.py
[2024-02-24T17:33:49.308+0000] {logging_mixin.py:188} INFO - [2024-02-24T17:33:49.307+0000] {dag.py:3036} INFO - Sync 1 DAGs
[2024-02-24T17:33:49.349+0000] {logging_mixin.py:188} INFO - [2024-02-24T17:33:49.349+0000] {dag.py:3823} INFO - Setting next_dagrun for run_main to 2024-02-18 00:00:00+00:00, run_after=2024-02-25 00:00:00+00:00
[2024-02-24T17:33:49.378+0000] {processor.py:183} INFO - Processing /opt/airflow/dags/run_main.py took 0.121 seconds
[2024-02-24T17:34:19.421+0000] {processor.py:161} INFO - Started process (PID=264) to work on /opt/airflow/dags/run_main.py
[2024-02-24T17:34:19.422+0000] {processor.py:830} INFO - Processing file /opt/airflow/dags/run_main.py for tasks to queue
[2024-02-24T17:34:19.426+0000] {logging_mixin.py:188} INFO - [2024-02-24T17:34:19.425+0000] {dagbag.py:538} INFO - Filling up the DagBag from /opt/airflow/dags/run_main.py
[2024-02-24T17:34:19.438+0000] {processor.py:840} INFO - DAG(s) 'run_main' retrieved from /opt/airflow/dags/run_main.py
[2024-02-24T17:34:19.467+0000] {logging_mixin.py:188} INFO - [2024-02-24T17:34:19.467+0000] {dag.py:3036} INFO - Sync 1 DAGs
[2024-02-24T17:34:19.506+0000] {logging_mixin.py:188} INFO - [2024-02-24T17:34:19.505+0000] {dag.py:3823} INFO - Setting next_dagrun for run_main to 2024-02-18 00:00:00+00:00, run_after=2024-02-25 00:00:00+00:00
[2024-02-24T17:34:19.535+0000] {processor.py:183} INFO - Processing /opt/airflow/dags/run_main.py took 0.119 seconds
[2024-02-24T17:34:50.119+0000] {processor.py:161} INFO - Started process (PID=321) to work on /opt/airflow/dags/run_main.py
[2024-02-24T17:34:50.121+0000] {processor.py:830} INFO - Processing file /opt/airflow/dags/run_main.py for tasks to queue
[2024-02-24T17:34:50.125+0000] {logging_mixin.py:188} INFO - [2024-02-24T17:34:50.124+0000] {dagbag.py:538} INFO - Filling up the DagBag from /opt/airflow/dags/run_main.py
[2024-02-24T17:34:50.139+0000] {processor.py:840} INFO - DAG(s) 'run_main' retrieved from /opt/airflow/dags/run_main.py
[2024-02-24T17:34:50.180+0000] {logging_mixin.py:188} INFO - [2024-02-24T17:34:50.179+0000] {dag.py:3036} INFO - Sync 1 DAGs
[2024-02-24T17:34:50.245+0000] {logging_mixin.py:188} INFO - [2024-02-24T17:34:50.244+0000] {dag.py:3823} INFO - Setting next_dagrun for run_main to 2024-02-18 00:00:00+00:00, run_after=2024-02-25 00:00:00+00:00
[2024-02-24T17:34:50.299+0000] {processor.py:183} INFO - Processing /opt/airflow/dags/run_main.py took 0.184 seconds
[2024-02-24T17:35:20.427+0000] {processor.py:161} INFO - Started process (PID=378) to work on /opt/airflow/dags/run_main.py
[2024-02-24T17:35:20.428+0000] {processor.py:830} INFO - Processing file /opt/airflow/dags/run_main.py for tasks to queue
[2024-02-24T17:35:20.431+0000] {logging_mixin.py:188} INFO - [2024-02-24T17:35:20.430+0000] {dagbag.py:538} INFO - Filling up the DagBag from /opt/airflow/dags/run_main.py
[2024-02-24T17:35:20.444+0000] {processor.py:840} INFO - DAG(s) 'run_main' retrieved from /opt/airflow/dags/run_main.py
[2024-02-24T17:35:20.476+0000] {logging_mixin.py:188} INFO - [2024-02-24T17:35:20.475+0000] {dag.py:3036} INFO - Sync 1 DAGs
[2024-02-24T17:35:20.517+0000] {logging_mixin.py:188} INFO - [2024-02-24T17:35:20.517+0000] {dag.py:3823} INFO - Setting next_dagrun for run_main to 2024-02-18 00:00:00+00:00, run_after=2024-02-25 00:00:00+00:00
[2024-02-24T17:35:20.550+0000] {processor.py:183} INFO - Processing /opt/airflow/dags/run_main.py took 0.128 seconds
[2024-02-24T17:35:50.870+0000] {processor.py:161} INFO - Started process (PID=436) to work on /opt/airflow/dags/run_main.py
[2024-02-24T17:35:50.872+0000] {processor.py:830} INFO - Processing file /opt/airflow/dags/run_main.py for tasks to queue
[2024-02-24T17:35:50.875+0000] {logging_mixin.py:188} INFO - [2024-02-24T17:35:50.874+0000] {dagbag.py:538} INFO - Filling up the DagBag from /opt/airflow/dags/run_main.py
[2024-02-24T17:35:50.889+0000] {processor.py:840} INFO - DAG(s) 'run_main' retrieved from /opt/airflow/dags/run_main.py
[2024-02-24T17:35:50.968+0000] {logging_mixin.py:188} INFO - [2024-02-24T17:35:50.967+0000] {dag.py:3036} INFO - Sync 1 DAGs
[2024-02-24T17:35:51.032+0000] {logging_mixin.py:188} INFO - [2024-02-24T17:35:51.031+0000] {dag.py:3823} INFO - Setting next_dagrun for run_main to 2024-02-18 00:00:00+00:00, run_after=2024-02-25 00:00:00+00:00
[2024-02-24T17:35:51.075+0000] {processor.py:183} INFO - Processing /opt/airflow/dags/run_main.py took 0.218 seconds
[2024-02-24T17:36:21.340+0000] {processor.py:161} INFO - Started process (PID=498) to work on /opt/airflow/dags/run_main.py
[2024-02-24T17:36:21.341+0000] {processor.py:830} INFO - Processing file /opt/airflow/dags/run_main.py for tasks to queue
[2024-02-24T17:36:21.344+0000] {logging_mixin.py:188} INFO - [2024-02-24T17:36:21.343+0000] {dagbag.py:538} INFO - Filling up the DagBag from /opt/airflow/dags/run_main.py
[2024-02-24T17:36:21.357+0000] {processor.py:840} INFO - DAG(s) 'run_main' retrieved from /opt/airflow/dags/run_main.py
[2024-02-24T17:36:21.387+0000] {logging_mixin.py:188} INFO - [2024-02-24T17:36:21.386+0000] {dag.py:3036} INFO - Sync 1 DAGs
[2024-02-24T17:36:21.427+0000] {logging_mixin.py:188} INFO - [2024-02-24T17:36:21.426+0000] {dag.py:3823} INFO - Setting next_dagrun for run_main to 2024-02-18 00:00:00+00:00, run_after=2024-02-25 00:00:00+00:00
[2024-02-24T17:36:21.461+0000] {processor.py:183} INFO - Processing /opt/airflow/dags/run_main.py took 0.127 seconds
[2024-02-24T17:36:51.856+0000] {processor.py:161} INFO - Started process (PID=555) to work on /opt/airflow/dags/run_main.py
[2024-02-24T17:36:51.858+0000] {processor.py:830} INFO - Processing file /opt/airflow/dags/run_main.py for tasks to queue
[2024-02-24T17:36:51.860+0000] {logging_mixin.py:188} INFO - [2024-02-24T17:36:51.860+0000] {dagbag.py:538} INFO - Filling up the DagBag from /opt/airflow/dags/run_main.py
[2024-02-24T17:36:51.873+0000] {processor.py:840} INFO - DAG(s) 'run_main' retrieved from /opt/airflow/dags/run_main.py
[2024-02-24T17:36:51.901+0000] {logging_mixin.py:188} INFO - [2024-02-24T17:36:51.901+0000] {dag.py:3036} INFO - Sync 1 DAGs
[2024-02-24T17:36:51.941+0000] {logging_mixin.py:188} INFO - [2024-02-24T17:36:51.940+0000] {dag.py:3823} INFO - Setting next_dagrun for run_main to 2024-02-18 00:00:00+00:00, run_after=2024-02-25 00:00:00+00:00
[2024-02-24T17:36:51.988+0000] {processor.py:183} INFO - Processing /opt/airflow/dags/run_main.py took 0.137 seconds
[2024-02-24T17:37:22.831+0000] {processor.py:161} INFO - Started process (PID=611) to work on /opt/airflow/dags/run_main.py
[2024-02-24T17:37:22.832+0000] {processor.py:830} INFO - Processing file /opt/airflow/dags/run_main.py for tasks to queue
[2024-02-24T17:37:22.835+0000] {logging_mixin.py:188} INFO - [2024-02-24T17:37:22.834+0000] {dagbag.py:538} INFO - Filling up the DagBag from /opt/airflow/dags/run_main.py
[2024-02-24T17:37:22.847+0000] {processor.py:840} INFO - DAG(s) 'run_main' retrieved from /opt/airflow/dags/run_main.py
[2024-02-24T17:37:22.874+0000] {logging_mixin.py:188} INFO - [2024-02-24T17:37:22.873+0000] {dag.py:3036} INFO - Sync 1 DAGs
[2024-02-24T17:37:22.913+0000] {logging_mixin.py:188} INFO - [2024-02-24T17:37:22.913+0000] {dag.py:3823} INFO - Setting next_dagrun for run_main to 2024-02-18 00:00:00+00:00, run_after=2024-02-25 00:00:00+00:00
[2024-02-24T17:37:22.942+0000] {processor.py:183} INFO - Processing /opt/airflow/dags/run_main.py took 0.116 seconds
[2024-02-24T17:37:53.555+0000] {processor.py:161} INFO - Started process (PID=668) to work on /opt/airflow/dags/run_main.py
[2024-02-24T17:37:53.556+0000] {processor.py:830} INFO - Processing file /opt/airflow/dags/run_main.py for tasks to queue
[2024-02-24T17:37:53.559+0000] {logging_mixin.py:188} INFO - [2024-02-24T17:37:53.558+0000] {dagbag.py:538} INFO - Filling up the DagBag from /opt/airflow/dags/run_main.py
[2024-02-24T17:37:53.572+0000] {processor.py:840} INFO - DAG(s) 'run_main' retrieved from /opt/airflow/dags/run_main.py
[2024-02-24T17:37:53.606+0000] {logging_mixin.py:188} INFO - [2024-02-24T17:37:53.605+0000] {dag.py:3036} INFO - Sync 1 DAGs
[2024-02-24T17:37:53.646+0000] {logging_mixin.py:188} INFO - [2024-02-24T17:37:53.646+0000] {dag.py:3823} INFO - Setting next_dagrun for run_main to 2024-02-18 00:00:00+00:00, run_after=2024-02-25 00:00:00+00:00
[2024-02-24T17:37:53.677+0000] {processor.py:183} INFO - Processing /opt/airflow/dags/run_main.py took 0.127 seconds
[2024-02-24T17:38:23.836+0000] {processor.py:161} INFO - Started process (PID=725) to work on /opt/airflow/dags/run_main.py
[2024-02-24T17:38:23.837+0000] {processor.py:830} INFO - Processing file /opt/airflow/dags/run_main.py for tasks to queue
[2024-02-24T17:38:23.840+0000] {logging_mixin.py:188} INFO - [2024-02-24T17:38:23.839+0000] {dagbag.py:538} INFO - Filling up the DagBag from /opt/airflow/dags/run_main.py
[2024-02-24T17:38:23.852+0000] {processor.py:840} INFO - DAG(s) 'run_main' retrieved from /opt/airflow/dags/run_main.py
[2024-02-24T17:38:23.885+0000] {logging_mixin.py:188} INFO - [2024-02-24T17:38:23.885+0000] {dag.py:3036} INFO - Sync 1 DAGs
[2024-02-24T17:38:23.941+0000] {logging_mixin.py:188} INFO - [2024-02-24T17:38:23.940+0000] {dag.py:3823} INFO - Setting next_dagrun for run_main to 2024-02-18 00:00:00+00:00, run_after=2024-02-25 00:00:00+00:00
[2024-02-24T17:38:23.978+0000] {processor.py:183} INFO - Processing /opt/airflow/dags/run_main.py took 0.147 seconds
[2024-02-24T17:38:54.611+0000] {processor.py:161} INFO - Started process (PID=782) to work on /opt/airflow/dags/run_main.py
[2024-02-24T17:38:54.614+0000] {processor.py:830} INFO - Processing file /opt/airflow/dags/run_main.py for tasks to queue
[2024-02-24T17:38:54.617+0000] {logging_mixin.py:188} INFO - [2024-02-24T17:38:54.616+0000] {dagbag.py:538} INFO - Filling up the DagBag from /opt/airflow/dags/run_main.py
[2024-02-24T17:38:54.628+0000] {processor.py:840} INFO - DAG(s) 'run_main' retrieved from /opt/airflow/dags/run_main.py
[2024-02-24T17:38:54.659+0000] {logging_mixin.py:188} INFO - [2024-02-24T17:38:54.658+0000] {dag.py:3036} INFO - Sync 1 DAGs
[2024-02-24T17:38:54.697+0000] {logging_mixin.py:188} INFO - [2024-02-24T17:38:54.697+0000] {dag.py:3823} INFO - Setting next_dagrun for run_main to 2024-02-18 00:00:00+00:00, run_after=2024-02-25 00:00:00+00:00
[2024-02-24T17:38:54.725+0000] {processor.py:183} INFO - Processing /opt/airflow/dags/run_main.py took 0.119 seconds
[2024-02-24T17:39:24.815+0000] {processor.py:161} INFO - Started process (PID=838) to work on /opt/airflow/dags/run_main.py
[2024-02-24T17:39:24.817+0000] {processor.py:830} INFO - Processing file /opt/airflow/dags/run_main.py for tasks to queue
[2024-02-24T17:39:24.819+0000] {logging_mixin.py:188} INFO - [2024-02-24T17:39:24.819+0000] {dagbag.py:538} INFO - Filling up the DagBag from /opt/airflow/dags/run_main.py
[2024-02-24T17:39:24.832+0000] {processor.py:840} INFO - DAG(s) 'run_main' retrieved from /opt/airflow/dags/run_main.py
[2024-02-24T17:39:24.866+0000] {logging_mixin.py:188} INFO - [2024-02-24T17:39:24.865+0000] {dag.py:3036} INFO - Sync 1 DAGs
[2024-02-24T17:39:24.908+0000] {logging_mixin.py:188} INFO - [2024-02-24T17:39:24.907+0000] {dag.py:3823} INFO - Setting next_dagrun for run_main to 2024-02-18 00:00:00+00:00, run_after=2024-02-25 00:00:00+00:00
[2024-02-24T17:39:24.939+0000] {processor.py:183} INFO - Processing /opt/airflow/dags/run_main.py took 0.130 seconds
[2024-02-24T17:39:55.716+0000] {processor.py:161} INFO - Started process (PID=896) to work on /opt/airflow/dags/run_main.py
[2024-02-24T17:39:55.718+0000] {processor.py:830} INFO - Processing file /opt/airflow/dags/run_main.py for tasks to queue
[2024-02-24T17:39:55.721+0000] {logging_mixin.py:188} INFO - [2024-02-24T17:39:55.720+0000] {dagbag.py:538} INFO - Filling up the DagBag from /opt/airflow/dags/run_main.py
[2024-02-24T17:39:55.736+0000] {processor.py:840} INFO - DAG(s) 'run_main' retrieved from /opt/airflow/dags/run_main.py
[2024-02-24T17:39:55.768+0000] {logging_mixin.py:188} INFO - [2024-02-24T17:39:55.768+0000] {dag.py:3036} INFO - Sync 1 DAGs
[2024-02-24T17:39:55.817+0000] {logging_mixin.py:188} INFO - [2024-02-24T17:39:55.816+0000] {dag.py:3823} INFO - Setting next_dagrun for run_main to 2024-02-18 00:00:00+00:00, run_after=2024-02-25 00:00:00+00:00
[2024-02-24T17:39:55.849+0000] {processor.py:183} INFO - Processing /opt/airflow/dags/run_main.py took 0.139 seconds
[2024-02-24T17:40:26.648+0000] {processor.py:161} INFO - Started process (PID=952) to work on /opt/airflow/dags/run_main.py
[2024-02-24T17:40:26.649+0000] {processor.py:830} INFO - Processing file /opt/airflow/dags/run_main.py for tasks to queue
[2024-02-24T17:40:26.652+0000] {logging_mixin.py:188} INFO - [2024-02-24T17:40:26.651+0000] {dagbag.py:538} INFO - Filling up the DagBag from /opt/airflow/dags/run_main.py
[2024-02-24T17:40:26.663+0000] {processor.py:840} INFO - DAG(s) 'run_main' retrieved from /opt/airflow/dags/run_main.py
[2024-02-24T17:40:26.692+0000] {logging_mixin.py:188} INFO - [2024-02-24T17:40:26.691+0000] {dag.py:3036} INFO - Sync 1 DAGs
[2024-02-24T17:40:26.729+0000] {logging_mixin.py:188} INFO - [2024-02-24T17:40:26.729+0000] {dag.py:3823} INFO - Setting next_dagrun for run_main to 2024-02-18 00:00:00+00:00, run_after=2024-02-25 00:00:00+00:00
[2024-02-24T17:40:26.758+0000] {processor.py:183} INFO - Processing /opt/airflow/dags/run_main.py took 0.114 seconds
[2024-02-24T17:40:57.477+0000] {processor.py:161} INFO - Started process (PID=1009) to work on /opt/airflow/dags/run_main.py
[2024-02-24T17:40:57.480+0000] {processor.py:830} INFO - Processing file /opt/airflow/dags/run_main.py for tasks to queue
[2024-02-24T17:40:57.482+0000] {logging_mixin.py:188} INFO - [2024-02-24T17:40:57.482+0000] {dagbag.py:538} INFO - Filling up the DagBag from /opt/airflow/dags/run_main.py
[2024-02-24T17:40:57.495+0000] {processor.py:840} INFO - DAG(s) 'run_main' retrieved from /opt/airflow/dags/run_main.py
[2024-02-24T17:40:57.530+0000] {logging_mixin.py:188} INFO - [2024-02-24T17:40:57.529+0000] {dag.py:3036} INFO - Sync 1 DAGs
[2024-02-24T17:40:57.580+0000] {logging_mixin.py:188} INFO - [2024-02-24T17:40:57.579+0000] {dag.py:3823} INFO - Setting next_dagrun for run_main to 2024-02-18 00:00:00+00:00, run_after=2024-02-25 00:00:00+00:00
[2024-02-24T17:40:57.610+0000] {processor.py:183} INFO - Processing /opt/airflow/dags/run_main.py took 0.138 seconds
[2024-02-24T17:41:28.456+0000] {processor.py:161} INFO - Started process (PID=1066) to work on /opt/airflow/dags/run_main.py
[2024-02-24T17:41:28.457+0000] {processor.py:830} INFO - Processing file /opt/airflow/dags/run_main.py for tasks to queue
[2024-02-24T17:41:28.459+0000] {logging_mixin.py:188} INFO - [2024-02-24T17:41:28.459+0000] {dagbag.py:538} INFO - Filling up the DagBag from /opt/airflow/dags/run_main.py
[2024-02-24T17:41:28.472+0000] {processor.py:840} INFO - DAG(s) 'run_main' retrieved from /opt/airflow/dags/run_main.py
[2024-02-24T17:41:28.500+0000] {logging_mixin.py:188} INFO - [2024-02-24T17:41:28.500+0000] {dag.py:3036} INFO - Sync 1 DAGs
[2024-02-24T17:41:28.542+0000] {logging_mixin.py:188} INFO - [2024-02-24T17:41:28.542+0000] {dag.py:3823} INFO - Setting next_dagrun for run_main to 2024-02-18 00:00:00+00:00, run_after=2024-02-25 00:00:00+00:00
[2024-02-24T17:41:28.575+0000] {processor.py:183} INFO - Processing /opt/airflow/dags/run_main.py took 0.124 seconds
[2024-02-24T17:41:59.233+0000] {processor.py:161} INFO - Started process (PID=1123) to work on /opt/airflow/dags/run_main.py
[2024-02-24T17:41:59.234+0000] {processor.py:830} INFO - Processing file /opt/airflow/dags/run_main.py for tasks to queue
[2024-02-24T17:41:59.237+0000] {logging_mixin.py:188} INFO - [2024-02-24T17:41:59.237+0000] {dagbag.py:538} INFO - Filling up the DagBag from /opt/airflow/dags/run_main.py
[2024-02-24T17:41:59.251+0000] {processor.py:840} INFO - DAG(s) 'run_main' retrieved from /opt/airflow/dags/run_main.py
[2024-02-24T17:41:59.282+0000] {logging_mixin.py:188} INFO - [2024-02-24T17:41:59.282+0000] {dag.py:3036} INFO - Sync 1 DAGs
[2024-02-24T17:41:59.351+0000] {logging_mixin.py:188} INFO - [2024-02-24T17:41:59.351+0000] {dag.py:3823} INFO - Setting next_dagrun for run_main to 2024-02-18 00:00:00+00:00, run_after=2024-02-25 00:00:00+00:00
[2024-02-24T17:41:59.403+0000] {processor.py:183} INFO - Processing /opt/airflow/dags/run_main.py took 0.175 seconds
[2024-02-24T17:42:29.459+0000] {processor.py:161} INFO - Started process (PID=1180) to work on /opt/airflow/dags/run_main.py
[2024-02-24T17:42:29.460+0000] {processor.py:830} INFO - Processing file /opt/airflow/dags/run_main.py for tasks to queue
[2024-02-24T17:42:29.463+0000] {logging_mixin.py:188} INFO - [2024-02-24T17:42:29.462+0000] {dagbag.py:538} INFO - Filling up the DagBag from /opt/airflow/dags/run_main.py
[2024-02-24T17:42:29.474+0000] {processor.py:840} INFO - DAG(s) 'run_main' retrieved from /opt/airflow/dags/run_main.py
[2024-02-24T17:42:29.502+0000] {logging_mixin.py:188} INFO - [2024-02-24T17:42:29.502+0000] {dag.py:3036} INFO - Sync 1 DAGs
[2024-02-24T17:42:29.542+0000] {logging_mixin.py:188} INFO - [2024-02-24T17:42:29.541+0000] {dag.py:3823} INFO - Setting next_dagrun for run_main to 2024-02-18 00:00:00+00:00, run_after=2024-02-25 00:00:00+00:00
[2024-02-24T17:42:29.570+0000] {processor.py:183} INFO - Processing /opt/airflow/dags/run_main.py took 0.115 seconds
[2024-02-24T17:43:00.262+0000] {processor.py:161} INFO - Started process (PID=1237) to work on /opt/airflow/dags/run_main.py
[2024-02-24T17:43:00.265+0000] {processor.py:830} INFO - Processing file /opt/airflow/dags/run_main.py for tasks to queue
[2024-02-24T17:43:00.268+0000] {logging_mixin.py:188} INFO - [2024-02-24T17:43:00.268+0000] {dagbag.py:538} INFO - Filling up the DagBag from /opt/airflow/dags/run_main.py
[2024-02-24T17:43:00.284+0000] {processor.py:840} INFO - DAG(s) 'run_main' retrieved from /opt/airflow/dags/run_main.py
[2024-02-24T17:43:00.320+0000] {logging_mixin.py:188} INFO - [2024-02-24T17:43:00.320+0000] {dag.py:3036} INFO - Sync 1 DAGs
[2024-02-24T17:43:00.371+0000] {logging_mixin.py:188} INFO - [2024-02-24T17:43:00.370+0000] {dag.py:3823} INFO - Setting next_dagrun for run_main to 2024-02-18 00:00:00+00:00, run_after=2024-02-25 00:00:00+00:00
[2024-02-24T17:43:00.410+0000] {processor.py:183} INFO - Processing /opt/airflow/dags/run_main.py took 0.158 seconds
[2024-02-24T17:43:30.478+0000] {processor.py:161} INFO - Started process (PID=1294) to work on /opt/airflow/dags/run_main.py
[2024-02-24T17:43:30.480+0000] {processor.py:830} INFO - Processing file /opt/airflow/dags/run_main.py for tasks to queue
[2024-02-24T17:43:30.483+0000] {logging_mixin.py:188} INFO - [2024-02-24T17:43:30.482+0000] {dagbag.py:538} INFO - Filling up the DagBag from /opt/airflow/dags/run_main.py
[2024-02-24T17:43:30.495+0000] {processor.py:840} INFO - DAG(s) 'run_main' retrieved from /opt/airflow/dags/run_main.py
[2024-02-24T17:43:30.526+0000] {logging_mixin.py:188} INFO - [2024-02-24T17:43:30.526+0000] {dag.py:3036} INFO - Sync 1 DAGs
[2024-02-24T17:43:30.565+0000] {logging_mixin.py:188} INFO - [2024-02-24T17:43:30.564+0000] {dag.py:3823} INFO - Setting next_dagrun for run_main to 2024-02-18 00:00:00+00:00, run_after=2024-02-25 00:00:00+00:00
[2024-02-24T17:43:30.594+0000] {processor.py:183} INFO - Processing /opt/airflow/dags/run_main.py took 0.121 seconds
[2024-02-24T17:44:00.835+0000] {processor.py:161} INFO - Started process (PID=1351) to work on /opt/airflow/dags/run_main.py
[2024-02-24T17:44:00.837+0000] {processor.py:830} INFO - Processing file /opt/airflow/dags/run_main.py for tasks to queue
[2024-02-24T17:44:00.839+0000] {logging_mixin.py:188} INFO - [2024-02-24T17:44:00.839+0000] {dagbag.py:538} INFO - Filling up the DagBag from /opt/airflow/dags/run_main.py
[2024-02-24T17:44:00.861+0000] {processor.py:840} INFO - DAG(s) 'run_main' retrieved from /opt/airflow/dags/run_main.py
[2024-02-24T17:44:00.889+0000] {logging_mixin.py:188} INFO - [2024-02-24T17:44:00.889+0000] {dag.py:3036} INFO - Sync 1 DAGs
[2024-02-24T17:44:00.930+0000] {logging_mixin.py:188} INFO - [2024-02-24T17:44:00.929+0000] {dag.py:3823} INFO - Setting next_dagrun for run_main to 2024-02-18 00:00:00+00:00, run_after=2024-02-25 00:00:00+00:00
[2024-02-24T17:44:00.959+0000] {processor.py:183} INFO - Processing /opt/airflow/dags/run_main.py took 0.129 seconds
[2024-02-24T17:44:31.644+0000] {processor.py:161} INFO - Started process (PID=1408) to work on /opt/airflow/dags/run_main.py
[2024-02-24T17:44:31.646+0000] {processor.py:830} INFO - Processing file /opt/airflow/dags/run_main.py for tasks to queue
[2024-02-24T17:44:31.648+0000] {logging_mixin.py:188} INFO - [2024-02-24T17:44:31.648+0000] {dagbag.py:538} INFO - Filling up the DagBag from /opt/airflow/dags/run_main.py
[2024-02-24T17:44:31.661+0000] {processor.py:840} INFO - DAG(s) 'run_main' retrieved from /opt/airflow/dags/run_main.py
[2024-02-24T17:44:31.691+0000] {logging_mixin.py:188} INFO - [2024-02-24T17:44:31.690+0000] {dag.py:3036} INFO - Sync 1 DAGs
[2024-02-24T17:44:31.732+0000] {logging_mixin.py:188} INFO - [2024-02-24T17:44:31.732+0000] {dag.py:3823} INFO - Setting next_dagrun for run_main to 2024-02-18 00:00:00+00:00, run_after=2024-02-25 00:00:00+00:00
[2024-02-24T17:44:31.766+0000] {processor.py:183} INFO - Processing /opt/airflow/dags/run_main.py took 0.126 seconds
[2024-02-24T17:45:02.717+0000] {processor.py:161} INFO - Started process (PID=1465) to work on /opt/airflow/dags/run_main.py
[2024-02-24T17:45:02.719+0000] {processor.py:830} INFO - Processing file /opt/airflow/dags/run_main.py for tasks to queue
[2024-02-24T17:45:02.721+0000] {logging_mixin.py:188} INFO - [2024-02-24T17:45:02.721+0000] {dagbag.py:538} INFO - Filling up the DagBag from /opt/airflow/dags/run_main.py
[2024-02-24T17:45:02.734+0000] {processor.py:840} INFO - DAG(s) 'run_main' retrieved from /opt/airflow/dags/run_main.py
[2024-02-24T17:45:02.764+0000] {logging_mixin.py:188} INFO - [2024-02-24T17:45:02.764+0000] {dag.py:3036} INFO - Sync 1 DAGs
[2024-02-24T17:45:02.803+0000] {logging_mixin.py:188} INFO - [2024-02-24T17:45:02.803+0000] {dag.py:3823} INFO - Setting next_dagrun for run_main to 2024-02-18 00:00:00+00:00, run_after=2024-02-25 00:00:00+00:00
[2024-02-24T17:45:02.834+0000] {processor.py:183} INFO - Processing /opt/airflow/dags/run_main.py took 0.122 seconds
[2024-02-24T17:45:33.536+0000] {processor.py:161} INFO - Started process (PID=1522) to work on /opt/airflow/dags/run_main.py
[2024-02-24T17:45:33.538+0000] {processor.py:830} INFO - Processing file /opt/airflow/dags/run_main.py for tasks to queue
[2024-02-24T17:45:33.541+0000] {logging_mixin.py:188} INFO - [2024-02-24T17:45:33.540+0000] {dagbag.py:538} INFO - Filling up the DagBag from /opt/airflow/dags/run_main.py
[2024-02-24T17:45:33.553+0000] {processor.py:840} INFO - DAG(s) 'run_main' retrieved from /opt/airflow/dags/run_main.py
[2024-02-24T17:45:33.587+0000] {logging_mixin.py:188} INFO - [2024-02-24T17:45:33.587+0000] {dag.py:3036} INFO - Sync 1 DAGs
[2024-02-24T17:45:33.630+0000] {logging_mixin.py:188} INFO - [2024-02-24T17:45:33.629+0000] {dag.py:3823} INFO - Setting next_dagrun for run_main to 2024-02-18 00:00:00+00:00, run_after=2024-02-25 00:00:00+00:00
[2024-02-24T17:45:33.660+0000] {processor.py:183} INFO - Processing /opt/airflow/dags/run_main.py took 0.129 seconds
[2024-02-24T17:46:03.906+0000] {processor.py:161} INFO - Started process (PID=1579) to work on /opt/airflow/dags/run_main.py
[2024-02-24T17:46:03.907+0000] {processor.py:830} INFO - Processing file /opt/airflow/dags/run_main.py for tasks to queue
[2024-02-24T17:46:03.909+0000] {logging_mixin.py:188} INFO - [2024-02-24T17:46:03.909+0000] {dagbag.py:538} INFO - Filling up the DagBag from /opt/airflow/dags/run_main.py
[2024-02-24T17:46:03.921+0000] {processor.py:840} INFO - DAG(s) 'run_main' retrieved from /opt/airflow/dags/run_main.py
[2024-02-24T17:46:03.950+0000] {logging_mixin.py:188} INFO - [2024-02-24T17:46:03.949+0000] {dag.py:3036} INFO - Sync 1 DAGs
[2024-02-24T17:46:03.988+0000] {logging_mixin.py:188} INFO - [2024-02-24T17:46:03.988+0000] {dag.py:3823} INFO - Setting next_dagrun for run_main to 2024-02-18 00:00:00+00:00, run_after=2024-02-25 00:00:00+00:00
[2024-02-24T17:46:04.018+0000] {processor.py:183} INFO - Processing /opt/airflow/dags/run_main.py took 0.118 seconds
[2024-02-24T17:46:34.451+0000] {processor.py:161} INFO - Started process (PID=1636) to work on /opt/airflow/dags/run_main.py
[2024-02-24T17:46:34.453+0000] {processor.py:830} INFO - Processing file /opt/airflow/dags/run_main.py for tasks to queue
[2024-02-24T17:46:34.455+0000] {logging_mixin.py:188} INFO - [2024-02-24T17:46:34.455+0000] {dagbag.py:538} INFO - Filling up the DagBag from /opt/airflow/dags/run_main.py
[2024-02-24T17:46:34.468+0000] {processor.py:840} INFO - DAG(s) 'run_main' retrieved from /opt/airflow/dags/run_main.py
[2024-02-24T17:46:34.496+0000] {logging_mixin.py:188} INFO - [2024-02-24T17:46:34.496+0000] {dag.py:3036} INFO - Sync 1 DAGs
[2024-02-24T17:46:34.536+0000] {logging_mixin.py:188} INFO - [2024-02-24T17:46:34.536+0000] {dag.py:3823} INFO - Setting next_dagrun for run_main to 2024-02-18 00:00:00+00:00, run_after=2024-02-25 00:00:00+00:00
[2024-02-24T17:46:34.568+0000] {processor.py:183} INFO - Processing /opt/airflow/dags/run_main.py took 0.121 seconds
[2024-02-24T17:47:04.679+0000] {processor.py:161} INFO - Started process (PID=1693) to work on /opt/airflow/dags/run_main.py
[2024-02-24T17:47:04.729+0000] {processor.py:830} INFO - Processing file /opt/airflow/dags/run_main.py for tasks to queue
[2024-02-24T17:47:04.734+0000] {logging_mixin.py:188} INFO - [2024-02-24T17:47:04.733+0000] {dagbag.py:538} INFO - Filling up the DagBag from /opt/airflow/dags/run_main.py
[2024-02-24T17:47:04.748+0000] {processor.py:840} INFO - DAG(s) 'run_main' retrieved from /opt/airflow/dags/run_main.py
[2024-02-24T17:47:04.783+0000] {logging_mixin.py:188} INFO - [2024-02-24T17:47:04.783+0000] {dag.py:3036} INFO - Sync 1 DAGs
[2024-02-24T17:47:04.825+0000] {logging_mixin.py:188} INFO - [2024-02-24T17:47:04.825+0000] {dag.py:3823} INFO - Setting next_dagrun for run_main to 2024-02-18 00:00:00+00:00, run_after=2024-02-25 00:00:00+00:00
[2024-02-24T17:47:04.852+0000] {processor.py:183} INFO - Processing /opt/airflow/dags/run_main.py took 0.178 seconds
[2024-02-24T17:47:35.790+0000] {processor.py:161} INFO - Started process (PID=1750) to work on /opt/airflow/dags/run_main.py
[2024-02-24T17:47:35.791+0000] {processor.py:830} INFO - Processing file /opt/airflow/dags/run_main.py for tasks to queue
[2024-02-24T17:47:35.794+0000] {logging_mixin.py:188} INFO - [2024-02-24T17:47:35.793+0000] {dagbag.py:538} INFO - Filling up the DagBag from /opt/airflow/dags/run_main.py
[2024-02-24T17:47:35.806+0000] {processor.py:840} INFO - DAG(s) 'run_main' retrieved from /opt/airflow/dags/run_main.py
[2024-02-24T17:47:35.836+0000] {logging_mixin.py:188} INFO - [2024-02-24T17:47:35.835+0000] {dag.py:3036} INFO - Sync 1 DAGs
[2024-02-24T17:47:35.880+0000] {logging_mixin.py:188} INFO - [2024-02-24T17:47:35.879+0000] {dag.py:3823} INFO - Setting next_dagrun for run_main to 2024-02-18 00:00:00+00:00, run_after=2024-02-25 00:00:00+00:00
[2024-02-24T17:47:35.910+0000] {processor.py:183} INFO - Processing /opt/airflow/dags/run_main.py took 0.125 seconds
[2024-02-24T17:48:06.384+0000] {processor.py:161} INFO - Started process (PID=1806) to work on /opt/airflow/dags/run_main.py
[2024-02-24T17:48:06.387+0000] {processor.py:830} INFO - Processing file /opt/airflow/dags/run_main.py for tasks to queue
[2024-02-24T17:48:06.389+0000] {logging_mixin.py:188} INFO - [2024-02-24T17:48:06.388+0000] {dagbag.py:538} INFO - Filling up the DagBag from /opt/airflow/dags/run_main.py
[2024-02-24T17:48:06.403+0000] {processor.py:840} INFO - DAG(s) 'run_main' retrieved from /opt/airflow/dags/run_main.py
[2024-02-24T17:48:06.437+0000] {logging_mixin.py:188} INFO - [2024-02-24T17:48:06.436+0000] {dag.py:3036} INFO - Sync 1 DAGs
[2024-02-24T17:48:06.484+0000] {logging_mixin.py:188} INFO - [2024-02-24T17:48:06.484+0000] {dag.py:3823} INFO - Setting next_dagrun for run_main to 2024-02-18 00:00:00+00:00, run_after=2024-02-25 00:00:00+00:00
[2024-02-24T17:48:06.521+0000] {processor.py:183} INFO - Processing /opt/airflow/dags/run_main.py took 0.144 seconds
[2024-02-24T17:48:36.991+0000] {processor.py:161} INFO - Started process (PID=1864) to work on /opt/airflow/dags/run_main.py
[2024-02-24T17:48:36.993+0000] {processor.py:830} INFO - Processing file /opt/airflow/dags/run_main.py for tasks to queue
[2024-02-24T17:48:36.997+0000] {logging_mixin.py:188} INFO - [2024-02-24T17:48:36.996+0000] {dagbag.py:538} INFO - Filling up the DagBag from /opt/airflow/dags/run_main.py
[2024-02-24T17:48:37.013+0000] {processor.py:840} INFO - DAG(s) 'run_main' retrieved from /opt/airflow/dags/run_main.py
[2024-02-24T17:48:37.042+0000] {logging_mixin.py:188} INFO - [2024-02-24T17:48:37.042+0000] {dag.py:3036} INFO - Sync 1 DAGs
[2024-02-24T17:48:37.081+0000] {logging_mixin.py:188} INFO - [2024-02-24T17:48:37.080+0000] {dag.py:3823} INFO - Setting next_dagrun for run_main to 2024-02-18 00:00:00+00:00, run_after=2024-02-25 00:00:00+00:00
[2024-02-24T17:48:37.113+0000] {processor.py:183} INFO - Processing /opt/airflow/dags/run_main.py took 0.127 seconds
[2024-02-24T17:49:08.118+0000] {processor.py:161} INFO - Started process (PID=1921) to work on /opt/airflow/dags/run_main.py
[2024-02-24T17:49:08.120+0000] {processor.py:830} INFO - Processing file /opt/airflow/dags/run_main.py for tasks to queue
[2024-02-24T17:49:08.123+0000] {logging_mixin.py:188} INFO - [2024-02-24T17:49:08.123+0000] {dagbag.py:538} INFO - Filling up the DagBag from /opt/airflow/dags/run_main.py
[2024-02-24T17:49:08.135+0000] {processor.py:840} INFO - DAG(s) 'run_main' retrieved from /opt/airflow/dags/run_main.py
[2024-02-24T17:49:08.167+0000] {logging_mixin.py:188} INFO - [2024-02-24T17:49:08.166+0000] {dag.py:3036} INFO - Sync 1 DAGs
[2024-02-24T17:49:08.220+0000] {logging_mixin.py:188} INFO - [2024-02-24T17:49:08.219+0000] {dag.py:3823} INFO - Setting next_dagrun for run_main to 2024-02-18 00:00:00+00:00, run_after=2024-02-25 00:00:00+00:00
[2024-02-24T17:49:08.282+0000] {processor.py:183} INFO - Processing /opt/airflow/dags/run_main.py took 0.169 seconds
[2024-02-24T17:49:38.842+0000] {processor.py:161} INFO - Started process (PID=1977) to work on /opt/airflow/dags/run_main.py
[2024-02-24T17:49:38.843+0000] {processor.py:830} INFO - Processing file /opt/airflow/dags/run_main.py for tasks to queue
[2024-02-24T17:49:38.846+0000] {logging_mixin.py:188} INFO - [2024-02-24T17:49:38.845+0000] {dagbag.py:538} INFO - Filling up the DagBag from /opt/airflow/dags/run_main.py
[2024-02-24T17:49:38.857+0000] {processor.py:840} INFO - DAG(s) 'run_main' retrieved from /opt/airflow/dags/run_main.py
[2024-02-24T17:49:38.885+0000] {logging_mixin.py:188} INFO - [2024-02-24T17:49:38.885+0000] {dag.py:3036} INFO - Sync 1 DAGs
[2024-02-24T17:49:38.925+0000] {logging_mixin.py:188} INFO - [2024-02-24T17:49:38.925+0000] {dag.py:3823} INFO - Setting next_dagrun for run_main to 2024-02-18 00:00:00+00:00, run_after=2024-02-25 00:00:00+00:00
[2024-02-24T17:49:38.955+0000] {processor.py:183} INFO - Processing /opt/airflow/dags/run_main.py took 0.119 seconds
[2024-02-24T17:50:08.994+0000] {processor.py:161} INFO - Started process (PID=2034) to work on /opt/airflow/dags/run_main.py
[2024-02-24T17:50:08.996+0000] {processor.py:830} INFO - Processing file /opt/airflow/dags/run_main.py for tasks to queue
[2024-02-24T17:50:08.998+0000] {logging_mixin.py:188} INFO - [2024-02-24T17:50:08.998+0000] {dagbag.py:538} INFO - Filling up the DagBag from /opt/airflow/dags/run_main.py
[2024-02-24T17:50:09.011+0000] {processor.py:840} INFO - DAG(s) 'run_main' retrieved from /opt/airflow/dags/run_main.py
[2024-02-24T17:50:09.041+0000] {logging_mixin.py:188} INFO - [2024-02-24T17:50:09.040+0000] {dag.py:3036} INFO - Sync 1 DAGs
[2024-02-24T17:50:09.079+0000] {logging_mixin.py:188} INFO - [2024-02-24T17:50:09.079+0000] {dag.py:3823} INFO - Setting next_dagrun for run_main to 2024-02-18 00:00:00+00:00, run_after=2024-02-25 00:00:00+00:00
[2024-02-24T17:50:09.108+0000] {processor.py:183} INFO - Processing /opt/airflow/dags/run_main.py took 0.120 seconds
[2024-02-24T17:50:39.154+0000] {processor.py:161} INFO - Started process (PID=2092) to work on /opt/airflow/dags/run_main.py
[2024-02-24T17:50:39.156+0000] {processor.py:830} INFO - Processing file /opt/airflow/dags/run_main.py for tasks to queue
[2024-02-24T17:50:39.159+0000] {logging_mixin.py:188} INFO - [2024-02-24T17:50:39.159+0000] {dagbag.py:538} INFO - Filling up the DagBag from /opt/airflow/dags/run_main.py
[2024-02-24T17:50:39.171+0000] {processor.py:840} INFO - DAG(s) 'run_main' retrieved from /opt/airflow/dags/run_main.py
[2024-02-24T17:50:39.202+0000] {logging_mixin.py:188} INFO - [2024-02-24T17:50:39.201+0000] {dag.py:3036} INFO - Sync 1 DAGs
[2024-02-24T17:50:39.244+0000] {logging_mixin.py:188} INFO - [2024-02-24T17:50:39.243+0000] {dag.py:3823} INFO - Setting next_dagrun for run_main to 2024-02-18 00:00:00+00:00, run_after=2024-02-25 00:00:00+00:00
[2024-02-24T17:50:39.276+0000] {processor.py:183} INFO - Processing /opt/airflow/dags/run_main.py took 0.128 seconds
[2024-02-24T17:51:09.878+0000] {processor.py:161} INFO - Started process (PID=2148) to work on /opt/airflow/dags/run_main.py
[2024-02-24T17:51:09.880+0000] {processor.py:830} INFO - Processing file /opt/airflow/dags/run_main.py for tasks to queue
[2024-02-24T17:51:09.883+0000] {logging_mixin.py:188} INFO - [2024-02-24T17:51:09.883+0000] {dagbag.py:538} INFO - Filling up the DagBag from /opt/airflow/dags/run_main.py
[2024-02-24T17:51:09.894+0000] {processor.py:840} INFO - DAG(s) 'run_main' retrieved from /opt/airflow/dags/run_main.py
[2024-02-24T17:51:09.923+0000] {logging_mixin.py:188} INFO - [2024-02-24T17:51:09.923+0000] {dag.py:3036} INFO - Sync 1 DAGs
[2024-02-24T17:51:09.964+0000] {logging_mixin.py:188} INFO - [2024-02-24T17:51:09.963+0000] {dag.py:3823} INFO - Setting next_dagrun for run_main to 2024-02-18 00:00:00+00:00, run_after=2024-02-25 00:00:00+00:00
[2024-02-24T17:51:09.992+0000] {processor.py:183} INFO - Processing /opt/airflow/dags/run_main.py took 0.120 seconds
[2024-02-24T17:51:40.044+0000] {processor.py:161} INFO - Started process (PID=2205) to work on /opt/airflow/dags/run_main.py
[2024-02-24T17:51:40.045+0000] {processor.py:830} INFO - Processing file /opt/airflow/dags/run_main.py for tasks to queue
[2024-02-24T17:51:40.049+0000] {logging_mixin.py:188} INFO - [2024-02-24T17:51:40.048+0000] {dagbag.py:538} INFO - Filling up the DagBag from /opt/airflow/dags/run_main.py
[2024-02-24T17:51:40.063+0000] {processor.py:840} INFO - DAG(s) 'run_main' retrieved from /opt/airflow/dags/run_main.py
[2024-02-24T17:51:40.105+0000] {logging_mixin.py:188} INFO - [2024-02-24T17:51:40.104+0000] {dag.py:3036} INFO - Sync 1 DAGs
[2024-02-24T17:51:40.151+0000] {logging_mixin.py:188} INFO - [2024-02-24T17:51:40.150+0000] {dag.py:3823} INFO - Setting next_dagrun for run_main to 2024-02-18 00:00:00+00:00, run_after=2024-02-25 00:00:00+00:00
[2024-02-24T17:51:40.184+0000] {processor.py:183} INFO - Processing /opt/airflow/dags/run_main.py took 0.145 seconds
[2024-02-24T17:52:10.348+0000] {processor.py:161} INFO - Started process (PID=2263) to work on /opt/airflow/dags/run_main.py
[2024-02-24T17:52:10.349+0000] {processor.py:830} INFO - Processing file /opt/airflow/dags/run_main.py for tasks to queue
[2024-02-24T17:52:10.353+0000] {logging_mixin.py:188} INFO - [2024-02-24T17:52:10.352+0000] {dagbag.py:538} INFO - Filling up the DagBag from /opt/airflow/dags/run_main.py
[2024-02-24T17:52:10.364+0000] {processor.py:840} INFO - DAG(s) 'run_main' retrieved from /opt/airflow/dags/run_main.py
[2024-02-24T17:52:10.394+0000] {logging_mixin.py:188} INFO - [2024-02-24T17:52:10.393+0000] {dag.py:3036} INFO - Sync 1 DAGs
[2024-02-24T17:52:10.435+0000] {logging_mixin.py:188} INFO - [2024-02-24T17:52:10.434+0000] {dag.py:3823} INFO - Setting next_dagrun for run_main to 2024-02-18 00:00:00+00:00, run_after=2024-02-25 00:00:00+00:00
[2024-02-24T17:52:10.472+0000] {processor.py:183} INFO - Processing /opt/airflow/dags/run_main.py took 0.129 seconds
[2024-02-24T17:52:41.333+0000] {processor.py:161} INFO - Started process (PID=2320) to work on /opt/airflow/dags/run_main.py
[2024-02-24T17:52:41.334+0000] {processor.py:830} INFO - Processing file /opt/airflow/dags/run_main.py for tasks to queue
[2024-02-24T17:52:41.337+0000] {logging_mixin.py:188} INFO - [2024-02-24T17:52:41.337+0000] {dagbag.py:538} INFO - Filling up the DagBag from /opt/airflow/dags/run_main.py
[2024-02-24T17:52:41.351+0000] {processor.py:840} INFO - DAG(s) 'run_main' retrieved from /opt/airflow/dags/run_main.py
[2024-02-24T17:52:41.387+0000] {logging_mixin.py:188} INFO - [2024-02-24T17:52:41.386+0000] {dag.py:3036} INFO - Sync 1 DAGs
[2024-02-24T17:52:41.427+0000] {logging_mixin.py:188} INFO - [2024-02-24T17:52:41.426+0000] {dag.py:3823} INFO - Setting next_dagrun for run_main to 2024-02-18 00:00:00+00:00, run_after=2024-02-25 00:00:00+00:00
[2024-02-24T17:52:41.458+0000] {processor.py:183} INFO - Processing /opt/airflow/dags/run_main.py took 0.130 seconds
[2024-02-24T17:53:11.672+0000] {processor.py:161} INFO - Started process (PID=2377) to work on /opt/airflow/dags/run_main.py
[2024-02-24T17:53:11.675+0000] {processor.py:830} INFO - Processing file /opt/airflow/dags/run_main.py for tasks to queue
[2024-02-24T17:53:11.678+0000] {logging_mixin.py:188} INFO - [2024-02-24T17:53:11.677+0000] {dagbag.py:538} INFO - Filling up the DagBag from /opt/airflow/dags/run_main.py
[2024-02-24T17:53:11.692+0000] {processor.py:840} INFO - DAG(s) 'run_main' retrieved from /opt/airflow/dags/run_main.py
[2024-02-24T17:53:11.723+0000] {logging_mixin.py:188} INFO - [2024-02-24T17:53:11.723+0000] {dag.py:3036} INFO - Sync 1 DAGs
[2024-02-24T17:53:11.762+0000] {logging_mixin.py:188} INFO - [2024-02-24T17:53:11.762+0000] {dag.py:3823} INFO - Setting next_dagrun for run_main to 2024-02-18 00:00:00+00:00, run_after=2024-02-25 00:00:00+00:00
[2024-02-24T17:53:11.794+0000] {processor.py:183} INFO - Processing /opt/airflow/dags/run_main.py took 0.127 seconds
[2024-02-24T17:53:41.917+0000] {processor.py:161} INFO - Started process (PID=2434) to work on /opt/airflow/dags/run_main.py
[2024-02-24T17:53:41.918+0000] {processor.py:830} INFO - Processing file /opt/airflow/dags/run_main.py for tasks to queue
[2024-02-24T17:53:41.921+0000] {logging_mixin.py:188} INFO - [2024-02-24T17:53:41.920+0000] {dagbag.py:538} INFO - Filling up the DagBag from /opt/airflow/dags/run_main.py
[2024-02-24T17:53:41.933+0000] {processor.py:840} INFO - DAG(s) 'run_main' retrieved from /opt/airflow/dags/run_main.py
[2024-02-24T17:53:41.962+0000] {logging_mixin.py:188} INFO - [2024-02-24T17:53:41.962+0000] {dag.py:3036} INFO - Sync 1 DAGs
[2024-02-24T17:53:42.001+0000] {logging_mixin.py:188} INFO - [2024-02-24T17:53:42.001+0000] {dag.py:3823} INFO - Setting next_dagrun for run_main to 2024-02-18 00:00:00+00:00, run_after=2024-02-25 00:00:00+00:00
[2024-02-24T17:53:42.031+0000] {processor.py:183} INFO - Processing /opt/airflow/dags/run_main.py took 0.119 seconds
[2024-02-24T17:54:12.506+0000] {processor.py:161} INFO - Started process (PID=2491) to work on /opt/airflow/dags/run_main.py
[2024-02-24T17:54:12.507+0000] {processor.py:830} INFO - Processing file /opt/airflow/dags/run_main.py for tasks to queue
[2024-02-24T17:54:12.510+0000] {logging_mixin.py:188} INFO - [2024-02-24T17:54:12.509+0000] {dagbag.py:538} INFO - Filling up the DagBag from /opt/airflow/dags/run_main.py
[2024-02-24T17:54:12.527+0000] {processor.py:840} INFO - DAG(s) 'run_main' retrieved from /opt/airflow/dags/run_main.py
[2024-02-24T17:54:12.555+0000] {logging_mixin.py:188} INFO - [2024-02-24T17:54:12.555+0000] {dag.py:3036} INFO - Sync 1 DAGs
[2024-02-24T17:54:12.594+0000] {logging_mixin.py:188} INFO - [2024-02-24T17:54:12.594+0000] {dag.py:3823} INFO - Setting next_dagrun for run_main to 2024-02-18 00:00:00+00:00, run_after=2024-02-25 00:00:00+00:00
[2024-02-24T17:54:12.624+0000] {processor.py:183} INFO - Processing /opt/airflow/dags/run_main.py took 0.124 seconds
[2024-02-24T17:54:43.197+0000] {processor.py:161} INFO - Started process (PID=2548) to work on /opt/airflow/dags/run_main.py
[2024-02-24T17:54:43.199+0000] {processor.py:830} INFO - Processing file /opt/airflow/dags/run_main.py for tasks to queue
[2024-02-24T17:54:43.202+0000] {logging_mixin.py:188} INFO - [2024-02-24T17:54:43.201+0000] {dagbag.py:538} INFO - Filling up the DagBag from /opt/airflow/dags/run_main.py
[2024-02-24T17:54:43.214+0000] {processor.py:840} INFO - DAG(s) 'run_main' retrieved from /opt/airflow/dags/run_main.py
[2024-02-24T17:54:43.244+0000] {logging_mixin.py:188} INFO - [2024-02-24T17:54:43.244+0000] {dag.py:3036} INFO - Sync 1 DAGs
[2024-02-24T17:54:43.283+0000] {logging_mixin.py:188} INFO - [2024-02-24T17:54:43.283+0000] {dag.py:3823} INFO - Setting next_dagrun for run_main to 2024-02-18 00:00:00+00:00, run_after=2024-02-25 00:00:00+00:00
[2024-02-24T17:54:43.314+0000] {processor.py:183} INFO - Processing /opt/airflow/dags/run_main.py took 0.122 seconds
[2024-02-24T17:55:13.608+0000] {processor.py:161} INFO - Started process (PID=2605) to work on /opt/airflow/dags/run_main.py
[2024-02-24T17:55:13.610+0000] {processor.py:830} INFO - Processing file /opt/airflow/dags/run_main.py for tasks to queue
[2024-02-24T17:55:13.613+0000] {logging_mixin.py:188} INFO - [2024-02-24T17:55:13.612+0000] {dagbag.py:538} INFO - Filling up the DagBag from /opt/airflow/dags/run_main.py
[2024-02-24T17:55:13.629+0000] {processor.py:840} INFO - DAG(s) 'run_main' retrieved from /opt/airflow/dags/run_main.py
[2024-02-24T17:55:13.658+0000] {logging_mixin.py:188} INFO - [2024-02-24T17:55:13.658+0000] {dag.py:3036} INFO - Sync 1 DAGs
[2024-02-24T17:55:13.700+0000] {logging_mixin.py:188} INFO - [2024-02-24T17:55:13.700+0000] {dag.py:3823} INFO - Setting next_dagrun for run_main to 2024-02-18 00:00:00+00:00, run_after=2024-02-25 00:00:00+00:00
[2024-02-24T17:55:13.731+0000] {processor.py:183} INFO - Processing /opt/airflow/dags/run_main.py took 0.128 seconds
[2024-02-24T17:55:44.440+0000] {processor.py:161} INFO - Started process (PID=2662) to work on /opt/airflow/dags/run_main.py
[2024-02-24T17:55:44.442+0000] {processor.py:830} INFO - Processing file /opt/airflow/dags/run_main.py for tasks to queue
[2024-02-24T17:55:44.446+0000] {logging_mixin.py:188} INFO - [2024-02-24T17:55:44.444+0000] {dagbag.py:538} INFO - Filling up the DagBag from /opt/airflow/dags/run_main.py
[2024-02-24T17:55:44.459+0000] {processor.py:840} INFO - DAG(s) 'run_main' retrieved from /opt/airflow/dags/run_main.py
[2024-02-24T17:55:44.493+0000] {logging_mixin.py:188} INFO - [2024-02-24T17:55:44.492+0000] {dag.py:3036} INFO - Sync 1 DAGs
[2024-02-24T17:55:44.535+0000] {logging_mixin.py:188} INFO - [2024-02-24T17:55:44.535+0000] {dag.py:3823} INFO - Setting next_dagrun for run_main to 2024-02-18 00:00:00+00:00, run_after=2024-02-25 00:00:00+00:00
[2024-02-24T17:55:44.566+0000] {processor.py:183} INFO - Processing /opt/airflow/dags/run_main.py took 0.131 seconds
[2024-02-24T17:56:14.725+0000] {processor.py:161} INFO - Started process (PID=2719) to work on /opt/airflow/dags/run_main.py
[2024-02-24T17:56:14.726+0000] {processor.py:830} INFO - Processing file /opt/airflow/dags/run_main.py for tasks to queue
[2024-02-24T17:56:14.729+0000] {logging_mixin.py:188} INFO - [2024-02-24T17:56:14.729+0000] {dagbag.py:538} INFO - Filling up the DagBag from /opt/airflow/dags/run_main.py
[2024-02-24T17:56:14.743+0000] {processor.py:840} INFO - DAG(s) 'run_main' retrieved from /opt/airflow/dags/run_main.py
[2024-02-24T17:56:14.774+0000] {logging_mixin.py:188} INFO - [2024-02-24T17:56:14.774+0000] {dag.py:3036} INFO - Sync 1 DAGs
[2024-02-24T17:56:14.816+0000] {logging_mixin.py:188} INFO - [2024-02-24T17:56:14.815+0000] {dag.py:3823} INFO - Setting next_dagrun for run_main to 2024-02-18 00:00:00+00:00, run_after=2024-02-25 00:00:00+00:00
[2024-02-24T17:56:14.849+0000] {processor.py:183} INFO - Processing /opt/airflow/dags/run_main.py took 0.131 seconds
[2024-02-24T17:56:45.815+0000] {processor.py:161} INFO - Started process (PID=2776) to work on /opt/airflow/dags/run_main.py
[2024-02-24T17:56:45.817+0000] {processor.py:830} INFO - Processing file /opt/airflow/dags/run_main.py for tasks to queue
[2024-02-24T17:56:45.820+0000] {logging_mixin.py:188} INFO - [2024-02-24T17:56:45.819+0000] {dagbag.py:538} INFO - Filling up the DagBag from /opt/airflow/dags/run_main.py
[2024-02-24T17:56:45.833+0000] {processor.py:840} INFO - DAG(s) 'run_main' retrieved from /opt/airflow/dags/run_main.py
[2024-02-24T17:56:45.868+0000] {logging_mixin.py:188} INFO - [2024-02-24T17:56:45.868+0000] {dag.py:3036} INFO - Sync 1 DAGs
[2024-02-24T17:56:46.078+0000] {logging_mixin.py:188} INFO - [2024-02-24T17:56:46.077+0000] {dag.py:3823} INFO - Setting next_dagrun for run_main to 2024-02-18 00:00:00+00:00, run_after=2024-02-25 00:00:00+00:00
[2024-02-24T17:56:46.111+0000] {processor.py:183} INFO - Processing /opt/airflow/dags/run_main.py took 0.300 seconds
[2024-02-24T17:57:16.455+0000] {processor.py:161} INFO - Started process (PID=2833) to work on /opt/airflow/dags/run_main.py
[2024-02-24T17:57:16.457+0000] {processor.py:830} INFO - Processing file /opt/airflow/dags/run_main.py for tasks to queue
[2024-02-24T17:57:16.459+0000] {logging_mixin.py:188} INFO - [2024-02-24T17:57:16.459+0000] {dagbag.py:538} INFO - Filling up the DagBag from /opt/airflow/dags/run_main.py
[2024-02-24T17:57:16.472+0000] {processor.py:840} INFO - DAG(s) 'run_main' retrieved from /opt/airflow/dags/run_main.py
[2024-02-24T17:57:16.505+0000] {logging_mixin.py:188} INFO - [2024-02-24T17:57:16.504+0000] {dag.py:3036} INFO - Sync 1 DAGs
[2024-02-24T17:57:16.545+0000] {logging_mixin.py:188} INFO - [2024-02-24T17:57:16.545+0000] {dag.py:3823} INFO - Setting next_dagrun for run_main to 2024-02-18 00:00:00+00:00, run_after=2024-02-25 00:00:00+00:00
[2024-02-24T17:57:16.576+0000] {processor.py:183} INFO - Processing /opt/airflow/dags/run_main.py took 0.126 seconds
[2024-02-24T17:57:47.456+0000] {processor.py:161} INFO - Started process (PID=2891) to work on /opt/airflow/dags/run_main.py
[2024-02-24T17:57:47.458+0000] {processor.py:830} INFO - Processing file /opt/airflow/dags/run_main.py for tasks to queue
[2024-02-24T17:57:47.461+0000] {logging_mixin.py:188} INFO - [2024-02-24T17:57:47.460+0000] {dagbag.py:538} INFO - Filling up the DagBag from /opt/airflow/dags/run_main.py
[2024-02-24T17:57:47.473+0000] {processor.py:840} INFO - DAG(s) 'run_main' retrieved from /opt/airflow/dags/run_main.py
[2024-02-24T17:57:47.506+0000] {logging_mixin.py:188} INFO - [2024-02-24T17:57:47.505+0000] {dag.py:3036} INFO - Sync 1 DAGs
[2024-02-24T17:57:47.550+0000] {logging_mixin.py:188} INFO - [2024-02-24T17:57:47.550+0000] {dag.py:3823} INFO - Setting next_dagrun for run_main to 2024-02-18 00:00:00+00:00, run_after=2024-02-25 00:00:00+00:00
[2024-02-24T17:57:47.581+0000] {processor.py:183} INFO - Processing /opt/airflow/dags/run_main.py took 0.130 seconds
[2024-02-24T18:10:07.639+0000] {processor.py:161} INFO - Started process (PID=36) to work on /opt/airflow/dags/run_main.py
[2024-02-24T18:10:07.641+0000] {processor.py:830} INFO - Processing file /opt/airflow/dags/run_main.py for tasks to queue
[2024-02-24T18:10:07.644+0000] {logging_mixin.py:188} INFO - [2024-02-24T18:10:07.644+0000] {dagbag.py:538} INFO - Filling up the DagBag from /opt/airflow/dags/run_main.py
[2024-02-24T18:10:07.694+0000] {processor.py:840} INFO - DAG(s) 'run_main' retrieved from /opt/airflow/dags/run_main.py
[2024-02-24T18:10:08.229+0000] {logging_mixin.py:188} INFO - [2024-02-24T18:10:08.228+0000] {dag.py:3036} INFO - Sync 1 DAGs
[2024-02-24T18:10:08.275+0000] {logging_mixin.py:188} INFO - [2024-02-24T18:10:08.275+0000] {dag.py:3823} INFO - Setting next_dagrun for run_main to 2024-02-18 00:00:00+00:00, run_after=2024-02-25 00:00:00+00:00
[2024-02-24T18:10:08.311+0000] {processor.py:183} INFO - Processing /opt/airflow/dags/run_main.py took 0.677 seconds
[2024-02-24T18:10:38.356+0000] {processor.py:161} INFO - Started process (PID=100) to work on /opt/airflow/dags/run_main.py
[2024-02-24T18:10:38.358+0000] {processor.py:830} INFO - Processing file /opt/airflow/dags/run_main.py for tasks to queue
[2024-02-24T18:10:38.361+0000] {logging_mixin.py:188} INFO - [2024-02-24T18:10:38.361+0000] {dagbag.py:538} INFO - Filling up the DagBag from /opt/airflow/dags/run_main.py
[2024-02-24T18:10:38.373+0000] {processor.py:840} INFO - DAG(s) 'run_main' retrieved from /opt/airflow/dags/run_main.py
[2024-02-24T18:10:38.400+0000] {logging_mixin.py:188} INFO - [2024-02-24T18:10:38.400+0000] {dag.py:3036} INFO - Sync 1 DAGs
[2024-02-24T18:10:38.439+0000] {logging_mixin.py:188} INFO - [2024-02-24T18:10:38.439+0000] {dag.py:3823} INFO - Setting next_dagrun for run_main to 2024-02-18 00:00:00+00:00, run_after=2024-02-25 00:00:00+00:00
[2024-02-24T18:10:38.465+0000] {processor.py:183} INFO - Processing /opt/airflow/dags/run_main.py took 0.115 seconds
[2024-02-24T18:11:08.604+0000] {processor.py:161} INFO - Started process (PID=156) to work on /opt/airflow/dags/run_main.py
[2024-02-24T18:11:08.605+0000] {processor.py:830} INFO - Processing file /opt/airflow/dags/run_main.py for tasks to queue
[2024-02-24T18:11:08.610+0000] {logging_mixin.py:188} INFO - [2024-02-24T18:11:08.609+0000] {dagbag.py:538} INFO - Filling up the DagBag from /opt/airflow/dags/run_main.py
[2024-02-24T18:11:08.631+0000] {processor.py:840} INFO - DAG(s) 'run_main' retrieved from /opt/airflow/dags/run_main.py
[2024-02-24T18:11:08.665+0000] {logging_mixin.py:188} INFO - [2024-02-24T18:11:08.664+0000] {dag.py:3036} INFO - Sync 1 DAGs
[2024-02-24T18:11:08.719+0000] {logging_mixin.py:188} INFO - [2024-02-24T18:11:08.719+0000] {dag.py:3823} INFO - Setting next_dagrun for run_main to 2024-02-18 00:00:00+00:00, run_after=2024-02-25 00:00:00+00:00
[2024-02-24T18:11:08.761+0000] {processor.py:183} INFO - Processing /opt/airflow/dags/run_main.py took 0.162 seconds
[2024-02-24T18:11:39.308+0000] {processor.py:161} INFO - Started process (PID=214) to work on /opt/airflow/dags/run_main.py
[2024-02-24T18:11:39.309+0000] {processor.py:830} INFO - Processing file /opt/airflow/dags/run_main.py for tasks to queue
[2024-02-24T18:11:39.312+0000] {logging_mixin.py:188} INFO - [2024-02-24T18:11:39.311+0000] {dagbag.py:538} INFO - Filling up the DagBag from /opt/airflow/dags/run_main.py
[2024-02-24T18:11:39.325+0000] {processor.py:840} INFO - DAG(s) 'run_main' retrieved from /opt/airflow/dags/run_main.py
[2024-02-24T18:11:39.357+0000] {logging_mixin.py:188} INFO - [2024-02-24T18:11:39.357+0000] {dag.py:3036} INFO - Sync 1 DAGs
[2024-02-24T18:11:39.399+0000] {logging_mixin.py:188} INFO - [2024-02-24T18:11:39.399+0000] {dag.py:3823} INFO - Setting next_dagrun for run_main to 2024-02-18 00:00:00+00:00, run_after=2024-02-25 00:00:00+00:00
[2024-02-24T18:11:39.431+0000] {processor.py:183} INFO - Processing /opt/airflow/dags/run_main.py took 0.129 seconds
[2024-02-24T18:16:36.723+0000] {processor.py:161} INFO - Started process (PID=35) to work on /opt/airflow/dags/run_main.py
[2024-02-24T18:16:36.724+0000] {processor.py:830} INFO - Processing file /opt/airflow/dags/run_main.py for tasks to queue
[2024-02-24T18:16:36.727+0000] {logging_mixin.py:188} INFO - [2024-02-24T18:16:36.727+0000] {dagbag.py:538} INFO - Filling up the DagBag from /opt/airflow/dags/run_main.py
[2024-02-24T18:16:36.773+0000] {processor.py:840} INFO - DAG(s) 'run_main' retrieved from /opt/airflow/dags/run_main.py
[2024-02-24T18:16:37.221+0000] {logging_mixin.py:188} INFO - [2024-02-24T18:16:37.221+0000] {dag.py:3036} INFO - Sync 1 DAGs
[2024-02-24T18:16:37.280+0000] {logging_mixin.py:188} INFO - [2024-02-24T18:16:37.279+0000] {dag.py:3823} INFO - Setting next_dagrun for run_main to 2024-02-18 00:00:00+00:00, run_after=2024-02-25 00:00:00+00:00
[2024-02-24T18:16:37.319+0000] {processor.py:183} INFO - Processing /opt/airflow/dags/run_main.py took 0.602 seconds
[2024-02-24T18:17:07.356+0000] {processor.py:161} INFO - Started process (PID=97) to work on /opt/airflow/dags/run_main.py
[2024-02-24T18:17:07.359+0000] {processor.py:830} INFO - Processing file /opt/airflow/dags/run_main.py for tasks to queue
[2024-02-24T18:17:07.361+0000] {logging_mixin.py:188} INFO - [2024-02-24T18:17:07.361+0000] {dagbag.py:538} INFO - Filling up the DagBag from /opt/airflow/dags/run_main.py
[2024-02-24T18:17:07.373+0000] {processor.py:840} INFO - DAG(s) 'run_main' retrieved from /opt/airflow/dags/run_main.py
[2024-02-24T18:17:07.401+0000] {logging_mixin.py:188} INFO - [2024-02-24T18:17:07.400+0000] {dag.py:3036} INFO - Sync 1 DAGs
[2024-02-24T18:17:07.441+0000] {logging_mixin.py:188} INFO - [2024-02-24T18:17:07.440+0000] {dag.py:3823} INFO - Setting next_dagrun for run_main to 2024-02-18 00:00:00+00:00, run_after=2024-02-25 00:00:00+00:00
[2024-02-24T18:17:07.469+0000] {processor.py:183} INFO - Processing /opt/airflow/dags/run_main.py took 0.118 seconds
[2024-02-24T18:17:37.709+0000] {processor.py:161} INFO - Started process (PID=155) to work on /opt/airflow/dags/run_main.py
[2024-02-24T18:17:37.710+0000] {processor.py:830} INFO - Processing file /opt/airflow/dags/run_main.py for tasks to queue
[2024-02-24T18:17:37.713+0000] {logging_mixin.py:188} INFO - [2024-02-24T18:17:37.713+0000] {dagbag.py:538} INFO - Filling up the DagBag from /opt/airflow/dags/run_main.py
[2024-02-24T18:17:37.727+0000] {processor.py:840} INFO - DAG(s) 'run_main' retrieved from /opt/airflow/dags/run_main.py
[2024-02-24T18:17:37.760+0000] {logging_mixin.py:188} INFO - [2024-02-24T18:17:37.759+0000] {dag.py:3036} INFO - Sync 1 DAGs
[2024-02-24T18:17:37.800+0000] {logging_mixin.py:188} INFO - [2024-02-24T18:17:37.799+0000] {dag.py:3823} INFO - Setting next_dagrun for run_main to 2024-02-18 00:00:00+00:00, run_after=2024-02-25 00:00:00+00:00
[2024-02-24T18:17:37.831+0000] {processor.py:183} INFO - Processing /opt/airflow/dags/run_main.py took 0.127 seconds
[2024-02-24T18:18:08.237+0000] {processor.py:161} INFO - Started process (PID=212) to work on /opt/airflow/dags/run_main.py
[2024-02-24T18:18:08.239+0000] {processor.py:830} INFO - Processing file /opt/airflow/dags/run_main.py for tasks to queue
[2024-02-24T18:18:08.241+0000] {logging_mixin.py:188} INFO - [2024-02-24T18:18:08.241+0000] {dagbag.py:538} INFO - Filling up the DagBag from /opt/airflow/dags/run_main.py
[2024-02-24T18:18:08.254+0000] {processor.py:840} INFO - DAG(s) 'run_main' retrieved from /opt/airflow/dags/run_main.py
[2024-02-24T18:18:08.285+0000] {logging_mixin.py:188} INFO - [2024-02-24T18:18:08.285+0000] {dag.py:3036} INFO - Sync 1 DAGs
[2024-02-24T18:18:08.325+0000] {logging_mixin.py:188} INFO - [2024-02-24T18:18:08.324+0000] {dag.py:3823} INFO - Setting next_dagrun for run_main to 2024-02-18 00:00:00+00:00, run_after=2024-02-25 00:00:00+00:00
[2024-02-24T18:18:08.354+0000] {processor.py:183} INFO - Processing /opt/airflow/dags/run_main.py took 0.122 seconds
[2024-02-24T18:18:38.461+0000] {processor.py:161} INFO - Started process (PID=269) to work on /opt/airflow/dags/run_main.py
[2024-02-24T18:18:38.463+0000] {processor.py:830} INFO - Processing file /opt/airflow/dags/run_main.py for tasks to queue
[2024-02-24T18:18:38.465+0000] {logging_mixin.py:188} INFO - [2024-02-24T18:18:38.465+0000] {dagbag.py:538} INFO - Filling up the DagBag from /opt/airflow/dags/run_main.py
[2024-02-24T18:18:38.480+0000] {processor.py:840} INFO - DAG(s) 'run_main' retrieved from /opt/airflow/dags/run_main.py
[2024-02-24T18:18:38.510+0000] {logging_mixin.py:188} INFO - [2024-02-24T18:18:38.510+0000] {dag.py:3036} INFO - Sync 1 DAGs
[2024-02-24T18:18:38.550+0000] {logging_mixin.py:188} INFO - [2024-02-24T18:18:38.549+0000] {dag.py:3823} INFO - Setting next_dagrun for run_main to 2024-02-18 00:00:00+00:00, run_after=2024-02-25 00:00:00+00:00
[2024-02-24T18:18:38.580+0000] {processor.py:183} INFO - Processing /opt/airflow/dags/run_main.py took 0.125 seconds
[2024-02-24T18:19:09.336+0000] {processor.py:161} INFO - Started process (PID=326) to work on /opt/airflow/dags/run_main.py
[2024-02-24T18:19:09.338+0000] {processor.py:830} INFO - Processing file /opt/airflow/dags/run_main.py for tasks to queue
[2024-02-24T18:19:09.341+0000] {logging_mixin.py:188} INFO - [2024-02-24T18:19:09.340+0000] {dagbag.py:538} INFO - Filling up the DagBag from /opt/airflow/dags/run_main.py
[2024-02-24T18:19:09.356+0000] {processor.py:840} INFO - DAG(s) 'run_main' retrieved from /opt/airflow/dags/run_main.py
[2024-02-24T18:19:09.390+0000] {logging_mixin.py:188} INFO - [2024-02-24T18:19:09.390+0000] {dag.py:3036} INFO - Sync 1 DAGs
[2024-02-24T18:19:09.437+0000] {logging_mixin.py:188} INFO - [2024-02-24T18:19:09.437+0000] {dag.py:3823} INFO - Setting next_dagrun for run_main to 2024-02-18 00:00:00+00:00, run_after=2024-02-25 00:00:00+00:00
[2024-02-24T18:19:09.472+0000] {processor.py:183} INFO - Processing /opt/airflow/dags/run_main.py took 0.140 seconds
[2024-02-24T18:19:40.027+0000] {processor.py:161} INFO - Started process (PID=383) to work on /opt/airflow/dags/run_main.py
[2024-02-24T18:19:40.029+0000] {processor.py:830} INFO - Processing file /opt/airflow/dags/run_main.py for tasks to queue
[2024-02-24T18:19:40.031+0000] {logging_mixin.py:188} INFO - [2024-02-24T18:19:40.031+0000] {dagbag.py:538} INFO - Filling up the DagBag from /opt/airflow/dags/run_main.py
[2024-02-24T18:19:40.044+0000] {processor.py:840} INFO - DAG(s) 'run_main' retrieved from /opt/airflow/dags/run_main.py
[2024-02-24T18:19:40.078+0000] {logging_mixin.py:188} INFO - [2024-02-24T18:19:40.078+0000] {dag.py:3036} INFO - Sync 1 DAGs
[2024-02-24T18:19:40.121+0000] {logging_mixin.py:188} INFO - [2024-02-24T18:19:40.121+0000] {dag.py:3823} INFO - Setting next_dagrun for run_main to 2024-02-18 00:00:00+00:00, run_after=2024-02-25 00:00:00+00:00
[2024-02-24T18:19:40.157+0000] {processor.py:183} INFO - Processing /opt/airflow/dags/run_main.py took 0.135 seconds
[2024-02-24T18:20:10.859+0000] {processor.py:161} INFO - Started process (PID=440) to work on /opt/airflow/dags/run_main.py
[2024-02-24T18:20:10.860+0000] {processor.py:830} INFO - Processing file /opt/airflow/dags/run_main.py for tasks to queue
[2024-02-24T18:20:10.862+0000] {logging_mixin.py:188} INFO - [2024-02-24T18:20:10.862+0000] {dagbag.py:538} INFO - Filling up the DagBag from /opt/airflow/dags/run_main.py
[2024-02-24T18:20:10.877+0000] {processor.py:840} INFO - DAG(s) 'run_main' retrieved from /opt/airflow/dags/run_main.py
[2024-02-24T18:20:10.910+0000] {logging_mixin.py:188} INFO - [2024-02-24T18:20:10.909+0000] {dag.py:3036} INFO - Sync 1 DAGs
[2024-02-24T18:20:10.953+0000] {logging_mixin.py:188} INFO - [2024-02-24T18:20:10.952+0000] {dag.py:3823} INFO - Setting next_dagrun for run_main to 2024-02-18 00:00:00+00:00, run_after=2024-02-25 00:00:00+00:00
[2024-02-24T18:20:10.984+0000] {processor.py:183} INFO - Processing /opt/airflow/dags/run_main.py took 0.130 seconds
[2024-02-24T18:20:41.545+0000] {processor.py:161} INFO - Started process (PID=497) to work on /opt/airflow/dags/run_main.py
[2024-02-24T18:20:41.546+0000] {processor.py:830} INFO - Processing file /opt/airflow/dags/run_main.py for tasks to queue
[2024-02-24T18:20:41.548+0000] {logging_mixin.py:188} INFO - [2024-02-24T18:20:41.548+0000] {dagbag.py:538} INFO - Filling up the DagBag from /opt/airflow/dags/run_main.py
[2024-02-24T18:20:41.562+0000] {processor.py:840} INFO - DAG(s) 'run_main' retrieved from /opt/airflow/dags/run_main.py
[2024-02-24T18:20:41.595+0000] {logging_mixin.py:188} INFO - [2024-02-24T18:20:41.595+0000] {dag.py:3036} INFO - Sync 1 DAGs
[2024-02-24T18:20:41.634+0000] {logging_mixin.py:188} INFO - [2024-02-24T18:20:41.634+0000] {dag.py:3823} INFO - Setting next_dagrun for run_main to 2024-02-18 00:00:00+00:00, run_after=2024-02-25 00:00:00+00:00
[2024-02-24T18:20:41.666+0000] {processor.py:183} INFO - Processing /opt/airflow/dags/run_main.py took 0.127 seconds
[2024-02-24T18:21:12.088+0000] {processor.py:161} INFO - Started process (PID=554) to work on /opt/airflow/dags/run_main.py
[2024-02-24T18:21:12.089+0000] {processor.py:830} INFO - Processing file /opt/airflow/dags/run_main.py for tasks to queue
[2024-02-24T18:21:12.091+0000] {logging_mixin.py:188} INFO - [2024-02-24T18:21:12.091+0000] {dagbag.py:538} INFO - Filling up the DagBag from /opt/airflow/dags/run_main.py
[2024-02-24T18:21:12.104+0000] {processor.py:840} INFO - DAG(s) 'run_main' retrieved from /opt/airflow/dags/run_main.py
[2024-02-24T18:21:12.134+0000] {logging_mixin.py:188} INFO - [2024-02-24T18:21:12.134+0000] {dag.py:3036} INFO - Sync 1 DAGs
[2024-02-24T18:21:12.175+0000] {logging_mixin.py:188} INFO - [2024-02-24T18:21:12.174+0000] {dag.py:3823} INFO - Setting next_dagrun for run_main to 2024-02-18 00:00:00+00:00, run_after=2024-02-25 00:00:00+00:00
[2024-02-24T18:21:12.205+0000] {processor.py:183} INFO - Processing /opt/airflow/dags/run_main.py took 0.123 seconds
[2024-02-24T18:21:42.491+0000] {processor.py:161} INFO - Started process (PID=611) to work on /opt/airflow/dags/run_main.py
[2024-02-24T18:21:42.492+0000] {processor.py:830} INFO - Processing file /opt/airflow/dags/run_main.py for tasks to queue
[2024-02-24T18:21:42.495+0000] {logging_mixin.py:188} INFO - [2024-02-24T18:21:42.494+0000] {dagbag.py:538} INFO - Filling up the DagBag from /opt/airflow/dags/run_main.py
[2024-02-24T18:21:42.507+0000] {processor.py:840} INFO - DAG(s) 'run_main' retrieved from /opt/airflow/dags/run_main.py
[2024-02-24T18:21:42.537+0000] {logging_mixin.py:188} INFO - [2024-02-24T18:21:42.536+0000] {dag.py:3036} INFO - Sync 1 DAGs
[2024-02-24T18:21:42.575+0000] {logging_mixin.py:188} INFO - [2024-02-24T18:21:42.575+0000] {dag.py:3823} INFO - Setting next_dagrun for run_main to 2024-02-18 00:00:00+00:00, run_after=2024-02-25 00:00:00+00:00
[2024-02-24T18:21:42.606+0000] {processor.py:183} INFO - Processing /opt/airflow/dags/run_main.py took 0.120 seconds
[2024-02-24T18:22:12.871+0000] {processor.py:161} INFO - Started process (PID=668) to work on /opt/airflow/dags/run_main.py
[2024-02-24T18:22:12.872+0000] {processor.py:830} INFO - Processing file /opt/airflow/dags/run_main.py for tasks to queue
[2024-02-24T18:22:12.875+0000] {logging_mixin.py:188} INFO - [2024-02-24T18:22:12.874+0000] {dagbag.py:538} INFO - Filling up the DagBag from /opt/airflow/dags/run_main.py
[2024-02-24T18:22:12.887+0000] {processor.py:840} INFO - DAG(s) 'run_main' retrieved from /opt/airflow/dags/run_main.py
[2024-02-24T18:22:12.917+0000] {logging_mixin.py:188} INFO - [2024-02-24T18:22:12.917+0000] {dag.py:3036} INFO - Sync 1 DAGs
[2024-02-24T18:22:12.958+0000] {logging_mixin.py:188} INFO - [2024-02-24T18:22:12.957+0000] {dag.py:3823} INFO - Setting next_dagrun for run_main to 2024-02-18 00:00:00+00:00, run_after=2024-02-25 00:00:00+00:00
[2024-02-24T18:22:12.987+0000] {processor.py:183} INFO - Processing /opt/airflow/dags/run_main.py took 0.120 seconds
[2024-02-24T18:22:43.159+0000] {processor.py:161} INFO - Started process (PID=725) to work on /opt/airflow/dags/run_main.py
[2024-02-24T18:22:43.161+0000] {processor.py:830} INFO - Processing file /opt/airflow/dags/run_main.py for tasks to queue
[2024-02-24T18:22:43.163+0000] {logging_mixin.py:188} INFO - [2024-02-24T18:22:43.163+0000] {dagbag.py:538} INFO - Filling up the DagBag from /opt/airflow/dags/run_main.py
[2024-02-24T18:22:43.176+0000] {processor.py:840} INFO - DAG(s) 'run_main' retrieved from /opt/airflow/dags/run_main.py
[2024-02-24T18:22:43.206+0000] {logging_mixin.py:188} INFO - [2024-02-24T18:22:43.206+0000] {dag.py:3036} INFO - Sync 1 DAGs
[2024-02-24T18:22:43.246+0000] {logging_mixin.py:188} INFO - [2024-02-24T18:22:43.246+0000] {dag.py:3823} INFO - Setting next_dagrun for run_main to 2024-02-18 00:00:00+00:00, run_after=2024-02-25 00:00:00+00:00
[2024-02-24T18:22:43.280+0000] {processor.py:183} INFO - Processing /opt/airflow/dags/run_main.py took 0.126 seconds
[2024-02-24T18:23:13.392+0000] {processor.py:161} INFO - Started process (PID=782) to work on /opt/airflow/dags/run_main.py
[2024-02-24T18:23:13.394+0000] {processor.py:830} INFO - Processing file /opt/airflow/dags/run_main.py for tasks to queue
[2024-02-24T18:23:13.396+0000] {logging_mixin.py:188} INFO - [2024-02-24T18:23:13.395+0000] {dagbag.py:538} INFO - Filling up the DagBag from /opt/airflow/dags/run_main.py
[2024-02-24T18:23:13.408+0000] {processor.py:840} INFO - DAG(s) 'run_main' retrieved from /opt/airflow/dags/run_main.py
[2024-02-24T18:23:13.438+0000] {logging_mixin.py:188} INFO - [2024-02-24T18:23:13.438+0000] {dag.py:3036} INFO - Sync 1 DAGs
[2024-02-24T18:23:13.477+0000] {logging_mixin.py:188} INFO - [2024-02-24T18:23:13.477+0000] {dag.py:3823} INFO - Setting next_dagrun for run_main to 2024-02-18 00:00:00+00:00, run_after=2024-02-25 00:00:00+00:00
[2024-02-24T18:23:13.507+0000] {processor.py:183} INFO - Processing /opt/airflow/dags/run_main.py took 0.120 seconds
[2024-02-24T18:23:43.764+0000] {processor.py:161} INFO - Started process (PID=839) to work on /opt/airflow/dags/run_main.py
[2024-02-24T18:23:43.766+0000] {processor.py:830} INFO - Processing file /opt/airflow/dags/run_main.py for tasks to queue
[2024-02-24T18:23:43.768+0000] {logging_mixin.py:188} INFO - [2024-02-24T18:23:43.768+0000] {dagbag.py:538} INFO - Filling up the DagBag from /opt/airflow/dags/run_main.py
[2024-02-24T18:23:43.781+0000] {processor.py:840} INFO - DAG(s) 'run_main' retrieved from /opt/airflow/dags/run_main.py
[2024-02-24T18:23:43.811+0000] {logging_mixin.py:188} INFO - [2024-02-24T18:23:43.810+0000] {dag.py:3036} INFO - Sync 1 DAGs
[2024-02-24T18:23:43.855+0000] {logging_mixin.py:188} INFO - [2024-02-24T18:23:43.854+0000] {dag.py:3823} INFO - Setting next_dagrun for run_main to 2024-02-18 00:00:00+00:00, run_after=2024-02-25 00:00:00+00:00
[2024-02-24T18:23:43.887+0000] {processor.py:183} INFO - Processing /opt/airflow/dags/run_main.py took 0.128 seconds
[2024-02-24T18:24:13.965+0000] {processor.py:161} INFO - Started process (PID=896) to work on /opt/airflow/dags/run_main.py
[2024-02-24T18:24:13.966+0000] {processor.py:830} INFO - Processing file /opt/airflow/dags/run_main.py for tasks to queue
[2024-02-24T18:24:13.971+0000] {logging_mixin.py:188} INFO - [2024-02-24T18:24:13.970+0000] {dagbag.py:538} INFO - Filling up the DagBag from /opt/airflow/dags/run_main.py
[2024-02-24T18:24:13.986+0000] {processor.py:840} INFO - DAG(s) 'run_main' retrieved from /opt/airflow/dags/run_main.py
[2024-02-24T18:24:14.022+0000] {logging_mixin.py:188} INFO - [2024-02-24T18:24:14.021+0000] {dag.py:3036} INFO - Sync 1 DAGs
[2024-02-24T18:24:14.061+0000] {logging_mixin.py:188} INFO - [2024-02-24T18:24:14.060+0000] {dag.py:3823} INFO - Setting next_dagrun for run_main to 2024-02-18 00:00:00+00:00, run_after=2024-02-25 00:00:00+00:00
[2024-02-24T18:24:14.095+0000] {processor.py:183} INFO - Processing /opt/airflow/dags/run_main.py took 0.136 seconds
[2024-02-24T18:24:44.123+0000] {processor.py:161} INFO - Started process (PID=953) to work on /opt/airflow/dags/run_main.py
[2024-02-24T18:24:44.124+0000] {processor.py:830} INFO - Processing file /opt/airflow/dags/run_main.py for tasks to queue
[2024-02-24T18:24:44.132+0000] {logging_mixin.py:188} INFO - [2024-02-24T18:24:44.132+0000] {dagbag.py:538} INFO - Filling up the DagBag from /opt/airflow/dags/run_main.py
[2024-02-24T18:24:44.150+0000] {processor.py:840} INFO - DAG(s) 'run_main' retrieved from /opt/airflow/dags/run_main.py
[2024-02-24T18:24:44.180+0000] {logging_mixin.py:188} INFO - [2024-02-24T18:24:44.179+0000] {dag.py:3036} INFO - Sync 1 DAGs
[2024-02-24T18:24:44.220+0000] {logging_mixin.py:188} INFO - [2024-02-24T18:24:44.219+0000] {dag.py:3823} INFO - Setting next_dagrun for run_main to 2024-02-18 00:00:00+00:00, run_after=2024-02-25 00:00:00+00:00
[2024-02-24T18:24:44.255+0000] {processor.py:183} INFO - Processing /opt/airflow/dags/run_main.py took 0.138 seconds
[2024-02-24T18:25:14.351+0000] {processor.py:161} INFO - Started process (PID=1010) to work on /opt/airflow/dags/run_main.py
[2024-02-24T18:25:14.354+0000] {processor.py:830} INFO - Processing file /opt/airflow/dags/run_main.py for tasks to queue
[2024-02-24T18:25:14.358+0000] {logging_mixin.py:188} INFO - [2024-02-24T18:25:14.357+0000] {dagbag.py:538} INFO - Filling up the DagBag from /opt/airflow/dags/run_main.py
[2024-02-24T18:25:14.372+0000] {processor.py:840} INFO - DAG(s) 'run_main' retrieved from /opt/airflow/dags/run_main.py
[2024-02-24T18:25:14.404+0000] {logging_mixin.py:188} INFO - [2024-02-24T18:25:14.403+0000] {dag.py:3036} INFO - Sync 1 DAGs
[2024-02-24T18:25:14.452+0000] {logging_mixin.py:188} INFO - [2024-02-24T18:25:14.452+0000] {dag.py:3823} INFO - Setting next_dagrun for run_main to 2024-02-18 00:00:00+00:00, run_after=2024-02-25 00:00:00+00:00
[2024-02-24T18:25:14.488+0000] {processor.py:183} INFO - Processing /opt/airflow/dags/run_main.py took 0.143 seconds
[2024-02-24T18:25:45.117+0000] {processor.py:161} INFO - Started process (PID=1068) to work on /opt/airflow/dags/run_main.py
[2024-02-24T18:25:45.118+0000] {processor.py:830} INFO - Processing file /opt/airflow/dags/run_main.py for tasks to queue
[2024-02-24T18:25:45.122+0000] {logging_mixin.py:188} INFO - [2024-02-24T18:25:45.121+0000] {dagbag.py:538} INFO - Filling up the DagBag from /opt/airflow/dags/run_main.py
[2024-02-24T18:25:45.134+0000] {processor.py:840} INFO - DAG(s) 'run_main' retrieved from /opt/airflow/dags/run_main.py
[2024-02-24T18:25:45.183+0000] {logging_mixin.py:188} INFO - [2024-02-24T18:25:45.182+0000] {dag.py:3036} INFO - Sync 1 DAGs
[2024-02-24T18:25:45.225+0000] {logging_mixin.py:188} INFO - [2024-02-24T18:25:45.224+0000] {dag.py:3823} INFO - Setting next_dagrun for run_main to 2024-02-18 00:00:00+00:00, run_after=2024-02-25 00:00:00+00:00
[2024-02-24T18:25:45.256+0000] {processor.py:183} INFO - Processing /opt/airflow/dags/run_main.py took 0.144 seconds
