[2024-02-24T17:04:21.747+0000] {processor.py:161} INFO - Started process (PID=40) to work on /opt/airflow/dags/update_data.py
[2024-02-24T17:04:21.752+0000] {processor.py:830} INFO - Processing file /opt/airflow/dags/update_data.py for tasks to queue
[2024-02-24T17:04:21.761+0000] {logging_mixin.py:188} INFO - [2024-02-24T17:04:21.761+0000] {dagbag.py:538} INFO - Filling up the DagBag from /opt/airflow/dags/update_data.py
[2024-02-24T17:04:21.850+0000] {processor.py:840} INFO - DAG(s) 'update_chicago_crime_data' retrieved from /opt/airflow/dags/update_data.py
[2024-02-24T17:04:22.481+0000] {logging_mixin.py:188} INFO - [2024-02-24T17:04:22.481+0000] {dag.py:3036} INFO - Sync 1 DAGs
[2024-02-24T17:04:22.542+0000] {logging_mixin.py:188} INFO - [2024-02-24T17:04:22.542+0000] {dag.py:3823} INFO - Setting next_dagrun for update_chicago_crime_data to 2024-02-18 00:00:00+00:00, run_after=2024-02-25 00:00:00+00:00
[2024-02-24T17:04:22.600+0000] {processor.py:183} INFO - Processing /opt/airflow/dags/update_data.py took 0.869 seconds
[2024-02-24T17:04:52.789+0000] {processor.py:161} INFO - Started process (PID=97) to work on /opt/airflow/dags/update_data.py
[2024-02-24T17:04:52.790+0000] {processor.py:830} INFO - Processing file /opt/airflow/dags/update_data.py for tasks to queue
[2024-02-24T17:04:52.796+0000] {logging_mixin.py:188} INFO - [2024-02-24T17:04:52.795+0000] {dagbag.py:538} INFO - Filling up the DagBag from /opt/airflow/dags/update_data.py
[2024-02-24T17:04:52.824+0000] {processor.py:840} INFO - DAG(s) 'update_chicago_crime_data' retrieved from /opt/airflow/dags/update_data.py
[2024-02-24T17:04:52.876+0000] {logging_mixin.py:188} INFO - [2024-02-24T17:04:52.876+0000] {dag.py:3036} INFO - Sync 1 DAGs
[2024-02-24T17:04:52.929+0000] {logging_mixin.py:188} INFO - [2024-02-24T17:04:52.929+0000] {dag.py:3823} INFO - Setting next_dagrun for update_chicago_crime_data to 2024-02-18 00:00:00+00:00, run_after=2024-02-25 00:00:00+00:00
[2024-02-24T17:04:52.963+0000] {processor.py:183} INFO - Processing /opt/airflow/dags/update_data.py took 0.188 seconds
[2024-02-24T17:05:23.299+0000] {processor.py:161} INFO - Started process (PID=155) to work on /opt/airflow/dags/update_data.py
[2024-02-24T17:05:23.301+0000] {processor.py:830} INFO - Processing file /opt/airflow/dags/update_data.py for tasks to queue
[2024-02-24T17:05:23.304+0000] {logging_mixin.py:188} INFO - [2024-02-24T17:05:23.303+0000] {dagbag.py:538} INFO - Filling up the DagBag from /opt/airflow/dags/update_data.py
[2024-02-24T17:05:23.316+0000] {processor.py:840} INFO - DAG(s) 'update_chicago_crime_data' retrieved from /opt/airflow/dags/update_data.py
[2024-02-24T17:05:23.345+0000] {logging_mixin.py:188} INFO - [2024-02-24T17:05:23.345+0000] {dag.py:3036} INFO - Sync 1 DAGs
[2024-02-24T17:05:23.383+0000] {logging_mixin.py:188} INFO - [2024-02-24T17:05:23.383+0000] {dag.py:3823} INFO - Setting next_dagrun for update_chicago_crime_data to 2024-02-18 00:00:00+00:00, run_after=2024-02-25 00:00:00+00:00
[2024-02-24T17:05:23.413+0000] {processor.py:183} INFO - Processing /opt/airflow/dags/update_data.py took 0.120 seconds
[2024-02-24T17:05:53.813+0000] {processor.py:161} INFO - Started process (PID=212) to work on /opt/airflow/dags/update_data.py
[2024-02-24T17:05:53.815+0000] {processor.py:830} INFO - Processing file /opt/airflow/dags/update_data.py for tasks to queue
[2024-02-24T17:05:53.819+0000] {logging_mixin.py:188} INFO - [2024-02-24T17:05:53.818+0000] {dagbag.py:538} INFO - Filling up the DagBag from /opt/airflow/dags/update_data.py
[2024-02-24T17:05:53.837+0000] {processor.py:840} INFO - DAG(s) 'update_chicago_crime_data' retrieved from /opt/airflow/dags/update_data.py
[2024-02-24T17:05:53.880+0000] {logging_mixin.py:188} INFO - [2024-02-24T17:05:53.879+0000] {dag.py:3036} INFO - Sync 1 DAGs
[2024-02-24T17:05:53.921+0000] {logging_mixin.py:188} INFO - [2024-02-24T17:05:53.920+0000] {dag.py:3823} INFO - Setting next_dagrun for update_chicago_crime_data to 2024-02-18 00:00:00+00:00, run_after=2024-02-25 00:00:00+00:00
[2024-02-24T17:05:53.954+0000] {processor.py:183} INFO - Processing /opt/airflow/dags/update_data.py took 0.148 seconds
[2024-02-24T17:06:24.539+0000] {processor.py:161} INFO - Started process (PID=268) to work on /opt/airflow/dags/update_data.py
[2024-02-24T17:06:24.540+0000] {processor.py:830} INFO - Processing file /opt/airflow/dags/update_data.py for tasks to queue
[2024-02-24T17:06:24.543+0000] {logging_mixin.py:188} INFO - [2024-02-24T17:06:24.543+0000] {dagbag.py:538} INFO - Filling up the DagBag from /opt/airflow/dags/update_data.py
[2024-02-24T17:06:24.556+0000] {processor.py:840} INFO - DAG(s) 'update_chicago_crime_data' retrieved from /opt/airflow/dags/update_data.py
[2024-02-24T17:06:24.586+0000] {logging_mixin.py:188} INFO - [2024-02-24T17:06:24.586+0000] {dag.py:3036} INFO - Sync 1 DAGs
[2024-02-24T17:06:24.627+0000] {logging_mixin.py:188} INFO - [2024-02-24T17:06:24.627+0000] {dag.py:3823} INFO - Setting next_dagrun for update_chicago_crime_data to 2024-02-18 00:00:00+00:00, run_after=2024-02-25 00:00:00+00:00
[2024-02-24T17:06:24.656+0000] {processor.py:183} INFO - Processing /opt/airflow/dags/update_data.py took 0.122 seconds
[2024-02-24T17:06:55.373+0000] {processor.py:161} INFO - Started process (PID=325) to work on /opt/airflow/dags/update_data.py
[2024-02-24T17:06:55.374+0000] {processor.py:830} INFO - Processing file /opt/airflow/dags/update_data.py for tasks to queue
[2024-02-24T17:06:55.377+0000] {logging_mixin.py:188} INFO - [2024-02-24T17:06:55.377+0000] {dagbag.py:538} INFO - Filling up the DagBag from /opt/airflow/dags/update_data.py
[2024-02-24T17:06:55.389+0000] {processor.py:840} INFO - DAG(s) 'update_chicago_crime_data' retrieved from /opt/airflow/dags/update_data.py
[2024-02-24T17:06:55.419+0000] {logging_mixin.py:188} INFO - [2024-02-24T17:06:55.419+0000] {dag.py:3036} INFO - Sync 1 DAGs
[2024-02-24T17:06:55.460+0000] {logging_mixin.py:188} INFO - [2024-02-24T17:06:55.460+0000] {dag.py:3823} INFO - Setting next_dagrun for update_chicago_crime_data to 2024-02-18 00:00:00+00:00, run_after=2024-02-25 00:00:00+00:00
[2024-02-24T17:06:55.489+0000] {processor.py:183} INFO - Processing /opt/airflow/dags/update_data.py took 0.122 seconds
[2024-02-24T17:07:25.536+0000] {processor.py:161} INFO - Started process (PID=382) to work on /opt/airflow/dags/update_data.py
[2024-02-24T17:07:25.538+0000] {processor.py:830} INFO - Processing file /opt/airflow/dags/update_data.py for tasks to queue
[2024-02-24T17:07:25.541+0000] {logging_mixin.py:188} INFO - [2024-02-24T17:07:25.540+0000] {dagbag.py:538} INFO - Filling up the DagBag from /opt/airflow/dags/update_data.py
[2024-02-24T17:07:25.554+0000] {processor.py:840} INFO - DAG(s) 'update_chicago_crime_data' retrieved from /opt/airflow/dags/update_data.py
[2024-02-24T17:07:25.582+0000] {logging_mixin.py:188} INFO - [2024-02-24T17:07:25.582+0000] {dag.py:3036} INFO - Sync 1 DAGs
[2024-02-24T17:07:25.622+0000] {logging_mixin.py:188} INFO - [2024-02-24T17:07:25.622+0000] {dag.py:3823} INFO - Setting next_dagrun for update_chicago_crime_data to 2024-02-18 00:00:00+00:00, run_after=2024-02-25 00:00:00+00:00
[2024-02-24T17:07:25.656+0000] {processor.py:183} INFO - Processing /opt/airflow/dags/update_data.py took 0.125 seconds
[2024-02-24T17:07:55.705+0000] {processor.py:161} INFO - Started process (PID=439) to work on /opt/airflow/dags/update_data.py
[2024-02-24T17:07:55.706+0000] {processor.py:830} INFO - Processing file /opt/airflow/dags/update_data.py for tasks to queue
[2024-02-24T17:07:55.710+0000] {logging_mixin.py:188} INFO - [2024-02-24T17:07:55.709+0000] {dagbag.py:538} INFO - Filling up the DagBag from /opt/airflow/dags/update_data.py
[2024-02-24T17:07:55.724+0000] {processor.py:840} INFO - DAG(s) 'update_chicago_crime_data' retrieved from /opt/airflow/dags/update_data.py
[2024-02-24T17:07:55.756+0000] {logging_mixin.py:188} INFO - [2024-02-24T17:07:55.755+0000] {dag.py:3036} INFO - Sync 1 DAGs
[2024-02-24T17:07:55.800+0000] {logging_mixin.py:188} INFO - [2024-02-24T17:07:55.800+0000] {dag.py:3823} INFO - Setting next_dagrun for update_chicago_crime_data to 2024-02-18 00:00:00+00:00, run_after=2024-02-25 00:00:00+00:00
[2024-02-24T17:07:55.831+0000] {processor.py:183} INFO - Processing /opt/airflow/dags/update_data.py took 0.131 seconds
[2024-02-24T17:08:26.327+0000] {processor.py:161} INFO - Started process (PID=495) to work on /opt/airflow/dags/update_data.py
[2024-02-24T17:08:26.328+0000] {processor.py:830} INFO - Processing file /opt/airflow/dags/update_data.py for tasks to queue
[2024-02-24T17:08:26.331+0000] {logging_mixin.py:188} INFO - [2024-02-24T17:08:26.330+0000] {dagbag.py:538} INFO - Filling up the DagBag from /opt/airflow/dags/update_data.py
[2024-02-24T17:08:26.348+0000] {processor.py:840} INFO - DAG(s) 'update_chicago_crime_data' retrieved from /opt/airflow/dags/update_data.py
[2024-02-24T17:08:26.382+0000] {logging_mixin.py:188} INFO - [2024-02-24T17:08:26.382+0000] {dag.py:3036} INFO - Sync 1 DAGs
[2024-02-24T17:08:26.427+0000] {logging_mixin.py:188} INFO - [2024-02-24T17:08:26.426+0000] {dag.py:3823} INFO - Setting next_dagrun for update_chicago_crime_data to 2024-02-18 00:00:00+00:00, run_after=2024-02-25 00:00:00+00:00
[2024-02-24T17:08:26.460+0000] {processor.py:183} INFO - Processing /opt/airflow/dags/update_data.py took 0.139 seconds
[2024-02-24T17:22:28.085+0000] {processor.py:161} INFO - Started process (PID=34) to work on /opt/airflow/dags/update_data.py
[2024-02-24T17:22:28.086+0000] {processor.py:830} INFO - Processing file /opt/airflow/dags/update_data.py for tasks to queue
[2024-02-24T17:22:28.092+0000] {logging_mixin.py:188} INFO - [2024-02-24T17:22:28.091+0000] {dagbag.py:538} INFO - Filling up the DagBag from /opt/airflow/dags/update_data.py
[2024-02-24T17:22:28.162+0000] {processor.py:840} INFO - DAG(s) 'update_chicago_crime_data' retrieved from /opt/airflow/dags/update_data.py
[2024-02-24T17:22:28.596+0000] {logging_mixin.py:188} INFO - [2024-02-24T17:22:28.596+0000] {dag.py:3036} INFO - Sync 1 DAGs
[2024-02-24T17:22:28.635+0000] {logging_mixin.py:188} INFO - [2024-02-24T17:22:28.635+0000] {dag.py:3823} INFO - Setting next_dagrun for update_chicago_crime_data to 2024-02-18 00:00:00+00:00, run_after=2024-02-25 00:00:00+00:00
[2024-02-24T17:22:28.666+0000] {processor.py:183} INFO - Processing /opt/airflow/dags/update_data.py took 0.587 seconds
[2024-02-24T17:22:59.334+0000] {processor.py:161} INFO - Started process (PID=98) to work on /opt/airflow/dags/update_data.py
[2024-02-24T17:22:59.336+0000] {processor.py:830} INFO - Processing file /opt/airflow/dags/update_data.py for tasks to queue
[2024-02-24T17:22:59.340+0000] {logging_mixin.py:188} INFO - [2024-02-24T17:22:59.340+0000] {dagbag.py:538} INFO - Filling up the DagBag from /opt/airflow/dags/update_data.py
[2024-02-24T17:22:59.357+0000] {processor.py:840} INFO - DAG(s) 'update_chicago_crime_data' retrieved from /opt/airflow/dags/update_data.py
[2024-02-24T17:22:59.397+0000] {logging_mixin.py:188} INFO - [2024-02-24T17:22:59.397+0000] {dag.py:3036} INFO - Sync 1 DAGs
[2024-02-24T17:22:59.446+0000] {logging_mixin.py:188} INFO - [2024-02-24T17:22:59.446+0000] {dag.py:3823} INFO - Setting next_dagrun for update_chicago_crime_data to 2024-02-18 00:00:00+00:00, run_after=2024-02-25 00:00:00+00:00
[2024-02-24T17:22:59.535+0000] {processor.py:183} INFO - Processing /opt/airflow/dags/update_data.py took 0.207 seconds
[2024-02-24T17:23:29.962+0000] {processor.py:161} INFO - Started process (PID=155) to work on /opt/airflow/dags/update_data.py
[2024-02-24T17:23:29.963+0000] {processor.py:830} INFO - Processing file /opt/airflow/dags/update_data.py for tasks to queue
[2024-02-24T17:23:29.966+0000] {logging_mixin.py:188} INFO - [2024-02-24T17:23:29.966+0000] {dagbag.py:538} INFO - Filling up the DagBag from /opt/airflow/dags/update_data.py
[2024-02-24T17:23:29.978+0000] {processor.py:840} INFO - DAG(s) 'update_chicago_crime_data' retrieved from /opt/airflow/dags/update_data.py
[2024-02-24T17:23:30.009+0000] {logging_mixin.py:188} INFO - [2024-02-24T17:23:30.009+0000] {dag.py:3036} INFO - Sync 1 DAGs
[2024-02-24T17:23:30.048+0000] {logging_mixin.py:188} INFO - [2024-02-24T17:23:30.048+0000] {dag.py:3823} INFO - Setting next_dagrun for update_chicago_crime_data to 2024-02-18 00:00:00+00:00, run_after=2024-02-25 00:00:00+00:00
[2024-02-24T17:23:30.081+0000] {processor.py:183} INFO - Processing /opt/airflow/dags/update_data.py took 0.124 seconds
[2024-02-24T17:24:00.634+0000] {processor.py:161} INFO - Started process (PID=212) to work on /opt/airflow/dags/update_data.py
[2024-02-24T17:24:00.635+0000] {processor.py:830} INFO - Processing file /opt/airflow/dags/update_data.py for tasks to queue
[2024-02-24T17:24:00.637+0000] {logging_mixin.py:188} INFO - [2024-02-24T17:24:00.637+0000] {dagbag.py:538} INFO - Filling up the DagBag from /opt/airflow/dags/update_data.py
[2024-02-24T17:24:00.650+0000] {processor.py:840} INFO - DAG(s) 'update_chicago_crime_data' retrieved from /opt/airflow/dags/update_data.py
[2024-02-24T17:24:00.679+0000] {logging_mixin.py:188} INFO - [2024-02-24T17:24:00.679+0000] {dag.py:3036} INFO - Sync 1 DAGs
[2024-02-24T17:24:00.719+0000] {logging_mixin.py:188} INFO - [2024-02-24T17:24:00.719+0000] {dag.py:3823} INFO - Setting next_dagrun for update_chicago_crime_data to 2024-02-18 00:00:00+00:00, run_after=2024-02-25 00:00:00+00:00
[2024-02-24T17:24:00.749+0000] {processor.py:183} INFO - Processing /opt/airflow/dags/update_data.py took 0.121 seconds
[2024-02-24T17:24:31.240+0000] {processor.py:161} INFO - Started process (PID=269) to work on /opt/airflow/dags/update_data.py
[2024-02-24T17:24:31.242+0000] {processor.py:830} INFO - Processing file /opt/airflow/dags/update_data.py for tasks to queue
[2024-02-24T17:24:31.245+0000] {logging_mixin.py:188} INFO - [2024-02-24T17:24:31.244+0000] {dagbag.py:538} INFO - Filling up the DagBag from /opt/airflow/dags/update_data.py
[2024-02-24T17:24:31.257+0000] {processor.py:840} INFO - DAG(s) 'update_chicago_crime_data' retrieved from /opt/airflow/dags/update_data.py
[2024-02-24T17:24:31.286+0000] {logging_mixin.py:188} INFO - [2024-02-24T17:24:31.286+0000] {dag.py:3036} INFO - Sync 1 DAGs
[2024-02-24T17:24:31.325+0000] {logging_mixin.py:188} INFO - [2024-02-24T17:24:31.325+0000] {dag.py:3823} INFO - Setting next_dagrun for update_chicago_crime_data to 2024-02-18 00:00:00+00:00, run_after=2024-02-25 00:00:00+00:00
[2024-02-24T17:24:31.353+0000] {processor.py:183} INFO - Processing /opt/airflow/dags/update_data.py took 0.117 seconds
[2024-02-24T17:25:02.144+0000] {processor.py:161} INFO - Started process (PID=326) to work on /opt/airflow/dags/update_data.py
[2024-02-24T17:25:02.146+0000] {processor.py:830} INFO - Processing file /opt/airflow/dags/update_data.py for tasks to queue
[2024-02-24T17:25:02.150+0000] {logging_mixin.py:188} INFO - [2024-02-24T17:25:02.149+0000] {dagbag.py:538} INFO - Filling up the DagBag from /opt/airflow/dags/update_data.py
[2024-02-24T17:25:02.167+0000] {processor.py:840} INFO - DAG(s) 'update_chicago_crime_data' retrieved from /opt/airflow/dags/update_data.py
[2024-02-24T17:25:02.209+0000] {logging_mixin.py:188} INFO - [2024-02-24T17:25:02.209+0000] {dag.py:3036} INFO - Sync 1 DAGs
[2024-02-24T17:25:02.266+0000] {logging_mixin.py:188} INFO - [2024-02-24T17:25:02.265+0000] {dag.py:3823} INFO - Setting next_dagrun for update_chicago_crime_data to 2024-02-18 00:00:00+00:00, run_after=2024-02-25 00:00:00+00:00
[2024-02-24T17:25:02.297+0000] {processor.py:183} INFO - Processing /opt/airflow/dags/update_data.py took 0.159 seconds
[2024-02-24T17:25:32.973+0000] {processor.py:161} INFO - Started process (PID=383) to work on /opt/airflow/dags/update_data.py
[2024-02-24T17:25:32.975+0000] {processor.py:830} INFO - Processing file /opt/airflow/dags/update_data.py for tasks to queue
[2024-02-24T17:25:32.977+0000] {logging_mixin.py:188} INFO - [2024-02-24T17:25:32.977+0000] {dagbag.py:538} INFO - Filling up the DagBag from /opt/airflow/dags/update_data.py
[2024-02-24T17:25:32.990+0000] {processor.py:840} INFO - DAG(s) 'update_chicago_crime_data' retrieved from /opt/airflow/dags/update_data.py
[2024-02-24T17:25:33.019+0000] {logging_mixin.py:188} INFO - [2024-02-24T17:25:33.018+0000] {dag.py:3036} INFO - Sync 1 DAGs
[2024-02-24T17:25:33.059+0000] {logging_mixin.py:188} INFO - [2024-02-24T17:25:33.059+0000] {dag.py:3823} INFO - Setting next_dagrun for update_chicago_crime_data to 2024-02-18 00:00:00+00:00, run_after=2024-02-25 00:00:00+00:00
[2024-02-24T17:25:33.088+0000] {processor.py:183} INFO - Processing /opt/airflow/dags/update_data.py took 0.120 seconds
[2024-02-24T17:26:03.244+0000] {processor.py:161} INFO - Started process (PID=440) to work on /opt/airflow/dags/update_data.py
[2024-02-24T17:26:03.246+0000] {processor.py:830} INFO - Processing file /opt/airflow/dags/update_data.py for tasks to queue
[2024-02-24T17:26:03.249+0000] {logging_mixin.py:188} INFO - [2024-02-24T17:26:03.248+0000] {dagbag.py:538} INFO - Filling up the DagBag from /opt/airflow/dags/update_data.py
[2024-02-24T17:26:03.264+0000] {processor.py:840} INFO - DAG(s) 'update_chicago_crime_data' retrieved from /opt/airflow/dags/update_data.py
[2024-02-24T17:26:03.292+0000] {logging_mixin.py:188} INFO - [2024-02-24T17:26:03.292+0000] {dag.py:3036} INFO - Sync 1 DAGs
[2024-02-24T17:26:03.333+0000] {logging_mixin.py:188} INFO - [2024-02-24T17:26:03.332+0000] {dag.py:3823} INFO - Setting next_dagrun for update_chicago_crime_data to 2024-02-18 00:00:00+00:00, run_after=2024-02-25 00:00:00+00:00
[2024-02-24T17:26:03.360+0000] {processor.py:183} INFO - Processing /opt/airflow/dags/update_data.py took 0.120 seconds
[2024-02-24T17:26:33.451+0000] {processor.py:161} INFO - Started process (PID=497) to work on /opt/airflow/dags/update_data.py
[2024-02-24T17:26:33.453+0000] {processor.py:830} INFO - Processing file /opt/airflow/dags/update_data.py for tasks to queue
[2024-02-24T17:26:33.455+0000] {logging_mixin.py:188} INFO - [2024-02-24T17:26:33.455+0000] {dagbag.py:538} INFO - Filling up the DagBag from /opt/airflow/dags/update_data.py
[2024-02-24T17:26:33.467+0000] {processor.py:840} INFO - DAG(s) 'update_chicago_crime_data' retrieved from /opt/airflow/dags/update_data.py
[2024-02-24T17:26:33.501+0000] {logging_mixin.py:188} INFO - [2024-02-24T17:26:33.501+0000] {dag.py:3036} INFO - Sync 1 DAGs
[2024-02-24T17:26:33.559+0000] {logging_mixin.py:188} INFO - [2024-02-24T17:26:33.558+0000] {dag.py:3823} INFO - Setting next_dagrun for update_chicago_crime_data to 2024-02-18 00:00:00+00:00, run_after=2024-02-25 00:00:00+00:00
[2024-02-24T17:26:33.603+0000] {processor.py:183} INFO - Processing /opt/airflow/dags/update_data.py took 0.156 seconds
[2024-02-24T17:32:17.719+0000] {processor.py:161} INFO - Started process (PID=35) to work on /opt/airflow/dags/update_data.py
[2024-02-24T17:32:17.721+0000] {processor.py:830} INFO - Processing file /opt/airflow/dags/update_data.py for tasks to queue
[2024-02-24T17:32:17.725+0000] {logging_mixin.py:188} INFO - [2024-02-24T17:32:17.724+0000] {dagbag.py:538} INFO - Filling up the DagBag from /opt/airflow/dags/update_data.py
[2024-02-24T17:32:17.773+0000] {processor.py:840} INFO - DAG(s) 'update_chicago_crime_data' retrieved from /opt/airflow/dags/update_data.py
[2024-02-24T17:32:18.204+0000] {logging_mixin.py:188} INFO - [2024-02-24T17:32:18.203+0000] {dag.py:3036} INFO - Sync 1 DAGs
[2024-02-24T17:32:18.239+0000] {logging_mixin.py:188} INFO - [2024-02-24T17:32:18.239+0000] {dag.py:3823} INFO - Setting next_dagrun for update_chicago_crime_data to 2024-02-18 00:00:00+00:00, run_after=2024-02-25 00:00:00+00:00
[2024-02-24T17:32:18.271+0000] {processor.py:183} INFO - Processing /opt/airflow/dags/update_data.py took 0.560 seconds
[2024-02-24T17:32:48.867+0000] {processor.py:161} INFO - Started process (PID=92) to work on /opt/airflow/dags/update_data.py
[2024-02-24T17:32:48.870+0000] {processor.py:830} INFO - Processing file /opt/airflow/dags/update_data.py for tasks to queue
[2024-02-24T17:32:48.873+0000] {logging_mixin.py:188} INFO - [2024-02-24T17:32:48.872+0000] {dagbag.py:538} INFO - Filling up the DagBag from /opt/airflow/dags/update_data.py
[2024-02-24T17:32:48.886+0000] {processor.py:840} INFO - DAG(s) 'update_chicago_crime_data' retrieved from /opt/airflow/dags/update_data.py
[2024-02-24T17:32:48.916+0000] {logging_mixin.py:188} INFO - [2024-02-24T17:32:48.916+0000] {dag.py:3036} INFO - Sync 1 DAGs
[2024-02-24T17:32:48.960+0000] {logging_mixin.py:188} INFO - [2024-02-24T17:32:48.960+0000] {dag.py:3823} INFO - Setting next_dagrun for update_chicago_crime_data to 2024-02-18 00:00:00+00:00, run_after=2024-02-25 00:00:00+00:00
[2024-02-24T17:32:48.987+0000] {processor.py:183} INFO - Processing /opt/airflow/dags/update_data.py took 0.124 seconds
[2024-02-24T17:33:19.044+0000] {processor.py:161} INFO - Started process (PID=149) to work on /opt/airflow/dags/update_data.py
[2024-02-24T17:33:19.046+0000] {processor.py:830} INFO - Processing file /opt/airflow/dags/update_data.py for tasks to queue
[2024-02-24T17:33:19.054+0000] {logging_mixin.py:188} INFO - [2024-02-24T17:33:19.053+0000] {dagbag.py:538} INFO - Filling up the DagBag from /opt/airflow/dags/update_data.py
[2024-02-24T17:33:19.069+0000] {processor.py:840} INFO - DAG(s) 'update_chicago_crime_data' retrieved from /opt/airflow/dags/update_data.py
[2024-02-24T17:33:19.123+0000] {logging_mixin.py:188} INFO - [2024-02-24T17:33:19.122+0000] {dag.py:3036} INFO - Sync 1 DAGs
[2024-02-24T17:33:19.166+0000] {logging_mixin.py:188} INFO - [2024-02-24T17:33:19.165+0000] {dag.py:3823} INFO - Setting next_dagrun for update_chicago_crime_data to 2024-02-18 00:00:00+00:00, run_after=2024-02-25 00:00:00+00:00
[2024-02-24T17:33:19.201+0000] {processor.py:183} INFO - Processing /opt/airflow/dags/update_data.py took 0.162 seconds
[2024-02-24T17:33:49.255+0000] {processor.py:161} INFO - Started process (PID=206) to work on /opt/airflow/dags/update_data.py
[2024-02-24T17:33:49.258+0000] {processor.py:830} INFO - Processing file /opt/airflow/dags/update_data.py for tasks to queue
[2024-02-24T17:33:49.260+0000] {logging_mixin.py:188} INFO - [2024-02-24T17:33:49.260+0000] {dagbag.py:538} INFO - Filling up the DagBag from /opt/airflow/dags/update_data.py
[2024-02-24T17:33:49.272+0000] {processor.py:840} INFO - DAG(s) 'update_chicago_crime_data' retrieved from /opt/airflow/dags/update_data.py
[2024-02-24T17:33:49.302+0000] {logging_mixin.py:188} INFO - [2024-02-24T17:33:49.301+0000] {dag.py:3036} INFO - Sync 1 DAGs
[2024-02-24T17:33:49.343+0000] {logging_mixin.py:188} INFO - [2024-02-24T17:33:49.343+0000] {dag.py:3823} INFO - Setting next_dagrun for update_chicago_crime_data to 2024-02-18 00:00:00+00:00, run_after=2024-02-25 00:00:00+00:00
[2024-02-24T17:33:49.372+0000] {processor.py:183} INFO - Processing /opt/airflow/dags/update_data.py took 0.121 seconds
[2024-02-24T17:34:19.414+0000] {processor.py:161} INFO - Started process (PID=263) to work on /opt/airflow/dags/update_data.py
[2024-02-24T17:34:19.416+0000] {processor.py:830} INFO - Processing file /opt/airflow/dags/update_data.py for tasks to queue
[2024-02-24T17:34:19.418+0000] {logging_mixin.py:188} INFO - [2024-02-24T17:34:19.418+0000] {dagbag.py:538} INFO - Filling up the DagBag from /opt/airflow/dags/update_data.py
[2024-02-24T17:34:19.431+0000] {processor.py:840} INFO - DAG(s) 'update_chicago_crime_data' retrieved from /opt/airflow/dags/update_data.py
[2024-02-24T17:34:19.460+0000] {logging_mixin.py:188} INFO - [2024-02-24T17:34:19.460+0000] {dag.py:3036} INFO - Sync 1 DAGs
[2024-02-24T17:34:19.499+0000] {logging_mixin.py:188} INFO - [2024-02-24T17:34:19.499+0000] {dag.py:3823} INFO - Setting next_dagrun for update_chicago_crime_data to 2024-02-18 00:00:00+00:00, run_after=2024-02-25 00:00:00+00:00
[2024-02-24T17:34:19.531+0000] {processor.py:183} INFO - Processing /opt/airflow/dags/update_data.py took 0.121 seconds
[2024-02-24T17:34:50.113+0000] {processor.py:161} INFO - Started process (PID=320) to work on /opt/airflow/dags/update_data.py
[2024-02-24T17:34:50.114+0000] {processor.py:830} INFO - Processing file /opt/airflow/dags/update_data.py for tasks to queue
[2024-02-24T17:34:50.117+0000] {logging_mixin.py:188} INFO - [2024-02-24T17:34:50.116+0000] {dagbag.py:538} INFO - Filling up the DagBag from /opt/airflow/dags/update_data.py
[2024-02-24T17:34:50.153+0000] {processor.py:840} INFO - DAG(s) 'update_chicago_crime_data' retrieved from /opt/airflow/dags/update_data.py
[2024-02-24T17:34:50.192+0000] {logging_mixin.py:188} INFO - [2024-02-24T17:34:50.192+0000] {dag.py:3036} INFO - Sync 1 DAGs
[2024-02-24T17:34:50.250+0000] {logging_mixin.py:188} INFO - [2024-02-24T17:34:50.249+0000] {dag.py:3823} INFO - Setting next_dagrun for update_chicago_crime_data to 2024-02-18 00:00:00+00:00, run_after=2024-02-25 00:00:00+00:00
[2024-02-24T17:34:50.287+0000] {processor.py:183} INFO - Processing /opt/airflow/dags/update_data.py took 0.179 seconds
[2024-02-24T17:35:20.423+0000] {processor.py:161} INFO - Started process (PID=377) to work on /opt/airflow/dags/update_data.py
[2024-02-24T17:35:20.424+0000] {processor.py:830} INFO - Processing file /opt/airflow/dags/update_data.py for tasks to queue
[2024-02-24T17:35:20.427+0000] {logging_mixin.py:188} INFO - [2024-02-24T17:35:20.426+0000] {dagbag.py:538} INFO - Filling up the DagBag from /opt/airflow/dags/update_data.py
[2024-02-24T17:35:20.439+0000] {processor.py:840} INFO - DAG(s) 'update_chicago_crime_data' retrieved from /opt/airflow/dags/update_data.py
[2024-02-24T17:35:20.469+0000] {logging_mixin.py:188} INFO - [2024-02-24T17:35:20.468+0000] {dag.py:3036} INFO - Sync 1 DAGs
[2024-02-24T17:35:20.510+0000] {logging_mixin.py:188} INFO - [2024-02-24T17:35:20.510+0000] {dag.py:3823} INFO - Setting next_dagrun for update_chicago_crime_data to 2024-02-18 00:00:00+00:00, run_after=2024-02-25 00:00:00+00:00
[2024-02-24T17:35:20.544+0000] {processor.py:183} INFO - Processing /opt/airflow/dags/update_data.py took 0.126 seconds
[2024-02-24T17:35:50.853+0000] {processor.py:161} INFO - Started process (PID=434) to work on /opt/airflow/dags/update_data.py
[2024-02-24T17:35:50.855+0000] {processor.py:830} INFO - Processing file /opt/airflow/dags/update_data.py for tasks to queue
[2024-02-24T17:35:50.858+0000] {logging_mixin.py:188} INFO - [2024-02-24T17:35:50.858+0000] {dagbag.py:538} INFO - Filling up the DagBag from /opt/airflow/dags/update_data.py
[2024-02-24T17:35:50.875+0000] {processor.py:840} INFO - DAG(s) 'update_chicago_crime_data' retrieved from /opt/airflow/dags/update_data.py
[2024-02-24T17:35:50.948+0000] {logging_mixin.py:188} INFO - [2024-02-24T17:35:50.947+0000] {dag.py:3036} INFO - Sync 1 DAGs
[2024-02-24T17:35:51.012+0000] {logging_mixin.py:188} INFO - [2024-02-24T17:35:51.011+0000] {dag.py:3823} INFO - Setting next_dagrun for update_chicago_crime_data to 2024-02-18 00:00:00+00:00, run_after=2024-02-25 00:00:00+00:00
[2024-02-24T17:35:51.058+0000] {processor.py:183} INFO - Processing /opt/airflow/dags/update_data.py took 0.212 seconds
[2024-02-24T17:36:21.332+0000] {processor.py:161} INFO - Started process (PID=497) to work on /opt/airflow/dags/update_data.py
[2024-02-24T17:36:21.334+0000] {processor.py:830} INFO - Processing file /opt/airflow/dags/update_data.py for tasks to queue
[2024-02-24T17:36:21.336+0000] {logging_mixin.py:188} INFO - [2024-02-24T17:36:21.336+0000] {dagbag.py:538} INFO - Filling up the DagBag from /opt/airflow/dags/update_data.py
[2024-02-24T17:36:21.351+0000] {processor.py:840} INFO - DAG(s) 'update_chicago_crime_data' retrieved from /opt/airflow/dags/update_data.py
[2024-02-24T17:36:21.383+0000] {logging_mixin.py:188} INFO - [2024-02-24T17:36:21.383+0000] {dag.py:3036} INFO - Sync 1 DAGs
[2024-02-24T17:36:21.424+0000] {logging_mixin.py:188} INFO - [2024-02-24T17:36:21.424+0000] {dag.py:3823} INFO - Setting next_dagrun for update_chicago_crime_data to 2024-02-18 00:00:00+00:00, run_after=2024-02-25 00:00:00+00:00
[2024-02-24T17:36:21.459+0000] {processor.py:183} INFO - Processing /opt/airflow/dags/update_data.py took 0.131 seconds
[2024-02-24T17:36:51.850+0000] {processor.py:161} INFO - Started process (PID=554) to work on /opt/airflow/dags/update_data.py
[2024-02-24T17:36:51.851+0000] {processor.py:830} INFO - Processing file /opt/airflow/dags/update_data.py for tasks to queue
[2024-02-24T17:36:51.854+0000] {logging_mixin.py:188} INFO - [2024-02-24T17:36:51.853+0000] {dagbag.py:538} INFO - Filling up the DagBag from /opt/airflow/dags/update_data.py
[2024-02-24T17:36:51.865+0000] {processor.py:840} INFO - DAG(s) 'update_chicago_crime_data' retrieved from /opt/airflow/dags/update_data.py
[2024-02-24T17:36:51.894+0000] {logging_mixin.py:188} INFO - [2024-02-24T17:36:51.894+0000] {dag.py:3036} INFO - Sync 1 DAGs
[2024-02-24T17:36:51.933+0000] {logging_mixin.py:188} INFO - [2024-02-24T17:36:51.932+0000] {dag.py:3823} INFO - Setting next_dagrun for update_chicago_crime_data to 2024-02-18 00:00:00+00:00, run_after=2024-02-25 00:00:00+00:00
[2024-02-24T17:36:51.964+0000] {processor.py:183} INFO - Processing /opt/airflow/dags/update_data.py took 0.119 seconds
[2024-02-24T17:37:22.825+0000] {processor.py:161} INFO - Started process (PID=610) to work on /opt/airflow/dags/update_data.py
[2024-02-24T17:37:22.826+0000] {processor.py:830} INFO - Processing file /opt/airflow/dags/update_data.py for tasks to queue
[2024-02-24T17:37:22.829+0000] {logging_mixin.py:188} INFO - [2024-02-24T17:37:22.829+0000] {dagbag.py:538} INFO - Filling up the DagBag from /opt/airflow/dags/update_data.py
[2024-02-24T17:37:22.842+0000] {processor.py:840} INFO - DAG(s) 'update_chicago_crime_data' retrieved from /opt/airflow/dags/update_data.py
[2024-02-24T17:37:22.887+0000] {logging_mixin.py:188} INFO - [2024-02-24T17:37:22.886+0000] {dag.py:3036} INFO - Sync 1 DAGs
[2024-02-24T17:37:22.929+0000] {logging_mixin.py:188} INFO - [2024-02-24T17:37:22.928+0000] {dag.py:3823} INFO - Setting next_dagrun for update_chicago_crime_data to 2024-02-18 00:00:00+00:00, run_after=2024-02-25 00:00:00+00:00
[2024-02-24T17:37:22.960+0000] {processor.py:183} INFO - Processing /opt/airflow/dags/update_data.py took 0.140 seconds
[2024-02-24T17:37:53.548+0000] {processor.py:161} INFO - Started process (PID=667) to work on /opt/airflow/dags/update_data.py
[2024-02-24T17:37:53.550+0000] {processor.py:830} INFO - Processing file /opt/airflow/dags/update_data.py for tasks to queue
[2024-02-24T17:37:53.552+0000] {logging_mixin.py:188} INFO - [2024-02-24T17:37:53.552+0000] {dagbag.py:538} INFO - Filling up the DagBag from /opt/airflow/dags/update_data.py
[2024-02-24T17:37:53.566+0000] {processor.py:840} INFO - DAG(s) 'update_chicago_crime_data' retrieved from /opt/airflow/dags/update_data.py
[2024-02-24T17:37:53.601+0000] {logging_mixin.py:188} INFO - [2024-02-24T17:37:53.601+0000] {dag.py:3036} INFO - Sync 1 DAGs
[2024-02-24T17:37:53.642+0000] {logging_mixin.py:188} INFO - [2024-02-24T17:37:53.641+0000] {dag.py:3823} INFO - Setting next_dagrun for update_chicago_crime_data to 2024-02-18 00:00:00+00:00, run_after=2024-02-25 00:00:00+00:00
[2024-02-24T17:37:53.671+0000] {processor.py:183} INFO - Processing /opt/airflow/dags/update_data.py took 0.128 seconds
[2024-02-24T17:38:23.830+0000] {processor.py:161} INFO - Started process (PID=724) to work on /opt/airflow/dags/update_data.py
[2024-02-24T17:38:23.832+0000] {processor.py:830} INFO - Processing file /opt/airflow/dags/update_data.py for tasks to queue
[2024-02-24T17:38:23.834+0000] {logging_mixin.py:188} INFO - [2024-02-24T17:38:23.834+0000] {dagbag.py:538} INFO - Filling up the DagBag from /opt/airflow/dags/update_data.py
[2024-02-24T17:38:23.847+0000] {processor.py:840} INFO - DAG(s) 'update_chicago_crime_data' retrieved from /opt/airflow/dags/update_data.py
[2024-02-24T17:38:23.878+0000] {logging_mixin.py:188} INFO - [2024-02-24T17:38:23.878+0000] {dag.py:3036} INFO - Sync 1 DAGs
[2024-02-24T17:38:23.928+0000] {logging_mixin.py:188} INFO - [2024-02-24T17:38:23.927+0000] {dag.py:3823} INFO - Setting next_dagrun for update_chicago_crime_data to 2024-02-18 00:00:00+00:00, run_after=2024-02-25 00:00:00+00:00
[2024-02-24T17:38:23.964+0000] {processor.py:183} INFO - Processing /opt/airflow/dags/update_data.py took 0.141 seconds
[2024-02-24T17:38:54.605+0000] {processor.py:161} INFO - Started process (PID=781) to work on /opt/airflow/dags/update_data.py
[2024-02-24T17:38:54.606+0000] {processor.py:830} INFO - Processing file /opt/airflow/dags/update_data.py for tasks to queue
[2024-02-24T17:38:54.609+0000] {logging_mixin.py:188} INFO - [2024-02-24T17:38:54.609+0000] {dagbag.py:538} INFO - Filling up the DagBag from /opt/airflow/dags/update_data.py
[2024-02-24T17:38:54.623+0000] {processor.py:840} INFO - DAG(s) 'update_chicago_crime_data' retrieved from /opt/airflow/dags/update_data.py
[2024-02-24T17:38:54.655+0000] {logging_mixin.py:188} INFO - [2024-02-24T17:38:54.655+0000] {dag.py:3036} INFO - Sync 1 DAGs
[2024-02-24T17:38:54.696+0000] {logging_mixin.py:188} INFO - [2024-02-24T17:38:54.696+0000] {dag.py:3823} INFO - Setting next_dagrun for update_chicago_crime_data to 2024-02-18 00:00:00+00:00, run_after=2024-02-25 00:00:00+00:00
[2024-02-24T17:38:54.725+0000] {processor.py:183} INFO - Processing /opt/airflow/dags/update_data.py took 0.126 seconds
[2024-02-24T17:39:24.806+0000] {processor.py:161} INFO - Started process (PID=837) to work on /opt/airflow/dags/update_data.py
[2024-02-24T17:39:24.807+0000] {processor.py:830} INFO - Processing file /opt/airflow/dags/update_data.py for tasks to queue
[2024-02-24T17:39:24.810+0000] {logging_mixin.py:188} INFO - [2024-02-24T17:39:24.810+0000] {dagbag.py:538} INFO - Filling up the DagBag from /opt/airflow/dags/update_data.py
[2024-02-24T17:39:24.823+0000] {processor.py:840} INFO - DAG(s) 'update_chicago_crime_data' retrieved from /opt/airflow/dags/update_data.py
[2024-02-24T17:39:24.856+0000] {logging_mixin.py:188} INFO - [2024-02-24T17:39:24.856+0000] {dag.py:3036} INFO - Sync 1 DAGs
[2024-02-24T17:39:24.897+0000] {logging_mixin.py:188} INFO - [2024-02-24T17:39:24.897+0000] {dag.py:3823} INFO - Setting next_dagrun for update_chicago_crime_data to 2024-02-18 00:00:00+00:00, run_after=2024-02-25 00:00:00+00:00
[2024-02-24T17:39:24.927+0000] {processor.py:183} INFO - Processing /opt/airflow/dags/update_data.py took 0.126 seconds
[2024-02-24T17:39:55.709+0000] {processor.py:161} INFO - Started process (PID=895) to work on /opt/airflow/dags/update_data.py
[2024-02-24T17:39:55.711+0000] {processor.py:830} INFO - Processing file /opt/airflow/dags/update_data.py for tasks to queue
[2024-02-24T17:39:55.714+0000] {logging_mixin.py:188} INFO - [2024-02-24T17:39:55.713+0000] {dagbag.py:538} INFO - Filling up the DagBag from /opt/airflow/dags/update_data.py
[2024-02-24T17:39:55.728+0000] {processor.py:840} INFO - DAG(s) 'update_chicago_crime_data' retrieved from /opt/airflow/dags/update_data.py
[2024-02-24T17:39:55.764+0000] {logging_mixin.py:188} INFO - [2024-02-24T17:39:55.764+0000] {dag.py:3036} INFO - Sync 1 DAGs
[2024-02-24T17:39:55.813+0000] {logging_mixin.py:188} INFO - [2024-02-24T17:39:55.812+0000] {dag.py:3823} INFO - Setting next_dagrun for update_chicago_crime_data to 2024-02-18 00:00:00+00:00, run_after=2024-02-25 00:00:00+00:00
[2024-02-24T17:39:55.844+0000] {processor.py:183} INFO - Processing /opt/airflow/dags/update_data.py took 0.140 seconds
[2024-02-24T17:40:26.643+0000] {processor.py:161} INFO - Started process (PID=951) to work on /opt/airflow/dags/update_data.py
[2024-02-24T17:40:26.645+0000] {processor.py:830} INFO - Processing file /opt/airflow/dags/update_data.py for tasks to queue
[2024-02-24T17:40:26.648+0000] {logging_mixin.py:188} INFO - [2024-02-24T17:40:26.647+0000] {dagbag.py:538} INFO - Filling up the DagBag from /opt/airflow/dags/update_data.py
[2024-02-24T17:40:26.659+0000] {processor.py:840} INFO - DAG(s) 'update_chicago_crime_data' retrieved from /opt/airflow/dags/update_data.py
[2024-02-24T17:40:26.689+0000] {logging_mixin.py:188} INFO - [2024-02-24T17:40:26.689+0000] {dag.py:3036} INFO - Sync 1 DAGs
[2024-02-24T17:40:26.729+0000] {logging_mixin.py:188} INFO - [2024-02-24T17:40:26.729+0000] {dag.py:3823} INFO - Setting next_dagrun for update_chicago_crime_data to 2024-02-18 00:00:00+00:00, run_after=2024-02-25 00:00:00+00:00
[2024-02-24T17:40:26.758+0000] {processor.py:183} INFO - Processing /opt/airflow/dags/update_data.py took 0.120 seconds
[2024-02-24T17:40:57.470+0000] {processor.py:161} INFO - Started process (PID=1008) to work on /opt/airflow/dags/update_data.py
[2024-02-24T17:40:57.471+0000] {processor.py:830} INFO - Processing file /opt/airflow/dags/update_data.py for tasks to queue
[2024-02-24T17:40:57.474+0000] {logging_mixin.py:188} INFO - [2024-02-24T17:40:57.474+0000] {dagbag.py:538} INFO - Filling up the DagBag from /opt/airflow/dags/update_data.py
[2024-02-24T17:40:57.486+0000] {processor.py:840} INFO - DAG(s) 'update_chicago_crime_data' retrieved from /opt/airflow/dags/update_data.py
[2024-02-24T17:40:57.519+0000] {logging_mixin.py:188} INFO - [2024-02-24T17:40:57.518+0000] {dag.py:3036} INFO - Sync 1 DAGs
[2024-02-24T17:40:57.560+0000] {logging_mixin.py:188} INFO - [2024-02-24T17:40:57.559+0000] {dag.py:3823} INFO - Setting next_dagrun for update_chicago_crime_data to 2024-02-18 00:00:00+00:00, run_after=2024-02-25 00:00:00+00:00
[2024-02-24T17:40:57.593+0000] {processor.py:183} INFO - Processing /opt/airflow/dags/update_data.py took 0.128 seconds
[2024-02-24T17:41:28.450+0000] {processor.py:161} INFO - Started process (PID=1065) to work on /opt/airflow/dags/update_data.py
[2024-02-24T17:41:28.452+0000] {processor.py:830} INFO - Processing file /opt/airflow/dags/update_data.py for tasks to queue
[2024-02-24T17:41:28.454+0000] {logging_mixin.py:188} INFO - [2024-02-24T17:41:28.454+0000] {dagbag.py:538} INFO - Filling up the DagBag from /opt/airflow/dags/update_data.py
[2024-02-24T17:41:28.466+0000] {processor.py:840} INFO - DAG(s) 'update_chicago_crime_data' retrieved from /opt/airflow/dags/update_data.py
[2024-02-24T17:41:28.496+0000] {logging_mixin.py:188} INFO - [2024-02-24T17:41:28.496+0000] {dag.py:3036} INFO - Sync 1 DAGs
[2024-02-24T17:41:28.537+0000] {logging_mixin.py:188} INFO - [2024-02-24T17:41:28.537+0000] {dag.py:3823} INFO - Setting next_dagrun for update_chicago_crime_data to 2024-02-18 00:00:00+00:00, run_after=2024-02-25 00:00:00+00:00
[2024-02-24T17:41:28.568+0000] {processor.py:183} INFO - Processing /opt/airflow/dags/update_data.py took 0.123 seconds
[2024-02-24T17:41:59.227+0000] {processor.py:161} INFO - Started process (PID=1122) to work on /opt/airflow/dags/update_data.py
[2024-02-24T17:41:59.228+0000] {processor.py:830} INFO - Processing file /opt/airflow/dags/update_data.py for tasks to queue
[2024-02-24T17:41:59.231+0000] {logging_mixin.py:188} INFO - [2024-02-24T17:41:59.230+0000] {dagbag.py:538} INFO - Filling up the DagBag from /opt/airflow/dags/update_data.py
[2024-02-24T17:41:59.245+0000] {processor.py:840} INFO - DAG(s) 'update_chicago_crime_data' retrieved from /opt/airflow/dags/update_data.py
[2024-02-24T17:41:59.276+0000] {logging_mixin.py:188} INFO - [2024-02-24T17:41:59.276+0000] {dag.py:3036} INFO - Sync 1 DAGs
[2024-02-24T17:41:59.350+0000] {logging_mixin.py:188} INFO - [2024-02-24T17:41:59.349+0000] {dag.py:3823} INFO - Setting next_dagrun for update_chicago_crime_data to 2024-02-18 00:00:00+00:00, run_after=2024-02-25 00:00:00+00:00
[2024-02-24T17:41:59.403+0000] {processor.py:183} INFO - Processing /opt/airflow/dags/update_data.py took 0.181 seconds
[2024-02-24T17:42:29.453+0000] {processor.py:161} INFO - Started process (PID=1179) to work on /opt/airflow/dags/update_data.py
[2024-02-24T17:42:29.454+0000] {processor.py:830} INFO - Processing file /opt/airflow/dags/update_data.py for tasks to queue
[2024-02-24T17:42:29.457+0000] {logging_mixin.py:188} INFO - [2024-02-24T17:42:29.456+0000] {dagbag.py:538} INFO - Filling up the DagBag from /opt/airflow/dags/update_data.py
[2024-02-24T17:42:29.469+0000] {processor.py:840} INFO - DAG(s) 'update_chicago_crime_data' retrieved from /opt/airflow/dags/update_data.py
[2024-02-24T17:42:29.498+0000] {logging_mixin.py:188} INFO - [2024-02-24T17:42:29.498+0000] {dag.py:3036} INFO - Sync 1 DAGs
[2024-02-24T17:42:29.538+0000] {logging_mixin.py:188} INFO - [2024-02-24T17:42:29.538+0000] {dag.py:3823} INFO - Setting next_dagrun for update_chicago_crime_data to 2024-02-18 00:00:00+00:00, run_after=2024-02-25 00:00:00+00:00
[2024-02-24T17:42:29.568+0000] {processor.py:183} INFO - Processing /opt/airflow/dags/update_data.py took 0.120 seconds
[2024-02-24T17:43:00.251+0000] {processor.py:161} INFO - Started process (PID=1236) to work on /opt/airflow/dags/update_data.py
[2024-02-24T17:43:00.252+0000] {processor.py:830} INFO - Processing file /opt/airflow/dags/update_data.py for tasks to queue
[2024-02-24T17:43:00.255+0000] {logging_mixin.py:188} INFO - [2024-02-24T17:43:00.254+0000] {dagbag.py:538} INFO - Filling up the DagBag from /opt/airflow/dags/update_data.py
[2024-02-24T17:43:00.271+0000] {processor.py:840} INFO - DAG(s) 'update_chicago_crime_data' retrieved from /opt/airflow/dags/update_data.py
[2024-02-24T17:43:00.309+0000] {logging_mixin.py:188} INFO - [2024-02-24T17:43:00.309+0000] {dag.py:3036} INFO - Sync 1 DAGs
[2024-02-24T17:43:00.363+0000] {logging_mixin.py:188} INFO - [2024-02-24T17:43:00.362+0000] {dag.py:3823} INFO - Setting next_dagrun for update_chicago_crime_data to 2024-02-18 00:00:00+00:00, run_after=2024-02-25 00:00:00+00:00
[2024-02-24T17:43:00.394+0000] {processor.py:183} INFO - Processing /opt/airflow/dags/update_data.py took 0.150 seconds
[2024-02-24T17:43:30.473+0000] {processor.py:161} INFO - Started process (PID=1293) to work on /opt/airflow/dags/update_data.py
[2024-02-24T17:43:30.474+0000] {processor.py:830} INFO - Processing file /opt/airflow/dags/update_data.py for tasks to queue
[2024-02-24T17:43:30.477+0000] {logging_mixin.py:188} INFO - [2024-02-24T17:43:30.476+0000] {dagbag.py:538} INFO - Filling up the DagBag from /opt/airflow/dags/update_data.py
[2024-02-24T17:43:30.490+0000] {processor.py:840} INFO - DAG(s) 'update_chicago_crime_data' retrieved from /opt/airflow/dags/update_data.py
[2024-02-24T17:43:30.518+0000] {logging_mixin.py:188} INFO - [2024-02-24T17:43:30.517+0000] {dag.py:3036} INFO - Sync 1 DAGs
[2024-02-24T17:43:30.558+0000] {logging_mixin.py:188} INFO - [2024-02-24T17:43:30.557+0000] {dag.py:3823} INFO - Setting next_dagrun for update_chicago_crime_data to 2024-02-18 00:00:00+00:00, run_after=2024-02-25 00:00:00+00:00
[2024-02-24T17:43:30.587+0000] {processor.py:183} INFO - Processing /opt/airflow/dags/update_data.py took 0.119 seconds
[2024-02-24T17:44:00.828+0000] {processor.py:161} INFO - Started process (PID=1350) to work on /opt/airflow/dags/update_data.py
[2024-02-24T17:44:00.830+0000] {processor.py:830} INFO - Processing file /opt/airflow/dags/update_data.py for tasks to queue
[2024-02-24T17:44:00.834+0000] {logging_mixin.py:188} INFO - [2024-02-24T17:44:00.833+0000] {dagbag.py:538} INFO - Filling up the DagBag from /opt/airflow/dags/update_data.py
[2024-02-24T17:44:00.846+0000] {processor.py:840} INFO - DAG(s) 'update_chicago_crime_data' retrieved from /opt/airflow/dags/update_data.py
[2024-02-24T17:44:00.880+0000] {logging_mixin.py:188} INFO - [2024-02-24T17:44:00.880+0000] {dag.py:3036} INFO - Sync 1 DAGs
[2024-02-24T17:44:00.920+0000] {logging_mixin.py:188} INFO - [2024-02-24T17:44:00.920+0000] {dag.py:3823} INFO - Setting next_dagrun for update_chicago_crime_data to 2024-02-18 00:00:00+00:00, run_after=2024-02-25 00:00:00+00:00
[2024-02-24T17:44:00.955+0000] {processor.py:183} INFO - Processing /opt/airflow/dags/update_data.py took 0.132 seconds
[2024-02-24T17:44:31.638+0000] {processor.py:161} INFO - Started process (PID=1407) to work on /opt/airflow/dags/update_data.py
[2024-02-24T17:44:31.639+0000] {processor.py:830} INFO - Processing file /opt/airflow/dags/update_data.py for tasks to queue
[2024-02-24T17:44:31.642+0000] {logging_mixin.py:188} INFO - [2024-02-24T17:44:31.641+0000] {dagbag.py:538} INFO - Filling up the DagBag from /opt/airflow/dags/update_data.py
[2024-02-24T17:44:31.654+0000] {processor.py:840} INFO - DAG(s) 'update_chicago_crime_data' retrieved from /opt/airflow/dags/update_data.py
[2024-02-24T17:44:31.683+0000] {logging_mixin.py:188} INFO - [2024-02-24T17:44:31.683+0000] {dag.py:3036} INFO - Sync 1 DAGs
[2024-02-24T17:44:31.725+0000] {logging_mixin.py:188} INFO - [2024-02-24T17:44:31.725+0000] {dag.py:3823} INFO - Setting next_dagrun for update_chicago_crime_data to 2024-02-18 00:00:00+00:00, run_after=2024-02-25 00:00:00+00:00
[2024-02-24T17:44:31.758+0000] {processor.py:183} INFO - Processing /opt/airflow/dags/update_data.py took 0.125 seconds
[2024-02-24T17:45:02.711+0000] {processor.py:161} INFO - Started process (PID=1464) to work on /opt/airflow/dags/update_data.py
[2024-02-24T17:45:02.712+0000] {processor.py:830} INFO - Processing file /opt/airflow/dags/update_data.py for tasks to queue
[2024-02-24T17:45:02.715+0000] {logging_mixin.py:188} INFO - [2024-02-24T17:45:02.714+0000] {dagbag.py:538} INFO - Filling up the DagBag from /opt/airflow/dags/update_data.py
[2024-02-24T17:45:02.727+0000] {processor.py:840} INFO - DAG(s) 'update_chicago_crime_data' retrieved from /opt/airflow/dags/update_data.py
[2024-02-24T17:45:02.758+0000] {logging_mixin.py:188} INFO - [2024-02-24T17:45:02.758+0000] {dag.py:3036} INFO - Sync 1 DAGs
[2024-02-24T17:45:02.797+0000] {logging_mixin.py:188} INFO - [2024-02-24T17:45:02.796+0000] {dag.py:3823} INFO - Setting next_dagrun for update_chicago_crime_data to 2024-02-18 00:00:00+00:00, run_after=2024-02-25 00:00:00+00:00
[2024-02-24T17:45:02.826+0000] {processor.py:183} INFO - Processing /opt/airflow/dags/update_data.py took 0.121 seconds
[2024-02-24T17:45:33.531+0000] {processor.py:161} INFO - Started process (PID=1521) to work on /opt/airflow/dags/update_data.py
[2024-02-24T17:45:33.532+0000] {processor.py:830} INFO - Processing file /opt/airflow/dags/update_data.py for tasks to queue
[2024-02-24T17:45:33.535+0000] {logging_mixin.py:188} INFO - [2024-02-24T17:45:33.534+0000] {dagbag.py:538} INFO - Filling up the DagBag from /opt/airflow/dags/update_data.py
[2024-02-24T17:45:33.547+0000] {processor.py:840} INFO - DAG(s) 'update_chicago_crime_data' retrieved from /opt/airflow/dags/update_data.py
[2024-02-24T17:45:33.579+0000] {logging_mixin.py:188} INFO - [2024-02-24T17:45:33.578+0000] {dag.py:3036} INFO - Sync 1 DAGs
[2024-02-24T17:45:33.624+0000] {logging_mixin.py:188} INFO - [2024-02-24T17:45:33.624+0000] {dag.py:3823} INFO - Setting next_dagrun for update_chicago_crime_data to 2024-02-18 00:00:00+00:00, run_after=2024-02-25 00:00:00+00:00
[2024-02-24T17:45:33.653+0000] {processor.py:183} INFO - Processing /opt/airflow/dags/update_data.py took 0.128 seconds
[2024-02-24T17:46:03.899+0000] {processor.py:161} INFO - Started process (PID=1578) to work on /opt/airflow/dags/update_data.py
[2024-02-24T17:46:03.900+0000] {processor.py:830} INFO - Processing file /opt/airflow/dags/update_data.py for tasks to queue
[2024-02-24T17:46:03.903+0000] {logging_mixin.py:188} INFO - [2024-02-24T17:46:03.903+0000] {dagbag.py:538} INFO - Filling up the DagBag from /opt/airflow/dags/update_data.py
[2024-02-24T17:46:03.915+0000] {processor.py:840} INFO - DAG(s) 'update_chicago_crime_data' retrieved from /opt/airflow/dags/update_data.py
[2024-02-24T17:46:03.945+0000] {logging_mixin.py:188} INFO - [2024-02-24T17:46:03.944+0000] {dag.py:3036} INFO - Sync 1 DAGs
[2024-02-24T17:46:03.984+0000] {logging_mixin.py:188} INFO - [2024-02-24T17:46:03.984+0000] {dag.py:3823} INFO - Setting next_dagrun for update_chicago_crime_data to 2024-02-18 00:00:00+00:00, run_after=2024-02-25 00:00:00+00:00
[2024-02-24T17:46:04.014+0000] {processor.py:183} INFO - Processing /opt/airflow/dags/update_data.py took 0.120 seconds
[2024-02-24T17:46:34.440+0000] {processor.py:161} INFO - Started process (PID=1635) to work on /opt/airflow/dags/update_data.py
[2024-02-24T17:46:34.442+0000] {processor.py:830} INFO - Processing file /opt/airflow/dags/update_data.py for tasks to queue
[2024-02-24T17:46:34.445+0000] {logging_mixin.py:188} INFO - [2024-02-24T17:46:34.445+0000] {dagbag.py:538} INFO - Filling up the DagBag from /opt/airflow/dags/update_data.py
[2024-02-24T17:46:34.456+0000] {processor.py:840} INFO - DAG(s) 'update_chicago_crime_data' retrieved from /opt/airflow/dags/update_data.py
[2024-02-24T17:46:34.485+0000] {logging_mixin.py:188} INFO - [2024-02-24T17:46:34.485+0000] {dag.py:3036} INFO - Sync 1 DAGs
[2024-02-24T17:46:34.524+0000] {logging_mixin.py:188} INFO - [2024-02-24T17:46:34.524+0000] {dag.py:3823} INFO - Setting next_dagrun for update_chicago_crime_data to 2024-02-18 00:00:00+00:00, run_after=2024-02-25 00:00:00+00:00
[2024-02-24T17:46:34.553+0000] {processor.py:183} INFO - Processing /opt/airflow/dags/update_data.py took 0.119 seconds
[2024-02-24T17:47:04.673+0000] {processor.py:161} INFO - Started process (PID=1692) to work on /opt/airflow/dags/update_data.py
[2024-02-24T17:47:04.674+0000] {processor.py:830} INFO - Processing file /opt/airflow/dags/update_data.py for tasks to queue
[2024-02-24T17:47:04.677+0000] {logging_mixin.py:188} INFO - [2024-02-24T17:47:04.677+0000] {dagbag.py:538} INFO - Filling up the DagBag from /opt/airflow/dags/update_data.py
[2024-02-24T17:47:04.738+0000] {processor.py:840} INFO - DAG(s) 'update_chicago_crime_data' retrieved from /opt/airflow/dags/update_data.py
[2024-02-24T17:47:04.774+0000] {logging_mixin.py:188} INFO - [2024-02-24T17:47:04.773+0000] {dag.py:3036} INFO - Sync 1 DAGs
[2024-02-24T17:47:04.818+0000] {logging_mixin.py:188} INFO - [2024-02-24T17:47:04.817+0000] {dag.py:3823} INFO - Setting next_dagrun for update_chicago_crime_data to 2024-02-18 00:00:00+00:00, run_after=2024-02-25 00:00:00+00:00
[2024-02-24T17:47:04.844+0000] {processor.py:183} INFO - Processing /opt/airflow/dags/update_data.py took 0.176 seconds
[2024-02-24T17:47:35.782+0000] {processor.py:161} INFO - Started process (PID=1749) to work on /opt/airflow/dags/update_data.py
[2024-02-24T17:47:35.783+0000] {processor.py:830} INFO - Processing file /opt/airflow/dags/update_data.py for tasks to queue
[2024-02-24T17:47:35.787+0000] {logging_mixin.py:188} INFO - [2024-02-24T17:47:35.786+0000] {dagbag.py:538} INFO - Filling up the DagBag from /opt/airflow/dags/update_data.py
[2024-02-24T17:47:35.798+0000] {processor.py:840} INFO - DAG(s) 'update_chicago_crime_data' retrieved from /opt/airflow/dags/update_data.py
[2024-02-24T17:47:35.830+0000] {logging_mixin.py:188} INFO - [2024-02-24T17:47:35.830+0000] {dag.py:3036} INFO - Sync 1 DAGs
[2024-02-24T17:47:35.878+0000] {logging_mixin.py:188} INFO - [2024-02-24T17:47:35.878+0000] {dag.py:3823} INFO - Setting next_dagrun for update_chicago_crime_data to 2024-02-18 00:00:00+00:00, run_after=2024-02-25 00:00:00+00:00
[2024-02-24T17:47:35.910+0000] {processor.py:183} INFO - Processing /opt/airflow/dags/update_data.py took 0.132 seconds
[2024-02-24T17:48:06.374+0000] {processor.py:161} INFO - Started process (PID=1805) to work on /opt/airflow/dags/update_data.py
[2024-02-24T17:48:06.377+0000] {processor.py:830} INFO - Processing file /opt/airflow/dags/update_data.py for tasks to queue
[2024-02-24T17:48:06.380+0000] {logging_mixin.py:188} INFO - [2024-02-24T17:48:06.380+0000] {dagbag.py:538} INFO - Filling up the DagBag from /opt/airflow/dags/update_data.py
[2024-02-24T17:48:06.397+0000] {processor.py:840} INFO - DAG(s) 'update_chicago_crime_data' retrieved from /opt/airflow/dags/update_data.py
[2024-02-24T17:48:06.431+0000] {logging_mixin.py:188} INFO - [2024-02-24T17:48:06.430+0000] {dag.py:3036} INFO - Sync 1 DAGs
[2024-02-24T17:48:06.489+0000] {logging_mixin.py:188} INFO - [2024-02-24T17:48:06.488+0000] {dag.py:3823} INFO - Setting next_dagrun for update_chicago_crime_data to 2024-02-18 00:00:00+00:00, run_after=2024-02-25 00:00:00+00:00
[2024-02-24T17:48:06.524+0000] {processor.py:183} INFO - Processing /opt/airflow/dags/update_data.py took 0.156 seconds
[2024-02-24T17:48:36.984+0000] {processor.py:161} INFO - Started process (PID=1863) to work on /opt/airflow/dags/update_data.py
[2024-02-24T17:48:36.986+0000] {processor.py:830} INFO - Processing file /opt/airflow/dags/update_data.py for tasks to queue
[2024-02-24T17:48:36.989+0000] {logging_mixin.py:188} INFO - [2024-02-24T17:48:36.989+0000] {dagbag.py:538} INFO - Filling up the DagBag from /opt/airflow/dags/update_data.py
[2024-02-24T17:48:37.003+0000] {processor.py:840} INFO - DAG(s) 'update_chicago_crime_data' retrieved from /opt/airflow/dags/update_data.py
[2024-02-24T17:48:37.035+0000] {logging_mixin.py:188} INFO - [2024-02-24T17:48:37.034+0000] {dag.py:3036} INFO - Sync 1 DAGs
[2024-02-24T17:48:37.076+0000] {logging_mixin.py:188} INFO - [2024-02-24T17:48:37.075+0000] {dag.py:3823} INFO - Setting next_dagrun for update_chicago_crime_data to 2024-02-18 00:00:00+00:00, run_after=2024-02-25 00:00:00+00:00
[2024-02-24T17:48:37.112+0000] {processor.py:183} INFO - Processing /opt/airflow/dags/update_data.py took 0.133 seconds
[2024-02-24T17:49:08.112+0000] {processor.py:161} INFO - Started process (PID=1920) to work on /opt/airflow/dags/update_data.py
[2024-02-24T17:49:08.113+0000] {processor.py:830} INFO - Processing file /opt/airflow/dags/update_data.py for tasks to queue
[2024-02-24T17:49:08.117+0000] {logging_mixin.py:188} INFO - [2024-02-24T17:49:08.116+0000] {dagbag.py:538} INFO - Filling up the DagBag from /opt/airflow/dags/update_data.py
[2024-02-24T17:49:08.128+0000] {processor.py:840} INFO - DAG(s) 'update_chicago_crime_data' retrieved from /opt/airflow/dags/update_data.py
[2024-02-24T17:49:08.159+0000] {logging_mixin.py:188} INFO - [2024-02-24T17:49:08.159+0000] {dag.py:3036} INFO - Sync 1 DAGs
[2024-02-24T17:49:08.210+0000] {logging_mixin.py:188} INFO - [2024-02-24T17:49:08.210+0000] {dag.py:3823} INFO - Setting next_dagrun for update_chicago_crime_data to 2024-02-18 00:00:00+00:00, run_after=2024-02-25 00:00:00+00:00
[2024-02-24T17:49:08.243+0000] {processor.py:183} INFO - Processing /opt/airflow/dags/update_data.py took 0.135 seconds
[2024-02-24T17:49:38.835+0000] {processor.py:161} INFO - Started process (PID=1976) to work on /opt/airflow/dags/update_data.py
[2024-02-24T17:49:38.837+0000] {processor.py:830} INFO - Processing file /opt/airflow/dags/update_data.py for tasks to queue
[2024-02-24T17:49:38.841+0000] {logging_mixin.py:188} INFO - [2024-02-24T17:49:38.840+0000] {dagbag.py:538} INFO - Filling up the DagBag from /opt/airflow/dags/update_data.py
[2024-02-24T17:49:38.852+0000] {processor.py:840} INFO - DAG(s) 'update_chicago_crime_data' retrieved from /opt/airflow/dags/update_data.py
[2024-02-24T17:49:38.881+0000] {logging_mixin.py:188} INFO - [2024-02-24T17:49:38.881+0000] {dag.py:3036} INFO - Sync 1 DAGs
[2024-02-24T17:49:38.921+0000] {logging_mixin.py:188} INFO - [2024-02-24T17:49:38.921+0000] {dag.py:3823} INFO - Setting next_dagrun for update_chicago_crime_data to 2024-02-18 00:00:00+00:00, run_after=2024-02-25 00:00:00+00:00
[2024-02-24T17:49:38.951+0000] {processor.py:183} INFO - Processing /opt/airflow/dags/update_data.py took 0.121 seconds
[2024-02-24T17:50:08.987+0000] {processor.py:161} INFO - Started process (PID=2033) to work on /opt/airflow/dags/update_data.py
[2024-02-24T17:50:08.989+0000] {processor.py:830} INFO - Processing file /opt/airflow/dags/update_data.py for tasks to queue
[2024-02-24T17:50:08.992+0000] {logging_mixin.py:188} INFO - [2024-02-24T17:50:08.992+0000] {dagbag.py:538} INFO - Filling up the DagBag from /opt/airflow/dags/update_data.py
[2024-02-24T17:50:09.005+0000] {processor.py:840} INFO - DAG(s) 'update_chicago_crime_data' retrieved from /opt/airflow/dags/update_data.py
[2024-02-24T17:50:09.034+0000] {logging_mixin.py:188} INFO - [2024-02-24T17:50:09.033+0000] {dag.py:3036} INFO - Sync 1 DAGs
[2024-02-24T17:50:09.074+0000] {logging_mixin.py:188} INFO - [2024-02-24T17:50:09.073+0000] {dag.py:3823} INFO - Setting next_dagrun for update_chicago_crime_data to 2024-02-18 00:00:00+00:00, run_after=2024-02-25 00:00:00+00:00
[2024-02-24T17:50:09.104+0000] {processor.py:183} INFO - Processing /opt/airflow/dags/update_data.py took 0.122 seconds
[2024-02-24T17:50:39.147+0000] {processor.py:161} INFO - Started process (PID=2091) to work on /opt/airflow/dags/update_data.py
[2024-02-24T17:50:39.148+0000] {processor.py:830} INFO - Processing file /opt/airflow/dags/update_data.py for tasks to queue
[2024-02-24T17:50:39.153+0000] {logging_mixin.py:188} INFO - [2024-02-24T17:50:39.152+0000] {dagbag.py:538} INFO - Filling up the DagBag from /opt/airflow/dags/update_data.py
[2024-02-24T17:50:39.166+0000] {processor.py:840} INFO - DAG(s) 'update_chicago_crime_data' retrieved from /opt/airflow/dags/update_data.py
[2024-02-24T17:50:39.194+0000] {logging_mixin.py:188} INFO - [2024-02-24T17:50:39.193+0000] {dag.py:3036} INFO - Sync 1 DAGs
[2024-02-24T17:50:39.237+0000] {logging_mixin.py:188} INFO - [2024-02-24T17:50:39.237+0000] {dag.py:3823} INFO - Setting next_dagrun for update_chicago_crime_data to 2024-02-18 00:00:00+00:00, run_after=2024-02-25 00:00:00+00:00
[2024-02-24T17:50:39.269+0000] {processor.py:183} INFO - Processing /opt/airflow/dags/update_data.py took 0.128 seconds
[2024-02-24T17:51:09.871+0000] {processor.py:161} INFO - Started process (PID=2147) to work on /opt/airflow/dags/update_data.py
[2024-02-24T17:51:09.872+0000] {processor.py:830} INFO - Processing file /opt/airflow/dags/update_data.py for tasks to queue
[2024-02-24T17:51:09.876+0000] {logging_mixin.py:188} INFO - [2024-02-24T17:51:09.876+0000] {dagbag.py:538} INFO - Filling up the DagBag from /opt/airflow/dags/update_data.py
[2024-02-24T17:51:09.888+0000] {processor.py:840} INFO - DAG(s) 'update_chicago_crime_data' retrieved from /opt/airflow/dags/update_data.py
[2024-02-24T17:51:09.917+0000] {logging_mixin.py:188} INFO - [2024-02-24T17:51:09.917+0000] {dag.py:3036} INFO - Sync 1 DAGs
[2024-02-24T17:51:09.958+0000] {logging_mixin.py:188} INFO - [2024-02-24T17:51:09.958+0000] {dag.py:3823} INFO - Setting next_dagrun for update_chicago_crime_data to 2024-02-18 00:00:00+00:00, run_after=2024-02-25 00:00:00+00:00
[2024-02-24T17:51:09.988+0000] {processor.py:183} INFO - Processing /opt/airflow/dags/update_data.py took 0.123 seconds
[2024-02-24T17:51:40.040+0000] {processor.py:161} INFO - Started process (PID=2204) to work on /opt/airflow/dags/update_data.py
[2024-02-24T17:51:40.041+0000] {processor.py:830} INFO - Processing file /opt/airflow/dags/update_data.py for tasks to queue
[2024-02-24T17:51:40.044+0000] {logging_mixin.py:188} INFO - [2024-02-24T17:51:40.044+0000] {dagbag.py:538} INFO - Filling up the DagBag from /opt/airflow/dags/update_data.py
[2024-02-24T17:51:40.062+0000] {processor.py:840} INFO - DAG(s) 'update_chicago_crime_data' retrieved from /opt/airflow/dags/update_data.py
[2024-02-24T17:51:40.102+0000] {logging_mixin.py:188} INFO - [2024-02-24T17:51:40.102+0000] {dag.py:3036} INFO - Sync 1 DAGs
[2024-02-24T17:51:40.146+0000] {logging_mixin.py:188} INFO - [2024-02-24T17:51:40.146+0000] {dag.py:3823} INFO - Setting next_dagrun for update_chicago_crime_data to 2024-02-18 00:00:00+00:00, run_after=2024-02-25 00:00:00+00:00
[2024-02-24T17:51:40.184+0000] {processor.py:183} INFO - Processing /opt/airflow/dags/update_data.py took 0.150 seconds
[2024-02-24T17:52:10.342+0000] {processor.py:161} INFO - Started process (PID=2262) to work on /opt/airflow/dags/update_data.py
[2024-02-24T17:52:10.344+0000] {processor.py:830} INFO - Processing file /opt/airflow/dags/update_data.py for tasks to queue
[2024-02-24T17:52:10.348+0000] {logging_mixin.py:188} INFO - [2024-02-24T17:52:10.347+0000] {dagbag.py:538} INFO - Filling up the DagBag from /opt/airflow/dags/update_data.py
[2024-02-24T17:52:10.359+0000] {processor.py:840} INFO - DAG(s) 'update_chicago_crime_data' retrieved from /opt/airflow/dags/update_data.py
[2024-02-24T17:52:10.390+0000] {logging_mixin.py:188} INFO - [2024-02-24T17:52:10.389+0000] {dag.py:3036} INFO - Sync 1 DAGs
[2024-02-24T17:52:10.444+0000] {logging_mixin.py:188} INFO - [2024-02-24T17:52:10.444+0000] {dag.py:3823} INFO - Setting next_dagrun for update_chicago_crime_data to 2024-02-18 00:00:00+00:00, run_after=2024-02-25 00:00:00+00:00
[2024-02-24T17:52:10.477+0000] {processor.py:183} INFO - Processing /opt/airflow/dags/update_data.py took 0.141 seconds
[2024-02-24T17:52:41.327+0000] {processor.py:161} INFO - Started process (PID=2319) to work on /opt/airflow/dags/update_data.py
[2024-02-24T17:52:41.328+0000] {processor.py:830} INFO - Processing file /opt/airflow/dags/update_data.py for tasks to queue
[2024-02-24T17:52:41.331+0000] {logging_mixin.py:188} INFO - [2024-02-24T17:52:41.330+0000] {dagbag.py:538} INFO - Filling up the DagBag from /opt/airflow/dags/update_data.py
[2024-02-24T17:52:41.345+0000] {processor.py:840} INFO - DAG(s) 'update_chicago_crime_data' retrieved from /opt/airflow/dags/update_data.py
[2024-02-24T17:52:41.380+0000] {logging_mixin.py:188} INFO - [2024-02-24T17:52:41.380+0000] {dag.py:3036} INFO - Sync 1 DAGs
[2024-02-24T17:52:41.420+0000] {logging_mixin.py:188} INFO - [2024-02-24T17:52:41.420+0000] {dag.py:3823} INFO - Setting next_dagrun for update_chicago_crime_data to 2024-02-18 00:00:00+00:00, run_after=2024-02-25 00:00:00+00:00
[2024-02-24T17:52:41.448+0000] {processor.py:183} INFO - Processing /opt/airflow/dags/update_data.py took 0.126 seconds
[2024-02-24T17:53:11.666+0000] {processor.py:161} INFO - Started process (PID=2376) to work on /opt/airflow/dags/update_data.py
[2024-02-24T17:53:11.667+0000] {processor.py:830} INFO - Processing file /opt/airflow/dags/update_data.py for tasks to queue
[2024-02-24T17:53:11.670+0000] {logging_mixin.py:188} INFO - [2024-02-24T17:53:11.669+0000] {dagbag.py:538} INFO - Filling up the DagBag from /opt/airflow/dags/update_data.py
[2024-02-24T17:53:11.684+0000] {processor.py:840} INFO - DAG(s) 'update_chicago_crime_data' retrieved from /opt/airflow/dags/update_data.py
[2024-02-24T17:53:11.715+0000] {logging_mixin.py:188} INFO - [2024-02-24T17:53:11.715+0000] {dag.py:3036} INFO - Sync 1 DAGs
[2024-02-24T17:53:11.754+0000] {logging_mixin.py:188} INFO - [2024-02-24T17:53:11.754+0000] {dag.py:3823} INFO - Setting next_dagrun for update_chicago_crime_data to 2024-02-18 00:00:00+00:00, run_after=2024-02-25 00:00:00+00:00
[2024-02-24T17:53:11.789+0000] {processor.py:183} INFO - Processing /opt/airflow/dags/update_data.py took 0.129 seconds
[2024-02-24T17:53:41.910+0000] {processor.py:161} INFO - Started process (PID=2433) to work on /opt/airflow/dags/update_data.py
[2024-02-24T17:53:41.912+0000] {processor.py:830} INFO - Processing file /opt/airflow/dags/update_data.py for tasks to queue
[2024-02-24T17:53:41.914+0000] {logging_mixin.py:188} INFO - [2024-02-24T17:53:41.914+0000] {dagbag.py:538} INFO - Filling up the DagBag from /opt/airflow/dags/update_data.py
[2024-02-24T17:53:41.926+0000] {processor.py:840} INFO - DAG(s) 'update_chicago_crime_data' retrieved from /opt/airflow/dags/update_data.py
[2024-02-24T17:53:41.956+0000] {logging_mixin.py:188} INFO - [2024-02-24T17:53:41.955+0000] {dag.py:3036} INFO - Sync 1 DAGs
[2024-02-24T17:53:41.996+0000] {logging_mixin.py:188} INFO - [2024-02-24T17:53:41.995+0000] {dag.py:3823} INFO - Setting next_dagrun for update_chicago_crime_data to 2024-02-18 00:00:00+00:00, run_after=2024-02-25 00:00:00+00:00
[2024-02-24T17:53:42.025+0000] {processor.py:183} INFO - Processing /opt/airflow/dags/update_data.py took 0.120 seconds
[2024-02-24T17:54:12.499+0000] {processor.py:161} INFO - Started process (PID=2490) to work on /opt/airflow/dags/update_data.py
[2024-02-24T17:54:12.501+0000] {processor.py:830} INFO - Processing file /opt/airflow/dags/update_data.py for tasks to queue
[2024-02-24T17:54:12.503+0000] {logging_mixin.py:188} INFO - [2024-02-24T17:54:12.503+0000] {dagbag.py:538} INFO - Filling up the DagBag from /opt/airflow/dags/update_data.py
[2024-02-24T17:54:12.516+0000] {processor.py:840} INFO - DAG(s) 'update_chicago_crime_data' retrieved from /opt/airflow/dags/update_data.py
[2024-02-24T17:54:12.548+0000] {logging_mixin.py:188} INFO - [2024-02-24T17:54:12.547+0000] {dag.py:3036} INFO - Sync 1 DAGs
[2024-02-24T17:54:12.588+0000] {logging_mixin.py:188} INFO - [2024-02-24T17:54:12.587+0000] {dag.py:3823} INFO - Setting next_dagrun for update_chicago_crime_data to 2024-02-18 00:00:00+00:00, run_after=2024-02-25 00:00:00+00:00
[2024-02-24T17:54:12.617+0000] {processor.py:183} INFO - Processing /opt/airflow/dags/update_data.py took 0.123 seconds
[2024-02-24T17:54:43.191+0000] {processor.py:161} INFO - Started process (PID=2547) to work on /opt/airflow/dags/update_data.py
[2024-02-24T17:54:43.193+0000] {processor.py:830} INFO - Processing file /opt/airflow/dags/update_data.py for tasks to queue
[2024-02-24T17:54:43.196+0000] {logging_mixin.py:188} INFO - [2024-02-24T17:54:43.195+0000] {dagbag.py:538} INFO - Filling up the DagBag from /opt/airflow/dags/update_data.py
[2024-02-24T17:54:43.208+0000] {processor.py:840} INFO - DAG(s) 'update_chicago_crime_data' retrieved from /opt/airflow/dags/update_data.py
[2024-02-24T17:54:43.238+0000] {logging_mixin.py:188} INFO - [2024-02-24T17:54:43.238+0000] {dag.py:3036} INFO - Sync 1 DAGs
[2024-02-24T17:54:43.277+0000] {logging_mixin.py:188} INFO - [2024-02-24T17:54:43.277+0000] {dag.py:3823} INFO - Setting next_dagrun for update_chicago_crime_data to 2024-02-18 00:00:00+00:00, run_after=2024-02-25 00:00:00+00:00
[2024-02-24T17:54:43.308+0000] {processor.py:183} INFO - Processing /opt/airflow/dags/update_data.py took 0.122 seconds
[2024-02-24T17:55:13.601+0000] {processor.py:161} INFO - Started process (PID=2604) to work on /opt/airflow/dags/update_data.py
[2024-02-24T17:55:13.603+0000] {processor.py:830} INFO - Processing file /opt/airflow/dags/update_data.py for tasks to queue
[2024-02-24T17:55:13.605+0000] {logging_mixin.py:188} INFO - [2024-02-24T17:55:13.605+0000] {dagbag.py:538} INFO - Filling up the DagBag from /opt/airflow/dags/update_data.py
[2024-02-24T17:55:13.617+0000] {processor.py:840} INFO - DAG(s) 'update_chicago_crime_data' retrieved from /opt/airflow/dags/update_data.py
[2024-02-24T17:55:13.649+0000] {logging_mixin.py:188} INFO - [2024-02-24T17:55:13.648+0000] {dag.py:3036} INFO - Sync 1 DAGs
[2024-02-24T17:55:13.692+0000] {logging_mixin.py:188} INFO - [2024-02-24T17:55:13.691+0000] {dag.py:3823} INFO - Setting next_dagrun for update_chicago_crime_data to 2024-02-18 00:00:00+00:00, run_after=2024-02-25 00:00:00+00:00
[2024-02-24T17:55:13.721+0000] {processor.py:183} INFO - Processing /opt/airflow/dags/update_data.py took 0.125 seconds
[2024-02-24T17:55:44.433+0000] {processor.py:161} INFO - Started process (PID=2661) to work on /opt/airflow/dags/update_data.py
[2024-02-24T17:55:44.435+0000] {processor.py:830} INFO - Processing file /opt/airflow/dags/update_data.py for tasks to queue
[2024-02-24T17:55:44.437+0000] {logging_mixin.py:188} INFO - [2024-02-24T17:55:44.437+0000] {dagbag.py:538} INFO - Filling up the DagBag from /opt/airflow/dags/update_data.py
[2024-02-24T17:55:44.452+0000] {processor.py:840} INFO - DAG(s) 'update_chicago_crime_data' retrieved from /opt/airflow/dags/update_data.py
[2024-02-24T17:55:44.485+0000] {logging_mixin.py:188} INFO - [2024-02-24T17:55:44.484+0000] {dag.py:3036} INFO - Sync 1 DAGs
[2024-02-24T17:55:44.528+0000] {logging_mixin.py:188} INFO - [2024-02-24T17:55:44.528+0000] {dag.py:3823} INFO - Setting next_dagrun for update_chicago_crime_data to 2024-02-18 00:00:00+00:00, run_after=2024-02-25 00:00:00+00:00
[2024-02-24T17:55:44.559+0000] {processor.py:183} INFO - Processing /opt/airflow/dags/update_data.py took 0.131 seconds
[2024-02-24T17:56:14.717+0000] {processor.py:161} INFO - Started process (PID=2718) to work on /opt/airflow/dags/update_data.py
[2024-02-24T17:56:14.721+0000] {processor.py:830} INFO - Processing file /opt/airflow/dags/update_data.py for tasks to queue
[2024-02-24T17:56:14.725+0000] {logging_mixin.py:188} INFO - [2024-02-24T17:56:14.725+0000] {dagbag.py:538} INFO - Filling up the DagBag from /opt/airflow/dags/update_data.py
[2024-02-24T17:56:14.739+0000] {processor.py:840} INFO - DAG(s) 'update_chicago_crime_data' retrieved from /opt/airflow/dags/update_data.py
[2024-02-24T17:56:14.772+0000] {logging_mixin.py:188} INFO - [2024-02-24T17:56:14.772+0000] {dag.py:3036} INFO - Sync 1 DAGs
[2024-02-24T17:56:14.814+0000] {logging_mixin.py:188} INFO - [2024-02-24T17:56:14.813+0000] {dag.py:3823} INFO - Setting next_dagrun for update_chicago_crime_data to 2024-02-18 00:00:00+00:00, run_after=2024-02-25 00:00:00+00:00
[2024-02-24T17:56:14.847+0000] {processor.py:183} INFO - Processing /opt/airflow/dags/update_data.py took 0.135 seconds
[2024-02-24T17:56:45.809+0000] {processor.py:161} INFO - Started process (PID=2775) to work on /opt/airflow/dags/update_data.py
[2024-02-24T17:56:45.811+0000] {processor.py:830} INFO - Processing file /opt/airflow/dags/update_data.py for tasks to queue
[2024-02-24T17:56:45.814+0000] {logging_mixin.py:188} INFO - [2024-02-24T17:56:45.813+0000] {dagbag.py:538} INFO - Filling up the DagBag from /opt/airflow/dags/update_data.py
[2024-02-24T17:56:45.826+0000] {processor.py:840} INFO - DAG(s) 'update_chicago_crime_data' retrieved from /opt/airflow/dags/update_data.py
[2024-02-24T17:56:45.873+0000] {logging_mixin.py:188} INFO - [2024-02-24T17:56:45.872+0000] {dag.py:3036} INFO - Sync 1 DAGs
[2024-02-24T17:56:46.082+0000] {logging_mixin.py:188} INFO - [2024-02-24T17:56:46.081+0000] {dag.py:3823} INFO - Setting next_dagrun for update_chicago_crime_data to 2024-02-18 00:00:00+00:00, run_after=2024-02-25 00:00:00+00:00
[2024-02-24T17:56:46.121+0000] {processor.py:183} INFO - Processing /opt/airflow/dags/update_data.py took 0.319 seconds
[2024-02-24T17:57:16.449+0000] {processor.py:161} INFO - Started process (PID=2832) to work on /opt/airflow/dags/update_data.py
[2024-02-24T17:57:16.450+0000] {processor.py:830} INFO - Processing file /opt/airflow/dags/update_data.py for tasks to queue
[2024-02-24T17:57:16.453+0000] {logging_mixin.py:188} INFO - [2024-02-24T17:57:16.452+0000] {dagbag.py:538} INFO - Filling up the DagBag from /opt/airflow/dags/update_data.py
[2024-02-24T17:57:16.465+0000] {processor.py:840} INFO - DAG(s) 'update_chicago_crime_data' retrieved from /opt/airflow/dags/update_data.py
[2024-02-24T17:57:16.497+0000] {logging_mixin.py:188} INFO - [2024-02-24T17:57:16.497+0000] {dag.py:3036} INFO - Sync 1 DAGs
[2024-02-24T17:57:16.541+0000] {logging_mixin.py:188} INFO - [2024-02-24T17:57:16.541+0000] {dag.py:3823} INFO - Setting next_dagrun for update_chicago_crime_data to 2024-02-18 00:00:00+00:00, run_after=2024-02-25 00:00:00+00:00
[2024-02-24T17:57:16.572+0000] {processor.py:183} INFO - Processing /opt/airflow/dags/update_data.py took 0.129 seconds
[2024-02-24T17:57:47.450+0000] {processor.py:161} INFO - Started process (PID=2890) to work on /opt/airflow/dags/update_data.py
[2024-02-24T17:57:47.452+0000] {processor.py:830} INFO - Processing file /opt/airflow/dags/update_data.py for tasks to queue
[2024-02-24T17:57:47.455+0000] {logging_mixin.py:188} INFO - [2024-02-24T17:57:47.454+0000] {dagbag.py:538} INFO - Filling up the DagBag from /opt/airflow/dags/update_data.py
[2024-02-24T17:57:47.467+0000] {processor.py:840} INFO - DAG(s) 'update_chicago_crime_data' retrieved from /opt/airflow/dags/update_data.py
[2024-02-24T17:57:47.501+0000] {logging_mixin.py:188} INFO - [2024-02-24T17:57:47.501+0000] {dag.py:3036} INFO - Sync 1 DAGs
[2024-02-24T17:57:47.544+0000] {logging_mixin.py:188} INFO - [2024-02-24T17:57:47.544+0000] {dag.py:3823} INFO - Setting next_dagrun for update_chicago_crime_data to 2024-02-18 00:00:00+00:00, run_after=2024-02-25 00:00:00+00:00
[2024-02-24T17:57:47.577+0000] {processor.py:183} INFO - Processing /opt/airflow/dags/update_data.py took 0.133 seconds
[2024-02-24T18:10:07.632+0000] {processor.py:161} INFO - Started process (PID=35) to work on /opt/airflow/dags/update_data.py
[2024-02-24T18:10:07.633+0000] {processor.py:830} INFO - Processing file /opt/airflow/dags/update_data.py for tasks to queue
[2024-02-24T18:10:07.636+0000] {logging_mixin.py:188} INFO - [2024-02-24T18:10:07.636+0000] {dagbag.py:538} INFO - Filling up the DagBag from /opt/airflow/dags/update_data.py
[2024-02-24T18:10:07.692+0000] {processor.py:840} INFO - DAG(s) 'update_chicago_crime_data' retrieved from /opt/airflow/dags/update_data.py
[2024-02-24T18:10:08.232+0000] {logging_mixin.py:188} INFO - [2024-02-24T18:10:08.232+0000] {dag.py:3036} INFO - Sync 1 DAGs
[2024-02-24T18:10:08.279+0000] {logging_mixin.py:188} INFO - [2024-02-24T18:10:08.279+0000] {dag.py:3823} INFO - Setting next_dagrun for update_chicago_crime_data to 2024-02-18 00:00:00+00:00, run_after=2024-02-25 00:00:00+00:00
[2024-02-24T18:10:08.315+0000] {processor.py:183} INFO - Processing /opt/airflow/dags/update_data.py took 0.688 seconds
[2024-02-24T18:10:38.488+0000] {processor.py:161} INFO - Started process (PID=101) to work on /opt/airflow/dags/update_data.py
[2024-02-24T18:10:38.489+0000] {processor.py:830} INFO - Processing file /opt/airflow/dags/update_data.py for tasks to queue
[2024-02-24T18:10:38.492+0000] {logging_mixin.py:188} INFO - [2024-02-24T18:10:38.492+0000] {dagbag.py:538} INFO - Filling up the DagBag from /opt/airflow/dags/update_data.py
[2024-02-24T18:10:38.503+0000] {processor.py:840} INFO - DAG(s) 'update_chicago_crime_data' retrieved from /opt/airflow/dags/update_data.py
[2024-02-24T18:10:38.530+0000] {logging_mixin.py:188} INFO - [2024-02-24T18:10:38.530+0000] {dag.py:3036} INFO - Sync 1 DAGs
[2024-02-24T18:10:38.569+0000] {logging_mixin.py:188} INFO - [2024-02-24T18:10:38.568+0000] {dag.py:3823} INFO - Setting next_dagrun for update_chicago_crime_data to 2024-02-18 00:00:00+00:00, run_after=2024-02-25 00:00:00+00:00
[2024-02-24T18:10:38.600+0000] {processor.py:183} INFO - Processing /opt/airflow/dags/update_data.py took 0.117 seconds
[2024-02-24T18:11:08.795+0000] {processor.py:161} INFO - Started process (PID=157) to work on /opt/airflow/dags/update_data.py
[2024-02-24T18:11:08.799+0000] {processor.py:830} INFO - Processing file /opt/airflow/dags/update_data.py for tasks to queue
[2024-02-24T18:11:08.803+0000] {logging_mixin.py:188} INFO - [2024-02-24T18:11:08.802+0000] {dagbag.py:538} INFO - Filling up the DagBag from /opt/airflow/dags/update_data.py
[2024-02-24T18:11:08.816+0000] {processor.py:840} INFO - DAG(s) 'update_chicago_crime_data' retrieved from /opt/airflow/dags/update_data.py
[2024-02-24T18:11:08.852+0000] {logging_mixin.py:188} INFO - [2024-02-24T18:11:08.852+0000] {dag.py:3036} INFO - Sync 1 DAGs
[2024-02-24T18:11:08.889+0000] {logging_mixin.py:188} INFO - [2024-02-24T18:11:08.888+0000] {dag.py:3823} INFO - Setting next_dagrun for update_chicago_crime_data to 2024-02-18 00:00:00+00:00, run_after=2024-02-25 00:00:00+00:00
[2024-02-24T18:11:08.915+0000] {processor.py:183} INFO - Processing /opt/airflow/dags/update_data.py took 0.127 seconds
[2024-02-24T18:11:39.301+0000] {processor.py:161} INFO - Started process (PID=213) to work on /opt/airflow/dags/update_data.py
[2024-02-24T18:11:39.303+0000] {processor.py:830} INFO - Processing file /opt/airflow/dags/update_data.py for tasks to queue
[2024-02-24T18:11:39.306+0000] {logging_mixin.py:188} INFO - [2024-02-24T18:11:39.305+0000] {dagbag.py:538} INFO - Filling up the DagBag from /opt/airflow/dags/update_data.py
[2024-02-24T18:11:39.318+0000] {processor.py:840} INFO - DAG(s) 'update_chicago_crime_data' retrieved from /opt/airflow/dags/update_data.py
[2024-02-24T18:11:39.347+0000] {logging_mixin.py:188} INFO - [2024-02-24T18:11:39.347+0000] {dag.py:3036} INFO - Sync 1 DAGs
[2024-02-24T18:11:39.390+0000] {logging_mixin.py:188} INFO - [2024-02-24T18:11:39.390+0000] {dag.py:3823} INFO - Setting next_dagrun for update_chicago_crime_data to 2024-02-18 00:00:00+00:00, run_after=2024-02-25 00:00:00+00:00
[2024-02-24T18:11:39.420+0000] {processor.py:183} INFO - Processing /opt/airflow/dags/update_data.py took 0.124 seconds
[2024-02-24T18:16:36.717+0000] {processor.py:161} INFO - Started process (PID=34) to work on /opt/airflow/dags/update_data.py
[2024-02-24T18:16:36.719+0000] {processor.py:830} INFO - Processing file /opt/airflow/dags/update_data.py for tasks to queue
[2024-02-24T18:16:36.722+0000] {logging_mixin.py:188} INFO - [2024-02-24T18:16:36.722+0000] {dagbag.py:538} INFO - Filling up the DagBag from /opt/airflow/dags/update_data.py
[2024-02-24T18:16:36.772+0000] {processor.py:840} INFO - DAG(s) 'update_chicago_crime_data' retrieved from /opt/airflow/dags/update_data.py
[2024-02-24T18:16:37.214+0000] {logging_mixin.py:188} INFO - [2024-02-24T18:16:37.214+0000] {dag.py:3036} INFO - Sync 1 DAGs
[2024-02-24T18:16:37.281+0000] {logging_mixin.py:188} INFO - [2024-02-24T18:16:37.281+0000] {dag.py:3823} INFO - Setting next_dagrun for update_chicago_crime_data to 2024-02-18 00:00:00+00:00, run_after=2024-02-25 00:00:00+00:00
[2024-02-24T18:16:37.321+0000] {processor.py:183} INFO - Processing /opt/airflow/dags/update_data.py took 0.610 seconds
[2024-02-24T18:17:07.491+0000] {processor.py:161} INFO - Started process (PID=98) to work on /opt/airflow/dags/update_data.py
[2024-02-24T18:17:07.492+0000] {processor.py:830} INFO - Processing file /opt/airflow/dags/update_data.py for tasks to queue
[2024-02-24T18:17:07.496+0000] {logging_mixin.py:188} INFO - [2024-02-24T18:17:07.495+0000] {dagbag.py:538} INFO - Filling up the DagBag from /opt/airflow/dags/update_data.py
[2024-02-24T18:17:07.509+0000] {processor.py:840} INFO - DAG(s) 'update_chicago_crime_data' retrieved from /opt/airflow/dags/update_data.py
[2024-02-24T18:17:07.535+0000] {logging_mixin.py:188} INFO - [2024-02-24T18:17:07.535+0000] {dag.py:3036} INFO - Sync 1 DAGs
[2024-02-24T18:17:07.576+0000] {logging_mixin.py:188} INFO - [2024-02-24T18:17:07.576+0000] {dag.py:3823} INFO - Setting next_dagrun for update_chicago_crime_data to 2024-02-18 00:00:00+00:00, run_after=2024-02-25 00:00:00+00:00
[2024-02-24T18:17:07.604+0000] {processor.py:183} INFO - Processing /opt/airflow/dags/update_data.py took 0.118 seconds
[2024-02-24T18:17:37.702+0000] {processor.py:161} INFO - Started process (PID=154) to work on /opt/airflow/dags/update_data.py
[2024-02-24T18:17:37.703+0000] {processor.py:830} INFO - Processing file /opt/airflow/dags/update_data.py for tasks to queue
[2024-02-24T18:17:37.706+0000] {logging_mixin.py:188} INFO - [2024-02-24T18:17:37.706+0000] {dagbag.py:538} INFO - Filling up the DagBag from /opt/airflow/dags/update_data.py
[2024-02-24T18:17:37.719+0000] {processor.py:840} INFO - DAG(s) 'update_chicago_crime_data' retrieved from /opt/airflow/dags/update_data.py
[2024-02-24T18:17:37.751+0000] {logging_mixin.py:188} INFO - [2024-02-24T18:17:37.750+0000] {dag.py:3036} INFO - Sync 1 DAGs
[2024-02-24T18:17:37.792+0000] {logging_mixin.py:188} INFO - [2024-02-24T18:17:37.792+0000] {dag.py:3823} INFO - Setting next_dagrun for update_chicago_crime_data to 2024-02-18 00:00:00+00:00, run_after=2024-02-25 00:00:00+00:00
[2024-02-24T18:17:37.823+0000] {processor.py:183} INFO - Processing /opt/airflow/dags/update_data.py took 0.126 seconds
[2024-02-24T18:18:08.231+0000] {processor.py:161} INFO - Started process (PID=211) to work on /opt/airflow/dags/update_data.py
[2024-02-24T18:18:08.232+0000] {processor.py:830} INFO - Processing file /opt/airflow/dags/update_data.py for tasks to queue
[2024-02-24T18:18:08.235+0000] {logging_mixin.py:188} INFO - [2024-02-24T18:18:08.235+0000] {dagbag.py:538} INFO - Filling up the DagBag from /opt/airflow/dags/update_data.py
[2024-02-24T18:18:08.248+0000] {processor.py:840} INFO - DAG(s) 'update_chicago_crime_data' retrieved from /opt/airflow/dags/update_data.py
[2024-02-24T18:18:08.279+0000] {logging_mixin.py:188} INFO - [2024-02-24T18:18:08.278+0000] {dag.py:3036} INFO - Sync 1 DAGs
[2024-02-24T18:18:08.319+0000] {logging_mixin.py:188} INFO - [2024-02-24T18:18:08.319+0000] {dag.py:3823} INFO - Setting next_dagrun for update_chicago_crime_data to 2024-02-18 00:00:00+00:00, run_after=2024-02-25 00:00:00+00:00
[2024-02-24T18:18:08.368+0000] {processor.py:183} INFO - Processing /opt/airflow/dags/update_data.py took 0.142 seconds
[2024-02-24T18:18:38.455+0000] {processor.py:161} INFO - Started process (PID=268) to work on /opt/airflow/dags/update_data.py
[2024-02-24T18:18:38.456+0000] {processor.py:830} INFO - Processing file /opt/airflow/dags/update_data.py for tasks to queue
[2024-02-24T18:18:38.459+0000] {logging_mixin.py:188} INFO - [2024-02-24T18:18:38.458+0000] {dagbag.py:538} INFO - Filling up the DagBag from /opt/airflow/dags/update_data.py
[2024-02-24T18:18:38.471+0000] {processor.py:840} INFO - DAG(s) 'update_chicago_crime_data' retrieved from /opt/airflow/dags/update_data.py
[2024-02-24T18:18:38.502+0000] {logging_mixin.py:188} INFO - [2024-02-24T18:18:38.502+0000] {dag.py:3036} INFO - Sync 1 DAGs
[2024-02-24T18:18:38.540+0000] {logging_mixin.py:188} INFO - [2024-02-24T18:18:38.540+0000] {dag.py:3823} INFO - Setting next_dagrun for update_chicago_crime_data to 2024-02-18 00:00:00+00:00, run_after=2024-02-25 00:00:00+00:00
[2024-02-24T18:18:38.570+0000] {processor.py:183} INFO - Processing /opt/airflow/dags/update_data.py took 0.120 seconds
[2024-02-24T18:19:09.346+0000] {processor.py:161} INFO - Started process (PID=325) to work on /opt/airflow/dags/update_data.py
[2024-02-24T18:19:09.348+0000] {processor.py:830} INFO - Processing file /opt/airflow/dags/update_data.py for tasks to queue
[2024-02-24T18:19:09.350+0000] {logging_mixin.py:188} INFO - [2024-02-24T18:19:09.350+0000] {dagbag.py:538} INFO - Filling up the DagBag from /opt/airflow/dags/update_data.py
[2024-02-24T18:19:09.364+0000] {processor.py:840} INFO - DAG(s) 'update_chicago_crime_data' retrieved from /opt/airflow/dags/update_data.py
[2024-02-24T18:19:09.402+0000] {logging_mixin.py:188} INFO - [2024-02-24T18:19:09.402+0000] {dag.py:3036} INFO - Sync 1 DAGs
[2024-02-24T18:19:09.445+0000] {logging_mixin.py:188} INFO - [2024-02-24T18:19:09.444+0000] {dag.py:3823} INFO - Setting next_dagrun for update_chicago_crime_data to 2024-02-18 00:00:00+00:00, run_after=2024-02-25 00:00:00+00:00
[2024-02-24T18:19:09.474+0000] {processor.py:183} INFO - Processing /opt/airflow/dags/update_data.py took 0.133 seconds
[2024-02-24T18:19:40.020+0000] {processor.py:161} INFO - Started process (PID=382) to work on /opt/airflow/dags/update_data.py
[2024-02-24T18:19:40.022+0000] {processor.py:830} INFO - Processing file /opt/airflow/dags/update_data.py for tasks to queue
[2024-02-24T18:19:40.024+0000] {logging_mixin.py:188} INFO - [2024-02-24T18:19:40.024+0000] {dagbag.py:538} INFO - Filling up the DagBag from /opt/airflow/dags/update_data.py
[2024-02-24T18:19:40.038+0000] {processor.py:840} INFO - DAG(s) 'update_chicago_crime_data' retrieved from /opt/airflow/dags/update_data.py
[2024-02-24T18:19:40.071+0000] {logging_mixin.py:188} INFO - [2024-02-24T18:19:40.070+0000] {dag.py:3036} INFO - Sync 1 DAGs
[2024-02-24T18:19:40.116+0000] {logging_mixin.py:188} INFO - [2024-02-24T18:19:40.116+0000] {dag.py:3823} INFO - Setting next_dagrun for update_chicago_crime_data to 2024-02-18 00:00:00+00:00, run_after=2024-02-25 00:00:00+00:00
[2024-02-24T18:19:40.151+0000] {processor.py:183} INFO - Processing /opt/airflow/dags/update_data.py took 0.136 seconds
[2024-02-24T18:20:10.852+0000] {processor.py:161} INFO - Started process (PID=439) to work on /opt/airflow/dags/update_data.py
[2024-02-24T18:20:10.853+0000] {processor.py:830} INFO - Processing file /opt/airflow/dags/update_data.py for tasks to queue
[2024-02-24T18:20:10.856+0000] {logging_mixin.py:188} INFO - [2024-02-24T18:20:10.855+0000] {dagbag.py:538} INFO - Filling up the DagBag from /opt/airflow/dags/update_data.py
[2024-02-24T18:20:10.868+0000] {processor.py:840} INFO - DAG(s) 'update_chicago_crime_data' retrieved from /opt/airflow/dags/update_data.py
[2024-02-24T18:20:10.898+0000] {logging_mixin.py:188} INFO - [2024-02-24T18:20:10.898+0000] {dag.py:3036} INFO - Sync 1 DAGs
[2024-02-24T18:20:10.945+0000] {logging_mixin.py:188} INFO - [2024-02-24T18:20:10.945+0000] {dag.py:3823} INFO - Setting next_dagrun for update_chicago_crime_data to 2024-02-18 00:00:00+00:00, run_after=2024-02-25 00:00:00+00:00
[2024-02-24T18:20:10.977+0000] {processor.py:183} INFO - Processing /opt/airflow/dags/update_data.py took 0.131 seconds
[2024-02-24T18:20:41.538+0000] {processor.py:161} INFO - Started process (PID=496) to work on /opt/airflow/dags/update_data.py
[2024-02-24T18:20:41.540+0000] {processor.py:830} INFO - Processing file /opt/airflow/dags/update_data.py for tasks to queue
[2024-02-24T18:20:41.542+0000] {logging_mixin.py:188} INFO - [2024-02-24T18:20:41.542+0000] {dagbag.py:538} INFO - Filling up the DagBag from /opt/airflow/dags/update_data.py
[2024-02-24T18:20:41.555+0000] {processor.py:840} INFO - DAG(s) 'update_chicago_crime_data' retrieved from /opt/airflow/dags/update_data.py
[2024-02-24T18:20:41.589+0000] {logging_mixin.py:188} INFO - [2024-02-24T18:20:41.588+0000] {dag.py:3036} INFO - Sync 1 DAGs
[2024-02-24T18:20:41.652+0000] {logging_mixin.py:188} INFO - [2024-02-24T18:20:41.652+0000] {dag.py:3823} INFO - Setting next_dagrun for update_chicago_crime_data to 2024-02-18 00:00:00+00:00, run_after=2024-02-25 00:00:00+00:00
[2024-02-24T18:20:41.683+0000] {processor.py:183} INFO - Processing /opt/airflow/dags/update_data.py took 0.151 seconds
[2024-02-24T18:21:12.082+0000] {processor.py:161} INFO - Started process (PID=553) to work on /opt/airflow/dags/update_data.py
[2024-02-24T18:21:12.083+0000] {processor.py:830} INFO - Processing file /opt/airflow/dags/update_data.py for tasks to queue
[2024-02-24T18:21:12.086+0000] {logging_mixin.py:188} INFO - [2024-02-24T18:21:12.085+0000] {dagbag.py:538} INFO - Filling up the DagBag from /opt/airflow/dags/update_data.py
[2024-02-24T18:21:12.097+0000] {processor.py:840} INFO - DAG(s) 'update_chicago_crime_data' retrieved from /opt/airflow/dags/update_data.py
[2024-02-24T18:21:12.127+0000] {logging_mixin.py:188} INFO - [2024-02-24T18:21:12.127+0000] {dag.py:3036} INFO - Sync 1 DAGs
[2024-02-24T18:21:12.168+0000] {logging_mixin.py:188} INFO - [2024-02-24T18:21:12.167+0000] {dag.py:3823} INFO - Setting next_dagrun for update_chicago_crime_data to 2024-02-18 00:00:00+00:00, run_after=2024-02-25 00:00:00+00:00
[2024-02-24T18:21:12.197+0000] {processor.py:183} INFO - Processing /opt/airflow/dags/update_data.py took 0.121 seconds
[2024-02-24T18:21:42.485+0000] {processor.py:161} INFO - Started process (PID=610) to work on /opt/airflow/dags/update_data.py
[2024-02-24T18:21:42.487+0000] {processor.py:830} INFO - Processing file /opt/airflow/dags/update_data.py for tasks to queue
[2024-02-24T18:21:42.489+0000] {logging_mixin.py:188} INFO - [2024-02-24T18:21:42.488+0000] {dagbag.py:538} INFO - Filling up the DagBag from /opt/airflow/dags/update_data.py
[2024-02-24T18:21:42.500+0000] {processor.py:840} INFO - DAG(s) 'update_chicago_crime_data' retrieved from /opt/airflow/dags/update_data.py
[2024-02-24T18:21:42.530+0000] {logging_mixin.py:188} INFO - [2024-02-24T18:21:42.530+0000] {dag.py:3036} INFO - Sync 1 DAGs
[2024-02-24T18:21:42.569+0000] {logging_mixin.py:188} INFO - [2024-02-24T18:21:42.569+0000] {dag.py:3823} INFO - Setting next_dagrun for update_chicago_crime_data to 2024-02-18 00:00:00+00:00, run_after=2024-02-25 00:00:00+00:00
[2024-02-24T18:21:42.597+0000] {processor.py:183} INFO - Processing /opt/airflow/dags/update_data.py took 0.117 seconds
[2024-02-24T18:22:12.865+0000] {processor.py:161} INFO - Started process (PID=667) to work on /opt/airflow/dags/update_data.py
[2024-02-24T18:22:12.866+0000] {processor.py:830} INFO - Processing file /opt/airflow/dags/update_data.py for tasks to queue
[2024-02-24T18:22:12.869+0000] {logging_mixin.py:188} INFO - [2024-02-24T18:22:12.868+0000] {dagbag.py:538} INFO - Filling up the DagBag from /opt/airflow/dags/update_data.py
[2024-02-24T18:22:12.880+0000] {processor.py:840} INFO - DAG(s) 'update_chicago_crime_data' retrieved from /opt/airflow/dags/update_data.py
[2024-02-24T18:22:12.911+0000] {logging_mixin.py:188} INFO - [2024-02-24T18:22:12.910+0000] {dag.py:3036} INFO - Sync 1 DAGs
[2024-02-24T18:22:12.951+0000] {logging_mixin.py:188} INFO - [2024-02-24T18:22:12.950+0000] {dag.py:3823} INFO - Setting next_dagrun for update_chicago_crime_data to 2024-02-18 00:00:00+00:00, run_after=2024-02-25 00:00:00+00:00
[2024-02-24T18:22:12.980+0000] {processor.py:183} INFO - Processing /opt/airflow/dags/update_data.py took 0.120 seconds
[2024-02-24T18:22:43.152+0000] {processor.py:161} INFO - Started process (PID=724) to work on /opt/airflow/dags/update_data.py
[2024-02-24T18:22:43.155+0000] {processor.py:830} INFO - Processing file /opt/airflow/dags/update_data.py for tasks to queue
[2024-02-24T18:22:43.157+0000] {logging_mixin.py:188} INFO - [2024-02-24T18:22:43.157+0000] {dagbag.py:538} INFO - Filling up the DagBag from /opt/airflow/dags/update_data.py
[2024-02-24T18:22:43.169+0000] {processor.py:840} INFO - DAG(s) 'update_chicago_crime_data' retrieved from /opt/airflow/dags/update_data.py
[2024-02-24T18:22:43.200+0000] {logging_mixin.py:188} INFO - [2024-02-24T18:22:43.200+0000] {dag.py:3036} INFO - Sync 1 DAGs
[2024-02-24T18:22:43.239+0000] {logging_mixin.py:188} INFO - [2024-02-24T18:22:43.239+0000] {dag.py:3823} INFO - Setting next_dagrun for update_chicago_crime_data to 2024-02-18 00:00:00+00:00, run_after=2024-02-25 00:00:00+00:00
[2024-02-24T18:22:43.271+0000] {processor.py:183} INFO - Processing /opt/airflow/dags/update_data.py took 0.124 seconds
[2024-02-24T18:23:13.386+0000] {processor.py:161} INFO - Started process (PID=781) to work on /opt/airflow/dags/update_data.py
[2024-02-24T18:23:13.387+0000] {processor.py:830} INFO - Processing file /opt/airflow/dags/update_data.py for tasks to queue
[2024-02-24T18:23:13.390+0000] {logging_mixin.py:188} INFO - [2024-02-24T18:23:13.390+0000] {dagbag.py:538} INFO - Filling up the DagBag from /opt/airflow/dags/update_data.py
[2024-02-24T18:23:13.401+0000] {processor.py:840} INFO - DAG(s) 'update_chicago_crime_data' retrieved from /opt/airflow/dags/update_data.py
[2024-02-24T18:23:13.432+0000] {logging_mixin.py:188} INFO - [2024-02-24T18:23:13.431+0000] {dag.py:3036} INFO - Sync 1 DAGs
[2024-02-24T18:23:13.472+0000] {logging_mixin.py:188} INFO - [2024-02-24T18:23:13.471+0000] {dag.py:3823} INFO - Setting next_dagrun for update_chicago_crime_data to 2024-02-18 00:00:00+00:00, run_after=2024-02-25 00:00:00+00:00
[2024-02-24T18:23:13.500+0000] {processor.py:183} INFO - Processing /opt/airflow/dags/update_data.py took 0.119 seconds
[2024-02-24T18:23:43.758+0000] {processor.py:161} INFO - Started process (PID=838) to work on /opt/airflow/dags/update_data.py
[2024-02-24T18:23:43.759+0000] {processor.py:830} INFO - Processing file /opt/airflow/dags/update_data.py for tasks to queue
[2024-02-24T18:23:43.761+0000] {logging_mixin.py:188} INFO - [2024-02-24T18:23:43.761+0000] {dagbag.py:538} INFO - Filling up the DagBag from /opt/airflow/dags/update_data.py
[2024-02-24T18:23:43.774+0000] {processor.py:840} INFO - DAG(s) 'update_chicago_crime_data' retrieved from /opt/airflow/dags/update_data.py
[2024-02-24T18:23:43.804+0000] {logging_mixin.py:188} INFO - [2024-02-24T18:23:43.803+0000] {dag.py:3036} INFO - Sync 1 DAGs
[2024-02-24T18:23:43.848+0000] {logging_mixin.py:188} INFO - [2024-02-24T18:23:43.848+0000] {dag.py:3823} INFO - Setting next_dagrun for update_chicago_crime_data to 2024-02-18 00:00:00+00:00, run_after=2024-02-25 00:00:00+00:00
[2024-02-24T18:23:43.879+0000] {processor.py:183} INFO - Processing /opt/airflow/dags/update_data.py took 0.127 seconds
[2024-02-24T18:24:13.956+0000] {processor.py:161} INFO - Started process (PID=895) to work on /opt/airflow/dags/update_data.py
[2024-02-24T18:24:13.958+0000] {processor.py:830} INFO - Processing file /opt/airflow/dags/update_data.py for tasks to queue
[2024-02-24T18:24:13.961+0000] {logging_mixin.py:188} INFO - [2024-02-24T18:24:13.961+0000] {dagbag.py:538} INFO - Filling up the DagBag from /opt/airflow/dags/update_data.py
[2024-02-24T18:24:13.974+0000] {processor.py:840} INFO - DAG(s) 'update_chicago_crime_data' retrieved from /opt/airflow/dags/update_data.py
[2024-02-24T18:24:14.005+0000] {logging_mixin.py:188} INFO - [2024-02-24T18:24:14.004+0000] {dag.py:3036} INFO - Sync 1 DAGs
[2024-02-24T18:24:14.047+0000] {logging_mixin.py:188} INFO - [2024-02-24T18:24:14.047+0000] {dag.py:3823} INFO - Setting next_dagrun for update_chicago_crime_data to 2024-02-18 00:00:00+00:00, run_after=2024-02-25 00:00:00+00:00
[2024-02-24T18:24:14.078+0000] {processor.py:183} INFO - Processing /opt/airflow/dags/update_data.py took 0.127 seconds
[2024-02-24T18:24:44.116+0000] {processor.py:161} INFO - Started process (PID=952) to work on /opt/airflow/dags/update_data.py
[2024-02-24T18:24:44.119+0000] {processor.py:830} INFO - Processing file /opt/airflow/dags/update_data.py for tasks to queue
[2024-02-24T18:24:44.122+0000] {logging_mixin.py:188} INFO - [2024-02-24T18:24:44.122+0000] {dagbag.py:538} INFO - Filling up the DagBag from /opt/airflow/dags/update_data.py
[2024-02-24T18:24:44.136+0000] {processor.py:840} INFO - DAG(s) 'update_chicago_crime_data' retrieved from /opt/airflow/dags/update_data.py
[2024-02-24T18:24:44.167+0000] {logging_mixin.py:188} INFO - [2024-02-24T18:24:44.167+0000] {dag.py:3036} INFO - Sync 1 DAGs
[2024-02-24T18:24:44.208+0000] {logging_mixin.py:188} INFO - [2024-02-24T18:24:44.208+0000] {dag.py:3823} INFO - Setting next_dagrun for update_chicago_crime_data to 2024-02-18 00:00:00+00:00, run_after=2024-02-25 00:00:00+00:00
[2024-02-24T18:24:44.239+0000] {processor.py:183} INFO - Processing /opt/airflow/dags/update_data.py took 0.128 seconds
[2024-02-24T18:25:14.339+0000] {processor.py:161} INFO - Started process (PID=1009) to work on /opt/airflow/dags/update_data.py
[2024-02-24T18:25:14.341+0000] {processor.py:830} INFO - Processing file /opt/airflow/dags/update_data.py for tasks to queue
[2024-02-24T18:25:14.345+0000] {logging_mixin.py:188} INFO - [2024-02-24T18:25:14.344+0000] {dagbag.py:538} INFO - Filling up the DagBag from /opt/airflow/dags/update_data.py
[2024-02-24T18:25:14.359+0000] {processor.py:840} INFO - DAG(s) 'update_chicago_crime_data' retrieved from /opt/airflow/dags/update_data.py
[2024-02-24T18:25:14.391+0000] {logging_mixin.py:188} INFO - [2024-02-24T18:25:14.390+0000] {dag.py:3036} INFO - Sync 1 DAGs
[2024-02-24T18:25:14.436+0000] {logging_mixin.py:188} INFO - [2024-02-24T18:25:14.436+0000] {dag.py:3823} INFO - Setting next_dagrun for update_chicago_crime_data to 2024-02-18 00:00:00+00:00, run_after=2024-02-25 00:00:00+00:00
[2024-02-24T18:25:14.469+0000] {processor.py:183} INFO - Processing /opt/airflow/dags/update_data.py took 0.136 seconds
[2024-02-24T18:25:45.110+0000] {processor.py:161} INFO - Started process (PID=1067) to work on /opt/airflow/dags/update_data.py
[2024-02-24T18:25:45.112+0000] {processor.py:830} INFO - Processing file /opt/airflow/dags/update_data.py for tasks to queue
[2024-02-24T18:25:45.115+0000] {logging_mixin.py:188} INFO - [2024-02-24T18:25:45.115+0000] {dagbag.py:538} INFO - Filling up the DagBag from /opt/airflow/dags/update_data.py
[2024-02-24T18:25:45.128+0000] {processor.py:840} INFO - DAG(s) 'update_chicago_crime_data' retrieved from /opt/airflow/dags/update_data.py
[2024-02-24T18:25:45.162+0000] {logging_mixin.py:188} INFO - [2024-02-24T18:25:45.157+0000] {dag.py:3036} INFO - Sync 1 DAGs
[2024-02-24T18:25:45.206+0000] {logging_mixin.py:188} INFO - [2024-02-24T18:25:45.205+0000] {dag.py:3823} INFO - Setting next_dagrun for update_chicago_crime_data to 2024-02-18 00:00:00+00:00, run_after=2024-02-25 00:00:00+00:00
[2024-02-24T18:25:45.235+0000] {processor.py:183} INFO - Processing /opt/airflow/dags/update_data.py took 0.129 seconds
