[2024-03-01T18:33:57.811+0000] {taskinstance.py:1956} INFO - Dependencies all met for dep_context=non-requeueable deps ti=<TaskInstance: update_chicago_crime_data.update_crime_data_task manual__2024-03-01T18:33:45.436203+00:00 [queued]>
[2024-03-01T18:33:57.878+0000] {taskinstance.py:1956} INFO - Dependencies all met for dep_context=requeueable deps ti=<TaskInstance: update_chicago_crime_data.update_crime_data_task manual__2024-03-01T18:33:45.436203+00:00 [queued]>
[2024-03-01T18:33:57.880+0000] {taskinstance.py:2170} INFO - Starting attempt 1 of 2
[2024-03-01T18:33:58.022+0000] {taskinstance.py:2191} INFO - Executing <Task(PythonOperator): update_crime_data_task> on 2024-03-01 18:33:45.436203+00:00
[2024-03-01T18:33:58.043+0000] {standard_task_runner.py:60} INFO - Started process 296 to run task
[2024-03-01T18:33:58.063+0000] {standard_task_runner.py:87} INFO - Running: ['***', 'tasks', 'run', 'update_chicago_crime_data', 'update_crime_data_task', 'manual__2024-03-01T18:33:45.436203+00:00', '--job-id', '47', '--raw', '--subdir', 'DAGS_FOLDER/update_data.py', '--cfg-path', '/tmp/tmpdl12_yr1']
[2024-03-01T18:33:58.076+0000] {standard_task_runner.py:88} INFO - Job 47: Subtask update_crime_data_task
[2024-03-01T18:33:58.435+0000] {task_command.py:423} INFO - Running <TaskInstance: update_chicago_crime_data.update_crime_data_task manual__2024-03-01T18:33:45.436203+00:00 [running]> on host ba02a707f1e8
[2024-03-01T18:33:59.103+0000] {taskinstance.py:2480} INFO - Exporting env vars: AIRFLOW_CTX_DAG_OWNER='Patricia' AIRFLOW_CTX_DAG_ID='update_chicago_crime_data' AIRFLOW_CTX_TASK_ID='update_crime_data_task' AIRFLOW_CTX_EXECUTION_DATE='2024-03-01T18:33:45.436203+00:00' AIRFLOW_CTX_TRY_NUMBER='1' AIRFLOW_CTX_DAG_RUN_ID='manual__2024-03-01T18:33:45.436203+00:00'
[2024-03-01T18:33:59.112+0000] {logging_mixin.py:188} INFO - chemin position /opt/***
[2024-03-01T18:33:59.118+0000] {taskinstance.py:2698} ERROR - Task failed with exception
Traceback (most recent call last):
  File "/home/airflow/.local/lib/python3.8/site-packages/airflow/models/taskinstance.py", line 433, in _execute_task
    result = execute_callable(context=context, **execute_callable_kwargs)
  File "/home/airflow/.local/lib/python3.8/site-packages/airflow/operators/python.py", line 199, in execute
    return_value = self.execute_callable()
  File "/home/airflow/.local/lib/python3.8/site-packages/airflow/operators/python.py", line 216, in execute_callable
    return self.python_callable(*self.op_args, **self.op_kwargs)
  File "/opt/airflow/dags/update_data.py", line 38, in task_update_crime_data
    from src.chicago_crime_predictor import ChicagoCrimePredictor
ModuleNotFoundError: No module named 'src'
[2024-03-01T18:33:59.176+0000] {taskinstance.py:1138} INFO - Marking task as UP_FOR_RETRY. dag_id=update_chicago_crime_data, task_id=update_crime_data_task, execution_date=20240301T183345, start_date=20240301T183357, end_date=20240301T183359
[2024-03-01T18:33:59.268+0000] {standard_task_runner.py:107} ERROR - Failed to execute job 47 for task update_crime_data_task (No module named 'src'; 296)
[2024-03-01T18:33:59.352+0000] {local_task_job_runner.py:234} INFO - Task exited with return code 1
[2024-03-01T18:33:59.505+0000] {taskinstance.py:3280} INFO - 0 downstream tasks scheduled from follow-on schedule check
