[2024-03-05T14:57:44.282+0000] {taskinstance.py:1956} INFO - Dependencies all met for dep_context=non-requeueable deps ti=<TaskInstance: update_chicago_crime_data.update_crime_data_task manual__2024-03-05T14:52:36.447435+00:00 [queued]>
[2024-03-05T14:57:44.298+0000] {taskinstance.py:1956} INFO - Dependencies all met for dep_context=requeueable deps ti=<TaskInstance: update_chicago_crime_data.update_crime_data_task manual__2024-03-05T14:52:36.447435+00:00 [queued]>
[2024-03-05T14:57:44.299+0000] {taskinstance.py:2170} INFO - Starting attempt 2 of 2
[2024-03-05T14:57:44.328+0000] {taskinstance.py:2191} INFO - Executing <Task(PythonOperator): update_crime_data_task> on 2024-03-05 14:52:36.447435+00:00
[2024-03-05T14:57:44.336+0000] {standard_task_runner.py:60} INFO - Started process 17604 to run task
[2024-03-05T14:57:44.341+0000] {standard_task_runner.py:87} INFO - Running: ['***', 'tasks', 'run', 'update_chicago_crime_data', 'update_crime_data_task', 'manual__2024-03-05T14:52:36.447435+00:00', '--job-id', '69', '--raw', '--subdir', 'DAGS_FOLDER/update_data.py', '--cfg-path', '/tmp/tmpsvz3_di0']
[2024-03-05T14:57:44.347+0000] {standard_task_runner.py:88} INFO - Job 69: Subtask update_crime_data_task
[2024-03-05T14:57:44.436+0000] {task_command.py:423} INFO - Running <TaskInstance: update_chicago_crime_data.update_crime_data_task manual__2024-03-05T14:52:36.447435+00:00 [running]> on host 40b8387e4777
[2024-03-05T14:57:44.563+0000] {taskinstance.py:2480} INFO - Exporting env vars: AIRFLOW_CTX_DAG_OWNER='Patricia' AIRFLOW_CTX_DAG_ID='update_chicago_crime_data' AIRFLOW_CTX_TASK_ID='update_crime_data_task' AIRFLOW_CTX_EXECUTION_DATE='2024-03-05T14:52:36.447435+00:00' AIRFLOW_CTX_TRY_NUMBER='2' AIRFLOW_CTX_DAG_RUN_ID='manual__2024-03-05T14:52:36.447435+00:00'
[2024-03-05T14:57:44.566+0000] {logging_mixin.py:188} INFO - chemin position /opt/***
[2024-03-05T14:57:44.567+0000] {taskinstance.py:2698} ERROR - Task failed with exception
Traceback (most recent call last):
  File "/home/airflow/.local/lib/python3.9/site-packages/airflow/models/taskinstance.py", line 433, in _execute_task
    result = execute_callable(context=context, **execute_callable_kwargs)
  File "/home/airflow/.local/lib/python3.9/site-packages/airflow/operators/python.py", line 199, in execute
    return_value = self.execute_callable()
  File "/home/airflow/.local/lib/python3.9/site-packages/airflow/operators/python.py", line 216, in execute_callable
    return self.python_callable(*self.op_args, **self.op_kwargs)
  File "/opt/airflow/dags/update_data.py", line 40, in task_update_crime_data
    ccp = ChicagoCrimePredictor(months_pred=3, data_dir='/opt/airflow/data')
NameError: name 'ChicagoCrimePredictor' is not defined
[2024-03-05T14:57:44.580+0000] {taskinstance.py:1138} INFO - Marking task as FAILED. dag_id=update_chicago_crime_data, task_id=update_crime_data_task, execution_date=20240305T145236, start_date=20240305T145744, end_date=20240305T145744
[2024-03-05T14:57:44.611+0000] {standard_task_runner.py:107} ERROR - Failed to execute job 69 for task update_crime_data_task (name 'ChicagoCrimePredictor' is not defined; 17604)
[2024-03-05T14:57:44.637+0000] {local_task_job_runner.py:234} INFO - Task exited with return code 1
[2024-03-05T14:57:44.676+0000] {taskinstance.py:3280} INFO - 0 downstream tasks scheduled from follow-on schedule check
