[2024-02-25T09:44:37.475+0000] {taskinstance.py:1956} INFO - Dependencies all met for dep_context=non-requeueable deps ti=<TaskInstance: update_chicago_crime_data.update_crime_data_task scheduled__2024-02-18T00:00:00+00:00 [queued]>
[2024-02-25T09:44:37.489+0000] {taskinstance.py:1956} INFO - Dependencies all met for dep_context=requeueable deps ti=<TaskInstance: update_chicago_crime_data.update_crime_data_task scheduled__2024-02-18T00:00:00+00:00 [queued]>
[2024-02-25T09:44:37.491+0000] {taskinstance.py:2170} INFO - Starting attempt 2 of 2
[2024-02-25T09:44:37.538+0000] {taskinstance.py:2191} INFO - Executing <Task(PythonOperator): update_crime_data_task> on 2024-02-18 00:00:00+00:00
[2024-02-25T09:44:37.570+0000] {standard_task_runner.py:60} INFO - Started process 155 to run task
[2024-02-25T09:44:37.581+0000] {standard_task_runner.py:87} INFO - Running: ['***', 'tasks', 'run', 'update_chicago_crime_data', 'update_crime_data_task', 'scheduled__2024-02-18T00:00:00+00:00', '--job-id', '126', '--raw', '--subdir', 'DAGS_FOLDER/update_data.py', '--cfg-path', '/tmp/tmpsqrporii']
[2024-02-25T09:44:37.588+0000] {standard_task_runner.py:88} INFO - Job 126: Subtask update_crime_data_task
[2024-02-25T09:44:37.696+0000] {task_command.py:423} INFO - Running <TaskInstance: update_chicago_crime_data.update_crime_data_task scheduled__2024-02-18T00:00:00+00:00 [running]> on host 95633d285af0
[2024-02-25T09:44:37.836+0000] {taskinstance.py:2480} INFO - Exporting env vars: AIRFLOW_CTX_DAG_OWNER='Patricia' AIRFLOW_CTX_DAG_ID='update_chicago_crime_data' AIRFLOW_CTX_TASK_ID='update_crime_data_task' AIRFLOW_CTX_EXECUTION_DATE='2024-02-18T00:00:00+00:00' AIRFLOW_CTX_TRY_NUMBER='2' AIRFLOW_CTX_DAG_RUN_ID='scheduled__2024-02-18T00:00:00+00:00'
[2024-02-25T09:44:38.269+0000] {__init__.py:531} WARNING - Matplotlib created a temporary cache directory at /tmp/matplotlib-tn7jjcwk because the default path (/home/airflow/.cache/matplotlib) is not a writable directory; it is highly recommended to set the MPLCONFIGDIR environment variable to a writable directory, in particular to speed up the import of Matplotlib and to better support multiprocessing.
[2024-02-25T09:44:39.080+0000] {font_manager.py:1547} INFO - generated new fontManager
[2024-02-25T09:44:41.160+0000] {taskinstance.py:2698} ERROR - Task failed with exception
Traceback (most recent call last):
  File "/home/airflow/.local/lib/python3.8/site-packages/airflow/models/taskinstance.py", line 433, in _execute_task
    result = execute_callable(context=context, **execute_callable_kwargs)
  File "/home/airflow/.local/lib/python3.8/site-packages/airflow/operators/python.py", line 199, in execute
    return_value = self.execute_callable()
  File "/home/airflow/.local/lib/python3.8/site-packages/airflow/operators/python.py", line 216, in execute_callable
    return self.python_callable(*self.op_args, **self.op_kwargs)
  File "/opt/airflow/dags/update_data.py", line 38, in task_update_crime_data
    ccp.update_crime_data()
  File "/opt/airflow/dags/../src/chicago_crime_predictor.py", line 74, in update_crime_data
    df_crimes = pd.read_csv(self.path_process.joinpath("Crimes_Chicago.csv"))
  File "/home/airflow/.local/lib/python3.8/site-packages/pandas/util/_decorators.py", line 311, in wrapper
    return func(*args, **kwargs)
  File "/home/airflow/.local/lib/python3.8/site-packages/pandas/io/parsers/readers.py", line 586, in read_csv
    return _read(filepath_or_buffer, kwds)
  File "/home/airflow/.local/lib/python3.8/site-packages/pandas/io/parsers/readers.py", line 482, in _read
    parser = TextFileReader(filepath_or_buffer, **kwds)
  File "/home/airflow/.local/lib/python3.8/site-packages/pandas/io/parsers/readers.py", line 811, in __init__
    self._engine = self._make_engine(self.engine)
  File "/home/airflow/.local/lib/python3.8/site-packages/pandas/io/parsers/readers.py", line 1040, in _make_engine
    return mapping[engine](self.f, **self.options)  # type: ignore[call-arg]
  File "/home/airflow/.local/lib/python3.8/site-packages/pandas/io/parsers/c_parser_wrapper.py", line 51, in __init__
    self._open_handles(src, kwds)
  File "/home/airflow/.local/lib/python3.8/site-packages/pandas/io/parsers/base_parser.py", line 222, in _open_handles
    self.handles = get_handle(
  File "/home/airflow/.local/lib/python3.8/site-packages/pandas/io/common.py", line 702, in get_handle
    handle = open(
FileNotFoundError: [Errno 2] No such file or directory: '/opt/airflow/src/processed/Crimes_Chicago.csv'
[2024-02-25T09:44:41.177+0000] {taskinstance.py:1138} INFO - Marking task as FAILED. dag_id=update_chicago_crime_data, task_id=update_crime_data_task, execution_date=20240218T000000, start_date=20240225T094437, end_date=20240225T094441
[2024-02-25T09:44:41.205+0000] {standard_task_runner.py:107} ERROR - Failed to execute job 126 for task update_crime_data_task ([Errno 2] No such file or directory: '/opt/airflow/src/processed/Crimes_Chicago.csv'; 155)
[2024-02-25T09:44:41.232+0000] {local_task_job_runner.py:234} INFO - Task exited with return code 1
[2024-02-25T09:44:41.259+0000] {taskinstance.py:3280} INFO - 0 downstream tasks scheduled from follow-on schedule check
[2024-02-25T10:42:22.249+0000] {taskinstance.py:1956} INFO - Dependencies all met for dep_context=non-requeueable deps ti=<TaskInstance: update_chicago_crime_data.update_crime_data_task scheduled__2024-02-18T00:00:00+00:00 [queued]>
[2024-02-25T10:42:22.264+0000] {taskinstance.py:1956} INFO - Dependencies all met for dep_context=requeueable deps ti=<TaskInstance: update_chicago_crime_data.update_crime_data_task scheduled__2024-02-18T00:00:00+00:00 [queued]>
[2024-02-25T10:42:22.265+0000] {taskinstance.py:2170} INFO - Starting attempt 2 of 2
[2024-02-25T10:42:22.291+0000] {taskinstance.py:2191} INFO - Executing <Task(PythonOperator): update_crime_data_task> on 2024-02-18 00:00:00+00:00
[2024-02-25T10:42:22.295+0000] {standard_task_runner.py:60} INFO - Started process 448 to run task
[2024-02-25T10:42:22.300+0000] {standard_task_runner.py:87} INFO - Running: ['***', 'tasks', 'run', 'update_chicago_crime_data', 'update_crime_data_task', 'scheduled__2024-02-18T00:00:00+00:00', '--job-id', '6', '--raw', '--subdir', 'DAGS_FOLDER/update_data.py', '--cfg-path', '/tmp/tmp8i99my59']
[2024-02-25T10:42:22.304+0000] {standard_task_runner.py:88} INFO - Job 6: Subtask update_crime_data_task
[2024-02-25T10:42:22.390+0000] {task_command.py:423} INFO - Running <TaskInstance: update_chicago_crime_data.update_crime_data_task scheduled__2024-02-18T00:00:00+00:00 [running]> on host 55a2f6e174a5
[2024-02-25T10:42:22.541+0000] {taskinstance.py:2480} INFO - Exporting env vars: AIRFLOW_CTX_DAG_OWNER='Patricia' AIRFLOW_CTX_DAG_ID='update_chicago_crime_data' AIRFLOW_CTX_TASK_ID='update_crime_data_task' AIRFLOW_CTX_EXECUTION_DATE='2024-02-18T00:00:00+00:00' AIRFLOW_CTX_TRY_NUMBER='2' AIRFLOW_CTX_DAG_RUN_ID='scheduled__2024-02-18T00:00:00+00:00'
[2024-02-25T10:42:23.015+0000] {__init__.py:531} WARNING - Matplotlib created a temporary cache directory at /tmp/matplotlib-5j_74w6v because the default path (/home/airflow/.cache/matplotlib) is not a writable directory; it is highly recommended to set the MPLCONFIGDIR environment variable to a writable directory, in particular to speed up the import of Matplotlib and to better support multiprocessing.
[2024-02-25T10:42:23.677+0000] {font_manager.py:1547} INFO - generated new fontManager
[2024-02-25T10:42:25.316+0000] {taskinstance.py:2698} ERROR - Task failed with exception
Traceback (most recent call last):
  File "/home/airflow/.local/lib/python3.8/site-packages/airflow/models/taskinstance.py", line 433, in _execute_task
    result = execute_callable(context=context, **execute_callable_kwargs)
  File "/home/airflow/.local/lib/python3.8/site-packages/airflow/operators/python.py", line 199, in execute
    return_value = self.execute_callable()
  File "/home/airflow/.local/lib/python3.8/site-packages/airflow/operators/python.py", line 216, in execute_callable
    return self.python_callable(*self.op_args, **self.op_kwargs)
  File "/opt/airflow/dags/update_data.py", line 38, in task_update_crime_data
    ccp.update_crime_data()
  File "/opt/airflow/src/chicago_crime_predictor.py", line 74, in update_crime_data
    df_crimes = pd.read_csv(self.path_process.joinpath("Crimes_Chicago.csv"))
  File "/home/airflow/.local/lib/python3.8/site-packages/pandas/util/_decorators.py", line 311, in wrapper
    return func(*args, **kwargs)
  File "/home/airflow/.local/lib/python3.8/site-packages/pandas/io/parsers/readers.py", line 586, in read_csv
    return _read(filepath_or_buffer, kwds)
  File "/home/airflow/.local/lib/python3.8/site-packages/pandas/io/parsers/readers.py", line 482, in _read
    parser = TextFileReader(filepath_or_buffer, **kwds)
  File "/home/airflow/.local/lib/python3.8/site-packages/pandas/io/parsers/readers.py", line 811, in __init__
    self._engine = self._make_engine(self.engine)
  File "/home/airflow/.local/lib/python3.8/site-packages/pandas/io/parsers/readers.py", line 1040, in _make_engine
    return mapping[engine](self.f, **self.options)  # type: ignore[call-arg]
  File "/home/airflow/.local/lib/python3.8/site-packages/pandas/io/parsers/c_parser_wrapper.py", line 51, in __init__
    self._open_handles(src, kwds)
  File "/home/airflow/.local/lib/python3.8/site-packages/pandas/io/parsers/base_parser.py", line 222, in _open_handles
    self.handles = get_handle(
  File "/home/airflow/.local/lib/python3.8/site-packages/pandas/io/common.py", line 702, in get_handle
    handle = open(
FileNotFoundError: [Errno 2] No such file or directory: '/opt/airflow/src/processed/Crimes_Chicago.csv'
[2024-02-25T10:42:25.332+0000] {taskinstance.py:1138} INFO - Marking task as FAILED. dag_id=update_chicago_crime_data, task_id=update_crime_data_task, execution_date=20240218T000000, start_date=20240225T104222, end_date=20240225T104225
[2024-02-25T10:42:25.359+0000] {standard_task_runner.py:107} ERROR - Failed to execute job 6 for task update_crime_data_task ([Errno 2] No such file or directory: '/opt/airflow/src/processed/Crimes_Chicago.csv'; 448)
[2024-02-25T10:42:25.399+0000] {local_task_job_runner.py:234} INFO - Task exited with return code 1
[2024-02-25T10:42:25.435+0000] {taskinstance.py:3280} INFO - 0 downstream tasks scheduled from follow-on schedule check
