[2024-02-21T16:59:09.886+0000] {taskinstance.py:1956} INFO - Dependencies all met for dep_context=non-requeueable deps ti=<TaskInstance: update_chicago_crime_data.update_crime_data manual__2024-02-21T16:54:04.194502+00:00 [queued]>
[2024-02-21T16:59:09.898+0000] {taskinstance.py:1956} INFO - Dependencies all met for dep_context=requeueable deps ti=<TaskInstance: update_chicago_crime_data.update_crime_data manual__2024-02-21T16:54:04.194502+00:00 [queued]>
[2024-02-21T16:59:09.898+0000] {taskinstance.py:2170} INFO - Starting attempt 2 of 2
[2024-02-21T16:59:09.919+0000] {taskinstance.py:2191} INFO - Executing <Task(PythonOperator): update_crime_data> on 2024-02-21 16:54:04.194502+00:00
[2024-02-21T16:59:09.923+0000] {standard_task_runner.py:60} INFO - Started process 172 to run task
[2024-02-21T16:59:09.927+0000] {standard_task_runner.py:87} INFO - Running: ['***', 'tasks', 'run', 'update_chicago_crime_data', 'update_crime_data', 'manual__2024-02-21T16:54:04.194502+00:00', '--job-id', '32', '--raw', '--subdir', 'DAGS_FOLDER/update_data.py', '--cfg-path', '/tmp/tmp84hn0_4t']
[2024-02-21T16:59:09.930+0000] {standard_task_runner.py:88} INFO - Job 32: Subtask update_crime_data
[2024-02-21T16:59:09.992+0000] {task_command.py:423} INFO - Running <TaskInstance: update_chicago_crime_data.update_crime_data manual__2024-02-21T16:54:04.194502+00:00 [running]> on host 2b5f397da1cc
[2024-02-21T16:59:10.099+0000] {taskinstance.py:2480} INFO - Exporting env vars: AIRFLOW_CTX_DAG_OWNER='Patricia' AIRFLOW_CTX_DAG_ID='update_chicago_crime_data' AIRFLOW_CTX_TASK_ID='update_crime_data' AIRFLOW_CTX_EXECUTION_DATE='2024-02-21T16:54:04.194502+00:00' AIRFLOW_CTX_TRY_NUMBER='2' AIRFLOW_CTX_DAG_RUN_ID='manual__2024-02-21T16:54:04.194502+00:00'
[2024-02-21T16:59:10.102+0000] {taskinstance.py:2698} ERROR - Task failed with exception
Traceback (most recent call last):
  File "/home/airflow/.local/lib/python3.8/site-packages/airflow/models/taskinstance.py", line 433, in _execute_task
    result = execute_callable(context=context, **execute_callable_kwargs)
  File "/home/airflow/.local/lib/python3.8/site-packages/airflow/operators/python.py", line 199, in execute
    return_value = self.execute_callable()
  File "/home/airflow/.local/lib/python3.8/site-packages/airflow/operators/python.py", line 216, in execute_callable
    return self.python_callable(*self.op_args, **self.op_kwargs)
  File "/opt/airflow/dags/update_data.py", line 36, in update_crime_data
    from ChicagoCrimePredictor import update_crime_data
ModuleNotFoundError: No module named 'ChicagoCrimePredictor'
[2024-02-21T16:59:10.112+0000] {taskinstance.py:1138} INFO - Marking task as FAILED. dag_id=update_chicago_crime_data, task_id=update_crime_data, execution_date=20240221T165404, start_date=20240221T165909, end_date=20240221T165910
[2024-02-21T16:59:10.128+0000] {standard_task_runner.py:107} ERROR - Failed to execute job 32 for task update_crime_data (No module named 'ChicagoCrimePredictor'; 172)
[2024-02-21T16:59:10.143+0000] {local_task_job_runner.py:234} INFO - Task exited with return code 1
[2024-02-21T16:59:10.171+0000] {taskinstance.py:3280} INFO - 0 downstream tasks scheduled from follow-on schedule check
