[2024-02-27T17:40:12.298+0000] {taskinstance.py:1956} INFO - Dependencies all met for dep_context=non-requeueable deps ti=<TaskInstance: update_chicago_crime_data.update_crime_data_task manual__2024-02-27T16:53:43.362717+00:00 [queued]>
[2024-02-27T17:40:12.325+0000] {taskinstance.py:1956} INFO - Dependencies all met for dep_context=requeueable deps ti=<TaskInstance: update_chicago_crime_data.update_crime_data_task manual__2024-02-27T16:53:43.362717+00:00 [queued]>
[2024-02-27T17:40:12.326+0000] {taskinstance.py:2170} INFO - Starting attempt 2 of 2
[2024-02-27T17:40:12.389+0000] {taskinstance.py:2191} INFO - Executing <Task(PythonOperator): update_crime_data_task> on 2024-02-27 16:53:43.362717+00:00
[2024-02-27T17:40:12.397+0000] {standard_task_runner.py:60} INFO - Started process 440 to run task
[2024-02-27T17:40:12.411+0000] {standard_task_runner.py:87} INFO - Running: ['***', 'tasks', 'run', 'update_chicago_crime_data', 'update_crime_data_task', 'manual__2024-02-27T16:53:43.362717+00:00', '--job-id', '14', '--raw', '--subdir', 'DAGS_FOLDER/update_data.py', '--cfg-path', '/tmp/tmpfavr9ovb']
[2024-02-27T17:40:12.416+0000] {standard_task_runner.py:88} INFO - Job 14: Subtask update_crime_data_task
[2024-02-27T17:40:12.460+0000] {logging_mixin.py:188} WARNING - /home/***/.local/lib/python3.9/site-packages/***/settings.py:194 DeprecationWarning: The sql_alchemy_conn option in [core] has been moved to the sql_alchemy_conn option in [database] - the old setting has been used, but please update your config.
[2024-02-27T17:40:12.546+0000] {task_command.py:423} INFO - Running <TaskInstance: update_chicago_crime_data.update_crime_data_task manual__2024-02-27T16:53:43.362717+00:00 [running]> on host dc4ac1cc2c54
[2024-02-27T17:40:12.741+0000] {taskinstance.py:2480} INFO - Exporting env vars: AIRFLOW_CTX_DAG_OWNER='Patricia' AIRFLOW_CTX_DAG_ID='update_chicago_crime_data' AIRFLOW_CTX_TASK_ID='update_crime_data_task' AIRFLOW_CTX_EXECUTION_DATE='2024-02-27T16:53:43.362717+00:00' AIRFLOW_CTX_TRY_NUMBER='2' AIRFLOW_CTX_DAG_RUN_ID='manual__2024-02-27T16:53:43.362717+00:00'
[2024-02-27T17:40:12.744+0000] {taskinstance.py:2698} ERROR - Task failed with exception
Traceback (most recent call last):
  File "/home/airflow/.local/lib/python3.9/site-packages/airflow/models/taskinstance.py", line 433, in _execute_task
    result = execute_callable(context=context, **execute_callable_kwargs)
  File "/home/airflow/.local/lib/python3.9/site-packages/airflow/operators/python.py", line 199, in execute
    return_value = self.execute_callable()
  File "/home/airflow/.local/lib/python3.9/site-packages/airflow/operators/python.py", line 216, in execute_callable
    return self.python_callable(*self.op_args, **self.op_kwargs)
  File "/opt/airflow/dags/update_data.py", line 37, in task_update_crime_data
    from chicago_crime_predictor import ChicagoCrimePredictor
ModuleNotFoundError: No module named 'chicago_crime_predictor'
[2024-02-27T17:40:12.760+0000] {taskinstance.py:1138} INFO - Marking task as FAILED. dag_id=update_chicago_crime_data, task_id=update_crime_data_task, execution_date=20240227T165343, start_date=20240227T174012, end_date=20240227T174012
[2024-02-27T17:40:12.784+0000] {standard_task_runner.py:107} ERROR - Failed to execute job 14 for task update_crime_data_task (No module named 'chicago_crime_predictor'; 440)
[2024-02-27T17:40:12.827+0000] {local_task_job_runner.py:234} INFO - Task exited with return code 1
[2024-02-27T17:40:12.880+0000] {taskinstance.py:3280} INFO - 0 downstream tasks scheduled from follow-on schedule check
