[2024-03-01T18:38:11.253+0000] {taskinstance.py:1956} INFO - Dependencies all met for dep_context=non-requeueable deps ti=<TaskInstance: update_chicago_crime_data.update_crime_data_task manual__2024-03-01T18:32:47.523551+00:00 [queued]>
[2024-03-01T18:38:11.345+0000] {taskinstance.py:1956} INFO - Dependencies all met for dep_context=requeueable deps ti=<TaskInstance: update_chicago_crime_data.update_crime_data_task manual__2024-03-01T18:32:47.523551+00:00 [queued]>
[2024-03-01T18:38:11.347+0000] {taskinstance.py:2170} INFO - Starting attempt 2 of 2
[2024-03-01T18:38:11.481+0000] {taskinstance.py:2191} INFO - Executing <Task(PythonOperator): update_crime_data_task> on 2024-03-01 18:32:47.523551+00:00
[2024-03-01T18:38:11.507+0000] {standard_task_runner.py:60} INFO - Started process 364 to run task
[2024-03-01T18:38:11.536+0000] {standard_task_runner.py:87} INFO - Running: ['***', 'tasks', 'run', 'update_chicago_crime_data', 'update_crime_data_task', 'manual__2024-03-01T18:32:47.523551+00:00', '--job-id', '52', '--raw', '--subdir', 'DAGS_FOLDER/update_data.py', '--cfg-path', '/tmp/tmpvtr77swg']
[2024-03-01T18:38:11.553+0000] {standard_task_runner.py:88} INFO - Job 52: Subtask update_crime_data_task
[2024-03-01T18:38:12.144+0000] {task_command.py:423} INFO - Running <TaskInstance: update_chicago_crime_data.update_crime_data_task manual__2024-03-01T18:32:47.523551+00:00 [running]> on host ba02a707f1e8
[2024-03-01T18:38:13.118+0000] {taskinstance.py:2480} INFO - Exporting env vars: AIRFLOW_CTX_DAG_OWNER='Patricia' AIRFLOW_CTX_DAG_ID='update_chicago_crime_data' AIRFLOW_CTX_TASK_ID='update_crime_data_task' AIRFLOW_CTX_EXECUTION_DATE='2024-03-01T18:32:47.523551+00:00' AIRFLOW_CTX_TRY_NUMBER='2' AIRFLOW_CTX_DAG_RUN_ID='manual__2024-03-01T18:32:47.523551+00:00'
[2024-03-01T18:38:13.142+0000] {logging_mixin.py:188} INFO - chemin position /opt/***
[2024-03-01T18:38:13.147+0000] {taskinstance.py:2698} ERROR - Task failed with exception
Traceback (most recent call last):
  File "/home/airflow/.local/lib/python3.8/site-packages/airflow/models/taskinstance.py", line 433, in _execute_task
    result = execute_callable(context=context, **execute_callable_kwargs)
  File "/home/airflow/.local/lib/python3.8/site-packages/airflow/operators/python.py", line 199, in execute
    return_value = self.execute_callable()
  File "/home/airflow/.local/lib/python3.8/site-packages/airflow/operators/python.py", line 216, in execute_callable
    return self.python_callable(*self.op_args, **self.op_kwargs)
  File "/opt/airflow/dags/update_data.py", line 38, in task_update_crime_data
    from src.chicago_crime_predictor import ChicagoCrimePredictor
ModuleNotFoundError: No module named 'src'
[2024-03-01T18:38:13.251+0000] {taskinstance.py:1138} INFO - Marking task as FAILED. dag_id=update_chicago_crime_data, task_id=update_crime_data_task, execution_date=20240301T183247, start_date=20240301T183811, end_date=20240301T183813
[2024-03-01T18:38:13.398+0000] {standard_task_runner.py:107} ERROR - Failed to execute job 52 for task update_crime_data_task (No module named 'src'; 364)
[2024-03-01T18:38:13.452+0000] {local_task_job_runner.py:234} INFO - Task exited with return code 1
[2024-03-01T18:38:13.831+0000] {taskinstance.py:3280} INFO - 0 downstream tasks scheduled from follow-on schedule check
