[2024-02-21T17:16:30.000+0000] {taskinstance.py:1956} INFO - Dependencies all met for dep_context=non-requeueable deps ti=<TaskInstance: update_chicago_crime_data.update_crime_data manual__2024-02-21T17:11:23.767585+00:00 [queued]>
[2024-02-21T17:16:30.012+0000] {taskinstance.py:1956} INFO - Dependencies all met for dep_context=requeueable deps ti=<TaskInstance: update_chicago_crime_data.update_crime_data manual__2024-02-21T17:11:23.767585+00:00 [queued]>
[2024-02-21T17:16:30.013+0000] {taskinstance.py:2170} INFO - Starting attempt 2 of 2
[2024-02-21T17:16:30.034+0000] {taskinstance.py:2191} INFO - Executing <Task(PythonOperator): update_crime_data> on 2024-02-21 17:11:23.767585+00:00
[2024-02-21T17:16:30.038+0000] {standard_task_runner.py:60} INFO - Started process 184 to run task
[2024-02-21T17:16:30.041+0000] {standard_task_runner.py:87} INFO - Running: ['***', 'tasks', 'run', 'update_chicago_crime_data', 'update_crime_data', 'manual__2024-02-21T17:11:23.767585+00:00', '--job-id', '36', '--raw', '--subdir', 'DAGS_FOLDER/update_data.py', '--cfg-path', '/tmp/tmp3iauin3j']
[2024-02-21T17:16:30.044+0000] {standard_task_runner.py:88} INFO - Job 36: Subtask update_crime_data
[2024-02-21T17:16:30.100+0000] {task_command.py:423} INFO - Running <TaskInstance: update_chicago_crime_data.update_crime_data manual__2024-02-21T17:11:23.767585+00:00 [running]> on host 2b5f397da1cc
[2024-02-21T17:16:30.203+0000] {taskinstance.py:2480} INFO - Exporting env vars: AIRFLOW_CTX_DAG_OWNER='Patricia' AIRFLOW_CTX_DAG_ID='update_chicago_crime_data' AIRFLOW_CTX_TASK_ID='update_crime_data' AIRFLOW_CTX_EXECUTION_DATE='2024-02-21T17:11:23.767585+00:00' AIRFLOW_CTX_TRY_NUMBER='2' AIRFLOW_CTX_DAG_RUN_ID='manual__2024-02-21T17:11:23.767585+00:00'
[2024-02-21T17:16:30.205+0000] {taskinstance.py:2698} ERROR - Task failed with exception
Traceback (most recent call last):
  File "/home/airflow/.local/lib/python3.8/site-packages/airflow/models/taskinstance.py", line 433, in _execute_task
    result = execute_callable(context=context, **execute_callable_kwargs)
  File "/home/airflow/.local/lib/python3.8/site-packages/airflow/operators/python.py", line 199, in execute
    return_value = self.execute_callable()
  File "/home/airflow/.local/lib/python3.8/site-packages/airflow/operators/python.py", line 216, in execute_callable
    return self.python_callable(*self.op_args, **self.op_kwargs)
  File "/opt/airflow/dags/update_data.py", line 36, in update_crime_data
    from ChicagoCrimePredictor import update_crime_data
ModuleNotFoundError: No module named 'ChicagoCrimePredictor'
[2024-02-21T17:16:30.215+0000] {taskinstance.py:1138} INFO - Marking task as FAILED. dag_id=update_chicago_crime_data, task_id=update_crime_data, execution_date=20240221T171123, start_date=20240221T171630, end_date=20240221T171630
[2024-02-21T17:16:30.231+0000] {standard_task_runner.py:107} ERROR - Failed to execute job 36 for task update_crime_data (No module named 'ChicagoCrimePredictor'; 184)
[2024-02-21T17:16:30.257+0000] {local_task_job_runner.py:234} INFO - Task exited with return code 1
[2024-02-21T17:16:30.279+0000] {taskinstance.py:3280} INFO - 0 downstream tasks scheduled from follow-on schedule check
