[2024-02-22T10:25:04.003+0000] {taskinstance.py:1956} INFO - Dependencies all met for dep_context=non-requeueable deps ti=<TaskInstance: update_chicago_crime_data.update_crime_data_task manual__2024-02-22T10:19:56.892202+00:00 [queued]>
[2024-02-22T10:25:04.028+0000] {taskinstance.py:1956} INFO - Dependencies all met for dep_context=requeueable deps ti=<TaskInstance: update_chicago_crime_data.update_crime_data_task manual__2024-02-22T10:19:56.892202+00:00 [queued]>
[2024-02-22T10:25:04.029+0000] {taskinstance.py:2170} INFO - Starting attempt 2 of 2
[2024-02-22T10:25:04.058+0000] {taskinstance.py:2191} INFO - Executing <Task(PythonOperator): update_crime_data_task> on 2024-02-22 10:19:56.892202+00:00
[2024-02-22T10:25:04.064+0000] {standard_task_runner.py:60} INFO - Started process 428 to run task
[2024-02-22T10:25:04.069+0000] {standard_task_runner.py:87} INFO - Running: ['***', 'tasks', 'run', 'update_chicago_crime_data', 'update_crime_data_task', 'manual__2024-02-22T10:19:56.892202+00:00', '--job-id', '57', '--raw', '--subdir', 'DAGS_FOLDER/update_data.py', '--cfg-path', '/tmp/tmpgd1dd81c']
[2024-02-22T10:25:04.076+0000] {standard_task_runner.py:88} INFO - Job 57: Subtask update_crime_data_task
[2024-02-22T10:25:04.199+0000] {task_command.py:423} INFO - Running <TaskInstance: update_chicago_crime_data.update_crime_data_task manual__2024-02-22T10:19:56.892202+00:00 [running]> on host 92e3e0b69145
[2024-02-22T10:25:04.424+0000] {taskinstance.py:2480} INFO - Exporting env vars: AIRFLOW_CTX_DAG_OWNER='Patricia' AIRFLOW_CTX_DAG_ID='update_chicago_crime_data' AIRFLOW_CTX_TASK_ID='update_crime_data_task' AIRFLOW_CTX_EXECUTION_DATE='2024-02-22T10:19:56.892202+00:00' AIRFLOW_CTX_TRY_NUMBER='2' AIRFLOW_CTX_DAG_RUN_ID='manual__2024-02-22T10:19:56.892202+00:00'
[2024-02-22T10:25:04.431+0000] {taskinstance.py:2698} ERROR - Task failed with exception
Traceback (most recent call last):
  File "/home/airflow/.local/lib/python3.8/site-packages/airflow/models/taskinstance.py", line 433, in _execute_task
    result = execute_callable(context=context, **execute_callable_kwargs)
  File "/home/airflow/.local/lib/python3.8/site-packages/airflow/operators/python.py", line 199, in execute
    return_value = self.execute_callable()
  File "/home/airflow/.local/lib/python3.8/site-packages/airflow/operators/python.py", line 216, in execute_callable
    return self.python_callable(*self.op_args, **self.op_kwargs)
  File "/opt/airflow/dags/update_data.py", line 37, in task_update_crime_data
    from chicago_crime_predictor import update_crime_data
  File "/opt/airflow/dags/../src/chicago_crime_predictor.py", line 1, in <module>
    import joblib
ModuleNotFoundError: No module named 'joblib'
[2024-02-22T10:25:04.451+0000] {taskinstance.py:1138} INFO - Marking task as FAILED. dag_id=update_chicago_crime_data, task_id=update_crime_data_task, execution_date=20240222T101956, start_date=20240222T102504, end_date=20240222T102504
[2024-02-22T10:25:04.476+0000] {standard_task_runner.py:107} ERROR - Failed to execute job 57 for task update_crime_data_task (No module named 'joblib'; 428)
[2024-02-22T10:25:04.497+0000] {local_task_job_runner.py:234} INFO - Task exited with return code 1
[2024-02-22T10:25:04.537+0000] {taskinstance.py:3280} INFO - 0 downstream tasks scheduled from follow-on schedule check
