[2024-02-22T14:45:31.864+0000] {taskinstance.py:1956} INFO - Dependencies all met for dep_context=non-requeueable deps ti=<TaskInstance: update_chicago_crime_data.update_crime_data_task manual__2024-02-22T14:45:27.646778+00:00 [queued]>
[2024-02-22T14:45:31.882+0000] {taskinstance.py:1956} INFO - Dependencies all met for dep_context=requeueable deps ti=<TaskInstance: update_chicago_crime_data.update_crime_data_task manual__2024-02-22T14:45:27.646778+00:00 [queued]>
[2024-02-22T14:45:31.882+0000] {taskinstance.py:2170} INFO - Starting attempt 1 of 2
[2024-02-22T14:45:31.906+0000] {taskinstance.py:2191} INFO - Executing <Task(PythonOperator): update_crime_data_task> on 2024-02-22 14:45:27.646778+00:00
[2024-02-22T14:45:31.913+0000] {standard_task_runner.py:60} INFO - Started process 94 to run task
[2024-02-22T14:45:31.917+0000] {standard_task_runner.py:87} INFO - Running: ['***', 'tasks', 'run', 'update_chicago_crime_data', 'update_crime_data_task', 'manual__2024-02-22T14:45:27.646778+00:00', '--job-id', '89', '--raw', '--subdir', 'DAGS_FOLDER/update_data.py', '--cfg-path', '/tmp/tmp505goegl']
[2024-02-22T14:45:31.920+0000] {standard_task_runner.py:88} INFO - Job 89: Subtask update_crime_data_task
[2024-02-22T14:45:31.998+0000] {task_command.py:423} INFO - Running <TaskInstance: update_chicago_crime_data.update_crime_data_task manual__2024-02-22T14:45:27.646778+00:00 [running]> on host fa8c26145968
[2024-02-22T14:45:32.125+0000] {taskinstance.py:2480} INFO - Exporting env vars: AIRFLOW_CTX_DAG_OWNER='Patricia' AIRFLOW_CTX_DAG_ID='update_chicago_crime_data' AIRFLOW_CTX_TASK_ID='update_crime_data_task' AIRFLOW_CTX_EXECUTION_DATE='2024-02-22T14:45:27.646778+00:00' AIRFLOW_CTX_TRY_NUMBER='1' AIRFLOW_CTX_DAG_RUN_ID='manual__2024-02-22T14:45:27.646778+00:00'
[2024-02-22T14:45:32.521+0000] {__init__.py:531} WARNING - Matplotlib created a temporary cache directory at /tmp/matplotlib-evu17sz7 because the default path (/home/airflow/.cache/matplotlib) is not a writable directory; it is highly recommended to set the MPLCONFIGDIR environment variable to a writable directory, in particular to speed up the import of Matplotlib and to better support multiprocessing.
[2024-02-22T14:45:33.253+0000] {font_manager.py:1547} INFO - generated new fontManager
[2024-02-22T14:45:34.904+0000] {taskinstance.py:2698} ERROR - Task failed with exception
Traceback (most recent call last):
  File "/home/airflow/.local/lib/python3.8/site-packages/airflow/models/taskinstance.py", line 433, in _execute_task
    result = execute_callable(context=context, **execute_callable_kwargs)
  File "/home/airflow/.local/lib/python3.8/site-packages/airflow/operators/python.py", line 199, in execute
    return_value = self.execute_callable()
  File "/home/airflow/.local/lib/python3.8/site-packages/airflow/operators/python.py", line 216, in execute_callable
    return self.python_callable(*self.op_args, **self.op_kwargs)
  File "/opt/airflow/dags/update_data.py", line 38, in task_update_crime_data
    ccp.update_crime_data()
  File "/opt/airflow/src/chicago_crime_predictor.py", line 74, in update_crime_data
    df_crimes = pd.read_csv(self.path_process.joinpath("Crimes_Chicago.csv"))
  File "/home/airflow/.local/lib/python3.8/site-packages/pandas/util/_decorators.py", line 311, in wrapper
    return func(*args, **kwargs)
  File "/home/airflow/.local/lib/python3.8/site-packages/pandas/io/parsers/readers.py", line 586, in read_csv
    return _read(filepath_or_buffer, kwds)
  File "/home/airflow/.local/lib/python3.8/site-packages/pandas/io/parsers/readers.py", line 482, in _read
    parser = TextFileReader(filepath_or_buffer, **kwds)
  File "/home/airflow/.local/lib/python3.8/site-packages/pandas/io/parsers/readers.py", line 811, in __init__
    self._engine = self._make_engine(self.engine)
  File "/home/airflow/.local/lib/python3.8/site-packages/pandas/io/parsers/readers.py", line 1040, in _make_engine
    return mapping[engine](self.f, **self.options)  # type: ignore[call-arg]
  File "/home/airflow/.local/lib/python3.8/site-packages/pandas/io/parsers/c_parser_wrapper.py", line 51, in __init__
    self._open_handles(src, kwds)
  File "/home/airflow/.local/lib/python3.8/site-packages/pandas/io/parsers/base_parser.py", line 222, in _open_handles
    self.handles = get_handle(
  File "/home/airflow/.local/lib/python3.8/site-packages/pandas/io/common.py", line 702, in get_handle
    handle = open(
FileNotFoundError: [Errno 2] No such file or directory: '/opt/airflow/src/processed/Crimes_Chicago.csv'
[2024-02-22T14:45:34.921+0000] {taskinstance.py:1138} INFO - Marking task as UP_FOR_RETRY. dag_id=update_chicago_crime_data, task_id=update_crime_data_task, execution_date=20240222T144527, start_date=20240222T144531, end_date=20240222T144534
[2024-02-22T14:45:34.943+0000] {standard_task_runner.py:107} ERROR - Failed to execute job 89 for task update_crime_data_task ([Errno 2] No such file or directory: '/opt/airflow/src/processed/Crimes_Chicago.csv'; 94)
[2024-02-22T14:45:34.992+0000] {local_task_job_runner.py:234} INFO - Task exited with return code 1
[2024-02-22T14:45:35.022+0000] {taskinstance.py:3280} INFO - 0 downstream tasks scheduled from follow-on schedule check
