[2024-02-22T14:23:18.862+0000] {taskinstance.py:1956} INFO - Dependencies all met for dep_context=non-requeueable deps ti=<TaskInstance: update_chicago_crime_data.update_crime_data_task manual__2024-02-22T14:23:15.597665+00:00 [queued]>
[2024-02-22T14:23:18.876+0000] {taskinstance.py:1956} INFO - Dependencies all met for dep_context=requeueable deps ti=<TaskInstance: update_chicago_crime_data.update_crime_data_task manual__2024-02-22T14:23:15.597665+00:00 [queued]>
[2024-02-22T14:23:18.877+0000] {taskinstance.py:2170} INFO - Starting attempt 1 of 2
[2024-02-22T14:23:18.966+0000] {taskinstance.py:2191} INFO - Executing <Task(PythonOperator): update_crime_data_task> on 2024-02-22 14:23:15.597665+00:00
[2024-02-22T14:23:18.972+0000] {standard_task_runner.py:60} INFO - Started process 465 to run task
[2024-02-22T14:23:18.977+0000] {standard_task_runner.py:87} INFO - Running: ['***', 'tasks', 'run', 'update_chicago_crime_data', 'update_crime_data_task', 'manual__2024-02-22T14:23:15.597665+00:00', '--job-id', '76', '--raw', '--subdir', 'DAGS_FOLDER/update_data.py', '--cfg-path', '/tmp/tmp9u3a_b07']
[2024-02-22T14:23:18.982+0000] {standard_task_runner.py:88} INFO - Job 76: Subtask update_crime_data_task
[2024-02-22T14:23:19.074+0000] {task_command.py:423} INFO - Running <TaskInstance: update_chicago_crime_data.update_crime_data_task manual__2024-02-22T14:23:15.597665+00:00 [running]> on host d31de7708c42
[2024-02-22T14:23:19.213+0000] {taskinstance.py:2480} INFO - Exporting env vars: AIRFLOW_CTX_DAG_OWNER='Patricia' AIRFLOW_CTX_DAG_ID='update_chicago_crime_data' AIRFLOW_CTX_TASK_ID='update_crime_data_task' AIRFLOW_CTX_EXECUTION_DATE='2024-02-22T14:23:15.597665+00:00' AIRFLOW_CTX_TRY_NUMBER='1' AIRFLOW_CTX_DAG_RUN_ID='manual__2024-02-22T14:23:15.597665+00:00'
[2024-02-22T14:23:19.216+0000] {taskinstance.py:2698} ERROR - Task failed with exception
Traceback (most recent call last):
  File "/home/airflow/.local/lib/python3.8/site-packages/airflow/models/taskinstance.py", line 433, in _execute_task
    result = execute_callable(context=context, **execute_callable_kwargs)
  File "/home/airflow/.local/lib/python3.8/site-packages/airflow/operators/python.py", line 199, in execute
    return_value = self.execute_callable()
  File "/home/airflow/.local/lib/python3.8/site-packages/airflow/operators/python.py", line 216, in execute_callable
    return self.python_callable(*self.op_args, **self.op_kwargs)
  File "/opt/airflow/dags/update_data.py", line 37, in task_update_crime_data
    ccp = ChicagoCrimePredictor(months_pred=3, data_dir='/opt/airflow/src')
NameError: name 'ChicagoCrimePredictor' is not defined
[2024-02-22T14:23:19.229+0000] {taskinstance.py:1138} INFO - Marking task as UP_FOR_RETRY. dag_id=update_chicago_crime_data, task_id=update_crime_data_task, execution_date=20240222T142315, start_date=20240222T142318, end_date=20240222T142319
[2024-02-22T14:23:19.247+0000] {standard_task_runner.py:107} ERROR - Failed to execute job 76 for task update_crime_data_task (name 'ChicagoCrimePredictor' is not defined; 465)
[2024-02-22T14:23:19.272+0000] {local_task_job_runner.py:234} INFO - Task exited with return code 1
[2024-02-22T14:23:19.301+0000] {taskinstance.py:3280} INFO - 0 downstream tasks scheduled from follow-on schedule check
